[2025-04-17T10:00:18.763-0500] {local_task_job_runner.py:123} INFO - ::group::Pre task execution logs
[2025-04-17T10:00:18.766-0500] {taskinstance.py:2614} INFO - Dependencies all met for dep_context=non-requeueable deps ti=<TaskInstance: multi_city_weather_pipeline.fetch_weather_for_all_cities scheduled__2025-04-17T14:00:00+00:00 [queued]>
[2025-04-17T10:00:18.768-0500] {taskinstance.py:2614} INFO - Dependencies all met for dep_context=requeueable deps ti=<TaskInstance: multi_city_weather_pipeline.fetch_weather_for_all_cities scheduled__2025-04-17T14:00:00+00:00 [queued]>
[2025-04-17T10:00:18.768-0500] {taskinstance.py:2867} INFO - Starting attempt 1 of 2
[2025-04-17T10:00:18.772-0500] {taskinstance.py:2890} INFO - Executing <Task(PythonOperator): fetch_weather_for_all_cities> on 2025-04-17 14:00:00+00:00
[2025-04-17T10:00:18.774-0500] {standard_task_runner.py:72} INFO - Started process 54190 to run task
[2025-04-17T10:00:18.777-0500] {standard_task_runner.py:104} INFO - Running: ['airflow', 'tasks', 'run', 'multi_city_weather_pipeline', 'fetch_weather_for_all_cities', 'scheduled__2025-04-17T14:00:00+00:00', '--job-id', '145', '--raw', '--subdir', 'DAGS_FOLDER/weather_pipeline_dag.py', '--cfg-path', '/var/folders/4n/q_76d_d57mb9q1qtrf4mvh940000gn/T/tmpa1hs3_nd']
[2025-04-17T10:00:18.778-0500] {standard_task_runner.py:105} INFO - Job 145: Subtask fetch_weather_for_all_cities
[2025-04-17T10:00:18.796-0500] {task_command.py:467} INFO - Running <TaskInstance: multi_city_weather_pipeline.fetch_weather_for_all_cities scheduled__2025-04-17T14:00:00+00:00 [running]> on host ramyas-air.lan
[2025-04-17T10:00:18.815-0500] {taskinstance.py:3134} INFO - Exporting env vars: AIRFLOW_CTX_DAG_OWNER='airflow' AIRFLOW_CTX_DAG_ID='multi_city_weather_pipeline' AIRFLOW_CTX_TASK_ID='fetch_weather_for_all_cities' AIRFLOW_CTX_EXECUTION_DATE='2025-04-17T14:00:00+00:00' AIRFLOW_CTX_TRY_NUMBER='1' AIRFLOW_CTX_DAG_RUN_ID='scheduled__2025-04-17T14:00:00+00:00'
[2025-04-17T10:00:18.816-0500] {logging_mixin.py:190} INFO - Task instance is in running state
[2025-04-17T10:00:18.816-0500] {logging_mixin.py:190} INFO -  Previous state of the Task instance: queued
[2025-04-17T10:00:18.817-0500] {logging_mixin.py:190} INFO - Current task name:fetch_weather_for_all_cities state:running start_date:2025-04-17 15:00:18.766760+00:00
[2025-04-17T10:00:18.817-0500] {logging_mixin.py:190} INFO - Dag name:multi_city_weather_pipeline and current dag run status:running
[2025-04-17T10:00:18.817-0500] {taskinstance.py:732} INFO - ::endgroup::
[2025-04-17T10:00:19.073-0500] {logging_mixin.py:190} INFO - Dallas: 22.11°C, scattered clouds
[2025-04-17T10:00:19.634-0500] {logging_mixin.py:190} INFO - Saved Dallas to DB.
[2025-04-17T10:00:19.850-0500] {logging_mixin.py:190} INFO - New York: 10.28°C, clear sky
[2025-04-17T10:00:20.156-0500] {logging_mixin.py:190} INFO - Saved New York to DB.
[2025-04-17T10:00:20.373-0500] {logging_mixin.py:190} INFO - London: 16.69°C, broken clouds
[2025-04-17T10:00:20.550-0500] {logging_mixin.py:190} INFO - Saved London to DB.
[2025-04-17T10:00:20.758-0500] {logging_mixin.py:190} INFO - Tokyo: 18.85°C, clear sky
[2025-04-17T10:00:21.045-0500] {logging_mixin.py:190} INFO - Saved Tokyo to DB.
[2025-04-17T10:00:21.231-0500] {logging_mixin.py:190} INFO - Bengaluru: 29.96°C, scattered clouds
[2025-04-17T10:00:21.274-0500] {logging_mixin.py:190} INFO - Saved Bengaluru to DB.
[2025-04-17T10:00:21.485-0500] {logging_mixin.py:190} INFO - San Francisco: 10.82°C, overcast clouds
[2025-04-17T10:00:21.798-0500] {logging_mixin.py:190} INFO - Saved San Francisco to DB.
[2025-04-17T10:00:22.415-0500] {logging_mixin.py:190} INFO - Chicago: 13.76°C, broken clouds
[2025-04-17T10:00:22.506-0500] {logging_mixin.py:190} INFO - Saved Chicago to DB.
[2025-04-17T10:00:22.713-0500] {logging_mixin.py:190} INFO - Berlin: 25.03°C, clear sky
[2025-04-17T10:00:22.933-0500] {logging_mixin.py:190} INFO - Saved Berlin to DB.
[2025-04-17T10:00:23.147-0500] {logging_mixin.py:190} INFO - Sydney: 16.53°C, clear sky
[2025-04-17T10:00:23.402-0500] {logging_mixin.py:190} INFO - Saved Sydney to DB.
[2025-04-17T10:00:23.620-0500] {logging_mixin.py:190} INFO - Toronto: 6.7°C, clear sky
[2025-04-17T10:00:23.929-0500] {logging_mixin.py:190} INFO - Saved Toronto to DB.
[2025-04-17T10:00:24.115-0500] {logging_mixin.py:190} INFO - Mumbai: 28.37°C, clear sky
[2025-04-17T10:00:24.630-0500] {logging_mixin.py:190} INFO - Saved Mumbai to DB.
[2025-04-17T10:00:24.808-0500] {logging_mixin.py:190} INFO - Cape Town: 24.55°C, clear sky
[2025-04-17T10:00:25.105-0500] {logging_mixin.py:190} INFO - Saved Cape Town to DB.
[2025-04-17T10:00:25.172-0500] {logging_mixin.py:190} INFO - ✅ Excel report saved: /Users/Ramya_Rangaraju/Data_engineering_projects/weather_pipeline/scripts/../reports/weather_report_2025-04-17.xlsx
[2025-04-17T10:00:25.173-0500] {python.py:240} INFO - Done. Returned value was: None
[2025-04-17T10:00:25.175-0500] {taskinstance.py:341} INFO - ::group::Post task execution logs
[2025-04-17T10:00:25.176-0500] {taskinstance.py:353} INFO - Marking task as SUCCESS. dag_id=multi_city_weather_pipeline, task_id=fetch_weather_for_all_cities, run_id=scheduled__2025-04-17T14:00:00+00:00, execution_date=20250417T140000, start_date=20250417T150018, end_date=20250417T150025
[2025-04-17T10:00:25.180-0500] {logging_mixin.py:190} INFO - Task instance in success state
[2025-04-17T10:00:25.180-0500] {logging_mixin.py:190} INFO -  Previous state of the Task instance: running
[2025-04-17T10:00:25.180-0500] {logging_mixin.py:190} INFO - Dag name:multi_city_weather_pipeline queued_at:2025-04-17 15:00:15.532370+00:00
[2025-04-17T10:00:25.181-0500] {logging_mixin.py:190} INFO - Task hostname:ramyas-air.lan operator:PythonOperator
[2025-04-17T10:00:25.184-0500] {local_task_job_runner.py:266} INFO - Task exited with return code 0
[2025-04-17T10:00:25.188-0500] {taskinstance.py:3901} INFO - 0 downstream tasks scheduled from follow-on schedule check
[2025-04-17T10:00:25.188-0500] {local_task_job_runner.py:245} INFO - ::endgroup::
