[2025-04-16T19:03:06.400-0500] {local_task_job_runner.py:123} INFO - ::group::Pre task execution logs
[2025-04-16T19:03:06.404-0500] {taskinstance.py:2614} INFO - Dependencies all met for dep_context=non-requeueable deps ti=<TaskInstance: multi_city_weather_pipeline.fetch_weather_for_all_cities scheduled__2025-04-16T23:00:00+00:00 [queued]>
[2025-04-16T19:03:06.406-0500] {taskinstance.py:2614} INFO - Dependencies all met for dep_context=requeueable deps ti=<TaskInstance: multi_city_weather_pipeline.fetch_weather_for_all_cities scheduled__2025-04-16T23:00:00+00:00 [queued]>
[2025-04-16T19:03:06.406-0500] {taskinstance.py:2867} INFO - Starting attempt 1 of 2
[2025-04-16T19:03:06.411-0500] {taskinstance.py:2890} INFO - Executing <Task(PythonOperator): fetch_weather_for_all_cities> on 2025-04-16 23:00:00+00:00
[2025-04-16T19:03:06.414-0500] {standard_task_runner.py:72} INFO - Started process 31185 to run task
[2025-04-16T19:03:06.417-0500] {standard_task_runner.py:104} INFO - Running: ['airflow', 'tasks', 'run', 'multi_city_weather_pipeline', 'fetch_weather_for_all_cities', 'scheduled__2025-04-16T23:00:00+00:00', '--job-id', '128', '--raw', '--subdir', 'DAGS_FOLDER/weather_pipeline_dag.py', '--cfg-path', '/var/folders/4n/q_76d_d57mb9q1qtrf4mvh940000gn/T/tmpc2a2zz8_']
[2025-04-16T19:03:06.419-0500] {standard_task_runner.py:105} INFO - Job 128: Subtask fetch_weather_for_all_cities
[2025-04-16T19:03:06.436-0500] {task_command.py:467} INFO - Running <TaskInstance: multi_city_weather_pipeline.fetch_weather_for_all_cities scheduled__2025-04-16T23:00:00+00:00 [running]> on host ramyas-air.lan
[2025-04-16T19:03:06.455-0500] {taskinstance.py:3134} INFO - Exporting env vars: AIRFLOW_CTX_DAG_OWNER='airflow' AIRFLOW_CTX_DAG_ID='multi_city_weather_pipeline' AIRFLOW_CTX_TASK_ID='fetch_weather_for_all_cities' AIRFLOW_CTX_EXECUTION_DATE='2025-04-16T23:00:00+00:00' AIRFLOW_CTX_TRY_NUMBER='1' AIRFLOW_CTX_DAG_RUN_ID='scheduled__2025-04-16T23:00:00+00:00'
[2025-04-16T19:03:06.456-0500] {logging_mixin.py:190} INFO - Task instance is in running state
[2025-04-16T19:03:06.456-0500] {logging_mixin.py:190} INFO -  Previous state of the Task instance: queued
[2025-04-16T19:03:06.456-0500] {logging_mixin.py:190} INFO - Current task name:fetch_weather_for_all_cities state:running start_date:2025-04-17 00:03:06.404481+00:00
[2025-04-16T19:03:06.456-0500] {logging_mixin.py:190} INFO - Dag name:multi_city_weather_pipeline and current dag run status:running
[2025-04-16T19:03:06.457-0500] {taskinstance.py:732} INFO - ::endgroup::
[2025-04-16T19:03:06.779-0500] {logging_mixin.py:190} INFO - Dallas: 26.28°C, clear sky
[2025-04-16T19:03:07.569-0500] {logging_mixin.py:190} INFO - Saved Dallas to DB.
[2025-04-16T19:03:07.751-0500] {logging_mixin.py:190} INFO - New York: 9.03°C, overcast clouds
[2025-04-16T19:03:07.802-0500] {logging_mixin.py:190} INFO - Saved New York to DB.
[2025-04-16T19:03:08.018-0500] {logging_mixin.py:190} INFO - London: 6.68°C, broken clouds
[2025-04-16T19:03:08.132-0500] {logging_mixin.py:190} INFO - Saved London to DB.
[2025-04-16T19:03:08.347-0500] {logging_mixin.py:190} INFO - Tokyo: 16.21°C, clear sky
[2025-04-16T19:03:08.664-0500] {logging_mixin.py:190} INFO - Saved Tokyo to DB.
[2025-04-16T19:03:08.851-0500] {logging_mixin.py:190} INFO - Bengaluru: 21.04°C, scattered clouds
[2025-04-16T19:03:09.099-0500] {logging_mixin.py:190} INFO - Saved Bengaluru to DB.
[2025-04-16T19:03:09.293-0500] {logging_mixin.py:190} INFO - San Francisco: 14.03°C, broken clouds
[2025-04-16T19:03:09.672-0500] {logging_mixin.py:190} INFO - Saved San Francisco to DB.
[2025-04-16T19:03:09.859-0500] {logging_mixin.py:190} INFO - Chicago: 5.18°C, overcast clouds
[2025-04-16T19:03:10.052-0500] {logging_mixin.py:190} INFO - Saved Chicago to DB.
[2025-04-16T19:03:10.236-0500] {logging_mixin.py:190} INFO - Berlin: 17.61°C, clear sky
[2025-04-16T19:03:10.580-0500] {logging_mixin.py:190} INFO - Saved Berlin to DB.
[2025-04-16T19:03:10.764-0500] {logging_mixin.py:190} INFO - Sydney: 20.06°C, light rain
[2025-04-16T19:03:11.038-0500] {logging_mixin.py:190} INFO - Saved Sydney to DB.
[2025-04-16T19:03:11.235-0500] {logging_mixin.py:190} INFO - Toronto: 4.87°C, overcast clouds
[2025-04-16T19:03:11.551-0500] {logging_mixin.py:190} INFO - Saved Toronto to DB.
[2025-04-16T19:03:11.770-0500] {logging_mixin.py:190} INFO - Mumbai: 27.32°C, clear sky
[2025-04-16T19:03:12.291-0500] {logging_mixin.py:190} INFO - Saved Mumbai to DB.
[2025-04-16T19:03:13.502-0500] {logging_mixin.py:190} INFO - Cape Town: 17.41°C, overcast clouds
[2025-04-16T19:03:13.766-0500] {logging_mixin.py:190} INFO - Saved Cape Town to DB.
[2025-04-16T19:03:13.835-0500] {logging_mixin.py:190} INFO - ✅ Excel report saved: /Users/Ramya_Rangaraju/Data_engineering_projects/weather_pipeline/scripts/../reports/weather_report_2025-04-16.xlsx
[2025-04-16T19:03:13.835-0500] {python.py:240} INFO - Done. Returned value was: None
[2025-04-16T19:03:13.839-0500] {taskinstance.py:341} INFO - ::group::Post task execution logs
[2025-04-16T19:03:13.839-0500] {taskinstance.py:353} INFO - Marking task as SUCCESS. dag_id=multi_city_weather_pipeline, task_id=fetch_weather_for_all_cities, run_id=scheduled__2025-04-16T23:00:00+00:00, execution_date=20250416T230000, start_date=20250417T000306, end_date=20250417T000313
[2025-04-16T19:03:13.844-0500] {logging_mixin.py:190} INFO - Task instance in success state
[2025-04-16T19:03:13.844-0500] {logging_mixin.py:190} INFO -  Previous state of the Task instance: running
[2025-04-16T19:03:13.844-0500] {logging_mixin.py:190} INFO - Dag name:multi_city_weather_pipeline queued_at:2025-04-17 00:02:48.232514+00:00
[2025-04-16T19:03:13.844-0500] {logging_mixin.py:190} INFO - Task hostname:ramyas-air.lan operator:PythonOperator
[2025-04-16T19:03:13.888-0500] {local_task_job_runner.py:266} INFO - Task exited with return code 0
[2025-04-16T19:03:13.893-0500] {taskinstance.py:3901} INFO - 0 downstream tasks scheduled from follow-on schedule check
[2025-04-16T19:03:13.893-0500] {local_task_job_runner.py:245} INFO - ::endgroup::
