[2025-04-16T09:06:58.470-0500] {local_task_job_runner.py:123} INFO - ::group::Pre task execution logs
[2025-04-16T09:06:58.474-0500] {taskinstance.py:2614} INFO - Dependencies all met for dep_context=non-requeueable deps ti=<TaskInstance: multi_city_weather_pipeline.fetch_weather_for_all_cities scheduled__2025-04-16T12:00:00+00:00 [queued]>
[2025-04-16T09:06:58.476-0500] {taskinstance.py:2614} INFO - Dependencies all met for dep_context=requeueable deps ti=<TaskInstance: multi_city_weather_pipeline.fetch_weather_for_all_cities scheduled__2025-04-16T12:00:00+00:00 [queued]>
[2025-04-16T09:06:58.476-0500] {taskinstance.py:2867} INFO - Starting attempt 1 of 2
[2025-04-16T09:06:58.480-0500] {taskinstance.py:2890} INFO - Executing <Task(PythonOperator): fetch_weather_for_all_cities> on 2025-04-16 12:00:00+00:00
[2025-04-16T09:06:58.483-0500] {standard_task_runner.py:72} INFO - Started process 13053 to run task
[2025-04-16T09:06:58.487-0500] {standard_task_runner.py:104} INFO - Running: ['airflow', 'tasks', 'run', 'multi_city_weather_pipeline', 'fetch_weather_for_all_cities', 'scheduled__2025-04-16T12:00:00+00:00', '--job-id', '111', '--raw', '--subdir', 'DAGS_FOLDER/weather_pipeline_dag.py', '--cfg-path', '/var/folders/4n/q_76d_d57mb9q1qtrf4mvh940000gn/T/tmp6_j_8_sw']
[2025-04-16T09:06:58.488-0500] {standard_task_runner.py:105} INFO - Job 111: Subtask fetch_weather_for_all_cities
[2025-04-16T09:06:58.508-0500] {task_command.py:467} INFO - Running <TaskInstance: multi_city_weather_pipeline.fetch_weather_for_all_cities scheduled__2025-04-16T12:00:00+00:00 [running]> on host ramyas-macbook-air.local
[2025-04-16T09:06:58.536-0500] {taskinstance.py:3134} INFO - Exporting env vars: AIRFLOW_CTX_DAG_OWNER='airflow' AIRFLOW_CTX_DAG_ID='multi_city_weather_pipeline' AIRFLOW_CTX_TASK_ID='fetch_weather_for_all_cities' AIRFLOW_CTX_EXECUTION_DATE='2025-04-16T12:00:00+00:00' AIRFLOW_CTX_TRY_NUMBER='1' AIRFLOW_CTX_DAG_RUN_ID='scheduled__2025-04-16T12:00:00+00:00'
[2025-04-16T09:06:58.537-0500] {logging_mixin.py:190} INFO - Task instance is in running state
[2025-04-16T09:06:58.537-0500] {logging_mixin.py:190} INFO -  Previous state of the Task instance: queued
[2025-04-16T09:06:58.537-0500] {logging_mixin.py:190} INFO - Current task name:fetch_weather_for_all_cities state:running start_date:2025-04-16 14:06:58.474633+00:00
[2025-04-16T09:06:58.537-0500] {logging_mixin.py:190} INFO - Dag name:multi_city_weather_pipeline and current dag run status:running
[2025-04-16T09:06:58.538-0500] {taskinstance.py:732} INFO - ::endgroup::
[2025-04-16T09:06:58.832-0500] {logging_mixin.py:190} INFO - Dallas: 17.77°C, clear sky
[2025-04-16T09:06:59.228-0500] {logging_mixin.py:190} INFO - Saved Dallas to DB.
[2025-04-16T09:06:59.426-0500] {logging_mixin.py:190} INFO - New York: 7.84°C, broken clouds
[2025-04-16T09:06:59.867-0500] {logging_mixin.py:190} INFO - Saved New York to DB.
[2025-04-16T09:07:00.052-0500] {logging_mixin.py:190} INFO - London: 15.45°C, clear sky
[2025-04-16T09:07:00.143-0500] {logging_mixin.py:190} INFO - Saved London to DB.
[2025-04-16T09:07:00.361-0500] {logging_mixin.py:190} INFO - Tokyo: 14.83°C, clear sky
[2025-04-16T09:07:00.485-0500] {logging_mixin.py:190} INFO - Saved Tokyo to DB.
[2025-04-16T09:07:00.706-0500] {logging_mixin.py:190} INFO - Bengaluru: 30.3°C, scattered clouds
[2025-04-16T09:07:00.908-0500] {logging_mixin.py:190} INFO - Saved Bengaluru to DB.
[2025-04-16T09:07:01.115-0500] {logging_mixin.py:190} INFO - San Francisco: 11.63°C, overcast clouds
[2025-04-16T09:07:01.348-0500] {logging_mixin.py:190} INFO - Saved San Francisco to DB.
[2025-04-16T09:07:01.557-0500] {logging_mixin.py:190} INFO - Chicago: 5.01°C, few clouds
[2025-04-16T09:07:01.599-0500] {logging_mixin.py:190} INFO - Saved Chicago to DB.
[2025-04-16T09:07:01.783-0500] {logging_mixin.py:190} INFO - Berlin: 26.12°C, clear sky
[2025-04-16T09:07:01.800-0500] {logging_mixin.py:190} INFO - Saved Berlin to DB.
[2025-04-16T09:07:02.249-0500] {logging_mixin.py:190} INFO - Sydney: 16.58°C, light rain
[2025-04-16T09:07:02.806-0500] {logging_mixin.py:190} INFO - Saved Sydney to DB.
[2025-04-16T09:07:02.989-0500] {logging_mixin.py:190} INFO - Toronto: 2.46°C, overcast clouds
[2025-04-16T09:07:03.490-0500] {logging_mixin.py:190} INFO - Saved Toronto to DB.
[2025-04-16T09:07:03.702-0500] {logging_mixin.py:190} INFO - Mumbai: 28.66°C, clear sky
[2025-04-16T09:07:03.879-0500] {logging_mixin.py:190} INFO - Saved Mumbai to DB.
[2025-04-16T09:07:04.063-0500] {logging_mixin.py:190} INFO - Cape Town: 21.81°C, clear sky
[2025-04-16T09:07:04.123-0500] {logging_mixin.py:190} INFO - Saved Cape Town to DB.
[2025-04-16T09:07:04.208-0500] {logging_mixin.py:190} INFO - ✅ Excel report saved: /Users/Ramya_Rangaraju/Data_engineering_projects/weather_pipeline/scripts/../reports/weather_report_2025-04-16.xlsx
[2025-04-16T09:07:04.208-0500] {python.py:240} INFO - Done. Returned value was: None
[2025-04-16T09:07:04.211-0500] {taskinstance.py:341} INFO - ::group::Post task execution logs
[2025-04-16T09:07:04.211-0500] {taskinstance.py:353} INFO - Marking task as SUCCESS. dag_id=multi_city_weather_pipeline, task_id=fetch_weather_for_all_cities, run_id=scheduled__2025-04-16T12:00:00+00:00, execution_date=20250416T120000, start_date=20250416T140658, end_date=20250416T140704
[2025-04-16T09:07:04.216-0500] {logging_mixin.py:190} INFO - Task instance in success state
[2025-04-16T09:07:04.216-0500] {logging_mixin.py:190} INFO -  Previous state of the Task instance: running
[2025-04-16T09:07:04.216-0500] {logging_mixin.py:190} INFO - Dag name:multi_city_weather_pipeline queued_at:2025-04-16 13:49:14.366549+00:00
[2025-04-16T09:07:04.217-0500] {logging_mixin.py:190} INFO - Task hostname:ramyas-macbook-air.local operator:PythonOperator
[2025-04-16T09:07:04.247-0500] {local_task_job_runner.py:266} INFO - Task exited with return code 0
[2025-04-16T09:07:04.251-0500] {taskinstance.py:3901} INFO - 0 downstream tasks scheduled from follow-on schedule check
[2025-04-16T09:07:04.252-0500] {local_task_job_runner.py:245} INFO - ::endgroup::
