[2025-04-17T13:00:09.956-0500] {local_task_job_runner.py:123} INFO - ::group::Pre task execution logs
[2025-04-17T13:00:09.959-0500] {taskinstance.py:2614} INFO - Dependencies all met for dep_context=non-requeueable deps ti=<TaskInstance: multi_city_weather_pipeline.fetch_weather_for_all_cities scheduled__2025-04-17T17:00:00+00:00 [queued]>
[2025-04-17T13:00:09.961-0500] {taskinstance.py:2614} INFO - Dependencies all met for dep_context=requeueable deps ti=<TaskInstance: multi_city_weather_pipeline.fetch_weather_for_all_cities scheduled__2025-04-17T17:00:00+00:00 [queued]>
[2025-04-17T13:00:09.961-0500] {taskinstance.py:2867} INFO - Starting attempt 1 of 2
[2025-04-17T13:00:09.964-0500] {taskinstance.py:2890} INFO - Executing <Task(PythonOperator): fetch_weather_for_all_cities> on 2025-04-17 17:00:00+00:00
[2025-04-17T13:00:09.970-0500] {standard_task_runner.py:72} INFO - Started process 55558 to run task
[2025-04-17T13:00:09.976-0500] {standard_task_runner.py:104} INFO - Running: ['airflow', 'tasks', 'run', 'multi_city_weather_pipeline', 'fetch_weather_for_all_cities', 'scheduled__2025-04-17T17:00:00+00:00', '--job-id', '148', '--raw', '--subdir', 'DAGS_FOLDER/weather_pipeline_dag.py', '--cfg-path', '/var/folders/4n/q_76d_d57mb9q1qtrf4mvh940000gn/T/tmpuaxk5xge']
[2025-04-17T13:00:09.978-0500] {standard_task_runner.py:105} INFO - Job 148: Subtask fetch_weather_for_all_cities
[2025-04-17T13:00:09.993-0500] {task_command.py:467} INFO - Running <TaskInstance: multi_city_weather_pipeline.fetch_weather_for_all_cities scheduled__2025-04-17T17:00:00+00:00 [running]> on host ramyas-air.lan
[2025-04-17T13:00:10.014-0500] {taskinstance.py:3134} INFO - Exporting env vars: AIRFLOW_CTX_DAG_OWNER='airflow' AIRFLOW_CTX_DAG_ID='multi_city_weather_pipeline' AIRFLOW_CTX_TASK_ID='fetch_weather_for_all_cities' AIRFLOW_CTX_EXECUTION_DATE='2025-04-17T17:00:00+00:00' AIRFLOW_CTX_TRY_NUMBER='1' AIRFLOW_CTX_DAG_RUN_ID='scheduled__2025-04-17T17:00:00+00:00'
[2025-04-17T13:00:10.014-0500] {logging_mixin.py:190} INFO - Task instance is in running state
[2025-04-17T13:00:10.014-0500] {logging_mixin.py:190} INFO -  Previous state of the Task instance: queued
[2025-04-17T13:00:10.015-0500] {logging_mixin.py:190} INFO - Current task name:fetch_weather_for_all_cities state:running start_date:2025-04-17 18:00:09.959466+00:00
[2025-04-17T13:00:10.015-0500] {logging_mixin.py:190} INFO - Dag name:multi_city_weather_pipeline and current dag run status:running
[2025-04-17T13:00:10.015-0500] {taskinstance.py:732} INFO - ::endgroup::
[2025-04-17T13:00:10.382-0500] {logging_mixin.py:190} INFO - Dallas: 26.67°C, scattered clouds
[2025-04-17T13:00:11.585-0500] {logging_mixin.py:190} INFO - Saved Dallas to DB.
[2025-04-17T13:00:11.771-0500] {logging_mixin.py:190} INFO - New York: 14.95°C, clear sky
[2025-04-17T13:00:11.895-0500] {logging_mixin.py:190} INFO - Saved New York to DB.
[2025-04-17T13:00:12.308-0500] {logging_mixin.py:190} INFO - London: 15.12°C, overcast clouds
[2025-04-17T13:00:12.561-0500] {logging_mixin.py:190} INFO - Saved London to DB.
[2025-04-17T13:00:12.776-0500] {logging_mixin.py:190} INFO - Tokyo: 17.18°C, clear sky
[2025-04-17T13:00:12.804-0500] {logging_mixin.py:190} INFO - Saved Tokyo to DB.
[2025-04-17T13:00:13.031-0500] {logging_mixin.py:190} INFO - Bengaluru: 27.89°C, scattered clouds
[2025-04-17T13:00:13.256-0500] {logging_mixin.py:190} INFO - Saved Bengaluru to DB.
[2025-04-17T13:00:13.449-0500] {logging_mixin.py:190} INFO - San Francisco: 13.27°C, overcast clouds
[2025-04-17T13:00:13.747-0500] {logging_mixin.py:190} INFO - Saved San Francisco to DB.
[2025-04-17T13:00:13.927-0500] {logging_mixin.py:190} INFO - Chicago: 17.28°C, overcast clouds
[2025-04-17T13:00:14.253-0500] {logging_mixin.py:190} INFO - Saved Chicago to DB.
[2025-04-17T13:00:14.450-0500] {logging_mixin.py:190} INFO - Berlin: 20.65°C, clear sky
[2025-04-17T13:00:14.505-0500] {logging_mixin.py:190} INFO - Saved Berlin to DB.
[2025-04-17T13:00:14.724-0500] {logging_mixin.py:190} INFO - Sydney: 15.21°C, scattered clouds
[2025-04-17T13:00:14.854-0500] {logging_mixin.py:190} INFO - Saved Sydney to DB.
[2025-04-17T13:00:15.069-0500] {logging_mixin.py:190} INFO - Toronto: 9.73°C, few clouds
[2025-04-17T13:00:15.183-0500] {logging_mixin.py:190} INFO - Saved Toronto to DB.
[2025-04-17T13:00:15.373-0500] {logging_mixin.py:190} INFO - Mumbai: 28.11°C, clear sky
[2025-04-17T13:00:15.421-0500] {logging_mixin.py:190} INFO - Saved Mumbai to DB.
[2025-04-17T13:00:15.616-0500] {logging_mixin.py:190} INFO - Cape Town: 20.76°C, few clouds
[2025-04-17T13:00:15.708-0500] {logging_mixin.py:190} INFO - Saved Cape Town to DB.
[2025-04-17T13:00:15.779-0500] {logging_mixin.py:190} INFO - ✅ Excel report saved: /Users/Ramya_Rangaraju/Data_engineering_projects/weather_pipeline/scripts/../reports/weather_report_2025-04-17.xlsx
[2025-04-17T13:00:15.780-0500] {python.py:240} INFO - Done. Returned value was: None
[2025-04-17T13:00:15.782-0500] {taskinstance.py:341} INFO - ::group::Post task execution logs
[2025-04-17T13:00:15.783-0500] {taskinstance.py:353} INFO - Marking task as SUCCESS. dag_id=multi_city_weather_pipeline, task_id=fetch_weather_for_all_cities, run_id=scheduled__2025-04-17T17:00:00+00:00, execution_date=20250417T170000, start_date=20250417T180009, end_date=20250417T180015
[2025-04-17T13:00:15.787-0500] {logging_mixin.py:190} INFO - Task instance in success state
[2025-04-17T13:00:15.788-0500] {logging_mixin.py:190} INFO -  Previous state of the Task instance: running
[2025-04-17T13:00:15.788-0500] {logging_mixin.py:190} INFO - Dag name:multi_city_weather_pipeline queued_at:2025-04-17 18:00:03.962038+00:00
[2025-04-17T13:00:15.788-0500] {logging_mixin.py:190} INFO - Task hostname:ramyas-air.lan operator:PythonOperator
[2025-04-17T13:00:15.792-0500] {local_task_job_runner.py:266} INFO - Task exited with return code 0
[2025-04-17T13:00:15.797-0500] {taskinstance.py:3901} INFO - 0 downstream tasks scheduled from follow-on schedule check
[2025-04-17T13:00:15.797-0500] {local_task_job_runner.py:245} INFO - ::endgroup::
