[2025-04-15T23:20:25.489-0500] {local_task_job_runner.py:123} INFO - ::group::Pre task execution logs
[2025-04-15T23:20:25.493-0500] {taskinstance.py:2614} INFO - Dependencies all met for dep_context=non-requeueable deps ti=<TaskInstance: multi_city_weather_pipeline.fetch_weather_for_all_cities scheduled__2025-04-16T03:00:00+00:00 [queued]>
[2025-04-15T23:20:25.494-0500] {taskinstance.py:2614} INFO - Dependencies all met for dep_context=requeueable deps ti=<TaskInstance: multi_city_weather_pipeline.fetch_weather_for_all_cities scheduled__2025-04-16T03:00:00+00:00 [queued]>
[2025-04-15T23:20:25.495-0500] {taskinstance.py:2867} INFO - Starting attempt 1 of 2
[2025-04-15T23:20:25.501-0500] {taskinstance.py:2890} INFO - Executing <Task(PythonOperator): fetch_weather_for_all_cities> on 2025-04-16 03:00:00+00:00
[2025-04-15T23:20:25.504-0500] {standard_task_runner.py:72} INFO - Started process 11337 to run task
[2025-04-15T23:20:25.509-0500] {standard_task_runner.py:104} INFO - Running: ['airflow', 'tasks', 'run', 'multi_city_weather_pipeline', 'fetch_weather_for_all_cities', 'scheduled__2025-04-16T03:00:00+00:00', '--job-id', '100', '--raw', '--subdir', 'DAGS_FOLDER/weather_pipeline_dag.py', '--cfg-path', '/var/folders/4n/q_76d_d57mb9q1qtrf4mvh940000gn/T/tmpoezbtz9q']
[2025-04-15T23:20:25.510-0500] {standard_task_runner.py:105} INFO - Job 100: Subtask fetch_weather_for_all_cities
[2025-04-15T23:20:25.526-0500] {task_command.py:467} INFO - Running <TaskInstance: multi_city_weather_pipeline.fetch_weather_for_all_cities scheduled__2025-04-16T03:00:00+00:00 [running]> on host ramyas-macbook-air.local
[2025-04-15T23:20:25.547-0500] {taskinstance.py:3134} INFO - Exporting env vars: AIRFLOW_CTX_DAG_OWNER='airflow' AIRFLOW_CTX_DAG_ID='multi_city_weather_pipeline' AIRFLOW_CTX_TASK_ID='fetch_weather_for_all_cities' AIRFLOW_CTX_EXECUTION_DATE='2025-04-16T03:00:00+00:00' AIRFLOW_CTX_TRY_NUMBER='1' AIRFLOW_CTX_DAG_RUN_ID='scheduled__2025-04-16T03:00:00+00:00'
[2025-04-15T23:20:25.548-0500] {logging_mixin.py:190} INFO - Task instance is in running state
[2025-04-15T23:20:25.549-0500] {logging_mixin.py:190} INFO -  Previous state of the Task instance: queued
[2025-04-15T23:20:25.549-0500] {logging_mixin.py:190} INFO - Current task name:fetch_weather_for_all_cities state:running start_date:2025-04-16 04:20:25.493269+00:00
[2025-04-15T23:20:25.549-0500] {logging_mixin.py:190} INFO - Dag name:multi_city_weather_pipeline and current dag run status:running
[2025-04-15T23:20:25.550-0500] {taskinstance.py:732} INFO - ::endgroup::
[2025-04-15T23:20:25.843-0500] {logging_mixin.py:190} INFO - Dallas: 15.89°C, clear sky
[2025-04-15T23:20:26.215-0500] {logging_mixin.py:190} INFO - Saved Dallas to DB.
[2025-04-15T23:20:26.443-0500] {logging_mixin.py:190} INFO - New York: 9.55°C, overcast clouds
[2025-04-15T23:20:26.742-0500] {logging_mixin.py:190} INFO - Saved New York to DB.
[2025-04-15T23:20:26.987-0500] {logging_mixin.py:190} INFO - London: 8.83°C, broken clouds
[2025-04-15T23:20:27.440-0500] {logging_mixin.py:190} INFO - Saved London to DB.
[2025-04-15T23:20:27.672-0500] {logging_mixin.py:190} INFO - Tokyo: 19.11°C, clear sky
[2025-04-15T23:20:27.943-0500] {logging_mixin.py:190} INFO - Saved Tokyo to DB.
[2025-04-15T23:20:28.127-0500] {logging_mixin.py:190} INFO - Bengaluru: 28.17°C, clear sky
[2025-04-15T23:20:28.439-0500] {logging_mixin.py:190} INFO - Saved Bengaluru to DB.
[2025-04-15T23:20:28.669-0500] {logging_mixin.py:190} INFO - San Francisco: 12.06°C, broken clouds
[2025-04-15T23:20:28.996-0500] {logging_mixin.py:190} INFO - Saved San Francisco to DB.
[2025-04-15T23:20:29.210-0500] {logging_mixin.py:190} INFO - Chicago: 8°C, few clouds
[2025-04-15T23:20:29.651-0500] {logging_mixin.py:190} INFO - Saved Chicago to DB.
[2025-04-15T23:20:29.871-0500] {logging_mixin.py:190} INFO - Berlin: 12.87°C, broken clouds
[2025-04-15T23:20:30.311-0500] {logging_mixin.py:190} INFO - Saved Berlin to DB.
[2025-04-15T23:20:30.533-0500] {logging_mixin.py:190} INFO - Sydney: 21.34°C, scattered clouds
[2025-04-15T23:20:30.712-0500] {logging_mixin.py:190} INFO - Saved Sydney to DB.
[2025-04-15T23:20:30.901-0500] {logging_mixin.py:190} INFO - Toronto: 2.07°C, broken clouds
[2025-04-15T23:20:31.309-0500] {logging_mixin.py:190} INFO - Saved Toronto to DB.
[2025-04-15T23:20:31.487-0500] {logging_mixin.py:190} INFO - Mumbai: 29.99°C, haze
[2025-04-15T23:20:31.762-0500] {logging_mixin.py:190} INFO - Saved Mumbai to DB.
[2025-04-15T23:20:32.076-0500] {logging_mixin.py:190} INFO - Cape Town: 16.42°C, clear sky
[2025-04-15T23:20:32.310-0500] {logging_mixin.py:190} INFO - Saved Cape Town to DB.
[2025-04-15T23:20:32.375-0500] {logging_mixin.py:190} INFO - ✅ Excel report saved: /Users/Ramya_Rangaraju/Data_engineering_projects/weather_pipeline/scripts/../reports/weather_report_2025-04-15.xlsx
[2025-04-15T23:20:32.376-0500] {python.py:240} INFO - Done. Returned value was: None
[2025-04-15T23:20:32.379-0500] {taskinstance.py:341} INFO - ::group::Post task execution logs
[2025-04-15T23:20:32.379-0500] {taskinstance.py:353} INFO - Marking task as SUCCESS. dag_id=multi_city_weather_pipeline, task_id=fetch_weather_for_all_cities, run_id=scheduled__2025-04-16T03:00:00+00:00, execution_date=20250416T030000, start_date=20250416T042025, end_date=20250416T042032
[2025-04-15T23:20:32.384-0500] {logging_mixin.py:190} INFO - Task instance in success state
[2025-04-15T23:20:32.384-0500] {logging_mixin.py:190} INFO -  Previous state of the Task instance: running
[2025-04-15T23:20:32.385-0500] {logging_mixin.py:190} INFO - Dag name:multi_city_weather_pipeline queued_at:2025-04-16 04:05:15.400619+00:00
[2025-04-15T23:20:32.385-0500] {logging_mixin.py:190} INFO - Task hostname:ramyas-macbook-air.local operator:PythonOperator
[2025-04-15T23:20:32.398-0500] {local_task_job_runner.py:266} INFO - Task exited with return code 0
[2025-04-15T23:20:32.402-0500] {taskinstance.py:3901} INFO - 0 downstream tasks scheduled from follow-on schedule check
[2025-04-15T23:20:32.402-0500] {local_task_job_runner.py:245} INFO - ::endgroup::
