[2025-04-16T08:33:40.242-0500] {local_task_job_runner.py:123} INFO - ::group::Pre task execution logs
[2025-04-16T08:33:40.245-0500] {taskinstance.py:2614} INFO - Dependencies all met for dep_context=non-requeueable deps ti=<TaskInstance: multi_city_weather_pipeline.fetch_weather_for_all_cities scheduled__2025-04-16T11:00:00+00:00 [queued]>
[2025-04-16T08:33:40.247-0500] {taskinstance.py:2614} INFO - Dependencies all met for dep_context=requeueable deps ti=<TaskInstance: multi_city_weather_pipeline.fetch_weather_for_all_cities scheduled__2025-04-16T11:00:00+00:00 [queued]>
[2025-04-16T08:33:40.247-0500] {taskinstance.py:2867} INFO - Starting attempt 2 of 2
[2025-04-16T08:33:40.251-0500] {taskinstance.py:2890} INFO - Executing <Task(PythonOperator): fetch_weather_for_all_cities> on 2025-04-16 11:00:00+00:00
[2025-04-16T08:33:40.255-0500] {standard_task_runner.py:72} INFO - Started process 13002 to run task
[2025-04-16T08:33:40.257-0500] {standard_task_runner.py:104} INFO - Running: ['airflow', 'tasks', 'run', 'multi_city_weather_pipeline', 'fetch_weather_for_all_cities', 'scheduled__2025-04-16T11:00:00+00:00', '--job-id', '110', '--raw', '--subdir', 'DAGS_FOLDER/weather_pipeline_dag.py', '--cfg-path', '/var/folders/4n/q_76d_d57mb9q1qtrf4mvh940000gn/T/tmp4y6jwf8k']
[2025-04-16T08:33:40.258-0500] {standard_task_runner.py:105} INFO - Job 110: Subtask fetch_weather_for_all_cities
[2025-04-16T08:33:40.274-0500] {task_command.py:467} INFO - Running <TaskInstance: multi_city_weather_pipeline.fetch_weather_for_all_cities scheduled__2025-04-16T11:00:00+00:00 [running]> on host Ramyas-MacBook-Air.local
[2025-04-16T08:33:40.293-0500] {taskinstance.py:3134} INFO - Exporting env vars: AIRFLOW_CTX_DAG_OWNER='airflow' AIRFLOW_CTX_DAG_ID='multi_city_weather_pipeline' AIRFLOW_CTX_TASK_ID='fetch_weather_for_all_cities' AIRFLOW_CTX_EXECUTION_DATE='2025-04-16T11:00:00+00:00' AIRFLOW_CTX_TRY_NUMBER='2' AIRFLOW_CTX_DAG_RUN_ID='scheduled__2025-04-16T11:00:00+00:00'
[2025-04-16T08:33:40.293-0500] {logging_mixin.py:190} INFO - Task instance is in running state
[2025-04-16T08:33:40.294-0500] {logging_mixin.py:190} INFO -  Previous state of the Task instance: queued
[2025-04-16T08:33:40.294-0500] {logging_mixin.py:190} INFO - Current task name:fetch_weather_for_all_cities state:running start_date:2025-04-16 13:33:40.245976+00:00
[2025-04-16T08:33:40.294-0500] {logging_mixin.py:190} INFO - Dag name:multi_city_weather_pipeline and current dag run status:running
[2025-04-16T08:33:40.294-0500] {taskinstance.py:732} INFO - ::endgroup::
[2025-04-16T08:33:40.580-0500] {logging_mixin.py:190} INFO - Dallas: 16.12°C, few clouds
[2025-04-16T08:33:41.106-0500] {logging_mixin.py:190} INFO - Saved Dallas to DB.
[2025-04-16T08:33:41.320-0500] {logging_mixin.py:190} INFO - New York: 7.92°C, broken clouds
[2025-04-16T08:33:41.851-0500] {logging_mixin.py:190} INFO - Saved New York to DB.
[2025-04-16T08:33:42.113-0500] {logging_mixin.py:190} INFO - London: 15.35°C, clear sky
[2025-04-16T08:33:42.374-0500] {logging_mixin.py:190} INFO - Saved London to DB.
[2025-04-16T08:33:42.559-0500] {logging_mixin.py:190} INFO - Tokyo: 14.85°C, clear sky
[2025-04-16T08:33:42.909-0500] {logging_mixin.py:190} INFO - Saved Tokyo to DB.
[2025-04-16T08:33:43.138-0500] {logging_mixin.py:190} INFO - Bengaluru: 30.3°C, few clouds
[2025-04-16T08:33:43.375-0500] {logging_mixin.py:190} INFO - Saved Bengaluru to DB.
[2025-04-16T08:33:43.564-0500] {logging_mixin.py:190} INFO - San Francisco: 11.6°C, overcast clouds
[2025-04-16T08:33:43.996-0500] {logging_mixin.py:190} INFO - Saved San Francisco to DB.
[2025-04-16T08:33:44.209-0500] {logging_mixin.py:190} INFO - Chicago: 4.53°C, few clouds
[2025-04-16T08:33:44.697-0500] {logging_mixin.py:190} INFO - Saved Chicago to DB.
[2025-04-16T08:33:44.881-0500] {logging_mixin.py:190} INFO - Berlin: 25.71°C, clear sky
[2025-04-16T08:33:45.406-0500] {logging_mixin.py:190} INFO - Saved Berlin to DB.
[2025-04-16T08:33:45.619-0500] {logging_mixin.py:190} INFO - Sydney: 16.96°C, moderate rain
[2025-04-16T08:33:45.824-0500] {logging_mixin.py:190} INFO - Saved Sydney to DB.
[2025-04-16T08:33:46.034-0500] {logging_mixin.py:190} INFO - Toronto: 2.42°C, overcast clouds
[2025-04-16T08:33:46.245-0500] {logging_mixin.py:190} INFO - Saved Toronto to DB.
[2025-04-16T08:33:46.423-0500] {logging_mixin.py:190} INFO - Mumbai: 29.99°C, haze
[2025-04-16T08:33:46.856-0500] {logging_mixin.py:190} INFO - Saved Mumbai to DB.
[2025-04-16T08:33:47.295-0500] {logging_mixin.py:190} INFO - Cape Town: 22.24°C, clear sky
[2025-04-16T08:33:47.734-0500] {logging_mixin.py:190} INFO - Saved Cape Town to DB.
[2025-04-16T08:33:47.799-0500] {logging_mixin.py:190} INFO - ✅ Excel report saved: /Users/Ramya_Rangaraju/Data_engineering_projects/weather_pipeline/scripts/../reports/weather_report_2025-04-16.xlsx
[2025-04-16T08:33:47.800-0500] {python.py:240} INFO - Done. Returned value was: None
[2025-04-16T08:33:47.802-0500] {taskinstance.py:341} INFO - ::group::Post task execution logs
[2025-04-16T08:33:47.802-0500] {taskinstance.py:353} INFO - Marking task as SUCCESS. dag_id=multi_city_weather_pipeline, task_id=fetch_weather_for_all_cities, run_id=scheduled__2025-04-16T11:00:00+00:00, execution_date=20250416T110000, start_date=20250416T133340, end_date=20250416T133347
[2025-04-16T08:33:47.806-0500] {logging_mixin.py:190} INFO - Task instance in success state
[2025-04-16T08:33:47.807-0500] {logging_mixin.py:190} INFO -  Previous state of the Task instance: running
[2025-04-16T08:33:47.807-0500] {logging_mixin.py:190} INFO - Dag name:multi_city_weather_pipeline queued_at:2025-04-16 12:04:11.179441+00:00
[2025-04-16T08:33:47.807-0500] {logging_mixin.py:190} INFO - Task hostname:Ramyas-MacBook-Air.local operator:PythonOperator
[2025-04-16T08:33:47.817-0500] {local_task_job_runner.py:266} INFO - Task exited with return code 0
[2025-04-16T08:33:47.820-0500] {taskinstance.py:3901} INFO - 0 downstream tasks scheduled from follow-on schedule check
[2025-04-16T08:33:47.820-0500] {local_task_job_runner.py:245} INFO - ::endgroup::
