[2025-04-16T09:07:27.936-0500] {local_task_job_runner.py:123} INFO - ::group::Pre task execution logs
[2025-04-16T09:07:27.939-0500] {taskinstance.py:2614} INFO - Dependencies all met for dep_context=non-requeueable deps ti=<TaskInstance: multi_city_weather_pipeline.fetch_weather_for_all_cities scheduled__2025-04-16T13:00:00+00:00 [queued]>
[2025-04-16T09:07:27.941-0500] {taskinstance.py:2614} INFO - Dependencies all met for dep_context=requeueable deps ti=<TaskInstance: multi_city_weather_pipeline.fetch_weather_for_all_cities scheduled__2025-04-16T13:00:00+00:00 [queued]>
[2025-04-16T09:07:27.941-0500] {taskinstance.py:2867} INFO - Starting attempt 1 of 2
[2025-04-16T09:07:27.945-0500] {taskinstance.py:2890} INFO - Executing <Task(PythonOperator): fetch_weather_for_all_cities> on 2025-04-16 13:00:00+00:00
[2025-04-16T09:07:27.949-0500] {standard_task_runner.py:72} INFO - Started process 13091 to run task
[2025-04-16T09:07:27.952-0500] {standard_task_runner.py:104} INFO - Running: ['airflow', 'tasks', 'run', 'multi_city_weather_pipeline', 'fetch_weather_for_all_cities', 'scheduled__2025-04-16T13:00:00+00:00', '--job-id', '112', '--raw', '--subdir', 'DAGS_FOLDER/weather_pipeline_dag.py', '--cfg-path', '/var/folders/4n/q_76d_d57mb9q1qtrf4mvh940000gn/T/tmpe3lavd1r']
[2025-04-16T09:07:27.953-0500] {standard_task_runner.py:105} INFO - Job 112: Subtask fetch_weather_for_all_cities
[2025-04-16T09:07:27.971-0500] {task_command.py:467} INFO - Running <TaskInstance: multi_city_weather_pipeline.fetch_weather_for_all_cities scheduled__2025-04-16T13:00:00+00:00 [running]> on host Ramyas-MacBook-Air.local
[2025-04-16T09:07:27.990-0500] {taskinstance.py:3134} INFO - Exporting env vars: AIRFLOW_CTX_DAG_OWNER='airflow' AIRFLOW_CTX_DAG_ID='multi_city_weather_pipeline' AIRFLOW_CTX_TASK_ID='fetch_weather_for_all_cities' AIRFLOW_CTX_EXECUTION_DATE='2025-04-16T13:00:00+00:00' AIRFLOW_CTX_TRY_NUMBER='1' AIRFLOW_CTX_DAG_RUN_ID='scheduled__2025-04-16T13:00:00+00:00'
[2025-04-16T09:07:27.991-0500] {logging_mixin.py:190} INFO - Task instance is in running state
[2025-04-16T09:07:27.991-0500] {logging_mixin.py:190} INFO -  Previous state of the Task instance: queued
[2025-04-16T09:07:27.991-0500] {logging_mixin.py:190} INFO - Current task name:fetch_weather_for_all_cities state:running start_date:2025-04-16 14:07:27.939898+00:00
[2025-04-16T09:07:27.992-0500] {logging_mixin.py:190} INFO - Dag name:multi_city_weather_pipeline and current dag run status:running
[2025-04-16T09:07:27.992-0500] {taskinstance.py:732} INFO - ::endgroup::
[2025-04-16T09:07:28.194-0500] {logging_mixin.py:190} INFO - Dallas: 17.77°C, clear sky
[2025-04-16T09:07:29.060-0500] {logging_mixin.py:190} INFO - Saved Dallas to DB.
[2025-04-16T09:07:29.280-0500] {logging_mixin.py:190} INFO - New York: 7.84°C, broken clouds
[2025-04-16T09:07:29.854-0500] {logging_mixin.py:190} INFO - Saved New York to DB.
[2025-04-16T09:07:30.063-0500] {logging_mixin.py:190} INFO - London: 15.45°C, clear sky
[2025-04-16T09:07:30.434-0500] {logging_mixin.py:190} INFO - Saved London to DB.
[2025-04-16T09:07:30.621-0500] {logging_mixin.py:190} INFO - Tokyo: 14.83°C, clear sky
[2025-04-16T09:07:31.055-0500] {logging_mixin.py:190} INFO - Saved Tokyo to DB.
[2025-04-16T09:07:31.267-0500] {logging_mixin.py:190} INFO - Bengaluru: 30.3°C, scattered clouds
[2025-04-16T09:07:31.756-0500] {logging_mixin.py:190} INFO - Saved Bengaluru to DB.
[2025-04-16T09:07:32.083-0500] {logging_mixin.py:190} INFO - San Francisco: 11.63°C, overcast clouds
[2025-04-16T09:07:32.122-0500] {logging_mixin.py:190} INFO - Saved San Francisco to DB.
[2025-04-16T09:07:32.334-0500] {logging_mixin.py:190} INFO - Chicago: 5.01°C, few clouds
[2025-04-16T09:07:32.374-0500] {logging_mixin.py:190} INFO - Saved Chicago to DB.
[2025-04-16T09:07:32.599-0500] {logging_mixin.py:190} INFO - Berlin: 26.12°C, clear sky
[2025-04-16T09:07:32.867-0500] {logging_mixin.py:190} INFO - Saved Berlin to DB.
[2025-04-16T09:07:33.053-0500] {logging_mixin.py:190} INFO - Sydney: 16.58°C, light rain
[2025-04-16T09:07:33.468-0500] {logging_mixin.py:190} INFO - Saved Sydney to DB.
[2025-04-16T09:07:33.678-0500] {logging_mixin.py:190} INFO - Toronto: 2.46°C, overcast clouds
[2025-04-16T09:07:34.084-0500] {logging_mixin.py:190} INFO - Saved Toronto to DB.
[2025-04-16T09:07:34.265-0500] {logging_mixin.py:190} INFO - Mumbai: 28.66°C, clear sky
[2025-04-16T09:07:34.533-0500] {logging_mixin.py:190} INFO - Saved Mumbai to DB.
[2025-04-16T09:07:34.757-0500] {logging_mixin.py:190} INFO - Cape Town: 21.81°C, clear sky
[2025-04-16T09:07:35.092-0500] {logging_mixin.py:190} INFO - Saved Cape Town to DB.
[2025-04-16T09:07:35.161-0500] {logging_mixin.py:190} INFO - ✅ Excel report saved: /Users/Ramya_Rangaraju/Data_engineering_projects/weather_pipeline/scripts/../reports/weather_report_2025-04-16.xlsx
[2025-04-16T09:07:35.162-0500] {python.py:240} INFO - Done. Returned value was: None
[2025-04-16T09:07:35.165-0500] {taskinstance.py:341} INFO - ::group::Post task execution logs
[2025-04-16T09:07:35.165-0500] {taskinstance.py:353} INFO - Marking task as SUCCESS. dag_id=multi_city_weather_pipeline, task_id=fetch_weather_for_all_cities, run_id=scheduled__2025-04-16T13:00:00+00:00, execution_date=20250416T130000, start_date=20250416T140727, end_date=20250416T140735
[2025-04-16T09:07:35.170-0500] {logging_mixin.py:190} INFO - Task instance in success state
[2025-04-16T09:07:35.170-0500] {logging_mixin.py:190} INFO -  Previous state of the Task instance: running
[2025-04-16T09:07:35.170-0500] {logging_mixin.py:190} INFO - Dag name:multi_city_weather_pipeline queued_at:2025-04-16 14:07:17.585837+00:00
[2025-04-16T09:07:35.171-0500] {logging_mixin.py:190} INFO - Task hostname:Ramyas-MacBook-Air.local operator:PythonOperator
[2025-04-16T09:07:35.181-0500] {local_task_job_runner.py:266} INFO - Task exited with return code 0
[2025-04-16T09:07:35.185-0500] {taskinstance.py:3901} INFO - 0 downstream tasks scheduled from follow-on schedule check
[2025-04-16T09:07:35.185-0500] {local_task_job_runner.py:245} INFO - ::endgroup::
