[2025-04-16T05:00:08.348-0500] {local_task_job_runner.py:123} INFO - ::group::Pre task execution logs
[2025-04-16T05:00:08.352-0500] {taskinstance.py:2614} INFO - Dependencies all met for dep_context=non-requeueable deps ti=<TaskInstance: multi_city_weather_pipeline.fetch_weather_for_all_cities scheduled__2025-04-16T09:00:00+00:00 [queued]>
[2025-04-16T05:00:08.353-0500] {taskinstance.py:2614} INFO - Dependencies all met for dep_context=requeueable deps ti=<TaskInstance: multi_city_weather_pipeline.fetch_weather_for_all_cities scheduled__2025-04-16T09:00:00+00:00 [queued]>
[2025-04-16T05:00:08.354-0500] {taskinstance.py:2867} INFO - Starting attempt 1 of 2
[2025-04-16T05:00:08.358-0500] {taskinstance.py:2890} INFO - Executing <Task(PythonOperator): fetch_weather_for_all_cities> on 2025-04-16 09:00:00+00:00
[2025-04-16T05:00:08.362-0500] {standard_task_runner.py:72} INFO - Started process 12690 to run task
[2025-04-16T05:00:08.365-0500] {standard_task_runner.py:104} INFO - Running: ['airflow', 'tasks', 'run', 'multi_city_weather_pipeline', 'fetch_weather_for_all_cities', 'scheduled__2025-04-16T09:00:00+00:00', '--job-id', '107', '--raw', '--subdir', 'DAGS_FOLDER/weather_pipeline_dag.py', '--cfg-path', '/var/folders/4n/q_76d_d57mb9q1qtrf4mvh940000gn/T/tmp5e88opso']
[2025-04-16T05:00:08.366-0500] {standard_task_runner.py:105} INFO - Job 107: Subtask fetch_weather_for_all_cities
[2025-04-16T05:00:08.385-0500] {task_command.py:467} INFO - Running <TaskInstance: multi_city_weather_pipeline.fetch_weather_for_all_cities scheduled__2025-04-16T09:00:00+00:00 [running]> on host ramyas-macbook-air.local
[2025-04-16T05:00:08.404-0500] {taskinstance.py:3134} INFO - Exporting env vars: AIRFLOW_CTX_DAG_OWNER='airflow' AIRFLOW_CTX_DAG_ID='multi_city_weather_pipeline' AIRFLOW_CTX_TASK_ID='fetch_weather_for_all_cities' AIRFLOW_CTX_EXECUTION_DATE='2025-04-16T09:00:00+00:00' AIRFLOW_CTX_TRY_NUMBER='1' AIRFLOW_CTX_DAG_RUN_ID='scheduled__2025-04-16T09:00:00+00:00'
[2025-04-16T05:00:08.405-0500] {logging_mixin.py:190} INFO - Task instance is in running state
[2025-04-16T05:00:08.405-0500] {logging_mixin.py:190} INFO -  Previous state of the Task instance: queued
[2025-04-16T05:00:08.405-0500] {logging_mixin.py:190} INFO - Current task name:fetch_weather_for_all_cities state:running start_date:2025-04-16 10:00:08.352366+00:00
[2025-04-16T05:00:08.405-0500] {logging_mixin.py:190} INFO - Dag name:multi_city_weather_pipeline and current dag run status:running
[2025-04-16T05:00:08.405-0500] {taskinstance.py:732} INFO - ::endgroup::
[2025-04-16T05:00:09.144-0500] {logging_mixin.py:190} INFO - Dallas: 14.11°C, clear sky
[2025-04-16T05:00:10.012-0500] {logging_mixin.py:190} INFO - Saved Dallas to DB.
[2025-04-16T05:00:10.470-0500] {logging_mixin.py:190} INFO - New York: 8.1°C, broken clouds
[2025-04-16T05:00:11.005-0500] {logging_mixin.py:190} INFO - Saved New York to DB.
[2025-04-16T05:00:11.300-0500] {logging_mixin.py:190} INFO - London: 12.46°C, broken clouds
[2025-04-16T05:00:11.420-0500] {logging_mixin.py:190} INFO - Saved London to DB.
[2025-04-16T05:00:12.162-0500] {logging_mixin.py:190} INFO - Tokyo: 17.52°C, few clouds
[2025-04-16T05:00:12.295-0500] {logging_mixin.py:190} INFO - Saved Tokyo to DB.
[2025-04-16T05:00:12.882-0500] {logging_mixin.py:190} INFO - Bengaluru: 32.91°C, scattered clouds
[2025-04-16T05:00:13.338-0500] {logging_mixin.py:190} INFO - Saved Bengaluru to DB.
[2025-04-16T05:00:13.954-0500] {logging_mixin.py:190} INFO - San Francisco: 11.75°C, broken clouds
[2025-04-16T05:00:14.050-0500] {logging_mixin.py:190} INFO - Saved San Francisco to DB.
[2025-04-16T05:00:14.554-0500] {logging_mixin.py:190} INFO - Chicago: 2.88°C, clear sky
[2025-04-16T05:00:14.718-0500] {logging_mixin.py:190} INFO - Saved Chicago to DB.
[2025-04-16T05:00:15.293-0500] {logging_mixin.py:190} INFO - Berlin: 21.65°C, clear sky
[2025-04-16T05:00:15.626-0500] {logging_mixin.py:190} INFO - Saved Berlin to DB.
[2025-04-16T05:00:15.842-0500] {logging_mixin.py:190} INFO - Sydney: 18.65°C, broken clouds
[2025-04-16T05:00:16.311-0500] {logging_mixin.py:190} INFO - Saved Sydney to DB.
[2025-04-16T05:00:16.537-0500] {logging_mixin.py:190} INFO - Toronto: 1.44°C, overcast clouds
[2025-04-16T05:00:16.685-0500] {logging_mixin.py:190} INFO - Saved Toronto to DB.
[2025-04-16T05:00:16.891-0500] {logging_mixin.py:190} INFO - Mumbai: 31.99°C, smoke
[2025-04-16T05:00:17.087-0500] {logging_mixin.py:190} INFO - Saved Mumbai to DB.
[2025-04-16T05:00:17.301-0500] {logging_mixin.py:190} INFO - Cape Town: 22.31°C, clear sky
[2025-04-16T05:00:17.598-0500] {logging_mixin.py:190} INFO - Saved Cape Town to DB.
[2025-04-16T05:00:17.666-0500] {logging_mixin.py:190} INFO - ✅ Excel report saved: /Users/Ramya_Rangaraju/Data_engineering_projects/weather_pipeline/scripts/../reports/weather_report_2025-04-16.xlsx
[2025-04-16T05:00:17.667-0500] {python.py:240} INFO - Done. Returned value was: None
[2025-04-16T05:00:17.669-0500] {taskinstance.py:341} INFO - ::group::Post task execution logs
[2025-04-16T05:00:17.670-0500] {taskinstance.py:353} INFO - Marking task as SUCCESS. dag_id=multi_city_weather_pipeline, task_id=fetch_weather_for_all_cities, run_id=scheduled__2025-04-16T09:00:00+00:00, execution_date=20250416T090000, start_date=20250416T100008, end_date=20250416T100017
[2025-04-16T05:00:17.675-0500] {logging_mixin.py:190} INFO - Task instance in success state
[2025-04-16T05:00:17.675-0500] {logging_mixin.py:190} INFO -  Previous state of the Task instance: running
[2025-04-16T05:00:17.676-0500] {logging_mixin.py:190} INFO - Dag name:multi_city_weather_pipeline queued_at:2025-04-16 10:00:03.621928+00:00
[2025-04-16T05:00:17.676-0500] {logging_mixin.py:190} INFO - Task hostname:ramyas-macbook-air.local operator:PythonOperator
[2025-04-16T05:00:17.689-0500] {local_task_job_runner.py:266} INFO - Task exited with return code 0
[2025-04-16T05:00:17.693-0500] {taskinstance.py:3901} INFO - 0 downstream tasks scheduled from follow-on schedule check
[2025-04-16T05:00:17.693-0500] {local_task_job_runner.py:245} INFO - ::endgroup::
