[2025-04-16T03:03:55.606-0500] {local_task_job_runner.py:123} INFO - ::group::Pre task execution logs
[2025-04-16T03:03:55.609-0500] {taskinstance.py:2614} INFO - Dependencies all met for dep_context=non-requeueable deps ti=<TaskInstance: multi_city_weather_pipeline.fetch_weather_for_all_cities scheduled__2025-04-16T07:00:00+00:00 [queued]>
[2025-04-16T03:03:55.612-0500] {taskinstance.py:2614} INFO - Dependencies all met for dep_context=requeueable deps ti=<TaskInstance: multi_city_weather_pipeline.fetch_weather_for_all_cities scheduled__2025-04-16T07:00:00+00:00 [queued]>
[2025-04-16T03:03:55.612-0500] {taskinstance.py:2867} INFO - Starting attempt 1 of 2
[2025-04-16T03:03:55.616-0500] {taskinstance.py:2890} INFO - Executing <Task(PythonOperator): fetch_weather_for_all_cities> on 2025-04-16 07:00:00+00:00
[2025-04-16T03:03:55.620-0500] {standard_task_runner.py:72} INFO - Started process 12265 to run task
[2025-04-16T03:03:55.623-0500] {standard_task_runner.py:104} INFO - Running: ['airflow', 'tasks', 'run', 'multi_city_weather_pipeline', 'fetch_weather_for_all_cities', 'scheduled__2025-04-16T07:00:00+00:00', '--job-id', '105', '--raw', '--subdir', 'DAGS_FOLDER/weather_pipeline_dag.py', '--cfg-path', '/var/folders/4n/q_76d_d57mb9q1qtrf4mvh940000gn/T/tmpqs14u9j3']
[2025-04-16T03:03:55.624-0500] {standard_task_runner.py:105} INFO - Job 105: Subtask fetch_weather_for_all_cities
[2025-04-16T03:03:55.641-0500] {task_command.py:467} INFO - Running <TaskInstance: multi_city_weather_pipeline.fetch_weather_for_all_cities scheduled__2025-04-16T07:00:00+00:00 [running]> on host Ramyas-MacBook-Air.local
[2025-04-16T03:03:55.669-0500] {taskinstance.py:3134} INFO - Exporting env vars: AIRFLOW_CTX_DAG_OWNER='airflow' AIRFLOW_CTX_DAG_ID='multi_city_weather_pipeline' AIRFLOW_CTX_TASK_ID='fetch_weather_for_all_cities' AIRFLOW_CTX_EXECUTION_DATE='2025-04-16T07:00:00+00:00' AIRFLOW_CTX_TRY_NUMBER='1' AIRFLOW_CTX_DAG_RUN_ID='scheduled__2025-04-16T07:00:00+00:00'
[2025-04-16T03:03:55.669-0500] {logging_mixin.py:190} INFO - Task instance is in running state
[2025-04-16T03:03:55.669-0500] {logging_mixin.py:190} INFO -  Previous state of the Task instance: queued
[2025-04-16T03:03:55.670-0500] {logging_mixin.py:190} INFO - Current task name:fetch_weather_for_all_cities state:running start_date:2025-04-16 08:03:55.609643+00:00
[2025-04-16T03:03:55.670-0500] {logging_mixin.py:190} INFO - Dag name:multi_city_weather_pipeline and current dag run status:running
[2025-04-16T03:03:55.670-0500] {taskinstance.py:732} INFO - ::endgroup::
[2025-04-16T03:03:55.856-0500] {logging_mixin.py:190} INFO - Dallas: 14.27°C, clear sky
[2025-04-16T03:03:56.165-0500] {logging_mixin.py:190} INFO - Saved Dallas to DB.
[2025-04-16T03:03:56.351-0500] {logging_mixin.py:190} INFO - New York: 8.51°C, overcast clouds
[2025-04-16T03:03:56.727-0500] {logging_mixin.py:190} INFO - Saved New York to DB.
[2025-04-16T03:03:56.922-0500] {logging_mixin.py:190} INFO - London: 9.65°C, broken clouds
[2025-04-16T03:03:57.218-0500] {logging_mixin.py:190} INFO - Saved London to DB.
[2025-04-16T03:03:57.400-0500] {logging_mixin.py:190} INFO - Tokyo: 20.02°C, few clouds
[2025-04-16T03:03:57.858-0500] {logging_mixin.py:190} INFO - Saved Tokyo to DB.
[2025-04-16T03:03:58.039-0500] {logging_mixin.py:190} INFO - Bengaluru: 31.57°C, scattered clouds
[2025-04-16T03:03:58.325-0500] {logging_mixin.py:190} INFO - Saved Bengaluru to DB.
[2025-04-16T03:03:58.515-0500] {logging_mixin.py:190} INFO - San Francisco: 11.73°C, overcast clouds
[2025-04-16T03:03:58.795-0500] {logging_mixin.py:190} INFO - Saved San Francisco to DB.
[2025-04-16T03:03:58.976-0500] {logging_mixin.py:190} INFO - Chicago: 4.02°C, clear sky
[2025-04-16T03:03:59.439-0500] {logging_mixin.py:190} INFO - Saved Chicago to DB.
[2025-04-16T03:03:59.624-0500] {logging_mixin.py:190} INFO - Berlin: 18.11°C, clear sky
[2025-04-16T03:03:59.904-0500] {logging_mixin.py:190} INFO - Saved Berlin to DB.
[2025-04-16T03:04:00.089-0500] {logging_mixin.py:190} INFO - Sydney: 19.58°C, broken clouds
[2025-04-16T03:04:00.354-0500] {logging_mixin.py:190} INFO - Saved Sydney to DB.
[2025-04-16T03:04:00.534-0500] {logging_mixin.py:190} INFO - Toronto: 1.68°C, overcast clouds
[2025-04-16T03:04:00.705-0500] {logging_mixin.py:190} INFO - Saved Toronto to DB.
[2025-04-16T03:04:00.885-0500] {logging_mixin.py:190} INFO - Mumbai: 31.99°C, smoke
[2025-04-16T03:04:01.335-0500] {logging_mixin.py:190} INFO - Saved Mumbai to DB.
[2025-04-16T03:04:01.523-0500] {logging_mixin.py:190} INFO - Cape Town: 19.04°C, clear sky
[2025-04-16T03:04:01.999-0500] {logging_mixin.py:190} INFO - Saved Cape Town to DB.
[2025-04-16T03:04:02.058-0500] {logging_mixin.py:190} INFO - ✅ Excel report saved: /Users/Ramya_Rangaraju/Data_engineering_projects/weather_pipeline/scripts/../reports/weather_report_2025-04-16.xlsx
[2025-04-16T03:04:02.058-0500] {python.py:240} INFO - Done. Returned value was: None
[2025-04-16T03:04:02.060-0500] {taskinstance.py:341} INFO - ::group::Post task execution logs
[2025-04-16T03:04:02.060-0500] {taskinstance.py:353} INFO - Marking task as SUCCESS. dag_id=multi_city_weather_pipeline, task_id=fetch_weather_for_all_cities, run_id=scheduled__2025-04-16T07:00:00+00:00, execution_date=20250416T070000, start_date=20250416T080355, end_date=20250416T080402
[2025-04-16T03:04:02.065-0500] {logging_mixin.py:190} INFO - Task instance in success state
[2025-04-16T03:04:02.065-0500] {logging_mixin.py:190} INFO -  Previous state of the Task instance: running
[2025-04-16T03:04:02.066-0500] {logging_mixin.py:190} INFO - Dag name:multi_city_weather_pipeline queued_at:2025-04-16 08:03:38.884208+00:00
[2025-04-16T03:04:02.066-0500] {logging_mixin.py:190} INFO - Task hostname:Ramyas-MacBook-Air.local operator:PythonOperator
[2025-04-16T03:04:02.085-0500] {local_task_job_runner.py:266} INFO - Task exited with return code 0
[2025-04-16T03:04:02.088-0500] {taskinstance.py:3901} INFO - 0 downstream tasks scheduled from follow-on schedule check
[2025-04-16T03:04:02.089-0500] {local_task_job_runner.py:245} INFO - ::endgroup::
