[2025-04-15T20:55:15.225-0500] {local_task_job_runner.py:123} INFO - ::group::Pre task execution logs
[2025-04-15T20:55:15.229-0500] {taskinstance.py:2614} INFO - Dependencies all met for dep_context=non-requeueable deps ti=<TaskInstance: multi_city_weather_pipeline.fetch_weather_for_all_cities scheduled__2025-04-15T14:00:00+00:00 [queued]>
[2025-04-15T20:55:15.231-0500] {taskinstance.py:2614} INFO - Dependencies all met for dep_context=requeueable deps ti=<TaskInstance: multi_city_weather_pipeline.fetch_weather_for_all_cities scheduled__2025-04-15T14:00:00+00:00 [queued]>
[2025-04-15T20:55:15.231-0500] {taskinstance.py:2867} INFO - Starting attempt 7 of 2
[2025-04-15T20:55:15.236-0500] {taskinstance.py:2890} INFO - Executing <Task(PythonOperator): fetch_weather_for_all_cities> on 2025-04-15 14:00:00+00:00
[2025-04-15T20:55:15.239-0500] {standard_task_runner.py:72} INFO - Started process 10327 to run task
[2025-04-15T20:55:15.244-0500] {standard_task_runner.py:104} INFO - Running: ['airflow', 'tasks', 'run', 'multi_city_weather_pipeline', 'fetch_weather_for_all_cities', 'scheduled__2025-04-15T14:00:00+00:00', '--job-id', '96', '--raw', '--subdir', 'DAGS_FOLDER/weather_pipeline_dag.py', '--cfg-path', '/var/folders/4n/q_76d_d57mb9q1qtrf4mvh940000gn/T/tmpsqsgnd40']
[2025-04-15T20:55:15.245-0500] {standard_task_runner.py:105} INFO - Job 96: Subtask fetch_weather_for_all_cities
[2025-04-15T20:55:15.266-0500] {task_command.py:467} INFO - Running <TaskInstance: multi_city_weather_pipeline.fetch_weather_for_all_cities scheduled__2025-04-15T14:00:00+00:00 [running]> on host ramyas-macbook-air.local
[2025-04-15T20:55:15.287-0500] {taskinstance.py:3134} INFO - Exporting env vars: AIRFLOW_CTX_DAG_OWNER='airflow' AIRFLOW_CTX_DAG_ID='multi_city_weather_pipeline' AIRFLOW_CTX_TASK_ID='fetch_weather_for_all_cities' AIRFLOW_CTX_EXECUTION_DATE='2025-04-15T14:00:00+00:00' AIRFLOW_CTX_TRY_NUMBER='7' AIRFLOW_CTX_DAG_RUN_ID='scheduled__2025-04-15T14:00:00+00:00'
[2025-04-15T20:55:15.287-0500] {logging_mixin.py:190} INFO - Task instance is in running state
[2025-04-15T20:55:15.287-0500] {logging_mixin.py:190} INFO -  Previous state of the Task instance: queued
[2025-04-15T20:55:15.288-0500] {logging_mixin.py:190} INFO - Current task name:fetch_weather_for_all_cities state:running start_date:2025-04-16 01:55:15.229345+00:00
[2025-04-15T20:55:15.288-0500] {logging_mixin.py:190} INFO - Dag name:multi_city_weather_pipeline and current dag run status:running
[2025-04-15T20:55:15.288-0500] {taskinstance.py:732} INFO - ::endgroup::
[2025-04-15T20:55:15.474-0500] {logging_mixin.py:190} INFO - Dallas: 19.49°C, clear sky
[2025-04-15T20:55:15.850-0500] {logging_mixin.py:190} INFO - Saved Dallas to DB.
[2025-04-15T20:55:16.038-0500] {logging_mixin.py:190} INFO - New York: 12.18°C, overcast clouds
[2025-04-15T20:55:16.391-0500] {logging_mixin.py:190} INFO - Saved New York to DB.
[2025-04-15T20:55:16.770-0500] {logging_mixin.py:190} INFO - London: 8.62°C, broken clouds
[2025-04-15T20:55:16.965-0500] {logging_mixin.py:190} INFO - Saved London to DB.
[2025-04-15T20:55:17.179-0500] {logging_mixin.py:190} INFO - Tokyo: 18.09°C, clear sky
[2025-04-15T20:55:17.235-0500] {logging_mixin.py:190} INFO - Saved Tokyo to DB.
[2025-04-15T20:55:17.425-0500] {logging_mixin.py:190} INFO - Bengaluru: 23.07°C, scattered clouds
[2025-04-15T20:55:17.784-0500] {logging_mixin.py:190} INFO - Saved Bengaluru to DB.
[2025-04-15T20:55:17.967-0500] {logging_mixin.py:190} INFO - San Francisco: 13.49°C, overcast clouds
[2025-04-15T20:55:18.049-0500] {logging_mixin.py:190} INFO - Saved San Francisco to DB.
[2025-04-15T20:55:18.708-0500] {logging_mixin.py:190} INFO - Chicago: 10.51°C, scattered clouds
[2025-04-15T20:55:18.983-0500] {logging_mixin.py:190} INFO - Saved Chicago to DB.
[2025-04-15T20:55:19.173-0500] {logging_mixin.py:190} INFO - Berlin: 13.24°C, few clouds
[2025-04-15T20:55:19.364-0500] {logging_mixin.py:190} INFO - Saved Berlin to DB.
[2025-04-15T20:55:19.574-0500] {logging_mixin.py:190} INFO - Sydney: 20.79°C, light rain
[2025-04-15T20:55:19.744-0500] {logging_mixin.py:190} INFO - Saved Sydney to DB.
[2025-04-15T20:55:19.946-0500] {logging_mixin.py:190} INFO - Toronto: 2.61°C, overcast clouds
[2025-04-15T20:55:20.261-0500] {logging_mixin.py:190} INFO - Saved Toronto to DB.
[2025-04-15T20:55:20.444-0500] {logging_mixin.py:190} INFO - Mumbai: 27.99°C, haze
[2025-04-15T20:55:20.629-0500] {logging_mixin.py:190} INFO - Saved Mumbai to DB.
[2025-04-15T20:55:20.808-0500] {logging_mixin.py:190} INFO - Cape Town: 16.77°C, clear sky
[2025-04-15T20:55:21.002-0500] {logging_mixin.py:190} INFO - Saved Cape Town to DB.
[2025-04-15T20:55:21.070-0500] {logging_mixin.py:190} INFO - ✅ Excel report saved: /Users/Ramya_Rangaraju/Data_engineering_projects/weather_pipeline/scripts/../reports/weather_report_2025-04-15.xlsx
[2025-04-15T20:55:21.070-0500] {python.py:240} INFO - Done. Returned value was: None
[2025-04-15T20:55:21.073-0500] {taskinstance.py:341} INFO - ::group::Post task execution logs
[2025-04-15T20:55:21.074-0500] {taskinstance.py:353} INFO - Marking task as SUCCESS. dag_id=multi_city_weather_pipeline, task_id=fetch_weather_for_all_cities, run_id=scheduled__2025-04-15T14:00:00+00:00, execution_date=20250415T140000, start_date=20250416T015515, end_date=20250416T015521
[2025-04-15T20:55:21.078-0500] {logging_mixin.py:190} INFO - Task instance in success state
[2025-04-15T20:55:21.078-0500] {logging_mixin.py:190} INFO -  Previous state of the Task instance: running
[2025-04-15T20:55:21.079-0500] {logging_mixin.py:190} INFO - Dag name:multi_city_weather_pipeline queued_at:2025-04-15 15:12:06.910755+00:00
[2025-04-15T20:55:21.079-0500] {logging_mixin.py:190} INFO - Task hostname:ramyas-macbook-air.local operator:PythonOperator
[2025-04-15T20:55:21.101-0500] {local_task_job_runner.py:266} INFO - Task exited with return code 0
[2025-04-15T20:55:21.106-0500] {taskinstance.py:3901} INFO - 0 downstream tasks scheduled from follow-on schedule check
[2025-04-15T20:55:21.106-0500] {local_task_job_runner.py:245} INFO - ::endgroup::
