[2025-04-17T12:08:23.780-0500] {local_task_job_runner.py:123} INFO - ::group::Pre task execution logs
[2025-04-17T12:08:23.783-0500] {taskinstance.py:2614} INFO - Dependencies all met for dep_context=non-requeueable deps ti=<TaskInstance: multi_city_weather_pipeline.fetch_weather_for_all_cities scheduled__2025-04-17T16:00:00+00:00 [queued]>
[2025-04-17T12:08:23.785-0500] {taskinstance.py:2614} INFO - Dependencies all met for dep_context=requeueable deps ti=<TaskInstance: multi_city_weather_pipeline.fetch_weather_for_all_cities scheduled__2025-04-17T16:00:00+00:00 [queued]>
[2025-04-17T12:08:23.785-0500] {taskinstance.py:2867} INFO - Starting attempt 1 of 2
[2025-04-17T12:08:23.789-0500] {taskinstance.py:2890} INFO - Executing <Task(PythonOperator): fetch_weather_for_all_cities> on 2025-04-17 16:00:00+00:00
[2025-04-17T12:08:23.794-0500] {standard_task_runner.py:72} INFO - Started process 55025 to run task
[2025-04-17T12:08:23.798-0500] {standard_task_runner.py:104} INFO - Running: ['airflow', 'tasks', 'run', 'multi_city_weather_pipeline', 'fetch_weather_for_all_cities', 'scheduled__2025-04-17T16:00:00+00:00', '--job-id', '147', '--raw', '--subdir', 'DAGS_FOLDER/weather_pipeline_dag.py', '--cfg-path', '/var/folders/4n/q_76d_d57mb9q1qtrf4mvh940000gn/T/tmptpu8x9j6']
[2025-04-17T12:08:23.799-0500] {standard_task_runner.py:105} INFO - Job 147: Subtask fetch_weather_for_all_cities
[2025-04-17T12:08:23.819-0500] {task_command.py:467} INFO - Running <TaskInstance: multi_city_weather_pipeline.fetch_weather_for_all_cities scheduled__2025-04-17T16:00:00+00:00 [running]> on host ramyas-air.lan
[2025-04-17T12:08:23.839-0500] {taskinstance.py:3134} INFO - Exporting env vars: AIRFLOW_CTX_DAG_OWNER='airflow' AIRFLOW_CTX_DAG_ID='multi_city_weather_pipeline' AIRFLOW_CTX_TASK_ID='fetch_weather_for_all_cities' AIRFLOW_CTX_EXECUTION_DATE='2025-04-17T16:00:00+00:00' AIRFLOW_CTX_TRY_NUMBER='1' AIRFLOW_CTX_DAG_RUN_ID='scheduled__2025-04-17T16:00:00+00:00'
[2025-04-17T12:08:23.839-0500] {logging_mixin.py:190} INFO - Task instance is in running state
[2025-04-17T12:08:23.839-0500] {logging_mixin.py:190} INFO -  Previous state of the Task instance: queued
[2025-04-17T12:08:23.840-0500] {logging_mixin.py:190} INFO - Current task name:fetch_weather_for_all_cities state:running start_date:2025-04-17 17:08:23.783628+00:00
[2025-04-17T12:08:23.840-0500] {logging_mixin.py:190} INFO - Dag name:multi_city_weather_pipeline and current dag run status:running
[2025-04-17T12:08:23.840-0500] {taskinstance.py:732} INFO - ::endgroup::
[2025-04-17T12:08:24.093-0500] {logging_mixin.py:190} INFO - Dallas: 25.22°C, scattered clouds
[2025-04-17T12:08:24.630-0500] {logging_mixin.py:190} INFO - Saved Dallas to DB.
[2025-04-17T12:08:24.814-0500] {logging_mixin.py:190} INFO - New York: 13.65°C, clear sky
[2025-04-17T12:08:25.121-0500] {logging_mixin.py:190} INFO - Saved New York to DB.
[2025-04-17T12:08:25.322-0500] {logging_mixin.py:190} INFO - London: 16.18°C, overcast clouds
[2025-04-17T12:08:25.401-0500] {logging_mixin.py:190} INFO - Saved London to DB.
[2025-04-17T12:08:25.619-0500] {logging_mixin.py:190} INFO - Tokyo: 17.79°C, clear sky
[2025-04-17T12:08:25.724-0500] {logging_mixin.py:190} INFO - Saved Tokyo to DB.
[2025-04-17T12:08:25.939-0500] {logging_mixin.py:190} INFO - Bengaluru: 30.33°C, broken clouds
[2025-04-17T12:08:26.110-0500] {logging_mixin.py:190} INFO - Saved Bengaluru to DB.
[2025-04-17T12:08:26.294-0500] {logging_mixin.py:190} INFO - San Francisco: 12.41°C, overcast clouds
[2025-04-17T12:08:26.510-0500] {logging_mixin.py:190} INFO - Saved San Francisco to DB.
[2025-04-17T12:08:26.885-0500] {logging_mixin.py:190} INFO - Chicago: 16.81°C, overcast clouds
[2025-04-17T12:08:27.155-0500] {logging_mixin.py:190} INFO - Saved Chicago to DB.
[2025-04-17T12:08:27.341-0500] {logging_mixin.py:190} INFO - Berlin: 22.32°C, clear sky
[2025-04-17T12:08:27.810-0500] {logging_mixin.py:190} INFO - Saved Berlin to DB.
[2025-04-17T12:08:28.028-0500] {logging_mixin.py:190} INFO - Sydney: 15.9°C, few clouds
[2025-04-17T12:08:28.358-0500] {logging_mixin.py:190} INFO - Saved Sydney to DB.
[2025-04-17T12:08:28.537-0500] {logging_mixin.py:190} INFO - Toronto: 9.59°C, few clouds
[2025-04-17T12:08:28.571-0500] {logging_mixin.py:190} INFO - Saved Toronto to DB.
[2025-04-17T12:26:23.991-0500] {job.py:229} INFO - Heartbeat recovered after 1080.29 seconds
[2025-04-17T12:26:24.852-0500] {logging_mixin.py:190} INFO - Mumbai: 28.21°C, clear sky
[2025-04-17T12:26:25.195-0500] {logging_mixin.py:190} INFO - Saved Mumbai to DB.
[2025-04-17T12:26:25.499-0500] {logging_mixin.py:190} INFO - Cape Town: 20.37°C, few clouds
[2025-04-17T12:26:25.688-0500] {logging_mixin.py:190} INFO - Saved Cape Town to DB.
[2025-04-17T12:26:25.787-0500] {logging_mixin.py:190} INFO - ✅ Excel report saved: /Users/Ramya_Rangaraju/Data_engineering_projects/weather_pipeline/scripts/../reports/weather_report_2025-04-17.xlsx
[2025-04-17T12:26:25.787-0500] {python.py:240} INFO - Done. Returned value was: None
[2025-04-17T12:26:25.792-0500] {taskinstance.py:341} INFO - ::group::Post task execution logs
[2025-04-17T12:26:25.793-0500] {taskinstance.py:353} INFO - Marking task as SUCCESS. dag_id=multi_city_weather_pipeline, task_id=fetch_weather_for_all_cities, run_id=scheduled__2025-04-17T16:00:00+00:00, execution_date=20250417T160000, start_date=20250417T170823, end_date=20250417T172625
[2025-04-17T12:26:25.799-0500] {logging_mixin.py:190} INFO - Task instance in success state
[2025-04-17T12:26:25.799-0500] {logging_mixin.py:190} INFO -  Previous state of the Task instance: running
[2025-04-17T12:26:25.799-0500] {logging_mixin.py:190} INFO - Dag name:multi_city_weather_pipeline queued_at:2025-04-17 17:08:13.806573+00:00
[2025-04-17T12:26:25.800-0500] {logging_mixin.py:190} INFO - Task hostname:ramyas-air.lan operator:PythonOperator
[2025-04-17T12:26:25.825-0500] {local_task_job_runner.py:266} INFO - Task exited with return code 0
[2025-04-17T12:26:25.832-0500] {taskinstance.py:3901} INFO - 0 downstream tasks scheduled from follow-on schedule check
[2025-04-17T12:26:25.832-0500] {local_task_job_runner.py:245} INFO - ::endgroup::
