[2025-04-16T23:00:11.963-0500] {local_task_job_runner.py:123} INFO - ::group::Pre task execution logs
[2025-04-16T23:00:11.966-0500] {taskinstance.py:2614} INFO - Dependencies all met for dep_context=non-requeueable deps ti=<TaskInstance: multi_city_weather_pipeline.fetch_weather_for_all_cities scheduled__2025-04-17T03:00:00+00:00 [queued]>
[2025-04-16T23:00:11.967-0500] {taskinstance.py:2614} INFO - Dependencies all met for dep_context=requeueable deps ti=<TaskInstance: multi_city_weather_pipeline.fetch_weather_for_all_cities scheduled__2025-04-17T03:00:00+00:00 [queued]>
[2025-04-16T23:00:11.967-0500] {taskinstance.py:2867} INFO - Starting attempt 1 of 2
[2025-04-16T23:00:11.972-0500] {taskinstance.py:2890} INFO - Executing <Task(PythonOperator): fetch_weather_for_all_cities> on 2025-04-17 03:00:00+00:00
[2025-04-16T23:00:11.974-0500] {standard_task_runner.py:72} INFO - Started process 42057 to run task
[2025-04-16T23:00:11.978-0500] {standard_task_runner.py:104} INFO - Running: ['airflow', 'tasks', 'run', 'multi_city_weather_pipeline', 'fetch_weather_for_all_cities', 'scheduled__2025-04-17T03:00:00+00:00', '--job-id', '133', '--raw', '--subdir', 'DAGS_FOLDER/weather_pipeline_dag.py', '--cfg-path', '/var/folders/4n/q_76d_d57mb9q1qtrf4mvh940000gn/T/tmpqj69p91y']
[2025-04-16T23:00:11.979-0500] {standard_task_runner.py:105} INFO - Job 133: Subtask fetch_weather_for_all_cities
[2025-04-16T23:00:11.996-0500] {task_command.py:467} INFO - Running <TaskInstance: multi_city_weather_pipeline.fetch_weather_for_all_cities scheduled__2025-04-17T03:00:00+00:00 [running]> on host ramyas-air.lan
[2025-04-16T23:00:12.015-0500] {taskinstance.py:3134} INFO - Exporting env vars: AIRFLOW_CTX_DAG_OWNER='airflow' AIRFLOW_CTX_DAG_ID='multi_city_weather_pipeline' AIRFLOW_CTX_TASK_ID='fetch_weather_for_all_cities' AIRFLOW_CTX_EXECUTION_DATE='2025-04-17T03:00:00+00:00' AIRFLOW_CTX_TRY_NUMBER='1' AIRFLOW_CTX_DAG_RUN_ID='scheduled__2025-04-17T03:00:00+00:00'
[2025-04-16T23:00:12.016-0500] {logging_mixin.py:190} INFO - Task instance is in running state
[2025-04-16T23:00:12.016-0500] {logging_mixin.py:190} INFO -  Previous state of the Task instance: queued
[2025-04-16T23:00:12.016-0500] {logging_mixin.py:190} INFO - Current task name:fetch_weather_for_all_cities state:running start_date:2025-04-17 04:00:11.966399+00:00
[2025-04-16T23:00:12.016-0500] {logging_mixin.py:190} INFO - Dag name:multi_city_weather_pipeline and current dag run status:running
[2025-04-16T23:00:12.017-0500] {taskinstance.py:732} INFO - ::endgroup::
[2025-04-16T23:00:12.411-0500] {logging_mixin.py:190} INFO - Dallas: 22.59°C, clear sky
[2025-04-16T23:00:12.973-0500] {logging_mixin.py:190} INFO - Saved Dallas to DB.
[2025-04-16T23:00:13.168-0500] {logging_mixin.py:190} INFO - New York: 7.49°C, overcast clouds
[2025-04-16T23:00:13.226-0500] {logging_mixin.py:190} INFO - Saved New York to DB.
[2025-04-16T23:00:13.408-0500] {logging_mixin.py:190} INFO - London: 4.53°C, overcast clouds
[2025-04-16T23:00:13.516-0500] {logging_mixin.py:190} INFO - Saved London to DB.
[2025-04-16T23:00:13.696-0500] {logging_mixin.py:190} INFO - Tokyo: 21.31°C, few clouds
[2025-04-16T23:00:13.801-0500] {logging_mixin.py:190} INFO - Saved Tokyo to DB.
[2025-04-16T23:00:13.986-0500] {logging_mixin.py:190} INFO - Bengaluru: 28.37°C, few clouds
[2025-04-16T23:00:14.157-0500] {logging_mixin.py:190} INFO - Saved Bengaluru to DB.
[2025-04-16T23:00:14.338-0500] {logging_mixin.py:190} INFO - San Francisco: 12.33°C, broken clouds
[2025-04-16T23:00:14.489-0500] {logging_mixin.py:190} INFO - Saved San Francisco to DB.
[2025-04-16T23:00:14.699-0500] {logging_mixin.py:190} INFO - Chicago: 4.49°C, scattered clouds
[2025-04-16T23:00:14.904-0500] {logging_mixin.py:190} INFO - Saved Chicago to DB.
[2025-04-16T23:00:15.081-0500] {logging_mixin.py:190} INFO - Berlin: 15.1°C, clear sky
[2025-04-16T23:00:15.394-0500] {logging_mixin.py:190} INFO - Saved Berlin to DB.
[2025-04-16T23:00:15.583-0500] {logging_mixin.py:190} INFO - Sydney: 23.01°C, light rain
[2025-04-16T23:00:15.723-0500] {logging_mixin.py:190} INFO - Saved Sydney to DB.
[2025-04-16T23:00:15.904-0500] {logging_mixin.py:190} INFO - Toronto: 2.43°C, clear sky
[2025-04-16T23:00:16.041-0500] {logging_mixin.py:190} INFO - Saved Toronto to DB.
[2025-04-16T23:00:16.226-0500] {logging_mixin.py:190} INFO - Mumbai: 28.15°C, clear sky
[2025-04-16T23:00:16.620-0500] {logging_mixin.py:190} INFO - Saved Mumbai to DB.
[2025-04-16T23:00:17.001-0500] {logging_mixin.py:190} INFO - Cape Town: 16.01°C, clear sky
[2025-04-16T23:00:17.118-0500] {logging_mixin.py:190} INFO - Saved Cape Town to DB.
[2025-04-16T23:00:17.577-0500] {logging_mixin.py:190} INFO - ✅ Excel report saved: /Users/Ramya_Rangaraju/Data_engineering_projects/weather_pipeline/scripts/../reports/weather_report_2025-04-16.xlsx
[2025-04-16T23:00:17.578-0500] {python.py:240} INFO - Done. Returned value was: None
[2025-04-16T23:00:17.585-0500] {taskinstance.py:341} INFO - ::group::Post task execution logs
[2025-04-16T23:00:17.586-0500] {taskinstance.py:353} INFO - Marking task as SUCCESS. dag_id=multi_city_weather_pipeline, task_id=fetch_weather_for_all_cities, run_id=scheduled__2025-04-17T03:00:00+00:00, execution_date=20250417T030000, start_date=20250417T040011, end_date=20250417T040017
[2025-04-16T23:00:17.593-0500] {logging_mixin.py:190} INFO - Task instance in success state
[2025-04-16T23:00:17.594-0500] {logging_mixin.py:190} INFO -  Previous state of the Task instance: running
[2025-04-16T23:00:17.594-0500] {logging_mixin.py:190} INFO - Dag name:multi_city_weather_pipeline queued_at:2025-04-17 04:00:02.737627+00:00
[2025-04-16T23:00:17.594-0500] {logging_mixin.py:190} INFO - Task hostname:ramyas-air.lan operator:PythonOperator
[2025-04-16T23:00:17.605-0500] {local_task_job_runner.py:266} INFO - Task exited with return code 0
[2025-04-16T23:00:17.609-0500] {taskinstance.py:3901} INFO - 0 downstream tasks scheduled from follow-on schedule check
[2025-04-16T23:00:17.609-0500] {local_task_job_runner.py:245} INFO - ::endgroup::
