[2025-04-16T00:02:57.265-0500] {local_task_job_runner.py:123} INFO - ::group::Pre task execution logs
[2025-04-16T00:02:57.269-0500] {taskinstance.py:2614} INFO - Dependencies all met for dep_context=non-requeueable deps ti=<TaskInstance: multi_city_weather_pipeline.fetch_weather_for_all_cities scheduled__2025-04-16T04:00:00+00:00 [queued]>
[2025-04-16T00:02:57.270-0500] {taskinstance.py:2614} INFO - Dependencies all met for dep_context=requeueable deps ti=<TaskInstance: multi_city_weather_pipeline.fetch_weather_for_all_cities scheduled__2025-04-16T04:00:00+00:00 [queued]>
[2025-04-16T00:02:57.270-0500] {taskinstance.py:2867} INFO - Starting attempt 1 of 2
[2025-04-16T00:02:57.274-0500] {taskinstance.py:2890} INFO - Executing <Task(PythonOperator): fetch_weather_for_all_cities> on 2025-04-16 04:00:00+00:00
[2025-04-16T00:02:57.278-0500] {standard_task_runner.py:72} INFO - Started process 11575 to run task
[2025-04-16T00:02:57.280-0500] {standard_task_runner.py:104} INFO - Running: ['airflow', 'tasks', 'run', 'multi_city_weather_pipeline', 'fetch_weather_for_all_cities', 'scheduled__2025-04-16T04:00:00+00:00', '--job-id', '101', '--raw', '--subdir', 'DAGS_FOLDER/weather_pipeline_dag.py', '--cfg-path', '/var/folders/4n/q_76d_d57mb9q1qtrf4mvh940000gn/T/tmpi1n0dy73']
[2025-04-16T00:02:57.281-0500] {standard_task_runner.py:105} INFO - Job 101: Subtask fetch_weather_for_all_cities
[2025-04-16T00:02:57.299-0500] {task_command.py:467} INFO - Running <TaskInstance: multi_city_weather_pipeline.fetch_weather_for_all_cities scheduled__2025-04-16T04:00:00+00:00 [running]> on host ramyas-macbook-air.local
[2025-04-16T00:02:57.318-0500] {taskinstance.py:3134} INFO - Exporting env vars: AIRFLOW_CTX_DAG_OWNER='airflow' AIRFLOW_CTX_DAG_ID='multi_city_weather_pipeline' AIRFLOW_CTX_TASK_ID='fetch_weather_for_all_cities' AIRFLOW_CTX_EXECUTION_DATE='2025-04-16T04:00:00+00:00' AIRFLOW_CTX_TRY_NUMBER='1' AIRFLOW_CTX_DAG_RUN_ID='scheduled__2025-04-16T04:00:00+00:00'
[2025-04-16T00:02:57.319-0500] {logging_mixin.py:190} INFO - Task instance is in running state
[2025-04-16T00:02:57.319-0500] {logging_mixin.py:190} INFO -  Previous state of the Task instance: queued
[2025-04-16T00:02:57.319-0500] {logging_mixin.py:190} INFO - Current task name:fetch_weather_for_all_cities state:running start_date:2025-04-16 05:02:57.269370+00:00
[2025-04-16T00:02:57.320-0500] {logging_mixin.py:190} INFO - Dag name:multi_city_weather_pipeline and current dag run status:running
[2025-04-16T00:02:57.320-0500] {taskinstance.py:732} INFO - ::endgroup::
[2025-04-16T00:02:57.567-0500] {logging_mixin.py:190} INFO - Dallas: 15.63°C, clear sky
[2025-04-16T00:02:58.266-0500] {logging_mixin.py:190} INFO - Saved Dallas to DB.
[2025-04-16T00:02:58.446-0500] {logging_mixin.py:190} INFO - New York: 9.42°C, overcast clouds
[2025-04-16T00:02:58.694-0500] {logging_mixin.py:190} INFO - Saved New York to DB.
[2025-04-16T00:02:58.877-0500] {logging_mixin.py:190} INFO - London: 8.83°C, broken clouds
[2025-04-16T00:02:59.248-0500] {logging_mixin.py:190} INFO - Saved London to DB.
[2025-04-16T00:02:59.461-0500] {logging_mixin.py:190} INFO - Tokyo: 19.23°C, clear sky
[2025-04-16T00:02:59.797-0500] {logging_mixin.py:190} INFO - Saved Tokyo to DB.
[2025-04-16T00:03:00.007-0500] {logging_mixin.py:190} INFO - Bengaluru: 28.59°C, clear sky
[2025-04-16T00:03:00.625-0500] {logging_mixin.py:190} INFO - Saved Bengaluru to DB.
[2025-04-16T00:03:00.818-0500] {logging_mixin.py:190} INFO - San Francisco: 12.02°C, broken clouds
[2025-04-16T00:03:01.241-0500] {logging_mixin.py:190} INFO - Saved San Francisco to DB.
[2025-04-16T00:03:01.457-0500] {logging_mixin.py:190} INFO - Chicago: 6.84°C, clear sky
[2025-04-16T00:03:01.712-0500] {logging_mixin.py:190} INFO - Saved Chicago to DB.
[2025-04-16T00:03:01.891-0500] {logging_mixin.py:190} INFO - Berlin: 12.62°C, broken clouds
[2025-04-16T00:03:01.903-0500] {logging_mixin.py:190} INFO - Saved Berlin to DB.
[2025-04-16T00:03:02.124-0500] {logging_mixin.py:190} INFO - Sydney: 21.6°C, broken clouds
[2025-04-16T00:03:02.133-0500] {logging_mixin.py:190} INFO - Saved Sydney to DB.
[2025-04-16T00:03:02.350-0500] {logging_mixin.py:190} INFO - Toronto: 2.38°C, broken clouds
[2025-04-16T00:03:02.363-0500] {logging_mixin.py:190} INFO - Saved Toronto to DB.
[2025-04-16T00:03:02.580-0500] {logging_mixin.py:190} INFO - Mumbai: 31.99°C, haze
[2025-04-16T00:03:03.166-0500] {logging_mixin.py:190} INFO - Saved Mumbai to DB.
[2025-04-16T00:03:03.347-0500] {logging_mixin.py:190} INFO - Cape Town: 16.18°C, clear sky
[2025-04-16T00:03:03.695-0500] {logging_mixin.py:190} INFO - Saved Cape Town to DB.
[2025-04-16T00:03:03.781-0500] {logging_mixin.py:190} INFO - ✅ Excel report saved: /Users/Ramya_Rangaraju/Data_engineering_projects/weather_pipeline/scripts/../reports/weather_report_2025-04-16.xlsx
[2025-04-16T00:03:03.781-0500] {python.py:240} INFO - Done. Returned value was: None
[2025-04-16T00:03:03.786-0500] {taskinstance.py:341} INFO - ::group::Post task execution logs
[2025-04-16T00:03:03.787-0500] {taskinstance.py:353} INFO - Marking task as SUCCESS. dag_id=multi_city_weather_pipeline, task_id=fetch_weather_for_all_cities, run_id=scheduled__2025-04-16T04:00:00+00:00, execution_date=20250416T040000, start_date=20250416T050257, end_date=20250416T050303
[2025-04-16T00:03:03.793-0500] {logging_mixin.py:190} INFO - Task instance in success state
[2025-04-16T00:03:03.793-0500] {logging_mixin.py:190} INFO -  Previous state of the Task instance: running
[2025-04-16T00:03:03.794-0500] {logging_mixin.py:190} INFO - Dag name:multi_city_weather_pipeline queued_at:2025-04-16 05:02:47.185851+00:00
[2025-04-16T00:03:03.794-0500] {logging_mixin.py:190} INFO - Task hostname:ramyas-macbook-air.local operator:PythonOperator
[2025-04-16T00:03:03.837-0500] {local_task_job_runner.py:266} INFO - Task exited with return code 0
[2025-04-16T00:03:03.842-0500] {taskinstance.py:3901} INFO - 0 downstream tasks scheduled from follow-on schedule check
[2025-04-16T00:03:03.842-0500] {local_task_job_runner.py:245} INFO - ::endgroup::
