[2025-04-16T13:54:27.999-0500] {local_task_job_runner.py:123} INFO - ::group::Pre task execution logs
[2025-04-16T13:54:28.003-0500] {taskinstance.py:2614} INFO - Dependencies all met for dep_context=non-requeueable deps ti=<TaskInstance: multi_city_weather_pipeline.fetch_weather_for_all_cities manual__2025-04-16T18:54:16.514318+00:00 [queued]>
[2025-04-16T13:54:28.004-0500] {taskinstance.py:2614} INFO - Dependencies all met for dep_context=requeueable deps ti=<TaskInstance: multi_city_weather_pipeline.fetch_weather_for_all_cities manual__2025-04-16T18:54:16.514318+00:00 [queued]>
[2025-04-16T13:54:28.004-0500] {taskinstance.py:2867} INFO - Starting attempt 1 of 2
[2025-04-16T13:54:28.008-0500] {taskinstance.py:2890} INFO - Executing <Task(PythonOperator): fetch_weather_for_all_cities> on 2025-04-16 18:54:16.514318+00:00
[2025-04-16T13:54:28.015-0500] {standard_task_runner.py:72} INFO - Started process 23602 to run task
[2025-04-16T13:54:28.020-0500] {standard_task_runner.py:104} INFO - Running: ['airflow', 'tasks', 'run', 'multi_city_weather_pipeline', 'fetch_weather_for_all_cities', 'manual__2025-04-16T18:54:16.514318+00:00', '--job-id', '120', '--raw', '--subdir', 'DAGS_FOLDER/weather_pipeline_dag.py', '--cfg-path', '/var/folders/4n/q_76d_d57mb9q1qtrf4mvh940000gn/T/tmpg750vv09']
[2025-04-16T13:54:28.021-0500] {standard_task_runner.py:105} INFO - Job 120: Subtask fetch_weather_for_all_cities
[2025-04-16T13:54:28.042-0500] {task_command.py:467} INFO - Running <TaskInstance: multi_city_weather_pipeline.fetch_weather_for_all_cities manual__2025-04-16T18:54:16.514318+00:00 [running]> on host ramyas-macbook-air.local
[2025-04-16T13:54:28.062-0500] {taskinstance.py:3134} INFO - Exporting env vars: AIRFLOW_CTX_DAG_OWNER='airflow' AIRFLOW_CTX_DAG_ID='multi_city_weather_pipeline' AIRFLOW_CTX_TASK_ID='fetch_weather_for_all_cities' AIRFLOW_CTX_EXECUTION_DATE='2025-04-16T18:54:16.514318+00:00' AIRFLOW_CTX_TRY_NUMBER='1' AIRFLOW_CTX_DAG_RUN_ID='manual__2025-04-16T18:54:16.514318+00:00'
[2025-04-16T13:54:28.063-0500] {logging_mixin.py:190} INFO - Task instance is in running state
[2025-04-16T13:54:28.063-0500] {logging_mixin.py:190} INFO -  Previous state of the Task instance: queued
[2025-04-16T13:54:28.063-0500] {logging_mixin.py:190} INFO - Current task name:fetch_weather_for_all_cities state:running start_date:2025-04-16 18:54:28.003101+00:00
[2025-04-16T13:54:28.063-0500] {logging_mixin.py:190} INFO - Dag name:multi_city_weather_pipeline and current dag run status:running
[2025-04-16T13:54:28.063-0500] {taskinstance.py:732} INFO - ::endgroup::
[2025-04-16T13:54:28.251-0500] {logging_mixin.py:190} INFO - Dallas: 26.39°C, scattered clouds
[2025-04-16T13:54:29.831-0500] {logging_mixin.py:190} INFO - Saved Dallas to DB.
[2025-04-16T13:54:30.015-0500] {logging_mixin.py:190} INFO - New York: 9.84°C, overcast clouds
[2025-04-16T13:54:30.186-0500] {logging_mixin.py:190} INFO - Saved New York to DB.
[2025-04-16T13:54:30.410-0500] {logging_mixin.py:190} INFO - London: 12.23°C, clear sky
[2025-04-16T13:54:30.565-0500] {logging_mixin.py:190} INFO - Saved London to DB.
[2025-04-16T13:54:30.763-0500] {logging_mixin.py:190} INFO - Tokyo: 13.51°C, clear sky
[2025-04-16T13:54:30.783-0500] {logging_mixin.py:190} INFO - Saved Tokyo to DB.
[2025-04-16T13:54:30.987-0500] {logging_mixin.py:190} INFO - Bengaluru: 21.8°C, scattered clouds
[2025-04-16T13:54:31.024-0500] {logging_mixin.py:190} INFO - Saved Bengaluru to DB.
[2025-04-16T13:54:31.217-0500] {logging_mixin.py:190} INFO - San Francisco: 14.89°C, scattered clouds
[2025-04-16T13:54:31.420-0500] {logging_mixin.py:190} INFO - Saved San Francisco to DB.
[2025-04-16T13:54:31.642-0500] {logging_mixin.py:190} INFO - Chicago: 8.3°C, broken clouds
[2025-04-16T13:54:31.908-0500] {logging_mixin.py:190} INFO - Saved Chicago to DB.
[2025-04-16T13:54:32.105-0500] {logging_mixin.py:190} INFO - Berlin: 21.77°C, clear sky
[2025-04-16T13:54:32.432-0500] {logging_mixin.py:190} INFO - Saved Berlin to DB.
[2025-04-16T13:54:32.794-0500] {logging_mixin.py:190} INFO - Sydney: 15.73°C, light intensity shower rain
[2025-04-16T13:54:33.085-0500] {logging_mixin.py:190} INFO - Saved Sydney to DB.
[2025-04-16T13:54:33.298-0500] {logging_mixin.py:190} INFO - Toronto: 4.9°C, overcast clouds
[2025-04-16T13:54:33.589-0500] {logging_mixin.py:190} INFO - Saved Toronto to DB.
[2025-04-16T13:54:33.794-0500] {logging_mixin.py:190} INFO - Mumbai: 27.85°C, clear sky
[2025-04-16T13:54:33.930-0500] {logging_mixin.py:190} INFO - Saved Mumbai to DB.
[2025-04-16T13:54:34.111-0500] {logging_mixin.py:190} INFO - Cape Town: 18.5°C, clear sky
[2025-04-16T13:54:34.189-0500] {logging_mixin.py:190} INFO - Saved Cape Town to DB.
[2025-04-16T13:54:34.310-0500] {logging_mixin.py:190} INFO - ✅ Excel report saved: /Users/Ramya_Rangaraju/Data_engineering_projects/weather_pipeline/scripts/../reports/weather_report_2025-04-16.xlsx
[2025-04-16T13:54:34.310-0500] {python.py:240} INFO - Done. Returned value was: None
[2025-04-16T13:54:34.314-0500] {taskinstance.py:341} INFO - ::group::Post task execution logs
[2025-04-16T13:54:34.315-0500] {taskinstance.py:353} INFO - Marking task as SUCCESS. dag_id=multi_city_weather_pipeline, task_id=fetch_weather_for_all_cities, run_id=manual__2025-04-16T18:54:16.514318+00:00, execution_date=20250416T185416, start_date=20250416T185428, end_date=20250416T185434
[2025-04-16T13:54:34.323-0500] {logging_mixin.py:190} INFO - Task instance in success state
[2025-04-16T13:54:34.323-0500] {logging_mixin.py:190} INFO -  Previous state of the Task instance: running
[2025-04-16T13:54:34.323-0500] {logging_mixin.py:190} INFO - Dag name:multi_city_weather_pipeline queued_at:2025-04-16 18:54:16.521651+00:00
[2025-04-16T13:54:34.323-0500] {logging_mixin.py:190} INFO - Task hostname:ramyas-macbook-air.local operator:PythonOperator
[2025-04-16T13:54:34.339-0500] {local_task_job_runner.py:266} INFO - Task exited with return code 0
[2025-04-16T13:54:34.346-0500] {taskinstance.py:3901} INFO - 0 downstream tasks scheduled from follow-on schedule check
[2025-04-16T13:54:34.346-0500] {local_task_job_runner.py:245} INFO - ::endgroup::
