[2025-04-16T21:00:08.408-0500] {local_task_job_runner.py:123} INFO - ::group::Pre task execution logs
[2025-04-16T21:00:08.411-0500] {taskinstance.py:2614} INFO - Dependencies all met for dep_context=non-requeueable deps ti=<TaskInstance: multi_city_weather_pipeline.fetch_weather_for_all_cities scheduled__2025-04-17T01:00:00+00:00 [queued]>
[2025-04-16T21:00:08.413-0500] {taskinstance.py:2614} INFO - Dependencies all met for dep_context=requeueable deps ti=<TaskInstance: multi_city_weather_pipeline.fetch_weather_for_all_cities scheduled__2025-04-17T01:00:00+00:00 [queued]>
[2025-04-16T21:00:08.413-0500] {taskinstance.py:2867} INFO - Starting attempt 1 of 2
[2025-04-16T21:00:08.416-0500] {taskinstance.py:2890} INFO - Executing <Task(PythonOperator): fetch_weather_for_all_cities> on 2025-04-17 01:00:00+00:00
[2025-04-16T21:00:08.419-0500] {standard_task_runner.py:72} INFO - Started process 35601 to run task
[2025-04-16T21:00:08.423-0500] {standard_task_runner.py:104} INFO - Running: ['airflow', 'tasks', 'run', 'multi_city_weather_pipeline', 'fetch_weather_for_all_cities', 'scheduled__2025-04-17T01:00:00+00:00', '--job-id', '131', '--raw', '--subdir', 'DAGS_FOLDER/weather_pipeline_dag.py', '--cfg-path', '/var/folders/4n/q_76d_d57mb9q1qtrf4mvh940000gn/T/tmp7uu30tq1']
[2025-04-16T21:00:08.424-0500] {standard_task_runner.py:105} INFO - Job 131: Subtask fetch_weather_for_all_cities
[2025-04-16T21:00:08.441-0500] {task_command.py:467} INFO - Running <TaskInstance: multi_city_weather_pipeline.fetch_weather_for_all_cities scheduled__2025-04-17T01:00:00+00:00 [running]> on host ramyas-air.lan
[2025-04-16T21:00:08.461-0500] {taskinstance.py:3134} INFO - Exporting env vars: AIRFLOW_CTX_DAG_OWNER='airflow' AIRFLOW_CTX_DAG_ID='multi_city_weather_pipeline' AIRFLOW_CTX_TASK_ID='fetch_weather_for_all_cities' AIRFLOW_CTX_EXECUTION_DATE='2025-04-17T01:00:00+00:00' AIRFLOW_CTX_TRY_NUMBER='1' AIRFLOW_CTX_DAG_RUN_ID='scheduled__2025-04-17T01:00:00+00:00'
[2025-04-16T21:00:08.462-0500] {logging_mixin.py:190} INFO - Task instance is in running state
[2025-04-16T21:00:08.462-0500] {logging_mixin.py:190} INFO -  Previous state of the Task instance: queued
[2025-04-16T21:00:08.462-0500] {logging_mixin.py:190} INFO - Current task name:fetch_weather_for_all_cities state:running start_date:2025-04-17 02:00:08.411470+00:00
[2025-04-16T21:00:08.462-0500] {logging_mixin.py:190} INFO - Dag name:multi_city_weather_pipeline and current dag run status:running
[2025-04-16T21:00:08.463-0500] {taskinstance.py:732} INFO - ::endgroup::
[2025-04-16T21:00:08.721-0500] {logging_mixin.py:190} INFO - Dallas: 24.02°C, clear sky
[2025-04-16T21:00:09.835-0500] {logging_mixin.py:190} INFO - Saved Dallas to DB.
[2025-04-16T21:00:10.331-0500] {logging_mixin.py:190} INFO - New York: 8.34°C, broken clouds
[2025-04-16T21:00:10.531-0500] {logging_mixin.py:190} INFO - Saved New York to DB.
[2025-04-16T21:00:10.787-0500] {logging_mixin.py:190} INFO - London: 5.46°C, overcast clouds
[2025-04-16T21:00:11.156-0500] {logging_mixin.py:190} INFO - Saved London to DB.
[2025-04-16T21:00:11.371-0500] {logging_mixin.py:190} INFO - Tokyo: 19.52°C, clear sky
[2025-04-16T21:00:11.395-0500] {logging_mixin.py:190} INFO - Saved Tokyo to DB.
[2025-04-16T21:00:11.614-0500] {logging_mixin.py:190} INFO - Bengaluru: 23.13°C, scattered clouds
[2025-04-16T21:00:11.670-0500] {logging_mixin.py:190} INFO - Saved Bengaluru to DB.
[2025-04-16T21:00:12.078-0500] {logging_mixin.py:190} INFO - San Francisco: 13.03°C, broken clouds
[2025-04-16T21:00:12.113-0500] {logging_mixin.py:190} INFO - Saved San Francisco to DB.
[2025-04-16T21:00:12.295-0500] {logging_mixin.py:190} INFO - Chicago: 4.19°C, broken clouds
[2025-04-16T21:00:12.548-0500] {logging_mixin.py:190} INFO - Saved Chicago to DB.
[2025-04-16T21:00:12.764-0500] {logging_mixin.py:190} INFO - Berlin: 16.71°C, broken clouds
[2025-04-16T21:00:12.907-0500] {logging_mixin.py:190} INFO - Saved Berlin to DB.
[2025-04-16T21:00:13.090-0500] {logging_mixin.py:190} INFO - Sydney: 22.15°C, light rain
[2025-04-16T21:00:13.533-0500] {logging_mixin.py:190} INFO - Saved Sydney to DB.
[2025-04-16T21:00:13.748-0500] {logging_mixin.py:190} INFO - Toronto: 3.87°C, clear sky
[2025-04-16T21:00:13.999-0500] {logging_mixin.py:190} INFO - Saved Toronto to DB.
[2025-04-16T21:00:14.190-0500] {logging_mixin.py:190} INFO - Mumbai: 27.19°C, clear sky
[2025-04-16T21:00:14.335-0500] {logging_mixin.py:190} INFO - Saved Mumbai to DB.
[2025-04-16T21:00:14.511-0500] {logging_mixin.py:190} INFO - Cape Town: 17.94°C, broken clouds
[2025-04-16T21:00:14.843-0500] {logging_mixin.py:190} INFO - Saved Cape Town to DB.
[2025-04-16T21:00:15.137-0500] {logging_mixin.py:190} INFO - ✅ Excel report saved: /Users/Ramya_Rangaraju/Data_engineering_projects/weather_pipeline/scripts/../reports/weather_report_2025-04-16.xlsx
[2025-04-16T21:00:15.137-0500] {python.py:240} INFO - Done. Returned value was: None
[2025-04-16T21:00:15.141-0500] {taskinstance.py:341} INFO - ::group::Post task execution logs
[2025-04-16T21:00:15.142-0500] {taskinstance.py:353} INFO - Marking task as SUCCESS. dag_id=multi_city_weather_pipeline, task_id=fetch_weather_for_all_cities, run_id=scheduled__2025-04-17T01:00:00+00:00, execution_date=20250417T010000, start_date=20250417T020008, end_date=20250417T020015
[2025-04-16T21:00:15.147-0500] {logging_mixin.py:190} INFO - Task instance in success state
[2025-04-16T21:00:15.147-0500] {logging_mixin.py:190} INFO -  Previous state of the Task instance: running
[2025-04-16T21:00:15.147-0500] {logging_mixin.py:190} INFO - Dag name:multi_city_weather_pipeline queued_at:2025-04-17 02:00:02.977623+00:00
[2025-04-16T21:00:15.147-0500] {logging_mixin.py:190} INFO - Task hostname:ramyas-air.lan operator:PythonOperator
[2025-04-16T21:00:15.185-0500] {local_task_job_runner.py:266} INFO - Task exited with return code 0
[2025-04-16T21:00:15.189-0500] {taskinstance.py:3901} INFO - 0 downstream tasks scheduled from follow-on schedule check
[2025-04-16T21:00:15.189-0500] {local_task_job_runner.py:245} INFO - ::endgroup::
