[2025-04-14T00:34:56.529-0500] {processor.py:186} INFO - Started process (PID=77380) to work on /Library/Frameworks/Python.framework/Versions/3.10/lib/python3.10/site-packages/airflow/example_dags/example_complex.py
[2025-04-14T00:34:56.530-0500] {processor.py:914} INFO - Processing file /Library/Frameworks/Python.framework/Versions/3.10/lib/python3.10/site-packages/airflow/example_dags/example_complex.py for tasks to queue
[2025-04-14T00:34:56.530-0500] {logging_mixin.py:190} INFO - [2025-04-14T00:34:56.530-0500] {dagbag.py:588} INFO - Filling up the DagBag from /Library/Frameworks/Python.framework/Versions/3.10/lib/python3.10/site-packages/airflow/example_dags/example_complex.py
[2025-04-14T00:34:56.535-0500] {processor.py:925} INFO - DAG(s) 'example_complex' retrieved from /Library/Frameworks/Python.framework/Versions/3.10/lib/python3.10/site-packages/airflow/example_dags/example_complex.py
[2025-04-14T00:34:56.630-0500] {logging_mixin.py:190} INFO - [2025-04-14T00:34:56.630-0500] {override.py:1930} INFO - Created Permission View: can read on DAG:example_complex
[2025-04-14T00:34:56.633-0500] {logging_mixin.py:190} INFO - [2025-04-14T00:34:56.633-0500] {override.py:1930} INFO - Created Permission View: can edit on DAG:example_complex
[2025-04-14T00:34:56.634-0500] {logging_mixin.py:190} INFO - [2025-04-14T00:34:56.634-0500] {override.py:1930} INFO - Created Permission View: can delete on DAG:example_complex
[2025-04-14T00:34:56.637-0500] {logging_mixin.py:190} INFO - [2025-04-14T00:34:56.636-0500] {override.py:1930} INFO - Created Permission View: can read on DAG Run:example_complex
[2025-04-14T00:34:56.638-0500] {logging_mixin.py:190} INFO - [2025-04-14T00:34:56.638-0500] {override.py:1930} INFO - Created Permission View: can create on DAG Run:example_complex
[2025-04-14T00:34:56.641-0500] {logging_mixin.py:190} INFO - [2025-04-14T00:34:56.640-0500] {override.py:1930} INFO - Created Permission View: can delete on DAG Run:example_complex
[2025-04-14T00:34:56.642-0500] {logging_mixin.py:190} INFO - [2025-04-14T00:34:56.642-0500] {override.py:1930} INFO - Created Permission View: menu access on DAG Run:example_complex
[2025-04-14T00:34:56.642-0500] {logging_mixin.py:190} INFO - [2025-04-14T00:34:56.642-0500] {dag.py:3239} INFO - Sync 1 DAGs
[2025-04-14T00:34:56.647-0500] {logging_mixin.py:190} INFO - [2025-04-14T00:34:56.647-0500] {dag.py:3262} INFO - Creating ORM DAG for example_complex
[2025-04-14T00:34:56.647-0500] {logging_mixin.py:190} INFO - [2025-04-14T00:34:56.647-0500] {dag.py:4180} INFO - Setting next_dagrun for example_complex to None, run_after=None
[2025-04-14T00:34:56.653-0500] {processor.py:208} INFO - Processing /Library/Frameworks/Python.framework/Versions/3.10/lib/python3.10/site-packages/airflow/example_dags/example_complex.py took 0.125 seconds
[2025-04-14T00:37:05.165-0500] {processor.py:186} INFO - Started process (PID=77627) to work on /Library/Frameworks/Python.framework/Versions/3.10/lib/python3.10/site-packages/airflow/example_dags/example_complex.py
[2025-04-14T00:37:05.165-0500] {processor.py:914} INFO - Processing file /Library/Frameworks/Python.framework/Versions/3.10/lib/python3.10/site-packages/airflow/example_dags/example_complex.py for tasks to queue
[2025-04-14T00:37:05.166-0500] {logging_mixin.py:190} INFO - [2025-04-14T00:37:05.166-0500] {dagbag.py:588} INFO - Filling up the DagBag from /Library/Frameworks/Python.framework/Versions/3.10/lib/python3.10/site-packages/airflow/example_dags/example_complex.py
[2025-04-14T00:37:05.170-0500] {processor.py:925} INFO - DAG(s) 'example_complex' retrieved from /Library/Frameworks/Python.framework/Versions/3.10/lib/python3.10/site-packages/airflow/example_dags/example_complex.py
[2025-04-14T00:37:05.226-0500] {logging_mixin.py:190} INFO - [2025-04-14T00:37:05.226-0500] {dag.py:3239} INFO - Sync 1 DAGs
[2025-04-14T00:37:05.230-0500] {logging_mixin.py:190} INFO - [2025-04-14T00:37:05.229-0500] {dag.py:4180} INFO - Setting next_dagrun for example_complex to None, run_after=None
[2025-04-14T00:37:05.235-0500] {processor.py:208} INFO - Processing /Library/Frameworks/Python.framework/Versions/3.10/lib/python3.10/site-packages/airflow/example_dags/example_complex.py took 0.071 seconds
[2025-04-14T00:39:04.696-0500] {processor.py:186} INFO - Started process (PID=77839) to work on /Library/Frameworks/Python.framework/Versions/3.10/lib/python3.10/site-packages/airflow/example_dags/example_complex.py
[2025-04-14T00:39:04.697-0500] {processor.py:914} INFO - Processing file /Library/Frameworks/Python.framework/Versions/3.10/lib/python3.10/site-packages/airflow/example_dags/example_complex.py for tasks to queue
[2025-04-14T00:39:04.697-0500] {logging_mixin.py:190} INFO - [2025-04-14T00:39:04.697-0500] {dagbag.py:588} INFO - Filling up the DagBag from /Library/Frameworks/Python.framework/Versions/3.10/lib/python3.10/site-packages/airflow/example_dags/example_complex.py
[2025-04-14T00:39:04.702-0500] {processor.py:925} INFO - DAG(s) 'example_complex' retrieved from /Library/Frameworks/Python.framework/Versions/3.10/lib/python3.10/site-packages/airflow/example_dags/example_complex.py
[2025-04-14T00:39:04.756-0500] {logging_mixin.py:190} INFO - [2025-04-14T00:39:04.756-0500] {dag.py:3239} INFO - Sync 1 DAGs
[2025-04-14T00:39:04.760-0500] {logging_mixin.py:190} INFO - [2025-04-14T00:39:04.759-0500] {dag.py:4180} INFO - Setting next_dagrun for example_complex to None, run_after=None
[2025-04-14T00:39:04.765-0500] {processor.py:208} INFO - Processing /Library/Frameworks/Python.framework/Versions/3.10/lib/python3.10/site-packages/airflow/example_dags/example_complex.py took 0.070 seconds
[2025-04-14T00:41:14.699-0500] {processor.py:186} INFO - Started process (PID=78061) to work on /Library/Frameworks/Python.framework/Versions/3.10/lib/python3.10/site-packages/airflow/example_dags/example_complex.py
[2025-04-14T00:41:14.700-0500] {processor.py:914} INFO - Processing file /Library/Frameworks/Python.framework/Versions/3.10/lib/python3.10/site-packages/airflow/example_dags/example_complex.py for tasks to queue
[2025-04-14T00:41:14.701-0500] {logging_mixin.py:190} INFO - [2025-04-14T00:41:14.701-0500] {dagbag.py:588} INFO - Filling up the DagBag from /Library/Frameworks/Python.framework/Versions/3.10/lib/python3.10/site-packages/airflow/example_dags/example_complex.py
[2025-04-14T00:41:14.705-0500] {processor.py:925} INFO - DAG(s) 'example_complex' retrieved from /Library/Frameworks/Python.framework/Versions/3.10/lib/python3.10/site-packages/airflow/example_dags/example_complex.py
[2025-04-14T00:41:14.759-0500] {logging_mixin.py:190} INFO - [2025-04-14T00:41:14.759-0500] {dag.py:3239} INFO - Sync 1 DAGs
[2025-04-14T00:41:14.763-0500] {logging_mixin.py:190} INFO - [2025-04-14T00:41:14.763-0500] {dag.py:4180} INFO - Setting next_dagrun for example_complex to None, run_after=None
[2025-04-14T00:41:14.768-0500] {processor.py:208} INFO - Processing /Library/Frameworks/Python.framework/Versions/3.10/lib/python3.10/site-packages/airflow/example_dags/example_complex.py took 0.070 seconds
[2025-04-14T10:20:21.087-0500] {processor.py:186} INFO - Started process (PID=81374) to work on /Library/Frameworks/Python.framework/Versions/3.10/lib/python3.10/site-packages/airflow/example_dags/example_complex.py
[2025-04-14T10:20:21.087-0500] {processor.py:914} INFO - Processing file /Library/Frameworks/Python.framework/Versions/3.10/lib/python3.10/site-packages/airflow/example_dags/example_complex.py for tasks to queue
[2025-04-14T10:20:21.088-0500] {logging_mixin.py:190} INFO - [2025-04-14T10:20:21.088-0500] {dagbag.py:588} INFO - Filling up the DagBag from /Library/Frameworks/Python.framework/Versions/3.10/lib/python3.10/site-packages/airflow/example_dags/example_complex.py
[2025-04-14T10:20:21.092-0500] {processor.py:925} INFO - DAG(s) 'example_complex' retrieved from /Library/Frameworks/Python.framework/Versions/3.10/lib/python3.10/site-packages/airflow/example_dags/example_complex.py
[2025-04-14T10:20:21.148-0500] {logging_mixin.py:190} INFO - [2025-04-14T10:20:21.148-0500] {dag.py:3239} INFO - Sync 1 DAGs
[2025-04-14T10:20:21.151-0500] {logging_mixin.py:190} INFO - [2025-04-14T10:20:21.151-0500] {dag.py:4180} INFO - Setting next_dagrun for example_complex to None, run_after=None
[2025-04-14T10:20:21.157-0500] {processor.py:208} INFO - Processing /Library/Frameworks/Python.framework/Versions/3.10/lib/python3.10/site-packages/airflow/example_dags/example_complex.py took 0.071 seconds
[2025-04-14T10:23:30.090-0500] {processor.py:186} INFO - Started process (PID=81725) to work on /Library/Frameworks/Python.framework/Versions/3.10/lib/python3.10/site-packages/airflow/example_dags/example_complex.py
[2025-04-14T10:23:30.090-0500] {processor.py:914} INFO - Processing file /Library/Frameworks/Python.framework/Versions/3.10/lib/python3.10/site-packages/airflow/example_dags/example_complex.py for tasks to queue
[2025-04-14T10:23:30.090-0500] {logging_mixin.py:190} INFO - [2025-04-14T10:23:30.090-0500] {dagbag.py:588} INFO - Filling up the DagBag from /Library/Frameworks/Python.framework/Versions/3.10/lib/python3.10/site-packages/airflow/example_dags/example_complex.py
[2025-04-14T10:23:30.095-0500] {processor.py:925} INFO - DAG(s) 'example_complex' retrieved from /Library/Frameworks/Python.framework/Versions/3.10/lib/python3.10/site-packages/airflow/example_dags/example_complex.py
[2025-04-14T10:23:30.151-0500] {logging_mixin.py:190} INFO - [2025-04-14T10:23:30.151-0500] {dag.py:3239} INFO - Sync 1 DAGs
[2025-04-14T10:23:30.155-0500] {logging_mixin.py:190} INFO - [2025-04-14T10:23:30.155-0500] {dag.py:4180} INFO - Setting next_dagrun for example_complex to None, run_after=None
[2025-04-14T10:23:30.161-0500] {processor.py:208} INFO - Processing /Library/Frameworks/Python.framework/Versions/3.10/lib/python3.10/site-packages/airflow/example_dags/example_complex.py took 0.072 seconds
[2025-04-14T10:25:19.957-0500] {processor.py:186} INFO - Started process (PID=81914) to work on /Library/Frameworks/Python.framework/Versions/3.10/lib/python3.10/site-packages/airflow/example_dags/example_complex.py
[2025-04-14T10:25:19.958-0500] {processor.py:914} INFO - Processing file /Library/Frameworks/Python.framework/Versions/3.10/lib/python3.10/site-packages/airflow/example_dags/example_complex.py for tasks to queue
[2025-04-14T10:25:19.958-0500] {logging_mixin.py:190} INFO - [2025-04-14T10:25:19.958-0500] {dagbag.py:588} INFO - Filling up the DagBag from /Library/Frameworks/Python.framework/Versions/3.10/lib/python3.10/site-packages/airflow/example_dags/example_complex.py
[2025-04-14T10:25:19.962-0500] {processor.py:925} INFO - DAG(s) 'example_complex' retrieved from /Library/Frameworks/Python.framework/Versions/3.10/lib/python3.10/site-packages/airflow/example_dags/example_complex.py
[2025-04-14T10:25:20.017-0500] {logging_mixin.py:190} INFO - [2025-04-14T10:25:20.017-0500] {dag.py:3239} INFO - Sync 1 DAGs
[2025-04-14T10:25:20.021-0500] {logging_mixin.py:190} INFO - [2025-04-14T10:25:20.021-0500] {dag.py:4180} INFO - Setting next_dagrun for example_complex to None, run_after=None
[2025-04-14T10:25:20.026-0500] {processor.py:208} INFO - Processing /Library/Frameworks/Python.framework/Versions/3.10/lib/python3.10/site-packages/airflow/example_dags/example_complex.py took 0.070 seconds
[2025-04-14T10:28:32.690-0500] {processor.py:186} INFO - Started process (PID=82258) to work on /Library/Frameworks/Python.framework/Versions/3.10/lib/python3.10/site-packages/airflow/example_dags/example_complex.py
[2025-04-14T10:28:32.690-0500] {processor.py:914} INFO - Processing file /Library/Frameworks/Python.framework/Versions/3.10/lib/python3.10/site-packages/airflow/example_dags/example_complex.py for tasks to queue
[2025-04-14T10:28:32.691-0500] {logging_mixin.py:190} INFO - [2025-04-14T10:28:32.691-0500] {dagbag.py:588} INFO - Filling up the DagBag from /Library/Frameworks/Python.framework/Versions/3.10/lib/python3.10/site-packages/airflow/example_dags/example_complex.py
[2025-04-14T10:28:32.695-0500] {processor.py:925} INFO - DAG(s) 'example_complex' retrieved from /Library/Frameworks/Python.framework/Versions/3.10/lib/python3.10/site-packages/airflow/example_dags/example_complex.py
[2025-04-14T10:28:32.752-0500] {logging_mixin.py:190} INFO - [2025-04-14T10:28:32.752-0500] {dag.py:3239} INFO - Sync 1 DAGs
[2025-04-14T10:28:32.756-0500] {logging_mixin.py:190} INFO - [2025-04-14T10:28:32.756-0500] {dag.py:4180} INFO - Setting next_dagrun for example_complex to None, run_after=None
[2025-04-14T10:28:32.761-0500] {processor.py:208} INFO - Processing /Library/Frameworks/Python.framework/Versions/3.10/lib/python3.10/site-packages/airflow/example_dags/example_complex.py took 0.073 seconds
[2025-04-14T10:30:32.705-0500] {processor.py:186} INFO - Started process (PID=82478) to work on /Library/Frameworks/Python.framework/Versions/3.10/lib/python3.10/site-packages/airflow/example_dags/example_complex.py
[2025-04-14T10:30:32.706-0500] {processor.py:914} INFO - Processing file /Library/Frameworks/Python.framework/Versions/3.10/lib/python3.10/site-packages/airflow/example_dags/example_complex.py for tasks to queue
[2025-04-14T10:30:32.706-0500] {logging_mixin.py:190} INFO - [2025-04-14T10:30:32.706-0500] {dagbag.py:588} INFO - Filling up the DagBag from /Library/Frameworks/Python.framework/Versions/3.10/lib/python3.10/site-packages/airflow/example_dags/example_complex.py
[2025-04-14T10:30:32.712-0500] {processor.py:925} INFO - DAG(s) 'example_complex' retrieved from /Library/Frameworks/Python.framework/Versions/3.10/lib/python3.10/site-packages/airflow/example_dags/example_complex.py
[2025-04-14T10:30:32.769-0500] {logging_mixin.py:190} INFO - [2025-04-14T10:30:32.769-0500] {dag.py:3239} INFO - Sync 1 DAGs
[2025-04-14T10:30:32.773-0500] {logging_mixin.py:190} INFO - [2025-04-14T10:30:32.773-0500] {dag.py:4180} INFO - Setting next_dagrun for example_complex to None, run_after=None
[2025-04-14T10:30:32.779-0500] {processor.py:208} INFO - Processing /Library/Frameworks/Python.framework/Versions/3.10/lib/python3.10/site-packages/airflow/example_dags/example_complex.py took 0.075 seconds
[2025-04-14T10:35:25.631-0500] {processor.py:186} INFO - Started process (PID=82854) to work on /Library/Frameworks/Python.framework/Versions/3.10/lib/python3.10/site-packages/airflow/example_dags/example_complex.py
[2025-04-14T10:35:25.632-0500] {processor.py:914} INFO - Processing file /Library/Frameworks/Python.framework/Versions/3.10/lib/python3.10/site-packages/airflow/example_dags/example_complex.py for tasks to queue
[2025-04-14T10:35:25.632-0500] {logging_mixin.py:190} INFO - [2025-04-14T10:35:25.632-0500] {dagbag.py:588} INFO - Filling up the DagBag from /Library/Frameworks/Python.framework/Versions/3.10/lib/python3.10/site-packages/airflow/example_dags/example_complex.py
[2025-04-14T10:35:25.637-0500] {processor.py:925} INFO - DAG(s) 'example_complex' retrieved from /Library/Frameworks/Python.framework/Versions/3.10/lib/python3.10/site-packages/airflow/example_dags/example_complex.py
[2025-04-14T10:35:25.695-0500] {logging_mixin.py:190} INFO - [2025-04-14T10:35:25.695-0500] {dag.py:3239} INFO - Sync 1 DAGs
[2025-04-14T10:35:25.699-0500] {logging_mixin.py:190} INFO - [2025-04-14T10:35:25.699-0500] {dag.py:4180} INFO - Setting next_dagrun for example_complex to None, run_after=None
[2025-04-14T10:35:25.704-0500] {processor.py:208} INFO - Processing /Library/Frameworks/Python.framework/Versions/3.10/lib/python3.10/site-packages/airflow/example_dags/example_complex.py took 0.074 seconds
[2025-04-14T10:37:21.874-0500] {processor.py:186} INFO - Started process (PID=83063) to work on /Library/Frameworks/Python.framework/Versions/3.10/lib/python3.10/site-packages/airflow/example_dags/example_complex.py
[2025-04-14T10:37:21.875-0500] {processor.py:914} INFO - Processing file /Library/Frameworks/Python.framework/Versions/3.10/lib/python3.10/site-packages/airflow/example_dags/example_complex.py for tasks to queue
[2025-04-14T10:37:21.876-0500] {logging_mixin.py:190} INFO - [2025-04-14T10:37:21.876-0500] {dagbag.py:588} INFO - Filling up the DagBag from /Library/Frameworks/Python.framework/Versions/3.10/lib/python3.10/site-packages/airflow/example_dags/example_complex.py
[2025-04-14T10:37:21.880-0500] {processor.py:925} INFO - DAG(s) 'example_complex' retrieved from /Library/Frameworks/Python.framework/Versions/3.10/lib/python3.10/site-packages/airflow/example_dags/example_complex.py
[2025-04-14T10:37:21.938-0500] {logging_mixin.py:190} INFO - [2025-04-14T10:37:21.938-0500] {dag.py:3239} INFO - Sync 1 DAGs
[2025-04-14T10:37:21.942-0500] {logging_mixin.py:190} INFO - [2025-04-14T10:37:21.942-0500] {dag.py:4180} INFO - Setting next_dagrun for example_complex to None, run_after=None
[2025-04-14T10:37:21.948-0500] {processor.py:208} INFO - Processing /Library/Frameworks/Python.framework/Versions/3.10/lib/python3.10/site-packages/airflow/example_dags/example_complex.py took 0.075 seconds
[2025-04-14T10:39:22.945-0500] {processor.py:186} INFO - Started process (PID=83271) to work on /Library/Frameworks/Python.framework/Versions/3.10/lib/python3.10/site-packages/airflow/example_dags/example_complex.py
[2025-04-14T10:39:22.946-0500] {processor.py:914} INFO - Processing file /Library/Frameworks/Python.framework/Versions/3.10/lib/python3.10/site-packages/airflow/example_dags/example_complex.py for tasks to queue
[2025-04-14T10:39:22.946-0500] {logging_mixin.py:190} INFO - [2025-04-14T10:39:22.946-0500] {dagbag.py:588} INFO - Filling up the DagBag from /Library/Frameworks/Python.framework/Versions/3.10/lib/python3.10/site-packages/airflow/example_dags/example_complex.py
[2025-04-14T10:39:22.951-0500] {processor.py:925} INFO - DAG(s) 'example_complex' retrieved from /Library/Frameworks/Python.framework/Versions/3.10/lib/python3.10/site-packages/airflow/example_dags/example_complex.py
[2025-04-14T10:39:23.012-0500] {logging_mixin.py:190} INFO - [2025-04-14T10:39:23.011-0500] {dag.py:3239} INFO - Sync 1 DAGs
[2025-04-14T10:39:23.016-0500] {logging_mixin.py:190} INFO - [2025-04-14T10:39:23.015-0500] {dag.py:4180} INFO - Setting next_dagrun for example_complex to None, run_after=None
[2025-04-14T10:39:23.021-0500] {processor.py:208} INFO - Processing /Library/Frameworks/Python.framework/Versions/3.10/lib/python3.10/site-packages/airflow/example_dags/example_complex.py took 0.077 seconds
[2025-04-14T10:43:24.737-0500] {processor.py:186} INFO - Started process (PID=83742) to work on /Library/Frameworks/Python.framework/Versions/3.10/lib/python3.10/site-packages/airflow/example_dags/example_complex.py
[2025-04-14T10:43:24.738-0500] {processor.py:914} INFO - Processing file /Library/Frameworks/Python.framework/Versions/3.10/lib/python3.10/site-packages/airflow/example_dags/example_complex.py for tasks to queue
[2025-04-14T10:43:24.738-0500] {logging_mixin.py:190} INFO - [2025-04-14T10:43:24.738-0500] {dagbag.py:588} INFO - Filling up the DagBag from /Library/Frameworks/Python.framework/Versions/3.10/lib/python3.10/site-packages/airflow/example_dags/example_complex.py
[2025-04-14T10:43:24.743-0500] {processor.py:925} INFO - DAG(s) 'example_complex' retrieved from /Library/Frameworks/Python.framework/Versions/3.10/lib/python3.10/site-packages/airflow/example_dags/example_complex.py
[2025-04-14T10:43:24.803-0500] {logging_mixin.py:190} INFO - [2025-04-14T10:43:24.802-0500] {dag.py:3239} INFO - Sync 1 DAGs
[2025-04-14T10:43:24.807-0500] {logging_mixin.py:190} INFO - [2025-04-14T10:43:24.807-0500] {dag.py:4180} INFO - Setting next_dagrun for example_complex to None, run_after=None
[2025-04-14T10:43:24.812-0500] {processor.py:208} INFO - Processing /Library/Frameworks/Python.framework/Versions/3.10/lib/python3.10/site-packages/airflow/example_dags/example_complex.py took 0.077 seconds
[2025-04-14T10:45:23.965-0500] {processor.py:186} INFO - Started process (PID=83959) to work on /Library/Frameworks/Python.framework/Versions/3.10/lib/python3.10/site-packages/airflow/example_dags/example_complex.py
[2025-04-14T10:45:23.966-0500] {processor.py:914} INFO - Processing file /Library/Frameworks/Python.framework/Versions/3.10/lib/python3.10/site-packages/airflow/example_dags/example_complex.py for tasks to queue
[2025-04-14T10:45:23.966-0500] {logging_mixin.py:190} INFO - [2025-04-14T10:45:23.966-0500] {dagbag.py:588} INFO - Filling up the DagBag from /Library/Frameworks/Python.framework/Versions/3.10/lib/python3.10/site-packages/airflow/example_dags/example_complex.py
[2025-04-14T10:45:23.971-0500] {processor.py:925} INFO - DAG(s) 'example_complex' retrieved from /Library/Frameworks/Python.framework/Versions/3.10/lib/python3.10/site-packages/airflow/example_dags/example_complex.py
[2025-04-14T10:45:24.026-0500] {logging_mixin.py:190} INFO - [2025-04-14T10:45:24.026-0500] {dag.py:3239} INFO - Sync 1 DAGs
[2025-04-14T10:45:24.030-0500] {logging_mixin.py:190} INFO - [2025-04-14T10:45:24.030-0500] {dag.py:4180} INFO - Setting next_dagrun for example_complex to None, run_after=None
[2025-04-14T10:45:24.036-0500] {processor.py:208} INFO - Processing /Library/Frameworks/Python.framework/Versions/3.10/lib/python3.10/site-packages/airflow/example_dags/example_complex.py took 0.072 seconds
[2025-04-14T10:47:16.564-0500] {processor.py:186} INFO - Started process (PID=84140) to work on /Library/Frameworks/Python.framework/Versions/3.10/lib/python3.10/site-packages/airflow/example_dags/example_complex.py
[2025-04-14T10:47:16.564-0500] {processor.py:914} INFO - Processing file /Library/Frameworks/Python.framework/Versions/3.10/lib/python3.10/site-packages/airflow/example_dags/example_complex.py for tasks to queue
[2025-04-14T10:47:16.565-0500] {logging_mixin.py:190} INFO - [2025-04-14T10:47:16.565-0500] {dagbag.py:588} INFO - Filling up the DagBag from /Library/Frameworks/Python.framework/Versions/3.10/lib/python3.10/site-packages/airflow/example_dags/example_complex.py
[2025-04-14T10:47:16.569-0500] {processor.py:925} INFO - DAG(s) 'example_complex' retrieved from /Library/Frameworks/Python.framework/Versions/3.10/lib/python3.10/site-packages/airflow/example_dags/example_complex.py
[2025-04-14T10:47:16.625-0500] {logging_mixin.py:190} INFO - [2025-04-14T10:47:16.625-0500] {dag.py:3239} INFO - Sync 1 DAGs
[2025-04-14T10:47:16.629-0500] {logging_mixin.py:190} INFO - [2025-04-14T10:47:16.629-0500] {dag.py:4180} INFO - Setting next_dagrun for example_complex to None, run_after=None
[2025-04-14T10:47:16.635-0500] {processor.py:208} INFO - Processing /Library/Frameworks/Python.framework/Versions/3.10/lib/python3.10/site-packages/airflow/example_dags/example_complex.py took 0.072 seconds
[2025-04-14T10:49:05.448-0500] {processor.py:186} INFO - Started process (PID=84336) to work on /Library/Frameworks/Python.framework/Versions/3.10/lib/python3.10/site-packages/airflow/example_dags/example_complex.py
[2025-04-14T10:49:05.449-0500] {processor.py:914} INFO - Processing file /Library/Frameworks/Python.framework/Versions/3.10/lib/python3.10/site-packages/airflow/example_dags/example_complex.py for tasks to queue
[2025-04-14T10:49:05.449-0500] {logging_mixin.py:190} INFO - [2025-04-14T10:49:05.449-0500] {dagbag.py:588} INFO - Filling up the DagBag from /Library/Frameworks/Python.framework/Versions/3.10/lib/python3.10/site-packages/airflow/example_dags/example_complex.py
[2025-04-14T10:49:05.453-0500] {processor.py:925} INFO - DAG(s) 'example_complex' retrieved from /Library/Frameworks/Python.framework/Versions/3.10/lib/python3.10/site-packages/airflow/example_dags/example_complex.py
[2025-04-14T10:49:05.509-0500] {logging_mixin.py:190} INFO - [2025-04-14T10:49:05.509-0500] {dag.py:3239} INFO - Sync 1 DAGs
[2025-04-14T10:49:05.513-0500] {logging_mixin.py:190} INFO - [2025-04-14T10:49:05.513-0500] {dag.py:4180} INFO - Setting next_dagrun for example_complex to None, run_after=None
[2025-04-14T10:49:05.518-0500] {processor.py:208} INFO - Processing /Library/Frameworks/Python.framework/Versions/3.10/lib/python3.10/site-packages/airflow/example_dags/example_complex.py took 0.072 seconds
[2025-04-14T10:50:55.445-0500] {processor.py:186} INFO - Started process (PID=84516) to work on /Library/Frameworks/Python.framework/Versions/3.10/lib/python3.10/site-packages/airflow/example_dags/example_complex.py
[2025-04-14T10:50:55.446-0500] {processor.py:914} INFO - Processing file /Library/Frameworks/Python.framework/Versions/3.10/lib/python3.10/site-packages/airflow/example_dags/example_complex.py for tasks to queue
[2025-04-14T10:50:55.447-0500] {logging_mixin.py:190} INFO - [2025-04-14T10:50:55.447-0500] {dagbag.py:588} INFO - Filling up the DagBag from /Library/Frameworks/Python.framework/Versions/3.10/lib/python3.10/site-packages/airflow/example_dags/example_complex.py
[2025-04-14T10:50:55.451-0500] {processor.py:925} INFO - DAG(s) 'example_complex' retrieved from /Library/Frameworks/Python.framework/Versions/3.10/lib/python3.10/site-packages/airflow/example_dags/example_complex.py
[2025-04-14T10:50:55.506-0500] {logging_mixin.py:190} INFO - [2025-04-14T10:50:55.506-0500] {dag.py:3239} INFO - Sync 1 DAGs
[2025-04-14T10:50:55.510-0500] {logging_mixin.py:190} INFO - [2025-04-14T10:50:55.510-0500] {dag.py:4180} INFO - Setting next_dagrun for example_complex to None, run_after=None
[2025-04-14T10:50:55.515-0500] {processor.py:208} INFO - Processing /Library/Frameworks/Python.framework/Versions/3.10/lib/python3.10/site-packages/airflow/example_dags/example_complex.py took 0.071 seconds
[2025-04-14T10:52:45.894-0500] {processor.py:186} INFO - Started process (PID=84709) to work on /Library/Frameworks/Python.framework/Versions/3.10/lib/python3.10/site-packages/airflow/example_dags/example_complex.py
[2025-04-14T10:52:45.895-0500] {processor.py:914} INFO - Processing file /Library/Frameworks/Python.framework/Versions/3.10/lib/python3.10/site-packages/airflow/example_dags/example_complex.py for tasks to queue
[2025-04-14T10:52:45.895-0500] {logging_mixin.py:190} INFO - [2025-04-14T10:52:45.895-0500] {dagbag.py:588} INFO - Filling up the DagBag from /Library/Frameworks/Python.framework/Versions/3.10/lib/python3.10/site-packages/airflow/example_dags/example_complex.py
[2025-04-14T10:52:45.900-0500] {processor.py:925} INFO - DAG(s) 'example_complex' retrieved from /Library/Frameworks/Python.framework/Versions/3.10/lib/python3.10/site-packages/airflow/example_dags/example_complex.py
[2025-04-14T10:52:45.956-0500] {logging_mixin.py:190} INFO - [2025-04-14T10:52:45.956-0500] {dag.py:3239} INFO - Sync 1 DAGs
[2025-04-14T10:52:45.961-0500] {logging_mixin.py:190} INFO - [2025-04-14T10:52:45.960-0500] {dag.py:4180} INFO - Setting next_dagrun for example_complex to None, run_after=None
[2025-04-14T10:52:45.966-0500] {processor.py:208} INFO - Processing /Library/Frameworks/Python.framework/Versions/3.10/lib/python3.10/site-packages/airflow/example_dags/example_complex.py took 0.073 seconds
[2025-04-14T11:12:16.501-0500] {processor.py:186} INFO - Started process (PID=85006) to work on /Library/Frameworks/Python.framework/Versions/3.10/lib/python3.10/site-packages/airflow/example_dags/example_complex.py
[2025-04-14T11:12:16.502-0500] {processor.py:914} INFO - Processing file /Library/Frameworks/Python.framework/Versions/3.10/lib/python3.10/site-packages/airflow/example_dags/example_complex.py for tasks to queue
[2025-04-14T11:12:16.502-0500] {logging_mixin.py:190} INFO - [2025-04-14T11:12:16.502-0500] {dagbag.py:588} INFO - Filling up the DagBag from /Library/Frameworks/Python.framework/Versions/3.10/lib/python3.10/site-packages/airflow/example_dags/example_complex.py
[2025-04-14T11:12:16.507-0500] {processor.py:925} INFO - DAG(s) 'example_complex' retrieved from /Library/Frameworks/Python.framework/Versions/3.10/lib/python3.10/site-packages/airflow/example_dags/example_complex.py
[2025-04-14T11:12:16.563-0500] {logging_mixin.py:190} INFO - [2025-04-14T11:12:16.563-0500] {dag.py:3239} INFO - Sync 1 DAGs
[2025-04-14T11:12:16.567-0500] {logging_mixin.py:190} INFO - [2025-04-14T11:12:16.567-0500] {dag.py:4180} INFO - Setting next_dagrun for example_complex to None, run_after=None
[2025-04-14T11:12:16.572-0500] {processor.py:208} INFO - Processing /Library/Frameworks/Python.framework/Versions/3.10/lib/python3.10/site-packages/airflow/example_dags/example_complex.py took 0.072 seconds
[2025-04-14T11:14:08.448-0500] {processor.py:186} INFO - Started process (PID=85192) to work on /Library/Frameworks/Python.framework/Versions/3.10/lib/python3.10/site-packages/airflow/example_dags/example_complex.py
[2025-04-14T11:14:08.449-0500] {processor.py:914} INFO - Processing file /Library/Frameworks/Python.framework/Versions/3.10/lib/python3.10/site-packages/airflow/example_dags/example_complex.py for tasks to queue
[2025-04-14T11:14:08.449-0500] {logging_mixin.py:190} INFO - [2025-04-14T11:14:08.449-0500] {dagbag.py:588} INFO - Filling up the DagBag from /Library/Frameworks/Python.framework/Versions/3.10/lib/python3.10/site-packages/airflow/example_dags/example_complex.py
[2025-04-14T11:14:08.454-0500] {processor.py:925} INFO - DAG(s) 'example_complex' retrieved from /Library/Frameworks/Python.framework/Versions/3.10/lib/python3.10/site-packages/airflow/example_dags/example_complex.py
[2025-04-14T11:14:08.509-0500] {logging_mixin.py:190} INFO - [2025-04-14T11:14:08.509-0500] {dag.py:3239} INFO - Sync 1 DAGs
[2025-04-14T11:14:08.513-0500] {logging_mixin.py:190} INFO - [2025-04-14T11:14:08.513-0500] {dag.py:4180} INFO - Setting next_dagrun for example_complex to None, run_after=None
[2025-04-14T11:14:08.519-0500] {processor.py:208} INFO - Processing /Library/Frameworks/Python.framework/Versions/3.10/lib/python3.10/site-packages/airflow/example_dags/example_complex.py took 0.072 seconds
[2025-04-14T11:15:54.845-0500] {processor.py:186} INFO - Started process (PID=85371) to work on /Library/Frameworks/Python.framework/Versions/3.10/lib/python3.10/site-packages/airflow/example_dags/example_complex.py
[2025-04-14T11:15:54.846-0500] {processor.py:914} INFO - Processing file /Library/Frameworks/Python.framework/Versions/3.10/lib/python3.10/site-packages/airflow/example_dags/example_complex.py for tasks to queue
[2025-04-14T11:15:54.846-0500] {logging_mixin.py:190} INFO - [2025-04-14T11:15:54.846-0500] {dagbag.py:588} INFO - Filling up the DagBag from /Library/Frameworks/Python.framework/Versions/3.10/lib/python3.10/site-packages/airflow/example_dags/example_complex.py
[2025-04-14T11:15:54.851-0500] {processor.py:925} INFO - DAG(s) 'example_complex' retrieved from /Library/Frameworks/Python.framework/Versions/3.10/lib/python3.10/site-packages/airflow/example_dags/example_complex.py
[2025-04-14T11:15:54.908-0500] {logging_mixin.py:190} INFO - [2025-04-14T11:15:54.907-0500] {dag.py:3239} INFO - Sync 1 DAGs
[2025-04-14T11:15:54.911-0500] {logging_mixin.py:190} INFO - [2025-04-14T11:15:54.911-0500] {dag.py:4180} INFO - Setting next_dagrun for example_complex to None, run_after=None
[2025-04-14T11:15:54.917-0500] {processor.py:208} INFO - Processing /Library/Frameworks/Python.framework/Versions/3.10/lib/python3.10/site-packages/airflow/example_dags/example_complex.py took 0.073 seconds
[2025-04-14T11:17:43.635-0500] {processor.py:186} INFO - Started process (PID=85551) to work on /Library/Frameworks/Python.framework/Versions/3.10/lib/python3.10/site-packages/airflow/example_dags/example_complex.py
[2025-04-14T11:17:43.636-0500] {processor.py:914} INFO - Processing file /Library/Frameworks/Python.framework/Versions/3.10/lib/python3.10/site-packages/airflow/example_dags/example_complex.py for tasks to queue
[2025-04-14T11:17:43.636-0500] {logging_mixin.py:190} INFO - [2025-04-14T11:17:43.636-0500] {dagbag.py:588} INFO - Filling up the DagBag from /Library/Frameworks/Python.framework/Versions/3.10/lib/python3.10/site-packages/airflow/example_dags/example_complex.py
[2025-04-14T11:17:43.641-0500] {processor.py:925} INFO - DAG(s) 'example_complex' retrieved from /Library/Frameworks/Python.framework/Versions/3.10/lib/python3.10/site-packages/airflow/example_dags/example_complex.py
[2025-04-14T11:17:43.696-0500] {logging_mixin.py:190} INFO - [2025-04-14T11:17:43.695-0500] {dag.py:3239} INFO - Sync 1 DAGs
[2025-04-14T11:17:43.699-0500] {logging_mixin.py:190} INFO - [2025-04-14T11:17:43.699-0500] {dag.py:4180} INFO - Setting next_dagrun for example_complex to None, run_after=None
[2025-04-14T11:17:43.705-0500] {processor.py:208} INFO - Processing /Library/Frameworks/Python.framework/Versions/3.10/lib/python3.10/site-packages/airflow/example_dags/example_complex.py took 0.071 seconds
[2025-04-14T11:19:37.278-0500] {processor.py:186} INFO - Started process (PID=85738) to work on /Library/Frameworks/Python.framework/Versions/3.10/lib/python3.10/site-packages/airflow/example_dags/example_complex.py
[2025-04-14T11:19:37.279-0500] {processor.py:914} INFO - Processing file /Library/Frameworks/Python.framework/Versions/3.10/lib/python3.10/site-packages/airflow/example_dags/example_complex.py for tasks to queue
[2025-04-14T11:19:37.280-0500] {logging_mixin.py:190} INFO - [2025-04-14T11:19:37.280-0500] {dagbag.py:588} INFO - Filling up the DagBag from /Library/Frameworks/Python.framework/Versions/3.10/lib/python3.10/site-packages/airflow/example_dags/example_complex.py
[2025-04-14T11:19:37.284-0500] {processor.py:925} INFO - DAG(s) 'example_complex' retrieved from /Library/Frameworks/Python.framework/Versions/3.10/lib/python3.10/site-packages/airflow/example_dags/example_complex.py
[2025-04-14T11:19:37.341-0500] {logging_mixin.py:190} INFO - [2025-04-14T11:19:37.341-0500] {dag.py:3239} INFO - Sync 1 DAGs
[2025-04-14T11:19:37.345-0500] {logging_mixin.py:190} INFO - [2025-04-14T11:19:37.345-0500] {dag.py:4180} INFO - Setting next_dagrun for example_complex to None, run_after=None
[2025-04-14T11:19:37.350-0500] {processor.py:208} INFO - Processing /Library/Frameworks/Python.framework/Versions/3.10/lib/python3.10/site-packages/airflow/example_dags/example_complex.py took 0.074 seconds
[2025-04-14T11:21:29.354-0500] {processor.py:186} INFO - Started process (PID=85922) to work on /Library/Frameworks/Python.framework/Versions/3.10/lib/python3.10/site-packages/airflow/example_dags/example_complex.py
[2025-04-14T11:21:29.355-0500] {processor.py:914} INFO - Processing file /Library/Frameworks/Python.framework/Versions/3.10/lib/python3.10/site-packages/airflow/example_dags/example_complex.py for tasks to queue
[2025-04-14T11:21:29.355-0500] {logging_mixin.py:190} INFO - [2025-04-14T11:21:29.355-0500] {dagbag.py:588} INFO - Filling up the DagBag from /Library/Frameworks/Python.framework/Versions/3.10/lib/python3.10/site-packages/airflow/example_dags/example_complex.py
[2025-04-14T11:21:29.360-0500] {processor.py:925} INFO - DAG(s) 'example_complex' retrieved from /Library/Frameworks/Python.framework/Versions/3.10/lib/python3.10/site-packages/airflow/example_dags/example_complex.py
[2025-04-14T11:21:29.416-0500] {logging_mixin.py:190} INFO - [2025-04-14T11:21:29.416-0500] {dag.py:3239} INFO - Sync 1 DAGs
[2025-04-14T11:21:29.420-0500] {logging_mixin.py:190} INFO - [2025-04-14T11:21:29.420-0500] {dag.py:4180} INFO - Setting next_dagrun for example_complex to None, run_after=None
[2025-04-14T11:21:29.425-0500] {processor.py:208} INFO - Processing /Library/Frameworks/Python.framework/Versions/3.10/lib/python3.10/site-packages/airflow/example_dags/example_complex.py took 0.073 seconds
[2025-04-14T11:23:22.358-0500] {processor.py:186} INFO - Started process (PID=86112) to work on /Library/Frameworks/Python.framework/Versions/3.10/lib/python3.10/site-packages/airflow/example_dags/example_complex.py
[2025-04-14T11:23:22.358-0500] {processor.py:914} INFO - Processing file /Library/Frameworks/Python.framework/Versions/3.10/lib/python3.10/site-packages/airflow/example_dags/example_complex.py for tasks to queue
[2025-04-14T11:23:22.359-0500] {logging_mixin.py:190} INFO - [2025-04-14T11:23:22.358-0500] {dagbag.py:588} INFO - Filling up the DagBag from /Library/Frameworks/Python.framework/Versions/3.10/lib/python3.10/site-packages/airflow/example_dags/example_complex.py
[2025-04-14T11:23:22.363-0500] {processor.py:925} INFO - DAG(s) 'example_complex' retrieved from /Library/Frameworks/Python.framework/Versions/3.10/lib/python3.10/site-packages/airflow/example_dags/example_complex.py
[2025-04-14T11:23:22.418-0500] {logging_mixin.py:190} INFO - [2025-04-14T11:23:22.418-0500] {dag.py:3239} INFO - Sync 1 DAGs
[2025-04-14T11:23:22.422-0500] {logging_mixin.py:190} INFO - [2025-04-14T11:23:22.422-0500] {dag.py:4180} INFO - Setting next_dagrun for example_complex to None, run_after=None
[2025-04-14T11:23:22.427-0500] {processor.py:208} INFO - Processing /Library/Frameworks/Python.framework/Versions/3.10/lib/python3.10/site-packages/airflow/example_dags/example_complex.py took 0.071 seconds
[2025-04-14T11:25:22.296-0500] {processor.py:186} INFO - Started process (PID=86316) to work on /Library/Frameworks/Python.framework/Versions/3.10/lib/python3.10/site-packages/airflow/example_dags/example_complex.py
[2025-04-14T11:25:22.297-0500] {processor.py:914} INFO - Processing file /Library/Frameworks/Python.framework/Versions/3.10/lib/python3.10/site-packages/airflow/example_dags/example_complex.py for tasks to queue
[2025-04-14T11:25:22.298-0500] {logging_mixin.py:190} INFO - [2025-04-14T11:25:22.298-0500] {dagbag.py:588} INFO - Filling up the DagBag from /Library/Frameworks/Python.framework/Versions/3.10/lib/python3.10/site-packages/airflow/example_dags/example_complex.py
[2025-04-14T11:25:22.302-0500] {processor.py:925} INFO - DAG(s) 'example_complex' retrieved from /Library/Frameworks/Python.framework/Versions/3.10/lib/python3.10/site-packages/airflow/example_dags/example_complex.py
[2025-04-14T11:25:22.360-0500] {logging_mixin.py:190} INFO - [2025-04-14T11:25:22.360-0500] {dag.py:3239} INFO - Sync 1 DAGs
[2025-04-14T11:25:22.363-0500] {logging_mixin.py:190} INFO - [2025-04-14T11:25:22.363-0500] {dag.py:4180} INFO - Setting next_dagrun for example_complex to None, run_after=None
[2025-04-14T11:25:22.369-0500] {processor.py:208} INFO - Processing /Library/Frameworks/Python.framework/Versions/3.10/lib/python3.10/site-packages/airflow/example_dags/example_complex.py took 0.074 seconds
[2025-04-14T11:27:23.796-0500] {processor.py:186} INFO - Started process (PID=86507) to work on /Library/Frameworks/Python.framework/Versions/3.10/lib/python3.10/site-packages/airflow/example_dags/example_complex.py
[2025-04-14T11:27:23.797-0500] {processor.py:914} INFO - Processing file /Library/Frameworks/Python.framework/Versions/3.10/lib/python3.10/site-packages/airflow/example_dags/example_complex.py for tasks to queue
[2025-04-14T11:27:23.798-0500] {logging_mixin.py:190} INFO - [2025-04-14T11:27:23.798-0500] {dagbag.py:588} INFO - Filling up the DagBag from /Library/Frameworks/Python.framework/Versions/3.10/lib/python3.10/site-packages/airflow/example_dags/example_complex.py
[2025-04-14T11:27:23.803-0500] {processor.py:925} INFO - DAG(s) 'example_complex' retrieved from /Library/Frameworks/Python.framework/Versions/3.10/lib/python3.10/site-packages/airflow/example_dags/example_complex.py
[2025-04-14T11:27:23.860-0500] {logging_mixin.py:190} INFO - [2025-04-14T11:27:23.860-0500] {dag.py:3239} INFO - Sync 1 DAGs
[2025-04-14T11:27:23.864-0500] {logging_mixin.py:190} INFO - [2025-04-14T11:27:23.864-0500] {dag.py:4180} INFO - Setting next_dagrun for example_complex to None, run_after=None
[2025-04-14T11:27:23.869-0500] {processor.py:208} INFO - Processing /Library/Frameworks/Python.framework/Versions/3.10/lib/python3.10/site-packages/airflow/example_dags/example_complex.py took 0.074 seconds
[2025-04-14T11:29:16.391-0500] {processor.py:186} INFO - Started process (PID=86713) to work on /Library/Frameworks/Python.framework/Versions/3.10/lib/python3.10/site-packages/airflow/example_dags/example_complex.py
[2025-04-14T11:29:16.392-0500] {processor.py:914} INFO - Processing file /Library/Frameworks/Python.framework/Versions/3.10/lib/python3.10/site-packages/airflow/example_dags/example_complex.py for tasks to queue
[2025-04-14T11:29:16.392-0500] {logging_mixin.py:190} INFO - [2025-04-14T11:29:16.392-0500] {dagbag.py:588} INFO - Filling up the DagBag from /Library/Frameworks/Python.framework/Versions/3.10/lib/python3.10/site-packages/airflow/example_dags/example_complex.py
[2025-04-14T11:29:16.396-0500] {processor.py:925} INFO - DAG(s) 'example_complex' retrieved from /Library/Frameworks/Python.framework/Versions/3.10/lib/python3.10/site-packages/airflow/example_dags/example_complex.py
[2025-04-14T11:29:16.455-0500] {logging_mixin.py:190} INFO - [2025-04-14T11:29:16.455-0500] {dag.py:3239} INFO - Sync 1 DAGs
[2025-04-14T11:29:16.459-0500] {logging_mixin.py:190} INFO - [2025-04-14T11:29:16.459-0500] {dag.py:4180} INFO - Setting next_dagrun for example_complex to None, run_after=None
[2025-04-14T11:29:16.465-0500] {processor.py:208} INFO - Processing /Library/Frameworks/Python.framework/Versions/3.10/lib/python3.10/site-packages/airflow/example_dags/example_complex.py took 0.075 seconds
[2025-04-14T11:31:04.740-0500] {processor.py:186} INFO - Started process (PID=86905) to work on /Library/Frameworks/Python.framework/Versions/3.10/lib/python3.10/site-packages/airflow/example_dags/example_complex.py
[2025-04-14T11:31:04.741-0500] {processor.py:914} INFO - Processing file /Library/Frameworks/Python.framework/Versions/3.10/lib/python3.10/site-packages/airflow/example_dags/example_complex.py for tasks to queue
[2025-04-14T11:31:04.741-0500] {logging_mixin.py:190} INFO - [2025-04-14T11:31:04.741-0500] {dagbag.py:588} INFO - Filling up the DagBag from /Library/Frameworks/Python.framework/Versions/3.10/lib/python3.10/site-packages/airflow/example_dags/example_complex.py
[2025-04-14T11:31:04.746-0500] {processor.py:925} INFO - DAG(s) 'example_complex' retrieved from /Library/Frameworks/Python.framework/Versions/3.10/lib/python3.10/site-packages/airflow/example_dags/example_complex.py
[2025-04-14T11:31:04.804-0500] {logging_mixin.py:190} INFO - [2025-04-14T11:31:04.804-0500] {dag.py:3239} INFO - Sync 1 DAGs
[2025-04-14T11:31:04.808-0500] {logging_mixin.py:190} INFO - [2025-04-14T11:31:04.808-0500] {dag.py:4180} INFO - Setting next_dagrun for example_complex to None, run_after=None
[2025-04-14T11:31:04.814-0500] {processor.py:208} INFO - Processing /Library/Frameworks/Python.framework/Versions/3.10/lib/python3.10/site-packages/airflow/example_dags/example_complex.py took 0.075 seconds
[2025-04-14T11:32:52.255-0500] {processor.py:186} INFO - Started process (PID=87116) to work on /Library/Frameworks/Python.framework/Versions/3.10/lib/python3.10/site-packages/airflow/example_dags/example_complex.py
[2025-04-14T11:32:52.256-0500] {processor.py:914} INFO - Processing file /Library/Frameworks/Python.framework/Versions/3.10/lib/python3.10/site-packages/airflow/example_dags/example_complex.py for tasks to queue
[2025-04-14T11:32:52.256-0500] {logging_mixin.py:190} INFO - [2025-04-14T11:32:52.256-0500] {dagbag.py:588} INFO - Filling up the DagBag from /Library/Frameworks/Python.framework/Versions/3.10/lib/python3.10/site-packages/airflow/example_dags/example_complex.py
[2025-04-14T11:32:52.261-0500] {processor.py:925} INFO - DAG(s) 'example_complex' retrieved from /Library/Frameworks/Python.framework/Versions/3.10/lib/python3.10/site-packages/airflow/example_dags/example_complex.py
[2025-04-14T11:32:52.321-0500] {logging_mixin.py:190} INFO - [2025-04-14T11:32:52.321-0500] {dag.py:3239} INFO - Sync 1 DAGs
[2025-04-14T11:32:52.325-0500] {logging_mixin.py:190} INFO - [2025-04-14T11:32:52.325-0500] {dag.py:4180} INFO - Setting next_dagrun for example_complex to None, run_after=None
[2025-04-14T11:32:52.331-0500] {processor.py:208} INFO - Processing /Library/Frameworks/Python.framework/Versions/3.10/lib/python3.10/site-packages/airflow/example_dags/example_complex.py took 0.077 seconds
[2025-04-14T11:34:41.055-0500] {processor.py:186} INFO - Started process (PID=87302) to work on /Library/Frameworks/Python.framework/Versions/3.10/lib/python3.10/site-packages/airflow/example_dags/example_complex.py
[2025-04-14T11:34:41.055-0500] {processor.py:914} INFO - Processing file /Library/Frameworks/Python.framework/Versions/3.10/lib/python3.10/site-packages/airflow/example_dags/example_complex.py for tasks to queue
[2025-04-14T11:34:41.055-0500] {logging_mixin.py:190} INFO - [2025-04-14T11:34:41.055-0500] {dagbag.py:588} INFO - Filling up the DagBag from /Library/Frameworks/Python.framework/Versions/3.10/lib/python3.10/site-packages/airflow/example_dags/example_complex.py
[2025-04-14T11:34:41.060-0500] {processor.py:925} INFO - DAG(s) 'example_complex' retrieved from /Library/Frameworks/Python.framework/Versions/3.10/lib/python3.10/site-packages/airflow/example_dags/example_complex.py
[2025-04-14T11:34:41.116-0500] {logging_mixin.py:190} INFO - [2025-04-14T11:34:41.115-0500] {dag.py:3239} INFO - Sync 1 DAGs
[2025-04-14T11:34:41.119-0500] {logging_mixin.py:190} INFO - [2025-04-14T11:34:41.119-0500] {dag.py:4180} INFO - Setting next_dagrun for example_complex to None, run_after=None
[2025-04-14T11:34:41.125-0500] {processor.py:208} INFO - Processing /Library/Frameworks/Python.framework/Versions/3.10/lib/python3.10/site-packages/airflow/example_dags/example_complex.py took 0.071 seconds
[2025-04-14T11:36:27.294-0500] {processor.py:186} INFO - Started process (PID=87482) to work on /Library/Frameworks/Python.framework/Versions/3.10/lib/python3.10/site-packages/airflow/example_dags/example_complex.py
[2025-04-14T11:36:27.295-0500] {processor.py:914} INFO - Processing file /Library/Frameworks/Python.framework/Versions/3.10/lib/python3.10/site-packages/airflow/example_dags/example_complex.py for tasks to queue
[2025-04-14T11:36:27.295-0500] {logging_mixin.py:190} INFO - [2025-04-14T11:36:27.295-0500] {dagbag.py:588} INFO - Filling up the DagBag from /Library/Frameworks/Python.framework/Versions/3.10/lib/python3.10/site-packages/airflow/example_dags/example_complex.py
[2025-04-14T11:36:27.300-0500] {processor.py:925} INFO - DAG(s) 'example_complex' retrieved from /Library/Frameworks/Python.framework/Versions/3.10/lib/python3.10/site-packages/airflow/example_dags/example_complex.py
[2025-04-14T11:36:27.355-0500] {logging_mixin.py:190} INFO - [2025-04-14T11:36:27.355-0500] {dag.py:3239} INFO - Sync 1 DAGs
[2025-04-14T11:36:27.359-0500] {logging_mixin.py:190} INFO - [2025-04-14T11:36:27.359-0500] {dag.py:4180} INFO - Setting next_dagrun for example_complex to None, run_after=None
[2025-04-14T11:36:27.365-0500] {processor.py:208} INFO - Processing /Library/Frameworks/Python.framework/Versions/3.10/lib/python3.10/site-packages/airflow/example_dags/example_complex.py took 0.072 seconds
[2025-04-14T11:44:40.140-0500] {processor.py:186} INFO - Started process (PID=87701) to work on /Library/Frameworks/Python.framework/Versions/3.10/lib/python3.10/site-packages/airflow/example_dags/example_complex.py
[2025-04-14T11:44:40.140-0500] {processor.py:914} INFO - Processing file /Library/Frameworks/Python.framework/Versions/3.10/lib/python3.10/site-packages/airflow/example_dags/example_complex.py for tasks to queue
[2025-04-14T11:44:40.141-0500] {logging_mixin.py:190} INFO - [2025-04-14T11:44:40.141-0500] {dagbag.py:588} INFO - Filling up the DagBag from /Library/Frameworks/Python.framework/Versions/3.10/lib/python3.10/site-packages/airflow/example_dags/example_complex.py
[2025-04-14T11:44:40.145-0500] {processor.py:925} INFO - DAG(s) 'example_complex' retrieved from /Library/Frameworks/Python.framework/Versions/3.10/lib/python3.10/site-packages/airflow/example_dags/example_complex.py
[2025-04-14T11:44:40.202-0500] {logging_mixin.py:190} INFO - [2025-04-14T11:44:40.202-0500] {dag.py:3239} INFO - Sync 1 DAGs
[2025-04-14T11:44:40.206-0500] {logging_mixin.py:190} INFO - [2025-04-14T11:44:40.206-0500] {dag.py:4180} INFO - Setting next_dagrun for example_complex to None, run_after=None
[2025-04-14T11:44:40.212-0500] {processor.py:208} INFO - Processing /Library/Frameworks/Python.framework/Versions/3.10/lib/python3.10/site-packages/airflow/example_dags/example_complex.py took 0.073 seconds
[2025-04-14T12:00:27.099-0500] {processor.py:186} INFO - Started process (PID=87897) to work on /Library/Frameworks/Python.framework/Versions/3.10/lib/python3.10/site-packages/airflow/example_dags/example_complex.py
[2025-04-14T12:00:27.100-0500] {processor.py:914} INFO - Processing file /Library/Frameworks/Python.framework/Versions/3.10/lib/python3.10/site-packages/airflow/example_dags/example_complex.py for tasks to queue
[2025-04-14T12:00:27.100-0500] {logging_mixin.py:190} INFO - [2025-04-14T12:00:27.100-0500] {dagbag.py:588} INFO - Filling up the DagBag from /Library/Frameworks/Python.framework/Versions/3.10/lib/python3.10/site-packages/airflow/example_dags/example_complex.py
[2025-04-14T12:00:27.105-0500] {processor.py:925} INFO - DAG(s) 'example_complex' retrieved from /Library/Frameworks/Python.framework/Versions/3.10/lib/python3.10/site-packages/airflow/example_dags/example_complex.py
[2025-04-14T12:00:27.174-0500] {logging_mixin.py:190} INFO - [2025-04-14T12:00:27.174-0500] {dag.py:3239} INFO - Sync 1 DAGs
[2025-04-14T12:00:27.180-0500] {logging_mixin.py:190} INFO - [2025-04-14T12:00:27.180-0500] {dag.py:4180} INFO - Setting next_dagrun for example_complex to None, run_after=None
[2025-04-14T12:00:27.186-0500] {processor.py:208} INFO - Processing /Library/Frameworks/Python.framework/Versions/3.10/lib/python3.10/site-packages/airflow/example_dags/example_complex.py took 0.088 seconds
[2025-04-14T12:02:21.077-0500] {processor.py:186} INFO - Started process (PID=88114) to work on /Library/Frameworks/Python.framework/Versions/3.10/lib/python3.10/site-packages/airflow/example_dags/example_complex.py
[2025-04-14T12:02:21.078-0500] {processor.py:914} INFO - Processing file /Library/Frameworks/Python.framework/Versions/3.10/lib/python3.10/site-packages/airflow/example_dags/example_complex.py for tasks to queue
[2025-04-14T12:02:21.079-0500] {logging_mixin.py:190} INFO - [2025-04-14T12:02:21.079-0500] {dagbag.py:588} INFO - Filling up the DagBag from /Library/Frameworks/Python.framework/Versions/3.10/lib/python3.10/site-packages/airflow/example_dags/example_complex.py
[2025-04-14T12:02:21.083-0500] {processor.py:925} INFO - DAG(s) 'example_complex' retrieved from /Library/Frameworks/Python.framework/Versions/3.10/lib/python3.10/site-packages/airflow/example_dags/example_complex.py
[2025-04-14T12:02:21.138-0500] {logging_mixin.py:190} INFO - [2025-04-14T12:02:21.138-0500] {dag.py:3239} INFO - Sync 1 DAGs
[2025-04-14T12:02:21.141-0500] {logging_mixin.py:190} INFO - [2025-04-14T12:02:21.141-0500] {dag.py:4180} INFO - Setting next_dagrun for example_complex to None, run_after=None
[2025-04-14T12:02:21.147-0500] {processor.py:208} INFO - Processing /Library/Frameworks/Python.framework/Versions/3.10/lib/python3.10/site-packages/airflow/example_dags/example_complex.py took 0.071 seconds
[2025-04-14T12:04:12.442-0500] {processor.py:186} INFO - Started process (PID=88328) to work on /Library/Frameworks/Python.framework/Versions/3.10/lib/python3.10/site-packages/airflow/example_dags/example_complex.py
[2025-04-14T12:04:12.443-0500] {processor.py:914} INFO - Processing file /Library/Frameworks/Python.framework/Versions/3.10/lib/python3.10/site-packages/airflow/example_dags/example_complex.py for tasks to queue
[2025-04-14T12:04:12.443-0500] {logging_mixin.py:190} INFO - [2025-04-14T12:04:12.443-0500] {dagbag.py:588} INFO - Filling up the DagBag from /Library/Frameworks/Python.framework/Versions/3.10/lib/python3.10/site-packages/airflow/example_dags/example_complex.py
[2025-04-14T12:04:12.448-0500] {processor.py:925} INFO - DAG(s) 'example_complex' retrieved from /Library/Frameworks/Python.framework/Versions/3.10/lib/python3.10/site-packages/airflow/example_dags/example_complex.py
[2025-04-14T12:04:12.505-0500] {logging_mixin.py:190} INFO - [2025-04-14T12:04:12.505-0500] {dag.py:3239} INFO - Sync 1 DAGs
[2025-04-14T12:04:12.510-0500] {logging_mixin.py:190} INFO - [2025-04-14T12:04:12.509-0500] {dag.py:4180} INFO - Setting next_dagrun for example_complex to None, run_after=None
[2025-04-14T12:04:12.515-0500] {processor.py:208} INFO - Processing /Library/Frameworks/Python.framework/Versions/3.10/lib/python3.10/site-packages/airflow/example_dags/example_complex.py took 0.074 seconds
[2025-04-14T12:06:02.891-0500] {processor.py:186} INFO - Started process (PID=88524) to work on /Library/Frameworks/Python.framework/Versions/3.10/lib/python3.10/site-packages/airflow/example_dags/example_complex.py
[2025-04-14T12:06:02.891-0500] {processor.py:914} INFO - Processing file /Library/Frameworks/Python.framework/Versions/3.10/lib/python3.10/site-packages/airflow/example_dags/example_complex.py for tasks to queue
[2025-04-14T12:06:02.891-0500] {logging_mixin.py:190} INFO - [2025-04-14T12:06:02.891-0500] {dagbag.py:588} INFO - Filling up the DagBag from /Library/Frameworks/Python.framework/Versions/3.10/lib/python3.10/site-packages/airflow/example_dags/example_complex.py
[2025-04-14T12:06:02.896-0500] {processor.py:925} INFO - DAG(s) 'example_complex' retrieved from /Library/Frameworks/Python.framework/Versions/3.10/lib/python3.10/site-packages/airflow/example_dags/example_complex.py
[2025-04-14T12:06:02.953-0500] {logging_mixin.py:190} INFO - [2025-04-14T12:06:02.953-0500] {dag.py:3239} INFO - Sync 1 DAGs
[2025-04-14T12:06:02.957-0500] {logging_mixin.py:190} INFO - [2025-04-14T12:06:02.957-0500] {dag.py:4180} INFO - Setting next_dagrun for example_complex to None, run_after=None
[2025-04-14T12:06:02.962-0500] {processor.py:208} INFO - Processing /Library/Frameworks/Python.framework/Versions/3.10/lib/python3.10/site-packages/airflow/example_dags/example_complex.py took 0.073 seconds
[2025-04-14T12:07:57.500-0500] {processor.py:186} INFO - Started process (PID=88712) to work on /Library/Frameworks/Python.framework/Versions/3.10/lib/python3.10/site-packages/airflow/example_dags/example_complex.py
[2025-04-14T12:07:57.501-0500] {processor.py:914} INFO - Processing file /Library/Frameworks/Python.framework/Versions/3.10/lib/python3.10/site-packages/airflow/example_dags/example_complex.py for tasks to queue
[2025-04-14T12:07:57.501-0500] {logging_mixin.py:190} INFO - [2025-04-14T12:07:57.501-0500] {dagbag.py:588} INFO - Filling up the DagBag from /Library/Frameworks/Python.framework/Versions/3.10/lib/python3.10/site-packages/airflow/example_dags/example_complex.py
[2025-04-14T12:07:57.506-0500] {processor.py:925} INFO - DAG(s) 'example_complex' retrieved from /Library/Frameworks/Python.framework/Versions/3.10/lib/python3.10/site-packages/airflow/example_dags/example_complex.py
[2025-04-14T12:07:57.562-0500] {logging_mixin.py:190} INFO - [2025-04-14T12:07:57.562-0500] {dag.py:3239} INFO - Sync 1 DAGs
[2025-04-14T12:07:57.566-0500] {logging_mixin.py:190} INFO - [2025-04-14T12:07:57.566-0500] {dag.py:4180} INFO - Setting next_dagrun for example_complex to None, run_after=None
[2025-04-14T12:07:57.572-0500] {processor.py:208} INFO - Processing /Library/Frameworks/Python.framework/Versions/3.10/lib/python3.10/site-packages/airflow/example_dags/example_complex.py took 0.072 seconds
[2025-04-14T12:09:52.150-0500] {processor.py:186} INFO - Started process (PID=88916) to work on /Library/Frameworks/Python.framework/Versions/3.10/lib/python3.10/site-packages/airflow/example_dags/example_complex.py
[2025-04-14T12:09:52.151-0500] {processor.py:914} INFO - Processing file /Library/Frameworks/Python.framework/Versions/3.10/lib/python3.10/site-packages/airflow/example_dags/example_complex.py for tasks to queue
[2025-04-14T12:09:52.151-0500] {logging_mixin.py:190} INFO - [2025-04-14T12:09:52.151-0500] {dagbag.py:588} INFO - Filling up the DagBag from /Library/Frameworks/Python.framework/Versions/3.10/lib/python3.10/site-packages/airflow/example_dags/example_complex.py
[2025-04-14T12:09:52.156-0500] {processor.py:925} INFO - DAG(s) 'example_complex' retrieved from /Library/Frameworks/Python.framework/Versions/3.10/lib/python3.10/site-packages/airflow/example_dags/example_complex.py
[2025-04-14T12:09:52.213-0500] {logging_mixin.py:190} INFO - [2025-04-14T12:09:52.213-0500] {dag.py:3239} INFO - Sync 1 DAGs
[2025-04-14T12:09:52.218-0500] {logging_mixin.py:190} INFO - [2025-04-14T12:09:52.217-0500] {dag.py:4180} INFO - Setting next_dagrun for example_complex to None, run_after=None
[2025-04-14T12:09:52.223-0500] {processor.py:208} INFO - Processing /Library/Frameworks/Python.framework/Versions/3.10/lib/python3.10/site-packages/airflow/example_dags/example_complex.py took 0.074 seconds
[2025-04-14T12:11:42.514-0500] {processor.py:186} INFO - Started process (PID=89099) to work on /Library/Frameworks/Python.framework/Versions/3.10/lib/python3.10/site-packages/airflow/example_dags/example_complex.py
[2025-04-14T12:11:42.514-0500] {processor.py:914} INFO - Processing file /Library/Frameworks/Python.framework/Versions/3.10/lib/python3.10/site-packages/airflow/example_dags/example_complex.py for tasks to queue
[2025-04-14T12:11:42.514-0500] {logging_mixin.py:190} INFO - [2025-04-14T12:11:42.514-0500] {dagbag.py:588} INFO - Filling up the DagBag from /Library/Frameworks/Python.framework/Versions/3.10/lib/python3.10/site-packages/airflow/example_dags/example_complex.py
[2025-04-14T12:11:42.519-0500] {processor.py:925} INFO - DAG(s) 'example_complex' retrieved from /Library/Frameworks/Python.framework/Versions/3.10/lib/python3.10/site-packages/airflow/example_dags/example_complex.py
[2025-04-14T12:11:42.576-0500] {logging_mixin.py:190} INFO - [2025-04-14T12:11:42.576-0500] {dag.py:3239} INFO - Sync 1 DAGs
[2025-04-14T12:11:42.580-0500] {logging_mixin.py:190} INFO - [2025-04-14T12:11:42.580-0500] {dag.py:4180} INFO - Setting next_dagrun for example_complex to None, run_after=None
[2025-04-14T12:11:42.585-0500] {processor.py:208} INFO - Processing /Library/Frameworks/Python.framework/Versions/3.10/lib/python3.10/site-packages/airflow/example_dags/example_complex.py took 0.073 seconds
[2025-04-14T12:13:35.142-0500] {processor.py:186} INFO - Started process (PID=89279) to work on /Library/Frameworks/Python.framework/Versions/3.10/lib/python3.10/site-packages/airflow/example_dags/example_complex.py
[2025-04-14T12:13:35.143-0500] {processor.py:914} INFO - Processing file /Library/Frameworks/Python.framework/Versions/3.10/lib/python3.10/site-packages/airflow/example_dags/example_complex.py for tasks to queue
[2025-04-14T12:13:35.144-0500] {logging_mixin.py:190} INFO - [2025-04-14T12:13:35.144-0500] {dagbag.py:588} INFO - Filling up the DagBag from /Library/Frameworks/Python.framework/Versions/3.10/lib/python3.10/site-packages/airflow/example_dags/example_complex.py
[2025-04-14T12:13:35.148-0500] {processor.py:925} INFO - DAG(s) 'example_complex' retrieved from /Library/Frameworks/Python.framework/Versions/3.10/lib/python3.10/site-packages/airflow/example_dags/example_complex.py
[2025-04-14T12:13:35.206-0500] {logging_mixin.py:190} INFO - [2025-04-14T12:13:35.206-0500] {dag.py:3239} INFO - Sync 1 DAGs
[2025-04-14T12:13:35.210-0500] {logging_mixin.py:190} INFO - [2025-04-14T12:13:35.210-0500] {dag.py:4180} INFO - Setting next_dagrun for example_complex to None, run_after=None
[2025-04-14T12:13:35.216-0500] {processor.py:208} INFO - Processing /Library/Frameworks/Python.framework/Versions/3.10/lib/python3.10/site-packages/airflow/example_dags/example_complex.py took 0.074 seconds
[2025-04-14T12:15:27.525-0500] {processor.py:186} INFO - Started process (PID=89468) to work on /Library/Frameworks/Python.framework/Versions/3.10/lib/python3.10/site-packages/airflow/example_dags/example_complex.py
[2025-04-14T12:15:27.526-0500] {processor.py:914} INFO - Processing file /Library/Frameworks/Python.framework/Versions/3.10/lib/python3.10/site-packages/airflow/example_dags/example_complex.py for tasks to queue
[2025-04-14T12:15:27.526-0500] {logging_mixin.py:190} INFO - [2025-04-14T12:15:27.526-0500] {dagbag.py:588} INFO - Filling up the DagBag from /Library/Frameworks/Python.framework/Versions/3.10/lib/python3.10/site-packages/airflow/example_dags/example_complex.py
[2025-04-14T12:15:27.531-0500] {processor.py:925} INFO - DAG(s) 'example_complex' retrieved from /Library/Frameworks/Python.framework/Versions/3.10/lib/python3.10/site-packages/airflow/example_dags/example_complex.py
[2025-04-14T12:15:27.588-0500] {logging_mixin.py:190} INFO - [2025-04-14T12:15:27.588-0500] {dag.py:3239} INFO - Sync 1 DAGs
[2025-04-14T12:15:27.593-0500] {logging_mixin.py:190} INFO - [2025-04-14T12:15:27.593-0500] {dag.py:4180} INFO - Setting next_dagrun for example_complex to None, run_after=None
[2025-04-14T12:15:27.599-0500] {processor.py:208} INFO - Processing /Library/Frameworks/Python.framework/Versions/3.10/lib/python3.10/site-packages/airflow/example_dags/example_complex.py took 0.075 seconds
[2025-04-14T12:17:15.428-0500] {processor.py:186} INFO - Started process (PID=89648) to work on /Library/Frameworks/Python.framework/Versions/3.10/lib/python3.10/site-packages/airflow/example_dags/example_complex.py
[2025-04-14T12:17:15.429-0500] {processor.py:914} INFO - Processing file /Library/Frameworks/Python.framework/Versions/3.10/lib/python3.10/site-packages/airflow/example_dags/example_complex.py for tasks to queue
[2025-04-14T12:17:15.429-0500] {logging_mixin.py:190} INFO - [2025-04-14T12:17:15.429-0500] {dagbag.py:588} INFO - Filling up the DagBag from /Library/Frameworks/Python.framework/Versions/3.10/lib/python3.10/site-packages/airflow/example_dags/example_complex.py
[2025-04-14T12:17:15.434-0500] {processor.py:925} INFO - DAG(s) 'example_complex' retrieved from /Library/Frameworks/Python.framework/Versions/3.10/lib/python3.10/site-packages/airflow/example_dags/example_complex.py
[2025-04-14T12:17:15.491-0500] {logging_mixin.py:190} INFO - [2025-04-14T12:17:15.491-0500] {dag.py:3239} INFO - Sync 1 DAGs
[2025-04-14T12:17:15.495-0500] {logging_mixin.py:190} INFO - [2025-04-14T12:17:15.495-0500] {dag.py:4180} INFO - Setting next_dagrun for example_complex to None, run_after=None
[2025-04-14T12:17:15.501-0500] {processor.py:208} INFO - Processing /Library/Frameworks/Python.framework/Versions/3.10/lib/python3.10/site-packages/airflow/example_dags/example_complex.py took 0.074 seconds
[2025-04-14T12:19:06.413-0500] {processor.py:186} INFO - Started process (PID=89837) to work on /Library/Frameworks/Python.framework/Versions/3.10/lib/python3.10/site-packages/airflow/example_dags/example_complex.py
[2025-04-14T12:19:06.414-0500] {processor.py:914} INFO - Processing file /Library/Frameworks/Python.framework/Versions/3.10/lib/python3.10/site-packages/airflow/example_dags/example_complex.py for tasks to queue
[2025-04-14T12:19:06.414-0500] {logging_mixin.py:190} INFO - [2025-04-14T12:19:06.414-0500] {dagbag.py:588} INFO - Filling up the DagBag from /Library/Frameworks/Python.framework/Versions/3.10/lib/python3.10/site-packages/airflow/example_dags/example_complex.py
[2025-04-14T12:19:06.419-0500] {processor.py:925} INFO - DAG(s) 'example_complex' retrieved from /Library/Frameworks/Python.framework/Versions/3.10/lib/python3.10/site-packages/airflow/example_dags/example_complex.py
[2025-04-14T12:19:06.474-0500] {logging_mixin.py:190} INFO - [2025-04-14T12:19:06.474-0500] {dag.py:3239} INFO - Sync 1 DAGs
[2025-04-14T12:19:06.478-0500] {logging_mixin.py:190} INFO - [2025-04-14T12:19:06.478-0500] {dag.py:4180} INFO - Setting next_dagrun for example_complex to None, run_after=None
[2025-04-14T12:19:06.483-0500] {processor.py:208} INFO - Processing /Library/Frameworks/Python.framework/Versions/3.10/lib/python3.10/site-packages/airflow/example_dags/example_complex.py took 0.071 seconds
[2025-04-14T12:20:58.468-0500] {processor.py:186} INFO - Started process (PID=90051) to work on /Library/Frameworks/Python.framework/Versions/3.10/lib/python3.10/site-packages/airflow/example_dags/example_complex.py
[2025-04-14T12:20:58.471-0500] {processor.py:914} INFO - Processing file /Library/Frameworks/Python.framework/Versions/3.10/lib/python3.10/site-packages/airflow/example_dags/example_complex.py for tasks to queue
[2025-04-14T12:20:58.471-0500] {logging_mixin.py:190} INFO - [2025-04-14T12:20:58.471-0500] {dagbag.py:588} INFO - Filling up the DagBag from /Library/Frameworks/Python.framework/Versions/3.10/lib/python3.10/site-packages/airflow/example_dags/example_complex.py
[2025-04-14T12:20:58.476-0500] {processor.py:925} INFO - DAG(s) 'example_complex' retrieved from /Library/Frameworks/Python.framework/Versions/3.10/lib/python3.10/site-packages/airflow/example_dags/example_complex.py
[2025-04-14T12:20:58.533-0500] {logging_mixin.py:190} INFO - [2025-04-14T12:20:58.533-0500] {dag.py:3239} INFO - Sync 1 DAGs
[2025-04-14T12:20:58.538-0500] {logging_mixin.py:190} INFO - [2025-04-14T12:20:58.537-0500] {dag.py:4180} INFO - Setting next_dagrun for example_complex to None, run_after=None
[2025-04-14T12:20:58.543-0500] {processor.py:208} INFO - Processing /Library/Frameworks/Python.framework/Versions/3.10/lib/python3.10/site-packages/airflow/example_dags/example_complex.py took 0.076 seconds
[2025-04-14T12:22:51.080-0500] {processor.py:186} INFO - Started process (PID=90252) to work on /Library/Frameworks/Python.framework/Versions/3.10/lib/python3.10/site-packages/airflow/example_dags/example_complex.py
[2025-04-14T12:22:51.081-0500] {processor.py:914} INFO - Processing file /Library/Frameworks/Python.framework/Versions/3.10/lib/python3.10/site-packages/airflow/example_dags/example_complex.py for tasks to queue
[2025-04-14T12:22:51.081-0500] {logging_mixin.py:190} INFO - [2025-04-14T12:22:51.081-0500] {dagbag.py:588} INFO - Filling up the DagBag from /Library/Frameworks/Python.framework/Versions/3.10/lib/python3.10/site-packages/airflow/example_dags/example_complex.py
[2025-04-14T12:22:51.086-0500] {processor.py:925} INFO - DAG(s) 'example_complex' retrieved from /Library/Frameworks/Python.framework/Versions/3.10/lib/python3.10/site-packages/airflow/example_dags/example_complex.py
[2025-04-14T12:22:51.143-0500] {logging_mixin.py:190} INFO - [2025-04-14T12:22:51.142-0500] {dag.py:3239} INFO - Sync 1 DAGs
[2025-04-14T12:22:51.147-0500] {logging_mixin.py:190} INFO - [2025-04-14T12:22:51.147-0500] {dag.py:4180} INFO - Setting next_dagrun for example_complex to None, run_after=None
[2025-04-14T12:22:51.152-0500] {processor.py:208} INFO - Processing /Library/Frameworks/Python.framework/Versions/3.10/lib/python3.10/site-packages/airflow/example_dags/example_complex.py took 0.073 seconds
[2025-04-14T12:24:45.698-0500] {processor.py:186} INFO - Started process (PID=90509) to work on /Library/Frameworks/Python.framework/Versions/3.10/lib/python3.10/site-packages/airflow/example_dags/example_complex.py
[2025-04-14T12:24:45.699-0500] {processor.py:914} INFO - Processing file /Library/Frameworks/Python.framework/Versions/3.10/lib/python3.10/site-packages/airflow/example_dags/example_complex.py for tasks to queue
[2025-04-14T12:24:45.699-0500] {logging_mixin.py:190} INFO - [2025-04-14T12:24:45.699-0500] {dagbag.py:588} INFO - Filling up the DagBag from /Library/Frameworks/Python.framework/Versions/3.10/lib/python3.10/site-packages/airflow/example_dags/example_complex.py
[2025-04-14T12:24:45.704-0500] {processor.py:925} INFO - DAG(s) 'example_complex' retrieved from /Library/Frameworks/Python.framework/Versions/3.10/lib/python3.10/site-packages/airflow/example_dags/example_complex.py
[2025-04-14T12:24:45.770-0500] {logging_mixin.py:190} INFO - [2025-04-14T12:24:45.769-0500] {dag.py:3239} INFO - Sync 1 DAGs
[2025-04-14T12:24:45.774-0500] {logging_mixin.py:190} INFO - [2025-04-14T12:24:45.774-0500] {dag.py:4180} INFO - Setting next_dagrun for example_complex to None, run_after=None
[2025-04-14T12:24:45.781-0500] {processor.py:208} INFO - Processing /Library/Frameworks/Python.framework/Versions/3.10/lib/python3.10/site-packages/airflow/example_dags/example_complex.py took 0.084 seconds
[2025-04-14T12:26:55.503-0500] {processor.py:186} INFO - Started process (PID=90846) to work on /Library/Frameworks/Python.framework/Versions/3.10/lib/python3.10/site-packages/airflow/example_dags/example_complex.py
[2025-04-14T12:26:55.503-0500] {processor.py:914} INFO - Processing file /Library/Frameworks/Python.framework/Versions/3.10/lib/python3.10/site-packages/airflow/example_dags/example_complex.py for tasks to queue
[2025-04-14T12:26:55.504-0500] {logging_mixin.py:190} INFO - [2025-04-14T12:26:55.504-0500] {dagbag.py:588} INFO - Filling up the DagBag from /Library/Frameworks/Python.framework/Versions/3.10/lib/python3.10/site-packages/airflow/example_dags/example_complex.py
[2025-04-14T12:26:55.509-0500] {processor.py:925} INFO - DAG(s) 'example_complex' retrieved from /Library/Frameworks/Python.framework/Versions/3.10/lib/python3.10/site-packages/airflow/example_dags/example_complex.py
[2025-04-14T12:26:55.567-0500] {logging_mixin.py:190} INFO - [2025-04-14T12:26:55.567-0500] {dag.py:3239} INFO - Sync 1 DAGs
[2025-04-14T12:26:55.571-0500] {logging_mixin.py:190} INFO - [2025-04-14T12:26:55.571-0500] {dag.py:4180} INFO - Setting next_dagrun for example_complex to None, run_after=None
[2025-04-14T12:26:55.576-0500] {processor.py:208} INFO - Processing /Library/Frameworks/Python.framework/Versions/3.10/lib/python3.10/site-packages/airflow/example_dags/example_complex.py took 0.075 seconds
[2025-04-14T12:28:52.120-0500] {processor.py:186} INFO - Started process (PID=91048) to work on /Library/Frameworks/Python.framework/Versions/3.10/lib/python3.10/site-packages/airflow/example_dags/example_complex.py
[2025-04-14T12:28:52.120-0500] {processor.py:914} INFO - Processing file /Library/Frameworks/Python.framework/Versions/3.10/lib/python3.10/site-packages/airflow/example_dags/example_complex.py for tasks to queue
[2025-04-14T12:28:52.121-0500] {logging_mixin.py:190} INFO - [2025-04-14T12:28:52.121-0500] {dagbag.py:588} INFO - Filling up the DagBag from /Library/Frameworks/Python.framework/Versions/3.10/lib/python3.10/site-packages/airflow/example_dags/example_complex.py
[2025-04-14T12:28:52.125-0500] {processor.py:925} INFO - DAG(s) 'example_complex' retrieved from /Library/Frameworks/Python.framework/Versions/3.10/lib/python3.10/site-packages/airflow/example_dags/example_complex.py
[2025-04-14T12:28:52.181-0500] {logging_mixin.py:190} INFO - [2025-04-14T12:28:52.181-0500] {dag.py:3239} INFO - Sync 1 DAGs
[2025-04-14T12:28:52.185-0500] {logging_mixin.py:190} INFO - [2025-04-14T12:28:52.184-0500] {dag.py:4180} INFO - Setting next_dagrun for example_complex to None, run_after=None
[2025-04-14T12:28:52.190-0500] {processor.py:208} INFO - Processing /Library/Frameworks/Python.framework/Versions/3.10/lib/python3.10/site-packages/airflow/example_dags/example_complex.py took 0.071 seconds
[2025-04-14T12:30:46.878-0500] {processor.py:186} INFO - Started process (PID=91261) to work on /Library/Frameworks/Python.framework/Versions/3.10/lib/python3.10/site-packages/airflow/example_dags/example_complex.py
[2025-04-14T12:30:46.880-0500] {processor.py:914} INFO - Processing file /Library/Frameworks/Python.framework/Versions/3.10/lib/python3.10/site-packages/airflow/example_dags/example_complex.py for tasks to queue
[2025-04-14T12:30:46.880-0500] {logging_mixin.py:190} INFO - [2025-04-14T12:30:46.880-0500] {dagbag.py:588} INFO - Filling up the DagBag from /Library/Frameworks/Python.framework/Versions/3.10/lib/python3.10/site-packages/airflow/example_dags/example_complex.py
[2025-04-14T12:30:46.884-0500] {processor.py:925} INFO - DAG(s) 'example_complex' retrieved from /Library/Frameworks/Python.framework/Versions/3.10/lib/python3.10/site-packages/airflow/example_dags/example_complex.py
[2025-04-14T12:30:46.942-0500] {logging_mixin.py:190} INFO - [2025-04-14T12:30:46.942-0500] {dag.py:3239} INFO - Sync 1 DAGs
[2025-04-14T12:30:46.946-0500] {logging_mixin.py:190} INFO - [2025-04-14T12:30:46.946-0500] {dag.py:4180} INFO - Setting next_dagrun for example_complex to None, run_after=None
[2025-04-14T12:30:46.951-0500] {processor.py:208} INFO - Processing /Library/Frameworks/Python.framework/Versions/3.10/lib/python3.10/site-packages/airflow/example_dags/example_complex.py took 0.074 seconds
[2025-04-14T12:32:43.785-0500] {processor.py:186} INFO - Started process (PID=91508) to work on /Library/Frameworks/Python.framework/Versions/3.10/lib/python3.10/site-packages/airflow/example_dags/example_complex.py
[2025-04-14T12:32:43.785-0500] {processor.py:914} INFO - Processing file /Library/Frameworks/Python.framework/Versions/3.10/lib/python3.10/site-packages/airflow/example_dags/example_complex.py for tasks to queue
[2025-04-14T12:32:43.786-0500] {logging_mixin.py:190} INFO - [2025-04-14T12:32:43.786-0500] {dagbag.py:588} INFO - Filling up the DagBag from /Library/Frameworks/Python.framework/Versions/3.10/lib/python3.10/site-packages/airflow/example_dags/example_complex.py
[2025-04-14T12:32:43.790-0500] {processor.py:925} INFO - DAG(s) 'example_complex' retrieved from /Library/Frameworks/Python.framework/Versions/3.10/lib/python3.10/site-packages/airflow/example_dags/example_complex.py
[2025-04-14T12:32:43.846-0500] {logging_mixin.py:190} INFO - [2025-04-14T12:32:43.846-0500] {dag.py:3239} INFO - Sync 1 DAGs
[2025-04-14T12:32:43.850-0500] {logging_mixin.py:190} INFO - [2025-04-14T12:32:43.850-0500] {dag.py:4180} INFO - Setting next_dagrun for example_complex to None, run_after=None
[2025-04-14T12:32:43.856-0500] {processor.py:208} INFO - Processing /Library/Frameworks/Python.framework/Versions/3.10/lib/python3.10/site-packages/airflow/example_dags/example_complex.py took 0.072 seconds
[2025-04-14T12:34:52.236-0500] {processor.py:186} INFO - Started process (PID=91726) to work on /Library/Frameworks/Python.framework/Versions/3.10/lib/python3.10/site-packages/airflow/example_dags/example_complex.py
[2025-04-14T12:34:52.237-0500] {processor.py:914} INFO - Processing file /Library/Frameworks/Python.framework/Versions/3.10/lib/python3.10/site-packages/airflow/example_dags/example_complex.py for tasks to queue
[2025-04-14T12:34:52.237-0500] {logging_mixin.py:190} INFO - [2025-04-14T12:34:52.237-0500] {dagbag.py:588} INFO - Filling up the DagBag from /Library/Frameworks/Python.framework/Versions/3.10/lib/python3.10/site-packages/airflow/example_dags/example_complex.py
[2025-04-14T12:34:52.243-0500] {processor.py:925} INFO - DAG(s) 'example_complex' retrieved from /Library/Frameworks/Python.framework/Versions/3.10/lib/python3.10/site-packages/airflow/example_dags/example_complex.py
[2025-04-14T12:34:52.307-0500] {logging_mixin.py:190} INFO - [2025-04-14T12:34:52.306-0500] {dag.py:3239} INFO - Sync 1 DAGs
[2025-04-14T12:34:52.311-0500] {logging_mixin.py:190} INFO - [2025-04-14T12:34:52.311-0500] {dag.py:4180} INFO - Setting next_dagrun for example_complex to None, run_after=None
[2025-04-14T12:34:52.317-0500] {processor.py:208} INFO - Processing /Library/Frameworks/Python.framework/Versions/3.10/lib/python3.10/site-packages/airflow/example_dags/example_complex.py took 0.082 seconds
[2025-04-14T12:36:53.533-0500] {processor.py:186} INFO - Started process (PID=91930) to work on /Library/Frameworks/Python.framework/Versions/3.10/lib/python3.10/site-packages/airflow/example_dags/example_complex.py
[2025-04-14T12:36:53.534-0500] {processor.py:914} INFO - Processing file /Library/Frameworks/Python.framework/Versions/3.10/lib/python3.10/site-packages/airflow/example_dags/example_complex.py for tasks to queue
[2025-04-14T12:36:53.534-0500] {logging_mixin.py:190} INFO - [2025-04-14T12:36:53.534-0500] {dagbag.py:588} INFO - Filling up the DagBag from /Library/Frameworks/Python.framework/Versions/3.10/lib/python3.10/site-packages/airflow/example_dags/example_complex.py
[2025-04-14T12:36:53.539-0500] {processor.py:925} INFO - DAG(s) 'example_complex' retrieved from /Library/Frameworks/Python.framework/Versions/3.10/lib/python3.10/site-packages/airflow/example_dags/example_complex.py
[2025-04-14T12:36:53.596-0500] {logging_mixin.py:190} INFO - [2025-04-14T12:36:53.596-0500] {dag.py:3239} INFO - Sync 1 DAGs
[2025-04-14T12:36:53.600-0500] {logging_mixin.py:190} INFO - [2025-04-14T12:36:53.600-0500] {dag.py:4180} INFO - Setting next_dagrun for example_complex to None, run_after=None
[2025-04-14T12:36:53.606-0500] {processor.py:208} INFO - Processing /Library/Frameworks/Python.framework/Versions/3.10/lib/python3.10/site-packages/airflow/example_dags/example_complex.py took 0.074 seconds
[2025-04-14T12:38:52.427-0500] {processor.py:186} INFO - Started process (PID=92128) to work on /Library/Frameworks/Python.framework/Versions/3.10/lib/python3.10/site-packages/airflow/example_dags/example_complex.py
[2025-04-14T12:38:52.428-0500] {processor.py:914} INFO - Processing file /Library/Frameworks/Python.framework/Versions/3.10/lib/python3.10/site-packages/airflow/example_dags/example_complex.py for tasks to queue
[2025-04-14T12:38:52.428-0500] {logging_mixin.py:190} INFO - [2025-04-14T12:38:52.428-0500] {dagbag.py:588} INFO - Filling up the DagBag from /Library/Frameworks/Python.framework/Versions/3.10/lib/python3.10/site-packages/airflow/example_dags/example_complex.py
[2025-04-14T12:38:52.433-0500] {processor.py:925} INFO - DAG(s) 'example_complex' retrieved from /Library/Frameworks/Python.framework/Versions/3.10/lib/python3.10/site-packages/airflow/example_dags/example_complex.py
[2025-04-14T12:38:52.490-0500] {logging_mixin.py:190} INFO - [2025-04-14T12:38:52.490-0500] {dag.py:3239} INFO - Sync 1 DAGs
[2025-04-14T12:38:52.494-0500] {logging_mixin.py:190} INFO - [2025-04-14T12:38:52.494-0500] {dag.py:4180} INFO - Setting next_dagrun for example_complex to None, run_after=None
[2025-04-14T12:38:52.499-0500] {processor.py:208} INFO - Processing /Library/Frameworks/Python.framework/Versions/3.10/lib/python3.10/site-packages/airflow/example_dags/example_complex.py took 0.073 seconds
[2025-04-14T12:40:52.913-0500] {processor.py:186} INFO - Started process (PID=92354) to work on /Library/Frameworks/Python.framework/Versions/3.10/lib/python3.10/site-packages/airflow/example_dags/example_complex.py
[2025-04-14T12:40:52.914-0500] {processor.py:914} INFO - Processing file /Library/Frameworks/Python.framework/Versions/3.10/lib/python3.10/site-packages/airflow/example_dags/example_complex.py for tasks to queue
[2025-04-14T12:40:52.914-0500] {logging_mixin.py:190} INFO - [2025-04-14T12:40:52.914-0500] {dagbag.py:588} INFO - Filling up the DagBag from /Library/Frameworks/Python.framework/Versions/3.10/lib/python3.10/site-packages/airflow/example_dags/example_complex.py
[2025-04-14T12:40:52.919-0500] {processor.py:925} INFO - DAG(s) 'example_complex' retrieved from /Library/Frameworks/Python.framework/Versions/3.10/lib/python3.10/site-packages/airflow/example_dags/example_complex.py
[2025-04-14T12:40:52.975-0500] {logging_mixin.py:190} INFO - [2025-04-14T12:40:52.975-0500] {dag.py:3239} INFO - Sync 1 DAGs
[2025-04-14T12:40:52.979-0500] {logging_mixin.py:190} INFO - [2025-04-14T12:40:52.979-0500] {dag.py:4180} INFO - Setting next_dagrun for example_complex to None, run_after=None
[2025-04-14T12:40:52.984-0500] {processor.py:208} INFO - Processing /Library/Frameworks/Python.framework/Versions/3.10/lib/python3.10/site-packages/airflow/example_dags/example_complex.py took 0.072 seconds
[2025-04-14T12:42:50.468-0500] {processor.py:186} INFO - Started process (PID=92547) to work on /Library/Frameworks/Python.framework/Versions/3.10/lib/python3.10/site-packages/airflow/example_dags/example_complex.py
[2025-04-14T12:42:50.468-0500] {processor.py:914} INFO - Processing file /Library/Frameworks/Python.framework/Versions/3.10/lib/python3.10/site-packages/airflow/example_dags/example_complex.py for tasks to queue
[2025-04-14T12:42:50.469-0500] {logging_mixin.py:190} INFO - [2025-04-14T12:42:50.469-0500] {dagbag.py:588} INFO - Filling up the DagBag from /Library/Frameworks/Python.framework/Versions/3.10/lib/python3.10/site-packages/airflow/example_dags/example_complex.py
[2025-04-14T12:42:50.473-0500] {processor.py:925} INFO - DAG(s) 'example_complex' retrieved from /Library/Frameworks/Python.framework/Versions/3.10/lib/python3.10/site-packages/airflow/example_dags/example_complex.py
[2025-04-14T12:42:50.531-0500] {logging_mixin.py:190} INFO - [2025-04-14T12:42:50.531-0500] {dag.py:3239} INFO - Sync 1 DAGs
[2025-04-14T12:42:50.535-0500] {logging_mixin.py:190} INFO - [2025-04-14T12:42:50.535-0500] {dag.py:4180} INFO - Setting next_dagrun for example_complex to None, run_after=None
[2025-04-14T12:42:50.541-0500] {processor.py:208} INFO - Processing /Library/Frameworks/Python.framework/Versions/3.10/lib/python3.10/site-packages/airflow/example_dags/example_complex.py took 0.075 seconds
[2025-04-14T12:44:47.733-0500] {processor.py:186} INFO - Started process (PID=92748) to work on /Library/Frameworks/Python.framework/Versions/3.10/lib/python3.10/site-packages/airflow/example_dags/example_complex.py
[2025-04-14T12:44:47.734-0500] {processor.py:914} INFO - Processing file /Library/Frameworks/Python.framework/Versions/3.10/lib/python3.10/site-packages/airflow/example_dags/example_complex.py for tasks to queue
[2025-04-14T12:44:47.734-0500] {logging_mixin.py:190} INFO - [2025-04-14T12:44:47.734-0500] {dagbag.py:588} INFO - Filling up the DagBag from /Library/Frameworks/Python.framework/Versions/3.10/lib/python3.10/site-packages/airflow/example_dags/example_complex.py
[2025-04-14T12:44:47.739-0500] {processor.py:925} INFO - DAG(s) 'example_complex' retrieved from /Library/Frameworks/Python.framework/Versions/3.10/lib/python3.10/site-packages/airflow/example_dags/example_complex.py
[2025-04-14T12:44:47.799-0500] {logging_mixin.py:190} INFO - [2025-04-14T12:44:47.799-0500] {dag.py:3239} INFO - Sync 1 DAGs
[2025-04-14T12:44:47.803-0500] {logging_mixin.py:190} INFO - [2025-04-14T12:44:47.803-0500] {dag.py:4180} INFO - Setting next_dagrun for example_complex to None, run_after=None
[2025-04-14T12:44:47.809-0500] {processor.py:208} INFO - Processing /Library/Frameworks/Python.framework/Versions/3.10/lib/python3.10/site-packages/airflow/example_dags/example_complex.py took 0.077 seconds
[2025-04-14T12:46:44.340-0500] {processor.py:186} INFO - Started process (PID=92933) to work on /Library/Frameworks/Python.framework/Versions/3.10/lib/python3.10/site-packages/airflow/example_dags/example_complex.py
[2025-04-14T12:46:44.341-0500] {processor.py:914} INFO - Processing file /Library/Frameworks/Python.framework/Versions/3.10/lib/python3.10/site-packages/airflow/example_dags/example_complex.py for tasks to queue
[2025-04-14T12:46:44.341-0500] {logging_mixin.py:190} INFO - [2025-04-14T12:46:44.341-0500] {dagbag.py:588} INFO - Filling up the DagBag from /Library/Frameworks/Python.framework/Versions/3.10/lib/python3.10/site-packages/airflow/example_dags/example_complex.py
[2025-04-14T12:46:44.346-0500] {processor.py:925} INFO - DAG(s) 'example_complex' retrieved from /Library/Frameworks/Python.framework/Versions/3.10/lib/python3.10/site-packages/airflow/example_dags/example_complex.py
[2025-04-14T12:46:44.404-0500] {logging_mixin.py:190} INFO - [2025-04-14T12:46:44.404-0500] {dag.py:3239} INFO - Sync 1 DAGs
[2025-04-14T12:46:44.408-0500] {logging_mixin.py:190} INFO - [2025-04-14T12:46:44.408-0500] {dag.py:4180} INFO - Setting next_dagrun for example_complex to None, run_after=None
[2025-04-14T12:46:44.414-0500] {processor.py:208} INFO - Processing /Library/Frameworks/Python.framework/Versions/3.10/lib/python3.10/site-packages/airflow/example_dags/example_complex.py took 0.075 seconds
[2025-04-14T12:48:40.162-0500] {processor.py:186} INFO - Started process (PID=93141) to work on /Library/Frameworks/Python.framework/Versions/3.10/lib/python3.10/site-packages/airflow/example_dags/example_complex.py
[2025-04-14T12:48:40.162-0500] {processor.py:914} INFO - Processing file /Library/Frameworks/Python.framework/Versions/3.10/lib/python3.10/site-packages/airflow/example_dags/example_complex.py for tasks to queue
[2025-04-14T12:48:40.163-0500] {logging_mixin.py:190} INFO - [2025-04-14T12:48:40.163-0500] {dagbag.py:588} INFO - Filling up the DagBag from /Library/Frameworks/Python.framework/Versions/3.10/lib/python3.10/site-packages/airflow/example_dags/example_complex.py
[2025-04-14T12:48:40.168-0500] {processor.py:925} INFO - DAG(s) 'example_complex' retrieved from /Library/Frameworks/Python.framework/Versions/3.10/lib/python3.10/site-packages/airflow/example_dags/example_complex.py
[2025-04-14T12:48:40.226-0500] {logging_mixin.py:190} INFO - [2025-04-14T12:48:40.226-0500] {dag.py:3239} INFO - Sync 1 DAGs
[2025-04-14T12:48:40.230-0500] {logging_mixin.py:190} INFO - [2025-04-14T12:48:40.230-0500] {dag.py:4180} INFO - Setting next_dagrun for example_complex to None, run_after=None
[2025-04-14T12:48:40.236-0500] {processor.py:208} INFO - Processing /Library/Frameworks/Python.framework/Versions/3.10/lib/python3.10/site-packages/airflow/example_dags/example_complex.py took 0.075 seconds
[2025-04-14T12:50:33.444-0500] {processor.py:186} INFO - Started process (PID=93336) to work on /Library/Frameworks/Python.framework/Versions/3.10/lib/python3.10/site-packages/airflow/example_dags/example_complex.py
[2025-04-14T12:50:33.445-0500] {processor.py:914} INFO - Processing file /Library/Frameworks/Python.framework/Versions/3.10/lib/python3.10/site-packages/airflow/example_dags/example_complex.py for tasks to queue
[2025-04-14T12:50:33.445-0500] {logging_mixin.py:190} INFO - [2025-04-14T12:50:33.445-0500] {dagbag.py:588} INFO - Filling up the DagBag from /Library/Frameworks/Python.framework/Versions/3.10/lib/python3.10/site-packages/airflow/example_dags/example_complex.py
[2025-04-14T12:50:33.449-0500] {processor.py:925} INFO - DAG(s) 'example_complex' retrieved from /Library/Frameworks/Python.framework/Versions/3.10/lib/python3.10/site-packages/airflow/example_dags/example_complex.py
[2025-04-14T12:50:33.505-0500] {logging_mixin.py:190} INFO - [2025-04-14T12:50:33.505-0500] {dag.py:3239} INFO - Sync 1 DAGs
[2025-04-14T12:50:33.508-0500] {logging_mixin.py:190} INFO - [2025-04-14T12:50:33.508-0500] {dag.py:4180} INFO - Setting next_dagrun for example_complex to None, run_after=None
[2025-04-14T12:50:33.514-0500] {processor.py:208} INFO - Processing /Library/Frameworks/Python.framework/Versions/3.10/lib/python3.10/site-packages/airflow/example_dags/example_complex.py took 0.071 seconds
[2025-04-14T12:52:28.509-0500] {processor.py:186} INFO - Started process (PID=93532) to work on /Library/Frameworks/Python.framework/Versions/3.10/lib/python3.10/site-packages/airflow/example_dags/example_complex.py
[2025-04-14T12:52:28.510-0500] {processor.py:914} INFO - Processing file /Library/Frameworks/Python.framework/Versions/3.10/lib/python3.10/site-packages/airflow/example_dags/example_complex.py for tasks to queue
[2025-04-14T12:52:28.510-0500] {logging_mixin.py:190} INFO - [2025-04-14T12:52:28.510-0500] {dagbag.py:588} INFO - Filling up the DagBag from /Library/Frameworks/Python.framework/Versions/3.10/lib/python3.10/site-packages/airflow/example_dags/example_complex.py
[2025-04-14T12:52:28.515-0500] {processor.py:925} INFO - DAG(s) 'example_complex' retrieved from /Library/Frameworks/Python.framework/Versions/3.10/lib/python3.10/site-packages/airflow/example_dags/example_complex.py
[2025-04-14T12:52:28.572-0500] {logging_mixin.py:190} INFO - [2025-04-14T12:52:28.572-0500] {dag.py:3239} INFO - Sync 1 DAGs
[2025-04-14T12:52:28.576-0500] {logging_mixin.py:190} INFO - [2025-04-14T12:52:28.576-0500] {dag.py:4180} INFO - Setting next_dagrun for example_complex to None, run_after=None
[2025-04-14T12:52:28.582-0500] {processor.py:208} INFO - Processing /Library/Frameworks/Python.framework/Versions/3.10/lib/python3.10/site-packages/airflow/example_dags/example_complex.py took 0.074 seconds
[2025-04-14T12:54:23.845-0500] {processor.py:186} INFO - Started process (PID=93749) to work on /Library/Frameworks/Python.framework/Versions/3.10/lib/python3.10/site-packages/airflow/example_dags/example_complex.py
[2025-04-14T12:54:23.845-0500] {processor.py:914} INFO - Processing file /Library/Frameworks/Python.framework/Versions/3.10/lib/python3.10/site-packages/airflow/example_dags/example_complex.py for tasks to queue
[2025-04-14T12:54:23.845-0500] {logging_mixin.py:190} INFO - [2025-04-14T12:54:23.845-0500] {dagbag.py:588} INFO - Filling up the DagBag from /Library/Frameworks/Python.framework/Versions/3.10/lib/python3.10/site-packages/airflow/example_dags/example_complex.py
[2025-04-14T12:54:23.850-0500] {processor.py:925} INFO - DAG(s) 'example_complex' retrieved from /Library/Frameworks/Python.framework/Versions/3.10/lib/python3.10/site-packages/airflow/example_dags/example_complex.py
[2025-04-14T12:54:23.907-0500] {logging_mixin.py:190} INFO - [2025-04-14T12:54:23.907-0500] {dag.py:3239} INFO - Sync 1 DAGs
[2025-04-14T12:54:23.911-0500] {logging_mixin.py:190} INFO - [2025-04-14T12:54:23.911-0500] {dag.py:4180} INFO - Setting next_dagrun for example_complex to None, run_after=None
[2025-04-14T12:54:23.917-0500] {processor.py:208} INFO - Processing /Library/Frameworks/Python.framework/Versions/3.10/lib/python3.10/site-packages/airflow/example_dags/example_complex.py took 0.073 seconds
[2025-04-14T12:56:12.009-0500] {processor.py:186} INFO - Started process (PID=93926) to work on /Library/Frameworks/Python.framework/Versions/3.10/lib/python3.10/site-packages/airflow/example_dags/example_complex.py
[2025-04-14T12:56:12.010-0500] {processor.py:914} INFO - Processing file /Library/Frameworks/Python.framework/Versions/3.10/lib/python3.10/site-packages/airflow/example_dags/example_complex.py for tasks to queue
[2025-04-14T12:56:12.010-0500] {logging_mixin.py:190} INFO - [2025-04-14T12:56:12.010-0500] {dagbag.py:588} INFO - Filling up the DagBag from /Library/Frameworks/Python.framework/Versions/3.10/lib/python3.10/site-packages/airflow/example_dags/example_complex.py
[2025-04-14T12:56:12.015-0500] {processor.py:925} INFO - DAG(s) 'example_complex' retrieved from /Library/Frameworks/Python.framework/Versions/3.10/lib/python3.10/site-packages/airflow/example_dags/example_complex.py
[2025-04-14T12:56:12.071-0500] {logging_mixin.py:190} INFO - [2025-04-14T12:56:12.071-0500] {dag.py:3239} INFO - Sync 1 DAGs
[2025-04-14T12:56:12.075-0500] {logging_mixin.py:190} INFO - [2025-04-14T12:56:12.075-0500] {dag.py:4180} INFO - Setting next_dagrun for example_complex to None, run_after=None
[2025-04-14T12:56:12.081-0500] {processor.py:208} INFO - Processing /Library/Frameworks/Python.framework/Versions/3.10/lib/python3.10/site-packages/airflow/example_dags/example_complex.py took 0.074 seconds
[2025-04-14T12:58:03.335-0500] {processor.py:186} INFO - Started process (PID=94122) to work on /Library/Frameworks/Python.framework/Versions/3.10/lib/python3.10/site-packages/airflow/example_dags/example_complex.py
[2025-04-14T12:58:03.336-0500] {processor.py:914} INFO - Processing file /Library/Frameworks/Python.framework/Versions/3.10/lib/python3.10/site-packages/airflow/example_dags/example_complex.py for tasks to queue
[2025-04-14T12:58:03.336-0500] {logging_mixin.py:190} INFO - [2025-04-14T12:58:03.336-0500] {dagbag.py:588} INFO - Filling up the DagBag from /Library/Frameworks/Python.framework/Versions/3.10/lib/python3.10/site-packages/airflow/example_dags/example_complex.py
[2025-04-14T12:58:03.341-0500] {processor.py:925} INFO - DAG(s) 'example_complex' retrieved from /Library/Frameworks/Python.framework/Versions/3.10/lib/python3.10/site-packages/airflow/example_dags/example_complex.py
[2025-04-14T12:58:03.399-0500] {logging_mixin.py:190} INFO - [2025-04-14T12:58:03.399-0500] {dag.py:3239} INFO - Sync 1 DAGs
[2025-04-14T12:58:03.403-0500] {logging_mixin.py:190} INFO - [2025-04-14T12:58:03.403-0500] {dag.py:4180} INFO - Setting next_dagrun for example_complex to None, run_after=None
[2025-04-14T12:58:03.409-0500] {processor.py:208} INFO - Processing /Library/Frameworks/Python.framework/Versions/3.10/lib/python3.10/site-packages/airflow/example_dags/example_complex.py took 0.076 seconds
[2025-04-14T13:32:27.105-0500] {processor.py:186} INFO - Started process (PID=94371) to work on /Library/Frameworks/Python.framework/Versions/3.10/lib/python3.10/site-packages/airflow/example_dags/example_complex.py
[2025-04-14T13:32:27.106-0500] {processor.py:914} INFO - Processing file /Library/Frameworks/Python.framework/Versions/3.10/lib/python3.10/site-packages/airflow/example_dags/example_complex.py for tasks to queue
[2025-04-14T13:32:27.106-0500] {logging_mixin.py:190} INFO - [2025-04-14T13:32:27.106-0500] {dagbag.py:588} INFO - Filling up the DagBag from /Library/Frameworks/Python.framework/Versions/3.10/lib/python3.10/site-packages/airflow/example_dags/example_complex.py
[2025-04-14T13:32:27.111-0500] {processor.py:925} INFO - DAG(s) 'example_complex' retrieved from /Library/Frameworks/Python.framework/Versions/3.10/lib/python3.10/site-packages/airflow/example_dags/example_complex.py
[2025-04-14T13:32:27.165-0500] {logging_mixin.py:190} INFO - [2025-04-14T13:32:27.165-0500] {dag.py:3239} INFO - Sync 1 DAGs
[2025-04-14T13:32:27.169-0500] {logging_mixin.py:190} INFO - [2025-04-14T13:32:27.169-0500] {dag.py:4180} INFO - Setting next_dagrun for example_complex to None, run_after=None
[2025-04-14T13:32:27.175-0500] {processor.py:208} INFO - Processing /Library/Frameworks/Python.framework/Versions/3.10/lib/python3.10/site-packages/airflow/example_dags/example_complex.py took 0.072 seconds
[2025-04-14T14:44:21.915-0500] {processor.py:186} INFO - Started process (PID=94770) to work on /Library/Frameworks/Python.framework/Versions/3.10/lib/python3.10/site-packages/airflow/example_dags/example_complex.py
[2025-04-14T14:44:21.916-0500] {processor.py:914} INFO - Processing file /Library/Frameworks/Python.framework/Versions/3.10/lib/python3.10/site-packages/airflow/example_dags/example_complex.py for tasks to queue
[2025-04-14T14:44:21.916-0500] {logging_mixin.py:190} INFO - [2025-04-14T14:44:21.916-0500] {dagbag.py:588} INFO - Filling up the DagBag from /Library/Frameworks/Python.framework/Versions/3.10/lib/python3.10/site-packages/airflow/example_dags/example_complex.py
[2025-04-14T14:44:21.921-0500] {processor.py:925} INFO - DAG(s) 'example_complex' retrieved from /Library/Frameworks/Python.framework/Versions/3.10/lib/python3.10/site-packages/airflow/example_dags/example_complex.py
[2025-04-14T14:44:21.975-0500] {logging_mixin.py:190} INFO - [2025-04-14T14:44:21.975-0500] {dag.py:3239} INFO - Sync 1 DAGs
[2025-04-14T14:44:21.979-0500] {logging_mixin.py:190} INFO - [2025-04-14T14:44:21.979-0500] {dag.py:4180} INFO - Setting next_dagrun for example_complex to None, run_after=None
[2025-04-14T14:44:21.984-0500] {processor.py:208} INFO - Processing /Library/Frameworks/Python.framework/Versions/3.10/lib/python3.10/site-packages/airflow/example_dags/example_complex.py took 0.070 seconds
[2025-04-14T14:59:07.150-0500] {processor.py:186} INFO - Started process (PID=95034) to work on /Library/Frameworks/Python.framework/Versions/3.10/lib/python3.10/site-packages/airflow/example_dags/example_complex.py
[2025-04-14T14:59:07.151-0500] {processor.py:914} INFO - Processing file /Library/Frameworks/Python.framework/Versions/3.10/lib/python3.10/site-packages/airflow/example_dags/example_complex.py for tasks to queue
[2025-04-14T14:59:07.151-0500] {logging_mixin.py:190} INFO - [2025-04-14T14:59:07.151-0500] {dagbag.py:588} INFO - Filling up the DagBag from /Library/Frameworks/Python.framework/Versions/3.10/lib/python3.10/site-packages/airflow/example_dags/example_complex.py
[2025-04-14T14:59:07.156-0500] {processor.py:925} INFO - DAG(s) 'example_complex' retrieved from /Library/Frameworks/Python.framework/Versions/3.10/lib/python3.10/site-packages/airflow/example_dags/example_complex.py
[2025-04-14T14:59:07.211-0500] {logging_mixin.py:190} INFO - [2025-04-14T14:59:07.211-0500] {dag.py:3239} INFO - Sync 1 DAGs
[2025-04-14T14:59:07.215-0500] {logging_mixin.py:190} INFO - [2025-04-14T14:59:07.215-0500] {dag.py:4180} INFO - Setting next_dagrun for example_complex to None, run_after=None
[2025-04-14T14:59:07.220-0500] {processor.py:208} INFO - Processing /Library/Frameworks/Python.framework/Versions/3.10/lib/python3.10/site-packages/airflow/example_dags/example_complex.py took 0.072 seconds
