[2025-04-14T00:35:10.248-0500] {processor.py:186} INFO - Started process (PID=77424) to work on /Library/Frameworks/Python.framework/Versions/3.10/lib/python3.10/site-packages/airflow/example_dags/example_bash_decorator.py
[2025-04-14T00:35:10.249-0500] {processor.py:914} INFO - Processing file /Library/Frameworks/Python.framework/Versions/3.10/lib/python3.10/site-packages/airflow/example_dags/example_bash_decorator.py for tasks to queue
[2025-04-14T00:35:10.249-0500] {logging_mixin.py:190} INFO - [2025-04-14T00:35:10.249-0500] {dagbag.py:588} INFO - Filling up the DagBag from /Library/Frameworks/Python.framework/Versions/3.10/lib/python3.10/site-packages/airflow/example_dags/example_bash_decorator.py
[2025-04-14T00:35:10.282-0500] {processor.py:925} INFO - DAG(s) 'example_bash_decorator' retrieved from /Library/Frameworks/Python.framework/Versions/3.10/lib/python3.10/site-packages/airflow/example_dags/example_bash_decorator.py
[2025-04-14T00:35:10.339-0500] {logging_mixin.py:190} INFO - [2025-04-14T00:35:10.339-0500] {override.py:1930} INFO - Created Permission View: can delete on DAG:example_bash_decorator
[2025-04-14T00:35:10.342-0500] {logging_mixin.py:190} INFO - [2025-04-14T00:35:10.342-0500] {override.py:1930} INFO - Created Permission View: can read on DAG:example_bash_decorator
[2025-04-14T00:35:10.343-0500] {logging_mixin.py:190} INFO - [2025-04-14T00:35:10.343-0500] {override.py:1930} INFO - Created Permission View: can edit on DAG:example_bash_decorator
[2025-04-14T00:35:10.345-0500] {logging_mixin.py:190} INFO - [2025-04-14T00:35:10.345-0500] {override.py:1930} INFO - Created Permission View: can delete on DAG Run:example_bash_decorator
[2025-04-14T00:35:10.347-0500] {logging_mixin.py:190} INFO - [2025-04-14T00:35:10.347-0500] {override.py:1930} INFO - Created Permission View: menu access on DAG Run:example_bash_decorator
[2025-04-14T00:35:10.348-0500] {logging_mixin.py:190} INFO - [2025-04-14T00:35:10.348-0500] {override.py:1930} INFO - Created Permission View: can read on DAG Run:example_bash_decorator
[2025-04-14T00:35:10.350-0500] {logging_mixin.py:190} INFO - [2025-04-14T00:35:10.349-0500] {override.py:1930} INFO - Created Permission View: can create on DAG Run:example_bash_decorator
[2025-04-14T00:35:10.350-0500] {logging_mixin.py:190} INFO - [2025-04-14T00:35:10.350-0500] {dag.py:3239} INFO - Sync 1 DAGs
[2025-04-14T00:35:10.353-0500] {logging_mixin.py:190} INFO - [2025-04-14T00:35:10.353-0500] {dag.py:3262} INFO - Creating ORM DAG for example_bash_decorator
[2025-04-14T00:35:10.353-0500] {logging_mixin.py:190} INFO - [2025-04-14T00:35:10.353-0500] {dag.py:4180} INFO - Setting next_dagrun for example_bash_decorator to None, run_after=None
[2025-04-14T00:35:10.357-0500] {processor.py:208} INFO - Processing /Library/Frameworks/Python.framework/Versions/3.10/lib/python3.10/site-packages/airflow/example_dags/example_bash_decorator.py took 0.110 seconds
[2025-04-14T00:37:16.533-0500] {processor.py:186} INFO - Started process (PID=77645) to work on /Library/Frameworks/Python.framework/Versions/3.10/lib/python3.10/site-packages/airflow/example_dags/example_bash_decorator.py
[2025-04-14T00:37:16.534-0500] {processor.py:914} INFO - Processing file /Library/Frameworks/Python.framework/Versions/3.10/lib/python3.10/site-packages/airflow/example_dags/example_bash_decorator.py for tasks to queue
[2025-04-14T00:37:16.534-0500] {logging_mixin.py:190} INFO - [2025-04-14T00:37:16.534-0500] {dagbag.py:588} INFO - Filling up the DagBag from /Library/Frameworks/Python.framework/Versions/3.10/lib/python3.10/site-packages/airflow/example_dags/example_bash_decorator.py
[2025-04-14T00:37:16.571-0500] {processor.py:925} INFO - DAG(s) 'example_bash_decorator' retrieved from /Library/Frameworks/Python.framework/Versions/3.10/lib/python3.10/site-packages/airflow/example_dags/example_bash_decorator.py
[2025-04-14T00:37:16.645-0500] {logging_mixin.py:190} INFO - [2025-04-14T00:37:16.645-0500] {dag.py:3239} INFO - Sync 1 DAGs
[2025-04-14T00:37:16.648-0500] {logging_mixin.py:190} INFO - [2025-04-14T00:37:16.648-0500] {dag.py:4180} INFO - Setting next_dagrun for example_bash_decorator to None, run_after=None
[2025-04-14T00:37:16.653-0500] {processor.py:208} INFO - Processing /Library/Frameworks/Python.framework/Versions/3.10/lib/python3.10/site-packages/airflow/example_dags/example_bash_decorator.py took 0.121 seconds
[2025-04-14T00:39:18.546-0500] {processor.py:186} INFO - Started process (PID=77868) to work on /Library/Frameworks/Python.framework/Versions/3.10/lib/python3.10/site-packages/airflow/example_dags/example_bash_decorator.py
[2025-04-14T00:39:18.547-0500] {processor.py:914} INFO - Processing file /Library/Frameworks/Python.framework/Versions/3.10/lib/python3.10/site-packages/airflow/example_dags/example_bash_decorator.py for tasks to queue
[2025-04-14T00:39:18.547-0500] {logging_mixin.py:190} INFO - [2025-04-14T00:39:18.547-0500] {dagbag.py:588} INFO - Filling up the DagBag from /Library/Frameworks/Python.framework/Versions/3.10/lib/python3.10/site-packages/airflow/example_dags/example_bash_decorator.py
[2025-04-14T00:39:18.581-0500] {processor.py:925} INFO - DAG(s) 'example_bash_decorator' retrieved from /Library/Frameworks/Python.framework/Versions/3.10/lib/python3.10/site-packages/airflow/example_dags/example_bash_decorator.py
[2025-04-14T00:39:18.650-0500] {logging_mixin.py:190} INFO - [2025-04-14T00:39:18.650-0500] {dag.py:3239} INFO - Sync 1 DAGs
[2025-04-14T00:39:18.653-0500] {logging_mixin.py:190} INFO - [2025-04-14T00:39:18.653-0500] {dag.py:4180} INFO - Setting next_dagrun for example_bash_decorator to None, run_after=None
[2025-04-14T00:39:18.658-0500] {processor.py:208} INFO - Processing /Library/Frameworks/Python.framework/Versions/3.10/lib/python3.10/site-packages/airflow/example_dags/example_bash_decorator.py took 0.113 seconds
[2025-04-14T00:41:27.681-0500] {processor.py:186} INFO - Started process (PID=78084) to work on /Library/Frameworks/Python.framework/Versions/3.10/lib/python3.10/site-packages/airflow/example_dags/example_bash_decorator.py
[2025-04-14T00:41:27.682-0500] {processor.py:914} INFO - Processing file /Library/Frameworks/Python.framework/Versions/3.10/lib/python3.10/site-packages/airflow/example_dags/example_bash_decorator.py for tasks to queue
[2025-04-14T00:41:27.682-0500] {logging_mixin.py:190} INFO - [2025-04-14T00:41:27.682-0500] {dagbag.py:588} INFO - Filling up the DagBag from /Library/Frameworks/Python.framework/Versions/3.10/lib/python3.10/site-packages/airflow/example_dags/example_bash_decorator.py
[2025-04-14T00:41:27.719-0500] {processor.py:925} INFO - DAG(s) 'example_bash_decorator' retrieved from /Library/Frameworks/Python.framework/Versions/3.10/lib/python3.10/site-packages/airflow/example_dags/example_bash_decorator.py
[2025-04-14T00:41:27.789-0500] {logging_mixin.py:190} INFO - [2025-04-14T00:41:27.788-0500] {dag.py:3239} INFO - Sync 1 DAGs
[2025-04-14T00:41:27.792-0500] {logging_mixin.py:190} INFO - [2025-04-14T00:41:27.792-0500] {dag.py:4180} INFO - Setting next_dagrun for example_bash_decorator to None, run_after=None
[2025-04-14T00:41:27.797-0500] {processor.py:208} INFO - Processing /Library/Frameworks/Python.framework/Versions/3.10/lib/python3.10/site-packages/airflow/example_dags/example_bash_decorator.py took 0.118 seconds
[2025-04-14T10:20:32.523-0500] {processor.py:186} INFO - Started process (PID=81398) to work on /Library/Frameworks/Python.framework/Versions/3.10/lib/python3.10/site-packages/airflow/example_dags/example_bash_decorator.py
[2025-04-14T10:20:32.524-0500] {processor.py:914} INFO - Processing file /Library/Frameworks/Python.framework/Versions/3.10/lib/python3.10/site-packages/airflow/example_dags/example_bash_decorator.py for tasks to queue
[2025-04-14T10:20:32.525-0500] {logging_mixin.py:190} INFO - [2025-04-14T10:20:32.525-0500] {dagbag.py:588} INFO - Filling up the DagBag from /Library/Frameworks/Python.framework/Versions/3.10/lib/python3.10/site-packages/airflow/example_dags/example_bash_decorator.py
[2025-04-14T10:20:32.559-0500] {processor.py:925} INFO - DAG(s) 'example_bash_decorator' retrieved from /Library/Frameworks/Python.framework/Versions/3.10/lib/python3.10/site-packages/airflow/example_dags/example_bash_decorator.py
[2025-04-14T10:20:32.632-0500] {logging_mixin.py:190} INFO - [2025-04-14T10:20:32.632-0500] {dag.py:3239} INFO - Sync 1 DAGs
[2025-04-14T10:20:32.636-0500] {logging_mixin.py:190} INFO - [2025-04-14T10:20:32.636-0500] {dag.py:4180} INFO - Setting next_dagrun for example_bash_decorator to None, run_after=None
[2025-04-14T10:20:32.641-0500] {processor.py:208} INFO - Processing /Library/Frameworks/Python.framework/Versions/3.10/lib/python3.10/site-packages/airflow/example_dags/example_bash_decorator.py took 0.119 seconds
[2025-04-14T10:23:40.735-0500] {processor.py:186} INFO - Started process (PID=81751) to work on /Library/Frameworks/Python.framework/Versions/3.10/lib/python3.10/site-packages/airflow/example_dags/example_bash_decorator.py
[2025-04-14T10:23:40.736-0500] {processor.py:914} INFO - Processing file /Library/Frameworks/Python.framework/Versions/3.10/lib/python3.10/site-packages/airflow/example_dags/example_bash_decorator.py for tasks to queue
[2025-04-14T10:23:40.736-0500] {logging_mixin.py:190} INFO - [2025-04-14T10:23:40.736-0500] {dagbag.py:588} INFO - Filling up the DagBag from /Library/Frameworks/Python.framework/Versions/3.10/lib/python3.10/site-packages/airflow/example_dags/example_bash_decorator.py
[2025-04-14T10:23:40.769-0500] {processor.py:925} INFO - DAG(s) 'example_bash_decorator' retrieved from /Library/Frameworks/Python.framework/Versions/3.10/lib/python3.10/site-packages/airflow/example_dags/example_bash_decorator.py
[2025-04-14T10:23:40.839-0500] {logging_mixin.py:190} INFO - [2025-04-14T10:23:40.839-0500] {dag.py:3239} INFO - Sync 1 DAGs
[2025-04-14T10:23:40.842-0500] {logging_mixin.py:190} INFO - [2025-04-14T10:23:40.842-0500] {dag.py:4180} INFO - Setting next_dagrun for example_bash_decorator to None, run_after=None
[2025-04-14T10:23:40.848-0500] {processor.py:208} INFO - Processing /Library/Frameworks/Python.framework/Versions/3.10/lib/python3.10/site-packages/airflow/example_dags/example_bash_decorator.py took 0.115 seconds
[2025-04-14T10:25:31.228-0500] {processor.py:186} INFO - Started process (PID=81944) to work on /Library/Frameworks/Python.framework/Versions/3.10/lib/python3.10/site-packages/airflow/example_dags/example_bash_decorator.py
[2025-04-14T10:25:31.229-0500] {processor.py:914} INFO - Processing file /Library/Frameworks/Python.framework/Versions/3.10/lib/python3.10/site-packages/airflow/example_dags/example_bash_decorator.py for tasks to queue
[2025-04-14T10:25:31.229-0500] {logging_mixin.py:190} INFO - [2025-04-14T10:25:31.229-0500] {dagbag.py:588} INFO - Filling up the DagBag from /Library/Frameworks/Python.framework/Versions/3.10/lib/python3.10/site-packages/airflow/example_dags/example_bash_decorator.py
[2025-04-14T10:25:31.261-0500] {processor.py:925} INFO - DAG(s) 'example_bash_decorator' retrieved from /Library/Frameworks/Python.framework/Versions/3.10/lib/python3.10/site-packages/airflow/example_dags/example_bash_decorator.py
[2025-04-14T10:25:31.332-0500] {logging_mixin.py:190} INFO - [2025-04-14T10:25:31.332-0500] {dag.py:3239} INFO - Sync 1 DAGs
[2025-04-14T10:25:31.335-0500] {logging_mixin.py:190} INFO - [2025-04-14T10:25:31.335-0500] {dag.py:4180} INFO - Setting next_dagrun for example_bash_decorator to None, run_after=None
[2025-04-14T10:25:31.340-0500] {processor.py:208} INFO - Processing /Library/Frameworks/Python.framework/Versions/3.10/lib/python3.10/site-packages/airflow/example_dags/example_bash_decorator.py took 0.113 seconds
[2025-04-14T10:28:44.935-0500] {processor.py:186} INFO - Started process (PID=82277) to work on /Library/Frameworks/Python.framework/Versions/3.10/lib/python3.10/site-packages/airflow/example_dags/example_bash_decorator.py
[2025-04-14T10:28:44.935-0500] {processor.py:914} INFO - Processing file /Library/Frameworks/Python.framework/Versions/3.10/lib/python3.10/site-packages/airflow/example_dags/example_bash_decorator.py for tasks to queue
[2025-04-14T10:28:44.936-0500] {logging_mixin.py:190} INFO - [2025-04-14T10:28:44.936-0500] {dagbag.py:588} INFO - Filling up the DagBag from /Library/Frameworks/Python.framework/Versions/3.10/lib/python3.10/site-packages/airflow/example_dags/example_bash_decorator.py
[2025-04-14T10:28:44.969-0500] {processor.py:925} INFO - DAG(s) 'example_bash_decorator' retrieved from /Library/Frameworks/Python.framework/Versions/3.10/lib/python3.10/site-packages/airflow/example_dags/example_bash_decorator.py
[2025-04-14T10:28:45.042-0500] {logging_mixin.py:190} INFO - [2025-04-14T10:28:45.041-0500] {dag.py:3239} INFO - Sync 1 DAGs
[2025-04-14T10:28:45.045-0500] {logging_mixin.py:190} INFO - [2025-04-14T10:28:45.045-0500] {dag.py:4180} INFO - Setting next_dagrun for example_bash_decorator to None, run_after=None
[2025-04-14T10:28:45.050-0500] {processor.py:208} INFO - Processing /Library/Frameworks/Python.framework/Versions/3.10/lib/python3.10/site-packages/airflow/example_dags/example_bash_decorator.py took 0.117 seconds
[2025-04-14T10:30:44.104-0500] {processor.py:186} INFO - Started process (PID=82497) to work on /Library/Frameworks/Python.framework/Versions/3.10/lib/python3.10/site-packages/airflow/example_dags/example_bash_decorator.py
[2025-04-14T10:30:44.105-0500] {processor.py:914} INFO - Processing file /Library/Frameworks/Python.framework/Versions/3.10/lib/python3.10/site-packages/airflow/example_dags/example_bash_decorator.py for tasks to queue
[2025-04-14T10:30:44.105-0500] {logging_mixin.py:190} INFO - [2025-04-14T10:30:44.105-0500] {dagbag.py:588} INFO - Filling up the DagBag from /Library/Frameworks/Python.framework/Versions/3.10/lib/python3.10/site-packages/airflow/example_dags/example_bash_decorator.py
[2025-04-14T10:30:44.138-0500] {processor.py:925} INFO - DAG(s) 'example_bash_decorator' retrieved from /Library/Frameworks/Python.framework/Versions/3.10/lib/python3.10/site-packages/airflow/example_dags/example_bash_decorator.py
[2025-04-14T10:30:44.211-0500] {logging_mixin.py:190} INFO - [2025-04-14T10:30:44.211-0500] {dag.py:3239} INFO - Sync 1 DAGs
[2025-04-14T10:30:44.214-0500] {logging_mixin.py:190} INFO - [2025-04-14T10:30:44.214-0500] {dag.py:4180} INFO - Setting next_dagrun for example_bash_decorator to None, run_after=None
[2025-04-14T10:30:44.220-0500] {processor.py:208} INFO - Processing /Library/Frameworks/Python.framework/Versions/3.10/lib/python3.10/site-packages/airflow/example_dags/example_bash_decorator.py took 0.116 seconds
[2025-04-14T10:35:36.447-0500] {processor.py:186} INFO - Started process (PID=82885) to work on /Library/Frameworks/Python.framework/Versions/3.10/lib/python3.10/site-packages/airflow/example_dags/example_bash_decorator.py
[2025-04-14T10:35:36.448-0500] {processor.py:914} INFO - Processing file /Library/Frameworks/Python.framework/Versions/3.10/lib/python3.10/site-packages/airflow/example_dags/example_bash_decorator.py for tasks to queue
[2025-04-14T10:35:36.448-0500] {logging_mixin.py:190} INFO - [2025-04-14T10:35:36.448-0500] {dagbag.py:588} INFO - Filling up the DagBag from /Library/Frameworks/Python.framework/Versions/3.10/lib/python3.10/site-packages/airflow/example_dags/example_bash_decorator.py
[2025-04-14T10:35:36.486-0500] {processor.py:925} INFO - DAG(s) 'example_bash_decorator' retrieved from /Library/Frameworks/Python.framework/Versions/3.10/lib/python3.10/site-packages/airflow/example_dags/example_bash_decorator.py
[2025-04-14T10:35:36.567-0500] {logging_mixin.py:190} INFO - [2025-04-14T10:35:36.567-0500] {dag.py:3239} INFO - Sync 1 DAGs
[2025-04-14T10:35:36.570-0500] {logging_mixin.py:190} INFO - [2025-04-14T10:35:36.570-0500] {dag.py:4180} INFO - Setting next_dagrun for example_bash_decorator to None, run_after=None
[2025-04-14T10:35:36.576-0500] {processor.py:208} INFO - Processing /Library/Frameworks/Python.framework/Versions/3.10/lib/python3.10/site-packages/airflow/example_dags/example_bash_decorator.py took 0.130 seconds
[2025-04-14T10:37:34.390-0500] {processor.py:186} INFO - Started process (PID=83087) to work on /Library/Frameworks/Python.framework/Versions/3.10/lib/python3.10/site-packages/airflow/example_dags/example_bash_decorator.py
[2025-04-14T10:37:34.391-0500] {processor.py:914} INFO - Processing file /Library/Frameworks/Python.framework/Versions/3.10/lib/python3.10/site-packages/airflow/example_dags/example_bash_decorator.py for tasks to queue
[2025-04-14T10:37:34.391-0500] {logging_mixin.py:190} INFO - [2025-04-14T10:37:34.391-0500] {dagbag.py:588} INFO - Filling up the DagBag from /Library/Frameworks/Python.framework/Versions/3.10/lib/python3.10/site-packages/airflow/example_dags/example_bash_decorator.py
[2025-04-14T10:37:34.424-0500] {processor.py:925} INFO - DAG(s) 'example_bash_decorator' retrieved from /Library/Frameworks/Python.framework/Versions/3.10/lib/python3.10/site-packages/airflow/example_dags/example_bash_decorator.py
[2025-04-14T10:37:34.495-0500] {logging_mixin.py:190} INFO - [2025-04-14T10:37:34.495-0500] {dag.py:3239} INFO - Sync 1 DAGs
[2025-04-14T10:37:34.498-0500] {logging_mixin.py:190} INFO - [2025-04-14T10:37:34.498-0500] {dag.py:4180} INFO - Setting next_dagrun for example_bash_decorator to None, run_after=None
[2025-04-14T10:37:34.504-0500] {processor.py:208} INFO - Processing /Library/Frameworks/Python.framework/Versions/3.10/lib/python3.10/site-packages/airflow/example_dags/example_bash_decorator.py took 0.115 seconds
[2025-04-14T10:39:35.162-0500] {processor.py:186} INFO - Started process (PID=83294) to work on /Library/Frameworks/Python.framework/Versions/3.10/lib/python3.10/site-packages/airflow/example_dags/example_bash_decorator.py
[2025-04-14T10:39:35.163-0500] {processor.py:914} INFO - Processing file /Library/Frameworks/Python.framework/Versions/3.10/lib/python3.10/site-packages/airflow/example_dags/example_bash_decorator.py for tasks to queue
[2025-04-14T10:39:35.164-0500] {logging_mixin.py:190} INFO - [2025-04-14T10:39:35.164-0500] {dagbag.py:588} INFO - Filling up the DagBag from /Library/Frameworks/Python.framework/Versions/3.10/lib/python3.10/site-packages/airflow/example_dags/example_bash_decorator.py
[2025-04-14T10:39:35.198-0500] {processor.py:925} INFO - DAG(s) 'example_bash_decorator' retrieved from /Library/Frameworks/Python.framework/Versions/3.10/lib/python3.10/site-packages/airflow/example_dags/example_bash_decorator.py
[2025-04-14T10:39:35.271-0500] {logging_mixin.py:190} INFO - [2025-04-14T10:39:35.271-0500] {dag.py:3239} INFO - Sync 1 DAGs
[2025-04-14T10:39:35.274-0500] {logging_mixin.py:190} INFO - [2025-04-14T10:39:35.274-0500] {dag.py:4180} INFO - Setting next_dagrun for example_bash_decorator to None, run_after=None
[2025-04-14T10:39:35.280-0500] {processor.py:208} INFO - Processing /Library/Frameworks/Python.framework/Versions/3.10/lib/python3.10/site-packages/airflow/example_dags/example_bash_decorator.py took 0.119 seconds
[2025-04-14T10:43:37.137-0500] {processor.py:186} INFO - Started process (PID=83769) to work on /Library/Frameworks/Python.framework/Versions/3.10/lib/python3.10/site-packages/airflow/example_dags/example_bash_decorator.py
[2025-04-14T10:43:37.138-0500] {processor.py:914} INFO - Processing file /Library/Frameworks/Python.framework/Versions/3.10/lib/python3.10/site-packages/airflow/example_dags/example_bash_decorator.py for tasks to queue
[2025-04-14T10:43:37.138-0500] {logging_mixin.py:190} INFO - [2025-04-14T10:43:37.138-0500] {dagbag.py:588} INFO - Filling up the DagBag from /Library/Frameworks/Python.framework/Versions/3.10/lib/python3.10/site-packages/airflow/example_dags/example_bash_decorator.py
[2025-04-14T10:43:37.173-0500] {processor.py:925} INFO - DAG(s) 'example_bash_decorator' retrieved from /Library/Frameworks/Python.framework/Versions/3.10/lib/python3.10/site-packages/airflow/example_dags/example_bash_decorator.py
[2025-04-14T10:43:37.247-0500] {logging_mixin.py:190} INFO - [2025-04-14T10:43:37.247-0500] {dag.py:3239} INFO - Sync 1 DAGs
[2025-04-14T10:43:37.251-0500] {logging_mixin.py:190} INFO - [2025-04-14T10:43:37.251-0500] {dag.py:4180} INFO - Setting next_dagrun for example_bash_decorator to None, run_after=None
[2025-04-14T10:43:37.257-0500] {processor.py:208} INFO - Processing /Library/Frameworks/Python.framework/Versions/3.10/lib/python3.10/site-packages/airflow/example_dags/example_bash_decorator.py took 0.121 seconds
[2025-04-14T10:45:35.274-0500] {processor.py:186} INFO - Started process (PID=83979) to work on /Library/Frameworks/Python.framework/Versions/3.10/lib/python3.10/site-packages/airflow/example_dags/example_bash_decorator.py
[2025-04-14T10:45:35.275-0500] {processor.py:914} INFO - Processing file /Library/Frameworks/Python.framework/Versions/3.10/lib/python3.10/site-packages/airflow/example_dags/example_bash_decorator.py for tasks to queue
[2025-04-14T10:45:35.275-0500] {logging_mixin.py:190} INFO - [2025-04-14T10:45:35.275-0500] {dagbag.py:588} INFO - Filling up the DagBag from /Library/Frameworks/Python.framework/Versions/3.10/lib/python3.10/site-packages/airflow/example_dags/example_bash_decorator.py
[2025-04-14T10:45:35.307-0500] {processor.py:925} INFO - DAG(s) 'example_bash_decorator' retrieved from /Library/Frameworks/Python.framework/Versions/3.10/lib/python3.10/site-packages/airflow/example_dags/example_bash_decorator.py
[2025-04-14T10:45:35.378-0500] {logging_mixin.py:190} INFO - [2025-04-14T10:45:35.378-0500] {dag.py:3239} INFO - Sync 1 DAGs
[2025-04-14T10:45:35.381-0500] {logging_mixin.py:190} INFO - [2025-04-14T10:45:35.381-0500] {dag.py:4180} INFO - Setting next_dagrun for example_bash_decorator to None, run_after=None
[2025-04-14T10:45:35.387-0500] {processor.py:208} INFO - Processing /Library/Frameworks/Python.framework/Versions/3.10/lib/python3.10/site-packages/airflow/example_dags/example_bash_decorator.py took 0.114 seconds
[2025-04-14T10:47:28.860-0500] {processor.py:186} INFO - Started process (PID=84159) to work on /Library/Frameworks/Python.framework/Versions/3.10/lib/python3.10/site-packages/airflow/example_dags/example_bash_decorator.py
[2025-04-14T10:47:28.861-0500] {processor.py:914} INFO - Processing file /Library/Frameworks/Python.framework/Versions/3.10/lib/python3.10/site-packages/airflow/example_dags/example_bash_decorator.py for tasks to queue
[2025-04-14T10:47:28.861-0500] {logging_mixin.py:190} INFO - [2025-04-14T10:47:28.861-0500] {dagbag.py:588} INFO - Filling up the DagBag from /Library/Frameworks/Python.framework/Versions/3.10/lib/python3.10/site-packages/airflow/example_dags/example_bash_decorator.py
[2025-04-14T10:47:28.894-0500] {processor.py:925} INFO - DAG(s) 'example_bash_decorator' retrieved from /Library/Frameworks/Python.framework/Versions/3.10/lib/python3.10/site-packages/airflow/example_dags/example_bash_decorator.py
[2025-04-14T10:47:28.965-0500] {logging_mixin.py:190} INFO - [2025-04-14T10:47:28.965-0500] {dag.py:3239} INFO - Sync 1 DAGs
[2025-04-14T10:47:28.968-0500] {logging_mixin.py:190} INFO - [2025-04-14T10:47:28.968-0500] {dag.py:4180} INFO - Setting next_dagrun for example_bash_decorator to None, run_after=None
[2025-04-14T10:47:28.974-0500] {processor.py:208} INFO - Processing /Library/Frameworks/Python.framework/Versions/3.10/lib/python3.10/site-packages/airflow/example_dags/example_bash_decorator.py took 0.115 seconds
[2025-04-14T10:49:16.850-0500] {processor.py:186} INFO - Started process (PID=84354) to work on /Library/Frameworks/Python.framework/Versions/3.10/lib/python3.10/site-packages/airflow/example_dags/example_bash_decorator.py
[2025-04-14T10:49:16.851-0500] {processor.py:914} INFO - Processing file /Library/Frameworks/Python.framework/Versions/3.10/lib/python3.10/site-packages/airflow/example_dags/example_bash_decorator.py for tasks to queue
[2025-04-14T10:49:16.852-0500] {logging_mixin.py:190} INFO - [2025-04-14T10:49:16.852-0500] {dagbag.py:588} INFO - Filling up the DagBag from /Library/Frameworks/Python.framework/Versions/3.10/lib/python3.10/site-packages/airflow/example_dags/example_bash_decorator.py
[2025-04-14T10:49:16.884-0500] {processor.py:925} INFO - DAG(s) 'example_bash_decorator' retrieved from /Library/Frameworks/Python.framework/Versions/3.10/lib/python3.10/site-packages/airflow/example_dags/example_bash_decorator.py
[2025-04-14T10:49:16.956-0500] {logging_mixin.py:190} INFO - [2025-04-14T10:49:16.955-0500] {dag.py:3239} INFO - Sync 1 DAGs
[2025-04-14T10:49:16.959-0500] {logging_mixin.py:190} INFO - [2025-04-14T10:49:16.959-0500] {dag.py:4180} INFO - Setting next_dagrun for example_bash_decorator to None, run_after=None
[2025-04-14T10:49:16.964-0500] {processor.py:208} INFO - Processing /Library/Frameworks/Python.framework/Versions/3.10/lib/python3.10/site-packages/airflow/example_dags/example_bash_decorator.py took 0.115 seconds
[2025-04-14T10:51:07.793-0500] {processor.py:186} INFO - Started process (PID=84535) to work on /Library/Frameworks/Python.framework/Versions/3.10/lib/python3.10/site-packages/airflow/example_dags/example_bash_decorator.py
[2025-04-14T10:51:07.794-0500] {processor.py:914} INFO - Processing file /Library/Frameworks/Python.framework/Versions/3.10/lib/python3.10/site-packages/airflow/example_dags/example_bash_decorator.py for tasks to queue
[2025-04-14T10:51:07.794-0500] {logging_mixin.py:190} INFO - [2025-04-14T10:51:07.794-0500] {dagbag.py:588} INFO - Filling up the DagBag from /Library/Frameworks/Python.framework/Versions/3.10/lib/python3.10/site-packages/airflow/example_dags/example_bash_decorator.py
[2025-04-14T10:51:07.827-0500] {processor.py:925} INFO - DAG(s) 'example_bash_decorator' retrieved from /Library/Frameworks/Python.framework/Versions/3.10/lib/python3.10/site-packages/airflow/example_dags/example_bash_decorator.py
[2025-04-14T10:51:07.897-0500] {logging_mixin.py:190} INFO - [2025-04-14T10:51:07.897-0500] {dag.py:3239} INFO - Sync 1 DAGs
[2025-04-14T10:51:07.900-0500] {logging_mixin.py:190} INFO - [2025-04-14T10:51:07.900-0500] {dag.py:4180} INFO - Setting next_dagrun for example_bash_decorator to None, run_after=None
[2025-04-14T10:51:07.905-0500] {processor.py:208} INFO - Processing /Library/Frameworks/Python.framework/Versions/3.10/lib/python3.10/site-packages/airflow/example_dags/example_bash_decorator.py took 0.114 seconds
[2025-04-14T10:52:56.564-0500] {processor.py:186} INFO - Started process (PID=84728) to work on /Library/Frameworks/Python.framework/Versions/3.10/lib/python3.10/site-packages/airflow/example_dags/example_bash_decorator.py
[2025-04-14T10:52:56.565-0500] {processor.py:914} INFO - Processing file /Library/Frameworks/Python.framework/Versions/3.10/lib/python3.10/site-packages/airflow/example_dags/example_bash_decorator.py for tasks to queue
[2025-04-14T10:52:56.565-0500] {logging_mixin.py:190} INFO - [2025-04-14T10:52:56.565-0500] {dagbag.py:588} INFO - Filling up the DagBag from /Library/Frameworks/Python.framework/Versions/3.10/lib/python3.10/site-packages/airflow/example_dags/example_bash_decorator.py
[2025-04-14T10:52:56.597-0500] {processor.py:925} INFO - DAG(s) 'example_bash_decorator' retrieved from /Library/Frameworks/Python.framework/Versions/3.10/lib/python3.10/site-packages/airflow/example_dags/example_bash_decorator.py
[2025-04-14T10:52:56.658-0500] {logging_mixin.py:190} INFO - [2025-04-14T10:52:56.658-0500] {dag.py:3239} INFO - Sync 1 DAGs
[2025-04-14T10:52:56.662-0500] {logging_mixin.py:190} INFO - [2025-04-14T10:52:56.662-0500] {dag.py:4180} INFO - Setting next_dagrun for example_bash_decorator to None, run_after=None
[2025-04-14T10:52:56.667-0500] {processor.py:208} INFO - Processing /Library/Frameworks/Python.framework/Versions/3.10/lib/python3.10/site-packages/airflow/example_dags/example_bash_decorator.py took 0.105 seconds
[2025-04-14T11:12:28.454-0500] {processor.py:186} INFO - Started process (PID=85025) to work on /Library/Frameworks/Python.framework/Versions/3.10/lib/python3.10/site-packages/airflow/example_dags/example_bash_decorator.py
[2025-04-14T11:12:28.455-0500] {processor.py:914} INFO - Processing file /Library/Frameworks/Python.framework/Versions/3.10/lib/python3.10/site-packages/airflow/example_dags/example_bash_decorator.py for tasks to queue
[2025-04-14T11:12:28.455-0500] {logging_mixin.py:190} INFO - [2025-04-14T11:12:28.455-0500] {dagbag.py:588} INFO - Filling up the DagBag from /Library/Frameworks/Python.framework/Versions/3.10/lib/python3.10/site-packages/airflow/example_dags/example_bash_decorator.py
[2025-04-14T11:12:28.487-0500] {processor.py:925} INFO - DAG(s) 'example_bash_decorator' retrieved from /Library/Frameworks/Python.framework/Versions/3.10/lib/python3.10/site-packages/airflow/example_dags/example_bash_decorator.py
[2025-04-14T11:12:28.557-0500] {logging_mixin.py:190} INFO - [2025-04-14T11:12:28.557-0500] {dag.py:3239} INFO - Sync 1 DAGs
[2025-04-14T11:12:28.561-0500] {logging_mixin.py:190} INFO - [2025-04-14T11:12:28.561-0500] {dag.py:4180} INFO - Setting next_dagrun for example_bash_decorator to None, run_after=None
[2025-04-14T11:12:28.566-0500] {processor.py:208} INFO - Processing /Library/Frameworks/Python.framework/Versions/3.10/lib/python3.10/site-packages/airflow/example_dags/example_bash_decorator.py took 0.114 seconds
[2025-04-14T11:14:19.094-0500] {processor.py:186} INFO - Started process (PID=85211) to work on /Library/Frameworks/Python.framework/Versions/3.10/lib/python3.10/site-packages/airflow/example_dags/example_bash_decorator.py
[2025-04-14T11:14:19.095-0500] {processor.py:914} INFO - Processing file /Library/Frameworks/Python.framework/Versions/3.10/lib/python3.10/site-packages/airflow/example_dags/example_bash_decorator.py for tasks to queue
[2025-04-14T11:14:19.096-0500] {logging_mixin.py:190} INFO - [2025-04-14T11:14:19.096-0500] {dagbag.py:588} INFO - Filling up the DagBag from /Library/Frameworks/Python.framework/Versions/3.10/lib/python3.10/site-packages/airflow/example_dags/example_bash_decorator.py
[2025-04-14T11:14:19.128-0500] {processor.py:925} INFO - DAG(s) 'example_bash_decorator' retrieved from /Library/Frameworks/Python.framework/Versions/3.10/lib/python3.10/site-packages/airflow/example_dags/example_bash_decorator.py
[2025-04-14T11:14:19.199-0500] {logging_mixin.py:190} INFO - [2025-04-14T11:14:19.199-0500] {dag.py:3239} INFO - Sync 1 DAGs
[2025-04-14T11:14:19.202-0500] {logging_mixin.py:190} INFO - [2025-04-14T11:14:19.202-0500] {dag.py:4180} INFO - Setting next_dagrun for example_bash_decorator to None, run_after=None
[2025-04-14T11:14:19.207-0500] {processor.py:208} INFO - Processing /Library/Frameworks/Python.framework/Versions/3.10/lib/python3.10/site-packages/airflow/example_dags/example_bash_decorator.py took 0.114 seconds
[2025-04-14T11:16:06.127-0500] {processor.py:186} INFO - Started process (PID=85390) to work on /Library/Frameworks/Python.framework/Versions/3.10/lib/python3.10/site-packages/airflow/example_dags/example_bash_decorator.py
[2025-04-14T11:16:06.128-0500] {processor.py:914} INFO - Processing file /Library/Frameworks/Python.framework/Versions/3.10/lib/python3.10/site-packages/airflow/example_dags/example_bash_decorator.py for tasks to queue
[2025-04-14T11:16:06.128-0500] {logging_mixin.py:190} INFO - [2025-04-14T11:16:06.128-0500] {dagbag.py:588} INFO - Filling up the DagBag from /Library/Frameworks/Python.framework/Versions/3.10/lib/python3.10/site-packages/airflow/example_dags/example_bash_decorator.py
[2025-04-14T11:16:06.161-0500] {processor.py:925} INFO - DAG(s) 'example_bash_decorator' retrieved from /Library/Frameworks/Python.framework/Versions/3.10/lib/python3.10/site-packages/airflow/example_dags/example_bash_decorator.py
[2025-04-14T11:16:06.232-0500] {logging_mixin.py:190} INFO - [2025-04-14T11:16:06.232-0500] {dag.py:3239} INFO - Sync 1 DAGs
[2025-04-14T11:16:06.235-0500] {logging_mixin.py:190} INFO - [2025-04-14T11:16:06.235-0500] {dag.py:4180} INFO - Setting next_dagrun for example_bash_decorator to None, run_after=None
[2025-04-14T11:16:06.240-0500] {processor.py:208} INFO - Processing /Library/Frameworks/Python.framework/Versions/3.10/lib/python3.10/site-packages/airflow/example_dags/example_bash_decorator.py took 0.114 seconds
[2025-04-14T11:17:55.626-0500] {processor.py:186} INFO - Started process (PID=85571) to work on /Library/Frameworks/Python.framework/Versions/3.10/lib/python3.10/site-packages/airflow/example_dags/example_bash_decorator.py
[2025-04-14T11:17:55.627-0500] {processor.py:914} INFO - Processing file /Library/Frameworks/Python.framework/Versions/3.10/lib/python3.10/site-packages/airflow/example_dags/example_bash_decorator.py for tasks to queue
[2025-04-14T11:17:55.627-0500] {logging_mixin.py:190} INFO - [2025-04-14T11:17:55.627-0500] {dagbag.py:588} INFO - Filling up the DagBag from /Library/Frameworks/Python.framework/Versions/3.10/lib/python3.10/site-packages/airflow/example_dags/example_bash_decorator.py
[2025-04-14T11:17:55.659-0500] {processor.py:925} INFO - DAG(s) 'example_bash_decorator' retrieved from /Library/Frameworks/Python.framework/Versions/3.10/lib/python3.10/site-packages/airflow/example_dags/example_bash_decorator.py
[2025-04-14T11:17:55.729-0500] {logging_mixin.py:190} INFO - [2025-04-14T11:17:55.729-0500] {dag.py:3239} INFO - Sync 1 DAGs
[2025-04-14T11:17:55.732-0500] {logging_mixin.py:190} INFO - [2025-04-14T11:17:55.732-0500] {dag.py:4180} INFO - Setting next_dagrun for example_bash_decorator to None, run_after=None
[2025-04-14T11:17:55.738-0500] {processor.py:208} INFO - Processing /Library/Frameworks/Python.framework/Versions/3.10/lib/python3.10/site-packages/airflow/example_dags/example_bash_decorator.py took 0.113 seconds
[2025-04-14T11:19:49.600-0500] {processor.py:186} INFO - Started process (PID=85758) to work on /Library/Frameworks/Python.framework/Versions/3.10/lib/python3.10/site-packages/airflow/example_dags/example_bash_decorator.py
[2025-04-14T11:19:49.601-0500] {processor.py:914} INFO - Processing file /Library/Frameworks/Python.framework/Versions/3.10/lib/python3.10/site-packages/airflow/example_dags/example_bash_decorator.py for tasks to queue
[2025-04-14T11:19:49.601-0500] {logging_mixin.py:190} INFO - [2025-04-14T11:19:49.601-0500] {dagbag.py:588} INFO - Filling up the DagBag from /Library/Frameworks/Python.framework/Versions/3.10/lib/python3.10/site-packages/airflow/example_dags/example_bash_decorator.py
[2025-04-14T11:19:49.633-0500] {processor.py:925} INFO - DAG(s) 'example_bash_decorator' retrieved from /Library/Frameworks/Python.framework/Versions/3.10/lib/python3.10/site-packages/airflow/example_dags/example_bash_decorator.py
[2025-04-14T11:19:49.705-0500] {logging_mixin.py:190} INFO - [2025-04-14T11:19:49.704-0500] {dag.py:3239} INFO - Sync 1 DAGs
[2025-04-14T11:19:49.708-0500] {logging_mixin.py:190} INFO - [2025-04-14T11:19:49.708-0500] {dag.py:4180} INFO - Setting next_dagrun for example_bash_decorator to None, run_after=None
[2025-04-14T11:19:49.714-0500] {processor.py:208} INFO - Processing /Library/Frameworks/Python.framework/Versions/3.10/lib/python3.10/site-packages/airflow/example_dags/example_bash_decorator.py took 0.115 seconds
[2025-04-14T11:21:40.595-0500] {processor.py:186} INFO - Started process (PID=85941) to work on /Library/Frameworks/Python.framework/Versions/3.10/lib/python3.10/site-packages/airflow/example_dags/example_bash_decorator.py
[2025-04-14T11:21:40.596-0500] {processor.py:914} INFO - Processing file /Library/Frameworks/Python.framework/Versions/3.10/lib/python3.10/site-packages/airflow/example_dags/example_bash_decorator.py for tasks to queue
[2025-04-14T11:21:40.596-0500] {logging_mixin.py:190} INFO - [2025-04-14T11:21:40.596-0500] {dagbag.py:588} INFO - Filling up the DagBag from /Library/Frameworks/Python.framework/Versions/3.10/lib/python3.10/site-packages/airflow/example_dags/example_bash_decorator.py
[2025-04-14T11:21:40.631-0500] {processor.py:925} INFO - DAG(s) 'example_bash_decorator' retrieved from /Library/Frameworks/Python.framework/Versions/3.10/lib/python3.10/site-packages/airflow/example_dags/example_bash_decorator.py
[2025-04-14T11:21:40.704-0500] {logging_mixin.py:190} INFO - [2025-04-14T11:21:40.704-0500] {dag.py:3239} INFO - Sync 1 DAGs
[2025-04-14T11:21:40.708-0500] {logging_mixin.py:190} INFO - [2025-04-14T11:21:40.708-0500] {dag.py:4180} INFO - Setting next_dagrun for example_bash_decorator to None, run_after=None
[2025-04-14T11:21:40.713-0500] {processor.py:208} INFO - Processing /Library/Frameworks/Python.framework/Versions/3.10/lib/python3.10/site-packages/airflow/example_dags/example_bash_decorator.py took 0.119 seconds
[2025-04-14T11:23:33.670-0500] {processor.py:186} INFO - Started process (PID=86129) to work on /Library/Frameworks/Python.framework/Versions/3.10/lib/python3.10/site-packages/airflow/example_dags/example_bash_decorator.py
[2025-04-14T11:23:33.671-0500] {processor.py:914} INFO - Processing file /Library/Frameworks/Python.framework/Versions/3.10/lib/python3.10/site-packages/airflow/example_dags/example_bash_decorator.py for tasks to queue
[2025-04-14T11:23:33.671-0500] {logging_mixin.py:190} INFO - [2025-04-14T11:23:33.671-0500] {dagbag.py:588} INFO - Filling up the DagBag from /Library/Frameworks/Python.framework/Versions/3.10/lib/python3.10/site-packages/airflow/example_dags/example_bash_decorator.py
[2025-04-14T11:23:33.704-0500] {processor.py:925} INFO - DAG(s) 'example_bash_decorator' retrieved from /Library/Frameworks/Python.framework/Versions/3.10/lib/python3.10/site-packages/airflow/example_dags/example_bash_decorator.py
[2025-04-14T11:23:33.774-0500] {logging_mixin.py:190} INFO - [2025-04-14T11:23:33.774-0500] {dag.py:3239} INFO - Sync 1 DAGs
[2025-04-14T11:23:33.778-0500] {logging_mixin.py:190} INFO - [2025-04-14T11:23:33.777-0500] {dag.py:4180} INFO - Setting next_dagrun for example_bash_decorator to None, run_after=None
[2025-04-14T11:23:33.783-0500] {processor.py:208} INFO - Processing /Library/Frameworks/Python.framework/Versions/3.10/lib/python3.10/site-packages/airflow/example_dags/example_bash_decorator.py took 0.114 seconds
[2025-04-14T11:25:34.692-0500] {processor.py:186} INFO - Started process (PID=86334) to work on /Library/Frameworks/Python.framework/Versions/3.10/lib/python3.10/site-packages/airflow/example_dags/example_bash_decorator.py
[2025-04-14T11:25:34.694-0500] {processor.py:914} INFO - Processing file /Library/Frameworks/Python.framework/Versions/3.10/lib/python3.10/site-packages/airflow/example_dags/example_bash_decorator.py for tasks to queue
[2025-04-14T11:25:34.695-0500] {logging_mixin.py:190} INFO - [2025-04-14T11:25:34.695-0500] {dagbag.py:588} INFO - Filling up the DagBag from /Library/Frameworks/Python.framework/Versions/3.10/lib/python3.10/site-packages/airflow/example_dags/example_bash_decorator.py
[2025-04-14T11:25:34.742-0500] {processor.py:925} INFO - DAG(s) 'example_bash_decorator' retrieved from /Library/Frameworks/Python.framework/Versions/3.10/lib/python3.10/site-packages/airflow/example_dags/example_bash_decorator.py
[2025-04-14T11:25:34.818-0500] {logging_mixin.py:190} INFO - [2025-04-14T11:25:34.818-0500] {dag.py:3239} INFO - Sync 1 DAGs
[2025-04-14T11:25:34.821-0500] {logging_mixin.py:190} INFO - [2025-04-14T11:25:34.821-0500] {dag.py:4180} INFO - Setting next_dagrun for example_bash_decorator to None, run_after=None
[2025-04-14T11:25:34.827-0500] {processor.py:208} INFO - Processing /Library/Frameworks/Python.framework/Versions/3.10/lib/python3.10/site-packages/airflow/example_dags/example_bash_decorator.py took 0.136 seconds
[2025-04-14T11:27:36.086-0500] {processor.py:186} INFO - Started process (PID=86529) to work on /Library/Frameworks/Python.framework/Versions/3.10/lib/python3.10/site-packages/airflow/example_dags/example_bash_decorator.py
[2025-04-14T11:27:36.088-0500] {processor.py:914} INFO - Processing file /Library/Frameworks/Python.framework/Versions/3.10/lib/python3.10/site-packages/airflow/example_dags/example_bash_decorator.py for tasks to queue
[2025-04-14T11:27:36.089-0500] {logging_mixin.py:190} INFO - [2025-04-14T11:27:36.089-0500] {dagbag.py:588} INFO - Filling up the DagBag from /Library/Frameworks/Python.framework/Versions/3.10/lib/python3.10/site-packages/airflow/example_dags/example_bash_decorator.py
[2025-04-14T11:27:36.124-0500] {processor.py:925} INFO - DAG(s) 'example_bash_decorator' retrieved from /Library/Frameworks/Python.framework/Versions/3.10/lib/python3.10/site-packages/airflow/example_dags/example_bash_decorator.py
[2025-04-14T11:27:36.197-0500] {logging_mixin.py:190} INFO - [2025-04-14T11:27:36.197-0500] {dag.py:3239} INFO - Sync 1 DAGs
[2025-04-14T11:27:36.200-0500] {logging_mixin.py:190} INFO - [2025-04-14T11:27:36.200-0500] {dag.py:4180} INFO - Setting next_dagrun for example_bash_decorator to None, run_after=None
[2025-04-14T11:27:36.206-0500] {processor.py:208} INFO - Processing /Library/Frameworks/Python.framework/Versions/3.10/lib/python3.10/site-packages/airflow/example_dags/example_bash_decorator.py took 0.121 seconds
[2025-04-14T11:29:27.636-0500] {processor.py:186} INFO - Started process (PID=86732) to work on /Library/Frameworks/Python.framework/Versions/3.10/lib/python3.10/site-packages/airflow/example_dags/example_bash_decorator.py
[2025-04-14T11:29:27.637-0500] {processor.py:914} INFO - Processing file /Library/Frameworks/Python.framework/Versions/3.10/lib/python3.10/site-packages/airflow/example_dags/example_bash_decorator.py for tasks to queue
[2025-04-14T11:29:27.637-0500] {logging_mixin.py:190} INFO - [2025-04-14T11:29:27.637-0500] {dagbag.py:588} INFO - Filling up the DagBag from /Library/Frameworks/Python.framework/Versions/3.10/lib/python3.10/site-packages/airflow/example_dags/example_bash_decorator.py
[2025-04-14T11:29:27.670-0500] {processor.py:925} INFO - DAG(s) 'example_bash_decorator' retrieved from /Library/Frameworks/Python.framework/Versions/3.10/lib/python3.10/site-packages/airflow/example_dags/example_bash_decorator.py
[2025-04-14T11:29:27.742-0500] {logging_mixin.py:190} INFO - [2025-04-14T11:29:27.742-0500] {dag.py:3239} INFO - Sync 1 DAGs
[2025-04-14T11:29:27.745-0500] {logging_mixin.py:190} INFO - [2025-04-14T11:29:27.745-0500] {dag.py:4180} INFO - Setting next_dagrun for example_bash_decorator to None, run_after=None
[2025-04-14T11:29:27.751-0500] {processor.py:208} INFO - Processing /Library/Frameworks/Python.framework/Versions/3.10/lib/python3.10/site-packages/airflow/example_dags/example_bash_decorator.py took 0.116 seconds
[2025-04-14T11:31:16.057-0500] {processor.py:186} INFO - Started process (PID=86925) to work on /Library/Frameworks/Python.framework/Versions/3.10/lib/python3.10/site-packages/airflow/example_dags/example_bash_decorator.py
[2025-04-14T11:31:16.058-0500] {processor.py:914} INFO - Processing file /Library/Frameworks/Python.framework/Versions/3.10/lib/python3.10/site-packages/airflow/example_dags/example_bash_decorator.py for tasks to queue
[2025-04-14T11:31:16.058-0500] {logging_mixin.py:190} INFO - [2025-04-14T11:31:16.058-0500] {dagbag.py:588} INFO - Filling up the DagBag from /Library/Frameworks/Python.framework/Versions/3.10/lib/python3.10/site-packages/airflow/example_dags/example_bash_decorator.py
[2025-04-14T11:31:16.097-0500] {processor.py:925} INFO - DAG(s) 'example_bash_decorator' retrieved from /Library/Frameworks/Python.framework/Versions/3.10/lib/python3.10/site-packages/airflow/example_dags/example_bash_decorator.py
[2025-04-14T11:31:16.171-0500] {logging_mixin.py:190} INFO - [2025-04-14T11:31:16.171-0500] {dag.py:3239} INFO - Sync 1 DAGs
[2025-04-14T11:31:16.174-0500] {logging_mixin.py:190} INFO - [2025-04-14T11:31:16.174-0500] {dag.py:4180} INFO - Setting next_dagrun for example_bash_decorator to None, run_after=None
[2025-04-14T11:31:16.180-0500] {processor.py:208} INFO - Processing /Library/Frameworks/Python.framework/Versions/3.10/lib/python3.10/site-packages/airflow/example_dags/example_bash_decorator.py took 0.125 seconds
[2025-04-14T11:33:04.148-0500] {processor.py:186} INFO - Started process (PID=87144) to work on /Library/Frameworks/Python.framework/Versions/3.10/lib/python3.10/site-packages/airflow/example_dags/example_bash_decorator.py
[2025-04-14T11:33:04.149-0500] {processor.py:914} INFO - Processing file /Library/Frameworks/Python.framework/Versions/3.10/lib/python3.10/site-packages/airflow/example_dags/example_bash_decorator.py for tasks to queue
[2025-04-14T11:33:04.149-0500] {logging_mixin.py:190} INFO - [2025-04-14T11:33:04.149-0500] {dagbag.py:588} INFO - Filling up the DagBag from /Library/Frameworks/Python.framework/Versions/3.10/lib/python3.10/site-packages/airflow/example_dags/example_bash_decorator.py
[2025-04-14T11:33:04.183-0500] {processor.py:925} INFO - DAG(s) 'example_bash_decorator' retrieved from /Library/Frameworks/Python.framework/Versions/3.10/lib/python3.10/site-packages/airflow/example_dags/example_bash_decorator.py
[2025-04-14T11:33:04.255-0500] {logging_mixin.py:190} INFO - [2025-04-14T11:33:04.255-0500] {dag.py:3239} INFO - Sync 1 DAGs
[2025-04-14T11:33:04.259-0500] {logging_mixin.py:190} INFO - [2025-04-14T11:33:04.259-0500] {dag.py:4180} INFO - Setting next_dagrun for example_bash_decorator to None, run_after=None
[2025-04-14T11:33:04.265-0500] {processor.py:208} INFO - Processing /Library/Frameworks/Python.framework/Versions/3.10/lib/python3.10/site-packages/airflow/example_dags/example_bash_decorator.py took 0.118 seconds
[2025-04-14T11:34:51.768-0500] {processor.py:186} INFO - Started process (PID=87319) to work on /Library/Frameworks/Python.framework/Versions/3.10/lib/python3.10/site-packages/airflow/example_dags/example_bash_decorator.py
[2025-04-14T11:34:51.769-0500] {processor.py:914} INFO - Processing file /Library/Frameworks/Python.framework/Versions/3.10/lib/python3.10/site-packages/airflow/example_dags/example_bash_decorator.py for tasks to queue
[2025-04-14T11:34:51.769-0500] {logging_mixin.py:190} INFO - [2025-04-14T11:34:51.769-0500] {dagbag.py:588} INFO - Filling up the DagBag from /Library/Frameworks/Python.framework/Versions/3.10/lib/python3.10/site-packages/airflow/example_dags/example_bash_decorator.py
[2025-04-14T11:34:51.803-0500] {processor.py:925} INFO - DAG(s) 'example_bash_decorator' retrieved from /Library/Frameworks/Python.framework/Versions/3.10/lib/python3.10/site-packages/airflow/example_dags/example_bash_decorator.py
[2025-04-14T11:34:51.878-0500] {logging_mixin.py:190} INFO - [2025-04-14T11:34:51.878-0500] {dag.py:3239} INFO - Sync 1 DAGs
[2025-04-14T11:34:51.881-0500] {logging_mixin.py:190} INFO - [2025-04-14T11:34:51.881-0500] {dag.py:4180} INFO - Setting next_dagrun for example_bash_decorator to None, run_after=None
[2025-04-14T11:34:51.887-0500] {processor.py:208} INFO - Processing /Library/Frameworks/Python.framework/Versions/3.10/lib/python3.10/site-packages/airflow/example_dags/example_bash_decorator.py took 0.120 seconds
[2025-04-14T11:36:38.539-0500] {processor.py:186} INFO - Started process (PID=87501) to work on /Library/Frameworks/Python.framework/Versions/3.10/lib/python3.10/site-packages/airflow/example_dags/example_bash_decorator.py
[2025-04-14T11:36:38.540-0500] {processor.py:914} INFO - Processing file /Library/Frameworks/Python.framework/Versions/3.10/lib/python3.10/site-packages/airflow/example_dags/example_bash_decorator.py for tasks to queue
[2025-04-14T11:36:38.540-0500] {logging_mixin.py:190} INFO - [2025-04-14T11:36:38.540-0500] {dagbag.py:588} INFO - Filling up the DagBag from /Library/Frameworks/Python.framework/Versions/3.10/lib/python3.10/site-packages/airflow/example_dags/example_bash_decorator.py
[2025-04-14T11:36:38.572-0500] {processor.py:925} INFO - DAG(s) 'example_bash_decorator' retrieved from /Library/Frameworks/Python.framework/Versions/3.10/lib/python3.10/site-packages/airflow/example_dags/example_bash_decorator.py
[2025-04-14T11:36:38.634-0500] {logging_mixin.py:190} INFO - [2025-04-14T11:36:38.633-0500] {dag.py:3239} INFO - Sync 1 DAGs
[2025-04-14T11:36:38.637-0500] {logging_mixin.py:190} INFO - [2025-04-14T11:36:38.637-0500] {dag.py:4180} INFO - Setting next_dagrun for example_bash_decorator to None, run_after=None
[2025-04-14T11:36:38.642-0500] {processor.py:208} INFO - Processing /Library/Frameworks/Python.framework/Versions/3.10/lib/python3.10/site-packages/airflow/example_dags/example_bash_decorator.py took 0.105 seconds
[2025-04-14T11:46:52.204-0500] {processor.py:186} INFO - Started process (PID=87722) to work on /Library/Frameworks/Python.framework/Versions/3.10/lib/python3.10/site-packages/airflow/example_dags/example_bash_decorator.py
[2025-04-14T11:46:52.205-0500] {processor.py:914} INFO - Processing file /Library/Frameworks/Python.framework/Versions/3.10/lib/python3.10/site-packages/airflow/example_dags/example_bash_decorator.py for tasks to queue
[2025-04-14T11:46:52.205-0500] {logging_mixin.py:190} INFO - [2025-04-14T11:46:52.205-0500] {dagbag.py:588} INFO - Filling up the DagBag from /Library/Frameworks/Python.framework/Versions/3.10/lib/python3.10/site-packages/airflow/example_dags/example_bash_decorator.py
[2025-04-14T11:46:52.240-0500] {processor.py:925} INFO - DAG(s) 'example_bash_decorator' retrieved from /Library/Frameworks/Python.framework/Versions/3.10/lib/python3.10/site-packages/airflow/example_dags/example_bash_decorator.py
[2025-04-14T11:46:52.313-0500] {logging_mixin.py:190} INFO - [2025-04-14T11:46:52.313-0500] {dag.py:3239} INFO - Sync 1 DAGs
[2025-04-14T11:46:52.316-0500] {logging_mixin.py:190} INFO - [2025-04-14T11:46:52.316-0500] {dag.py:4180} INFO - Setting next_dagrun for example_bash_decorator to None, run_after=None
[2025-04-14T11:46:52.322-0500] {processor.py:208} INFO - Processing /Library/Frameworks/Python.framework/Versions/3.10/lib/python3.10/site-packages/airflow/example_dags/example_bash_decorator.py took 0.119 seconds
[2025-04-14T12:01:25.523-0500] {processor.py:186} INFO - Started process (PID=88019) to work on /Library/Frameworks/Python.framework/Versions/3.10/lib/python3.10/site-packages/airflow/example_dags/example_bash_decorator.py
[2025-04-14T12:01:25.524-0500] {processor.py:914} INFO - Processing file /Library/Frameworks/Python.framework/Versions/3.10/lib/python3.10/site-packages/airflow/example_dags/example_bash_decorator.py for tasks to queue
[2025-04-14T12:01:25.524-0500] {logging_mixin.py:190} INFO - [2025-04-14T12:01:25.524-0500] {dagbag.py:588} INFO - Filling up the DagBag from /Library/Frameworks/Python.framework/Versions/3.10/lib/python3.10/site-packages/airflow/example_dags/example_bash_decorator.py
[2025-04-14T12:01:25.562-0500] {processor.py:925} INFO - DAG(s) 'example_bash_decorator' retrieved from /Library/Frameworks/Python.framework/Versions/3.10/lib/python3.10/site-packages/airflow/example_dags/example_bash_decorator.py
[2025-04-14T12:01:25.648-0500] {logging_mixin.py:190} INFO - [2025-04-14T12:01:25.647-0500] {dag.py:3239} INFO - Sync 1 DAGs
[2025-04-14T12:01:25.652-0500] {logging_mixin.py:190} INFO - [2025-04-14T12:01:25.651-0500] {dag.py:4180} INFO - Setting next_dagrun for example_bash_decorator to None, run_after=None
[2025-04-14T12:01:25.658-0500] {processor.py:208} INFO - Processing /Library/Frameworks/Python.framework/Versions/3.10/lib/python3.10/site-packages/airflow/example_dags/example_bash_decorator.py took 0.136 seconds
[2025-04-14T12:03:16.303-0500] {processor.py:186} INFO - Started process (PID=88214) to work on /Library/Frameworks/Python.framework/Versions/3.10/lib/python3.10/site-packages/airflow/example_dags/example_bash_decorator.py
[2025-04-14T12:03:16.304-0500] {processor.py:914} INFO - Processing file /Library/Frameworks/Python.framework/Versions/3.10/lib/python3.10/site-packages/airflow/example_dags/example_bash_decorator.py for tasks to queue
[2025-04-14T12:03:16.305-0500] {logging_mixin.py:190} INFO - [2025-04-14T12:03:16.305-0500] {dagbag.py:588} INFO - Filling up the DagBag from /Library/Frameworks/Python.framework/Versions/3.10/lib/python3.10/site-packages/airflow/example_dags/example_bash_decorator.py
[2025-04-14T12:03:16.337-0500] {processor.py:925} INFO - DAG(s) 'example_bash_decorator' retrieved from /Library/Frameworks/Python.framework/Versions/3.10/lib/python3.10/site-packages/airflow/example_dags/example_bash_decorator.py
[2025-04-14T12:03:16.415-0500] {logging_mixin.py:190} INFO - [2025-04-14T12:03:16.414-0500] {dag.py:3239} INFO - Sync 1 DAGs
[2025-04-14T12:03:16.418-0500] {logging_mixin.py:190} INFO - [2025-04-14T12:03:16.418-0500] {dag.py:4180} INFO - Setting next_dagrun for example_bash_decorator to None, run_after=None
[2025-04-14T12:03:16.423-0500] {processor.py:208} INFO - Processing /Library/Frameworks/Python.framework/Versions/3.10/lib/python3.10/site-packages/airflow/example_dags/example_bash_decorator.py took 0.121 seconds
[2025-04-14T12:05:07.872-0500] {processor.py:186} INFO - Started process (PID=88425) to work on /Library/Frameworks/Python.framework/Versions/3.10/lib/python3.10/site-packages/airflow/example_dags/example_bash_decorator.py
[2025-04-14T12:05:07.873-0500] {processor.py:914} INFO - Processing file /Library/Frameworks/Python.framework/Versions/3.10/lib/python3.10/site-packages/airflow/example_dags/example_bash_decorator.py for tasks to queue
[2025-04-14T12:05:07.873-0500] {logging_mixin.py:190} INFO - [2025-04-14T12:05:07.873-0500] {dagbag.py:588} INFO - Filling up the DagBag from /Library/Frameworks/Python.framework/Versions/3.10/lib/python3.10/site-packages/airflow/example_dags/example_bash_decorator.py
[2025-04-14T12:05:07.907-0500] {processor.py:925} INFO - DAG(s) 'example_bash_decorator' retrieved from /Library/Frameworks/Python.framework/Versions/3.10/lib/python3.10/site-packages/airflow/example_dags/example_bash_decorator.py
[2025-04-14T12:05:07.985-0500] {logging_mixin.py:190} INFO - [2025-04-14T12:05:07.985-0500] {dag.py:3239} INFO - Sync 1 DAGs
[2025-04-14T12:05:07.988-0500] {logging_mixin.py:190} INFO - [2025-04-14T12:05:07.988-0500] {dag.py:4180} INFO - Setting next_dagrun for example_bash_decorator to None, run_after=None
[2025-04-14T12:05:07.994-0500] {processor.py:208} INFO - Processing /Library/Frameworks/Python.framework/Versions/3.10/lib/python3.10/site-packages/airflow/example_dags/example_bash_decorator.py took 0.123 seconds
[2025-04-14T12:07:00.493-0500] {processor.py:186} INFO - Started process (PID=88624) to work on /Library/Frameworks/Python.framework/Versions/3.10/lib/python3.10/site-packages/airflow/example_dags/example_bash_decorator.py
[2025-04-14T12:07:00.494-0500] {processor.py:914} INFO - Processing file /Library/Frameworks/Python.framework/Versions/3.10/lib/python3.10/site-packages/airflow/example_dags/example_bash_decorator.py for tasks to queue
[2025-04-14T12:07:00.495-0500] {logging_mixin.py:190} INFO - [2025-04-14T12:07:00.495-0500] {dagbag.py:588} INFO - Filling up the DagBag from /Library/Frameworks/Python.framework/Versions/3.10/lib/python3.10/site-packages/airflow/example_dags/example_bash_decorator.py
[2025-04-14T12:07:00.527-0500] {processor.py:925} INFO - DAG(s) 'example_bash_decorator' retrieved from /Library/Frameworks/Python.framework/Versions/3.10/lib/python3.10/site-packages/airflow/example_dags/example_bash_decorator.py
[2025-04-14T12:07:00.605-0500] {logging_mixin.py:190} INFO - [2025-04-14T12:07:00.604-0500] {dag.py:3239} INFO - Sync 1 DAGs
[2025-04-14T12:07:00.608-0500] {logging_mixin.py:190} INFO - [2025-04-14T12:07:00.608-0500] {dag.py:4180} INFO - Setting next_dagrun for example_bash_decorator to None, run_after=None
[2025-04-14T12:07:00.613-0500] {processor.py:208} INFO - Processing /Library/Frameworks/Python.framework/Versions/3.10/lib/python3.10/site-packages/airflow/example_dags/example_bash_decorator.py took 0.121 seconds
[2025-04-14T12:08:54.501-0500] {processor.py:186} INFO - Started process (PID=88811) to work on /Library/Frameworks/Python.framework/Versions/3.10/lib/python3.10/site-packages/airflow/example_dags/example_bash_decorator.py
[2025-04-14T12:08:54.502-0500] {processor.py:914} INFO - Processing file /Library/Frameworks/Python.framework/Versions/3.10/lib/python3.10/site-packages/airflow/example_dags/example_bash_decorator.py for tasks to queue
[2025-04-14T12:08:54.503-0500] {logging_mixin.py:190} INFO - [2025-04-14T12:08:54.503-0500] {dagbag.py:588} INFO - Filling up the DagBag from /Library/Frameworks/Python.framework/Versions/3.10/lib/python3.10/site-packages/airflow/example_dags/example_bash_decorator.py
[2025-04-14T12:08:54.539-0500] {processor.py:925} INFO - DAG(s) 'example_bash_decorator' retrieved from /Library/Frameworks/Python.framework/Versions/3.10/lib/python3.10/site-packages/airflow/example_dags/example_bash_decorator.py
[2025-04-14T12:08:54.620-0500] {logging_mixin.py:190} INFO - [2025-04-14T12:08:54.619-0500] {dag.py:3239} INFO - Sync 1 DAGs
[2025-04-14T12:08:54.623-0500] {logging_mixin.py:190} INFO - [2025-04-14T12:08:54.623-0500] {dag.py:4180} INFO - Setting next_dagrun for example_bash_decorator to None, run_after=None
[2025-04-14T12:08:54.629-0500] {processor.py:208} INFO - Processing /Library/Frameworks/Python.framework/Versions/3.10/lib/python3.10/site-packages/airflow/example_dags/example_bash_decorator.py took 0.129 seconds
[2025-04-14T12:10:48.122-0500] {processor.py:186} INFO - Started process (PID=89012) to work on /Library/Frameworks/Python.framework/Versions/3.10/lib/python3.10/site-packages/airflow/example_dags/example_bash_decorator.py
[2025-04-14T12:10:48.123-0500] {processor.py:914} INFO - Processing file /Library/Frameworks/Python.framework/Versions/3.10/lib/python3.10/site-packages/airflow/example_dags/example_bash_decorator.py for tasks to queue
[2025-04-14T12:10:48.123-0500] {logging_mixin.py:190} INFO - [2025-04-14T12:10:48.123-0500] {dagbag.py:588} INFO - Filling up the DagBag from /Library/Frameworks/Python.framework/Versions/3.10/lib/python3.10/site-packages/airflow/example_dags/example_bash_decorator.py
[2025-04-14T12:10:48.155-0500] {processor.py:925} INFO - DAG(s) 'example_bash_decorator' retrieved from /Library/Frameworks/Python.framework/Versions/3.10/lib/python3.10/site-packages/airflow/example_dags/example_bash_decorator.py
[2025-04-14T12:10:48.234-0500] {logging_mixin.py:190} INFO - [2025-04-14T12:10:48.233-0500] {dag.py:3239} INFO - Sync 1 DAGs
[2025-04-14T12:10:48.237-0500] {logging_mixin.py:190} INFO - [2025-04-14T12:10:48.237-0500] {dag.py:4180} INFO - Setting next_dagrun for example_bash_decorator to None, run_after=None
[2025-04-14T12:10:48.242-0500] {processor.py:208} INFO - Processing /Library/Frameworks/Python.framework/Versions/3.10/lib/python3.10/site-packages/airflow/example_dags/example_bash_decorator.py took 0.121 seconds
[2025-04-14T12:12:37.737-0500] {processor.py:186} INFO - Started process (PID=89187) to work on /Library/Frameworks/Python.framework/Versions/3.10/lib/python3.10/site-packages/airflow/example_dags/example_bash_decorator.py
[2025-04-14T12:12:37.737-0500] {processor.py:914} INFO - Processing file /Library/Frameworks/Python.framework/Versions/3.10/lib/python3.10/site-packages/airflow/example_dags/example_bash_decorator.py for tasks to queue
[2025-04-14T12:12:37.738-0500] {logging_mixin.py:190} INFO - [2025-04-14T12:12:37.738-0500] {dagbag.py:588} INFO - Filling up the DagBag from /Library/Frameworks/Python.framework/Versions/3.10/lib/python3.10/site-packages/airflow/example_dags/example_bash_decorator.py
[2025-04-14T12:12:37.770-0500] {processor.py:925} INFO - DAG(s) 'example_bash_decorator' retrieved from /Library/Frameworks/Python.framework/Versions/3.10/lib/python3.10/site-packages/airflow/example_dags/example_bash_decorator.py
[2025-04-14T12:12:37.850-0500] {logging_mixin.py:190} INFO - [2025-04-14T12:12:37.850-0500] {dag.py:3239} INFO - Sync 1 DAGs
[2025-04-14T12:12:37.853-0500] {logging_mixin.py:190} INFO - [2025-04-14T12:12:37.853-0500] {dag.py:4180} INFO - Setting next_dagrun for example_bash_decorator to None, run_after=None
[2025-04-14T12:12:37.859-0500] {processor.py:208} INFO - Processing /Library/Frameworks/Python.framework/Versions/3.10/lib/python3.10/site-packages/airflow/example_dags/example_bash_decorator.py took 0.123 seconds
[2025-04-14T12:14:32.428-0500] {processor.py:186} INFO - Started process (PID=89381) to work on /Library/Frameworks/Python.framework/Versions/3.10/lib/python3.10/site-packages/airflow/example_dags/example_bash_decorator.py
[2025-04-14T12:14:32.429-0500] {processor.py:914} INFO - Processing file /Library/Frameworks/Python.framework/Versions/3.10/lib/python3.10/site-packages/airflow/example_dags/example_bash_decorator.py for tasks to queue
[2025-04-14T12:14:32.429-0500] {logging_mixin.py:190} INFO - [2025-04-14T12:14:32.429-0500] {dagbag.py:588} INFO - Filling up the DagBag from /Library/Frameworks/Python.framework/Versions/3.10/lib/python3.10/site-packages/airflow/example_dags/example_bash_decorator.py
[2025-04-14T12:14:32.463-0500] {processor.py:925} INFO - DAG(s) 'example_bash_decorator' retrieved from /Library/Frameworks/Python.framework/Versions/3.10/lib/python3.10/site-packages/airflow/example_dags/example_bash_decorator.py
[2025-04-14T12:14:32.542-0500] {logging_mixin.py:190} INFO - [2025-04-14T12:14:32.542-0500] {dag.py:3239} INFO - Sync 1 DAGs
[2025-04-14T12:14:32.546-0500] {logging_mixin.py:190} INFO - [2025-04-14T12:14:32.546-0500] {dag.py:4180} INFO - Setting next_dagrun for example_bash_decorator to None, run_after=None
[2025-04-14T12:14:32.551-0500] {processor.py:208} INFO - Processing /Library/Frameworks/Python.framework/Versions/3.10/lib/python3.10/site-packages/airflow/example_dags/example_bash_decorator.py took 0.125 seconds
[2025-04-14T12:16:20.850-0500] {processor.py:186} INFO - Started process (PID=89558) to work on /Library/Frameworks/Python.framework/Versions/3.10/lib/python3.10/site-packages/airflow/example_dags/example_bash_decorator.py
[2025-04-14T12:16:20.851-0500] {processor.py:914} INFO - Processing file /Library/Frameworks/Python.framework/Versions/3.10/lib/python3.10/site-packages/airflow/example_dags/example_bash_decorator.py for tasks to queue
[2025-04-14T12:16:20.851-0500] {logging_mixin.py:190} INFO - [2025-04-14T12:16:20.851-0500] {dagbag.py:588} INFO - Filling up the DagBag from /Library/Frameworks/Python.framework/Versions/3.10/lib/python3.10/site-packages/airflow/example_dags/example_bash_decorator.py
[2025-04-14T12:16:20.889-0500] {processor.py:925} INFO - DAG(s) 'example_bash_decorator' retrieved from /Library/Frameworks/Python.framework/Versions/3.10/lib/python3.10/site-packages/airflow/example_dags/example_bash_decorator.py
[2025-04-14T12:16:20.970-0500] {logging_mixin.py:190} INFO - [2025-04-14T12:16:20.970-0500] {dag.py:3239} INFO - Sync 1 DAGs
[2025-04-14T12:16:20.973-0500] {logging_mixin.py:190} INFO - [2025-04-14T12:16:20.973-0500] {dag.py:4180} INFO - Setting next_dagrun for example_bash_decorator to None, run_after=None
[2025-04-14T12:16:20.979-0500] {processor.py:208} INFO - Processing /Library/Frameworks/Python.framework/Versions/3.10/lib/python3.10/site-packages/airflow/example_dags/example_bash_decorator.py took 0.130 seconds
[2025-04-14T12:18:10.777-0500] {processor.py:186} INFO - Started process (PID=89743) to work on /Library/Frameworks/Python.framework/Versions/3.10/lib/python3.10/site-packages/airflow/example_dags/example_bash_decorator.py
[2025-04-14T12:18:10.778-0500] {processor.py:914} INFO - Processing file /Library/Frameworks/Python.framework/Versions/3.10/lib/python3.10/site-packages/airflow/example_dags/example_bash_decorator.py for tasks to queue
[2025-04-14T12:18:10.778-0500] {logging_mixin.py:190} INFO - [2025-04-14T12:18:10.778-0500] {dagbag.py:588} INFO - Filling up the DagBag from /Library/Frameworks/Python.framework/Versions/3.10/lib/python3.10/site-packages/airflow/example_dags/example_bash_decorator.py
[2025-04-14T12:18:10.811-0500] {processor.py:925} INFO - DAG(s) 'example_bash_decorator' retrieved from /Library/Frameworks/Python.framework/Versions/3.10/lib/python3.10/site-packages/airflow/example_dags/example_bash_decorator.py
[2025-04-14T12:18:10.888-0500] {logging_mixin.py:190} INFO - [2025-04-14T12:18:10.888-0500] {dag.py:3239} INFO - Sync 1 DAGs
[2025-04-14T12:18:10.892-0500] {logging_mixin.py:190} INFO - [2025-04-14T12:18:10.891-0500] {dag.py:4180} INFO - Setting next_dagrun for example_bash_decorator to None, run_after=None
[2025-04-14T12:18:10.897-0500] {processor.py:208} INFO - Processing /Library/Frameworks/Python.framework/Versions/3.10/lib/python3.10/site-packages/airflow/example_dags/example_bash_decorator.py took 0.122 seconds
[2025-04-14T12:20:01.801-0500] {processor.py:186} INFO - Started process (PID=89954) to work on /Library/Frameworks/Python.framework/Versions/3.10/lib/python3.10/site-packages/airflow/example_dags/example_bash_decorator.py
[2025-04-14T12:20:01.803-0500] {processor.py:914} INFO - Processing file /Library/Frameworks/Python.framework/Versions/3.10/lib/python3.10/site-packages/airflow/example_dags/example_bash_decorator.py for tasks to queue
[2025-04-14T12:20:01.803-0500] {logging_mixin.py:190} INFO - [2025-04-14T12:20:01.803-0500] {dagbag.py:588} INFO - Filling up the DagBag from /Library/Frameworks/Python.framework/Versions/3.10/lib/python3.10/site-packages/airflow/example_dags/example_bash_decorator.py
[2025-04-14T12:20:01.837-0500] {processor.py:925} INFO - DAG(s) 'example_bash_decorator' retrieved from /Library/Frameworks/Python.framework/Versions/3.10/lib/python3.10/site-packages/airflow/example_dags/example_bash_decorator.py
[2025-04-14T12:20:01.915-0500] {logging_mixin.py:190} INFO - [2025-04-14T12:20:01.915-0500] {dag.py:3239} INFO - Sync 1 DAGs
[2025-04-14T12:20:01.919-0500] {logging_mixin.py:190} INFO - [2025-04-14T12:20:01.918-0500] {dag.py:4180} INFO - Setting next_dagrun for example_bash_decorator to None, run_after=None
[2025-04-14T12:20:01.924-0500] {processor.py:208} INFO - Processing /Library/Frameworks/Python.framework/Versions/3.10/lib/python3.10/site-packages/airflow/example_dags/example_bash_decorator.py took 0.124 seconds
[2025-04-14T12:21:54.942-0500] {processor.py:186} INFO - Started process (PID=90163) to work on /Library/Frameworks/Python.framework/Versions/3.10/lib/python3.10/site-packages/airflow/example_dags/example_bash_decorator.py
[2025-04-14T12:21:54.943-0500] {processor.py:914} INFO - Processing file /Library/Frameworks/Python.framework/Versions/3.10/lib/python3.10/site-packages/airflow/example_dags/example_bash_decorator.py for tasks to queue
[2025-04-14T12:21:54.943-0500] {logging_mixin.py:190} INFO - [2025-04-14T12:21:54.943-0500] {dagbag.py:588} INFO - Filling up the DagBag from /Library/Frameworks/Python.framework/Versions/3.10/lib/python3.10/site-packages/airflow/example_dags/example_bash_decorator.py
[2025-04-14T12:21:54.976-0500] {processor.py:925} INFO - DAG(s) 'example_bash_decorator' retrieved from /Library/Frameworks/Python.framework/Versions/3.10/lib/python3.10/site-packages/airflow/example_dags/example_bash_decorator.py
[2025-04-14T12:21:55.054-0500] {logging_mixin.py:190} INFO - [2025-04-14T12:21:55.054-0500] {dag.py:3239} INFO - Sync 1 DAGs
[2025-04-14T12:21:55.058-0500] {logging_mixin.py:190} INFO - [2025-04-14T12:21:55.058-0500] {dag.py:4180} INFO - Setting next_dagrun for example_bash_decorator to None, run_after=None
[2025-04-14T12:21:55.063-0500] {processor.py:208} INFO - Processing /Library/Frameworks/Python.framework/Versions/3.10/lib/python3.10/site-packages/airflow/example_dags/example_bash_decorator.py took 0.122 seconds
[2025-04-14T12:23:47.077-0500] {processor.py:186} INFO - Started process (PID=90346) to work on /Library/Frameworks/Python.framework/Versions/3.10/lib/python3.10/site-packages/airflow/example_dags/example_bash_decorator.py
[2025-04-14T12:23:47.077-0500] {processor.py:914} INFO - Processing file /Library/Frameworks/Python.framework/Versions/3.10/lib/python3.10/site-packages/airflow/example_dags/example_bash_decorator.py for tasks to queue
[2025-04-14T12:23:47.078-0500] {logging_mixin.py:190} INFO - [2025-04-14T12:23:47.078-0500] {dagbag.py:588} INFO - Filling up the DagBag from /Library/Frameworks/Python.framework/Versions/3.10/lib/python3.10/site-packages/airflow/example_dags/example_bash_decorator.py
[2025-04-14T12:23:47.111-0500] {processor.py:925} INFO - DAG(s) 'example_bash_decorator' retrieved from /Library/Frameworks/Python.framework/Versions/3.10/lib/python3.10/site-packages/airflow/example_dags/example_bash_decorator.py
[2025-04-14T12:23:47.191-0500] {logging_mixin.py:190} INFO - [2025-04-14T12:23:47.191-0500] {dag.py:3239} INFO - Sync 1 DAGs
[2025-04-14T12:23:47.194-0500] {logging_mixin.py:190} INFO - [2025-04-14T12:23:47.194-0500] {dag.py:4180} INFO - Setting next_dagrun for example_bash_decorator to None, run_after=None
[2025-04-14T12:23:47.200-0500] {processor.py:208} INFO - Processing /Library/Frameworks/Python.framework/Versions/3.10/lib/python3.10/site-packages/airflow/example_dags/example_bash_decorator.py took 0.124 seconds
[2025-04-14T12:25:52.023-0500] {processor.py:186} INFO - Started process (PID=90735) to work on /Library/Frameworks/Python.framework/Versions/3.10/lib/python3.10/site-packages/airflow/example_dags/example_bash_decorator.py
[2025-04-14T12:25:52.024-0500] {processor.py:914} INFO - Processing file /Library/Frameworks/Python.framework/Versions/3.10/lib/python3.10/site-packages/airflow/example_dags/example_bash_decorator.py for tasks to queue
[2025-04-14T12:25:52.024-0500] {logging_mixin.py:190} INFO - [2025-04-14T12:25:52.024-0500] {dagbag.py:588} INFO - Filling up the DagBag from /Library/Frameworks/Python.framework/Versions/3.10/lib/python3.10/site-packages/airflow/example_dags/example_bash_decorator.py
[2025-04-14T12:25:52.059-0500] {processor.py:925} INFO - DAG(s) 'example_bash_decorator' retrieved from /Library/Frameworks/Python.framework/Versions/3.10/lib/python3.10/site-packages/airflow/example_dags/example_bash_decorator.py
[2025-04-14T12:25:52.141-0500] {logging_mixin.py:190} INFO - [2025-04-14T12:25:52.141-0500] {dag.py:3239} INFO - Sync 1 DAGs
[2025-04-14T12:25:52.145-0500] {logging_mixin.py:190} INFO - [2025-04-14T12:25:52.145-0500] {dag.py:4180} INFO - Setting next_dagrun for example_bash_decorator to None, run_after=None
[2025-04-14T12:25:52.150-0500] {processor.py:208} INFO - Processing /Library/Frameworks/Python.framework/Versions/3.10/lib/python3.10/site-packages/airflow/example_dags/example_bash_decorator.py took 0.129 seconds
[2025-04-14T12:27:55.503-0500] {processor.py:186} INFO - Started process (PID=90954) to work on /Library/Frameworks/Python.framework/Versions/3.10/lib/python3.10/site-packages/airflow/example_dags/example_bash_decorator.py
[2025-04-14T12:27:55.504-0500] {processor.py:914} INFO - Processing file /Library/Frameworks/Python.framework/Versions/3.10/lib/python3.10/site-packages/airflow/example_dags/example_bash_decorator.py for tasks to queue
[2025-04-14T12:27:55.504-0500] {logging_mixin.py:190} INFO - [2025-04-14T12:27:55.504-0500] {dagbag.py:588} INFO - Filling up the DagBag from /Library/Frameworks/Python.framework/Versions/3.10/lib/python3.10/site-packages/airflow/example_dags/example_bash_decorator.py
[2025-04-14T12:27:55.538-0500] {processor.py:925} INFO - DAG(s) 'example_bash_decorator' retrieved from /Library/Frameworks/Python.framework/Versions/3.10/lib/python3.10/site-packages/airflow/example_dags/example_bash_decorator.py
[2025-04-14T12:27:55.615-0500] {logging_mixin.py:190} INFO - [2025-04-14T12:27:55.615-0500] {dag.py:3239} INFO - Sync 1 DAGs
[2025-04-14T12:27:55.619-0500] {logging_mixin.py:190} INFO - [2025-04-14T12:27:55.618-0500] {dag.py:4180} INFO - Setting next_dagrun for example_bash_decorator to None, run_after=None
[2025-04-14T12:27:55.624-0500] {processor.py:208} INFO - Processing /Library/Frameworks/Python.framework/Versions/3.10/lib/python3.10/site-packages/airflow/example_dags/example_bash_decorator.py took 0.122 seconds
[2025-04-14T12:29:49.298-0500] {processor.py:186} INFO - Started process (PID=91156) to work on /Library/Frameworks/Python.framework/Versions/3.10/lib/python3.10/site-packages/airflow/example_dags/example_bash_decorator.py
[2025-04-14T12:29:49.299-0500] {processor.py:914} INFO - Processing file /Library/Frameworks/Python.framework/Versions/3.10/lib/python3.10/site-packages/airflow/example_dags/example_bash_decorator.py for tasks to queue
[2025-04-14T12:29:49.300-0500] {logging_mixin.py:190} INFO - [2025-04-14T12:29:49.300-0500] {dagbag.py:588} INFO - Filling up the DagBag from /Library/Frameworks/Python.framework/Versions/3.10/lib/python3.10/site-packages/airflow/example_dags/example_bash_decorator.py
[2025-04-14T12:29:49.332-0500] {processor.py:925} INFO - DAG(s) 'example_bash_decorator' retrieved from /Library/Frameworks/Python.framework/Versions/3.10/lib/python3.10/site-packages/airflow/example_dags/example_bash_decorator.py
[2025-04-14T12:29:49.410-0500] {logging_mixin.py:190} INFO - [2025-04-14T12:29:49.410-0500] {dag.py:3239} INFO - Sync 1 DAGs
[2025-04-14T12:29:49.414-0500] {logging_mixin.py:190} INFO - [2025-04-14T12:29:49.413-0500] {dag.py:4180} INFO - Setting next_dagrun for example_bash_decorator to None, run_after=None
[2025-04-14T12:29:49.419-0500] {processor.py:208} INFO - Processing /Library/Frameworks/Python.framework/Versions/3.10/lib/python3.10/site-packages/airflow/example_dags/example_bash_decorator.py took 0.122 seconds
[2025-04-14T12:31:46.636-0500] {processor.py:186} INFO - Started process (PID=91402) to work on /Library/Frameworks/Python.framework/Versions/3.10/lib/python3.10/site-packages/airflow/example_dags/example_bash_decorator.py
[2025-04-14T12:31:46.637-0500] {processor.py:914} INFO - Processing file /Library/Frameworks/Python.framework/Versions/3.10/lib/python3.10/site-packages/airflow/example_dags/example_bash_decorator.py for tasks to queue
[2025-04-14T12:31:46.637-0500] {logging_mixin.py:190} INFO - [2025-04-14T12:31:46.637-0500] {dagbag.py:588} INFO - Filling up the DagBag from /Library/Frameworks/Python.framework/Versions/3.10/lib/python3.10/site-packages/airflow/example_dags/example_bash_decorator.py
[2025-04-14T12:31:46.670-0500] {processor.py:925} INFO - DAG(s) 'example_bash_decorator' retrieved from /Library/Frameworks/Python.framework/Versions/3.10/lib/python3.10/site-packages/airflow/example_dags/example_bash_decorator.py
[2025-04-14T12:31:46.747-0500] {logging_mixin.py:190} INFO - [2025-04-14T12:31:46.747-0500] {dag.py:3239} INFO - Sync 1 DAGs
[2025-04-14T12:31:46.750-0500] {logging_mixin.py:190} INFO - [2025-04-14T12:31:46.750-0500] {dag.py:4180} INFO - Setting next_dagrun for example_bash_decorator to None, run_after=None
[2025-04-14T12:31:46.755-0500] {processor.py:208} INFO - Processing /Library/Frameworks/Python.framework/Versions/3.10/lib/python3.10/site-packages/airflow/example_dags/example_bash_decorator.py took 0.120 seconds
[2025-04-14T12:33:47.476-0500] {processor.py:186} INFO - Started process (PID=91614) to work on /Library/Frameworks/Python.framework/Versions/3.10/lib/python3.10/site-packages/airflow/example_dags/example_bash_decorator.py
[2025-04-14T12:33:47.477-0500] {processor.py:914} INFO - Processing file /Library/Frameworks/Python.framework/Versions/3.10/lib/python3.10/site-packages/airflow/example_dags/example_bash_decorator.py for tasks to queue
[2025-04-14T12:33:47.477-0500] {logging_mixin.py:190} INFO - [2025-04-14T12:33:47.477-0500] {dagbag.py:588} INFO - Filling up the DagBag from /Library/Frameworks/Python.framework/Versions/3.10/lib/python3.10/site-packages/airflow/example_dags/example_bash_decorator.py
[2025-04-14T12:33:47.517-0500] {processor.py:925} INFO - DAG(s) 'example_bash_decorator' retrieved from /Library/Frameworks/Python.framework/Versions/3.10/lib/python3.10/site-packages/airflow/example_dags/example_bash_decorator.py
[2025-04-14T12:33:47.598-0500] {logging_mixin.py:190} INFO - [2025-04-14T12:33:47.598-0500] {dag.py:3239} INFO - Sync 1 DAGs
[2025-04-14T12:33:47.602-0500] {logging_mixin.py:190} INFO - [2025-04-14T12:33:47.602-0500] {dag.py:4180} INFO - Setting next_dagrun for example_bash_decorator to None, run_after=None
[2025-04-14T12:33:47.607-0500] {processor.py:208} INFO - Processing /Library/Frameworks/Python.framework/Versions/3.10/lib/python3.10/site-packages/airflow/example_dags/example_bash_decorator.py took 0.132 seconds
[2025-04-14T12:35:54.945-0500] {processor.py:186} INFO - Started process (PID=91836) to work on /Library/Frameworks/Python.framework/Versions/3.10/lib/python3.10/site-packages/airflow/example_dags/example_bash_decorator.py
[2025-04-14T12:35:54.946-0500] {processor.py:914} INFO - Processing file /Library/Frameworks/Python.framework/Versions/3.10/lib/python3.10/site-packages/airflow/example_dags/example_bash_decorator.py for tasks to queue
[2025-04-14T12:35:54.947-0500] {logging_mixin.py:190} INFO - [2025-04-14T12:35:54.947-0500] {dagbag.py:588} INFO - Filling up the DagBag from /Library/Frameworks/Python.framework/Versions/3.10/lib/python3.10/site-packages/airflow/example_dags/example_bash_decorator.py
[2025-04-14T12:35:54.980-0500] {processor.py:925} INFO - DAG(s) 'example_bash_decorator' retrieved from /Library/Frameworks/Python.framework/Versions/3.10/lib/python3.10/site-packages/airflow/example_dags/example_bash_decorator.py
[2025-04-14T12:35:55.060-0500] {logging_mixin.py:190} INFO - [2025-04-14T12:35:55.060-0500] {dag.py:3239} INFO - Sync 1 DAGs
[2025-04-14T12:35:55.063-0500] {logging_mixin.py:190} INFO - [2025-04-14T12:35:55.063-0500] {dag.py:4180} INFO - Setting next_dagrun for example_bash_decorator to None, run_after=None
[2025-04-14T12:35:55.069-0500] {processor.py:208} INFO - Processing /Library/Frameworks/Python.framework/Versions/3.10/lib/python3.10/site-packages/airflow/example_dags/example_bash_decorator.py took 0.125 seconds
[2025-04-14T12:37:52.551-0500] {processor.py:186} INFO - Started process (PID=92026) to work on /Library/Frameworks/Python.framework/Versions/3.10/lib/python3.10/site-packages/airflow/example_dags/example_bash_decorator.py
[2025-04-14T12:37:52.552-0500] {processor.py:914} INFO - Processing file /Library/Frameworks/Python.framework/Versions/3.10/lib/python3.10/site-packages/airflow/example_dags/example_bash_decorator.py for tasks to queue
[2025-04-14T12:37:52.553-0500] {logging_mixin.py:190} INFO - [2025-04-14T12:37:52.553-0500] {dagbag.py:588} INFO - Filling up the DagBag from /Library/Frameworks/Python.framework/Versions/3.10/lib/python3.10/site-packages/airflow/example_dags/example_bash_decorator.py
[2025-04-14T12:37:52.585-0500] {processor.py:925} INFO - DAG(s) 'example_bash_decorator' retrieved from /Library/Frameworks/Python.framework/Versions/3.10/lib/python3.10/site-packages/airflow/example_dags/example_bash_decorator.py
[2025-04-14T12:37:52.663-0500] {logging_mixin.py:190} INFO - [2025-04-14T12:37:52.663-0500] {dag.py:3239} INFO - Sync 1 DAGs
[2025-04-14T12:37:52.667-0500] {logging_mixin.py:190} INFO - [2025-04-14T12:37:52.667-0500] {dag.py:4180} INFO - Setting next_dagrun for example_bash_decorator to None, run_after=None
[2025-04-14T12:37:52.672-0500] {processor.py:208} INFO - Processing /Library/Frameworks/Python.framework/Versions/3.10/lib/python3.10/site-packages/airflow/example_dags/example_bash_decorator.py took 0.122 seconds
[2025-04-14T12:39:53.393-0500] {processor.py:186} INFO - Started process (PID=92235) to work on /Library/Frameworks/Python.framework/Versions/3.10/lib/python3.10/site-packages/airflow/example_dags/example_bash_decorator.py
[2025-04-14T12:39:53.394-0500] {processor.py:914} INFO - Processing file /Library/Frameworks/Python.framework/Versions/3.10/lib/python3.10/site-packages/airflow/example_dags/example_bash_decorator.py for tasks to queue
[2025-04-14T12:39:53.394-0500] {logging_mixin.py:190} INFO - [2025-04-14T12:39:53.394-0500] {dagbag.py:588} INFO - Filling up the DagBag from /Library/Frameworks/Python.framework/Versions/3.10/lib/python3.10/site-packages/airflow/example_dags/example_bash_decorator.py
[2025-04-14T12:39:53.434-0500] {processor.py:925} INFO - DAG(s) 'example_bash_decorator' retrieved from /Library/Frameworks/Python.framework/Versions/3.10/lib/python3.10/site-packages/airflow/example_dags/example_bash_decorator.py
[2025-04-14T12:39:53.515-0500] {logging_mixin.py:190} INFO - [2025-04-14T12:39:53.515-0500] {dag.py:3239} INFO - Sync 1 DAGs
[2025-04-14T12:39:53.518-0500] {logging_mixin.py:190} INFO - [2025-04-14T12:39:53.518-0500] {dag.py:4180} INFO - Setting next_dagrun for example_bash_decorator to None, run_after=None
[2025-04-14T12:39:53.524-0500] {processor.py:208} INFO - Processing /Library/Frameworks/Python.framework/Versions/3.10/lib/python3.10/site-packages/airflow/example_dags/example_bash_decorator.py took 0.133 seconds
[2025-04-14T12:41:52.753-0500] {processor.py:186} INFO - Started process (PID=92451) to work on /Library/Frameworks/Python.framework/Versions/3.10/lib/python3.10/site-packages/airflow/example_dags/example_bash_decorator.py
[2025-04-14T12:41:52.754-0500] {processor.py:914} INFO - Processing file /Library/Frameworks/Python.framework/Versions/3.10/lib/python3.10/site-packages/airflow/example_dags/example_bash_decorator.py for tasks to queue
[2025-04-14T12:41:52.754-0500] {logging_mixin.py:190} INFO - [2025-04-14T12:41:52.754-0500] {dagbag.py:588} INFO - Filling up the DagBag from /Library/Frameworks/Python.framework/Versions/3.10/lib/python3.10/site-packages/airflow/example_dags/example_bash_decorator.py
[2025-04-14T12:41:52.792-0500] {processor.py:925} INFO - DAG(s) 'example_bash_decorator' retrieved from /Library/Frameworks/Python.framework/Versions/3.10/lib/python3.10/site-packages/airflow/example_dags/example_bash_decorator.py
[2025-04-14T12:41:52.873-0500] {logging_mixin.py:190} INFO - [2025-04-14T12:41:52.873-0500] {dag.py:3239} INFO - Sync 1 DAGs
[2025-04-14T12:41:52.877-0500] {logging_mixin.py:190} INFO - [2025-04-14T12:41:52.877-0500] {dag.py:4180} INFO - Setting next_dagrun for example_bash_decorator to None, run_after=None
[2025-04-14T12:41:52.882-0500] {processor.py:208} INFO - Processing /Library/Frameworks/Python.framework/Versions/3.10/lib/python3.10/site-packages/airflow/example_dags/example_bash_decorator.py took 0.130 seconds
[2025-04-14T12:43:47.623-0500] {processor.py:186} INFO - Started process (PID=92638) to work on /Library/Frameworks/Python.framework/Versions/3.10/lib/python3.10/site-packages/airflow/example_dags/example_bash_decorator.py
[2025-04-14T12:43:47.624-0500] {processor.py:914} INFO - Processing file /Library/Frameworks/Python.framework/Versions/3.10/lib/python3.10/site-packages/airflow/example_dags/example_bash_decorator.py for tasks to queue
[2025-04-14T12:43:47.624-0500] {logging_mixin.py:190} INFO - [2025-04-14T12:43:47.624-0500] {dagbag.py:588} INFO - Filling up the DagBag from /Library/Frameworks/Python.framework/Versions/3.10/lib/python3.10/site-packages/airflow/example_dags/example_bash_decorator.py
[2025-04-14T12:43:47.660-0500] {processor.py:925} INFO - DAG(s) 'example_bash_decorator' retrieved from /Library/Frameworks/Python.framework/Versions/3.10/lib/python3.10/site-packages/airflow/example_dags/example_bash_decorator.py
[2025-04-14T12:43:47.739-0500] {logging_mixin.py:190} INFO - [2025-04-14T12:43:47.739-0500] {dag.py:3239} INFO - Sync 1 DAGs
[2025-04-14T12:43:47.742-0500] {logging_mixin.py:190} INFO - [2025-04-14T12:43:47.742-0500] {dag.py:4180} INFO - Setting next_dagrun for example_bash_decorator to None, run_after=None
[2025-04-14T12:43:47.748-0500] {processor.py:208} INFO - Processing /Library/Frameworks/Python.framework/Versions/3.10/lib/python3.10/site-packages/airflow/example_dags/example_bash_decorator.py took 0.126 seconds
[2025-04-14T12:45:46.122-0500] {processor.py:186} INFO - Started process (PID=92839) to work on /Library/Frameworks/Python.framework/Versions/3.10/lib/python3.10/site-packages/airflow/example_dags/example_bash_decorator.py
[2025-04-14T12:45:46.123-0500] {processor.py:914} INFO - Processing file /Library/Frameworks/Python.framework/Versions/3.10/lib/python3.10/site-packages/airflow/example_dags/example_bash_decorator.py for tasks to queue
[2025-04-14T12:45:46.123-0500] {logging_mixin.py:190} INFO - [2025-04-14T12:45:46.123-0500] {dagbag.py:588} INFO - Filling up the DagBag from /Library/Frameworks/Python.framework/Versions/3.10/lib/python3.10/site-packages/airflow/example_dags/example_bash_decorator.py
[2025-04-14T12:45:46.164-0500] {processor.py:925} INFO - DAG(s) 'example_bash_decorator' retrieved from /Library/Frameworks/Python.framework/Versions/3.10/lib/python3.10/site-packages/airflow/example_dags/example_bash_decorator.py
[2025-04-14T12:45:46.244-0500] {logging_mixin.py:190} INFO - [2025-04-14T12:45:46.244-0500] {dag.py:3239} INFO - Sync 1 DAGs
[2025-04-14T12:45:46.247-0500] {logging_mixin.py:190} INFO - [2025-04-14T12:45:46.247-0500] {dag.py:4180} INFO - Setting next_dagrun for example_bash_decorator to None, run_after=None
[2025-04-14T12:45:46.253-0500] {processor.py:208} INFO - Processing /Library/Frameworks/Python.framework/Versions/3.10/lib/python3.10/site-packages/airflow/example_dags/example_bash_decorator.py took 0.133 seconds
[2025-04-14T12:47:40.635-0500] {processor.py:186} INFO - Started process (PID=93036) to work on /Library/Frameworks/Python.framework/Versions/3.10/lib/python3.10/site-packages/airflow/example_dags/example_bash_decorator.py
[2025-04-14T12:47:40.635-0500] {processor.py:914} INFO - Processing file /Library/Frameworks/Python.framework/Versions/3.10/lib/python3.10/site-packages/airflow/example_dags/example_bash_decorator.py for tasks to queue
[2025-04-14T12:47:40.636-0500] {logging_mixin.py:190} INFO - [2025-04-14T12:47:40.636-0500] {dagbag.py:588} INFO - Filling up the DagBag from /Library/Frameworks/Python.framework/Versions/3.10/lib/python3.10/site-packages/airflow/example_dags/example_bash_decorator.py
[2025-04-14T12:47:40.671-0500] {processor.py:925} INFO - DAG(s) 'example_bash_decorator' retrieved from /Library/Frameworks/Python.framework/Versions/3.10/lib/python3.10/site-packages/airflow/example_dags/example_bash_decorator.py
[2025-04-14T12:47:40.752-0500] {logging_mixin.py:190} INFO - [2025-04-14T12:47:40.751-0500] {dag.py:3239} INFO - Sync 1 DAGs
[2025-04-14T12:47:40.755-0500] {logging_mixin.py:190} INFO - [2025-04-14T12:47:40.755-0500] {dag.py:4180} INFO - Setting next_dagrun for example_bash_decorator to None, run_after=None
[2025-04-14T12:47:40.761-0500] {processor.py:208} INFO - Processing /Library/Frameworks/Python.framework/Versions/3.10/lib/python3.10/site-packages/airflow/example_dags/example_bash_decorator.py took 0.127 seconds
[2025-04-14T12:49:37.721-0500] {processor.py:186} INFO - Started process (PID=93245) to work on /Library/Frameworks/Python.framework/Versions/3.10/lib/python3.10/site-packages/airflow/example_dags/example_bash_decorator.py
[2025-04-14T12:49:37.722-0500] {processor.py:914} INFO - Processing file /Library/Frameworks/Python.framework/Versions/3.10/lib/python3.10/site-packages/airflow/example_dags/example_bash_decorator.py for tasks to queue
[2025-04-14T12:49:37.722-0500] {logging_mixin.py:190} INFO - [2025-04-14T12:49:37.722-0500] {dagbag.py:588} INFO - Filling up the DagBag from /Library/Frameworks/Python.framework/Versions/3.10/lib/python3.10/site-packages/airflow/example_dags/example_bash_decorator.py
[2025-04-14T12:49:37.757-0500] {processor.py:925} INFO - DAG(s) 'example_bash_decorator' retrieved from /Library/Frameworks/Python.framework/Versions/3.10/lib/python3.10/site-packages/airflow/example_dags/example_bash_decorator.py
[2025-04-14T12:49:37.838-0500] {logging_mixin.py:190} INFO - [2025-04-14T12:49:37.838-0500] {dag.py:3239} INFO - Sync 1 DAGs
[2025-04-14T12:49:37.841-0500] {logging_mixin.py:190} INFO - [2025-04-14T12:49:37.841-0500] {dag.py:4180} INFO - Setting next_dagrun for example_bash_decorator to None, run_after=None
[2025-04-14T12:49:37.847-0500] {processor.py:208} INFO - Processing /Library/Frameworks/Python.framework/Versions/3.10/lib/python3.10/site-packages/airflow/example_dags/example_bash_decorator.py took 0.127 seconds
[2025-04-14T12:51:30.923-0500] {processor.py:186} INFO - Started process (PID=93438) to work on /Library/Frameworks/Python.framework/Versions/3.10/lib/python3.10/site-packages/airflow/example_dags/example_bash_decorator.py
[2025-04-14T12:51:30.923-0500] {processor.py:914} INFO - Processing file /Library/Frameworks/Python.framework/Versions/3.10/lib/python3.10/site-packages/airflow/example_dags/example_bash_decorator.py for tasks to queue
[2025-04-14T12:51:30.924-0500] {logging_mixin.py:190} INFO - [2025-04-14T12:51:30.924-0500] {dagbag.py:588} INFO - Filling up the DagBag from /Library/Frameworks/Python.framework/Versions/3.10/lib/python3.10/site-packages/airflow/example_dags/example_bash_decorator.py
[2025-04-14T12:51:30.959-0500] {processor.py:925} INFO - DAG(s) 'example_bash_decorator' retrieved from /Library/Frameworks/Python.framework/Versions/3.10/lib/python3.10/site-packages/airflow/example_dags/example_bash_decorator.py
[2025-04-14T12:51:31.038-0500] {logging_mixin.py:190} INFO - [2025-04-14T12:51:31.038-0500] {dag.py:3239} INFO - Sync 1 DAGs
[2025-04-14T12:51:31.042-0500] {logging_mixin.py:190} INFO - [2025-04-14T12:51:31.042-0500] {dag.py:4180} INFO - Setting next_dagrun for example_bash_decorator to None, run_after=None
[2025-04-14T12:51:31.047-0500] {processor.py:208} INFO - Processing /Library/Frameworks/Python.framework/Versions/3.10/lib/python3.10/site-packages/airflow/example_dags/example_bash_decorator.py took 0.126 seconds
[2025-04-14T12:53:27.203-0500] {processor.py:186} INFO - Started process (PID=93637) to work on /Library/Frameworks/Python.framework/Versions/3.10/lib/python3.10/site-packages/airflow/example_dags/example_bash_decorator.py
[2025-04-14T12:53:27.204-0500] {processor.py:914} INFO - Processing file /Library/Frameworks/Python.framework/Versions/3.10/lib/python3.10/site-packages/airflow/example_dags/example_bash_decorator.py for tasks to queue
[2025-04-14T12:53:27.205-0500] {logging_mixin.py:190} INFO - [2025-04-14T12:53:27.204-0500] {dagbag.py:588} INFO - Filling up the DagBag from /Library/Frameworks/Python.framework/Versions/3.10/lib/python3.10/site-packages/airflow/example_dags/example_bash_decorator.py
[2025-04-14T12:53:27.237-0500] {processor.py:925} INFO - DAG(s) 'example_bash_decorator' retrieved from /Library/Frameworks/Python.framework/Versions/3.10/lib/python3.10/site-packages/airflow/example_dags/example_bash_decorator.py
[2025-04-14T12:53:27.314-0500] {logging_mixin.py:190} INFO - [2025-04-14T12:53:27.314-0500] {dag.py:3239} INFO - Sync 1 DAGs
[2025-04-14T12:53:27.317-0500] {logging_mixin.py:190} INFO - [2025-04-14T12:53:27.317-0500] {dag.py:4180} INFO - Setting next_dagrun for example_bash_decorator to None, run_after=None
[2025-04-14T12:53:27.323-0500] {processor.py:208} INFO - Processing /Library/Frameworks/Python.framework/Versions/3.10/lib/python3.10/site-packages/airflow/example_dags/example_bash_decorator.py took 0.121 seconds
[2025-04-14T12:55:17.071-0500] {processor.py:186} INFO - Started process (PID=93837) to work on /Library/Frameworks/Python.framework/Versions/3.10/lib/python3.10/site-packages/airflow/example_dags/example_bash_decorator.py
[2025-04-14T12:55:17.072-0500] {processor.py:914} INFO - Processing file /Library/Frameworks/Python.framework/Versions/3.10/lib/python3.10/site-packages/airflow/example_dags/example_bash_decorator.py for tasks to queue
[2025-04-14T12:55:17.072-0500] {logging_mixin.py:190} INFO - [2025-04-14T12:55:17.072-0500] {dagbag.py:588} INFO - Filling up the DagBag from /Library/Frameworks/Python.framework/Versions/3.10/lib/python3.10/site-packages/airflow/example_dags/example_bash_decorator.py
[2025-04-14T12:55:17.104-0500] {processor.py:925} INFO - DAG(s) 'example_bash_decorator' retrieved from /Library/Frameworks/Python.framework/Versions/3.10/lib/python3.10/site-packages/airflow/example_dags/example_bash_decorator.py
[2025-04-14T12:55:17.184-0500] {logging_mixin.py:190} INFO - [2025-04-14T12:55:17.184-0500] {dag.py:3239} INFO - Sync 1 DAGs
[2025-04-14T12:55:17.187-0500] {logging_mixin.py:190} INFO - [2025-04-14T12:55:17.187-0500] {dag.py:4180} INFO - Setting next_dagrun for example_bash_decorator to None, run_after=None
[2025-04-14T12:55:17.192-0500] {processor.py:208} INFO - Processing /Library/Frameworks/Python.framework/Versions/3.10/lib/python3.10/site-packages/airflow/example_dags/example_bash_decorator.py took 0.123 seconds
[2025-04-14T12:57:07.614-0500] {processor.py:186} INFO - Started process (PID=94017) to work on /Library/Frameworks/Python.framework/Versions/3.10/lib/python3.10/site-packages/airflow/example_dags/example_bash_decorator.py
[2025-04-14T12:57:07.615-0500] {processor.py:914} INFO - Processing file /Library/Frameworks/Python.framework/Versions/3.10/lib/python3.10/site-packages/airflow/example_dags/example_bash_decorator.py for tasks to queue
[2025-04-14T12:57:07.616-0500] {logging_mixin.py:190} INFO - [2025-04-14T12:57:07.615-0500] {dagbag.py:588} INFO - Filling up the DagBag from /Library/Frameworks/Python.framework/Versions/3.10/lib/python3.10/site-packages/airflow/example_dags/example_bash_decorator.py
[2025-04-14T12:57:07.648-0500] {processor.py:925} INFO - DAG(s) 'example_bash_decorator' retrieved from /Library/Frameworks/Python.framework/Versions/3.10/lib/python3.10/site-packages/airflow/example_dags/example_bash_decorator.py
[2025-04-14T12:57:07.727-0500] {logging_mixin.py:190} INFO - [2025-04-14T12:57:07.726-0500] {dag.py:3239} INFO - Sync 1 DAGs
[2025-04-14T12:57:07.730-0500] {logging_mixin.py:190} INFO - [2025-04-14T12:57:07.730-0500] {dag.py:4180} INFO - Setting next_dagrun for example_bash_decorator to None, run_after=None
[2025-04-14T12:57:07.736-0500] {processor.py:208} INFO - Processing /Library/Frameworks/Python.framework/Versions/3.10/lib/python3.10/site-packages/airflow/example_dags/example_bash_decorator.py took 0.123 seconds
[2025-04-14T12:59:01.366-0500] {processor.py:186} INFO - Started process (PID=94212) to work on /Library/Frameworks/Python.framework/Versions/3.10/lib/python3.10/site-packages/airflow/example_dags/example_bash_decorator.py
[2025-04-14T12:59:01.366-0500] {processor.py:914} INFO - Processing file /Library/Frameworks/Python.framework/Versions/3.10/lib/python3.10/site-packages/airflow/example_dags/example_bash_decorator.py for tasks to queue
[2025-04-14T12:59:01.367-0500] {logging_mixin.py:190} INFO - [2025-04-14T12:59:01.367-0500] {dagbag.py:588} INFO - Filling up the DagBag from /Library/Frameworks/Python.framework/Versions/3.10/lib/python3.10/site-packages/airflow/example_dags/example_bash_decorator.py
[2025-04-14T12:59:01.400-0500] {processor.py:925} INFO - DAG(s) 'example_bash_decorator' retrieved from /Library/Frameworks/Python.framework/Versions/3.10/lib/python3.10/site-packages/airflow/example_dags/example_bash_decorator.py
[2025-04-14T12:59:01.478-0500] {logging_mixin.py:190} INFO - [2025-04-14T12:59:01.477-0500] {dag.py:3239} INFO - Sync 1 DAGs
[2025-04-14T12:59:01.481-0500] {logging_mixin.py:190} INFO - [2025-04-14T12:59:01.481-0500] {dag.py:4180} INFO - Setting next_dagrun for example_bash_decorator to None, run_after=None
[2025-04-14T12:59:01.487-0500] {processor.py:208} INFO - Processing /Library/Frameworks/Python.framework/Versions/3.10/lib/python3.10/site-packages/airflow/example_dags/example_bash_decorator.py took 0.122 seconds
[2025-04-14T14:12:07.349-0500] {processor.py:186} INFO - Started process (PID=94629) to work on /Library/Frameworks/Python.framework/Versions/3.10/lib/python3.10/site-packages/airflow/example_dags/example_bash_decorator.py
[2025-04-14T14:12:07.350-0500] {processor.py:914} INFO - Processing file /Library/Frameworks/Python.framework/Versions/3.10/lib/python3.10/site-packages/airflow/example_dags/example_bash_decorator.py for tasks to queue
[2025-04-14T14:12:07.351-0500] {logging_mixin.py:190} INFO - [2025-04-14T14:12:07.350-0500] {dagbag.py:588} INFO - Filling up the DagBag from /Library/Frameworks/Python.framework/Versions/3.10/lib/python3.10/site-packages/airflow/example_dags/example_bash_decorator.py
[2025-04-14T14:12:07.385-0500] {processor.py:925} INFO - DAG(s) 'example_bash_decorator' retrieved from /Library/Frameworks/Python.framework/Versions/3.10/lib/python3.10/site-packages/airflow/example_dags/example_bash_decorator.py
[2025-04-14T14:12:07.463-0500] {logging_mixin.py:190} INFO - [2025-04-14T14:12:07.463-0500] {dag.py:3239} INFO - Sync 1 DAGs
[2025-04-14T14:12:07.466-0500] {logging_mixin.py:190} INFO - [2025-04-14T14:12:07.466-0500] {dag.py:4180} INFO - Setting next_dagrun for example_bash_decorator to None, run_after=None
[2025-04-14T14:12:07.472-0500] {processor.py:208} INFO - Processing /Library/Frameworks/Python.framework/Versions/3.10/lib/python3.10/site-packages/airflow/example_dags/example_bash_decorator.py took 0.123 seconds
[2025-04-14T14:58:20.109-0500] {processor.py:186} INFO - Started process (PID=94953) to work on /Library/Frameworks/Python.framework/Versions/3.10/lib/python3.10/site-packages/airflow/example_dags/example_bash_decorator.py
[2025-04-14T14:58:20.110-0500] {processor.py:914} INFO - Processing file /Library/Frameworks/Python.framework/Versions/3.10/lib/python3.10/site-packages/airflow/example_dags/example_bash_decorator.py for tasks to queue
[2025-04-14T14:58:20.110-0500] {logging_mixin.py:190} INFO - [2025-04-14T14:58:20.110-0500] {dagbag.py:588} INFO - Filling up the DagBag from /Library/Frameworks/Python.framework/Versions/3.10/lib/python3.10/site-packages/airflow/example_dags/example_bash_decorator.py
[2025-04-14T14:58:20.143-0500] {processor.py:925} INFO - DAG(s) 'example_bash_decorator' retrieved from /Library/Frameworks/Python.framework/Versions/3.10/lib/python3.10/site-packages/airflow/example_dags/example_bash_decorator.py
[2025-04-14T14:58:20.216-0500] {logging_mixin.py:190} INFO - [2025-04-14T14:58:20.215-0500] {dag.py:3239} INFO - Sync 1 DAGs
[2025-04-14T14:58:20.219-0500] {logging_mixin.py:190} INFO - [2025-04-14T14:58:20.219-0500] {dag.py:4180} INFO - Setting next_dagrun for example_bash_decorator to None, run_after=None
[2025-04-14T14:58:20.224-0500] {processor.py:208} INFO - Processing /Library/Frameworks/Python.framework/Versions/3.10/lib/python3.10/site-packages/airflow/example_dags/example_bash_decorator.py took 0.116 seconds
[2025-04-14T15:00:16.285-0500] {processor.py:186} INFO - Started process (PID=95142) to work on /Library/Frameworks/Python.framework/Versions/3.10/lib/python3.10/site-packages/airflow/example_dags/example_bash_decorator.py
[2025-04-14T15:00:16.285-0500] {processor.py:914} INFO - Processing file /Library/Frameworks/Python.framework/Versions/3.10/lib/python3.10/site-packages/airflow/example_dags/example_bash_decorator.py for tasks to queue
[2025-04-14T15:00:16.285-0500] {logging_mixin.py:190} INFO - [2025-04-14T15:00:16.285-0500] {dagbag.py:588} INFO - Filling up the DagBag from /Library/Frameworks/Python.framework/Versions/3.10/lib/python3.10/site-packages/airflow/example_dags/example_bash_decorator.py
[2025-04-14T15:00:16.321-0500] {processor.py:925} INFO - DAG(s) 'example_bash_decorator' retrieved from /Library/Frameworks/Python.framework/Versions/3.10/lib/python3.10/site-packages/airflow/example_dags/example_bash_decorator.py
[2025-04-14T15:00:16.399-0500] {logging_mixin.py:190} INFO - [2025-04-14T15:00:16.399-0500] {dag.py:3239} INFO - Sync 1 DAGs
[2025-04-14T15:00:16.402-0500] {logging_mixin.py:190} INFO - [2025-04-14T15:00:16.402-0500] {dag.py:4180} INFO - Setting next_dagrun for example_bash_decorator to None, run_after=None
[2025-04-14T15:00:16.408-0500] {processor.py:208} INFO - Processing /Library/Frameworks/Python.framework/Versions/3.10/lib/python3.10/site-packages/airflow/example_dags/example_bash_decorator.py took 0.125 seconds
