[2025-04-14T00:34:54.580-0500] {processor.py:186} INFO - Started process (PID=77366) to work on /Library/Frameworks/Python.framework/Versions/3.10/lib/python3.10/site-packages/airflow/example_dags/example_dag_decorator.py
[2025-04-14T00:34:54.581-0500] {processor.py:914} INFO - Processing file /Library/Frameworks/Python.framework/Versions/3.10/lib/python3.10/site-packages/airflow/example_dags/example_dag_decorator.py for tasks to queue
[2025-04-14T00:34:54.581-0500] {logging_mixin.py:190} INFO - [2025-04-14T00:34:54.581-0500] {dagbag.py:588} INFO - Filling up the DagBag from /Library/Frameworks/Python.framework/Versions/3.10/lib/python3.10/site-packages/airflow/example_dags/example_dag_decorator.py
[2025-04-14T00:34:54.653-0500] {processor.py:925} INFO - DAG(s) 'example_dag_decorator' retrieved from /Library/Frameworks/Python.framework/Versions/3.10/lib/python3.10/site-packages/airflow/example_dags/example_dag_decorator.py
[2025-04-14T00:34:54.712-0500] {logging_mixin.py:190} INFO - [2025-04-14T00:34:54.712-0500] {override.py:1930} INFO - Created Permission View: can read on DAG:example_dag_decorator
[2025-04-14T00:34:54.715-0500] {logging_mixin.py:190} INFO - [2025-04-14T00:34:54.715-0500] {override.py:1930} INFO - Created Permission View: can delete on DAG:example_dag_decorator
[2025-04-14T00:34:54.716-0500] {logging_mixin.py:190} INFO - [2025-04-14T00:34:54.716-0500] {override.py:1930} INFO - Created Permission View: can edit on DAG:example_dag_decorator
[2025-04-14T00:34:54.718-0500] {logging_mixin.py:190} INFO - [2025-04-14T00:34:54.718-0500] {override.py:1930} INFO - Created Permission View: can read on DAG Run:example_dag_decorator
[2025-04-14T00:34:54.720-0500] {logging_mixin.py:190} INFO - [2025-04-14T00:34:54.720-0500] {override.py:1930} INFO - Created Permission View: menu access on DAG Run:example_dag_decorator
[2025-04-14T00:34:54.722-0500] {logging_mixin.py:190} INFO - [2025-04-14T00:34:54.722-0500] {override.py:1930} INFO - Created Permission View: can delete on DAG Run:example_dag_decorator
[2025-04-14T00:34:54.723-0500] {logging_mixin.py:190} INFO - [2025-04-14T00:34:54.723-0500] {override.py:1930} INFO - Created Permission View: can create on DAG Run:example_dag_decorator
[2025-04-14T00:34:54.724-0500] {logging_mixin.py:190} INFO - [2025-04-14T00:34:54.724-0500] {dag.py:3239} INFO - Sync 1 DAGs
[2025-04-14T00:34:54.727-0500] {logging_mixin.py:190} INFO - [2025-04-14T00:34:54.727-0500] {dag.py:3262} INFO - Creating ORM DAG for example_dag_decorator
[2025-04-14T00:34:54.727-0500] {logging_mixin.py:190} INFO - [2025-04-14T00:34:54.727-0500] {dag.py:4180} INFO - Setting next_dagrun for example_dag_decorator to None, run_after=None
[2025-04-14T00:34:54.733-0500] {processor.py:208} INFO - Processing /Library/Frameworks/Python.framework/Versions/3.10/lib/python3.10/site-packages/airflow/example_dags/example_dag_decorator.py took 0.154 seconds
[2025-04-14T00:37:03.365-0500] {processor.py:186} INFO - Started process (PID=77623) to work on /Library/Frameworks/Python.framework/Versions/3.10/lib/python3.10/site-packages/airflow/example_dags/example_dag_decorator.py
[2025-04-14T00:37:03.365-0500] {processor.py:914} INFO - Processing file /Library/Frameworks/Python.framework/Versions/3.10/lib/python3.10/site-packages/airflow/example_dags/example_dag_decorator.py for tasks to queue
[2025-04-14T00:37:03.366-0500] {logging_mixin.py:190} INFO - [2025-04-14T00:37:03.366-0500] {dagbag.py:588} INFO - Filling up the DagBag from /Library/Frameworks/Python.framework/Versions/3.10/lib/python3.10/site-packages/airflow/example_dags/example_dag_decorator.py
[2025-04-14T00:37:03.433-0500] {processor.py:925} INFO - DAG(s) 'example_dag_decorator' retrieved from /Library/Frameworks/Python.framework/Versions/3.10/lib/python3.10/site-packages/airflow/example_dags/example_dag_decorator.py
[2025-04-14T00:37:03.507-0500] {logging_mixin.py:190} INFO - [2025-04-14T00:37:03.507-0500] {dag.py:3239} INFO - Sync 1 DAGs
[2025-04-14T00:37:03.511-0500] {logging_mixin.py:190} INFO - [2025-04-14T00:37:03.511-0500] {dag.py:4180} INFO - Setting next_dagrun for example_dag_decorator to None, run_after=None
[2025-04-14T00:37:03.516-0500] {processor.py:208} INFO - Processing /Library/Frameworks/Python.framework/Versions/3.10/lib/python3.10/site-packages/airflow/example_dags/example_dag_decorator.py took 0.152 seconds
[2025-04-14T00:39:02.874-0500] {processor.py:186} INFO - Started process (PID=77836) to work on /Library/Frameworks/Python.framework/Versions/3.10/lib/python3.10/site-packages/airflow/example_dags/example_dag_decorator.py
[2025-04-14T00:39:02.876-0500] {processor.py:914} INFO - Processing file /Library/Frameworks/Python.framework/Versions/3.10/lib/python3.10/site-packages/airflow/example_dags/example_dag_decorator.py for tasks to queue
[2025-04-14T00:39:02.876-0500] {logging_mixin.py:190} INFO - [2025-04-14T00:39:02.876-0500] {dagbag.py:588} INFO - Filling up the DagBag from /Library/Frameworks/Python.framework/Versions/3.10/lib/python3.10/site-packages/airflow/example_dags/example_dag_decorator.py
[2025-04-14T00:39:02.944-0500] {processor.py:925} INFO - DAG(s) 'example_dag_decorator' retrieved from /Library/Frameworks/Python.framework/Versions/3.10/lib/python3.10/site-packages/airflow/example_dags/example_dag_decorator.py
[2025-04-14T00:39:03.014-0500] {logging_mixin.py:190} INFO - [2025-04-14T00:39:03.014-0500] {dag.py:3239} INFO - Sync 1 DAGs
[2025-04-14T00:39:03.017-0500] {logging_mixin.py:190} INFO - [2025-04-14T00:39:03.017-0500] {dag.py:4180} INFO - Setting next_dagrun for example_dag_decorator to None, run_after=None
[2025-04-14T00:39:03.022-0500] {processor.py:208} INFO - Processing /Library/Frameworks/Python.framework/Versions/3.10/lib/python3.10/site-packages/airflow/example_dags/example_dag_decorator.py took 0.150 seconds
[2025-04-14T00:41:12.884-0500] {processor.py:186} INFO - Started process (PID=78059) to work on /Library/Frameworks/Python.framework/Versions/3.10/lib/python3.10/site-packages/airflow/example_dags/example_dag_decorator.py
[2025-04-14T00:41:12.885-0500] {processor.py:914} INFO - Processing file /Library/Frameworks/Python.framework/Versions/3.10/lib/python3.10/site-packages/airflow/example_dags/example_dag_decorator.py for tasks to queue
[2025-04-14T00:41:12.885-0500] {logging_mixin.py:190} INFO - [2025-04-14T00:41:12.885-0500] {dagbag.py:588} INFO - Filling up the DagBag from /Library/Frameworks/Python.framework/Versions/3.10/lib/python3.10/site-packages/airflow/example_dags/example_dag_decorator.py
[2025-04-14T00:41:12.955-0500] {processor.py:925} INFO - DAG(s) 'example_dag_decorator' retrieved from /Library/Frameworks/Python.framework/Versions/3.10/lib/python3.10/site-packages/airflow/example_dags/example_dag_decorator.py
[2025-04-14T00:41:13.027-0500] {logging_mixin.py:190} INFO - [2025-04-14T00:41:13.027-0500] {dag.py:3239} INFO - Sync 1 DAGs
[2025-04-14T00:41:13.031-0500] {logging_mixin.py:190} INFO - [2025-04-14T00:41:13.031-0500] {dag.py:4180} INFO - Setting next_dagrun for example_dag_decorator to None, run_after=None
[2025-04-14T00:41:13.036-0500] {processor.py:208} INFO - Processing /Library/Frameworks/Python.framework/Versions/3.10/lib/python3.10/site-packages/airflow/example_dags/example_dag_decorator.py took 0.153 seconds
[2025-04-14T10:20:19.341-0500] {processor.py:186} INFO - Started process (PID=81371) to work on /Library/Frameworks/Python.framework/Versions/3.10/lib/python3.10/site-packages/airflow/example_dags/example_dag_decorator.py
[2025-04-14T10:20:19.341-0500] {processor.py:914} INFO - Processing file /Library/Frameworks/Python.framework/Versions/3.10/lib/python3.10/site-packages/airflow/example_dags/example_dag_decorator.py for tasks to queue
[2025-04-14T10:20:19.342-0500] {logging_mixin.py:190} INFO - [2025-04-14T10:20:19.342-0500] {dagbag.py:588} INFO - Filling up the DagBag from /Library/Frameworks/Python.framework/Versions/3.10/lib/python3.10/site-packages/airflow/example_dags/example_dag_decorator.py
[2025-04-14T10:20:19.409-0500] {processor.py:925} INFO - DAG(s) 'example_dag_decorator' retrieved from /Library/Frameworks/Python.framework/Versions/3.10/lib/python3.10/site-packages/airflow/example_dags/example_dag_decorator.py
[2025-04-14T10:20:19.478-0500] {logging_mixin.py:190} INFO - [2025-04-14T10:20:19.478-0500] {dag.py:3239} INFO - Sync 1 DAGs
[2025-04-14T10:20:19.481-0500] {logging_mixin.py:190} INFO - [2025-04-14T10:20:19.481-0500] {dag.py:4180} INFO - Setting next_dagrun for example_dag_decorator to None, run_after=None
[2025-04-14T10:20:19.486-0500] {processor.py:208} INFO - Processing /Library/Frameworks/Python.framework/Versions/3.10/lib/python3.10/site-packages/airflow/example_dags/example_dag_decorator.py took 0.147 seconds
[2025-04-14T10:23:28.557-0500] {processor.py:186} INFO - Started process (PID=81723) to work on /Library/Frameworks/Python.framework/Versions/3.10/lib/python3.10/site-packages/airflow/example_dags/example_dag_decorator.py
[2025-04-14T10:23:28.558-0500] {processor.py:914} INFO - Processing file /Library/Frameworks/Python.framework/Versions/3.10/lib/python3.10/site-packages/airflow/example_dags/example_dag_decorator.py for tasks to queue
[2025-04-14T10:23:28.558-0500] {logging_mixin.py:190} INFO - [2025-04-14T10:23:28.558-0500] {dagbag.py:588} INFO - Filling up the DagBag from /Library/Frameworks/Python.framework/Versions/3.10/lib/python3.10/site-packages/airflow/example_dags/example_dag_decorator.py
[2025-04-14T10:23:28.623-0500] {processor.py:925} INFO - DAG(s) 'example_dag_decorator' retrieved from /Library/Frameworks/Python.framework/Versions/3.10/lib/python3.10/site-packages/airflow/example_dags/example_dag_decorator.py
[2025-04-14T10:23:28.694-0500] {logging_mixin.py:190} INFO - [2025-04-14T10:23:28.694-0500] {dag.py:3239} INFO - Sync 1 DAGs
[2025-04-14T10:23:28.697-0500] {logging_mixin.py:190} INFO - [2025-04-14T10:23:28.697-0500] {dag.py:4180} INFO - Setting next_dagrun for example_dag_decorator to None, run_after=None
[2025-04-14T10:23:28.702-0500] {processor.py:208} INFO - Processing /Library/Frameworks/Python.framework/Versions/3.10/lib/python3.10/site-packages/airflow/example_dags/example_dag_decorator.py took 0.147 seconds
[2025-04-14T10:25:18.225-0500] {processor.py:186} INFO - Started process (PID=81912) to work on /Library/Frameworks/Python.framework/Versions/3.10/lib/python3.10/site-packages/airflow/example_dags/example_dag_decorator.py
[2025-04-14T10:25:18.225-0500] {processor.py:914} INFO - Processing file /Library/Frameworks/Python.framework/Versions/3.10/lib/python3.10/site-packages/airflow/example_dags/example_dag_decorator.py for tasks to queue
[2025-04-14T10:25:18.225-0500] {logging_mixin.py:190} INFO - [2025-04-14T10:25:18.225-0500] {dagbag.py:588} INFO - Filling up the DagBag from /Library/Frameworks/Python.framework/Versions/3.10/lib/python3.10/site-packages/airflow/example_dags/example_dag_decorator.py
[2025-04-14T10:25:18.290-0500] {processor.py:925} INFO - DAG(s) 'example_dag_decorator' retrieved from /Library/Frameworks/Python.framework/Versions/3.10/lib/python3.10/site-packages/airflow/example_dags/example_dag_decorator.py
[2025-04-14T10:25:18.362-0500] {logging_mixin.py:190} INFO - [2025-04-14T10:25:18.362-0500] {dag.py:3239} INFO - Sync 1 DAGs
[2025-04-14T10:25:18.365-0500] {logging_mixin.py:190} INFO - [2025-04-14T10:25:18.365-0500] {dag.py:4180} INFO - Setting next_dagrun for example_dag_decorator to None, run_after=None
[2025-04-14T10:25:18.370-0500] {processor.py:208} INFO - Processing /Library/Frameworks/Python.framework/Versions/3.10/lib/python3.10/site-packages/airflow/example_dags/example_dag_decorator.py took 0.147 seconds
[2025-04-14T10:28:30.900-0500] {processor.py:186} INFO - Started process (PID=82256) to work on /Library/Frameworks/Python.framework/Versions/3.10/lib/python3.10/site-packages/airflow/example_dags/example_dag_decorator.py
[2025-04-14T10:28:30.901-0500] {processor.py:914} INFO - Processing file /Library/Frameworks/Python.framework/Versions/3.10/lib/python3.10/site-packages/airflow/example_dags/example_dag_decorator.py for tasks to queue
[2025-04-14T10:28:30.901-0500] {logging_mixin.py:190} INFO - [2025-04-14T10:28:30.901-0500] {dagbag.py:588} INFO - Filling up the DagBag from /Library/Frameworks/Python.framework/Versions/3.10/lib/python3.10/site-packages/airflow/example_dags/example_dag_decorator.py
[2025-04-14T10:28:30.968-0500] {processor.py:925} INFO - DAG(s) 'example_dag_decorator' retrieved from /Library/Frameworks/Python.framework/Versions/3.10/lib/python3.10/site-packages/airflow/example_dags/example_dag_decorator.py
[2025-04-14T10:28:31.055-0500] {logging_mixin.py:190} INFO - [2025-04-14T10:28:31.054-0500] {dag.py:3239} INFO - Sync 1 DAGs
[2025-04-14T10:28:31.058-0500] {logging_mixin.py:190} INFO - [2025-04-14T10:28:31.058-0500] {dag.py:4180} INFO - Setting next_dagrun for example_dag_decorator to None, run_after=None
[2025-04-14T10:28:31.063-0500] {processor.py:208} INFO - Processing /Library/Frameworks/Python.framework/Versions/3.10/lib/python3.10/site-packages/airflow/example_dags/example_dag_decorator.py took 0.164 seconds
[2025-04-14T10:30:31.260-0500] {processor.py:186} INFO - Started process (PID=82476) to work on /Library/Frameworks/Python.framework/Versions/3.10/lib/python3.10/site-packages/airflow/example_dags/example_dag_decorator.py
[2025-04-14T10:30:31.260-0500] {processor.py:914} INFO - Processing file /Library/Frameworks/Python.framework/Versions/3.10/lib/python3.10/site-packages/airflow/example_dags/example_dag_decorator.py for tasks to queue
[2025-04-14T10:30:31.261-0500] {logging_mixin.py:190} INFO - [2025-04-14T10:30:31.261-0500] {dagbag.py:588} INFO - Filling up the DagBag from /Library/Frameworks/Python.framework/Versions/3.10/lib/python3.10/site-packages/airflow/example_dags/example_dag_decorator.py
[2025-04-14T10:30:31.333-0500] {processor.py:925} INFO - DAG(s) 'example_dag_decorator' retrieved from /Library/Frameworks/Python.framework/Versions/3.10/lib/python3.10/site-packages/airflow/example_dags/example_dag_decorator.py
[2025-04-14T10:30:31.406-0500] {logging_mixin.py:190} INFO - [2025-04-14T10:30:31.406-0500] {dag.py:3239} INFO - Sync 1 DAGs
[2025-04-14T10:30:31.410-0500] {logging_mixin.py:190} INFO - [2025-04-14T10:30:31.410-0500] {dag.py:4180} INFO - Setting next_dagrun for example_dag_decorator to None, run_after=None
[2025-04-14T10:30:31.416-0500] {processor.py:208} INFO - Processing /Library/Frameworks/Python.framework/Versions/3.10/lib/python3.10/site-packages/airflow/example_dags/example_dag_decorator.py took 0.157 seconds
[2025-04-14T10:35:23.824-0500] {processor.py:186} INFO - Started process (PID=82842) to work on /Library/Frameworks/Python.framework/Versions/3.10/lib/python3.10/site-packages/airflow/example_dags/example_dag_decorator.py
[2025-04-14T10:35:23.825-0500] {processor.py:914} INFO - Processing file /Library/Frameworks/Python.framework/Versions/3.10/lib/python3.10/site-packages/airflow/example_dags/example_dag_decorator.py for tasks to queue
[2025-04-14T10:35:23.825-0500] {logging_mixin.py:190} INFO - [2025-04-14T10:35:23.825-0500] {dagbag.py:588} INFO - Filling up the DagBag from /Library/Frameworks/Python.framework/Versions/3.10/lib/python3.10/site-packages/airflow/example_dags/example_dag_decorator.py
[2025-04-14T10:35:23.897-0500] {processor.py:925} INFO - DAG(s) 'example_dag_decorator' retrieved from /Library/Frameworks/Python.framework/Versions/3.10/lib/python3.10/site-packages/airflow/example_dags/example_dag_decorator.py
[2025-04-14T10:35:23.973-0500] {logging_mixin.py:190} INFO - [2025-04-14T10:35:23.973-0500] {dag.py:3239} INFO - Sync 1 DAGs
[2025-04-14T10:35:23.976-0500] {logging_mixin.py:190} INFO - [2025-04-14T10:35:23.976-0500] {dag.py:4180} INFO - Setting next_dagrun for example_dag_decorator to None, run_after=None
[2025-04-14T10:35:23.982-0500] {processor.py:208} INFO - Processing /Library/Frameworks/Python.framework/Versions/3.10/lib/python3.10/site-packages/airflow/example_dags/example_dag_decorator.py took 0.159 seconds
[2025-04-14T10:37:20.110-0500] {processor.py:186} INFO - Started process (PID=83061) to work on /Library/Frameworks/Python.framework/Versions/3.10/lib/python3.10/site-packages/airflow/example_dags/example_dag_decorator.py
[2025-04-14T10:37:20.111-0500] {processor.py:914} INFO - Processing file /Library/Frameworks/Python.framework/Versions/3.10/lib/python3.10/site-packages/airflow/example_dags/example_dag_decorator.py for tasks to queue
[2025-04-14T10:37:20.111-0500] {logging_mixin.py:190} INFO - [2025-04-14T10:37:20.111-0500] {dagbag.py:588} INFO - Filling up the DagBag from /Library/Frameworks/Python.framework/Versions/3.10/lib/python3.10/site-packages/airflow/example_dags/example_dag_decorator.py
[2025-04-14T10:37:20.180-0500] {processor.py:925} INFO - DAG(s) 'example_dag_decorator' retrieved from /Library/Frameworks/Python.framework/Versions/3.10/lib/python3.10/site-packages/airflow/example_dags/example_dag_decorator.py
[2025-04-14T10:37:20.248-0500] {logging_mixin.py:190} INFO - [2025-04-14T10:37:20.248-0500] {dag.py:3239} INFO - Sync 1 DAGs
[2025-04-14T10:37:20.252-0500] {logging_mixin.py:190} INFO - [2025-04-14T10:37:20.251-0500] {dag.py:4180} INFO - Setting next_dagrun for example_dag_decorator to None, run_after=None
[2025-04-14T10:37:20.257-0500] {processor.py:208} INFO - Processing /Library/Frameworks/Python.framework/Versions/3.10/lib/python3.10/site-packages/airflow/example_dags/example_dag_decorator.py took 0.148 seconds
[2025-04-14T10:39:21.155-0500] {processor.py:186} INFO - Started process (PID=83269) to work on /Library/Frameworks/Python.framework/Versions/3.10/lib/python3.10/site-packages/airflow/example_dags/example_dag_decorator.py
[2025-04-14T10:39:21.156-0500] {processor.py:914} INFO - Processing file /Library/Frameworks/Python.framework/Versions/3.10/lib/python3.10/site-packages/airflow/example_dags/example_dag_decorator.py for tasks to queue
[2025-04-14T10:39:21.156-0500] {logging_mixin.py:190} INFO - [2025-04-14T10:39:21.156-0500] {dagbag.py:588} INFO - Filling up the DagBag from /Library/Frameworks/Python.framework/Versions/3.10/lib/python3.10/site-packages/airflow/example_dags/example_dag_decorator.py
[2025-04-14T10:39:21.227-0500] {processor.py:925} INFO - DAG(s) 'example_dag_decorator' retrieved from /Library/Frameworks/Python.framework/Versions/3.10/lib/python3.10/site-packages/airflow/example_dags/example_dag_decorator.py
[2025-04-14T10:39:21.300-0500] {logging_mixin.py:190} INFO - [2025-04-14T10:39:21.300-0500] {dag.py:3239} INFO - Sync 1 DAGs
[2025-04-14T10:39:21.304-0500] {logging_mixin.py:190} INFO - [2025-04-14T10:39:21.304-0500] {dag.py:4180} INFO - Setting next_dagrun for example_dag_decorator to None, run_after=None
[2025-04-14T10:39:21.309-0500] {processor.py:208} INFO - Processing /Library/Frameworks/Python.framework/Versions/3.10/lib/python3.10/site-packages/airflow/example_dags/example_dag_decorator.py took 0.155 seconds
[2025-04-14T10:43:23.594-0500] {processor.py:186} INFO - Started process (PID=83740) to work on /Library/Frameworks/Python.framework/Versions/3.10/lib/python3.10/site-packages/airflow/example_dags/example_dag_decorator.py
[2025-04-14T10:43:23.594-0500] {processor.py:914} INFO - Processing file /Library/Frameworks/Python.framework/Versions/3.10/lib/python3.10/site-packages/airflow/example_dags/example_dag_decorator.py for tasks to queue
[2025-04-14T10:43:23.595-0500] {logging_mixin.py:190} INFO - [2025-04-14T10:43:23.595-0500] {dagbag.py:588} INFO - Filling up the DagBag from /Library/Frameworks/Python.framework/Versions/3.10/lib/python3.10/site-packages/airflow/example_dags/example_dag_decorator.py
[2025-04-14T10:43:23.663-0500] {processor.py:925} INFO - DAG(s) 'example_dag_decorator' retrieved from /Library/Frameworks/Python.framework/Versions/3.10/lib/python3.10/site-packages/airflow/example_dags/example_dag_decorator.py
[2025-04-14T10:43:23.734-0500] {logging_mixin.py:190} INFO - [2025-04-14T10:43:23.734-0500] {dag.py:3239} INFO - Sync 1 DAGs
[2025-04-14T10:43:23.737-0500] {logging_mixin.py:190} INFO - [2025-04-14T10:43:23.737-0500] {dag.py:4180} INFO - Setting next_dagrun for example_dag_decorator to None, run_after=None
[2025-04-14T10:43:23.743-0500] {processor.py:208} INFO - Processing /Library/Frameworks/Python.framework/Versions/3.10/lib/python3.10/site-packages/airflow/example_dags/example_dag_decorator.py took 0.150 seconds
[2025-04-14T10:45:22.221-0500] {processor.py:186} INFO - Started process (PID=83957) to work on /Library/Frameworks/Python.framework/Versions/3.10/lib/python3.10/site-packages/airflow/example_dags/example_dag_decorator.py
[2025-04-14T10:45:22.222-0500] {processor.py:914} INFO - Processing file /Library/Frameworks/Python.framework/Versions/3.10/lib/python3.10/site-packages/airflow/example_dags/example_dag_decorator.py for tasks to queue
[2025-04-14T10:45:22.222-0500] {logging_mixin.py:190} INFO - [2025-04-14T10:45:22.222-0500] {dagbag.py:588} INFO - Filling up the DagBag from /Library/Frameworks/Python.framework/Versions/3.10/lib/python3.10/site-packages/airflow/example_dags/example_dag_decorator.py
[2025-04-14T10:45:22.288-0500] {processor.py:925} INFO - DAG(s) 'example_dag_decorator' retrieved from /Library/Frameworks/Python.framework/Versions/3.10/lib/python3.10/site-packages/airflow/example_dags/example_dag_decorator.py
[2025-04-14T10:45:22.360-0500] {logging_mixin.py:190} INFO - [2025-04-14T10:45:22.360-0500] {dag.py:3239} INFO - Sync 1 DAGs
[2025-04-14T10:45:22.363-0500] {logging_mixin.py:190} INFO - [2025-04-14T10:45:22.363-0500] {dag.py:4180} INFO - Setting next_dagrun for example_dag_decorator to None, run_after=None
[2025-04-14T10:45:22.368-0500] {processor.py:208} INFO - Processing /Library/Frameworks/Python.framework/Versions/3.10/lib/python3.10/site-packages/airflow/example_dags/example_dag_decorator.py took 0.148 seconds
[2025-04-14T10:47:14.916-0500] {processor.py:186} INFO - Started process (PID=84138) to work on /Library/Frameworks/Python.framework/Versions/3.10/lib/python3.10/site-packages/airflow/example_dags/example_dag_decorator.py
[2025-04-14T10:47:14.916-0500] {processor.py:914} INFO - Processing file /Library/Frameworks/Python.framework/Versions/3.10/lib/python3.10/site-packages/airflow/example_dags/example_dag_decorator.py for tasks to queue
[2025-04-14T10:47:14.917-0500] {logging_mixin.py:190} INFO - [2025-04-14T10:47:14.917-0500] {dagbag.py:588} INFO - Filling up the DagBag from /Library/Frameworks/Python.framework/Versions/3.10/lib/python3.10/site-packages/airflow/example_dags/example_dag_decorator.py
[2025-04-14T10:47:14.982-0500] {processor.py:925} INFO - DAG(s) 'example_dag_decorator' retrieved from /Library/Frameworks/Python.framework/Versions/3.10/lib/python3.10/site-packages/airflow/example_dags/example_dag_decorator.py
[2025-04-14T10:47:15.055-0500] {logging_mixin.py:190} INFO - [2025-04-14T10:47:15.055-0500] {dag.py:3239} INFO - Sync 1 DAGs
[2025-04-14T10:47:15.058-0500] {logging_mixin.py:190} INFO - [2025-04-14T10:47:15.058-0500] {dag.py:4180} INFO - Setting next_dagrun for example_dag_decorator to None, run_after=None
[2025-04-14T10:47:15.064-0500] {processor.py:208} INFO - Processing /Library/Frameworks/Python.framework/Versions/3.10/lib/python3.10/site-packages/airflow/example_dags/example_dag_decorator.py took 0.149 seconds
[2025-04-14T10:49:03.695-0500] {processor.py:186} INFO - Started process (PID=84334) to work on /Library/Frameworks/Python.framework/Versions/3.10/lib/python3.10/site-packages/airflow/example_dags/example_dag_decorator.py
[2025-04-14T10:49:03.695-0500] {processor.py:914} INFO - Processing file /Library/Frameworks/Python.framework/Versions/3.10/lib/python3.10/site-packages/airflow/example_dags/example_dag_decorator.py for tasks to queue
[2025-04-14T10:49:03.696-0500] {logging_mixin.py:190} INFO - [2025-04-14T10:49:03.695-0500] {dagbag.py:588} INFO - Filling up the DagBag from /Library/Frameworks/Python.framework/Versions/3.10/lib/python3.10/site-packages/airflow/example_dags/example_dag_decorator.py
[2025-04-14T10:49:03.763-0500] {processor.py:925} INFO - DAG(s) 'example_dag_decorator' retrieved from /Library/Frameworks/Python.framework/Versions/3.10/lib/python3.10/site-packages/airflow/example_dags/example_dag_decorator.py
[2025-04-14T10:49:03.834-0500] {logging_mixin.py:190} INFO - [2025-04-14T10:49:03.834-0500] {dag.py:3239} INFO - Sync 1 DAGs
[2025-04-14T10:49:03.837-0500] {logging_mixin.py:190} INFO - [2025-04-14T10:49:03.837-0500] {dag.py:4180} INFO - Setting next_dagrun for example_dag_decorator to None, run_after=None
[2025-04-14T10:49:03.843-0500] {processor.py:208} INFO - Processing /Library/Frameworks/Python.framework/Versions/3.10/lib/python3.10/site-packages/airflow/example_dags/example_dag_decorator.py took 0.149 seconds
[2025-04-14T10:50:53.695-0500] {processor.py:186} INFO - Started process (PID=84513) to work on /Library/Frameworks/Python.framework/Versions/3.10/lib/python3.10/site-packages/airflow/example_dags/example_dag_decorator.py
[2025-04-14T10:50:53.696-0500] {processor.py:914} INFO - Processing file /Library/Frameworks/Python.framework/Versions/3.10/lib/python3.10/site-packages/airflow/example_dags/example_dag_decorator.py for tasks to queue
[2025-04-14T10:50:53.696-0500] {logging_mixin.py:190} INFO - [2025-04-14T10:50:53.696-0500] {dagbag.py:588} INFO - Filling up the DagBag from /Library/Frameworks/Python.framework/Versions/3.10/lib/python3.10/site-packages/airflow/example_dags/example_dag_decorator.py
[2025-04-14T10:50:53.761-0500] {processor.py:925} INFO - DAG(s) 'example_dag_decorator' retrieved from /Library/Frameworks/Python.framework/Versions/3.10/lib/python3.10/site-packages/airflow/example_dags/example_dag_decorator.py
[2025-04-14T10:50:53.832-0500] {logging_mixin.py:190} INFO - [2025-04-14T10:50:53.832-0500] {dag.py:3239} INFO - Sync 1 DAGs
[2025-04-14T10:50:53.836-0500] {logging_mixin.py:190} INFO - [2025-04-14T10:50:53.835-0500] {dag.py:4180} INFO - Setting next_dagrun for example_dag_decorator to None, run_after=None
[2025-04-14T10:50:53.841-0500] {processor.py:208} INFO - Processing /Library/Frameworks/Python.framework/Versions/3.10/lib/python3.10/site-packages/airflow/example_dags/example_dag_decorator.py took 0.147 seconds
[2025-04-14T10:52:44.140-0500] {processor.py:186} INFO - Started process (PID=84705) to work on /Library/Frameworks/Python.framework/Versions/3.10/lib/python3.10/site-packages/airflow/example_dags/example_dag_decorator.py
[2025-04-14T10:52:44.140-0500] {processor.py:914} INFO - Processing file /Library/Frameworks/Python.framework/Versions/3.10/lib/python3.10/site-packages/airflow/example_dags/example_dag_decorator.py for tasks to queue
[2025-04-14T10:52:44.141-0500] {logging_mixin.py:190} INFO - [2025-04-14T10:52:44.141-0500] {dagbag.py:588} INFO - Filling up the DagBag from /Library/Frameworks/Python.framework/Versions/3.10/lib/python3.10/site-packages/airflow/example_dags/example_dag_decorator.py
[2025-04-14T10:52:44.206-0500] {processor.py:925} INFO - DAG(s) 'example_dag_decorator' retrieved from /Library/Frameworks/Python.framework/Versions/3.10/lib/python3.10/site-packages/airflow/example_dags/example_dag_decorator.py
[2025-04-14T10:52:44.279-0500] {logging_mixin.py:190} INFO - [2025-04-14T10:52:44.279-0500] {dag.py:3239} INFO - Sync 1 DAGs
[2025-04-14T10:52:44.282-0500] {logging_mixin.py:190} INFO - [2025-04-14T10:52:44.282-0500] {dag.py:4180} INFO - Setting next_dagrun for example_dag_decorator to None, run_after=None
[2025-04-14T10:52:44.288-0500] {processor.py:208} INFO - Processing /Library/Frameworks/Python.framework/Versions/3.10/lib/python3.10/site-packages/airflow/example_dags/example_dag_decorator.py took 0.149 seconds
[2025-04-14T11:12:14.755-0500] {processor.py:186} INFO - Started process (PID=85003) to work on /Library/Frameworks/Python.framework/Versions/3.10/lib/python3.10/site-packages/airflow/example_dags/example_dag_decorator.py
[2025-04-14T11:12:14.756-0500] {processor.py:914} INFO - Processing file /Library/Frameworks/Python.framework/Versions/3.10/lib/python3.10/site-packages/airflow/example_dags/example_dag_decorator.py for tasks to queue
[2025-04-14T11:12:14.756-0500] {logging_mixin.py:190} INFO - [2025-04-14T11:12:14.756-0500] {dagbag.py:588} INFO - Filling up the DagBag from /Library/Frameworks/Python.framework/Versions/3.10/lib/python3.10/site-packages/airflow/example_dags/example_dag_decorator.py
[2025-04-14T11:12:14.826-0500] {processor.py:925} INFO - DAG(s) 'example_dag_decorator' retrieved from /Library/Frameworks/Python.framework/Versions/3.10/lib/python3.10/site-packages/airflow/example_dags/example_dag_decorator.py
[2025-04-14T11:12:14.898-0500] {logging_mixin.py:190} INFO - [2025-04-14T11:12:14.898-0500] {dag.py:3239} INFO - Sync 1 DAGs
[2025-04-14T11:12:14.901-0500] {logging_mixin.py:190} INFO - [2025-04-14T11:12:14.901-0500] {dag.py:4180} INFO - Setting next_dagrun for example_dag_decorator to None, run_after=None
[2025-04-14T11:12:14.906-0500] {processor.py:208} INFO - Processing /Library/Frameworks/Python.framework/Versions/3.10/lib/python3.10/site-packages/airflow/example_dags/example_dag_decorator.py took 0.152 seconds
[2025-04-14T11:14:06.820-0500] {processor.py:186} INFO - Started process (PID=85189) to work on /Library/Frameworks/Python.framework/Versions/3.10/lib/python3.10/site-packages/airflow/example_dags/example_dag_decorator.py
[2025-04-14T11:14:06.821-0500] {processor.py:914} INFO - Processing file /Library/Frameworks/Python.framework/Versions/3.10/lib/python3.10/site-packages/airflow/example_dags/example_dag_decorator.py for tasks to queue
[2025-04-14T11:14:06.821-0500] {logging_mixin.py:190} INFO - [2025-04-14T11:14:06.821-0500] {dagbag.py:588} INFO - Filling up the DagBag from /Library/Frameworks/Python.framework/Versions/3.10/lib/python3.10/site-packages/airflow/example_dags/example_dag_decorator.py
[2025-04-14T11:14:06.887-0500] {processor.py:925} INFO - DAG(s) 'example_dag_decorator' retrieved from /Library/Frameworks/Python.framework/Versions/3.10/lib/python3.10/site-packages/airflow/example_dags/example_dag_decorator.py
[2025-04-14T11:14:06.958-0500] {logging_mixin.py:190} INFO - [2025-04-14T11:14:06.958-0500] {dag.py:3239} INFO - Sync 1 DAGs
[2025-04-14T11:14:06.961-0500] {logging_mixin.py:190} INFO - [2025-04-14T11:14:06.961-0500] {dag.py:4180} INFO - Setting next_dagrun for example_dag_decorator to None, run_after=None
[2025-04-14T11:14:06.967-0500] {processor.py:208} INFO - Processing /Library/Frameworks/Python.framework/Versions/3.10/lib/python3.10/site-packages/airflow/example_dags/example_dag_decorator.py took 0.148 seconds
[2025-04-14T11:15:53.112-0500] {processor.py:186} INFO - Started process (PID=85368) to work on /Library/Frameworks/Python.framework/Versions/3.10/lib/python3.10/site-packages/airflow/example_dags/example_dag_decorator.py
[2025-04-14T11:15:53.113-0500] {processor.py:914} INFO - Processing file /Library/Frameworks/Python.framework/Versions/3.10/lib/python3.10/site-packages/airflow/example_dags/example_dag_decorator.py for tasks to queue
[2025-04-14T11:15:53.113-0500] {logging_mixin.py:190} INFO - [2025-04-14T11:15:53.113-0500] {dagbag.py:588} INFO - Filling up the DagBag from /Library/Frameworks/Python.framework/Versions/3.10/lib/python3.10/site-packages/airflow/example_dags/example_dag_decorator.py
[2025-04-14T11:15:53.178-0500] {processor.py:925} INFO - DAG(s) 'example_dag_decorator' retrieved from /Library/Frameworks/Python.framework/Versions/3.10/lib/python3.10/site-packages/airflow/example_dags/example_dag_decorator.py
[2025-04-14T11:15:53.248-0500] {logging_mixin.py:190} INFO - [2025-04-14T11:15:53.247-0500] {dag.py:3239} INFO - Sync 1 DAGs
[2025-04-14T11:15:53.251-0500] {logging_mixin.py:190} INFO - [2025-04-14T11:15:53.251-0500] {dag.py:4180} INFO - Setting next_dagrun for example_dag_decorator to None, run_after=None
[2025-04-14T11:15:53.256-0500] {processor.py:208} INFO - Processing /Library/Frameworks/Python.framework/Versions/3.10/lib/python3.10/site-packages/airflow/example_dags/example_dag_decorator.py took 0.145 seconds
[2025-04-14T11:17:42.685-0500] {processor.py:186} INFO - Started process (PID=85549) to work on /Library/Frameworks/Python.framework/Versions/3.10/lib/python3.10/site-packages/airflow/example_dags/example_dag_decorator.py
[2025-04-14T11:17:42.686-0500] {processor.py:914} INFO - Processing file /Library/Frameworks/Python.framework/Versions/3.10/lib/python3.10/site-packages/airflow/example_dags/example_dag_decorator.py for tasks to queue
[2025-04-14T11:17:42.686-0500] {logging_mixin.py:190} INFO - [2025-04-14T11:17:42.686-0500] {dagbag.py:588} INFO - Filling up the DagBag from /Library/Frameworks/Python.framework/Versions/3.10/lib/python3.10/site-packages/airflow/example_dags/example_dag_decorator.py
[2025-04-14T11:17:42.752-0500] {processor.py:925} INFO - DAG(s) 'example_dag_decorator' retrieved from /Library/Frameworks/Python.framework/Versions/3.10/lib/python3.10/site-packages/airflow/example_dags/example_dag_decorator.py
[2025-04-14T11:17:42.822-0500] {logging_mixin.py:190} INFO - [2025-04-14T11:17:42.822-0500] {dag.py:3239} INFO - Sync 1 DAGs
[2025-04-14T11:17:42.826-0500] {logging_mixin.py:190} INFO - [2025-04-14T11:17:42.826-0500] {dag.py:4180} INFO - Setting next_dagrun for example_dag_decorator to None, run_after=None
[2025-04-14T11:17:42.831-0500] {processor.py:208} INFO - Processing /Library/Frameworks/Python.framework/Versions/3.10/lib/python3.10/site-packages/airflow/example_dags/example_dag_decorator.py took 0.147 seconds
[2025-04-14T11:19:35.921-0500] {processor.py:186} INFO - Started process (PID=85736) to work on /Library/Frameworks/Python.framework/Versions/3.10/lib/python3.10/site-packages/airflow/example_dags/example_dag_decorator.py
[2025-04-14T11:19:35.922-0500] {processor.py:914} INFO - Processing file /Library/Frameworks/Python.framework/Versions/3.10/lib/python3.10/site-packages/airflow/example_dags/example_dag_decorator.py for tasks to queue
[2025-04-14T11:19:35.923-0500] {logging_mixin.py:190} INFO - [2025-04-14T11:19:35.923-0500] {dagbag.py:588} INFO - Filling up the DagBag from /Library/Frameworks/Python.framework/Versions/3.10/lib/python3.10/site-packages/airflow/example_dags/example_dag_decorator.py
[2025-04-14T11:19:35.988-0500] {processor.py:925} INFO - DAG(s) 'example_dag_decorator' retrieved from /Library/Frameworks/Python.framework/Versions/3.10/lib/python3.10/site-packages/airflow/example_dags/example_dag_decorator.py
[2025-04-14T11:19:36.059-0500] {logging_mixin.py:190} INFO - [2025-04-14T11:19:36.059-0500] {dag.py:3239} INFO - Sync 1 DAGs
[2025-04-14T11:19:36.062-0500] {logging_mixin.py:190} INFO - [2025-04-14T11:19:36.062-0500] {dag.py:4180} INFO - Setting next_dagrun for example_dag_decorator to None, run_after=None
[2025-04-14T11:19:36.068-0500] {processor.py:208} INFO - Processing /Library/Frameworks/Python.framework/Versions/3.10/lib/python3.10/site-packages/airflow/example_dags/example_dag_decorator.py took 0.148 seconds
[2025-04-14T11:21:27.634-0500] {processor.py:186} INFO - Started process (PID=85920) to work on /Library/Frameworks/Python.framework/Versions/3.10/lib/python3.10/site-packages/airflow/example_dags/example_dag_decorator.py
[2025-04-14T11:21:27.635-0500] {processor.py:914} INFO - Processing file /Library/Frameworks/Python.framework/Versions/3.10/lib/python3.10/site-packages/airflow/example_dags/example_dag_decorator.py for tasks to queue
[2025-04-14T11:21:27.635-0500] {logging_mixin.py:190} INFO - [2025-04-14T11:21:27.635-0500] {dagbag.py:588} INFO - Filling up the DagBag from /Library/Frameworks/Python.framework/Versions/3.10/lib/python3.10/site-packages/airflow/example_dags/example_dag_decorator.py
[2025-04-14T11:21:27.701-0500] {processor.py:925} INFO - DAG(s) 'example_dag_decorator' retrieved from /Library/Frameworks/Python.framework/Versions/3.10/lib/python3.10/site-packages/airflow/example_dags/example_dag_decorator.py
[2025-04-14T11:21:27.774-0500] {logging_mixin.py:190} INFO - [2025-04-14T11:21:27.774-0500] {dag.py:3239} INFO - Sync 1 DAGs
[2025-04-14T11:21:27.778-0500] {logging_mixin.py:190} INFO - [2025-04-14T11:21:27.778-0500] {dag.py:4180} INFO - Setting next_dagrun for example_dag_decorator to None, run_after=None
[2025-04-14T11:21:27.784-0500] {processor.py:208} INFO - Processing /Library/Frameworks/Python.framework/Versions/3.10/lib/python3.10/site-packages/airflow/example_dags/example_dag_decorator.py took 0.150 seconds
[2025-04-14T11:23:20.601-0500] {processor.py:186} INFO - Started process (PID=86109) to work on /Library/Frameworks/Python.framework/Versions/3.10/lib/python3.10/site-packages/airflow/example_dags/example_dag_decorator.py
[2025-04-14T11:23:20.602-0500] {processor.py:914} INFO - Processing file /Library/Frameworks/Python.framework/Versions/3.10/lib/python3.10/site-packages/airflow/example_dags/example_dag_decorator.py for tasks to queue
[2025-04-14T11:23:20.603-0500] {logging_mixin.py:190} INFO - [2025-04-14T11:23:20.603-0500] {dagbag.py:588} INFO - Filling up the DagBag from /Library/Frameworks/Python.framework/Versions/3.10/lib/python3.10/site-packages/airflow/example_dags/example_dag_decorator.py
[2025-04-14T11:23:20.669-0500] {processor.py:925} INFO - DAG(s) 'example_dag_decorator' retrieved from /Library/Frameworks/Python.framework/Versions/3.10/lib/python3.10/site-packages/airflow/example_dags/example_dag_decorator.py
[2025-04-14T11:23:20.742-0500] {logging_mixin.py:190} INFO - [2025-04-14T11:23:20.741-0500] {dag.py:3239} INFO - Sync 1 DAGs
[2025-04-14T11:23:20.745-0500] {logging_mixin.py:190} INFO - [2025-04-14T11:23:20.745-0500] {dag.py:4180} INFO - Setting next_dagrun for example_dag_decorator to None, run_after=None
[2025-04-14T11:23:20.750-0500] {processor.py:208} INFO - Processing /Library/Frameworks/Python.framework/Versions/3.10/lib/python3.10/site-packages/airflow/example_dags/example_dag_decorator.py took 0.150 seconds
[2025-04-14T11:25:20.525-0500] {processor.py:186} INFO - Started process (PID=86313) to work on /Library/Frameworks/Python.framework/Versions/3.10/lib/python3.10/site-packages/airflow/example_dags/example_dag_decorator.py
[2025-04-14T11:25:20.525-0500] {processor.py:914} INFO - Processing file /Library/Frameworks/Python.framework/Versions/3.10/lib/python3.10/site-packages/airflow/example_dags/example_dag_decorator.py for tasks to queue
[2025-04-14T11:25:20.526-0500] {logging_mixin.py:190} INFO - [2025-04-14T11:25:20.526-0500] {dagbag.py:588} INFO - Filling up the DagBag from /Library/Frameworks/Python.framework/Versions/3.10/lib/python3.10/site-packages/airflow/example_dags/example_dag_decorator.py
[2025-04-14T11:25:20.597-0500] {processor.py:925} INFO - DAG(s) 'example_dag_decorator' retrieved from /Library/Frameworks/Python.framework/Versions/3.10/lib/python3.10/site-packages/airflow/example_dags/example_dag_decorator.py
[2025-04-14T11:25:20.672-0500] {logging_mixin.py:190} INFO - [2025-04-14T11:25:20.671-0500] {dag.py:3239} INFO - Sync 1 DAGs
[2025-04-14T11:25:20.675-0500] {logging_mixin.py:190} INFO - [2025-04-14T11:25:20.675-0500] {dag.py:4180} INFO - Setting next_dagrun for example_dag_decorator to None, run_after=None
[2025-04-14T11:25:20.681-0500] {processor.py:208} INFO - Processing /Library/Frameworks/Python.framework/Versions/3.10/lib/python3.10/site-packages/airflow/example_dags/example_dag_decorator.py took 0.157 seconds
[2025-04-14T11:27:22.025-0500] {processor.py:186} INFO - Started process (PID=86503) to work on /Library/Frameworks/Python.framework/Versions/3.10/lib/python3.10/site-packages/airflow/example_dags/example_dag_decorator.py
[2025-04-14T11:27:22.026-0500] {processor.py:914} INFO - Processing file /Library/Frameworks/Python.framework/Versions/3.10/lib/python3.10/site-packages/airflow/example_dags/example_dag_decorator.py for tasks to queue
[2025-04-14T11:27:22.026-0500] {logging_mixin.py:190} INFO - [2025-04-14T11:27:22.026-0500] {dagbag.py:588} INFO - Filling up the DagBag from /Library/Frameworks/Python.framework/Versions/3.10/lib/python3.10/site-packages/airflow/example_dags/example_dag_decorator.py
[2025-04-14T11:27:22.091-0500] {processor.py:925} INFO - DAG(s) 'example_dag_decorator' retrieved from /Library/Frameworks/Python.framework/Versions/3.10/lib/python3.10/site-packages/airflow/example_dags/example_dag_decorator.py
[2025-04-14T11:27:22.164-0500] {logging_mixin.py:190} INFO - [2025-04-14T11:27:22.164-0500] {dag.py:3239} INFO - Sync 1 DAGs
[2025-04-14T11:27:22.168-0500] {logging_mixin.py:190} INFO - [2025-04-14T11:27:22.168-0500] {dag.py:4180} INFO - Setting next_dagrun for example_dag_decorator to None, run_after=None
[2025-04-14T11:27:22.173-0500] {processor.py:208} INFO - Processing /Library/Frameworks/Python.framework/Versions/3.10/lib/python3.10/site-packages/airflow/example_dags/example_dag_decorator.py took 0.150 seconds
[2025-04-14T11:29:14.649-0500] {processor.py:186} INFO - Started process (PID=86711) to work on /Library/Frameworks/Python.framework/Versions/3.10/lib/python3.10/site-packages/airflow/example_dags/example_dag_decorator.py
[2025-04-14T11:29:14.650-0500] {processor.py:914} INFO - Processing file /Library/Frameworks/Python.framework/Versions/3.10/lib/python3.10/site-packages/airflow/example_dags/example_dag_decorator.py for tasks to queue
[2025-04-14T11:29:14.650-0500] {logging_mixin.py:190} INFO - [2025-04-14T11:29:14.650-0500] {dagbag.py:588} INFO - Filling up the DagBag from /Library/Frameworks/Python.framework/Versions/3.10/lib/python3.10/site-packages/airflow/example_dags/example_dag_decorator.py
[2025-04-14T11:29:14.716-0500] {processor.py:925} INFO - DAG(s) 'example_dag_decorator' retrieved from /Library/Frameworks/Python.framework/Versions/3.10/lib/python3.10/site-packages/airflow/example_dags/example_dag_decorator.py
[2025-04-14T11:29:14.790-0500] {logging_mixin.py:190} INFO - [2025-04-14T11:29:14.790-0500] {dag.py:3239} INFO - Sync 1 DAGs
[2025-04-14T11:29:14.793-0500] {logging_mixin.py:190} INFO - [2025-04-14T11:29:14.793-0500] {dag.py:4180} INFO - Setting next_dagrun for example_dag_decorator to None, run_after=None
[2025-04-14T11:29:14.799-0500] {processor.py:208} INFO - Processing /Library/Frameworks/Python.framework/Versions/3.10/lib/python3.10/site-packages/airflow/example_dags/example_dag_decorator.py took 0.151 seconds
[2025-04-14T11:31:02.995-0500] {processor.py:186} INFO - Started process (PID=86902) to work on /Library/Frameworks/Python.framework/Versions/3.10/lib/python3.10/site-packages/airflow/example_dags/example_dag_decorator.py
[2025-04-14T11:31:02.996-0500] {processor.py:914} INFO - Processing file /Library/Frameworks/Python.framework/Versions/3.10/lib/python3.10/site-packages/airflow/example_dags/example_dag_decorator.py for tasks to queue
[2025-04-14T11:31:02.997-0500] {logging_mixin.py:190} INFO - [2025-04-14T11:31:02.996-0500] {dagbag.py:588} INFO - Filling up the DagBag from /Library/Frameworks/Python.framework/Versions/3.10/lib/python3.10/site-packages/airflow/example_dags/example_dag_decorator.py
[2025-04-14T11:31:03.063-0500] {processor.py:925} INFO - DAG(s) 'example_dag_decorator' retrieved from /Library/Frameworks/Python.framework/Versions/3.10/lib/python3.10/site-packages/airflow/example_dags/example_dag_decorator.py
[2025-04-14T11:31:03.137-0500] {logging_mixin.py:190} INFO - [2025-04-14T11:31:03.137-0500] {dag.py:3239} INFO - Sync 1 DAGs
[2025-04-14T11:31:03.140-0500] {logging_mixin.py:190} INFO - [2025-04-14T11:31:03.140-0500] {dag.py:4180} INFO - Setting next_dagrun for example_dag_decorator to None, run_after=None
[2025-04-14T11:31:03.145-0500] {processor.py:208} INFO - Processing /Library/Frameworks/Python.framework/Versions/3.10/lib/python3.10/site-packages/airflow/example_dags/example_dag_decorator.py took 0.151 seconds
[2025-04-14T11:32:51.201-0500] {processor.py:186} INFO - Started process (PID=87103) to work on /Library/Frameworks/Python.framework/Versions/3.10/lib/python3.10/site-packages/airflow/example_dags/example_dag_decorator.py
[2025-04-14T11:32:51.202-0500] {processor.py:914} INFO - Processing file /Library/Frameworks/Python.framework/Versions/3.10/lib/python3.10/site-packages/airflow/example_dags/example_dag_decorator.py for tasks to queue
[2025-04-14T11:32:51.202-0500] {logging_mixin.py:190} INFO - [2025-04-14T11:32:51.202-0500] {dagbag.py:588} INFO - Filling up the DagBag from /Library/Frameworks/Python.framework/Versions/3.10/lib/python3.10/site-packages/airflow/example_dags/example_dag_decorator.py
[2025-04-14T11:32:51.269-0500] {processor.py:925} INFO - DAG(s) 'example_dag_decorator' retrieved from /Library/Frameworks/Python.framework/Versions/3.10/lib/python3.10/site-packages/airflow/example_dags/example_dag_decorator.py
[2025-04-14T11:32:51.343-0500] {logging_mixin.py:190} INFO - [2025-04-14T11:32:51.343-0500] {dag.py:3239} INFO - Sync 1 DAGs
[2025-04-14T11:32:51.346-0500] {logging_mixin.py:190} INFO - [2025-04-14T11:32:51.346-0500] {dag.py:4180} INFO - Setting next_dagrun for example_dag_decorator to None, run_after=None
[2025-04-14T11:32:51.352-0500] {processor.py:208} INFO - Processing /Library/Frameworks/Python.framework/Versions/3.10/lib/python3.10/site-packages/airflow/example_dags/example_dag_decorator.py took 0.152 seconds
[2025-04-14T11:34:39.494-0500] {processor.py:186} INFO - Started process (PID=87299) to work on /Library/Frameworks/Python.framework/Versions/3.10/lib/python3.10/site-packages/airflow/example_dags/example_dag_decorator.py
[2025-04-14T11:34:39.495-0500] {processor.py:914} INFO - Processing file /Library/Frameworks/Python.framework/Versions/3.10/lib/python3.10/site-packages/airflow/example_dags/example_dag_decorator.py for tasks to queue
[2025-04-14T11:34:39.495-0500] {logging_mixin.py:190} INFO - [2025-04-14T11:34:39.495-0500] {dagbag.py:588} INFO - Filling up the DagBag from /Library/Frameworks/Python.framework/Versions/3.10/lib/python3.10/site-packages/airflow/example_dags/example_dag_decorator.py
[2025-04-14T11:34:39.561-0500] {processor.py:925} INFO - DAG(s) 'example_dag_decorator' retrieved from /Library/Frameworks/Python.framework/Versions/3.10/lib/python3.10/site-packages/airflow/example_dags/example_dag_decorator.py
[2025-04-14T11:34:39.633-0500] {logging_mixin.py:190} INFO - [2025-04-14T11:34:39.633-0500] {dag.py:3239} INFO - Sync 1 DAGs
[2025-04-14T11:34:39.636-0500] {logging_mixin.py:190} INFO - [2025-04-14T11:34:39.636-0500] {dag.py:4180} INFO - Setting next_dagrun for example_dag_decorator to None, run_after=None
[2025-04-14T11:34:39.642-0500] {processor.py:208} INFO - Processing /Library/Frameworks/Python.framework/Versions/3.10/lib/python3.10/site-packages/airflow/example_dags/example_dag_decorator.py took 0.149 seconds
[2025-04-14T11:36:25.563-0500] {processor.py:186} INFO - Started process (PID=87480) to work on /Library/Frameworks/Python.framework/Versions/3.10/lib/python3.10/site-packages/airflow/example_dags/example_dag_decorator.py
[2025-04-14T11:36:25.564-0500] {processor.py:914} INFO - Processing file /Library/Frameworks/Python.framework/Versions/3.10/lib/python3.10/site-packages/airflow/example_dags/example_dag_decorator.py for tasks to queue
[2025-04-14T11:36:25.564-0500] {logging_mixin.py:190} INFO - [2025-04-14T11:36:25.564-0500] {dagbag.py:588} INFO - Filling up the DagBag from /Library/Frameworks/Python.framework/Versions/3.10/lib/python3.10/site-packages/airflow/example_dags/example_dag_decorator.py
[2025-04-14T11:36:25.626-0500] {processor.py:925} INFO - DAG(s) 'example_dag_decorator' retrieved from /Library/Frameworks/Python.framework/Versions/3.10/lib/python3.10/site-packages/airflow/example_dags/example_dag_decorator.py
[2025-04-14T11:36:25.693-0500] {logging_mixin.py:190} INFO - [2025-04-14T11:36:25.693-0500] {dag.py:3239} INFO - Sync 1 DAGs
[2025-04-14T11:36:25.696-0500] {logging_mixin.py:190} INFO - [2025-04-14T11:36:25.696-0500] {dag.py:4180} INFO - Setting next_dagrun for example_dag_decorator to None, run_after=None
[2025-04-14T11:36:25.702-0500] {processor.py:208} INFO - Processing /Library/Frameworks/Python.framework/Versions/3.10/lib/python3.10/site-packages/airflow/example_dags/example_dag_decorator.py took 0.140 seconds
[2025-04-14T11:44:38.416-0500] {processor.py:186} INFO - Started process (PID=87699) to work on /Library/Frameworks/Python.framework/Versions/3.10/lib/python3.10/site-packages/airflow/example_dags/example_dag_decorator.py
[2025-04-14T11:44:38.417-0500] {processor.py:914} INFO - Processing file /Library/Frameworks/Python.framework/Versions/3.10/lib/python3.10/site-packages/airflow/example_dags/example_dag_decorator.py for tasks to queue
[2025-04-14T11:44:38.417-0500] {logging_mixin.py:190} INFO - [2025-04-14T11:44:38.417-0500] {dagbag.py:588} INFO - Filling up the DagBag from /Library/Frameworks/Python.framework/Versions/3.10/lib/python3.10/site-packages/airflow/example_dags/example_dag_decorator.py
[2025-04-14T11:44:38.484-0500] {processor.py:925} INFO - DAG(s) 'example_dag_decorator' retrieved from /Library/Frameworks/Python.framework/Versions/3.10/lib/python3.10/site-packages/airflow/example_dags/example_dag_decorator.py
[2025-04-14T11:44:38.554-0500] {logging_mixin.py:190} INFO - [2025-04-14T11:44:38.554-0500] {dag.py:3239} INFO - Sync 1 DAGs
[2025-04-14T11:44:38.558-0500] {logging_mixin.py:190} INFO - [2025-04-14T11:44:38.557-0500] {dag.py:4180} INFO - Setting next_dagrun for example_dag_decorator to None, run_after=None
[2025-04-14T11:44:38.563-0500] {processor.py:208} INFO - Processing /Library/Frameworks/Python.framework/Versions/3.10/lib/python3.10/site-packages/airflow/example_dags/example_dag_decorator.py took 0.148 seconds
[2025-04-14T12:00:25.282-0500] {processor.py:186} INFO - Started process (PID=87894) to work on /Library/Frameworks/Python.framework/Versions/3.10/lib/python3.10/site-packages/airflow/example_dags/example_dag_decorator.py
[2025-04-14T12:00:25.282-0500] {processor.py:914} INFO - Processing file /Library/Frameworks/Python.framework/Versions/3.10/lib/python3.10/site-packages/airflow/example_dags/example_dag_decorator.py for tasks to queue
[2025-04-14T12:00:25.283-0500] {logging_mixin.py:190} INFO - [2025-04-14T12:00:25.283-0500] {dagbag.py:588} INFO - Filling up the DagBag from /Library/Frameworks/Python.framework/Versions/3.10/lib/python3.10/site-packages/airflow/example_dags/example_dag_decorator.py
[2025-04-14T12:00:25.351-0500] {processor.py:925} INFO - DAG(s) 'example_dag_decorator' retrieved from /Library/Frameworks/Python.framework/Versions/3.10/lib/python3.10/site-packages/airflow/example_dags/example_dag_decorator.py
[2025-04-14T12:00:25.422-0500] {logging_mixin.py:190} INFO - [2025-04-14T12:00:25.422-0500] {dag.py:3239} INFO - Sync 1 DAGs
[2025-04-14T12:00:25.426-0500] {logging_mixin.py:190} INFO - [2025-04-14T12:00:25.426-0500] {dag.py:4180} INFO - Setting next_dagrun for example_dag_decorator to None, run_after=None
[2025-04-14T12:00:25.431-0500] {processor.py:208} INFO - Processing /Library/Frameworks/Python.framework/Versions/3.10/lib/python3.10/site-packages/airflow/example_dags/example_dag_decorator.py took 0.150 seconds
[2025-04-14T12:02:19.578-0500] {processor.py:186} INFO - Started process (PID=88112) to work on /Library/Frameworks/Python.framework/Versions/3.10/lib/python3.10/site-packages/airflow/example_dags/example_dag_decorator.py
[2025-04-14T12:02:19.579-0500] {processor.py:914} INFO - Processing file /Library/Frameworks/Python.framework/Versions/3.10/lib/python3.10/site-packages/airflow/example_dags/example_dag_decorator.py for tasks to queue
[2025-04-14T12:02:19.579-0500] {logging_mixin.py:190} INFO - [2025-04-14T12:02:19.579-0500] {dagbag.py:588} INFO - Filling up the DagBag from /Library/Frameworks/Python.framework/Versions/3.10/lib/python3.10/site-packages/airflow/example_dags/example_dag_decorator.py
[2025-04-14T12:02:19.646-0500] {processor.py:925} INFO - DAG(s) 'example_dag_decorator' retrieved from /Library/Frameworks/Python.framework/Versions/3.10/lib/python3.10/site-packages/airflow/example_dags/example_dag_decorator.py
[2025-04-14T12:02:19.717-0500] {logging_mixin.py:190} INFO - [2025-04-14T12:02:19.717-0500] {dag.py:3239} INFO - Sync 1 DAGs
[2025-04-14T12:02:19.720-0500] {logging_mixin.py:190} INFO - [2025-04-14T12:02:19.720-0500] {dag.py:4180} INFO - Setting next_dagrun for example_dag_decorator to None, run_after=None
[2025-04-14T12:02:19.726-0500] {processor.py:208} INFO - Processing /Library/Frameworks/Python.framework/Versions/3.10/lib/python3.10/site-packages/airflow/example_dags/example_dag_decorator.py took 0.149 seconds
[2025-04-14T12:04:10.676-0500] {processor.py:186} INFO - Started process (PID=88326) to work on /Library/Frameworks/Python.framework/Versions/3.10/lib/python3.10/site-packages/airflow/example_dags/example_dag_decorator.py
[2025-04-14T12:04:10.677-0500] {processor.py:914} INFO - Processing file /Library/Frameworks/Python.framework/Versions/3.10/lib/python3.10/site-packages/airflow/example_dags/example_dag_decorator.py for tasks to queue
[2025-04-14T12:04:10.677-0500] {logging_mixin.py:190} INFO - [2025-04-14T12:04:10.677-0500] {dagbag.py:588} INFO - Filling up the DagBag from /Library/Frameworks/Python.framework/Versions/3.10/lib/python3.10/site-packages/airflow/example_dags/example_dag_decorator.py
[2025-04-14T12:04:10.743-0500] {processor.py:925} INFO - DAG(s) 'example_dag_decorator' retrieved from /Library/Frameworks/Python.framework/Versions/3.10/lib/python3.10/site-packages/airflow/example_dags/example_dag_decorator.py
[2025-04-14T12:04:10.815-0500] {logging_mixin.py:190} INFO - [2025-04-14T12:04:10.815-0500] {dag.py:3239} INFO - Sync 1 DAGs
[2025-04-14T12:04:10.818-0500] {logging_mixin.py:190} INFO - [2025-04-14T12:04:10.818-0500] {dag.py:4180} INFO - Setting next_dagrun for example_dag_decorator to None, run_after=None
[2025-04-14T12:04:10.824-0500] {processor.py:208} INFO - Processing /Library/Frameworks/Python.framework/Versions/3.10/lib/python3.10/site-packages/airflow/example_dags/example_dag_decorator.py took 0.149 seconds
[2025-04-14T12:06:01.133-0500] {processor.py:186} INFO - Started process (PID=88522) to work on /Library/Frameworks/Python.framework/Versions/3.10/lib/python3.10/site-packages/airflow/example_dags/example_dag_decorator.py
[2025-04-14T12:06:01.134-0500] {processor.py:914} INFO - Processing file /Library/Frameworks/Python.framework/Versions/3.10/lib/python3.10/site-packages/airflow/example_dags/example_dag_decorator.py for tasks to queue
[2025-04-14T12:06:01.135-0500] {logging_mixin.py:190} INFO - [2025-04-14T12:06:01.135-0500] {dagbag.py:588} INFO - Filling up the DagBag from /Library/Frameworks/Python.framework/Versions/3.10/lib/python3.10/site-packages/airflow/example_dags/example_dag_decorator.py
[2025-04-14T12:06:01.204-0500] {processor.py:925} INFO - DAG(s) 'example_dag_decorator' retrieved from /Library/Frameworks/Python.framework/Versions/3.10/lib/python3.10/site-packages/airflow/example_dags/example_dag_decorator.py
[2025-04-14T12:06:01.274-0500] {logging_mixin.py:190} INFO - [2025-04-14T12:06:01.274-0500] {dag.py:3239} INFO - Sync 1 DAGs
[2025-04-14T12:06:01.277-0500] {logging_mixin.py:190} INFO - [2025-04-14T12:06:01.277-0500] {dag.py:4180} INFO - Setting next_dagrun for example_dag_decorator to None, run_after=None
[2025-04-14T12:06:01.283-0500] {processor.py:208} INFO - Processing /Library/Frameworks/Python.framework/Versions/3.10/lib/python3.10/site-packages/airflow/example_dags/example_dag_decorator.py took 0.150 seconds
[2025-04-14T12:07:56.174-0500] {processor.py:186} INFO - Started process (PID=88710) to work on /Library/Frameworks/Python.framework/Versions/3.10/lib/python3.10/site-packages/airflow/example_dags/example_dag_decorator.py
[2025-04-14T12:07:56.175-0500] {processor.py:914} INFO - Processing file /Library/Frameworks/Python.framework/Versions/3.10/lib/python3.10/site-packages/airflow/example_dags/example_dag_decorator.py for tasks to queue
[2025-04-14T12:07:56.175-0500] {logging_mixin.py:190} INFO - [2025-04-14T12:07:56.175-0500] {dagbag.py:588} INFO - Filling up the DagBag from /Library/Frameworks/Python.framework/Versions/3.10/lib/python3.10/site-packages/airflow/example_dags/example_dag_decorator.py
[2025-04-14T12:07:56.241-0500] {processor.py:925} INFO - DAG(s) 'example_dag_decorator' retrieved from /Library/Frameworks/Python.framework/Versions/3.10/lib/python3.10/site-packages/airflow/example_dags/example_dag_decorator.py
[2025-04-14T12:07:56.312-0500] {logging_mixin.py:190} INFO - [2025-04-14T12:07:56.312-0500] {dag.py:3239} INFO - Sync 1 DAGs
[2025-04-14T12:07:56.315-0500] {logging_mixin.py:190} INFO - [2025-04-14T12:07:56.315-0500] {dag.py:4180} INFO - Setting next_dagrun for example_dag_decorator to None, run_after=None
[2025-04-14T12:07:56.320-0500] {processor.py:208} INFO - Processing /Library/Frameworks/Python.framework/Versions/3.10/lib/python3.10/site-packages/airflow/example_dags/example_dag_decorator.py took 0.147 seconds
[2025-04-14T12:09:50.396-0500] {processor.py:186} INFO - Started process (PID=88914) to work on /Library/Frameworks/Python.framework/Versions/3.10/lib/python3.10/site-packages/airflow/example_dags/example_dag_decorator.py
[2025-04-14T12:09:50.397-0500] {processor.py:914} INFO - Processing file /Library/Frameworks/Python.framework/Versions/3.10/lib/python3.10/site-packages/airflow/example_dags/example_dag_decorator.py for tasks to queue
[2025-04-14T12:09:50.398-0500] {logging_mixin.py:190} INFO - [2025-04-14T12:09:50.398-0500] {dagbag.py:588} INFO - Filling up the DagBag from /Library/Frameworks/Python.framework/Versions/3.10/lib/python3.10/site-packages/airflow/example_dags/example_dag_decorator.py
[2025-04-14T12:09:50.465-0500] {processor.py:925} INFO - DAG(s) 'example_dag_decorator' retrieved from /Library/Frameworks/Python.framework/Versions/3.10/lib/python3.10/site-packages/airflow/example_dags/example_dag_decorator.py
[2025-04-14T12:09:50.537-0500] {logging_mixin.py:190} INFO - [2025-04-14T12:09:50.537-0500] {dag.py:3239} INFO - Sync 1 DAGs
[2025-04-14T12:09:50.540-0500] {logging_mixin.py:190} INFO - [2025-04-14T12:09:50.540-0500] {dag.py:4180} INFO - Setting next_dagrun for example_dag_decorator to None, run_after=None
[2025-04-14T12:09:50.546-0500] {processor.py:208} INFO - Processing /Library/Frameworks/Python.framework/Versions/3.10/lib/python3.10/site-packages/airflow/example_dags/example_dag_decorator.py took 0.151 seconds
[2025-04-14T12:11:40.752-0500] {processor.py:186} INFO - Started process (PID=89096) to work on /Library/Frameworks/Python.framework/Versions/3.10/lib/python3.10/site-packages/airflow/example_dags/example_dag_decorator.py
[2025-04-14T12:11:40.753-0500] {processor.py:914} INFO - Processing file /Library/Frameworks/Python.framework/Versions/3.10/lib/python3.10/site-packages/airflow/example_dags/example_dag_decorator.py for tasks to queue
[2025-04-14T12:11:40.753-0500] {logging_mixin.py:190} INFO - [2025-04-14T12:11:40.753-0500] {dagbag.py:588} INFO - Filling up the DagBag from /Library/Frameworks/Python.framework/Versions/3.10/lib/python3.10/site-packages/airflow/example_dags/example_dag_decorator.py
[2025-04-14T12:11:40.818-0500] {processor.py:925} INFO - DAG(s) 'example_dag_decorator' retrieved from /Library/Frameworks/Python.framework/Versions/3.10/lib/python3.10/site-packages/airflow/example_dags/example_dag_decorator.py
[2025-04-14T12:11:40.889-0500] {logging_mixin.py:190} INFO - [2025-04-14T12:11:40.889-0500] {dag.py:3239} INFO - Sync 1 DAGs
[2025-04-14T12:11:40.893-0500] {logging_mixin.py:190} INFO - [2025-04-14T12:11:40.892-0500] {dag.py:4180} INFO - Setting next_dagrun for example_dag_decorator to None, run_after=None
[2025-04-14T12:11:40.898-0500] {processor.py:208} INFO - Processing /Library/Frameworks/Python.framework/Versions/3.10/lib/python3.10/site-packages/airflow/example_dags/example_dag_decorator.py took 0.147 seconds
[2025-04-14T12:13:33.399-0500] {processor.py:186} INFO - Started process (PID=89277) to work on /Library/Frameworks/Python.framework/Versions/3.10/lib/python3.10/site-packages/airflow/example_dags/example_dag_decorator.py
[2025-04-14T12:13:33.400-0500] {processor.py:914} INFO - Processing file /Library/Frameworks/Python.framework/Versions/3.10/lib/python3.10/site-packages/airflow/example_dags/example_dag_decorator.py for tasks to queue
[2025-04-14T12:13:33.401-0500] {logging_mixin.py:190} INFO - [2025-04-14T12:13:33.401-0500] {dagbag.py:588} INFO - Filling up the DagBag from /Library/Frameworks/Python.framework/Versions/3.10/lib/python3.10/site-packages/airflow/example_dags/example_dag_decorator.py
[2025-04-14T12:13:33.466-0500] {processor.py:925} INFO - DAG(s) 'example_dag_decorator' retrieved from /Library/Frameworks/Python.framework/Versions/3.10/lib/python3.10/site-packages/airflow/example_dags/example_dag_decorator.py
[2025-04-14T12:13:33.537-0500] {logging_mixin.py:190} INFO - [2025-04-14T12:13:33.537-0500] {dag.py:3239} INFO - Sync 1 DAGs
[2025-04-14T12:13:33.540-0500] {logging_mixin.py:190} INFO - [2025-04-14T12:13:33.540-0500] {dag.py:4180} INFO - Setting next_dagrun for example_dag_decorator to None, run_after=None
[2025-04-14T12:13:33.546-0500] {processor.py:208} INFO - Processing /Library/Frameworks/Python.framework/Versions/3.10/lib/python3.10/site-packages/airflow/example_dags/example_dag_decorator.py took 0.147 seconds
[2025-04-14T12:15:25.759-0500] {processor.py:186} INFO - Started process (PID=89466) to work on /Library/Frameworks/Python.framework/Versions/3.10/lib/python3.10/site-packages/airflow/example_dags/example_dag_decorator.py
[2025-04-14T12:15:25.760-0500] {processor.py:914} INFO - Processing file /Library/Frameworks/Python.framework/Versions/3.10/lib/python3.10/site-packages/airflow/example_dags/example_dag_decorator.py for tasks to queue
[2025-04-14T12:15:25.761-0500] {logging_mixin.py:190} INFO - [2025-04-14T12:15:25.761-0500] {dagbag.py:588} INFO - Filling up the DagBag from /Library/Frameworks/Python.framework/Versions/3.10/lib/python3.10/site-packages/airflow/example_dags/example_dag_decorator.py
[2025-04-14T12:15:25.829-0500] {processor.py:925} INFO - DAG(s) 'example_dag_decorator' retrieved from /Library/Frameworks/Python.framework/Versions/3.10/lib/python3.10/site-packages/airflow/example_dags/example_dag_decorator.py
[2025-04-14T12:15:25.902-0500] {logging_mixin.py:190} INFO - [2025-04-14T12:15:25.902-0500] {dag.py:3239} INFO - Sync 1 DAGs
[2025-04-14T12:15:25.905-0500] {logging_mixin.py:190} INFO - [2025-04-14T12:15:25.905-0500] {dag.py:4180} INFO - Setting next_dagrun for example_dag_decorator to None, run_after=None
[2025-04-14T12:15:25.911-0500] {processor.py:208} INFO - Processing /Library/Frameworks/Python.framework/Versions/3.10/lib/python3.10/site-packages/airflow/example_dags/example_dag_decorator.py took 0.153 seconds
[2025-04-14T12:17:14.544-0500] {processor.py:186} INFO - Started process (PID=89646) to work on /Library/Frameworks/Python.framework/Versions/3.10/lib/python3.10/site-packages/airflow/example_dags/example_dag_decorator.py
[2025-04-14T12:17:14.545-0500] {processor.py:914} INFO - Processing file /Library/Frameworks/Python.framework/Versions/3.10/lib/python3.10/site-packages/airflow/example_dags/example_dag_decorator.py for tasks to queue
[2025-04-14T12:17:14.546-0500] {logging_mixin.py:190} INFO - [2025-04-14T12:17:14.545-0500] {dagbag.py:588} INFO - Filling up the DagBag from /Library/Frameworks/Python.framework/Versions/3.10/lib/python3.10/site-packages/airflow/example_dags/example_dag_decorator.py
[2025-04-14T12:17:14.616-0500] {processor.py:925} INFO - DAG(s) 'example_dag_decorator' retrieved from /Library/Frameworks/Python.framework/Versions/3.10/lib/python3.10/site-packages/airflow/example_dags/example_dag_decorator.py
[2025-04-14T12:17:14.686-0500] {logging_mixin.py:190} INFO - [2025-04-14T12:17:14.686-0500] {dag.py:3239} INFO - Sync 1 DAGs
[2025-04-14T12:17:14.690-0500] {logging_mixin.py:190} INFO - [2025-04-14T12:17:14.690-0500] {dag.py:4180} INFO - Setting next_dagrun for example_dag_decorator to None, run_after=None
[2025-04-14T12:17:14.695-0500] {processor.py:208} INFO - Processing /Library/Frameworks/Python.framework/Versions/3.10/lib/python3.10/site-packages/airflow/example_dags/example_dag_decorator.py took 0.152 seconds
[2025-04-14T12:19:04.658-0500] {processor.py:186} INFO - Started process (PID=89835) to work on /Library/Frameworks/Python.framework/Versions/3.10/lib/python3.10/site-packages/airflow/example_dags/example_dag_decorator.py
[2025-04-14T12:19:04.659-0500] {processor.py:914} INFO - Processing file /Library/Frameworks/Python.framework/Versions/3.10/lib/python3.10/site-packages/airflow/example_dags/example_dag_decorator.py for tasks to queue
[2025-04-14T12:19:04.659-0500] {logging_mixin.py:190} INFO - [2025-04-14T12:19:04.659-0500] {dagbag.py:588} INFO - Filling up the DagBag from /Library/Frameworks/Python.framework/Versions/3.10/lib/python3.10/site-packages/airflow/example_dags/example_dag_decorator.py
[2025-04-14T12:19:04.730-0500] {processor.py:925} INFO - DAG(s) 'example_dag_decorator' retrieved from /Library/Frameworks/Python.framework/Versions/3.10/lib/python3.10/site-packages/airflow/example_dags/example_dag_decorator.py
[2025-04-14T12:19:04.802-0500] {logging_mixin.py:190} INFO - [2025-04-14T12:19:04.802-0500] {dag.py:3239} INFO - Sync 1 DAGs
[2025-04-14T12:19:04.805-0500] {logging_mixin.py:190} INFO - [2025-04-14T12:19:04.805-0500] {dag.py:4180} INFO - Setting next_dagrun for example_dag_decorator to None, run_after=None
[2025-04-14T12:19:04.810-0500] {processor.py:208} INFO - Processing /Library/Frameworks/Python.framework/Versions/3.10/lib/python3.10/site-packages/airflow/example_dags/example_dag_decorator.py took 0.153 seconds
[2025-04-14T12:20:56.683-0500] {processor.py:186} INFO - Started process (PID=90049) to work on /Library/Frameworks/Python.framework/Versions/3.10/lib/python3.10/site-packages/airflow/example_dags/example_dag_decorator.py
[2025-04-14T12:20:56.684-0500] {processor.py:914} INFO - Processing file /Library/Frameworks/Python.framework/Versions/3.10/lib/python3.10/site-packages/airflow/example_dags/example_dag_decorator.py for tasks to queue
[2025-04-14T12:20:56.684-0500] {logging_mixin.py:190} INFO - [2025-04-14T12:20:56.684-0500] {dagbag.py:588} INFO - Filling up the DagBag from /Library/Frameworks/Python.framework/Versions/3.10/lib/python3.10/site-packages/airflow/example_dags/example_dag_decorator.py
[2025-04-14T12:20:56.750-0500] {processor.py:925} INFO - DAG(s) 'example_dag_decorator' retrieved from /Library/Frameworks/Python.framework/Versions/3.10/lib/python3.10/site-packages/airflow/example_dags/example_dag_decorator.py
[2025-04-14T12:20:56.822-0500] {logging_mixin.py:190} INFO - [2025-04-14T12:20:56.822-0500] {dag.py:3239} INFO - Sync 1 DAGs
[2025-04-14T12:20:56.825-0500] {logging_mixin.py:190} INFO - [2025-04-14T12:20:56.825-0500] {dag.py:4180} INFO - Setting next_dagrun for example_dag_decorator to None, run_after=None
[2025-04-14T12:20:56.830-0500] {processor.py:208} INFO - Processing /Library/Frameworks/Python.framework/Versions/3.10/lib/python3.10/site-packages/airflow/example_dags/example_dag_decorator.py took 0.148 seconds
[2025-04-14T12:22:49.334-0500] {processor.py:186} INFO - Started process (PID=90250) to work on /Library/Frameworks/Python.framework/Versions/3.10/lib/python3.10/site-packages/airflow/example_dags/example_dag_decorator.py
[2025-04-14T12:22:49.334-0500] {processor.py:914} INFO - Processing file /Library/Frameworks/Python.framework/Versions/3.10/lib/python3.10/site-packages/airflow/example_dags/example_dag_decorator.py for tasks to queue
[2025-04-14T12:22:49.335-0500] {logging_mixin.py:190} INFO - [2025-04-14T12:22:49.335-0500] {dagbag.py:588} INFO - Filling up the DagBag from /Library/Frameworks/Python.framework/Versions/3.10/lib/python3.10/site-packages/airflow/example_dags/example_dag_decorator.py
[2025-04-14T12:22:49.401-0500] {processor.py:925} INFO - DAG(s) 'example_dag_decorator' retrieved from /Library/Frameworks/Python.framework/Versions/3.10/lib/python3.10/site-packages/airflow/example_dags/example_dag_decorator.py
[2025-04-14T12:22:49.473-0500] {logging_mixin.py:190} INFO - [2025-04-14T12:22:49.473-0500] {dag.py:3239} INFO - Sync 1 DAGs
[2025-04-14T12:22:49.476-0500] {logging_mixin.py:190} INFO - [2025-04-14T12:22:49.476-0500] {dag.py:4180} INFO - Setting next_dagrun for example_dag_decorator to None, run_after=None
[2025-04-14T12:22:49.482-0500] {processor.py:208} INFO - Processing /Library/Frameworks/Python.framework/Versions/3.10/lib/python3.10/site-packages/airflow/example_dags/example_dag_decorator.py took 0.149 seconds
[2025-04-14T12:24:43.596-0500] {processor.py:186} INFO - Started process (PID=90502) to work on /Library/Frameworks/Python.framework/Versions/3.10/lib/python3.10/site-packages/airflow/example_dags/example_dag_decorator.py
[2025-04-14T12:24:43.597-0500] {processor.py:914} INFO - Processing file /Library/Frameworks/Python.framework/Versions/3.10/lib/python3.10/site-packages/airflow/example_dags/example_dag_decorator.py for tasks to queue
[2025-04-14T12:24:43.598-0500] {logging_mixin.py:190} INFO - [2025-04-14T12:24:43.598-0500] {dagbag.py:588} INFO - Filling up the DagBag from /Library/Frameworks/Python.framework/Versions/3.10/lib/python3.10/site-packages/airflow/example_dags/example_dag_decorator.py
[2025-04-14T12:24:43.674-0500] {processor.py:925} INFO - DAG(s) 'example_dag_decorator' retrieved from /Library/Frameworks/Python.framework/Versions/3.10/lib/python3.10/site-packages/airflow/example_dags/example_dag_decorator.py
[2025-04-14T12:24:43.751-0500] {logging_mixin.py:190} INFO - [2025-04-14T12:24:43.751-0500] {dag.py:3239} INFO - Sync 1 DAGs
[2025-04-14T12:24:43.754-0500] {logging_mixin.py:190} INFO - [2025-04-14T12:24:43.754-0500] {dag.py:4180} INFO - Setting next_dagrun for example_dag_decorator to None, run_after=None
[2025-04-14T12:24:43.760-0500] {processor.py:208} INFO - Processing /Library/Frameworks/Python.framework/Versions/3.10/lib/python3.10/site-packages/airflow/example_dags/example_dag_decorator.py took 0.166 seconds
[2025-04-14T12:26:53.646-0500] {processor.py:186} INFO - Started process (PID=90843) to work on /Library/Frameworks/Python.framework/Versions/3.10/lib/python3.10/site-packages/airflow/example_dags/example_dag_decorator.py
[2025-04-14T12:26:53.647-0500] {processor.py:914} INFO - Processing file /Library/Frameworks/Python.framework/Versions/3.10/lib/python3.10/site-packages/airflow/example_dags/example_dag_decorator.py for tasks to queue
[2025-04-14T12:26:53.647-0500] {logging_mixin.py:190} INFO - [2025-04-14T12:26:53.647-0500] {dagbag.py:588} INFO - Filling up the DagBag from /Library/Frameworks/Python.framework/Versions/3.10/lib/python3.10/site-packages/airflow/example_dags/example_dag_decorator.py
[2025-04-14T12:26:53.712-0500] {processor.py:925} INFO - DAG(s) 'example_dag_decorator' retrieved from /Library/Frameworks/Python.framework/Versions/3.10/lib/python3.10/site-packages/airflow/example_dags/example_dag_decorator.py
[2025-04-14T12:26:53.781-0500] {logging_mixin.py:190} INFO - [2025-04-14T12:26:53.781-0500] {dag.py:3239} INFO - Sync 1 DAGs
[2025-04-14T12:26:53.784-0500] {logging_mixin.py:190} INFO - [2025-04-14T12:26:53.784-0500] {dag.py:4180} INFO - Setting next_dagrun for example_dag_decorator to None, run_after=None
[2025-04-14T12:26:53.790-0500] {processor.py:208} INFO - Processing /Library/Frameworks/Python.framework/Versions/3.10/lib/python3.10/site-packages/airflow/example_dags/example_dag_decorator.py took 0.145 seconds
[2025-04-14T12:28:50.379-0500] {processor.py:186} INFO - Started process (PID=91046) to work on /Library/Frameworks/Python.framework/Versions/3.10/lib/python3.10/site-packages/airflow/example_dags/example_dag_decorator.py
[2025-04-14T12:28:50.380-0500] {processor.py:914} INFO - Processing file /Library/Frameworks/Python.framework/Versions/3.10/lib/python3.10/site-packages/airflow/example_dags/example_dag_decorator.py for tasks to queue
[2025-04-14T12:28:50.380-0500] {logging_mixin.py:190} INFO - [2025-04-14T12:28:50.380-0500] {dagbag.py:588} INFO - Filling up the DagBag from /Library/Frameworks/Python.framework/Versions/3.10/lib/python3.10/site-packages/airflow/example_dags/example_dag_decorator.py
[2025-04-14T12:28:50.446-0500] {processor.py:925} INFO - DAG(s) 'example_dag_decorator' retrieved from /Library/Frameworks/Python.framework/Versions/3.10/lib/python3.10/site-packages/airflow/example_dags/example_dag_decorator.py
[2025-04-14T12:28:50.516-0500] {logging_mixin.py:190} INFO - [2025-04-14T12:28:50.516-0500] {dag.py:3239} INFO - Sync 1 DAGs
[2025-04-14T12:28:50.519-0500] {logging_mixin.py:190} INFO - [2025-04-14T12:28:50.519-0500] {dag.py:4180} INFO - Setting next_dagrun for example_dag_decorator to None, run_after=None
[2025-04-14T12:28:50.524-0500] {processor.py:208} INFO - Processing /Library/Frameworks/Python.framework/Versions/3.10/lib/python3.10/site-packages/airflow/example_dags/example_dag_decorator.py took 0.147 seconds
[2025-04-14T12:30:45.672-0500] {processor.py:186} INFO - Started process (PID=91258) to work on /Library/Frameworks/Python.framework/Versions/3.10/lib/python3.10/site-packages/airflow/example_dags/example_dag_decorator.py
[2025-04-14T12:30:45.673-0500] {processor.py:914} INFO - Processing file /Library/Frameworks/Python.framework/Versions/3.10/lib/python3.10/site-packages/airflow/example_dags/example_dag_decorator.py for tasks to queue
[2025-04-14T12:30:45.674-0500] {logging_mixin.py:190} INFO - [2025-04-14T12:30:45.674-0500] {dagbag.py:588} INFO - Filling up the DagBag from /Library/Frameworks/Python.framework/Versions/3.10/lib/python3.10/site-packages/airflow/example_dags/example_dag_decorator.py
[2025-04-14T12:30:45.739-0500] {processor.py:925} INFO - DAG(s) 'example_dag_decorator' retrieved from /Library/Frameworks/Python.framework/Versions/3.10/lib/python3.10/site-packages/airflow/example_dags/example_dag_decorator.py
[2025-04-14T12:30:45.812-0500] {logging_mixin.py:190} INFO - [2025-04-14T12:30:45.812-0500] {dag.py:3239} INFO - Sync 1 DAGs
[2025-04-14T12:30:45.815-0500] {logging_mixin.py:190} INFO - [2025-04-14T12:30:45.815-0500] {dag.py:4180} INFO - Setting next_dagrun for example_dag_decorator to None, run_after=None
[2025-04-14T12:30:45.820-0500] {processor.py:208} INFO - Processing /Library/Frameworks/Python.framework/Versions/3.10/lib/python3.10/site-packages/airflow/example_dags/example_dag_decorator.py took 0.149 seconds
[2025-04-14T12:32:42.032-0500] {processor.py:186} INFO - Started process (PID=91506) to work on /Library/Frameworks/Python.framework/Versions/3.10/lib/python3.10/site-packages/airflow/example_dags/example_dag_decorator.py
[2025-04-14T12:32:42.033-0500] {processor.py:914} INFO - Processing file /Library/Frameworks/Python.framework/Versions/3.10/lib/python3.10/site-packages/airflow/example_dags/example_dag_decorator.py for tasks to queue
[2025-04-14T12:32:42.033-0500] {logging_mixin.py:190} INFO - [2025-04-14T12:32:42.033-0500] {dagbag.py:588} INFO - Filling up the DagBag from /Library/Frameworks/Python.framework/Versions/3.10/lib/python3.10/site-packages/airflow/example_dags/example_dag_decorator.py
[2025-04-14T12:32:42.099-0500] {processor.py:925} INFO - DAG(s) 'example_dag_decorator' retrieved from /Library/Frameworks/Python.framework/Versions/3.10/lib/python3.10/site-packages/airflow/example_dags/example_dag_decorator.py
[2025-04-14T12:32:42.173-0500] {logging_mixin.py:190} INFO - [2025-04-14T12:32:42.173-0500] {dag.py:3239} INFO - Sync 1 DAGs
[2025-04-14T12:32:42.176-0500] {logging_mixin.py:190} INFO - [2025-04-14T12:32:42.176-0500] {dag.py:4180} INFO - Setting next_dagrun for example_dag_decorator to None, run_after=None
[2025-04-14T12:32:42.182-0500] {processor.py:208} INFO - Processing /Library/Frameworks/Python.framework/Versions/3.10/lib/python3.10/site-packages/airflow/example_dags/example_dag_decorator.py took 0.151 seconds
[2025-04-14T12:34:50.444-0500] {processor.py:186} INFO - Started process (PID=91722) to work on /Library/Frameworks/Python.framework/Versions/3.10/lib/python3.10/site-packages/airflow/example_dags/example_dag_decorator.py
[2025-04-14T12:34:50.444-0500] {processor.py:914} INFO - Processing file /Library/Frameworks/Python.framework/Versions/3.10/lib/python3.10/site-packages/airflow/example_dags/example_dag_decorator.py for tasks to queue
[2025-04-14T12:34:50.445-0500] {logging_mixin.py:190} INFO - [2025-04-14T12:34:50.445-0500] {dagbag.py:588} INFO - Filling up the DagBag from /Library/Frameworks/Python.framework/Versions/3.10/lib/python3.10/site-packages/airflow/example_dags/example_dag_decorator.py
[2025-04-14T12:34:50.510-0500] {processor.py:925} INFO - DAG(s) 'example_dag_decorator' retrieved from /Library/Frameworks/Python.framework/Versions/3.10/lib/python3.10/site-packages/airflow/example_dags/example_dag_decorator.py
[2025-04-14T12:34:50.581-0500] {logging_mixin.py:190} INFO - [2025-04-14T12:34:50.581-0500] {dag.py:3239} INFO - Sync 1 DAGs
[2025-04-14T12:34:50.585-0500] {logging_mixin.py:190} INFO - [2025-04-14T12:34:50.585-0500] {dag.py:4180} INFO - Setting next_dagrun for example_dag_decorator to None, run_after=None
[2025-04-14T12:34:50.590-0500] {processor.py:208} INFO - Processing /Library/Frameworks/Python.framework/Versions/3.10/lib/python3.10/site-packages/airflow/example_dags/example_dag_decorator.py took 0.147 seconds
[2025-04-14T12:36:51.762-0500] {processor.py:186} INFO - Started process (PID=91928) to work on /Library/Frameworks/Python.framework/Versions/3.10/lib/python3.10/site-packages/airflow/example_dags/example_dag_decorator.py
[2025-04-14T12:36:51.763-0500] {processor.py:914} INFO - Processing file /Library/Frameworks/Python.framework/Versions/3.10/lib/python3.10/site-packages/airflow/example_dags/example_dag_decorator.py for tasks to queue
[2025-04-14T12:36:51.764-0500] {logging_mixin.py:190} INFO - [2025-04-14T12:36:51.764-0500] {dagbag.py:588} INFO - Filling up the DagBag from /Library/Frameworks/Python.framework/Versions/3.10/lib/python3.10/site-packages/airflow/example_dags/example_dag_decorator.py
[2025-04-14T12:36:51.829-0500] {processor.py:925} INFO - DAG(s) 'example_dag_decorator' retrieved from /Library/Frameworks/Python.framework/Versions/3.10/lib/python3.10/site-packages/airflow/example_dags/example_dag_decorator.py
[2025-04-14T12:36:51.902-0500] {logging_mixin.py:190} INFO - [2025-04-14T12:36:51.902-0500] {dag.py:3239} INFO - Sync 1 DAGs
[2025-04-14T12:36:51.906-0500] {logging_mixin.py:190} INFO - [2025-04-14T12:36:51.906-0500] {dag.py:4180} INFO - Setting next_dagrun for example_dag_decorator to None, run_after=None
[2025-04-14T12:36:51.911-0500] {processor.py:208} INFO - Processing /Library/Frameworks/Python.framework/Versions/3.10/lib/python3.10/site-packages/airflow/example_dags/example_dag_decorator.py took 0.150 seconds
[2025-04-14T12:38:50.663-0500] {processor.py:186} INFO - Started process (PID=92125) to work on /Library/Frameworks/Python.framework/Versions/3.10/lib/python3.10/site-packages/airflow/example_dags/example_dag_decorator.py
[2025-04-14T12:38:50.666-0500] {processor.py:914} INFO - Processing file /Library/Frameworks/Python.framework/Versions/3.10/lib/python3.10/site-packages/airflow/example_dags/example_dag_decorator.py for tasks to queue
[2025-04-14T12:38:50.666-0500] {logging_mixin.py:190} INFO - [2025-04-14T12:38:50.666-0500] {dagbag.py:588} INFO - Filling up the DagBag from /Library/Frameworks/Python.framework/Versions/3.10/lib/python3.10/site-packages/airflow/example_dags/example_dag_decorator.py
[2025-04-14T12:38:50.733-0500] {processor.py:925} INFO - DAG(s) 'example_dag_decorator' retrieved from /Library/Frameworks/Python.framework/Versions/3.10/lib/python3.10/site-packages/airflow/example_dags/example_dag_decorator.py
[2025-04-14T12:38:50.808-0500] {logging_mixin.py:190} INFO - [2025-04-14T12:38:50.808-0500] {dag.py:3239} INFO - Sync 1 DAGs
[2025-04-14T12:38:50.811-0500] {logging_mixin.py:190} INFO - [2025-04-14T12:38:50.811-0500] {dag.py:4180} INFO - Setting next_dagrun for example_dag_decorator to None, run_after=None
[2025-04-14T12:38:50.817-0500] {processor.py:208} INFO - Processing /Library/Frameworks/Python.framework/Versions/3.10/lib/python3.10/site-packages/airflow/example_dags/example_dag_decorator.py took 0.155 seconds
[2025-04-14T12:40:51.141-0500] {processor.py:186} INFO - Started process (PID=92351) to work on /Library/Frameworks/Python.framework/Versions/3.10/lib/python3.10/site-packages/airflow/example_dags/example_dag_decorator.py
[2025-04-14T12:40:51.142-0500] {processor.py:914} INFO - Processing file /Library/Frameworks/Python.framework/Versions/3.10/lib/python3.10/site-packages/airflow/example_dags/example_dag_decorator.py for tasks to queue
[2025-04-14T12:40:51.143-0500] {logging_mixin.py:190} INFO - [2025-04-14T12:40:51.143-0500] {dagbag.py:588} INFO - Filling up the DagBag from /Library/Frameworks/Python.framework/Versions/3.10/lib/python3.10/site-packages/airflow/example_dags/example_dag_decorator.py
[2025-04-14T12:40:51.210-0500] {processor.py:925} INFO - DAG(s) 'example_dag_decorator' retrieved from /Library/Frameworks/Python.framework/Versions/3.10/lib/python3.10/site-packages/airflow/example_dags/example_dag_decorator.py
[2025-04-14T12:40:51.283-0500] {logging_mixin.py:190} INFO - [2025-04-14T12:40:51.283-0500] {dag.py:3239} INFO - Sync 1 DAGs
[2025-04-14T12:40:51.286-0500] {logging_mixin.py:190} INFO - [2025-04-14T12:40:51.286-0500] {dag.py:4180} INFO - Setting next_dagrun for example_dag_decorator to None, run_after=None
[2025-04-14T12:40:51.292-0500] {processor.py:208} INFO - Processing /Library/Frameworks/Python.framework/Versions/3.10/lib/python3.10/site-packages/airflow/example_dags/example_dag_decorator.py took 0.152 seconds
[2025-04-14T12:42:48.955-0500] {processor.py:186} INFO - Started process (PID=92544) to work on /Library/Frameworks/Python.framework/Versions/3.10/lib/python3.10/site-packages/airflow/example_dags/example_dag_decorator.py
[2025-04-14T12:42:48.955-0500] {processor.py:914} INFO - Processing file /Library/Frameworks/Python.framework/Versions/3.10/lib/python3.10/site-packages/airflow/example_dags/example_dag_decorator.py for tasks to queue
[2025-04-14T12:42:48.956-0500] {logging_mixin.py:190} INFO - [2025-04-14T12:42:48.956-0500] {dagbag.py:588} INFO - Filling up the DagBag from /Library/Frameworks/Python.framework/Versions/3.10/lib/python3.10/site-packages/airflow/example_dags/example_dag_decorator.py
[2025-04-14T12:42:49.023-0500] {processor.py:925} INFO - DAG(s) 'example_dag_decorator' retrieved from /Library/Frameworks/Python.framework/Versions/3.10/lib/python3.10/site-packages/airflow/example_dags/example_dag_decorator.py
[2025-04-14T12:42:49.095-0500] {logging_mixin.py:190} INFO - [2025-04-14T12:42:49.094-0500] {dag.py:3239} INFO - Sync 1 DAGs
[2025-04-14T12:42:49.098-0500] {logging_mixin.py:190} INFO - [2025-04-14T12:42:49.098-0500] {dag.py:4180} INFO - Setting next_dagrun for example_dag_decorator to None, run_after=None
[2025-04-14T12:42:49.103-0500] {processor.py:208} INFO - Processing /Library/Frameworks/Python.framework/Versions/3.10/lib/python3.10/site-packages/airflow/example_dags/example_dag_decorator.py took 0.150 seconds
[2025-04-14T12:44:46.210-0500] {processor.py:186} INFO - Started process (PID=92745) to work on /Library/Frameworks/Python.framework/Versions/3.10/lib/python3.10/site-packages/airflow/example_dags/example_dag_decorator.py
[2025-04-14T12:44:46.211-0500] {processor.py:914} INFO - Processing file /Library/Frameworks/Python.framework/Versions/3.10/lib/python3.10/site-packages/airflow/example_dags/example_dag_decorator.py for tasks to queue
[2025-04-14T12:44:46.211-0500] {logging_mixin.py:190} INFO - [2025-04-14T12:44:46.211-0500] {dagbag.py:588} INFO - Filling up the DagBag from /Library/Frameworks/Python.framework/Versions/3.10/lib/python3.10/site-packages/airflow/example_dags/example_dag_decorator.py
[2025-04-14T12:44:46.284-0500] {processor.py:925} INFO - DAG(s) 'example_dag_decorator' retrieved from /Library/Frameworks/Python.framework/Versions/3.10/lib/python3.10/site-packages/airflow/example_dags/example_dag_decorator.py
[2025-04-14T12:44:46.358-0500] {logging_mixin.py:190} INFO - [2025-04-14T12:44:46.358-0500] {dag.py:3239} INFO - Sync 1 DAGs
[2025-04-14T12:44:46.361-0500] {logging_mixin.py:190} INFO - [2025-04-14T12:44:46.361-0500] {dag.py:4180} INFO - Setting next_dagrun for example_dag_decorator to None, run_after=None
[2025-04-14T12:44:46.367-0500] {processor.py:208} INFO - Processing /Library/Frameworks/Python.framework/Versions/3.10/lib/python3.10/site-packages/airflow/example_dags/example_dag_decorator.py took 0.158 seconds
[2025-04-14T12:46:43.322-0500] {processor.py:186} INFO - Started process (PID=92931) to work on /Library/Frameworks/Python.framework/Versions/3.10/lib/python3.10/site-packages/airflow/example_dags/example_dag_decorator.py
[2025-04-14T12:46:43.322-0500] {processor.py:914} INFO - Processing file /Library/Frameworks/Python.framework/Versions/3.10/lib/python3.10/site-packages/airflow/example_dags/example_dag_decorator.py for tasks to queue
[2025-04-14T12:46:43.323-0500] {logging_mixin.py:190} INFO - [2025-04-14T12:46:43.322-0500] {dagbag.py:588} INFO - Filling up the DagBag from /Library/Frameworks/Python.framework/Versions/3.10/lib/python3.10/site-packages/airflow/example_dags/example_dag_decorator.py
[2025-04-14T12:46:43.390-0500] {processor.py:925} INFO - DAG(s) 'example_dag_decorator' retrieved from /Library/Frameworks/Python.framework/Versions/3.10/lib/python3.10/site-packages/airflow/example_dags/example_dag_decorator.py
[2025-04-14T12:46:43.464-0500] {logging_mixin.py:190} INFO - [2025-04-14T12:46:43.464-0500] {dag.py:3239} INFO - Sync 1 DAGs
[2025-04-14T12:46:43.467-0500] {logging_mixin.py:190} INFO - [2025-04-14T12:46:43.467-0500] {dag.py:4180} INFO - Setting next_dagrun for example_dag_decorator to None, run_after=None
[2025-04-14T12:46:43.473-0500] {processor.py:208} INFO - Processing /Library/Frameworks/Python.framework/Versions/3.10/lib/python3.10/site-packages/airflow/example_dags/example_dag_decorator.py took 0.153 seconds
[2025-04-14T12:48:38.408-0500] {processor.py:186} INFO - Started process (PID=93139) to work on /Library/Frameworks/Python.framework/Versions/3.10/lib/python3.10/site-packages/airflow/example_dags/example_dag_decorator.py
[2025-04-14T12:48:38.409-0500] {processor.py:914} INFO - Processing file /Library/Frameworks/Python.framework/Versions/3.10/lib/python3.10/site-packages/airflow/example_dags/example_dag_decorator.py for tasks to queue
[2025-04-14T12:48:38.409-0500] {logging_mixin.py:190} INFO - [2025-04-14T12:48:38.409-0500] {dagbag.py:588} INFO - Filling up the DagBag from /Library/Frameworks/Python.framework/Versions/3.10/lib/python3.10/site-packages/airflow/example_dags/example_dag_decorator.py
[2025-04-14T12:48:38.475-0500] {processor.py:925} INFO - DAG(s) 'example_dag_decorator' retrieved from /Library/Frameworks/Python.framework/Versions/3.10/lib/python3.10/site-packages/airflow/example_dags/example_dag_decorator.py
[2025-04-14T12:48:38.547-0500] {logging_mixin.py:190} INFO - [2025-04-14T12:48:38.547-0500] {dag.py:3239} INFO - Sync 1 DAGs
[2025-04-14T12:48:38.550-0500] {logging_mixin.py:190} INFO - [2025-04-14T12:48:38.550-0500] {dag.py:4180} INFO - Setting next_dagrun for example_dag_decorator to None, run_after=None
[2025-04-14T12:48:38.555-0500] {processor.py:208} INFO - Processing /Library/Frameworks/Python.framework/Versions/3.10/lib/python3.10/site-packages/airflow/example_dags/example_dag_decorator.py took 0.149 seconds
[2025-04-14T12:50:32.625-0500] {processor.py:186} INFO - Started process (PID=93334) to work on /Library/Frameworks/Python.framework/Versions/3.10/lib/python3.10/site-packages/airflow/example_dags/example_dag_decorator.py
[2025-04-14T12:50:32.625-0500] {processor.py:914} INFO - Processing file /Library/Frameworks/Python.framework/Versions/3.10/lib/python3.10/site-packages/airflow/example_dags/example_dag_decorator.py for tasks to queue
[2025-04-14T12:50:32.626-0500] {logging_mixin.py:190} INFO - [2025-04-14T12:50:32.626-0500] {dagbag.py:588} INFO - Filling up the DagBag from /Library/Frameworks/Python.framework/Versions/3.10/lib/python3.10/site-packages/airflow/example_dags/example_dag_decorator.py
[2025-04-14T12:50:32.692-0500] {processor.py:925} INFO - DAG(s) 'example_dag_decorator' retrieved from /Library/Frameworks/Python.framework/Versions/3.10/lib/python3.10/site-packages/airflow/example_dags/example_dag_decorator.py
[2025-04-14T12:50:32.763-0500] {logging_mixin.py:190} INFO - [2025-04-14T12:50:32.763-0500] {dag.py:3239} INFO - Sync 1 DAGs
[2025-04-14T12:50:32.766-0500] {logging_mixin.py:190} INFO - [2025-04-14T12:50:32.766-0500] {dag.py:4180} INFO - Setting next_dagrun for example_dag_decorator to None, run_after=None
[2025-04-14T12:50:32.772-0500] {processor.py:208} INFO - Processing /Library/Frameworks/Python.framework/Versions/3.10/lib/python3.10/site-packages/airflow/example_dags/example_dag_decorator.py took 0.148 seconds
[2025-04-14T12:52:26.767-0500] {processor.py:186} INFO - Started process (PID=93528) to work on /Library/Frameworks/Python.framework/Versions/3.10/lib/python3.10/site-packages/airflow/example_dags/example_dag_decorator.py
[2025-04-14T12:52:26.768-0500] {processor.py:914} INFO - Processing file /Library/Frameworks/Python.framework/Versions/3.10/lib/python3.10/site-packages/airflow/example_dags/example_dag_decorator.py for tasks to queue
[2025-04-14T12:52:26.768-0500] {logging_mixin.py:190} INFO - [2025-04-14T12:52:26.768-0500] {dagbag.py:588} INFO - Filling up the DagBag from /Library/Frameworks/Python.framework/Versions/3.10/lib/python3.10/site-packages/airflow/example_dags/example_dag_decorator.py
[2025-04-14T12:52:26.835-0500] {processor.py:925} INFO - DAG(s) 'example_dag_decorator' retrieved from /Library/Frameworks/Python.framework/Versions/3.10/lib/python3.10/site-packages/airflow/example_dags/example_dag_decorator.py
[2025-04-14T12:52:26.907-0500] {logging_mixin.py:190} INFO - [2025-04-14T12:52:26.907-0500] {dag.py:3239} INFO - Sync 1 DAGs
[2025-04-14T12:52:26.910-0500] {logging_mixin.py:190} INFO - [2025-04-14T12:52:26.910-0500] {dag.py:4180} INFO - Setting next_dagrun for example_dag_decorator to None, run_after=None
[2025-04-14T12:52:26.916-0500] {processor.py:208} INFO - Processing /Library/Frameworks/Python.framework/Versions/3.10/lib/python3.10/site-packages/airflow/example_dags/example_dag_decorator.py took 0.150 seconds
[2025-04-14T12:54:22.080-0500] {processor.py:186} INFO - Started process (PID=93747) to work on /Library/Frameworks/Python.framework/Versions/3.10/lib/python3.10/site-packages/airflow/example_dags/example_dag_decorator.py
[2025-04-14T12:54:22.081-0500] {processor.py:914} INFO - Processing file /Library/Frameworks/Python.framework/Versions/3.10/lib/python3.10/site-packages/airflow/example_dags/example_dag_decorator.py for tasks to queue
[2025-04-14T12:54:22.081-0500] {logging_mixin.py:190} INFO - [2025-04-14T12:54:22.081-0500] {dagbag.py:588} INFO - Filling up the DagBag from /Library/Frameworks/Python.framework/Versions/3.10/lib/python3.10/site-packages/airflow/example_dags/example_dag_decorator.py
[2025-04-14T12:54:22.148-0500] {processor.py:925} INFO - DAG(s) 'example_dag_decorator' retrieved from /Library/Frameworks/Python.framework/Versions/3.10/lib/python3.10/site-packages/airflow/example_dags/example_dag_decorator.py
[2025-04-14T12:54:22.222-0500] {logging_mixin.py:190} INFO - [2025-04-14T12:54:22.222-0500] {dag.py:3239} INFO - Sync 1 DAGs
[2025-04-14T12:54:22.225-0500] {logging_mixin.py:190} INFO - [2025-04-14T12:54:22.225-0500] {dag.py:4180} INFO - Setting next_dagrun for example_dag_decorator to None, run_after=None
[2025-04-14T12:54:22.231-0500] {processor.py:208} INFO - Processing /Library/Frameworks/Python.framework/Versions/3.10/lib/python3.10/site-packages/airflow/example_dags/example_dag_decorator.py took 0.152 seconds
[2025-04-14T12:56:10.257-0500] {processor.py:186} INFO - Started process (PID=93924) to work on /Library/Frameworks/Python.framework/Versions/3.10/lib/python3.10/site-packages/airflow/example_dags/example_dag_decorator.py
[2025-04-14T12:56:10.258-0500] {processor.py:914} INFO - Processing file /Library/Frameworks/Python.framework/Versions/3.10/lib/python3.10/site-packages/airflow/example_dags/example_dag_decorator.py for tasks to queue
[2025-04-14T12:56:10.258-0500] {logging_mixin.py:190} INFO - [2025-04-14T12:56:10.258-0500] {dagbag.py:588} INFO - Filling up the DagBag from /Library/Frameworks/Python.framework/Versions/3.10/lib/python3.10/site-packages/airflow/example_dags/example_dag_decorator.py
[2025-04-14T12:56:10.326-0500] {processor.py:925} INFO - DAG(s) 'example_dag_decorator' retrieved from /Library/Frameworks/Python.framework/Versions/3.10/lib/python3.10/site-packages/airflow/example_dags/example_dag_decorator.py
[2025-04-14T12:56:10.397-0500] {logging_mixin.py:190} INFO - [2025-04-14T12:56:10.397-0500] {dag.py:3239} INFO - Sync 1 DAGs
[2025-04-14T12:56:10.401-0500] {logging_mixin.py:190} INFO - [2025-04-14T12:56:10.401-0500] {dag.py:4180} INFO - Setting next_dagrun for example_dag_decorator to None, run_after=None
[2025-04-14T12:56:10.406-0500] {processor.py:208} INFO - Processing /Library/Frameworks/Python.framework/Versions/3.10/lib/python3.10/site-packages/airflow/example_dags/example_dag_decorator.py took 0.150 seconds
[2025-04-14T12:58:01.590-0500] {processor.py:186} INFO - Started process (PID=94119) to work on /Library/Frameworks/Python.framework/Versions/3.10/lib/python3.10/site-packages/airflow/example_dags/example_dag_decorator.py
[2025-04-14T12:58:01.591-0500] {processor.py:914} INFO - Processing file /Library/Frameworks/Python.framework/Versions/3.10/lib/python3.10/site-packages/airflow/example_dags/example_dag_decorator.py for tasks to queue
[2025-04-14T12:58:01.591-0500] {logging_mixin.py:190} INFO - [2025-04-14T12:58:01.591-0500] {dagbag.py:588} INFO - Filling up the DagBag from /Library/Frameworks/Python.framework/Versions/3.10/lib/python3.10/site-packages/airflow/example_dags/example_dag_decorator.py
[2025-04-14T12:58:01.659-0500] {processor.py:925} INFO - DAG(s) 'example_dag_decorator' retrieved from /Library/Frameworks/Python.framework/Versions/3.10/lib/python3.10/site-packages/airflow/example_dags/example_dag_decorator.py
[2025-04-14T12:58:01.729-0500] {logging_mixin.py:190} INFO - [2025-04-14T12:58:01.729-0500] {dag.py:3239} INFO - Sync 1 DAGs
[2025-04-14T12:58:01.733-0500] {logging_mixin.py:190} INFO - [2025-04-14T12:58:01.733-0500] {dag.py:4180} INFO - Setting next_dagrun for example_dag_decorator to None, run_after=None
[2025-04-14T12:58:01.739-0500] {processor.py:208} INFO - Processing /Library/Frameworks/Python.framework/Versions/3.10/lib/python3.10/site-packages/airflow/example_dags/example_dag_decorator.py took 0.151 seconds
[2025-04-14T13:32:25.281-0500] {processor.py:186} INFO - Started process (PID=94363) to work on /Library/Frameworks/Python.framework/Versions/3.10/lib/python3.10/site-packages/airflow/example_dags/example_dag_decorator.py
[2025-04-14T13:32:25.282-0500] {processor.py:914} INFO - Processing file /Library/Frameworks/Python.framework/Versions/3.10/lib/python3.10/site-packages/airflow/example_dags/example_dag_decorator.py for tasks to queue
[2025-04-14T13:32:25.282-0500] {logging_mixin.py:190} INFO - [2025-04-14T13:32:25.282-0500] {dagbag.py:588} INFO - Filling up the DagBag from /Library/Frameworks/Python.framework/Versions/3.10/lib/python3.10/site-packages/airflow/example_dags/example_dag_decorator.py
[2025-04-14T13:32:25.347-0500] {processor.py:925} INFO - DAG(s) 'example_dag_decorator' retrieved from /Library/Frameworks/Python.framework/Versions/3.10/lib/python3.10/site-packages/airflow/example_dags/example_dag_decorator.py
[2025-04-14T13:32:25.421-0500] {logging_mixin.py:190} INFO - [2025-04-14T13:32:25.421-0500] {dag.py:3239} INFO - Sync 1 DAGs
[2025-04-14T13:32:25.425-0500] {logging_mixin.py:190} INFO - [2025-04-14T13:32:25.425-0500] {dag.py:4180} INFO - Setting next_dagrun for example_dag_decorator to None, run_after=None
[2025-04-14T13:32:25.431-0500] {processor.py:208} INFO - Processing /Library/Frameworks/Python.framework/Versions/3.10/lib/python3.10/site-packages/airflow/example_dags/example_dag_decorator.py took 0.150 seconds
[2025-04-14T14:44:20.980-0500] {processor.py:186} INFO - Started process (PID=94767) to work on /Library/Frameworks/Python.framework/Versions/3.10/lib/python3.10/site-packages/airflow/example_dags/example_dag_decorator.py
[2025-04-14T14:44:20.981-0500] {processor.py:914} INFO - Processing file /Library/Frameworks/Python.framework/Versions/3.10/lib/python3.10/site-packages/airflow/example_dags/example_dag_decorator.py for tasks to queue
[2025-04-14T14:44:20.982-0500] {logging_mixin.py:190} INFO - [2025-04-14T14:44:20.982-0500] {dagbag.py:588} INFO - Filling up the DagBag from /Library/Frameworks/Python.framework/Versions/3.10/lib/python3.10/site-packages/airflow/example_dags/example_dag_decorator.py
[2025-04-14T14:44:21.045-0500] {processor.py:925} INFO - DAG(s) 'example_dag_decorator' retrieved from /Library/Frameworks/Python.framework/Versions/3.10/lib/python3.10/site-packages/airflow/example_dags/example_dag_decorator.py
[2025-04-14T14:44:21.112-0500] {logging_mixin.py:190} INFO - [2025-04-14T14:44:21.112-0500] {dag.py:3239} INFO - Sync 1 DAGs
[2025-04-14T14:44:21.116-0500] {logging_mixin.py:190} INFO - [2025-04-14T14:44:21.115-0500] {dag.py:4180} INFO - Setting next_dagrun for example_dag_decorator to None, run_after=None
[2025-04-14T14:44:21.121-0500] {processor.py:208} INFO - Processing /Library/Frameworks/Python.framework/Versions/3.10/lib/python3.10/site-packages/airflow/example_dags/example_dag_decorator.py took 0.142 seconds
[2025-04-14T14:59:05.415-0500] {processor.py:186} INFO - Started process (PID=95032) to work on /Library/Frameworks/Python.framework/Versions/3.10/lib/python3.10/site-packages/airflow/example_dags/example_dag_decorator.py
[2025-04-14T14:59:05.416-0500] {processor.py:914} INFO - Processing file /Library/Frameworks/Python.framework/Versions/3.10/lib/python3.10/site-packages/airflow/example_dags/example_dag_decorator.py for tasks to queue
[2025-04-14T14:59:05.416-0500] {logging_mixin.py:190} INFO - [2025-04-14T14:59:05.416-0500] {dagbag.py:588} INFO - Filling up the DagBag from /Library/Frameworks/Python.framework/Versions/3.10/lib/python3.10/site-packages/airflow/example_dags/example_dag_decorator.py
[2025-04-14T14:59:05.482-0500] {processor.py:925} INFO - DAG(s) 'example_dag_decorator' retrieved from /Library/Frameworks/Python.framework/Versions/3.10/lib/python3.10/site-packages/airflow/example_dags/example_dag_decorator.py
[2025-04-14T14:59:05.549-0500] {logging_mixin.py:190} INFO - [2025-04-14T14:59:05.549-0500] {dag.py:3239} INFO - Sync 1 DAGs
[2025-04-14T14:59:05.552-0500] {logging_mixin.py:190} INFO - [2025-04-14T14:59:05.552-0500] {dag.py:4180} INFO - Setting next_dagrun for example_dag_decorator to None, run_after=None
[2025-04-14T14:59:05.557-0500] {processor.py:208} INFO - Processing /Library/Frameworks/Python.framework/Versions/3.10/lib/python3.10/site-packages/airflow/example_dags/example_dag_decorator.py took 0.144 seconds
