[2025-04-17T02:10:13.446-0500] {local_task_job_runner.py:123} INFO - ::group::Pre task execution logs
[2025-04-17T02:10:13.449-0500] {taskinstance.py:2614} INFO - Dependencies all met for dep_context=non-requeueable deps ti=<TaskInstance: multi_city_weather_pipeline.fetch_weather_for_all_cities scheduled__2025-04-17T06:00:00+00:00 [queued]>
[2025-04-17T02:10:13.451-0500] {taskinstance.py:2614} INFO - Dependencies all met for dep_context=requeueable deps ti=<TaskInstance: multi_city_weather_pipeline.fetch_weather_for_all_cities scheduled__2025-04-17T06:00:00+00:00 [queued]>
[2025-04-17T02:10:13.451-0500] {taskinstance.py:2867} INFO - Starting attempt 1 of 2
[2025-04-17T02:10:13.455-0500] {taskinstance.py:2890} INFO - Executing <Task(PythonOperator): fetch_weather_for_all_cities> on 2025-04-17 06:00:00+00:00
[2025-04-17T02:10:13.458-0500] {standard_task_runner.py:72} INFO - Started process 53088 to run task
[2025-04-17T02:10:13.461-0500] {standard_task_runner.py:104} INFO - Running: ['airflow', 'tasks', 'run', 'multi_city_weather_pipeline', 'fetch_weather_for_all_cities', 'scheduled__2025-04-17T06:00:00+00:00', '--job-id', '137', '--raw', '--subdir', 'DAGS_FOLDER/weather_pipeline_dag.py', '--cfg-path', '/var/folders/4n/q_76d_d57mb9q1qtrf4mvh940000gn/T/tmprhu83822']
[2025-04-17T02:10:13.462-0500] {standard_task_runner.py:105} INFO - Job 137: Subtask fetch_weather_for_all_cities
[2025-04-17T02:10:13.479-0500] {task_command.py:467} INFO - Running <TaskInstance: multi_city_weather_pipeline.fetch_weather_for_all_cities scheduled__2025-04-17T06:00:00+00:00 [running]> on host ramyas-air.lan
[2025-04-17T02:10:13.499-0500] {taskinstance.py:3134} INFO - Exporting env vars: AIRFLOW_CTX_DAG_OWNER='airflow' AIRFLOW_CTX_DAG_ID='multi_city_weather_pipeline' AIRFLOW_CTX_TASK_ID='fetch_weather_for_all_cities' AIRFLOW_CTX_EXECUTION_DATE='2025-04-17T06:00:00+00:00' AIRFLOW_CTX_TRY_NUMBER='1' AIRFLOW_CTX_DAG_RUN_ID='scheduled__2025-04-17T06:00:00+00:00'
[2025-04-17T02:10:13.499-0500] {logging_mixin.py:190} INFO - Task instance is in running state
[2025-04-17T02:10:13.500-0500] {logging_mixin.py:190} INFO -  Previous state of the Task instance: queued
[2025-04-17T02:10:13.500-0500] {logging_mixin.py:190} INFO - Current task name:fetch_weather_for_all_cities state:running start_date:2025-04-17 07:10:13.449687+00:00
[2025-04-17T02:10:13.500-0500] {logging_mixin.py:190} INFO - Dag name:multi_city_weather_pipeline and current dag run status:running
[2025-04-17T02:10:13.500-0500] {taskinstance.py:732} INFO - ::endgroup::
[2025-04-17T02:10:13.796-0500] {logging_mixin.py:190} INFO - Dallas: 20.61°C, clear sky
[2025-04-17T02:10:15.291-0500] {logging_mixin.py:190} INFO - Saved Dallas to DB.
[2025-04-17T02:10:15.510-0500] {logging_mixin.py:190} INFO - New York: 6.7°C, scattered clouds
[2025-04-17T02:10:15.740-0500] {logging_mixin.py:190} INFO - Saved New York to DB.
[2025-04-17T02:26:58.896-0500] {logging_mixin.py:190} INFO - London: 7.02°C, clear sky
[2025-04-17T02:26:59.320-0500] {logging_mixin.py:190} INFO - Saved London to DB.
[2025-04-17T02:26:59.643-0500] {logging_mixin.py:190} INFO - Tokyo: 24.08°C, few clouds
[2025-04-17T02:26:59.674-0500] {logging_mixin.py:190} INFO - Saved Tokyo to DB.
[2025-04-17T02:26:59.887-0500] {logging_mixin.py:190} INFO - Bengaluru: 30.79°C, clear sky
[2025-04-17T02:27:00.125-0500] {logging_mixin.py:190} INFO - Saved Bengaluru to DB.
[2025-04-17T02:27:00.333-0500] {logging_mixin.py:190} INFO - San Francisco: 11.87°C, broken clouds
[2025-04-17T02:27:00.561-0500] {job.py:229} INFO - Heartbeat recovered after 1007.17 seconds
[2025-04-17T02:27:00.895-0500] {logging_mixin.py:190} INFO - Saved San Francisco to DB.
[2025-04-17T02:27:01.102-0500] {logging_mixin.py:190} INFO - Chicago: 4.93°C, broken clouds
[2025-04-17T02:27:01.577-0500] {logging_mixin.py:190} INFO - Saved Chicago to DB.
[2025-04-17T02:27:01.856-0500] {logging_mixin.py:190} INFO - Berlin: 17.77°C, clear sky
[2025-04-17T02:27:02.167-0500] {logging_mixin.py:190} INFO - Saved Berlin to DB.
[2025-04-17T02:27:02.341-0500] {logging_mixin.py:190} INFO - Sydney: 20.76°C, broken clouds
[2025-04-17T02:27:02.383-0500] {logging_mixin.py:190} INFO - Saved Sydney to DB.
[2025-04-17T02:27:02.561-0500] {logging_mixin.py:190} INFO - Toronto: 0.48°C, clear sky
[2025-04-17T02:27:02.923-0500] {logging_mixin.py:190} INFO - Saved Toronto to DB.
[2025-04-17T02:27:03.135-0500] {logging_mixin.py:190} INFO - Mumbai: 31.99°C, haze
[2025-04-17T02:27:03.561-0500] {logging_mixin.py:190} INFO - Saved Mumbai to DB.
[2025-04-17T02:27:03.769-0500] {logging_mixin.py:190} INFO - Cape Town: 19.36°C, clear sky
[2025-04-17T02:27:03.934-0500] {logging_mixin.py:190} INFO - Saved Cape Town to DB.
[2025-04-17T02:27:04.003-0500] {logging_mixin.py:190} INFO - ✅ Excel report saved: /Users/Ramya_Rangaraju/Data_engineering_projects/weather_pipeline/scripts/../reports/weather_report_2025-04-17.xlsx
[2025-04-17T02:27:04.003-0500] {python.py:240} INFO - Done. Returned value was: None
[2025-04-17T02:27:04.011-0500] {taskinstance.py:341} INFO - ::group::Post task execution logs
[2025-04-17T02:27:04.011-0500] {taskinstance.py:353} INFO - Marking task as SUCCESS. dag_id=multi_city_weather_pipeline, task_id=fetch_weather_for_all_cities, run_id=scheduled__2025-04-17T06:00:00+00:00, execution_date=20250417T060000, start_date=20250417T071013, end_date=20250417T072704
[2025-04-17T02:27:04.017-0500] {logging_mixin.py:190} INFO - Task instance in success state
[2025-04-17T02:27:04.017-0500] {logging_mixin.py:190} INFO -  Previous state of the Task instance: running
[2025-04-17T02:27:04.018-0500] {logging_mixin.py:190} INFO - Dag name:multi_city_weather_pipeline queued_at:2025-04-17 07:10:05.789280+00:00
[2025-04-17T02:27:04.018-0500] {logging_mixin.py:190} INFO - Task hostname:ramyas-air.lan operator:PythonOperator
[2025-04-17T02:27:04.061-0500] {local_task_job_runner.py:266} INFO - Task exited with return code 0
[2025-04-17T02:27:04.068-0500] {taskinstance.py:3901} INFO - 0 downstream tasks scheduled from follow-on schedule check
[2025-04-17T02:27:04.068-0500] {local_task_job_runner.py:245} INFO - ::endgroup::
