[2025-04-16T13:52:41.796-0500] {local_task_job_runner.py:123} INFO - ::group::Pre task execution logs
[2025-04-16T13:52:41.799-0500] {taskinstance.py:2614} INFO - Dependencies all met for dep_context=non-requeueable deps ti=<TaskInstance: multi_city_weather_pipeline.fetch_weather_for_all_cities manual__2025-04-16T18:52:32.977990+00:00 [queued]>
[2025-04-16T13:52:41.801-0500] {taskinstance.py:2614} INFO - Dependencies all met for dep_context=requeueable deps ti=<TaskInstance: multi_city_weather_pipeline.fetch_weather_for_all_cities manual__2025-04-16T18:52:32.977990+00:00 [queued]>
[2025-04-16T13:52:41.801-0500] {taskinstance.py:2867} INFO - Starting attempt 1 of 2
[2025-04-16T13:52:41.806-0500] {taskinstance.py:2890} INFO - Executing <Task(PythonOperator): fetch_weather_for_all_cities> on 2025-04-16 18:52:32.977990+00:00
[2025-04-16T13:52:41.809-0500] {standard_task_runner.py:72} INFO - Started process 23497 to run task
[2025-04-16T13:52:41.812-0500] {standard_task_runner.py:104} INFO - Running: ['airflow', 'tasks', 'run', 'multi_city_weather_pipeline', 'fetch_weather_for_all_cities', 'manual__2025-04-16T18:52:32.977990+00:00', '--job-id', '119', '--raw', '--subdir', 'DAGS_FOLDER/weather_pipeline_dag.py', '--cfg-path', '/var/folders/4n/q_76d_d57mb9q1qtrf4mvh940000gn/T/tmposy3uljb']
[2025-04-16T13:52:41.813-0500] {standard_task_runner.py:105} INFO - Job 119: Subtask fetch_weather_for_all_cities
[2025-04-16T13:52:41.827-0500] {task_command.py:467} INFO - Running <TaskInstance: multi_city_weather_pipeline.fetch_weather_for_all_cities manual__2025-04-16T18:52:32.977990+00:00 [running]> on host ramyas-macbook-air.local
[2025-04-16T13:52:41.847-0500] {taskinstance.py:3134} INFO - Exporting env vars: AIRFLOW_CTX_DAG_OWNER='airflow' AIRFLOW_CTX_DAG_ID='multi_city_weather_pipeline' AIRFLOW_CTX_TASK_ID='fetch_weather_for_all_cities' AIRFLOW_CTX_EXECUTION_DATE='2025-04-16T18:52:32.977990+00:00' AIRFLOW_CTX_TRY_NUMBER='1' AIRFLOW_CTX_DAG_RUN_ID='manual__2025-04-16T18:52:32.977990+00:00'
[2025-04-16T13:52:41.848-0500] {logging_mixin.py:190} INFO - Task instance is in running state
[2025-04-16T13:52:41.848-0500] {logging_mixin.py:190} INFO -  Previous state of the Task instance: queued
[2025-04-16T13:52:41.848-0500] {logging_mixin.py:190} INFO - Current task name:fetch_weather_for_all_cities state:running start_date:2025-04-16 18:52:41.799995+00:00
[2025-04-16T13:52:41.849-0500] {logging_mixin.py:190} INFO - Dag name:multi_city_weather_pipeline and current dag run status:running
[2025-04-16T13:52:41.849-0500] {taskinstance.py:732} INFO - ::endgroup::
[2025-04-16T13:52:42.208-0500] {logging_mixin.py:190} INFO - Dallas: 26.39°C, scattered clouds
[2025-04-16T13:52:44.283-0500] {logging_mixin.py:190} INFO - Saved Dallas to DB.
[2025-04-16T13:52:44.467-0500] {logging_mixin.py:190} INFO - New York: 9.84°C, overcast clouds
[2025-04-16T13:52:45.015-0500] {logging_mixin.py:190} INFO - Saved New York to DB.
[2025-04-16T13:52:45.229-0500] {logging_mixin.py:190} INFO - London: 12.26°C, clear sky
[2025-04-16T13:52:45.534-0500] {logging_mixin.py:190} INFO - Saved London to DB.
[2025-04-16T13:52:45.749-0500] {logging_mixin.py:190} INFO - Tokyo: 13.51°C, clear sky
[2025-04-16T13:52:45.892-0500] {logging_mixin.py:190} INFO - Saved Tokyo to DB.
[2025-04-16T13:52:46.075-0500] {logging_mixin.py:190} INFO - Bengaluru: 21.8°C, scattered clouds
[2025-04-16T13:52:46.394-0500] {logging_mixin.py:190} INFO - Saved Bengaluru to DB.
[2025-04-16T13:52:46.652-0500] {logging_mixin.py:190} INFO - San Francisco: 14.69°C, scattered clouds
[2025-04-16T13:52:46.783-0500] {logging_mixin.py:190} INFO - Saved San Francisco to DB.
[2025-04-16T13:52:46.972-0500] {logging_mixin.py:190} INFO - Chicago: 8.3°C, broken clouds
[2025-04-16T13:52:47.224-0500] {logging_mixin.py:190} INFO - Saved Chicago to DB.
[2025-04-16T13:52:47.431-0500] {logging_mixin.py:190} INFO - Berlin: 21.81°C, clear sky
[2025-04-16T13:52:47.550-0500] {logging_mixin.py:190} INFO - Saved Berlin to DB.
[2025-04-16T13:52:47.748-0500] {logging_mixin.py:190} INFO - Sydney: 15.73°C, light intensity shower rain
[2025-04-16T13:52:48.041-0500] {logging_mixin.py:190} INFO - Saved Sydney to DB.
[2025-04-16T13:52:48.224-0500] {logging_mixin.py:190} INFO - Toronto: 4.9°C, overcast clouds
[2025-04-16T13:52:48.368-0500] {logging_mixin.py:190} INFO - Saved Toronto to DB.
[2025-04-16T13:52:48.584-0500] {logging_mixin.py:190} INFO - Mumbai: 27.85°C, clear sky
[2025-04-16T13:52:48.879-0500] {logging_mixin.py:190} INFO - Saved Mumbai to DB.
[2025-04-16T13:52:49.095-0500] {logging_mixin.py:190} INFO - Cape Town: 18.5°C, clear sky
[2025-04-16T13:52:49.188-0500] {logging_mixin.py:190} INFO - Saved Cape Town to DB.
[2025-04-16T13:52:49.275-0500] {logging_mixin.py:190} INFO - ✅ Excel report saved: /Users/Ramya_Rangaraju/Data_engineering_projects/weather_pipeline/scripts/../reports/weather_report_2025-04-16.xlsx
[2025-04-16T13:52:49.276-0500] {python.py:240} INFO - Done. Returned value was: None
[2025-04-16T13:52:49.278-0500] {taskinstance.py:341} INFO - ::group::Post task execution logs
[2025-04-16T13:52:49.278-0500] {taskinstance.py:353} INFO - Marking task as SUCCESS. dag_id=multi_city_weather_pipeline, task_id=fetch_weather_for_all_cities, run_id=manual__2025-04-16T18:52:32.977990+00:00, execution_date=20250416T185232, start_date=20250416T185241, end_date=20250416T185249
[2025-04-16T13:52:49.284-0500] {logging_mixin.py:190} INFO - Task instance in success state
[2025-04-16T13:52:49.285-0500] {logging_mixin.py:190} INFO -  Previous state of the Task instance: running
[2025-04-16T13:52:49.285-0500] {logging_mixin.py:190} INFO - Dag name:multi_city_weather_pipeline queued_at:2025-04-16 18:52:32.988635+00:00
[2025-04-16T13:52:49.285-0500] {logging_mixin.py:190} INFO - Task hostname:ramyas-macbook-air.local operator:PythonOperator
[2025-04-16T13:52:49.307-0500] {local_task_job_runner.py:266} INFO - Task exited with return code 0
[2025-04-16T13:52:49.311-0500] {taskinstance.py:3901} INFO - 0 downstream tasks scheduled from follow-on schedule check
[2025-04-16T13:52:49.311-0500] {local_task_job_runner.py:245} INFO - ::endgroup::
