[2025-04-17T01:00:17.943-0500] {local_task_job_runner.py:123} INFO - ::group::Pre task execution logs
[2025-04-17T01:00:17.946-0500] {taskinstance.py:2614} INFO - Dependencies all met for dep_context=non-requeueable deps ti=<TaskInstance: multi_city_weather_pipeline.fetch_weather_for_all_cities scheduled__2025-04-17T05:00:00+00:00 [queued]>
[2025-04-17T01:00:17.948-0500] {taskinstance.py:2614} INFO - Dependencies all met for dep_context=requeueable deps ti=<TaskInstance: multi_city_weather_pipeline.fetch_weather_for_all_cities scheduled__2025-04-17T05:00:00+00:00 [queued]>
[2025-04-17T01:00:17.948-0500] {taskinstance.py:2867} INFO - Starting attempt 1 of 2
[2025-04-17T01:00:17.952-0500] {taskinstance.py:2890} INFO - Executing <Task(PythonOperator): fetch_weather_for_all_cities> on 2025-04-17 05:00:00+00:00
[2025-04-17T01:00:17.958-0500] {standard_task_runner.py:72} INFO - Started process 50048 to run task
[2025-04-17T01:00:17.962-0500] {standard_task_runner.py:104} INFO - Running: ['airflow', 'tasks', 'run', 'multi_city_weather_pipeline', 'fetch_weather_for_all_cities', 'scheduled__2025-04-17T05:00:00+00:00', '--job-id', '135', '--raw', '--subdir', 'DAGS_FOLDER/weather_pipeline_dag.py', '--cfg-path', '/var/folders/4n/q_76d_d57mb9q1qtrf4mvh940000gn/T/tmpi8s1ut4t']
[2025-04-17T01:00:17.963-0500] {standard_task_runner.py:105} INFO - Job 135: Subtask fetch_weather_for_all_cities
[2025-04-17T01:00:17.980-0500] {task_command.py:467} INFO - Running <TaskInstance: multi_city_weather_pipeline.fetch_weather_for_all_cities scheduled__2025-04-17T05:00:00+00:00 [running]> on host ramyas-air.lan
[2025-04-17T01:00:18.003-0500] {taskinstance.py:3134} INFO - Exporting env vars: AIRFLOW_CTX_DAG_OWNER='airflow' AIRFLOW_CTX_DAG_ID='multi_city_weather_pipeline' AIRFLOW_CTX_TASK_ID='fetch_weather_for_all_cities' AIRFLOW_CTX_EXECUTION_DATE='2025-04-17T05:00:00+00:00' AIRFLOW_CTX_TRY_NUMBER='1' AIRFLOW_CTX_DAG_RUN_ID='scheduled__2025-04-17T05:00:00+00:00'
[2025-04-17T01:00:18.004-0500] {logging_mixin.py:190} INFO - Task instance is in running state
[2025-04-17T01:00:18.004-0500] {logging_mixin.py:190} INFO -  Previous state of the Task instance: queued
[2025-04-17T01:00:18.004-0500] {logging_mixin.py:190} INFO - Current task name:fetch_weather_for_all_cities state:running start_date:2025-04-17 06:00:17.946874+00:00
[2025-04-17T01:00:18.004-0500] {logging_mixin.py:190} INFO - Dag name:multi_city_weather_pipeline and current dag run status:running
[2025-04-17T01:00:18.004-0500] {taskinstance.py:732} INFO - ::endgroup::
[2025-04-17T01:00:18.310-0500] {logging_mixin.py:190} INFO - Dallas: 21.33°C, few clouds
[2025-04-17T01:00:19.056-0500] {logging_mixin.py:190} INFO - Saved Dallas to DB.
[2025-04-17T01:00:19.265-0500] {logging_mixin.py:190} INFO - New York: 6.85°C, overcast clouds
[2025-04-17T01:00:19.588-0500] {logging_mixin.py:190} INFO - Saved New York to DB.
[2025-04-17T01:00:19.815-0500] {logging_mixin.py:190} INFO - London: 4.22°C, broken clouds
[2025-04-17T01:00:19.881-0500] {logging_mixin.py:190} INFO - Saved London to DB.
[2025-04-17T01:00:20.093-0500] {logging_mixin.py:190} INFO - Tokyo: 22.89°C, broken clouds
[2025-04-17T01:00:20.229-0500] {logging_mixin.py:190} INFO - Saved Tokyo to DB.
[2025-04-17T01:00:20.422-0500] {logging_mixin.py:190} INFO - Bengaluru: 29.66°C, few clouds
[2025-04-17T01:00:20.644-0500] {logging_mixin.py:190} INFO - Saved Bengaluru to DB.
[2025-04-17T01:00:20.820-0500] {logging_mixin.py:190} INFO - San Francisco: 12.27°C, broken clouds
[2025-04-17T01:00:20.968-0500] {logging_mixin.py:190} INFO - Saved San Francisco to DB.
[2025-04-17T01:00:21.182-0500] {logging_mixin.py:190} INFO - Chicago: 4.25°C, overcast clouds
[2025-04-17T01:00:21.451-0500] {logging_mixin.py:190} INFO - Saved Chicago to DB.
[2025-04-17T01:00:21.983-0500] {logging_mixin.py:190} INFO - Berlin: 15.92°C, scattered clouds
[2025-04-17T01:00:22.181-0500] {logging_mixin.py:190} INFO - Saved Berlin to DB.
[2025-04-17T01:00:22.396-0500] {logging_mixin.py:190} INFO - Sydney: 21.96°C, broken clouds
[2025-04-17T01:00:22.468-0500] {logging_mixin.py:190} INFO - Saved Sydney to DB.
[2025-04-17T01:00:22.683-0500] {logging_mixin.py:190} INFO - Toronto: 1.46°C, clear sky
[2025-04-17T01:00:22.911-0500] {logging_mixin.py:190} INFO - Saved Toronto to DB.
[2025-04-17T01:00:23.122-0500] {logging_mixin.py:190} INFO - Mumbai: 28.49°C, clear sky
[2025-04-17T01:00:23.553-0500] {logging_mixin.py:190} INFO - Saved Mumbai to DB.
[2025-04-17T01:00:23.756-0500] {logging_mixin.py:190} INFO - Cape Town: 15.93°C, clear sky
[2025-04-17T01:00:23.890-0500] {logging_mixin.py:190} INFO - Saved Cape Town to DB.
[2025-04-17T01:00:24.192-0500] {logging_mixin.py:190} INFO - ✅ Excel report saved: /Users/Ramya_Rangaraju/Data_engineering_projects/weather_pipeline/scripts/../reports/weather_report_2025-04-17.xlsx
[2025-04-17T01:00:24.192-0500] {python.py:240} INFO - Done. Returned value was: None
[2025-04-17T01:00:24.197-0500] {taskinstance.py:341} INFO - ::group::Post task execution logs
[2025-04-17T01:00:24.198-0500] {taskinstance.py:353} INFO - Marking task as SUCCESS. dag_id=multi_city_weather_pipeline, task_id=fetch_weather_for_all_cities, run_id=scheduled__2025-04-17T05:00:00+00:00, execution_date=20250417T050000, start_date=20250417T060017, end_date=20250417T060024
[2025-04-17T01:00:24.204-0500] {logging_mixin.py:190} INFO - Task instance in success state
[2025-04-17T01:00:24.204-0500] {logging_mixin.py:190} INFO -  Previous state of the Task instance: running
[2025-04-17T01:00:24.204-0500] {logging_mixin.py:190} INFO - Dag name:multi_city_weather_pipeline queued_at:2025-04-17 06:00:03.851729+00:00
[2025-04-17T01:00:24.204-0500] {logging_mixin.py:190} INFO - Task hostname:ramyas-air.lan operator:PythonOperator
[2025-04-17T01:00:24.235-0500] {local_task_job_runner.py:266} INFO - Task exited with return code 0
[2025-04-17T01:00:24.239-0500] {taskinstance.py:3901} INFO - 0 downstream tasks scheduled from follow-on schedule check
[2025-04-17T01:00:24.239-0500] {local_task_job_runner.py:245} INFO - ::endgroup::
