[2025-04-16T13:00:04.134-0500] {local_task_job_runner.py:123} INFO - ::group::Pre task execution logs
[2025-04-16T13:00:04.137-0500] {taskinstance.py:2614} INFO - Dependencies all met for dep_context=non-requeueable deps ti=<TaskInstance: multi_city_weather_pipeline.fetch_weather_for_all_cities scheduled__2025-04-16T17:00:00+00:00 [queued]>
[2025-04-16T13:00:04.139-0500] {taskinstance.py:2614} INFO - Dependencies all met for dep_context=requeueable deps ti=<TaskInstance: multi_city_weather_pipeline.fetch_weather_for_all_cities scheduled__2025-04-16T17:00:00+00:00 [queued]>
[2025-04-16T13:00:04.139-0500] {taskinstance.py:2867} INFO - Starting attempt 1 of 2
[2025-04-16T13:00:04.143-0500] {taskinstance.py:2890} INFO - Executing <Task(PythonOperator): fetch_weather_for_all_cities> on 2025-04-16 17:00:00+00:00
[2025-04-16T13:00:04.146-0500] {standard_task_runner.py:72} INFO - Started process 20418 to run task
[2025-04-16T13:00:04.149-0500] {standard_task_runner.py:104} INFO - Running: ['airflow', 'tasks', 'run', 'multi_city_weather_pipeline', 'fetch_weather_for_all_cities', 'scheduled__2025-04-16T17:00:00+00:00', '--job-id', '117', '--raw', '--subdir', 'DAGS_FOLDER/weather_pipeline_dag.py', '--cfg-path', '/var/folders/4n/q_76d_d57mb9q1qtrf4mvh940000gn/T/tmp5ea5qi8h']
[2025-04-16T13:00:04.150-0500] {standard_task_runner.py:105} INFO - Job 117: Subtask fetch_weather_for_all_cities
[2025-04-16T13:00:04.165-0500] {task_command.py:467} INFO - Running <TaskInstance: multi_city_weather_pipeline.fetch_weather_for_all_cities scheduled__2025-04-16T17:00:00+00:00 [running]> on host ramyas-macbook-air.local
[2025-04-16T13:00:04.185-0500] {taskinstance.py:3134} INFO - Exporting env vars: AIRFLOW_CTX_DAG_OWNER='airflow' AIRFLOW_CTX_DAG_ID='multi_city_weather_pipeline' AIRFLOW_CTX_TASK_ID='fetch_weather_for_all_cities' AIRFLOW_CTX_EXECUTION_DATE='2025-04-16T17:00:00+00:00' AIRFLOW_CTX_TRY_NUMBER='1' AIRFLOW_CTX_DAG_RUN_ID='scheduled__2025-04-16T17:00:00+00:00'
[2025-04-16T13:00:04.186-0500] {logging_mixin.py:190} INFO - Task instance is in running state
[2025-04-16T13:00:04.186-0500] {logging_mixin.py:190} INFO -  Previous state of the Task instance: queued
[2025-04-16T13:00:04.186-0500] {logging_mixin.py:190} INFO - Current task name:fetch_weather_for_all_cities state:running start_date:2025-04-16 18:00:04.137987+00:00
[2025-04-16T13:00:04.186-0500] {logging_mixin.py:190} INFO - Dag name:multi_city_weather_pipeline and current dag run status:running
[2025-04-16T13:00:04.187-0500] {taskinstance.py:732} INFO - ::endgroup::
[2025-04-16T13:00:04.479-0500] {logging_mixin.py:190} INFO - Dallas: 26.2°C, clear sky
[2025-04-16T13:00:05.328-0500] {logging_mixin.py:190} INFO - Saved Dallas to DB.
[2025-04-16T13:00:05.543-0500] {logging_mixin.py:190} INFO - New York: 9.57°C, overcast clouds
[2025-04-16T13:00:05.689-0500] {logging_mixin.py:190} INFO - Saved New York to DB.
[2025-04-16T13:00:05.898-0500] {logging_mixin.py:190} INFO - London: 13.39°C, clear sky
[2025-04-16T13:00:06.406-0500] {logging_mixin.py:190} INFO - Saved London to DB.
[2025-04-16T13:00:06.888-0500] {logging_mixin.py:190} INFO - Tokyo: 14.16°C, clear sky
[2025-04-16T13:00:07.121-0500] {logging_mixin.py:190} INFO - Saved Tokyo to DB.
[2025-04-16T13:00:07.342-0500] {logging_mixin.py:190} INFO - Bengaluru: 21.8°C, scattered clouds
[2025-04-16T13:00:07.397-0500] {logging_mixin.py:190} INFO - Saved Bengaluru to DB.
[2025-04-16T13:00:07.580-0500] {logging_mixin.py:190} INFO - San Francisco: 14.22°C, broken clouds
[2025-04-16T13:00:07.847-0500] {logging_mixin.py:190} INFO - Saved San Francisco to DB.
[2025-04-16T13:00:08.063-0500] {logging_mixin.py:190} INFO - Chicago: 7.62°C, broken clouds
[2025-04-16T13:00:08.156-0500] {logging_mixin.py:190} INFO - Saved Chicago to DB.
[2025-04-16T13:00:08.363-0500] {logging_mixin.py:190} INFO - Berlin: 23.3°C, clear sky
[2025-04-16T13:00:08.703-0500] {logging_mixin.py:190} INFO - Saved Berlin to DB.
[2025-04-16T13:00:08.901-0500] {logging_mixin.py:190} INFO - Sydney: 15.87°C, light intensity shower rain
[2025-04-16T13:00:09.288-0500] {logging_mixin.py:190} INFO - Saved Sydney to DB.
[2025-04-16T13:00:09.507-0500] {logging_mixin.py:190} INFO - Toronto: 3.89°C, overcast clouds
[2025-04-16T13:00:09.824-0500] {logging_mixin.py:190} INFO - Saved Toronto to DB.
[2025-04-16T13:00:10.037-0500] {logging_mixin.py:190} INFO - Mumbai: 28°C, clear sky
[2025-04-16T13:00:10.391-0500] {logging_mixin.py:190} INFO - Saved Mumbai to DB.
[2025-04-16T13:00:10.581-0500] {logging_mixin.py:190} INFO - Cape Town: 18.54°C, clear sky
[2025-04-16T13:00:10.668-0500] {logging_mixin.py:190} INFO - Saved Cape Town to DB.
[2025-04-16T13:00:10.734-0500] {logging_mixin.py:190} INFO - ✅ Excel report saved: /Users/Ramya_Rangaraju/Data_engineering_projects/weather_pipeline/scripts/../reports/weather_report_2025-04-16.xlsx
[2025-04-16T13:00:10.734-0500] {python.py:240} INFO - Done. Returned value was: None
[2025-04-16T13:00:10.738-0500] {taskinstance.py:341} INFO - ::group::Post task execution logs
[2025-04-16T13:00:10.738-0500] {taskinstance.py:353} INFO - Marking task as SUCCESS. dag_id=multi_city_weather_pipeline, task_id=fetch_weather_for_all_cities, run_id=scheduled__2025-04-16T17:00:00+00:00, execution_date=20250416T170000, start_date=20250416T180004, end_date=20250416T180010
[2025-04-16T13:00:10.744-0500] {logging_mixin.py:190} INFO - Task instance in success state
[2025-04-16T13:00:10.744-0500] {logging_mixin.py:190} INFO -  Previous state of the Task instance: running
[2025-04-16T13:00:10.744-0500] {logging_mixin.py:190} INFO - Dag name:multi_city_weather_pipeline queued_at:2025-04-16 18:00:01.125325+00:00
[2025-04-16T13:00:10.744-0500] {logging_mixin.py:190} INFO - Task hostname:ramyas-macbook-air.local operator:PythonOperator
[2025-04-16T13:00:10.777-0500] {local_task_job_runner.py:266} INFO - Task exited with return code 0
[2025-04-16T13:00:10.780-0500] {taskinstance.py:3901} INFO - 0 downstream tasks scheduled from follow-on schedule check
[2025-04-16T13:00:10.780-0500] {local_task_job_runner.py:245} INFO - ::endgroup::
