[2025-04-17T11:04:37.908-0500] {local_task_job_runner.py:123} INFO - ::group::Pre task execution logs
[2025-04-17T11:04:37.911-0500] {taskinstance.py:2614} INFO - Dependencies all met for dep_context=non-requeueable deps ti=<TaskInstance: multi_city_weather_pipeline.fetch_weather_for_all_cities scheduled__2025-04-17T15:00:00+00:00 [queued]>
[2025-04-17T11:04:37.913-0500] {taskinstance.py:2614} INFO - Dependencies all met for dep_context=requeueable deps ti=<TaskInstance: multi_city_weather_pipeline.fetch_weather_for_all_cities scheduled__2025-04-17T15:00:00+00:00 [queued]>
[2025-04-17T11:04:37.913-0500] {taskinstance.py:2867} INFO - Starting attempt 1 of 2
[2025-04-17T11:04:37.917-0500] {taskinstance.py:2890} INFO - Executing <Task(PythonOperator): fetch_weather_for_all_cities> on 2025-04-17 15:00:00+00:00
[2025-04-17T11:04:37.919-0500] {standard_task_runner.py:72} INFO - Started process 54322 to run task
[2025-04-17T11:04:37.922-0500] {standard_task_runner.py:104} INFO - Running: ['airflow', 'tasks', 'run', 'multi_city_weather_pipeline', 'fetch_weather_for_all_cities', 'scheduled__2025-04-17T15:00:00+00:00', '--job-id', '146', '--raw', '--subdir', 'DAGS_FOLDER/weather_pipeline_dag.py', '--cfg-path', '/var/folders/4n/q_76d_d57mb9q1qtrf4mvh940000gn/T/tmplj9tauf7']
[2025-04-17T11:04:37.923-0500] {standard_task_runner.py:105} INFO - Job 146: Subtask fetch_weather_for_all_cities
[2025-04-17T11:04:37.941-0500] {task_command.py:467} INFO - Running <TaskInstance: multi_city_weather_pipeline.fetch_weather_for_all_cities scheduled__2025-04-17T15:00:00+00:00 [running]> on host ramyas-air.lan
[2025-04-17T11:04:37.959-0500] {taskinstance.py:3134} INFO - Exporting env vars: AIRFLOW_CTX_DAG_OWNER='airflow' AIRFLOW_CTX_DAG_ID='multi_city_weather_pipeline' AIRFLOW_CTX_TASK_ID='fetch_weather_for_all_cities' AIRFLOW_CTX_EXECUTION_DATE='2025-04-17T15:00:00+00:00' AIRFLOW_CTX_TRY_NUMBER='1' AIRFLOW_CTX_DAG_RUN_ID='scheduled__2025-04-17T15:00:00+00:00'
[2025-04-17T11:04:37.960-0500] {logging_mixin.py:190} INFO - Task instance is in running state
[2025-04-17T11:04:37.960-0500] {logging_mixin.py:190} INFO -  Previous state of the Task instance: queued
[2025-04-17T11:04:37.960-0500] {logging_mixin.py:190} INFO - Current task name:fetch_weather_for_all_cities state:running start_date:2025-04-17 16:04:37.911717+00:00
[2025-04-17T11:04:37.961-0500] {logging_mixin.py:190} INFO - Dag name:multi_city_weather_pipeline and current dag run status:running
[2025-04-17T11:04:37.961-0500] {taskinstance.py:732} INFO - ::endgroup::
[2025-04-17T11:04:38.279-0500] {logging_mixin.py:190} INFO - Dallas: 23.6°C, scattered clouds
[2025-04-17T11:04:38.777-0500] {logging_mixin.py:190} INFO - Saved Dallas to DB.
[2025-04-17T11:04:38.960-0500] {logging_mixin.py:190} INFO - New York: 11.99°C, clear sky
[2025-04-17T11:04:39.102-0500] {logging_mixin.py:190} INFO - Saved New York to DB.
[2025-04-17T11:04:39.311-0500] {logging_mixin.py:190} INFO - London: 16.53°C, broken clouds
[2025-04-17T11:04:39.325-0500] {logging_mixin.py:190} INFO - Saved London to DB.
[2025-04-17T11:04:39.514-0500] {logging_mixin.py:190} INFO - Tokyo: 18.36°C, clear sky
[2025-04-17T11:04:39.655-0500] {logging_mixin.py:190} INFO - Saved Tokyo to DB.
[2025-04-17T11:04:39.874-0500] {logging_mixin.py:190} INFO - Bengaluru: 30.33°C, broken clouds
[2025-04-17T11:04:40.066-0500] {logging_mixin.py:190} INFO - Saved Bengaluru to DB.
[2025-04-17T11:04:40.257-0500] {logging_mixin.py:190} INFO - San Francisco: 11.34°C, overcast clouds
[2025-04-17T11:04:40.550-0500] {logging_mixin.py:190} INFO - Saved San Francisco to DB.
[2025-04-17T11:04:40.729-0500] {logging_mixin.py:190} INFO - Chicago: 15.73°C, broken clouds
[2025-04-17T11:04:41.095-0500] {logging_mixin.py:190} INFO - Saved Chicago to DB.
[2025-04-17T11:04:41.308-0500] {logging_mixin.py:190} INFO - Berlin: 23.59°C, clear sky
[2025-04-17T11:04:41.650-0500] {logging_mixin.py:190} INFO - Saved Berlin to DB.
[2025-04-17T11:04:41.861-0500] {logging_mixin.py:190} INFO - Sydney: 16.23°C, scattered clouds
[2025-04-17T11:04:42.231-0500] {logging_mixin.py:190} INFO - Saved Sydney to DB.
[2025-04-17T11:04:42.443-0500] {logging_mixin.py:190} INFO - Toronto: 7.89°C, few clouds
[2025-04-17T11:04:42.791-0500] {logging_mixin.py:190} INFO - Saved Toronto to DB.
[2025-04-17T11:04:42.975-0500] {logging_mixin.py:190} INFO - Mumbai: 28.33°C, clear sky
[2025-04-17T11:04:43.319-0500] {logging_mixin.py:190} INFO - Saved Mumbai to DB.
[2025-04-17T11:04:43.523-0500] {logging_mixin.py:190} INFO - Cape Town: 22.1°C, few clouds
[2025-04-17T11:04:43.550-0500] {logging_mixin.py:190} INFO - Saved Cape Town to DB.
[2025-04-17T11:04:43.617-0500] {logging_mixin.py:190} INFO - ✅ Excel report saved: /Users/Ramya_Rangaraju/Data_engineering_projects/weather_pipeline/scripts/../reports/weather_report_2025-04-17.xlsx
[2025-04-17T11:04:43.618-0500] {python.py:240} INFO - Done. Returned value was: None
[2025-04-17T11:04:43.620-0500] {taskinstance.py:341} INFO - ::group::Post task execution logs
[2025-04-17T11:04:43.621-0500] {taskinstance.py:353} INFO - Marking task as SUCCESS. dag_id=multi_city_weather_pipeline, task_id=fetch_weather_for_all_cities, run_id=scheduled__2025-04-17T15:00:00+00:00, execution_date=20250417T150000, start_date=20250417T160437, end_date=20250417T160443
[2025-04-17T11:04:43.625-0500] {logging_mixin.py:190} INFO - Task instance in success state
[2025-04-17T11:04:43.625-0500] {logging_mixin.py:190} INFO -  Previous state of the Task instance: running
[2025-04-17T11:04:43.625-0500] {logging_mixin.py:190} INFO - Dag name:multi_city_weather_pipeline queued_at:2025-04-17 16:04:28.332573+00:00
[2025-04-17T11:04:43.626-0500] {logging_mixin.py:190} INFO - Task hostname:ramyas-air.lan operator:PythonOperator
[2025-04-17T11:04:43.635-0500] {local_task_job_runner.py:266} INFO - Task exited with return code 0
[2025-04-17T11:04:43.639-0500] {taskinstance.py:3901} INFO - 0 downstream tasks scheduled from follow-on schedule check
[2025-04-17T11:04:43.639-0500] {local_task_job_runner.py:245} INFO - ::endgroup::
