[2025-04-14T00:44:42.167-0500] {local_task_job_runner.py:123} INFO - ::group::Pre task execution logs
[2025-04-14T00:44:42.170-0500] {taskinstance.py:2614} INFO - Dependencies all met for dep_context=non-requeueable deps ti=<TaskInstance: daily_weather_pipeline.fetch_weather_dallas scheduled__2025-04-13T00:00:00+00:00 [queued]>
[2025-04-14T00:44:42.172-0500] {taskinstance.py:2614} INFO - Dependencies all met for dep_context=requeueable deps ti=<TaskInstance: daily_weather_pipeline.fetch_weather_dallas scheduled__2025-04-13T00:00:00+00:00 [queued]>
[2025-04-14T00:44:42.172-0500] {taskinstance.py:2867} INFO - Starting attempt 2 of 2
[2025-04-14T00:44:42.175-0500] {taskinstance.py:2890} INFO - Executing <Task(PythonOperator): fetch_weather_dallas> on 2025-04-13 00:00:00+00:00
[2025-04-14T00:44:42.177-0500] {standard_task_runner.py:72} INFO - Started process 78409 to run task
[2025-04-14T00:44:42.180-0500] {standard_task_runner.py:104} INFO - Running: ['airflow', 'tasks', 'run', 'daily_weather_pipeline', 'fetch_weather_dallas', 'scheduled__2025-04-13T00:00:00+00:00', '--job-id', '9', '--raw', '--subdir', 'DAGS_FOLDER/weather_pipeline_dag.py', '--cfg-path', '/var/folders/4n/q_76d_d57mb9q1qtrf4mvh940000gn/T/tmp8ft_iybk']
[2025-04-14T00:44:42.181-0500] {standard_task_runner.py:105} INFO - Job 9: Subtask fetch_weather_dallas
[2025-04-14T00:44:42.197-0500] {task_command.py:467} INFO - Running <TaskInstance: daily_weather_pipeline.fetch_weather_dallas scheduled__2025-04-13T00:00:00+00:00 [running]> on host ramyas-macbook-air.local
[2025-04-14T00:44:42.214-0500] {taskinstance.py:3134} INFO - Exporting env vars: AIRFLOW_CTX_DAG_OWNER='airflow' AIRFLOW_CTX_DAG_ID='daily_weather_pipeline' AIRFLOW_CTX_TASK_ID='fetch_weather_dallas' AIRFLOW_CTX_EXECUTION_DATE='2025-04-13T00:00:00+00:00' AIRFLOW_CTX_TRY_NUMBER='2' AIRFLOW_CTX_DAG_RUN_ID='scheduled__2025-04-13T00:00:00+00:00'
[2025-04-14T00:44:42.214-0500] {logging_mixin.py:190} INFO - Task instance is in running state
[2025-04-14T00:44:42.214-0500] {logging_mixin.py:190} INFO -  Previous state of the Task instance: queued
[2025-04-14T00:44:42.214-0500] {logging_mixin.py:190} INFO - Current task name:fetch_weather_dallas state:running start_date:2025-04-14 05:44:42.170568+00:00
[2025-04-14T00:44:42.215-0500] {logging_mixin.py:190} INFO - Dag name:daily_weather_pipeline and current dag run status:running
[2025-04-14T00:44:42.215-0500] {taskinstance.py:732} INFO - ::endgroup::
[2025-04-14T01:11:04.705-0500] {job.py:229} INFO - Heartbeat recovered after 904.52 seconds
[2025-04-14T02:11:08.285-0500] {job.py:229} INFO - Heartbeat recovered after 904.91 seconds
[2025-04-14T02:26:52.910-0500] {job.py:229} INFO - Heartbeat recovered after 904.49 seconds
[2025-04-14T02:42:52.932-0500] {job.py:229} INFO - Heartbeat recovered after 904.81 seconds
[2025-04-14T02:56:14.566-0500] {job.py:229} INFO - Heartbeat recovered after 751.47 seconds
[2025-04-14T03:11:59.019-0500] {job.py:229} INFO - Heartbeat recovered after 904.32 seconds
[2025-04-14T03:28:42.715-0500] {job.py:229} INFO - Heartbeat recovered after 963.55 seconds
[2025-04-14T03:46:08.572-0500] {job.py:229} INFO - Heartbeat recovered after 990.68 seconds
[2025-04-14T04:02:52.206-0500] {job.py:229} INFO - Heartbeat recovered after 963.54 seconds
[2025-04-14T04:18:39.663-0500] {job.py:229} INFO - Heartbeat recovered after 907.31 seconds
[2025-04-14T04:35:54.280-0500] {job.py:229} INFO - Heartbeat recovered after 994.50 seconds
[2025-04-14T04:51:49.668-0500] {job.py:229} INFO - Heartbeat recovered after 915.27 seconds
[2025-04-14T05:07:56.587-0500] {job.py:229} INFO - Heartbeat recovered after 921.74 seconds
[2025-04-14T05:23:51.056-0500] {job.py:229} INFO - Heartbeat recovered after 914.32 seconds
[2025-04-14T05:41:45.056-0500] {job.py:229} INFO - Heartbeat recovered after 1018.81 seconds
[2025-04-14T05:58:27.492-0500] {job.py:229} INFO - Heartbeat recovered after 962.32 seconds
[2025-04-14T06:15:25.923-0500] {job.py:229} INFO - Heartbeat recovered after 978.33 seconds
[2025-04-14T06:31:11.638-0500] {job.py:229} INFO - Heartbeat recovered after 905.57 seconds
[2025-04-14T06:47:01.310-0500] {job.py:229} INFO - Heartbeat recovered after 909.53 seconds
[2025-04-14T06:54:15.917-0500] {job.py:229} INFO - Heartbeat recovered after 394.50 seconds
[2025-04-14T07:10:19.420-0500] {job.py:229} INFO - Heartbeat recovered after 913.35 seconds
[2025-04-14T07:26:40.053-0500] {job.py:229} INFO - Heartbeat recovered after 940.50 seconds
[2025-04-14T07:45:10.466-0500] {job.py:229} INFO - Heartbeat recovered after 1050.21 seconds
[2025-04-14T08:01:14.121-0500] {job.py:229} INFO - Heartbeat recovered after 923.53 seconds
[2025-04-14T08:17:26.475-0500] {job.py:229} INFO - Heartbeat recovered after 927.21 seconds
[2025-04-14T08:24:28.114-0500] {job.py:229} INFO - Heartbeat recovered after 381.54 seconds
[2025-04-14T08:40:25.824-0500] {job.py:229} INFO - Heartbeat recovered after 917.58 seconds
[2025-04-14T08:55:16.503-0500] {job.py:229} INFO - Heartbeat recovered after 850.53 seconds
[2025-04-14T08:59:35.480-0500] {job.py:229} INFO - Heartbeat recovered after 198.80 seconds
[2025-04-14T09:16:04.088-0500] {job.py:229} INFO - Heartbeat recovered after 928.44 seconds
[2025-04-14T09:32:49.454-0500] {job.py:229} INFO - Heartbeat recovered after 950.18 seconds
[2025-04-14T09:49:59.225-0500] {job.py:229} INFO - Heartbeat recovered after 922.45 seconds
[2025-04-14T09:56:15.963-0500] {job.py:229} INFO - Heartbeat recovered after 336.60 seconds
[2025-04-14T09:59:15.506-0500] {job.py:229} INFO - Heartbeat recovered after 134.40 seconds
[2025-04-14T10:15:01.698-0500] {job.py:229} INFO - Heartbeat recovered after 906.06 seconds
[2025-04-14T10:18:14.285-0500] {local_task_job_runner.py:245} INFO - ::endgroup::
[2025-04-14T10:18:14.299-0500] {process_utils.py:132} INFO - Sending 15 to group 78409. PIDs of all processes in the group: [78409]
[2025-04-14T10:18:14.301-0500] {process_utils.py:87} INFO - Sending the signal 15 to group 78409
