[2025-04-16T16:00:07.059-0500] {local_task_job_runner.py:123} INFO - ::group::Pre task execution logs
[2025-04-16T16:00:07.062-0500] {taskinstance.py:2614} INFO - Dependencies all met for dep_context=non-requeueable deps ti=<TaskInstance: multi_city_weather_pipeline.fetch_weather_for_all_cities scheduled__2025-04-16T20:00:00+00:00 [queued]>
[2025-04-16T16:00:07.064-0500] {taskinstance.py:2614} INFO - Dependencies all met for dep_context=requeueable deps ti=<TaskInstance: multi_city_weather_pipeline.fetch_weather_for_all_cities scheduled__2025-04-16T20:00:00+00:00 [queued]>
[2025-04-16T16:00:07.064-0500] {taskinstance.py:2867} INFO - Starting attempt 1 of 2
[2025-04-16T16:00:07.067-0500] {taskinstance.py:2890} INFO - Executing <Task(PythonOperator): fetch_weather_for_all_cities> on 2025-04-16 20:00:00+00:00
[2025-04-16T16:00:07.070-0500] {standard_task_runner.py:72} INFO - Started process 28958 to run task
[2025-04-16T16:00:07.073-0500] {standard_task_runner.py:104} INFO - Running: ['airflow', 'tasks', 'run', 'multi_city_weather_pipeline', 'fetch_weather_for_all_cities', 'scheduled__2025-04-16T20:00:00+00:00', '--job-id', '124', '--raw', '--subdir', 'DAGS_FOLDER/weather_pipeline_dag.py', '--cfg-path', '/var/folders/4n/q_76d_d57mb9q1qtrf4mvh940000gn/T/tmply0j2dc9']
[2025-04-16T16:00:07.074-0500] {standard_task_runner.py:105} INFO - Job 124: Subtask fetch_weather_for_all_cities
[2025-04-16T16:00:07.093-0500] {task_command.py:467} INFO - Running <TaskInstance: multi_city_weather_pipeline.fetch_weather_for_all_cities scheduled__2025-04-16T20:00:00+00:00 [running]> on host dynamic-10-125-225-167.dynamic.unt.edu
[2025-04-16T16:00:07.113-0500] {taskinstance.py:3134} INFO - Exporting env vars: AIRFLOW_CTX_DAG_OWNER='airflow' AIRFLOW_CTX_DAG_ID='multi_city_weather_pipeline' AIRFLOW_CTX_TASK_ID='fetch_weather_for_all_cities' AIRFLOW_CTX_EXECUTION_DATE='2025-04-16T20:00:00+00:00' AIRFLOW_CTX_TRY_NUMBER='1' AIRFLOW_CTX_DAG_RUN_ID='scheduled__2025-04-16T20:00:00+00:00'
[2025-04-16T16:00:07.113-0500] {logging_mixin.py:190} INFO - Task instance is in running state
[2025-04-16T16:00:07.113-0500] {logging_mixin.py:190} INFO -  Previous state of the Task instance: queued
[2025-04-16T16:00:07.114-0500] {logging_mixin.py:190} INFO - Current task name:fetch_weather_for_all_cities state:running start_date:2025-04-16 21:00:07.062551+00:00
[2025-04-16T16:00:07.114-0500] {logging_mixin.py:190} INFO - Dag name:multi_city_weather_pipeline and current dag run status:running
[2025-04-16T16:00:07.114-0500] {taskinstance.py:732} INFO - ::endgroup::
[2025-04-16T16:00:07.654-0500] {logging_mixin.py:190} INFO - Dallas: 27.43°C, broken clouds
[2025-04-16T16:00:08.975-0500] {logging_mixin.py:190} INFO - Saved Dallas to DB.
[2025-04-16T16:00:09.107-0500] {logging_mixin.py:190} INFO - New York: 10.37°C, overcast clouds
[2025-04-16T16:00:09.442-0500] {logging_mixin.py:190} INFO - Saved New York to DB.
[2025-04-16T16:00:09.570-0500] {logging_mixin.py:190} INFO - London: 9.53°C, few clouds
[2025-04-16T16:00:09.911-0500] {logging_mixin.py:190} INFO - Saved London to DB.
[2025-04-16T16:00:10.043-0500] {logging_mixin.py:190} INFO - Tokyo: 13.52°C, scattered clouds
[2025-04-16T16:00:10.417-0500] {logging_mixin.py:190} INFO - Saved Tokyo to DB.
[2025-04-16T16:00:10.574-0500] {logging_mixin.py:190} INFO - Bengaluru: 20.8°C, scattered clouds
[2025-04-16T16:00:10.869-0500] {logging_mixin.py:190} INFO - Saved Bengaluru to DB.
[2025-04-16T16:00:11.014-0500] {logging_mixin.py:190} INFO - San Francisco: 14.82°C, broken clouds
[2025-04-16T16:00:11.211-0500] {logging_mixin.py:190} INFO - Saved San Francisco to DB.
[2025-04-16T16:00:11.349-0500] {logging_mixin.py:190} INFO - Chicago: 7.68°C, broken clouds
[2025-04-16T16:00:11.483-0500] {logging_mixin.py:190} INFO - Saved Chicago to DB.
[2025-04-16T16:00:11.611-0500] {logging_mixin.py:190} INFO - Berlin: 20.59°C, clear sky
[2025-04-16T16:00:11.931-0500] {logging_mixin.py:190} INFO - Saved Berlin to DB.
[2025-04-16T16:00:12.126-0500] {logging_mixin.py:190} INFO - Sydney: 15.63°C, light intensity shower rain
[2025-04-16T16:00:12.223-0500] {logging_mixin.py:190} INFO - Saved Sydney to DB.
[2025-04-16T16:00:12.353-0500] {logging_mixin.py:190} INFO - Toronto: 5.58°C, overcast clouds
[2025-04-16T16:00:12.398-0500] {logging_mixin.py:190} INFO - Saved Toronto to DB.
[2025-04-16T16:00:12.534-0500] {logging_mixin.py:190} INFO - Mumbai: 27.55°C, clear sky
[2025-04-16T16:00:12.659-0500] {logging_mixin.py:190} INFO - Saved Mumbai to DB.
[2025-04-16T16:00:12.790-0500] {logging_mixin.py:190} INFO - Cape Town: 17.69°C, overcast clouds
[2025-04-16T16:00:12.993-0500] {logging_mixin.py:190} INFO - Saved Cape Town to DB.
[2025-04-16T16:00:13.070-0500] {logging_mixin.py:190} INFO - ✅ Excel report saved: /Users/Ramya_Rangaraju/Data_engineering_projects/weather_pipeline/scripts/../reports/weather_report_2025-04-16.xlsx
[2025-04-16T16:00:13.071-0500] {python.py:240} INFO - Done. Returned value was: None
[2025-04-16T16:00:13.077-0500] {taskinstance.py:341} INFO - ::group::Post task execution logs
[2025-04-16T16:00:13.077-0500] {taskinstance.py:353} INFO - Marking task as SUCCESS. dag_id=multi_city_weather_pipeline, task_id=fetch_weather_for_all_cities, run_id=scheduled__2025-04-16T20:00:00+00:00, execution_date=20250416T200000, start_date=20250416T210007, end_date=20250416T210013
[2025-04-16T16:00:13.083-0500] {logging_mixin.py:190} INFO - Task instance in success state
[2025-04-16T16:00:13.083-0500] {logging_mixin.py:190} INFO -  Previous state of the Task instance: running
[2025-04-16T16:00:13.083-0500] {logging_mixin.py:190} INFO - Dag name:multi_city_weather_pipeline queued_at:2025-04-16 21:00:03.486364+00:00
[2025-04-16T16:00:13.083-0500] {logging_mixin.py:190} INFO - Task hostname:dynamic-10-125-225-167.dynamic.unt.edu operator:PythonOperator
[2025-04-16T16:00:13.095-0500] {local_task_job_runner.py:266} INFO - Task exited with return code 0
[2025-04-16T16:00:13.100-0500] {taskinstance.py:3901} INFO - 0 downstream tasks scheduled from follow-on schedule check
[2025-04-16T16:00:13.101-0500] {local_task_job_runner.py:245} INFO - ::endgroup::
