[2025-04-16T18:20:44.436-0500] {local_task_job_runner.py:123} INFO - ::group::Pre task execution logs
[2025-04-16T18:20:44.440-0500] {taskinstance.py:2614} INFO - Dependencies all met for dep_context=non-requeueable deps ti=<TaskInstance: multi_city_weather_pipeline.fetch_weather_for_all_cities scheduled__2025-04-16T22:00:00+00:00 [queued]>
[2025-04-16T18:20:44.441-0500] {taskinstance.py:2614} INFO - Dependencies all met for dep_context=requeueable deps ti=<TaskInstance: multi_city_weather_pipeline.fetch_weather_for_all_cities scheduled__2025-04-16T22:00:00+00:00 [queued]>
[2025-04-16T18:20:44.441-0500] {taskinstance.py:2867} INFO - Starting attempt 1 of 2
[2025-04-16T18:20:44.445-0500] {taskinstance.py:2890} INFO - Executing <Task(PythonOperator): fetch_weather_for_all_cities> on 2025-04-16 22:00:00+00:00
[2025-04-16T18:20:44.447-0500] {standard_task_runner.py:72} INFO - Started process 30929 to run task
[2025-04-16T18:20:44.451-0500] {standard_task_runner.py:104} INFO - Running: ['airflow', 'tasks', 'run', 'multi_city_weather_pipeline', 'fetch_weather_for_all_cities', 'scheduled__2025-04-16T22:00:00+00:00', '--job-id', '127', '--raw', '--subdir', 'DAGS_FOLDER/weather_pipeline_dag.py', '--cfg-path', '/var/folders/4n/q_76d_d57mb9q1qtrf4mvh940000gn/T/tmpe4d1hx_y']
[2025-04-16T18:20:44.452-0500] {standard_task_runner.py:105} INFO - Job 127: Subtask fetch_weather_for_all_cities
[2025-04-16T18:20:44.471-0500] {task_command.py:467} INFO - Running <TaskInstance: multi_city_weather_pipeline.fetch_weather_for_all_cities scheduled__2025-04-16T22:00:00+00:00 [running]> on host ramyas-air.lan
[2025-04-16T18:20:44.492-0500] {taskinstance.py:3134} INFO - Exporting env vars: AIRFLOW_CTX_DAG_OWNER='airflow' AIRFLOW_CTX_DAG_ID='multi_city_weather_pipeline' AIRFLOW_CTX_TASK_ID='fetch_weather_for_all_cities' AIRFLOW_CTX_EXECUTION_DATE='2025-04-16T22:00:00+00:00' AIRFLOW_CTX_TRY_NUMBER='1' AIRFLOW_CTX_DAG_RUN_ID='scheduled__2025-04-16T22:00:00+00:00'
[2025-04-16T18:20:44.492-0500] {logging_mixin.py:190} INFO - Task instance is in running state
[2025-04-16T18:20:44.492-0500] {logging_mixin.py:190} INFO -  Previous state of the Task instance: queued
[2025-04-16T18:20:44.493-0500] {logging_mixin.py:190} INFO - Current task name:fetch_weather_for_all_cities state:running start_date:2025-04-16 23:20:44.440092+00:00
[2025-04-16T18:20:44.493-0500] {logging_mixin.py:190} INFO - Dag name:multi_city_weather_pipeline and current dag run status:running
[2025-04-16T18:20:44.493-0500] {taskinstance.py:732} INFO - ::endgroup::
[2025-04-16T18:20:45.066-0500] {logging_mixin.py:190} INFO - Dallas: 26.86°C, broken clouds
[2025-04-16T18:20:45.306-0500] {logging_mixin.py:190} INFO - Saved Dallas to DB.
[2025-04-16T18:20:45.512-0500] {logging_mixin.py:190} INFO - New York: 9.57°C, overcast clouds
[2025-04-16T18:20:45.584-0500] {logging_mixin.py:190} INFO - Saved New York to DB.
[2025-04-16T18:20:45.806-0500] {logging_mixin.py:190} INFO - London: 7.86°C, scattered clouds
[2025-04-16T18:20:46.092-0500] {logging_mixin.py:190} INFO - Saved London to DB.
[2025-04-16T18:20:46.300-0500] {logging_mixin.py:190} INFO - Tokyo: 15.78°C, clear sky
[2025-04-16T18:20:46.803-0500] {logging_mixin.py:190} INFO - Saved Tokyo to DB.
[2025-04-16T18:20:46.992-0500] {logging_mixin.py:190} INFO - Bengaluru: 20.8°C, scattered clouds
[2025-04-16T18:20:47.215-0500] {logging_mixin.py:190} INFO - Saved Bengaluru to DB.
[2025-04-16T18:20:47.428-0500] {logging_mixin.py:190} INFO - San Francisco: 13.85°C, broken clouds
[2025-04-16T18:20:47.462-0500] {logging_mixin.py:190} INFO - Saved San Francisco to DB.
[2025-04-16T18:20:47.642-0500] {logging_mixin.py:190} INFO - Chicago: 6.08°C, broken clouds
[2025-04-16T18:20:48.171-0500] {logging_mixin.py:190} INFO - Saved Chicago to DB.
[2025-04-16T18:20:48.384-0500] {logging_mixin.py:190} INFO - Berlin: 18.42°C, clear sky
[2025-04-16T18:20:48.677-0500] {logging_mixin.py:190} INFO - Saved Berlin to DB.
[2025-04-16T18:20:48.861-0500] {logging_mixin.py:190} INFO - Sydney: 19°C, broken clouds
[2025-04-16T18:20:49.283-0500] {logging_mixin.py:190} INFO - Saved Sydney to DB.
[2025-04-16T18:20:49.465-0500] {logging_mixin.py:190} INFO - Toronto: 4.94°C, broken clouds
[2025-04-16T18:20:49.581-0500] {logging_mixin.py:190} INFO - Saved Toronto to DB.
[2025-04-16T18:20:49.757-0500] {logging_mixin.py:190} INFO - Mumbai: 27.33°C, clear sky
[2025-04-16T18:20:49.912-0500] {logging_mixin.py:190} INFO - Saved Mumbai to DB.
[2025-04-16T18:20:50.397-0500] {logging_mixin.py:190} INFO - Cape Town: 18.32°C, broken clouds
[2025-04-16T18:20:50.777-0500] {logging_mixin.py:190} INFO - Saved Cape Town to DB.
[2025-04-16T18:20:50.840-0500] {logging_mixin.py:190} INFO - ✅ Excel report saved: /Users/Ramya_Rangaraju/Data_engineering_projects/weather_pipeline/scripts/../reports/weather_report_2025-04-16.xlsx
[2025-04-16T18:20:50.841-0500] {python.py:240} INFO - Done. Returned value was: None
[2025-04-16T18:20:50.843-0500] {taskinstance.py:341} INFO - ::group::Post task execution logs
[2025-04-16T18:20:50.843-0500] {taskinstance.py:353} INFO - Marking task as SUCCESS. dag_id=multi_city_weather_pipeline, task_id=fetch_weather_for_all_cities, run_id=scheduled__2025-04-16T22:00:00+00:00, execution_date=20250416T220000, start_date=20250416T232044, end_date=20250416T232050
[2025-04-16T18:20:50.847-0500] {logging_mixin.py:190} INFO - Task instance in success state
[2025-04-16T18:20:50.848-0500] {logging_mixin.py:190} INFO -  Previous state of the Task instance: running
[2025-04-16T18:20:50.848-0500] {logging_mixin.py:190} INFO - Dag name:multi_city_weather_pipeline queued_at:2025-04-16 23:03:19.193412+00:00
[2025-04-16T18:20:50.848-0500] {logging_mixin.py:190} INFO - Task hostname:ramyas-air.lan operator:PythonOperator
[2025-04-16T18:20:50.874-0500] {local_task_job_runner.py:266} INFO - Task exited with return code 0
[2025-04-16T18:20:50.878-0500] {taskinstance.py:3901} INFO - 0 downstream tasks scheduled from follow-on schedule check
[2025-04-16T18:20:50.878-0500] {local_task_job_runner.py:245} INFO - ::endgroup::
