[2025-04-16T14:00:09.556-0500] {local_task_job_runner.py:123} INFO - ::group::Pre task execution logs
[2025-04-16T14:00:09.560-0500] {taskinstance.py:2614} INFO - Dependencies all met for dep_context=non-requeueable deps ti=<TaskInstance: multi_city_weather_pipeline.fetch_weather_for_all_cities scheduled__2025-04-16T18:00:00+00:00 [queued]>
[2025-04-16T14:00:09.562-0500] {taskinstance.py:2614} INFO - Dependencies all met for dep_context=requeueable deps ti=<TaskInstance: multi_city_weather_pipeline.fetch_weather_for_all_cities scheduled__2025-04-16T18:00:00+00:00 [queued]>
[2025-04-16T14:00:09.562-0500] {taskinstance.py:2867} INFO - Starting attempt 1 of 2
[2025-04-16T14:00:09.566-0500] {taskinstance.py:2890} INFO - Executing <Task(PythonOperator): fetch_weather_for_all_cities> on 2025-04-16 18:00:00+00:00
[2025-04-16T14:00:09.569-0500] {standard_task_runner.py:72} INFO - Started process 23923 to run task
[2025-04-16T14:00:09.573-0500] {standard_task_runner.py:104} INFO - Running: ['airflow', 'tasks', 'run', 'multi_city_weather_pipeline', 'fetch_weather_for_all_cities', 'scheduled__2025-04-16T18:00:00+00:00', '--job-id', '121', '--raw', '--subdir', 'DAGS_FOLDER/weather_pipeline_dag.py', '--cfg-path', '/var/folders/4n/q_76d_d57mb9q1qtrf4mvh940000gn/T/tmpipc8rhsn']
[2025-04-16T14:00:09.574-0500] {standard_task_runner.py:105} INFO - Job 121: Subtask fetch_weather_for_all_cities
[2025-04-16T14:00:09.591-0500] {task_command.py:467} INFO - Running <TaskInstance: multi_city_weather_pipeline.fetch_weather_for_all_cities scheduled__2025-04-16T18:00:00+00:00 [running]> on host ramyas-macbook-air.local
[2025-04-16T14:00:09.612-0500] {taskinstance.py:3134} INFO - Exporting env vars: AIRFLOW_CTX_DAG_OWNER='airflow' AIRFLOW_CTX_DAG_ID='multi_city_weather_pipeline' AIRFLOW_CTX_TASK_ID='fetch_weather_for_all_cities' AIRFLOW_CTX_EXECUTION_DATE='2025-04-16T18:00:00+00:00' AIRFLOW_CTX_TRY_NUMBER='1' AIRFLOW_CTX_DAG_RUN_ID='scheduled__2025-04-16T18:00:00+00:00'
[2025-04-16T14:00:09.612-0500] {logging_mixin.py:190} INFO - Task instance is in running state
[2025-04-16T14:00:09.612-0500] {logging_mixin.py:190} INFO -  Previous state of the Task instance: queued
[2025-04-16T14:00:09.613-0500] {logging_mixin.py:190} INFO - Current task name:fetch_weather_for_all_cities state:running start_date:2025-04-16 19:00:09.560103+00:00
[2025-04-16T14:00:09.613-0500] {logging_mixin.py:190} INFO - Dag name:multi_city_weather_pipeline and current dag run status:running
[2025-04-16T14:00:09.613-0500] {taskinstance.py:732} INFO - ::endgroup::
[2025-04-16T14:00:09.849-0500] {logging_mixin.py:190} INFO - Dallas: 26.39°C, scattered clouds
[2025-04-16T14:00:10.818-0500] {logging_mixin.py:190} INFO - Saved Dallas to DB.
[2025-04-16T14:00:11.002-0500] {logging_mixin.py:190} INFO - New York: 10.07°C, overcast clouds
[2025-04-16T14:00:11.288-0500] {logging_mixin.py:190} INFO - Saved New York to DB.
[2025-04-16T14:00:11.502-0500] {logging_mixin.py:190} INFO - London: 12.18°C, clear sky
[2025-04-16T14:00:11.605-0500] {logging_mixin.py:190} INFO - Saved London to DB.
[2025-04-16T14:00:12.131-0500] {logging_mixin.py:190} INFO - Tokyo: 13.51°C, clear sky
[2025-04-16T14:00:12.235-0500] {logging_mixin.py:190} INFO - Saved Tokyo to DB.
[2025-04-16T14:00:12.447-0500] {logging_mixin.py:190} INFO - Bengaluru: 21.8°C, scattered clouds
[2025-04-16T14:00:12.590-0500] {logging_mixin.py:190} INFO - Saved Bengaluru to DB.
[2025-04-16T14:00:12.780-0500] {logging_mixin.py:190} INFO - San Francisco: 14.85°C, scattered clouds
[2025-04-16T14:00:12.987-0500] {logging_mixin.py:190} INFO - Saved San Francisco to DB.
[2025-04-16T14:00:13.200-0500] {logging_mixin.py:190} INFO - Chicago: 8.12°C, broken clouds
[2025-04-16T14:00:13.355-0500] {logging_mixin.py:190} INFO - Saved Chicago to DB.
[2025-04-16T14:00:13.570-0500] {logging_mixin.py:190} INFO - Berlin: 21.85°C, clear sky
[2025-04-16T14:00:13.733-0500] {logging_mixin.py:190} INFO - Saved Berlin to DB.
[2025-04-16T14:00:13.917-0500] {logging_mixin.py:190} INFO - Sydney: 15.8°C, light intensity shower rain
[2025-04-16T14:00:14.200-0500] {logging_mixin.py:190} INFO - Saved Sydney to DB.
[2025-04-16T14:00:14.416-0500] {logging_mixin.py:190} INFO - Toronto: 4.9°C, overcast clouds
[2025-04-16T14:00:14.688-0500] {logging_mixin.py:190} INFO - Saved Toronto to DB.
[2025-04-16T14:00:14.875-0500] {logging_mixin.py:190} INFO - Mumbai: 27.85°C, clear sky
[2025-04-16T14:00:15.179-0500] {logging_mixin.py:190} INFO - Saved Mumbai to DB.
[2025-04-16T14:00:15.380-0500] {logging_mixin.py:190} INFO - Cape Town: 18.31°C, clear sky
[2025-04-16T14:00:15.584-0500] {logging_mixin.py:190} INFO - Saved Cape Town to DB.
[2025-04-16T14:00:15.651-0500] {logging_mixin.py:190} INFO - ✅ Excel report saved: /Users/Ramya_Rangaraju/Data_engineering_projects/weather_pipeline/scripts/../reports/weather_report_2025-04-16.xlsx
[2025-04-16T14:00:15.652-0500] {python.py:240} INFO - Done. Returned value was: None
[2025-04-16T14:00:15.655-0500] {taskinstance.py:341} INFO - ::group::Post task execution logs
[2025-04-16T14:00:15.656-0500] {taskinstance.py:353} INFO - Marking task as SUCCESS. dag_id=multi_city_weather_pipeline, task_id=fetch_weather_for_all_cities, run_id=scheduled__2025-04-16T18:00:00+00:00, execution_date=20250416T180000, start_date=20250416T190009, end_date=20250416T190015
[2025-04-16T14:00:15.661-0500] {logging_mixin.py:190} INFO - Task instance in success state
[2025-04-16T14:00:15.661-0500] {logging_mixin.py:190} INFO -  Previous state of the Task instance: running
[2025-04-16T14:00:15.661-0500] {logging_mixin.py:190} INFO - Dag name:multi_city_weather_pipeline queued_at:2025-04-16 19:00:01.964865+00:00
[2025-04-16T14:00:15.661-0500] {logging_mixin.py:190} INFO - Task hostname:ramyas-macbook-air.local operator:PythonOperator
[2025-04-16T14:00:15.680-0500] {local_task_job_runner.py:266} INFO - Task exited with return code 0
[2025-04-16T14:00:15.684-0500] {taskinstance.py:3901} INFO - 0 downstream tasks scheduled from follow-on schedule check
[2025-04-16T14:00:15.684-0500] {local_task_job_runner.py:245} INFO - ::endgroup::
