[2025-04-16T10:04:20.768-0500] {local_task_job_runner.py:123} INFO - ::group::Pre task execution logs
[2025-04-16T10:04:20.771-0500] {taskinstance.py:2614} INFO - Dependencies all met for dep_context=non-requeueable deps ti=<TaskInstance: multi_city_weather_pipeline.fetch_weather_for_all_cities scheduled__2025-04-16T14:00:00+00:00 [queued]>
[2025-04-16T10:04:20.773-0500] {taskinstance.py:2614} INFO - Dependencies all met for dep_context=requeueable deps ti=<TaskInstance: multi_city_weather_pipeline.fetch_weather_for_all_cities scheduled__2025-04-16T14:00:00+00:00 [queued]>
[2025-04-16T10:04:20.773-0500] {taskinstance.py:2867} INFO - Starting attempt 1 of 2
[2025-04-16T10:04:20.776-0500] {taskinstance.py:2890} INFO - Executing <Task(PythonOperator): fetch_weather_for_all_cities> on 2025-04-16 14:00:00+00:00
[2025-04-16T10:04:20.780-0500] {standard_task_runner.py:72} INFO - Started process 13319 to run task
[2025-04-16T10:04:20.783-0500] {standard_task_runner.py:104} INFO - Running: ['airflow', 'tasks', 'run', 'multi_city_weather_pipeline', 'fetch_weather_for_all_cities', 'scheduled__2025-04-16T14:00:00+00:00', '--job-id', '113', '--raw', '--subdir', 'DAGS_FOLDER/weather_pipeline_dag.py', '--cfg-path', '/var/folders/4n/q_76d_d57mb9q1qtrf4mvh940000gn/T/tmpmkaajixz']
[2025-04-16T10:04:20.784-0500] {standard_task_runner.py:105} INFO - Job 113: Subtask fetch_weather_for_all_cities
[2025-04-16T10:04:20.802-0500] {task_command.py:467} INFO - Running <TaskInstance: multi_city_weather_pipeline.fetch_weather_for_all_cities scheduled__2025-04-16T14:00:00+00:00 [running]> on host ramyas-macbook-air.local
[2025-04-16T10:04:20.822-0500] {taskinstance.py:3134} INFO - Exporting env vars: AIRFLOW_CTX_DAG_OWNER='airflow' AIRFLOW_CTX_DAG_ID='multi_city_weather_pipeline' AIRFLOW_CTX_TASK_ID='fetch_weather_for_all_cities' AIRFLOW_CTX_EXECUTION_DATE='2025-04-16T14:00:00+00:00' AIRFLOW_CTX_TRY_NUMBER='1' AIRFLOW_CTX_DAG_RUN_ID='scheduled__2025-04-16T14:00:00+00:00'
[2025-04-16T10:04:20.822-0500] {logging_mixin.py:190} INFO - Task instance is in running state
[2025-04-16T10:04:20.823-0500] {logging_mixin.py:190} INFO -  Previous state of the Task instance: queued
[2025-04-16T10:04:20.823-0500] {logging_mixin.py:190} INFO - Current task name:fetch_weather_for_all_cities state:running start_date:2025-04-16 15:04:20.771715+00:00
[2025-04-16T10:04:20.823-0500] {logging_mixin.py:190} INFO - Dag name:multi_city_weather_pipeline and current dag run status:running
[2025-04-16T10:04:20.823-0500] {taskinstance.py:732} INFO - ::endgroup::
[2025-04-16T10:04:22.215-0500] {logging_mixin.py:190} INFO - Dallas: 20.15°C, clear sky
[2025-04-16T10:04:22.624-0500] {logging_mixin.py:190} INFO - Saved Dallas to DB.
[2025-04-16T10:04:23.848-0500] {logging_mixin.py:190} INFO - New York: 8.56°C, overcast clouds
[2025-04-16T10:04:24.076-0500] {logging_mixin.py:190} INFO - Saved New York to DB.
[2025-04-16T10:04:24.275-0500] {logging_mixin.py:190} INFO - London: 15.14°C, scattered clouds
[2025-04-16T10:04:24.777-0500] {logging_mixin.py:190} INFO - Saved London to DB.
[2025-04-16T10:04:24.983-0500] {logging_mixin.py:190} INFO - Tokyo: 13.74°C, clear sky
[2025-04-16T10:04:25.049-0500] {logging_mixin.py:190} INFO - Saved Tokyo to DB.
[2025-04-16T10:04:25.257-0500] {logging_mixin.py:190} INFO - Bengaluru: 30.15°C, broken clouds
[2025-04-16T10:04:25.340-0500] {logging_mixin.py:190} INFO - Saved Bengaluru to DB.
[2025-04-16T10:04:25.563-0500] {logging_mixin.py:190} INFO - San Francisco: 11.87°C, overcast clouds
[2025-04-16T10:04:25.848-0500] {logging_mixin.py:190} INFO - Saved San Francisco to DB.
[2025-04-16T10:04:26.044-0500] {logging_mixin.py:190} INFO - Chicago: 5.84°C, few clouds
[2025-04-16T10:04:26.680-0500] {logging_mixin.py:190} INFO - Saved Chicago to DB.
[2025-04-16T10:04:26.978-0500] {logging_mixin.py:190} INFO - Berlin: 25.75°C, clear sky
[2025-04-16T10:04:27.231-0500] {logging_mixin.py:190} INFO - Saved Berlin to DB.
[2025-04-16T10:04:27.481-0500] {logging_mixin.py:190} INFO - Sydney: 16.51°C, moderate rain
[2025-04-16T10:04:27.784-0500] {logging_mixin.py:190} INFO - Saved Sydney to DB.
[2025-04-16T10:04:28.525-0500] {logging_mixin.py:190} INFO - Toronto: 2.92°C, overcast clouds
[2025-04-16T10:04:28.586-0500] {logging_mixin.py:190} INFO - Saved Toronto to DB.
[2025-04-16T10:04:28.802-0500] {logging_mixin.py:190} INFO - Mumbai: 28.4°C, clear sky
[2025-04-16T10:04:28.888-0500] {logging_mixin.py:190} INFO - Saved Mumbai to DB.
[2025-04-16T10:04:29.076-0500] {logging_mixin.py:190} INFO - Cape Town: 20.07°C, scattered clouds
[2025-04-16T10:04:29.305-0500] {logging_mixin.py:190} INFO - Saved Cape Town to DB.
[2025-04-16T10:04:29.696-0500] {logging_mixin.py:190} INFO - ✅ Excel report saved: /Users/Ramya_Rangaraju/Data_engineering_projects/weather_pipeline/scripts/../reports/weather_report_2025-04-16.xlsx
[2025-04-16T10:04:29.697-0500] {python.py:240} INFO - Done. Returned value was: None
[2025-04-16T10:04:29.699-0500] {taskinstance.py:341} INFO - ::group::Post task execution logs
[2025-04-16T10:04:29.700-0500] {taskinstance.py:353} INFO - Marking task as SUCCESS. dag_id=multi_city_weather_pipeline, task_id=fetch_weather_for_all_cities, run_id=scheduled__2025-04-16T14:00:00+00:00, execution_date=20250416T140000, start_date=20250416T150420, end_date=20250416T150429
[2025-04-16T10:04:29.704-0500] {logging_mixin.py:190} INFO - Task instance in success state
[2025-04-16T10:04:29.705-0500] {logging_mixin.py:190} INFO -  Previous state of the Task instance: running
[2025-04-16T10:04:29.705-0500] {logging_mixin.py:190} INFO - Dag name:multi_city_weather_pipeline queued_at:2025-04-16 15:04:08.382831+00:00
[2025-04-16T10:04:29.705-0500] {logging_mixin.py:190} INFO - Task hostname:ramyas-macbook-air.local operator:PythonOperator
[2025-04-16T10:04:29.720-0500] {local_task_job_runner.py:266} INFO - Task exited with return code 0
[2025-04-16T10:04:29.724-0500] {taskinstance.py:3901} INFO - 0 downstream tasks scheduled from follow-on schedule check
[2025-04-16T10:04:29.724-0500] {local_task_job_runner.py:245} INFO - ::endgroup::
