[2025-04-15T20:57:45.311-0500] {processor.py:186} INFO - Started process (PID=10499) to work on /Library/Frameworks/Python.framework/Versions/3.10/lib/python3.10/site-packages/airflow/example_dags/example_dynamic_task_mapping.py
[2025-04-15T20:57:45.311-0500] {processor.py:914} INFO - Processing file /Library/Frameworks/Python.framework/Versions/3.10/lib/python3.10/site-packages/airflow/example_dags/example_dynamic_task_mapping.py for tasks to queue
[2025-04-15T20:57:45.312-0500] {logging_mixin.py:190} INFO - [2025-04-15T20:57:45.311-0500] {dagbag.py:588} INFO - Filling up the DagBag from /Library/Frameworks/Python.framework/Versions/3.10/lib/python3.10/site-packages/airflow/example_dags/example_dynamic_task_mapping.py
[2025-04-15T20:57:45.345-0500] {processor.py:925} INFO - DAG(s) 'example_dynamic_task_mapping' retrieved from /Library/Frameworks/Python.framework/Versions/3.10/lib/python3.10/site-packages/airflow/example_dags/example_dynamic_task_mapping.py
[2025-04-15T20:57:45.377-0500] {logging_mixin.py:190} INFO - [2025-04-15T20:57:45.377-0500] {dag.py:3239} INFO - Sync 1 DAGs
[2025-04-15T20:57:45.381-0500] {logging_mixin.py:190} INFO - [2025-04-15T20:57:45.381-0500] {dag.py:4180} INFO - Setting next_dagrun for example_dynamic_task_mapping to None, run_after=None
[2025-04-15T20:57:45.386-0500] {processor.py:208} INFO - Processing /Library/Frameworks/Python.framework/Versions/3.10/lib/python3.10/site-packages/airflow/example_dags/example_dynamic_task_mapping.py took 0.077 seconds
[2025-04-15T21:00:48.260-0500] {processor.py:186} INFO - Started process (PID=10675) to work on /Library/Frameworks/Python.framework/Versions/3.10/lib/python3.10/site-packages/airflow/example_dags/example_dynamic_task_mapping.py
[2025-04-15T21:00:48.262-0500] {processor.py:914} INFO - Processing file /Library/Frameworks/Python.framework/Versions/3.10/lib/python3.10/site-packages/airflow/example_dags/example_dynamic_task_mapping.py for tasks to queue
[2025-04-15T21:00:48.262-0500] {logging_mixin.py:190} INFO - [2025-04-15T21:00:48.262-0500] {dagbag.py:588} INFO - Filling up the DagBag from /Library/Frameworks/Python.framework/Versions/3.10/lib/python3.10/site-packages/airflow/example_dags/example_dynamic_task_mapping.py
[2025-04-15T21:00:48.296-0500] {processor.py:925} INFO - DAG(s) 'example_dynamic_task_mapping' retrieved from /Library/Frameworks/Python.framework/Versions/3.10/lib/python3.10/site-packages/airflow/example_dags/example_dynamic_task_mapping.py
[2025-04-15T21:00:48.328-0500] {logging_mixin.py:190} INFO - [2025-04-15T21:00:48.328-0500] {dag.py:3239} INFO - Sync 1 DAGs
[2025-04-15T21:00:48.332-0500] {logging_mixin.py:190} INFO - [2025-04-15T21:00:48.332-0500] {dag.py:4180} INFO - Setting next_dagrun for example_dynamic_task_mapping to None, run_after=None
[2025-04-15T21:00:48.337-0500] {processor.py:208} INFO - Processing /Library/Frameworks/Python.framework/Versions/3.10/lib/python3.10/site-packages/airflow/example_dags/example_dynamic_task_mapping.py took 0.079 seconds
[2025-04-15T21:50:23.675-0500] {processor.py:186} INFO - Started process (PID=11020) to work on /Library/Frameworks/Python.framework/Versions/3.10/lib/python3.10/site-packages/airflow/example_dags/example_dynamic_task_mapping.py
[2025-04-15T21:50:23.675-0500] {processor.py:914} INFO - Processing file /Library/Frameworks/Python.framework/Versions/3.10/lib/python3.10/site-packages/airflow/example_dags/example_dynamic_task_mapping.py for tasks to queue
[2025-04-15T21:50:23.676-0500] {logging_mixin.py:190} INFO - [2025-04-15T21:50:23.676-0500] {dagbag.py:588} INFO - Filling up the DagBag from /Library/Frameworks/Python.framework/Versions/3.10/lib/python3.10/site-packages/airflow/example_dags/example_dynamic_task_mapping.py
[2025-04-15T21:50:23.712-0500] {processor.py:925} INFO - DAG(s) 'example_dynamic_task_mapping' retrieved from /Library/Frameworks/Python.framework/Versions/3.10/lib/python3.10/site-packages/airflow/example_dags/example_dynamic_task_mapping.py
[2025-04-15T21:50:23.742-0500] {logging_mixin.py:190} INFO - [2025-04-15T21:50:23.742-0500] {dag.py:3239} INFO - Sync 1 DAGs
[2025-04-15T21:50:23.746-0500] {logging_mixin.py:190} INFO - [2025-04-15T21:50:23.746-0500] {dag.py:4180} INFO - Setting next_dagrun for example_dynamic_task_mapping to None, run_after=None
[2025-04-15T21:50:23.751-0500] {processor.py:208} INFO - Processing /Library/Frameworks/Python.framework/Versions/3.10/lib/python3.10/site-packages/airflow/example_dags/example_dynamic_task_mapping.py took 0.078 seconds
[2025-04-15T23:46:27.454-0500] {processor.py:186} INFO - Started process (PID=11471) to work on /Library/Frameworks/Python.framework/Versions/3.10/lib/python3.10/site-packages/airflow/example_dags/example_dynamic_task_mapping.py
[2025-04-15T23:46:27.454-0500] {processor.py:914} INFO - Processing file /Library/Frameworks/Python.framework/Versions/3.10/lib/python3.10/site-packages/airflow/example_dags/example_dynamic_task_mapping.py for tasks to queue
[2025-04-15T23:46:27.455-0500] {logging_mixin.py:190} INFO - [2025-04-15T23:46:27.455-0500] {dagbag.py:588} INFO - Filling up the DagBag from /Library/Frameworks/Python.framework/Versions/3.10/lib/python3.10/site-packages/airflow/example_dags/example_dynamic_task_mapping.py
[2025-04-15T23:46:27.486-0500] {processor.py:925} INFO - DAG(s) 'example_dynamic_task_mapping' retrieved from /Library/Frameworks/Python.framework/Versions/3.10/lib/python3.10/site-packages/airflow/example_dags/example_dynamic_task_mapping.py
[2025-04-15T23:46:27.517-0500] {logging_mixin.py:190} INFO - [2025-04-15T23:46:27.517-0500] {dag.py:3239} INFO - Sync 1 DAGs
[2025-04-15T23:46:27.521-0500] {logging_mixin.py:190} INFO - [2025-04-15T23:46:27.521-0500] {dag.py:4180} INFO - Setting next_dagrun for example_dynamic_task_mapping to None, run_after=None
[2025-04-15T23:46:27.527-0500] {processor.py:208} INFO - Processing /Library/Frameworks/Python.framework/Versions/3.10/lib/python3.10/site-packages/airflow/example_dags/example_dynamic_task_mapping.py took 0.075 seconds
[2025-04-16T01:19:57.175-0500] {processor.py:186} INFO - Started process (PID=11956) to work on /Library/Frameworks/Python.framework/Versions/3.10/lib/python3.10/site-packages/airflow/example_dags/example_dynamic_task_mapping.py
[2025-04-16T01:19:57.176-0500] {processor.py:914} INFO - Processing file /Library/Frameworks/Python.framework/Versions/3.10/lib/python3.10/site-packages/airflow/example_dags/example_dynamic_task_mapping.py for tasks to queue
[2025-04-16T01:19:57.176-0500] {logging_mixin.py:190} INFO - [2025-04-16T01:19:57.176-0500] {dagbag.py:588} INFO - Filling up the DagBag from /Library/Frameworks/Python.framework/Versions/3.10/lib/python3.10/site-packages/airflow/example_dags/example_dynamic_task_mapping.py
[2025-04-16T01:19:57.207-0500] {processor.py:925} INFO - DAG(s) 'example_dynamic_task_mapping' retrieved from /Library/Frameworks/Python.framework/Versions/3.10/lib/python3.10/site-packages/airflow/example_dags/example_dynamic_task_mapping.py
[2025-04-16T01:19:57.237-0500] {logging_mixin.py:190} INFO - [2025-04-16T01:19:57.237-0500] {dag.py:3239} INFO - Sync 1 DAGs
[2025-04-16T01:19:57.241-0500] {logging_mixin.py:190} INFO - [2025-04-16T01:19:57.240-0500] {dag.py:4180} INFO - Setting next_dagrun for example_dynamic_task_mapping to None, run_after=None
[2025-04-16T01:19:57.246-0500] {processor.py:208} INFO - Processing /Library/Frameworks/Python.framework/Versions/3.10/lib/python3.10/site-packages/airflow/example_dags/example_dynamic_task_mapping.py took 0.072 seconds
[2025-04-16T03:53:06.829-0500] {processor.py:186} INFO - Started process (PID=12450) to work on /Library/Frameworks/Python.framework/Versions/3.10/lib/python3.10/site-packages/airflow/example_dags/example_dynamic_task_mapping.py
[2025-04-16T03:53:06.830-0500] {processor.py:914} INFO - Processing file /Library/Frameworks/Python.framework/Versions/3.10/lib/python3.10/site-packages/airflow/example_dags/example_dynamic_task_mapping.py for tasks to queue
[2025-04-16T03:53:06.830-0500] {logging_mixin.py:190} INFO - [2025-04-16T03:53:06.830-0500] {dagbag.py:588} INFO - Filling up the DagBag from /Library/Frameworks/Python.framework/Versions/3.10/lib/python3.10/site-packages/airflow/example_dags/example_dynamic_task_mapping.py
[2025-04-16T03:53:06.866-0500] {processor.py:925} INFO - DAG(s) 'example_dynamic_task_mapping' retrieved from /Library/Frameworks/Python.framework/Versions/3.10/lib/python3.10/site-packages/airflow/example_dags/example_dynamic_task_mapping.py
[2025-04-16T03:53:06.898-0500] {logging_mixin.py:190} INFO - [2025-04-16T03:53:06.898-0500] {dag.py:3239} INFO - Sync 1 DAGs
[2025-04-16T03:53:06.902-0500] {logging_mixin.py:190} INFO - [2025-04-16T03:53:06.902-0500] {dag.py:4180} INFO - Setting next_dagrun for example_dynamic_task_mapping to None, run_after=None
[2025-04-16T03:53:06.907-0500] {processor.py:208} INFO - Processing /Library/Frameworks/Python.framework/Versions/3.10/lib/python3.10/site-packages/airflow/example_dags/example_dynamic_task_mapping.py took 0.079 seconds
[2025-04-16T04:43:41.498-0500] {processor.py:186} INFO - Started process (PID=12656) to work on /Library/Frameworks/Python.framework/Versions/3.10/lib/python3.10/site-packages/airflow/example_dags/example_dynamic_task_mapping.py
[2025-04-16T04:43:41.498-0500] {processor.py:914} INFO - Processing file /Library/Frameworks/Python.framework/Versions/3.10/lib/python3.10/site-packages/airflow/example_dags/example_dynamic_task_mapping.py for tasks to queue
[2025-04-16T04:43:41.499-0500] {logging_mixin.py:190} INFO - [2025-04-16T04:43:41.499-0500] {dagbag.py:588} INFO - Filling up the DagBag from /Library/Frameworks/Python.framework/Versions/3.10/lib/python3.10/site-packages/airflow/example_dags/example_dynamic_task_mapping.py
[2025-04-16T04:43:41.530-0500] {processor.py:925} INFO - DAG(s) 'example_dynamic_task_mapping' retrieved from /Library/Frameworks/Python.framework/Versions/3.10/lib/python3.10/site-packages/airflow/example_dags/example_dynamic_task_mapping.py
[2025-04-16T04:43:41.562-0500] {logging_mixin.py:190} INFO - [2025-04-16T04:43:41.561-0500] {dag.py:3239} INFO - Sync 1 DAGs
[2025-04-16T04:43:41.565-0500] {logging_mixin.py:190} INFO - [2025-04-16T04:43:41.565-0500] {dag.py:4180} INFO - Setting next_dagrun for example_dynamic_task_mapping to None, run_after=None
[2025-04-16T04:43:41.570-0500] {processor.py:208} INFO - Processing /Library/Frameworks/Python.framework/Versions/3.10/lib/python3.10/site-packages/airflow/example_dags/example_dynamic_task_mapping.py took 0.074 seconds
[2025-04-16T05:54:32.287-0500] {processor.py:186} INFO - Started process (PID=12845) to work on /Library/Frameworks/Python.framework/Versions/3.10/lib/python3.10/site-packages/airflow/example_dags/example_dynamic_task_mapping.py
[2025-04-16T05:54:32.288-0500] {processor.py:914} INFO - Processing file /Library/Frameworks/Python.framework/Versions/3.10/lib/python3.10/site-packages/airflow/example_dags/example_dynamic_task_mapping.py for tasks to queue
[2025-04-16T05:54:32.289-0500] {logging_mixin.py:190} INFO - [2025-04-16T05:54:32.289-0500] {dagbag.py:588} INFO - Filling up the DagBag from /Library/Frameworks/Python.framework/Versions/3.10/lib/python3.10/site-packages/airflow/example_dags/example_dynamic_task_mapping.py
[2025-04-16T05:54:32.320-0500] {processor.py:925} INFO - DAG(s) 'example_dynamic_task_mapping' retrieved from /Library/Frameworks/Python.framework/Versions/3.10/lib/python3.10/site-packages/airflow/example_dags/example_dynamic_task_mapping.py
[2025-04-16T05:54:32.351-0500] {logging_mixin.py:190} INFO - [2025-04-16T05:54:32.351-0500] {dag.py:3239} INFO - Sync 1 DAGs
[2025-04-16T05:54:32.355-0500] {logging_mixin.py:190} INFO - [2025-04-16T05:54:32.355-0500] {dag.py:4180} INFO - Setting next_dagrun for example_dynamic_task_mapping to None, run_after=None
[2025-04-16T05:54:32.360-0500] {processor.py:208} INFO - Processing /Library/Frameworks/Python.framework/Versions/3.10/lib/python3.10/site-packages/airflow/example_dags/example_dynamic_task_mapping.py took 0.074 seconds
[2025-04-16T09:48:09.842-0500] {processor.py:186} INFO - Started process (PID=13261) to work on /Library/Frameworks/Python.framework/Versions/3.10/lib/python3.10/site-packages/airflow/example_dags/example_dynamic_task_mapping.py
[2025-04-16T09:48:09.842-0500] {processor.py:914} INFO - Processing file /Library/Frameworks/Python.framework/Versions/3.10/lib/python3.10/site-packages/airflow/example_dags/example_dynamic_task_mapping.py for tasks to queue
[2025-04-16T09:48:09.843-0500] {logging_mixin.py:190} INFO - [2025-04-16T09:48:09.843-0500] {dagbag.py:588} INFO - Filling up the DagBag from /Library/Frameworks/Python.framework/Versions/3.10/lib/python3.10/site-packages/airflow/example_dags/example_dynamic_task_mapping.py
[2025-04-16T09:48:09.873-0500] {processor.py:925} INFO - DAG(s) 'example_dynamic_task_mapping' retrieved from /Library/Frameworks/Python.framework/Versions/3.10/lib/python3.10/site-packages/airflow/example_dags/example_dynamic_task_mapping.py
[2025-04-16T09:48:09.904-0500] {logging_mixin.py:190} INFO - [2025-04-16T09:48:09.904-0500] {dag.py:3239} INFO - Sync 1 DAGs
[2025-04-16T09:48:09.908-0500] {logging_mixin.py:190} INFO - [2025-04-16T09:48:09.908-0500] {dag.py:4180} INFO - Setting next_dagrun for example_dynamic_task_mapping to None, run_after=None
[2025-04-16T09:48:09.913-0500] {processor.py:208} INFO - Processing /Library/Frameworks/Python.framework/Versions/3.10/lib/python3.10/site-packages/airflow/example_dags/example_dynamic_task_mapping.py took 0.073 seconds
[2025-04-16T10:32:25.152-0500] {processor.py:186} INFO - Started process (PID=13534) to work on /Library/Frameworks/Python.framework/Versions/3.10/lib/python3.10/site-packages/airflow/example_dags/example_dynamic_task_mapping.py
[2025-04-16T10:32:25.152-0500] {processor.py:914} INFO - Processing file /Library/Frameworks/Python.framework/Versions/3.10/lib/python3.10/site-packages/airflow/example_dags/example_dynamic_task_mapping.py for tasks to queue
[2025-04-16T10:32:25.153-0500] {logging_mixin.py:190} INFO - [2025-04-16T10:32:25.153-0500] {dagbag.py:588} INFO - Filling up the DagBag from /Library/Frameworks/Python.framework/Versions/3.10/lib/python3.10/site-packages/airflow/example_dags/example_dynamic_task_mapping.py
[2025-04-16T10:32:25.188-0500] {processor.py:925} INFO - DAG(s) 'example_dynamic_task_mapping' retrieved from /Library/Frameworks/Python.framework/Versions/3.10/lib/python3.10/site-packages/airflow/example_dags/example_dynamic_task_mapping.py
[2025-04-16T10:32:25.223-0500] {logging_mixin.py:190} INFO - [2025-04-16T10:32:25.223-0500] {dag.py:3239} INFO - Sync 1 DAGs
[2025-04-16T10:32:25.227-0500] {logging_mixin.py:190} INFO - [2025-04-16T10:32:25.227-0500] {dag.py:4180} INFO - Setting next_dagrun for example_dynamic_task_mapping to None, run_after=None
[2025-04-16T10:32:25.232-0500] {processor.py:208} INFO - Processing /Library/Frameworks/Python.framework/Versions/3.10/lib/python3.10/site-packages/airflow/example_dags/example_dynamic_task_mapping.py took 0.082 seconds
[2025-04-16T10:37:26.403-0500] {processor.py:186} INFO - Started process (PID=13929) to work on /Library/Frameworks/Python.framework/Versions/3.10/lib/python3.10/site-packages/airflow/example_dags/example_dynamic_task_mapping.py
[2025-04-16T10:37:26.404-0500] {processor.py:914} INFO - Processing file /Library/Frameworks/Python.framework/Versions/3.10/lib/python3.10/site-packages/airflow/example_dags/example_dynamic_task_mapping.py for tasks to queue
[2025-04-16T10:37:26.404-0500] {logging_mixin.py:190} INFO - [2025-04-16T10:37:26.404-0500] {dagbag.py:588} INFO - Filling up the DagBag from /Library/Frameworks/Python.framework/Versions/3.10/lib/python3.10/site-packages/airflow/example_dags/example_dynamic_task_mapping.py
[2025-04-16T10:37:26.437-0500] {processor.py:925} INFO - DAG(s) 'example_dynamic_task_mapping' retrieved from /Library/Frameworks/Python.framework/Versions/3.10/lib/python3.10/site-packages/airflow/example_dags/example_dynamic_task_mapping.py
[2025-04-16T10:37:26.469-0500] {logging_mixin.py:190} INFO - [2025-04-16T10:37:26.469-0500] {dag.py:3239} INFO - Sync 1 DAGs
[2025-04-16T10:37:26.473-0500] {logging_mixin.py:190} INFO - [2025-04-16T10:37:26.473-0500] {dag.py:4180} INFO - Setting next_dagrun for example_dynamic_task_mapping to None, run_after=None
[2025-04-16T10:37:26.478-0500] {processor.py:208} INFO - Processing /Library/Frameworks/Python.framework/Versions/3.10/lib/python3.10/site-packages/airflow/example_dags/example_dynamic_task_mapping.py took 0.077 seconds
[2025-04-16T10:42:12.667-0500] {processor.py:186} INFO - Started process (PID=14242) to work on /Library/Frameworks/Python.framework/Versions/3.10/lib/python3.10/site-packages/airflow/example_dags/example_dynamic_task_mapping.py
[2025-04-16T10:42:12.670-0500] {processor.py:914} INFO - Processing file /Library/Frameworks/Python.framework/Versions/3.10/lib/python3.10/site-packages/airflow/example_dags/example_dynamic_task_mapping.py for tasks to queue
[2025-04-16T10:42:12.670-0500] {logging_mixin.py:190} INFO - [2025-04-16T10:42:12.670-0500] {dagbag.py:588} INFO - Filling up the DagBag from /Library/Frameworks/Python.framework/Versions/3.10/lib/python3.10/site-packages/airflow/example_dags/example_dynamic_task_mapping.py
[2025-04-16T10:42:12.702-0500] {processor.py:925} INFO - DAG(s) 'example_dynamic_task_mapping' retrieved from /Library/Frameworks/Python.framework/Versions/3.10/lib/python3.10/site-packages/airflow/example_dags/example_dynamic_task_mapping.py
[2025-04-16T10:42:12.732-0500] {logging_mixin.py:190} INFO - [2025-04-16T10:42:12.732-0500] {dag.py:3239} INFO - Sync 1 DAGs
[2025-04-16T10:42:12.736-0500] {logging_mixin.py:190} INFO - [2025-04-16T10:42:12.736-0500] {dag.py:4180} INFO - Setting next_dagrun for example_dynamic_task_mapping to None, run_after=None
[2025-04-16T10:42:12.741-0500] {processor.py:208} INFO - Processing /Library/Frameworks/Python.framework/Versions/3.10/lib/python3.10/site-packages/airflow/example_dags/example_dynamic_task_mapping.py took 0.076 seconds
[2025-04-16T10:46:47.830-0500] {processor.py:186} INFO - Started process (PID=14513) to work on /Library/Frameworks/Python.framework/Versions/3.10/lib/python3.10/site-packages/airflow/example_dags/example_dynamic_task_mapping.py
[2025-04-16T10:46:47.831-0500] {processor.py:914} INFO - Processing file /Library/Frameworks/Python.framework/Versions/3.10/lib/python3.10/site-packages/airflow/example_dags/example_dynamic_task_mapping.py for tasks to queue
[2025-04-16T10:46:47.831-0500] {logging_mixin.py:190} INFO - [2025-04-16T10:46:47.831-0500] {dagbag.py:588} INFO - Filling up the DagBag from /Library/Frameworks/Python.framework/Versions/3.10/lib/python3.10/site-packages/airflow/example_dags/example_dynamic_task_mapping.py
[2025-04-16T10:46:47.867-0500] {processor.py:925} INFO - DAG(s) 'example_dynamic_task_mapping' retrieved from /Library/Frameworks/Python.framework/Versions/3.10/lib/python3.10/site-packages/airflow/example_dags/example_dynamic_task_mapping.py
[2025-04-16T10:46:47.899-0500] {logging_mixin.py:190} INFO - [2025-04-16T10:46:47.899-0500] {dag.py:3239} INFO - Sync 1 DAGs
[2025-04-16T10:46:47.903-0500] {logging_mixin.py:190} INFO - [2025-04-16T10:46:47.903-0500] {dag.py:4180} INFO - Setting next_dagrun for example_dynamic_task_mapping to None, run_after=None
[2025-04-16T10:46:47.908-0500] {processor.py:208} INFO - Processing /Library/Frameworks/Python.framework/Versions/3.10/lib/python3.10/site-packages/airflow/example_dags/example_dynamic_task_mapping.py took 0.080 seconds
[2025-04-16T10:51:31.493-0500] {processor.py:186} INFO - Started process (PID=14797) to work on /Library/Frameworks/Python.framework/Versions/3.10/lib/python3.10/site-packages/airflow/example_dags/example_dynamic_task_mapping.py
[2025-04-16T10:51:31.494-0500] {processor.py:914} INFO - Processing file /Library/Frameworks/Python.framework/Versions/3.10/lib/python3.10/site-packages/airflow/example_dags/example_dynamic_task_mapping.py for tasks to queue
[2025-04-16T10:51:31.494-0500] {logging_mixin.py:190} INFO - [2025-04-16T10:51:31.494-0500] {dagbag.py:588} INFO - Filling up the DagBag from /Library/Frameworks/Python.framework/Versions/3.10/lib/python3.10/site-packages/airflow/example_dags/example_dynamic_task_mapping.py
[2025-04-16T10:51:31.529-0500] {processor.py:925} INFO - DAG(s) 'example_dynamic_task_mapping' retrieved from /Library/Frameworks/Python.framework/Versions/3.10/lib/python3.10/site-packages/airflow/example_dags/example_dynamic_task_mapping.py
[2025-04-16T10:51:31.561-0500] {logging_mixin.py:190} INFO - [2025-04-16T10:51:31.561-0500] {dag.py:3239} INFO - Sync 1 DAGs
[2025-04-16T10:51:31.565-0500] {logging_mixin.py:190} INFO - [2025-04-16T10:51:31.565-0500] {dag.py:4180} INFO - Setting next_dagrun for example_dynamic_task_mapping to None, run_after=None
[2025-04-16T10:51:31.571-0500] {processor.py:208} INFO - Processing /Library/Frameworks/Python.framework/Versions/3.10/lib/python3.10/site-packages/airflow/example_dags/example_dynamic_task_mapping.py took 0.079 seconds
[2025-04-16T10:56:16.628-0500] {processor.py:186} INFO - Started process (PID=15079) to work on /Library/Frameworks/Python.framework/Versions/3.10/lib/python3.10/site-packages/airflow/example_dags/example_dynamic_task_mapping.py
[2025-04-16T10:56:16.629-0500] {processor.py:914} INFO - Processing file /Library/Frameworks/Python.framework/Versions/3.10/lib/python3.10/site-packages/airflow/example_dags/example_dynamic_task_mapping.py for tasks to queue
[2025-04-16T10:56:16.629-0500] {logging_mixin.py:190} INFO - [2025-04-16T10:56:16.629-0500] {dagbag.py:588} INFO - Filling up the DagBag from /Library/Frameworks/Python.framework/Versions/3.10/lib/python3.10/site-packages/airflow/example_dags/example_dynamic_task_mapping.py
[2025-04-16T10:56:16.663-0500] {processor.py:925} INFO - DAG(s) 'example_dynamic_task_mapping' retrieved from /Library/Frameworks/Python.framework/Versions/3.10/lib/python3.10/site-packages/airflow/example_dags/example_dynamic_task_mapping.py
[2025-04-16T10:56:16.695-0500] {logging_mixin.py:190} INFO - [2025-04-16T10:56:16.695-0500] {dag.py:3239} INFO - Sync 1 DAGs
[2025-04-16T10:56:16.698-0500] {logging_mixin.py:190} INFO - [2025-04-16T10:56:16.698-0500] {dag.py:4180} INFO - Setting next_dagrun for example_dynamic_task_mapping to None, run_after=None
[2025-04-16T10:56:16.704-0500] {processor.py:208} INFO - Processing /Library/Frameworks/Python.framework/Versions/3.10/lib/python3.10/site-packages/airflow/example_dags/example_dynamic_task_mapping.py took 0.078 seconds
[2025-04-16T11:01:09.557-0500] {processor.py:186} INFO - Started process (PID=15370) to work on /Library/Frameworks/Python.framework/Versions/3.10/lib/python3.10/site-packages/airflow/example_dags/example_dynamic_task_mapping.py
[2025-04-16T11:01:09.558-0500] {processor.py:914} INFO - Processing file /Library/Frameworks/Python.framework/Versions/3.10/lib/python3.10/site-packages/airflow/example_dags/example_dynamic_task_mapping.py for tasks to queue
[2025-04-16T11:01:09.558-0500] {logging_mixin.py:190} INFO - [2025-04-16T11:01:09.558-0500] {dagbag.py:588} INFO - Filling up the DagBag from /Library/Frameworks/Python.framework/Versions/3.10/lib/python3.10/site-packages/airflow/example_dags/example_dynamic_task_mapping.py
[2025-04-16T11:01:09.595-0500] {processor.py:925} INFO - DAG(s) 'example_dynamic_task_mapping' retrieved from /Library/Frameworks/Python.framework/Versions/3.10/lib/python3.10/site-packages/airflow/example_dags/example_dynamic_task_mapping.py
[2025-04-16T11:01:09.629-0500] {logging_mixin.py:190} INFO - [2025-04-16T11:01:09.628-0500] {dag.py:3239} INFO - Sync 1 DAGs
[2025-04-16T11:01:09.632-0500] {logging_mixin.py:190} INFO - [2025-04-16T11:01:09.632-0500] {dag.py:4180} INFO - Setting next_dagrun for example_dynamic_task_mapping to None, run_after=None
[2025-04-16T11:01:09.638-0500] {processor.py:208} INFO - Processing /Library/Frameworks/Python.framework/Versions/3.10/lib/python3.10/site-packages/airflow/example_dags/example_dynamic_task_mapping.py took 0.082 seconds
[2025-04-16T11:06:09.046-0500] {processor.py:186} INFO - Started process (PID=15686) to work on /Library/Frameworks/Python.framework/Versions/3.10/lib/python3.10/site-packages/airflow/example_dags/example_dynamic_task_mapping.py
[2025-04-16T11:06:09.046-0500] {processor.py:914} INFO - Processing file /Library/Frameworks/Python.framework/Versions/3.10/lib/python3.10/site-packages/airflow/example_dags/example_dynamic_task_mapping.py for tasks to queue
[2025-04-16T11:06:09.047-0500] {logging_mixin.py:190} INFO - [2025-04-16T11:06:09.046-0500] {dagbag.py:588} INFO - Filling up the DagBag from /Library/Frameworks/Python.framework/Versions/3.10/lib/python3.10/site-packages/airflow/example_dags/example_dynamic_task_mapping.py
[2025-04-16T11:06:09.080-0500] {processor.py:925} INFO - DAG(s) 'example_dynamic_task_mapping' retrieved from /Library/Frameworks/Python.framework/Versions/3.10/lib/python3.10/site-packages/airflow/example_dags/example_dynamic_task_mapping.py
[2025-04-16T11:06:09.112-0500] {logging_mixin.py:190} INFO - [2025-04-16T11:06:09.112-0500] {dag.py:3239} INFO - Sync 1 DAGs
[2025-04-16T11:06:09.116-0500] {logging_mixin.py:190} INFO - [2025-04-16T11:06:09.116-0500] {dag.py:4180} INFO - Setting next_dagrun for example_dynamic_task_mapping to None, run_after=None
[2025-04-16T11:06:09.121-0500] {processor.py:208} INFO - Processing /Library/Frameworks/Python.framework/Versions/3.10/lib/python3.10/site-packages/airflow/example_dags/example_dynamic_task_mapping.py took 0.077 seconds
[2025-04-16T11:10:47.698-0500] {processor.py:186} INFO - Started process (PID=15963) to work on /Library/Frameworks/Python.framework/Versions/3.10/lib/python3.10/site-packages/airflow/example_dags/example_dynamic_task_mapping.py
[2025-04-16T11:10:47.698-0500] {processor.py:914} INFO - Processing file /Library/Frameworks/Python.framework/Versions/3.10/lib/python3.10/site-packages/airflow/example_dags/example_dynamic_task_mapping.py for tasks to queue
[2025-04-16T11:10:47.699-0500] {logging_mixin.py:190} INFO - [2025-04-16T11:10:47.699-0500] {dagbag.py:588} INFO - Filling up the DagBag from /Library/Frameworks/Python.framework/Versions/3.10/lib/python3.10/site-packages/airflow/example_dags/example_dynamic_task_mapping.py
[2025-04-16T11:10:47.730-0500] {processor.py:925} INFO - DAG(s) 'example_dynamic_task_mapping' retrieved from /Library/Frameworks/Python.framework/Versions/3.10/lib/python3.10/site-packages/airflow/example_dags/example_dynamic_task_mapping.py
[2025-04-16T11:10:47.761-0500] {logging_mixin.py:190} INFO - [2025-04-16T11:10:47.761-0500] {dag.py:3239} INFO - Sync 1 DAGs
[2025-04-16T11:10:47.765-0500] {logging_mixin.py:190} INFO - [2025-04-16T11:10:47.765-0500] {dag.py:4180} INFO - Setting next_dagrun for example_dynamic_task_mapping to None, run_after=None
[2025-04-16T11:10:47.771-0500] {processor.py:208} INFO - Processing /Library/Frameworks/Python.framework/Versions/3.10/lib/python3.10/site-packages/airflow/example_dags/example_dynamic_task_mapping.py took 0.075 seconds
[2025-04-16T11:15:20.072-0500] {processor.py:186} INFO - Started process (PID=16280) to work on /Library/Frameworks/Python.framework/Versions/3.10/lib/python3.10/site-packages/airflow/example_dags/example_dynamic_task_mapping.py
[2025-04-16T11:15:20.072-0500] {processor.py:914} INFO - Processing file /Library/Frameworks/Python.framework/Versions/3.10/lib/python3.10/site-packages/airflow/example_dags/example_dynamic_task_mapping.py for tasks to queue
[2025-04-16T11:15:20.073-0500] {logging_mixin.py:190} INFO - [2025-04-16T11:15:20.073-0500] {dagbag.py:588} INFO - Filling up the DagBag from /Library/Frameworks/Python.framework/Versions/3.10/lib/python3.10/site-packages/airflow/example_dags/example_dynamic_task_mapping.py
[2025-04-16T11:15:20.105-0500] {processor.py:925} INFO - DAG(s) 'example_dynamic_task_mapping' retrieved from /Library/Frameworks/Python.framework/Versions/3.10/lib/python3.10/site-packages/airflow/example_dags/example_dynamic_task_mapping.py
[2025-04-16T11:15:20.137-0500] {logging_mixin.py:190} INFO - [2025-04-16T11:15:20.137-0500] {dag.py:3239} INFO - Sync 1 DAGs
[2025-04-16T11:15:20.141-0500] {logging_mixin.py:190} INFO - [2025-04-16T11:15:20.141-0500] {dag.py:4180} INFO - Setting next_dagrun for example_dynamic_task_mapping to None, run_after=None
[2025-04-16T11:15:20.147-0500] {processor.py:208} INFO - Processing /Library/Frameworks/Python.framework/Versions/3.10/lib/python3.10/site-packages/airflow/example_dags/example_dynamic_task_mapping.py took 0.077 seconds
[2025-04-16T11:19:49.133-0500] {processor.py:186} INFO - Started process (PID=16574) to work on /Library/Frameworks/Python.framework/Versions/3.10/lib/python3.10/site-packages/airflow/example_dags/example_dynamic_task_mapping.py
[2025-04-16T11:19:49.134-0500] {processor.py:914} INFO - Processing file /Library/Frameworks/Python.framework/Versions/3.10/lib/python3.10/site-packages/airflow/example_dags/example_dynamic_task_mapping.py for tasks to queue
[2025-04-16T11:19:49.134-0500] {logging_mixin.py:190} INFO - [2025-04-16T11:19:49.134-0500] {dagbag.py:588} INFO - Filling up the DagBag from /Library/Frameworks/Python.framework/Versions/3.10/lib/python3.10/site-packages/airflow/example_dags/example_dynamic_task_mapping.py
[2025-04-16T11:19:49.165-0500] {processor.py:925} INFO - DAG(s) 'example_dynamic_task_mapping' retrieved from /Library/Frameworks/Python.framework/Versions/3.10/lib/python3.10/site-packages/airflow/example_dags/example_dynamic_task_mapping.py
[2025-04-16T11:19:49.198-0500] {logging_mixin.py:190} INFO - [2025-04-16T11:19:49.197-0500] {dag.py:3239} INFO - Sync 1 DAGs
[2025-04-16T11:19:49.201-0500] {logging_mixin.py:190} INFO - [2025-04-16T11:19:49.201-0500] {dag.py:4180} INFO - Setting next_dagrun for example_dynamic_task_mapping to None, run_after=None
[2025-04-16T11:19:49.207-0500] {processor.py:208} INFO - Processing /Library/Frameworks/Python.framework/Versions/3.10/lib/python3.10/site-packages/airflow/example_dags/example_dynamic_task_mapping.py took 0.076 seconds
[2025-04-16T11:24:28.876-0500] {processor.py:186} INFO - Started process (PID=16840) to work on /Library/Frameworks/Python.framework/Versions/3.10/lib/python3.10/site-packages/airflow/example_dags/example_dynamic_task_mapping.py
[2025-04-16T11:24:28.877-0500] {processor.py:914} INFO - Processing file /Library/Frameworks/Python.framework/Versions/3.10/lib/python3.10/site-packages/airflow/example_dags/example_dynamic_task_mapping.py for tasks to queue
[2025-04-16T11:24:28.877-0500] {logging_mixin.py:190} INFO - [2025-04-16T11:24:28.877-0500] {dagbag.py:588} INFO - Filling up the DagBag from /Library/Frameworks/Python.framework/Versions/3.10/lib/python3.10/site-packages/airflow/example_dags/example_dynamic_task_mapping.py
[2025-04-16T11:24:28.909-0500] {processor.py:925} INFO - DAG(s) 'example_dynamic_task_mapping' retrieved from /Library/Frameworks/Python.framework/Versions/3.10/lib/python3.10/site-packages/airflow/example_dags/example_dynamic_task_mapping.py
[2025-04-16T11:24:28.940-0500] {logging_mixin.py:190} INFO - [2025-04-16T11:24:28.940-0500] {dag.py:3239} INFO - Sync 1 DAGs
[2025-04-16T11:24:28.944-0500] {logging_mixin.py:190} INFO - [2025-04-16T11:24:28.944-0500] {dag.py:4180} INFO - Setting next_dagrun for example_dynamic_task_mapping to None, run_after=None
[2025-04-16T11:24:28.949-0500] {processor.py:208} INFO - Processing /Library/Frameworks/Python.framework/Versions/3.10/lib/python3.10/site-packages/airflow/example_dags/example_dynamic_task_mapping.py took 0.075 seconds
[2025-04-16T11:28:59.202-0500] {processor.py:186} INFO - Started process (PID=17184) to work on /Library/Frameworks/Python.framework/Versions/3.10/lib/python3.10/site-packages/airflow/example_dags/example_dynamic_task_mapping.py
[2025-04-16T11:28:59.202-0500] {processor.py:914} INFO - Processing file /Library/Frameworks/Python.framework/Versions/3.10/lib/python3.10/site-packages/airflow/example_dags/example_dynamic_task_mapping.py for tasks to queue
[2025-04-16T11:28:59.203-0500] {logging_mixin.py:190} INFO - [2025-04-16T11:28:59.203-0500] {dagbag.py:588} INFO - Filling up the DagBag from /Library/Frameworks/Python.framework/Versions/3.10/lib/python3.10/site-packages/airflow/example_dags/example_dynamic_task_mapping.py
[2025-04-16T11:28:59.235-0500] {processor.py:925} INFO - DAG(s) 'example_dynamic_task_mapping' retrieved from /Library/Frameworks/Python.framework/Versions/3.10/lib/python3.10/site-packages/airflow/example_dags/example_dynamic_task_mapping.py
[2025-04-16T11:28:59.267-0500] {logging_mixin.py:190} INFO - [2025-04-16T11:28:59.267-0500] {dag.py:3239} INFO - Sync 1 DAGs
[2025-04-16T11:28:59.271-0500] {logging_mixin.py:190} INFO - [2025-04-16T11:28:59.271-0500] {dag.py:4180} INFO - Setting next_dagrun for example_dynamic_task_mapping to None, run_after=None
[2025-04-16T11:28:59.276-0500] {processor.py:208} INFO - Processing /Library/Frameworks/Python.framework/Versions/3.10/lib/python3.10/site-packages/airflow/example_dags/example_dynamic_task_mapping.py took 0.076 seconds
[2025-04-16T11:48:16.173-0500] {processor.py:186} INFO - Started process (PID=17498) to work on /Library/Frameworks/Python.framework/Versions/3.10/lib/python3.10/site-packages/airflow/example_dags/example_dynamic_task_mapping.py
[2025-04-16T11:48:16.173-0500] {processor.py:914} INFO - Processing file /Library/Frameworks/Python.framework/Versions/3.10/lib/python3.10/site-packages/airflow/example_dags/example_dynamic_task_mapping.py for tasks to queue
[2025-04-16T11:48:16.174-0500] {logging_mixin.py:190} INFO - [2025-04-16T11:48:16.174-0500] {dagbag.py:588} INFO - Filling up the DagBag from /Library/Frameworks/Python.framework/Versions/3.10/lib/python3.10/site-packages/airflow/example_dags/example_dynamic_task_mapping.py
[2025-04-16T11:48:16.205-0500] {processor.py:925} INFO - DAG(s) 'example_dynamic_task_mapping' retrieved from /Library/Frameworks/Python.framework/Versions/3.10/lib/python3.10/site-packages/airflow/example_dags/example_dynamic_task_mapping.py
[2025-04-16T11:48:16.237-0500] {logging_mixin.py:190} INFO - [2025-04-16T11:48:16.237-0500] {dag.py:3239} INFO - Sync 1 DAGs
[2025-04-16T11:48:16.241-0500] {logging_mixin.py:190} INFO - [2025-04-16T11:48:16.241-0500] {dag.py:4180} INFO - Setting next_dagrun for example_dynamic_task_mapping to None, run_after=None
[2025-04-16T11:48:16.247-0500] {processor.py:208} INFO - Processing /Library/Frameworks/Python.framework/Versions/3.10/lib/python3.10/site-packages/airflow/example_dags/example_dynamic_task_mapping.py took 0.076 seconds
[2025-04-16T11:53:47.888-0500] {processor.py:186} INFO - Started process (PID=17870) to work on /Library/Frameworks/Python.framework/Versions/3.10/lib/python3.10/site-packages/airflow/example_dags/example_dynamic_task_mapping.py
[2025-04-16T11:53:47.888-0500] {processor.py:914} INFO - Processing file /Library/Frameworks/Python.framework/Versions/3.10/lib/python3.10/site-packages/airflow/example_dags/example_dynamic_task_mapping.py for tasks to queue
[2025-04-16T11:53:47.889-0500] {logging_mixin.py:190} INFO - [2025-04-16T11:53:47.889-0500] {dagbag.py:588} INFO - Filling up the DagBag from /Library/Frameworks/Python.framework/Versions/3.10/lib/python3.10/site-packages/airflow/example_dags/example_dynamic_task_mapping.py
[2025-04-16T11:53:47.920-0500] {processor.py:925} INFO - DAG(s) 'example_dynamic_task_mapping' retrieved from /Library/Frameworks/Python.framework/Versions/3.10/lib/python3.10/site-packages/airflow/example_dags/example_dynamic_task_mapping.py
[2025-04-16T11:53:47.952-0500] {logging_mixin.py:190} INFO - [2025-04-16T11:53:47.952-0500] {dag.py:3239} INFO - Sync 1 DAGs
[2025-04-16T11:53:47.956-0500] {logging_mixin.py:190} INFO - [2025-04-16T11:53:47.956-0500] {dag.py:4180} INFO - Setting next_dagrun for example_dynamic_task_mapping to None, run_after=None
[2025-04-16T11:53:47.961-0500] {processor.py:208} INFO - Processing /Library/Frameworks/Python.framework/Versions/3.10/lib/python3.10/site-packages/airflow/example_dags/example_dynamic_task_mapping.py took 0.075 seconds
[2025-04-16T11:58:11.401-0500] {processor.py:186} INFO - Started process (PID=18205) to work on /Library/Frameworks/Python.framework/Versions/3.10/lib/python3.10/site-packages/airflow/example_dags/example_dynamic_task_mapping.py
[2025-04-16T11:58:11.402-0500] {processor.py:914} INFO - Processing file /Library/Frameworks/Python.framework/Versions/3.10/lib/python3.10/site-packages/airflow/example_dags/example_dynamic_task_mapping.py for tasks to queue
[2025-04-16T11:58:11.402-0500] {logging_mixin.py:190} INFO - [2025-04-16T11:58:11.402-0500] {dagbag.py:588} INFO - Filling up the DagBag from /Library/Frameworks/Python.framework/Versions/3.10/lib/python3.10/site-packages/airflow/example_dags/example_dynamic_task_mapping.py
[2025-04-16T11:58:11.433-0500] {processor.py:925} INFO - DAG(s) 'example_dynamic_task_mapping' retrieved from /Library/Frameworks/Python.framework/Versions/3.10/lib/python3.10/site-packages/airflow/example_dags/example_dynamic_task_mapping.py
[2025-04-16T11:58:11.464-0500] {logging_mixin.py:190} INFO - [2025-04-16T11:58:11.464-0500] {dag.py:3239} INFO - Sync 1 DAGs
[2025-04-16T11:58:11.467-0500] {logging_mixin.py:190} INFO - [2025-04-16T11:58:11.467-0500] {dag.py:4180} INFO - Setting next_dagrun for example_dynamic_task_mapping to None, run_after=None
[2025-04-16T11:58:11.473-0500] {processor.py:208} INFO - Processing /Library/Frameworks/Python.framework/Versions/3.10/lib/python3.10/site-packages/airflow/example_dags/example_dynamic_task_mapping.py took 0.073 seconds
[2025-04-16T12:02:52.275-0500] {processor.py:186} INFO - Started process (PID=18556) to work on /Library/Frameworks/Python.framework/Versions/3.10/lib/python3.10/site-packages/airflow/example_dags/example_dynamic_task_mapping.py
[2025-04-16T12:02:52.276-0500] {processor.py:914} INFO - Processing file /Library/Frameworks/Python.framework/Versions/3.10/lib/python3.10/site-packages/airflow/example_dags/example_dynamic_task_mapping.py for tasks to queue
[2025-04-16T12:02:52.276-0500] {logging_mixin.py:190} INFO - [2025-04-16T12:02:52.276-0500] {dagbag.py:588} INFO - Filling up the DagBag from /Library/Frameworks/Python.framework/Versions/3.10/lib/python3.10/site-packages/airflow/example_dags/example_dynamic_task_mapping.py
[2025-04-16T12:02:52.307-0500] {processor.py:925} INFO - DAG(s) 'example_dynamic_task_mapping' retrieved from /Library/Frameworks/Python.framework/Versions/3.10/lib/python3.10/site-packages/airflow/example_dags/example_dynamic_task_mapping.py
[2025-04-16T12:02:52.339-0500] {logging_mixin.py:190} INFO - [2025-04-16T12:02:52.339-0500] {dag.py:3239} INFO - Sync 1 DAGs
[2025-04-16T12:02:52.342-0500] {logging_mixin.py:190} INFO - [2025-04-16T12:02:52.342-0500] {dag.py:4180} INFO - Setting next_dagrun for example_dynamic_task_mapping to None, run_after=None
[2025-04-16T12:02:52.348-0500] {processor.py:208} INFO - Processing /Library/Frameworks/Python.framework/Versions/3.10/lib/python3.10/site-packages/airflow/example_dags/example_dynamic_task_mapping.py took 0.075 seconds
[2025-04-16T12:07:08.578-0500] {processor.py:186} INFO - Started process (PID=18856) to work on /Library/Frameworks/Python.framework/Versions/3.10/lib/python3.10/site-packages/airflow/example_dags/example_dynamic_task_mapping.py
[2025-04-16T12:07:08.579-0500] {processor.py:914} INFO - Processing file /Library/Frameworks/Python.framework/Versions/3.10/lib/python3.10/site-packages/airflow/example_dags/example_dynamic_task_mapping.py for tasks to queue
[2025-04-16T12:07:08.579-0500] {logging_mixin.py:190} INFO - [2025-04-16T12:07:08.579-0500] {dagbag.py:588} INFO - Filling up the DagBag from /Library/Frameworks/Python.framework/Versions/3.10/lib/python3.10/site-packages/airflow/example_dags/example_dynamic_task_mapping.py
[2025-04-16T12:07:08.611-0500] {processor.py:925} INFO - DAG(s) 'example_dynamic_task_mapping' retrieved from /Library/Frameworks/Python.framework/Versions/3.10/lib/python3.10/site-packages/airflow/example_dags/example_dynamic_task_mapping.py
[2025-04-16T12:07:08.643-0500] {logging_mixin.py:190} INFO - [2025-04-16T12:07:08.642-0500] {dag.py:3239} INFO - Sync 1 DAGs
[2025-04-16T12:07:08.646-0500] {logging_mixin.py:190} INFO - [2025-04-16T12:07:08.646-0500] {dag.py:4180} INFO - Setting next_dagrun for example_dynamic_task_mapping to None, run_after=None
[2025-04-16T12:07:08.652-0500] {processor.py:208} INFO - Processing /Library/Frameworks/Python.framework/Versions/3.10/lib/python3.10/site-packages/airflow/example_dags/example_dynamic_task_mapping.py took 0.076 seconds
[2025-04-16T12:13:10.113-0500] {processor.py:186} INFO - Started process (PID=19186) to work on /Library/Frameworks/Python.framework/Versions/3.10/lib/python3.10/site-packages/airflow/example_dags/example_dynamic_task_mapping.py
[2025-04-16T12:13:10.113-0500] {processor.py:914} INFO - Processing file /Library/Frameworks/Python.framework/Versions/3.10/lib/python3.10/site-packages/airflow/example_dags/example_dynamic_task_mapping.py for tasks to queue
[2025-04-16T12:13:10.114-0500] {logging_mixin.py:190} INFO - [2025-04-16T12:13:10.114-0500] {dagbag.py:588} INFO - Filling up the DagBag from /Library/Frameworks/Python.framework/Versions/3.10/lib/python3.10/site-packages/airflow/example_dags/example_dynamic_task_mapping.py
[2025-04-16T12:13:10.149-0500] {processor.py:925} INFO - DAG(s) 'example_dynamic_task_mapping' retrieved from /Library/Frameworks/Python.framework/Versions/3.10/lib/python3.10/site-packages/airflow/example_dags/example_dynamic_task_mapping.py
[2025-04-16T12:13:10.181-0500] {logging_mixin.py:190} INFO - [2025-04-16T12:13:10.181-0500] {dag.py:3239} INFO - Sync 1 DAGs
[2025-04-16T12:13:10.185-0500] {logging_mixin.py:190} INFO - [2025-04-16T12:13:10.185-0500] {dag.py:4180} INFO - Setting next_dagrun for example_dynamic_task_mapping to None, run_after=None
[2025-04-16T12:13:10.190-0500] {processor.py:208} INFO - Processing /Library/Frameworks/Python.framework/Versions/3.10/lib/python3.10/site-packages/airflow/example_dags/example_dynamic_task_mapping.py took 0.079 seconds
[2025-04-16T12:44:17.539-0500] {processor.py:186} INFO - Started process (PID=19539) to work on /Library/Frameworks/Python.framework/Versions/3.10/lib/python3.10/site-packages/airflow/example_dags/example_dynamic_task_mapping.py
[2025-04-16T12:44:17.539-0500] {processor.py:914} INFO - Processing file /Library/Frameworks/Python.framework/Versions/3.10/lib/python3.10/site-packages/airflow/example_dags/example_dynamic_task_mapping.py for tasks to queue
[2025-04-16T12:44:17.540-0500] {logging_mixin.py:190} INFO - [2025-04-16T12:44:17.539-0500] {dagbag.py:588} INFO - Filling up the DagBag from /Library/Frameworks/Python.framework/Versions/3.10/lib/python3.10/site-packages/airflow/example_dags/example_dynamic_task_mapping.py
[2025-04-16T12:44:17.572-0500] {processor.py:925} INFO - DAG(s) 'example_dynamic_task_mapping' retrieved from /Library/Frameworks/Python.framework/Versions/3.10/lib/python3.10/site-packages/airflow/example_dags/example_dynamic_task_mapping.py
[2025-04-16T12:44:17.604-0500] {logging_mixin.py:190} INFO - [2025-04-16T12:44:17.603-0500] {dag.py:3239} INFO - Sync 1 DAGs
[2025-04-16T12:44:17.607-0500] {logging_mixin.py:190} INFO - [2025-04-16T12:44:17.607-0500] {dag.py:4180} INFO - Setting next_dagrun for example_dynamic_task_mapping to None, run_after=None
[2025-04-16T12:44:17.612-0500] {processor.py:208} INFO - Processing /Library/Frameworks/Python.framework/Versions/3.10/lib/python3.10/site-packages/airflow/example_dags/example_dynamic_task_mapping.py took 0.076 seconds
[2025-04-16T12:50:18.163-0500] {processor.py:186} INFO - Started process (PID=19706) to work on /Library/Frameworks/Python.framework/Versions/3.10/lib/python3.10/site-packages/airflow/example_dags/example_dynamic_task_mapping.py
[2025-04-16T12:50:18.164-0500] {processor.py:914} INFO - Processing file /Library/Frameworks/Python.framework/Versions/3.10/lib/python3.10/site-packages/airflow/example_dags/example_dynamic_task_mapping.py for tasks to queue
[2025-04-16T12:50:18.164-0500] {logging_mixin.py:190} INFO - [2025-04-16T12:50:18.164-0500] {dagbag.py:588} INFO - Filling up the DagBag from /Library/Frameworks/Python.framework/Versions/3.10/lib/python3.10/site-packages/airflow/example_dags/example_dynamic_task_mapping.py
[2025-04-16T12:50:18.201-0500] {processor.py:925} INFO - DAG(s) 'example_dynamic_task_mapping' retrieved from /Library/Frameworks/Python.framework/Versions/3.10/lib/python3.10/site-packages/airflow/example_dags/example_dynamic_task_mapping.py
[2025-04-16T12:50:18.233-0500] {logging_mixin.py:190} INFO - [2025-04-16T12:50:18.233-0500] {dag.py:3239} INFO - Sync 1 DAGs
[2025-04-16T12:50:18.237-0500] {logging_mixin.py:190} INFO - [2025-04-16T12:50:18.237-0500] {dag.py:4180} INFO - Setting next_dagrun for example_dynamic_task_mapping to None, run_after=None
[2025-04-16T12:50:18.242-0500] {processor.py:208} INFO - Processing /Library/Frameworks/Python.framework/Versions/3.10/lib/python3.10/site-packages/airflow/example_dags/example_dynamic_task_mapping.py took 0.081 seconds
[2025-04-16T12:55:15.580-0500] {processor.py:186} INFO - Started process (PID=20087) to work on /Library/Frameworks/Python.framework/Versions/3.10/lib/python3.10/site-packages/airflow/example_dags/example_dynamic_task_mapping.py
[2025-04-16T12:55:15.580-0500] {processor.py:914} INFO - Processing file /Library/Frameworks/Python.framework/Versions/3.10/lib/python3.10/site-packages/airflow/example_dags/example_dynamic_task_mapping.py for tasks to queue
[2025-04-16T12:55:15.581-0500] {logging_mixin.py:190} INFO - [2025-04-16T12:55:15.581-0500] {dagbag.py:588} INFO - Filling up the DagBag from /Library/Frameworks/Python.framework/Versions/3.10/lib/python3.10/site-packages/airflow/example_dags/example_dynamic_task_mapping.py
[2025-04-16T12:55:15.614-0500] {processor.py:925} INFO - DAG(s) 'example_dynamic_task_mapping' retrieved from /Library/Frameworks/Python.framework/Versions/3.10/lib/python3.10/site-packages/airflow/example_dags/example_dynamic_task_mapping.py
[2025-04-16T12:55:15.647-0500] {logging_mixin.py:190} INFO - [2025-04-16T12:55:15.647-0500] {dag.py:3239} INFO - Sync 1 DAGs
[2025-04-16T12:55:15.651-0500] {logging_mixin.py:190} INFO - [2025-04-16T12:55:15.651-0500] {dag.py:4180} INFO - Setting next_dagrun for example_dynamic_task_mapping to None, run_after=None
[2025-04-16T12:55:15.657-0500] {processor.py:208} INFO - Processing /Library/Frameworks/Python.framework/Versions/3.10/lib/python3.10/site-packages/airflow/example_dags/example_dynamic_task_mapping.py took 0.079 seconds
[2025-04-16T13:00:19.185-0500] {processor.py:186} INFO - Started process (PID=20444) to work on /Library/Frameworks/Python.framework/Versions/3.10/lib/python3.10/site-packages/airflow/example_dags/example_dynamic_task_mapping.py
[2025-04-16T13:00:19.186-0500] {processor.py:914} INFO - Processing file /Library/Frameworks/Python.framework/Versions/3.10/lib/python3.10/site-packages/airflow/example_dags/example_dynamic_task_mapping.py for tasks to queue
[2025-04-16T13:00:19.186-0500] {logging_mixin.py:190} INFO - [2025-04-16T13:00:19.186-0500] {dagbag.py:588} INFO - Filling up the DagBag from /Library/Frameworks/Python.framework/Versions/3.10/lib/python3.10/site-packages/airflow/example_dags/example_dynamic_task_mapping.py
[2025-04-16T13:00:19.222-0500] {processor.py:925} INFO - DAG(s) 'example_dynamic_task_mapping' retrieved from /Library/Frameworks/Python.framework/Versions/3.10/lib/python3.10/site-packages/airflow/example_dags/example_dynamic_task_mapping.py
[2025-04-16T13:00:19.253-0500] {logging_mixin.py:190} INFO - [2025-04-16T13:00:19.253-0500] {dag.py:3239} INFO - Sync 1 DAGs
[2025-04-16T13:00:19.257-0500] {logging_mixin.py:190} INFO - [2025-04-16T13:00:19.257-0500] {dag.py:4180} INFO - Setting next_dagrun for example_dynamic_task_mapping to None, run_after=None
[2025-04-16T13:00:19.262-0500] {processor.py:208} INFO - Processing /Library/Frameworks/Python.framework/Versions/3.10/lib/python3.10/site-packages/airflow/example_dags/example_dynamic_task_mapping.py took 0.079 seconds
[2025-04-16T13:08:42.071-0500] {processor.py:186} INFO - Started process (PID=20792) to work on /Library/Frameworks/Python.framework/Versions/3.10/lib/python3.10/site-packages/airflow/example_dags/example_dynamic_task_mapping.py
[2025-04-16T13:08:42.072-0500] {processor.py:914} INFO - Processing file /Library/Frameworks/Python.framework/Versions/3.10/lib/python3.10/site-packages/airflow/example_dags/example_dynamic_task_mapping.py for tasks to queue
[2025-04-16T13:08:42.072-0500] {logging_mixin.py:190} INFO - [2025-04-16T13:08:42.072-0500] {dagbag.py:588} INFO - Filling up the DagBag from /Library/Frameworks/Python.framework/Versions/3.10/lib/python3.10/site-packages/airflow/example_dags/example_dynamic_task_mapping.py
[2025-04-16T13:08:42.105-0500] {processor.py:925} INFO - DAG(s) 'example_dynamic_task_mapping' retrieved from /Library/Frameworks/Python.framework/Versions/3.10/lib/python3.10/site-packages/airflow/example_dags/example_dynamic_task_mapping.py
[2025-04-16T13:08:42.137-0500] {logging_mixin.py:190} INFO - [2025-04-16T13:08:42.137-0500] {dag.py:3239} INFO - Sync 1 DAGs
[2025-04-16T13:08:42.141-0500] {logging_mixin.py:190} INFO - [2025-04-16T13:08:42.141-0500] {dag.py:4180} INFO - Setting next_dagrun for example_dynamic_task_mapping to None, run_after=None
[2025-04-16T13:08:42.146-0500] {processor.py:208} INFO - Processing /Library/Frameworks/Python.framework/Versions/3.10/lib/python3.10/site-packages/airflow/example_dags/example_dynamic_task_mapping.py took 0.076 seconds
[2025-04-16T13:13:32.619-0500] {processor.py:186} INFO - Started process (PID=21116) to work on /Library/Frameworks/Python.framework/Versions/3.10/lib/python3.10/site-packages/airflow/example_dags/example_dynamic_task_mapping.py
[2025-04-16T13:13:32.620-0500] {processor.py:914} INFO - Processing file /Library/Frameworks/Python.framework/Versions/3.10/lib/python3.10/site-packages/airflow/example_dags/example_dynamic_task_mapping.py for tasks to queue
[2025-04-16T13:13:32.620-0500] {logging_mixin.py:190} INFO - [2025-04-16T13:13:32.620-0500] {dagbag.py:588} INFO - Filling up the DagBag from /Library/Frameworks/Python.framework/Versions/3.10/lib/python3.10/site-packages/airflow/example_dags/example_dynamic_task_mapping.py
[2025-04-16T13:13:32.652-0500] {processor.py:925} INFO - DAG(s) 'example_dynamic_task_mapping' retrieved from /Library/Frameworks/Python.framework/Versions/3.10/lib/python3.10/site-packages/airflow/example_dags/example_dynamic_task_mapping.py
[2025-04-16T13:13:32.684-0500] {logging_mixin.py:190} INFO - [2025-04-16T13:13:32.684-0500] {dag.py:3239} INFO - Sync 1 DAGs
[2025-04-16T13:13:32.688-0500] {logging_mixin.py:190} INFO - [2025-04-16T13:13:32.688-0500] {dag.py:4180} INFO - Setting next_dagrun for example_dynamic_task_mapping to None, run_after=None
[2025-04-16T13:13:32.693-0500] {processor.py:208} INFO - Processing /Library/Frameworks/Python.framework/Versions/3.10/lib/python3.10/site-packages/airflow/example_dags/example_dynamic_task_mapping.py took 0.076 seconds
[2025-04-16T13:18:02.150-0500] {processor.py:186} INFO - Started process (PID=21388) to work on /Library/Frameworks/Python.framework/Versions/3.10/lib/python3.10/site-packages/airflow/example_dags/example_dynamic_task_mapping.py
[2025-04-16T13:18:02.151-0500] {processor.py:914} INFO - Processing file /Library/Frameworks/Python.framework/Versions/3.10/lib/python3.10/site-packages/airflow/example_dags/example_dynamic_task_mapping.py for tasks to queue
[2025-04-16T13:18:02.151-0500] {logging_mixin.py:190} INFO - [2025-04-16T13:18:02.151-0500] {dagbag.py:588} INFO - Filling up the DagBag from /Library/Frameworks/Python.framework/Versions/3.10/lib/python3.10/site-packages/airflow/example_dags/example_dynamic_task_mapping.py
[2025-04-16T13:18:02.182-0500] {processor.py:925} INFO - DAG(s) 'example_dynamic_task_mapping' retrieved from /Library/Frameworks/Python.framework/Versions/3.10/lib/python3.10/site-packages/airflow/example_dags/example_dynamic_task_mapping.py
[2025-04-16T13:18:02.214-0500] {logging_mixin.py:190} INFO - [2025-04-16T13:18:02.214-0500] {dag.py:3239} INFO - Sync 1 DAGs
[2025-04-16T13:18:02.218-0500] {logging_mixin.py:190} INFO - [2025-04-16T13:18:02.218-0500] {dag.py:4180} INFO - Setting next_dagrun for example_dynamic_task_mapping to None, run_after=None
[2025-04-16T13:18:02.223-0500] {processor.py:208} INFO - Processing /Library/Frameworks/Python.framework/Versions/3.10/lib/python3.10/site-packages/airflow/example_dags/example_dynamic_task_mapping.py took 0.075 seconds
[2025-04-16T13:22:41.064-0500] {processor.py:186} INFO - Started process (PID=21706) to work on /Library/Frameworks/Python.framework/Versions/3.10/lib/python3.10/site-packages/airflow/example_dags/example_dynamic_task_mapping.py
[2025-04-16T13:22:41.065-0500] {processor.py:914} INFO - Processing file /Library/Frameworks/Python.framework/Versions/3.10/lib/python3.10/site-packages/airflow/example_dags/example_dynamic_task_mapping.py for tasks to queue
[2025-04-16T13:22:41.065-0500] {logging_mixin.py:190} INFO - [2025-04-16T13:22:41.065-0500] {dagbag.py:588} INFO - Filling up the DagBag from /Library/Frameworks/Python.framework/Versions/3.10/lib/python3.10/site-packages/airflow/example_dags/example_dynamic_task_mapping.py
[2025-04-16T13:22:41.097-0500] {processor.py:925} INFO - DAG(s) 'example_dynamic_task_mapping' retrieved from /Library/Frameworks/Python.framework/Versions/3.10/lib/python3.10/site-packages/airflow/example_dags/example_dynamic_task_mapping.py
[2025-04-16T13:22:41.128-0500] {logging_mixin.py:190} INFO - [2025-04-16T13:22:41.128-0500] {dag.py:3239} INFO - Sync 1 DAGs
[2025-04-16T13:22:41.131-0500] {logging_mixin.py:190} INFO - [2025-04-16T13:22:41.131-0500] {dag.py:4180} INFO - Setting next_dagrun for example_dynamic_task_mapping to None, run_after=None
[2025-04-16T13:22:41.136-0500] {processor.py:208} INFO - Processing /Library/Frameworks/Python.framework/Versions/3.10/lib/python3.10/site-packages/airflow/example_dags/example_dynamic_task_mapping.py took 0.074 seconds
[2025-04-16T13:27:21.358-0500] {processor.py:186} INFO - Started process (PID=22058) to work on /Library/Frameworks/Python.framework/Versions/3.10/lib/python3.10/site-packages/airflow/example_dags/example_dynamic_task_mapping.py
[2025-04-16T13:27:21.359-0500] {processor.py:914} INFO - Processing file /Library/Frameworks/Python.framework/Versions/3.10/lib/python3.10/site-packages/airflow/example_dags/example_dynamic_task_mapping.py for tasks to queue
[2025-04-16T13:27:21.359-0500] {logging_mixin.py:190} INFO - [2025-04-16T13:27:21.359-0500] {dagbag.py:588} INFO - Filling up the DagBag from /Library/Frameworks/Python.framework/Versions/3.10/lib/python3.10/site-packages/airflow/example_dags/example_dynamic_task_mapping.py
[2025-04-16T13:27:21.392-0500] {processor.py:925} INFO - DAG(s) 'example_dynamic_task_mapping' retrieved from /Library/Frameworks/Python.framework/Versions/3.10/lib/python3.10/site-packages/airflow/example_dags/example_dynamic_task_mapping.py
[2025-04-16T13:27:21.423-0500] {logging_mixin.py:190} INFO - [2025-04-16T13:27:21.423-0500] {dag.py:3239} INFO - Sync 1 DAGs
[2025-04-16T13:27:21.427-0500] {logging_mixin.py:190} INFO - [2025-04-16T13:27:21.426-0500] {dag.py:4180} INFO - Setting next_dagrun for example_dynamic_task_mapping to None, run_after=None
[2025-04-16T13:27:21.432-0500] {processor.py:208} INFO - Processing /Library/Frameworks/Python.framework/Versions/3.10/lib/python3.10/site-packages/airflow/example_dags/example_dynamic_task_mapping.py took 0.076 seconds
[2025-04-16T13:40:22.930-0500] {processor.py:186} INFO - Started process (PID=22582) to work on /Library/Frameworks/Python.framework/Versions/3.10/lib/python3.10/site-packages/airflow/example_dags/example_dynamic_task_mapping.py
[2025-04-16T13:40:22.931-0500] {processor.py:914} INFO - Processing file /Library/Frameworks/Python.framework/Versions/3.10/lib/python3.10/site-packages/airflow/example_dags/example_dynamic_task_mapping.py for tasks to queue
[2025-04-16T13:40:22.931-0500] {logging_mixin.py:190} INFO - [2025-04-16T13:40:22.931-0500] {dagbag.py:588} INFO - Filling up the DagBag from /Library/Frameworks/Python.framework/Versions/3.10/lib/python3.10/site-packages/airflow/example_dags/example_dynamic_task_mapping.py
[2025-04-16T13:40:22.970-0500] {processor.py:925} INFO - DAG(s) 'example_dynamic_task_mapping' retrieved from /Library/Frameworks/Python.framework/Versions/3.10/lib/python3.10/site-packages/airflow/example_dags/example_dynamic_task_mapping.py
[2025-04-16T13:40:23.004-0500] {logging_mixin.py:190} INFO - [2025-04-16T13:40:23.004-0500] {dag.py:3239} INFO - Sync 1 DAGs
[2025-04-16T13:40:23.009-0500] {logging_mixin.py:190} INFO - [2025-04-16T13:40:23.009-0500] {dag.py:4180} INFO - Setting next_dagrun for example_dynamic_task_mapping to None, run_after=None
[2025-04-16T13:40:23.016-0500] {processor.py:208} INFO - Processing /Library/Frameworks/Python.framework/Versions/3.10/lib/python3.10/site-packages/airflow/example_dags/example_dynamic_task_mapping.py took 0.089 seconds
[2025-04-16T13:45:24.611-0500] {processor.py:186} INFO - Started process (PID=23019) to work on /Library/Frameworks/Python.framework/Versions/3.10/lib/python3.10/site-packages/airflow/example_dags/example_dynamic_task_mapping.py
[2025-04-16T13:45:24.612-0500] {processor.py:914} INFO - Processing file /Library/Frameworks/Python.framework/Versions/3.10/lib/python3.10/site-packages/airflow/example_dags/example_dynamic_task_mapping.py for tasks to queue
[2025-04-16T13:45:24.612-0500] {logging_mixin.py:190} INFO - [2025-04-16T13:45:24.612-0500] {dagbag.py:588} INFO - Filling up the DagBag from /Library/Frameworks/Python.framework/Versions/3.10/lib/python3.10/site-packages/airflow/example_dags/example_dynamic_task_mapping.py
[2025-04-16T13:45:24.644-0500] {processor.py:925} INFO - DAG(s) 'example_dynamic_task_mapping' retrieved from /Library/Frameworks/Python.framework/Versions/3.10/lib/python3.10/site-packages/airflow/example_dags/example_dynamic_task_mapping.py
[2025-04-16T13:45:24.675-0500] {logging_mixin.py:190} INFO - [2025-04-16T13:45:24.675-0500] {dag.py:3239} INFO - Sync 1 DAGs
[2025-04-16T13:45:24.678-0500] {logging_mixin.py:190} INFO - [2025-04-16T13:45:24.678-0500] {dag.py:4180} INFO - Setting next_dagrun for example_dynamic_task_mapping to None, run_after=None
[2025-04-16T13:45:24.684-0500] {processor.py:208} INFO - Processing /Library/Frameworks/Python.framework/Versions/3.10/lib/python3.10/site-packages/airflow/example_dags/example_dynamic_task_mapping.py took 0.074 seconds
[2025-04-16T13:50:12.971-0500] {processor.py:186} INFO - Started process (PID=23338) to work on /Library/Frameworks/Python.framework/Versions/3.10/lib/python3.10/site-packages/airflow/example_dags/example_dynamic_task_mapping.py
[2025-04-16T13:50:12.972-0500] {processor.py:914} INFO - Processing file /Library/Frameworks/Python.framework/Versions/3.10/lib/python3.10/site-packages/airflow/example_dags/example_dynamic_task_mapping.py for tasks to queue
[2025-04-16T13:50:12.972-0500] {logging_mixin.py:190} INFO - [2025-04-16T13:50:12.972-0500] {dagbag.py:588} INFO - Filling up the DagBag from /Library/Frameworks/Python.framework/Versions/3.10/lib/python3.10/site-packages/airflow/example_dags/example_dynamic_task_mapping.py
[2025-04-16T13:50:13.006-0500] {processor.py:925} INFO - DAG(s) 'example_dynamic_task_mapping' retrieved from /Library/Frameworks/Python.framework/Versions/3.10/lib/python3.10/site-packages/airflow/example_dags/example_dynamic_task_mapping.py
[2025-04-16T13:50:13.038-0500] {logging_mixin.py:190} INFO - [2025-04-16T13:50:13.038-0500] {dag.py:3239} INFO - Sync 1 DAGs
[2025-04-16T13:50:13.042-0500] {logging_mixin.py:190} INFO - [2025-04-16T13:50:13.041-0500] {dag.py:4180} INFO - Setting next_dagrun for example_dynamic_task_mapping to None, run_after=None
[2025-04-16T13:50:13.047-0500] {processor.py:208} INFO - Processing /Library/Frameworks/Python.framework/Versions/3.10/lib/python3.10/site-packages/airflow/example_dags/example_dynamic_task_mapping.py took 0.077 seconds
[2025-04-16T13:55:45.490-0500] {processor.py:186} INFO - Started process (PID=23681) to work on /Library/Frameworks/Python.framework/Versions/3.10/lib/python3.10/site-packages/airflow/example_dags/example_dynamic_task_mapping.py
[2025-04-16T13:55:45.491-0500] {processor.py:914} INFO - Processing file /Library/Frameworks/Python.framework/Versions/3.10/lib/python3.10/site-packages/airflow/example_dags/example_dynamic_task_mapping.py for tasks to queue
[2025-04-16T13:55:45.491-0500] {logging_mixin.py:190} INFO - [2025-04-16T13:55:45.491-0500] {dagbag.py:588} INFO - Filling up the DagBag from /Library/Frameworks/Python.framework/Versions/3.10/lib/python3.10/site-packages/airflow/example_dags/example_dynamic_task_mapping.py
[2025-04-16T13:55:45.529-0500] {processor.py:925} INFO - DAG(s) 'example_dynamic_task_mapping' retrieved from /Library/Frameworks/Python.framework/Versions/3.10/lib/python3.10/site-packages/airflow/example_dags/example_dynamic_task_mapping.py
[2025-04-16T13:55:45.561-0500] {logging_mixin.py:190} INFO - [2025-04-16T13:55:45.561-0500] {dag.py:3239} INFO - Sync 1 DAGs
[2025-04-16T13:55:45.565-0500] {logging_mixin.py:190} INFO - [2025-04-16T13:55:45.565-0500] {dag.py:4180} INFO - Setting next_dagrun for example_dynamic_task_mapping to None, run_after=None
[2025-04-16T13:55:45.571-0500] {processor.py:208} INFO - Processing /Library/Frameworks/Python.framework/Versions/3.10/lib/python3.10/site-packages/airflow/example_dags/example_dynamic_task_mapping.py took 0.082 seconds
[2025-04-16T14:00:53.399-0500] {processor.py:186} INFO - Started process (PID=24007) to work on /Library/Frameworks/Python.framework/Versions/3.10/lib/python3.10/site-packages/airflow/example_dags/example_dynamic_task_mapping.py
[2025-04-16T14:00:53.400-0500] {processor.py:914} INFO - Processing file /Library/Frameworks/Python.framework/Versions/3.10/lib/python3.10/site-packages/airflow/example_dags/example_dynamic_task_mapping.py for tasks to queue
[2025-04-16T14:00:53.400-0500] {logging_mixin.py:190} INFO - [2025-04-16T14:00:53.400-0500] {dagbag.py:588} INFO - Filling up the DagBag from /Library/Frameworks/Python.framework/Versions/3.10/lib/python3.10/site-packages/airflow/example_dags/example_dynamic_task_mapping.py
[2025-04-16T14:00:53.438-0500] {processor.py:925} INFO - DAG(s) 'example_dynamic_task_mapping' retrieved from /Library/Frameworks/Python.framework/Versions/3.10/lib/python3.10/site-packages/airflow/example_dags/example_dynamic_task_mapping.py
[2025-04-16T14:00:53.469-0500] {logging_mixin.py:190} INFO - [2025-04-16T14:00:53.469-0500] {dag.py:3239} INFO - Sync 1 DAGs
[2025-04-16T14:00:53.473-0500] {logging_mixin.py:190} INFO - [2025-04-16T14:00:53.473-0500] {dag.py:4180} INFO - Setting next_dagrun for example_dynamic_task_mapping to None, run_after=None
[2025-04-16T14:00:53.478-0500] {processor.py:208} INFO - Processing /Library/Frameworks/Python.framework/Versions/3.10/lib/python3.10/site-packages/airflow/example_dags/example_dynamic_task_mapping.py took 0.081 seconds
[2025-04-16T14:07:08.587-0500] {processor.py:186} INFO - Started process (PID=24374) to work on /Library/Frameworks/Python.framework/Versions/3.10/lib/python3.10/site-packages/airflow/example_dags/example_dynamic_task_mapping.py
[2025-04-16T14:07:08.588-0500] {processor.py:914} INFO - Processing file /Library/Frameworks/Python.framework/Versions/3.10/lib/python3.10/site-packages/airflow/example_dags/example_dynamic_task_mapping.py for tasks to queue
[2025-04-16T14:07:08.588-0500] {logging_mixin.py:190} INFO - [2025-04-16T14:07:08.588-0500] {dagbag.py:588} INFO - Filling up the DagBag from /Library/Frameworks/Python.framework/Versions/3.10/lib/python3.10/site-packages/airflow/example_dags/example_dynamic_task_mapping.py
[2025-04-16T14:07:08.621-0500] {processor.py:925} INFO - DAG(s) 'example_dynamic_task_mapping' retrieved from /Library/Frameworks/Python.framework/Versions/3.10/lib/python3.10/site-packages/airflow/example_dags/example_dynamic_task_mapping.py
[2025-04-16T14:07:08.652-0500] {logging_mixin.py:190} INFO - [2025-04-16T14:07:08.652-0500] {dag.py:3239} INFO - Sync 1 DAGs
[2025-04-16T14:07:08.656-0500] {logging_mixin.py:190} INFO - [2025-04-16T14:07:08.656-0500] {dag.py:4180} INFO - Setting next_dagrun for example_dynamic_task_mapping to None, run_after=None
[2025-04-16T14:07:08.661-0500] {processor.py:208} INFO - Processing /Library/Frameworks/Python.framework/Versions/3.10/lib/python3.10/site-packages/airflow/example_dags/example_dynamic_task_mapping.py took 0.075 seconds
[2025-04-16T14:32:40.420-0500] {processor.py:186} INFO - Started process (PID=24568) to work on /Library/Frameworks/Python.framework/Versions/3.10/lib/python3.10/site-packages/airflow/example_dags/example_dynamic_task_mapping.py
[2025-04-16T14:32:40.421-0500] {processor.py:914} INFO - Processing file /Library/Frameworks/Python.framework/Versions/3.10/lib/python3.10/site-packages/airflow/example_dags/example_dynamic_task_mapping.py for tasks to queue
[2025-04-16T14:32:40.421-0500] {logging_mixin.py:190} INFO - [2025-04-16T14:32:40.421-0500] {dagbag.py:588} INFO - Filling up the DagBag from /Library/Frameworks/Python.framework/Versions/3.10/lib/python3.10/site-packages/airflow/example_dags/example_dynamic_task_mapping.py
[2025-04-16T14:32:40.453-0500] {processor.py:925} INFO - DAG(s) 'example_dynamic_task_mapping' retrieved from /Library/Frameworks/Python.framework/Versions/3.10/lib/python3.10/site-packages/airflow/example_dags/example_dynamic_task_mapping.py
[2025-04-16T14:32:40.485-0500] {logging_mixin.py:190} INFO - [2025-04-16T14:32:40.484-0500] {dag.py:3239} INFO - Sync 1 DAGs
[2025-04-16T14:32:40.488-0500] {logging_mixin.py:190} INFO - [2025-04-16T14:32:40.488-0500] {dag.py:4180} INFO - Setting next_dagrun for example_dynamic_task_mapping to None, run_after=None
[2025-04-16T14:32:40.494-0500] {processor.py:208} INFO - Processing /Library/Frameworks/Python.framework/Versions/3.10/lib/python3.10/site-packages/airflow/example_dags/example_dynamic_task_mapping.py took 0.075 seconds
[2025-04-16T14:44:04.325-0500] {processor.py:186} INFO - Started process (PID=24787) to work on /Library/Frameworks/Python.framework/Versions/3.10/lib/python3.10/site-packages/airflow/example_dags/example_dynamic_task_mapping.py
[2025-04-16T14:44:04.326-0500] {processor.py:914} INFO - Processing file /Library/Frameworks/Python.framework/Versions/3.10/lib/python3.10/site-packages/airflow/example_dags/example_dynamic_task_mapping.py for tasks to queue
[2025-04-16T14:44:04.326-0500] {logging_mixin.py:190} INFO - [2025-04-16T14:44:04.326-0500] {dagbag.py:588} INFO - Filling up the DagBag from /Library/Frameworks/Python.framework/Versions/3.10/lib/python3.10/site-packages/airflow/example_dags/example_dynamic_task_mapping.py
[2025-04-16T14:44:04.367-0500] {processor.py:925} INFO - DAG(s) 'example_dynamic_task_mapping' retrieved from /Library/Frameworks/Python.framework/Versions/3.10/lib/python3.10/site-packages/airflow/example_dags/example_dynamic_task_mapping.py
[2025-04-16T14:44:04.400-0500] {logging_mixin.py:190} INFO - [2025-04-16T14:44:04.400-0500] {dag.py:3239} INFO - Sync 1 DAGs
[2025-04-16T14:44:04.404-0500] {logging_mixin.py:190} INFO - [2025-04-16T14:44:04.404-0500] {dag.py:4180} INFO - Setting next_dagrun for example_dynamic_task_mapping to None, run_after=None
[2025-04-16T14:44:04.410-0500] {processor.py:208} INFO - Processing /Library/Frameworks/Python.framework/Versions/3.10/lib/python3.10/site-packages/airflow/example_dags/example_dynamic_task_mapping.py took 0.087 seconds
[2025-04-16T14:49:14.210-0500] {processor.py:186} INFO - Started process (PID=25163) to work on /Library/Frameworks/Python.framework/Versions/3.10/lib/python3.10/site-packages/airflow/example_dags/example_dynamic_task_mapping.py
[2025-04-16T14:49:14.210-0500] {processor.py:914} INFO - Processing file /Library/Frameworks/Python.framework/Versions/3.10/lib/python3.10/site-packages/airflow/example_dags/example_dynamic_task_mapping.py for tasks to queue
[2025-04-16T14:49:14.210-0500] {logging_mixin.py:190} INFO - [2025-04-16T14:49:14.210-0500] {dagbag.py:588} INFO - Filling up the DagBag from /Library/Frameworks/Python.framework/Versions/3.10/lib/python3.10/site-packages/airflow/example_dags/example_dynamic_task_mapping.py
[2025-04-16T14:49:14.244-0500] {processor.py:925} INFO - DAG(s) 'example_dynamic_task_mapping' retrieved from /Library/Frameworks/Python.framework/Versions/3.10/lib/python3.10/site-packages/airflow/example_dags/example_dynamic_task_mapping.py
[2025-04-16T14:49:14.276-0500] {logging_mixin.py:190} INFO - [2025-04-16T14:49:14.276-0500] {dag.py:3239} INFO - Sync 1 DAGs
[2025-04-16T14:49:14.280-0500] {logging_mixin.py:190} INFO - [2025-04-16T14:49:14.280-0500] {dag.py:4180} INFO - Setting next_dagrun for example_dynamic_task_mapping to None, run_after=None
[2025-04-16T14:49:14.286-0500] {processor.py:208} INFO - Processing /Library/Frameworks/Python.framework/Versions/3.10/lib/python3.10/site-packages/airflow/example_dags/example_dynamic_task_mapping.py took 0.078 seconds
[2025-04-16T14:54:13.151-0500] {processor.py:186} INFO - Started process (PID=25470) to work on /Library/Frameworks/Python.framework/Versions/3.10/lib/python3.10/site-packages/airflow/example_dags/example_dynamic_task_mapping.py
[2025-04-16T14:54:13.152-0500] {processor.py:914} INFO - Processing file /Library/Frameworks/Python.framework/Versions/3.10/lib/python3.10/site-packages/airflow/example_dags/example_dynamic_task_mapping.py for tasks to queue
[2025-04-16T14:54:13.152-0500] {logging_mixin.py:190} INFO - [2025-04-16T14:54:13.152-0500] {dagbag.py:588} INFO - Filling up the DagBag from /Library/Frameworks/Python.framework/Versions/3.10/lib/python3.10/site-packages/airflow/example_dags/example_dynamic_task_mapping.py
[2025-04-16T14:54:13.185-0500] {processor.py:925} INFO - DAG(s) 'example_dynamic_task_mapping' retrieved from /Library/Frameworks/Python.framework/Versions/3.10/lib/python3.10/site-packages/airflow/example_dags/example_dynamic_task_mapping.py
[2025-04-16T14:54:13.215-0500] {logging_mixin.py:190} INFO - [2025-04-16T14:54:13.215-0500] {dag.py:3239} INFO - Sync 1 DAGs
[2025-04-16T14:54:13.219-0500] {logging_mixin.py:190} INFO - [2025-04-16T14:54:13.219-0500] {dag.py:4180} INFO - Setting next_dagrun for example_dynamic_task_mapping to None, run_after=None
[2025-04-16T14:54:13.224-0500] {processor.py:208} INFO - Processing /Library/Frameworks/Python.framework/Versions/3.10/lib/python3.10/site-packages/airflow/example_dags/example_dynamic_task_mapping.py took 0.075 seconds
[2025-04-16T14:59:05.292-0500] {processor.py:186} INFO - Started process (PID=25804) to work on /Library/Frameworks/Python.framework/Versions/3.10/lib/python3.10/site-packages/airflow/example_dags/example_dynamic_task_mapping.py
[2025-04-16T14:59:05.292-0500] {processor.py:914} INFO - Processing file /Library/Frameworks/Python.framework/Versions/3.10/lib/python3.10/site-packages/airflow/example_dags/example_dynamic_task_mapping.py for tasks to queue
[2025-04-16T14:59:05.293-0500] {logging_mixin.py:190} INFO - [2025-04-16T14:59:05.292-0500] {dagbag.py:588} INFO - Filling up the DagBag from /Library/Frameworks/Python.framework/Versions/3.10/lib/python3.10/site-packages/airflow/example_dags/example_dynamic_task_mapping.py
[2025-04-16T14:59:05.326-0500] {processor.py:925} INFO - DAG(s) 'example_dynamic_task_mapping' retrieved from /Library/Frameworks/Python.framework/Versions/3.10/lib/python3.10/site-packages/airflow/example_dags/example_dynamic_task_mapping.py
[2025-04-16T14:59:05.358-0500] {logging_mixin.py:190} INFO - [2025-04-16T14:59:05.358-0500] {dag.py:3239} INFO - Sync 1 DAGs
[2025-04-16T14:59:05.362-0500] {logging_mixin.py:190} INFO - [2025-04-16T14:59:05.362-0500] {dag.py:4180} INFO - Setting next_dagrun for example_dynamic_task_mapping to None, run_after=None
[2025-04-16T14:59:05.368-0500] {processor.py:208} INFO - Processing /Library/Frameworks/Python.framework/Versions/3.10/lib/python3.10/site-packages/airflow/example_dags/example_dynamic_task_mapping.py took 0.078 seconds
[2025-04-16T15:04:09.407-0500] {processor.py:186} INFO - Started process (PID=26111) to work on /Library/Frameworks/Python.framework/Versions/3.10/lib/python3.10/site-packages/airflow/example_dags/example_dynamic_task_mapping.py
[2025-04-16T15:04:09.408-0500] {processor.py:914} INFO - Processing file /Library/Frameworks/Python.framework/Versions/3.10/lib/python3.10/site-packages/airflow/example_dags/example_dynamic_task_mapping.py for tasks to queue
[2025-04-16T15:04:09.408-0500] {logging_mixin.py:190} INFO - [2025-04-16T15:04:09.408-0500] {dagbag.py:588} INFO - Filling up the DagBag from /Library/Frameworks/Python.framework/Versions/3.10/lib/python3.10/site-packages/airflow/example_dags/example_dynamic_task_mapping.py
[2025-04-16T15:04:09.442-0500] {processor.py:925} INFO - DAG(s) 'example_dynamic_task_mapping' retrieved from /Library/Frameworks/Python.framework/Versions/3.10/lib/python3.10/site-packages/airflow/example_dags/example_dynamic_task_mapping.py
[2025-04-16T15:04:09.474-0500] {logging_mixin.py:190} INFO - [2025-04-16T15:04:09.474-0500] {dag.py:3239} INFO - Sync 1 DAGs
[2025-04-16T15:04:09.477-0500] {logging_mixin.py:190} INFO - [2025-04-16T15:04:09.477-0500] {dag.py:4180} INFO - Setting next_dagrun for example_dynamic_task_mapping to None, run_after=None
[2025-04-16T15:04:09.483-0500] {processor.py:208} INFO - Processing /Library/Frameworks/Python.framework/Versions/3.10/lib/python3.10/site-packages/airflow/example_dags/example_dynamic_task_mapping.py took 0.077 seconds
[2025-04-16T15:09:08.271-0500] {processor.py:186} INFO - Started process (PID=26430) to work on /Library/Frameworks/Python.framework/Versions/3.10/lib/python3.10/site-packages/airflow/example_dags/example_dynamic_task_mapping.py
[2025-04-16T15:09:08.272-0500] {processor.py:914} INFO - Processing file /Library/Frameworks/Python.framework/Versions/3.10/lib/python3.10/site-packages/airflow/example_dags/example_dynamic_task_mapping.py for tasks to queue
[2025-04-16T15:09:08.272-0500] {logging_mixin.py:190} INFO - [2025-04-16T15:09:08.272-0500] {dagbag.py:588} INFO - Filling up the DagBag from /Library/Frameworks/Python.framework/Versions/3.10/lib/python3.10/site-packages/airflow/example_dags/example_dynamic_task_mapping.py
[2025-04-16T15:09:08.310-0500] {processor.py:925} INFO - DAG(s) 'example_dynamic_task_mapping' retrieved from /Library/Frameworks/Python.framework/Versions/3.10/lib/python3.10/site-packages/airflow/example_dags/example_dynamic_task_mapping.py
[2025-04-16T15:09:08.341-0500] {logging_mixin.py:190} INFO - [2025-04-16T15:09:08.341-0500] {dag.py:3239} INFO - Sync 1 DAGs
[2025-04-16T15:09:08.345-0500] {logging_mixin.py:190} INFO - [2025-04-16T15:09:08.344-0500] {dag.py:4180} INFO - Setting next_dagrun for example_dynamic_task_mapping to None, run_after=None
[2025-04-16T15:09:08.350-0500] {processor.py:208} INFO - Processing /Library/Frameworks/Python.framework/Versions/3.10/lib/python3.10/site-packages/airflow/example_dags/example_dynamic_task_mapping.py took 0.081 seconds
[2025-04-16T15:13:54.788-0500] {processor.py:186} INFO - Started process (PID=26763) to work on /Library/Frameworks/Python.framework/Versions/3.10/lib/python3.10/site-packages/airflow/example_dags/example_dynamic_task_mapping.py
[2025-04-16T15:13:54.789-0500] {processor.py:914} INFO - Processing file /Library/Frameworks/Python.framework/Versions/3.10/lib/python3.10/site-packages/airflow/example_dags/example_dynamic_task_mapping.py for tasks to queue
[2025-04-16T15:13:54.789-0500] {logging_mixin.py:190} INFO - [2025-04-16T15:13:54.789-0500] {dagbag.py:588} INFO - Filling up the DagBag from /Library/Frameworks/Python.framework/Versions/3.10/lib/python3.10/site-packages/airflow/example_dags/example_dynamic_task_mapping.py
[2025-04-16T15:13:54.823-0500] {processor.py:925} INFO - DAG(s) 'example_dynamic_task_mapping' retrieved from /Library/Frameworks/Python.framework/Versions/3.10/lib/python3.10/site-packages/airflow/example_dags/example_dynamic_task_mapping.py
[2025-04-16T15:13:54.856-0500] {logging_mixin.py:190} INFO - [2025-04-16T15:13:54.856-0500] {dag.py:3239} INFO - Sync 1 DAGs
[2025-04-16T15:13:54.860-0500] {logging_mixin.py:190} INFO - [2025-04-16T15:13:54.860-0500] {dag.py:4180} INFO - Setting next_dagrun for example_dynamic_task_mapping to None, run_after=None
[2025-04-16T15:13:54.866-0500] {processor.py:208} INFO - Processing /Library/Frameworks/Python.framework/Versions/3.10/lib/python3.10/site-packages/airflow/example_dags/example_dynamic_task_mapping.py took 0.080 seconds
[2025-04-16T15:18:41.948-0500] {processor.py:186} INFO - Started process (PID=27083) to work on /Library/Frameworks/Python.framework/Versions/3.10/lib/python3.10/site-packages/airflow/example_dags/example_dynamic_task_mapping.py
[2025-04-16T15:18:41.949-0500] {processor.py:914} INFO - Processing file /Library/Frameworks/Python.framework/Versions/3.10/lib/python3.10/site-packages/airflow/example_dags/example_dynamic_task_mapping.py for tasks to queue
[2025-04-16T15:18:41.949-0500] {logging_mixin.py:190} INFO - [2025-04-16T15:18:41.949-0500] {dagbag.py:588} INFO - Filling up the DagBag from /Library/Frameworks/Python.framework/Versions/3.10/lib/python3.10/site-packages/airflow/example_dags/example_dynamic_task_mapping.py
[2025-04-16T15:18:41.982-0500] {processor.py:925} INFO - DAG(s) 'example_dynamic_task_mapping' retrieved from /Library/Frameworks/Python.framework/Versions/3.10/lib/python3.10/site-packages/airflow/example_dags/example_dynamic_task_mapping.py
[2025-04-16T15:18:42.014-0500] {logging_mixin.py:190} INFO - [2025-04-16T15:18:42.014-0500] {dag.py:3239} INFO - Sync 1 DAGs
[2025-04-16T15:18:42.018-0500] {logging_mixin.py:190} INFO - [2025-04-16T15:18:42.018-0500] {dag.py:4180} INFO - Setting next_dagrun for example_dynamic_task_mapping to None, run_after=None
[2025-04-16T15:18:42.023-0500] {processor.py:208} INFO - Processing /Library/Frameworks/Python.framework/Versions/3.10/lib/python3.10/site-packages/airflow/example_dags/example_dynamic_task_mapping.py took 0.077 seconds
[2025-04-16T15:23:37.730-0500] {processor.py:186} INFO - Started process (PID=27418) to work on /Library/Frameworks/Python.framework/Versions/3.10/lib/python3.10/site-packages/airflow/example_dags/example_dynamic_task_mapping.py
[2025-04-16T15:23:37.731-0500] {processor.py:914} INFO - Processing file /Library/Frameworks/Python.framework/Versions/3.10/lib/python3.10/site-packages/airflow/example_dags/example_dynamic_task_mapping.py for tasks to queue
[2025-04-16T15:23:37.731-0500] {logging_mixin.py:190} INFO - [2025-04-16T15:23:37.731-0500] {dagbag.py:588} INFO - Filling up the DagBag from /Library/Frameworks/Python.framework/Versions/3.10/lib/python3.10/site-packages/airflow/example_dags/example_dynamic_task_mapping.py
[2025-04-16T15:23:37.776-0500] {processor.py:925} INFO - DAG(s) 'example_dynamic_task_mapping' retrieved from /Library/Frameworks/Python.framework/Versions/3.10/lib/python3.10/site-packages/airflow/example_dags/example_dynamic_task_mapping.py
[2025-04-16T15:23:37.809-0500] {logging_mixin.py:190} INFO - [2025-04-16T15:23:37.809-0500] {dag.py:3239} INFO - Sync 1 DAGs
[2025-04-16T15:23:37.813-0500] {logging_mixin.py:190} INFO - [2025-04-16T15:23:37.813-0500] {dag.py:4180} INFO - Setting next_dagrun for example_dynamic_task_mapping to None, run_after=None
[2025-04-16T15:23:37.821-0500] {processor.py:208} INFO - Processing /Library/Frameworks/Python.framework/Versions/3.10/lib/python3.10/site-packages/airflow/example_dags/example_dynamic_task_mapping.py took 0.093 seconds
[2025-04-16T15:28:47.372-0500] {processor.py:186} INFO - Started process (PID=27763) to work on /Library/Frameworks/Python.framework/Versions/3.10/lib/python3.10/site-packages/airflow/example_dags/example_dynamic_task_mapping.py
[2025-04-16T15:28:47.372-0500] {processor.py:914} INFO - Processing file /Library/Frameworks/Python.framework/Versions/3.10/lib/python3.10/site-packages/airflow/example_dags/example_dynamic_task_mapping.py for tasks to queue
[2025-04-16T15:28:47.373-0500] {logging_mixin.py:190} INFO - [2025-04-16T15:28:47.373-0500] {dagbag.py:588} INFO - Filling up the DagBag from /Library/Frameworks/Python.framework/Versions/3.10/lib/python3.10/site-packages/airflow/example_dags/example_dynamic_task_mapping.py
[2025-04-16T15:28:47.404-0500] {processor.py:925} INFO - DAG(s) 'example_dynamic_task_mapping' retrieved from /Library/Frameworks/Python.framework/Versions/3.10/lib/python3.10/site-packages/airflow/example_dags/example_dynamic_task_mapping.py
[2025-04-16T15:28:47.437-0500] {logging_mixin.py:190} INFO - [2025-04-16T15:28:47.436-0500] {dag.py:3239} INFO - Sync 1 DAGs
[2025-04-16T15:28:47.440-0500] {logging_mixin.py:190} INFO - [2025-04-16T15:28:47.440-0500] {dag.py:4180} INFO - Setting next_dagrun for example_dynamic_task_mapping to None, run_after=None
[2025-04-16T15:28:47.446-0500] {processor.py:208} INFO - Processing /Library/Frameworks/Python.framework/Versions/3.10/lib/python3.10/site-packages/airflow/example_dags/example_dynamic_task_mapping.py took 0.076 seconds
[2025-04-16T15:33:59.301-0500] {processor.py:186} INFO - Started process (PID=28133) to work on /Library/Frameworks/Python.framework/Versions/3.10/lib/python3.10/site-packages/airflow/example_dags/example_dynamic_task_mapping.py
[2025-04-16T15:33:59.302-0500] {processor.py:914} INFO - Processing file /Library/Frameworks/Python.framework/Versions/3.10/lib/python3.10/site-packages/airflow/example_dags/example_dynamic_task_mapping.py for tasks to queue
[2025-04-16T15:33:59.302-0500] {logging_mixin.py:190} INFO - [2025-04-16T15:33:59.302-0500] {dagbag.py:588} INFO - Filling up the DagBag from /Library/Frameworks/Python.framework/Versions/3.10/lib/python3.10/site-packages/airflow/example_dags/example_dynamic_task_mapping.py
[2025-04-16T15:33:59.344-0500] {processor.py:925} INFO - DAG(s) 'example_dynamic_task_mapping' retrieved from /Library/Frameworks/Python.framework/Versions/3.10/lib/python3.10/site-packages/airflow/example_dags/example_dynamic_task_mapping.py
[2025-04-16T15:33:59.375-0500] {logging_mixin.py:190} INFO - [2025-04-16T15:33:59.375-0500] {dag.py:3239} INFO - Sync 1 DAGs
[2025-04-16T15:33:59.379-0500] {logging_mixin.py:190} INFO - [2025-04-16T15:33:59.379-0500] {dag.py:4180} INFO - Setting next_dagrun for example_dynamic_task_mapping to None, run_after=None
[2025-04-16T15:33:59.384-0500] {processor.py:208} INFO - Processing /Library/Frameworks/Python.framework/Versions/3.10/lib/python3.10/site-packages/airflow/example_dags/example_dynamic_task_mapping.py took 0.085 seconds
[2025-04-16T15:53:41.513-0500] {processor.py:186} INFO - Started process (PID=28381) to work on /Library/Frameworks/Python.framework/Versions/3.10/lib/python3.10/site-packages/airflow/example_dags/example_dynamic_task_mapping.py
[2025-04-16T15:53:41.514-0500] {processor.py:914} INFO - Processing file /Library/Frameworks/Python.framework/Versions/3.10/lib/python3.10/site-packages/airflow/example_dags/example_dynamic_task_mapping.py for tasks to queue
[2025-04-16T15:53:41.514-0500] {logging_mixin.py:190} INFO - [2025-04-16T15:53:41.514-0500] {dagbag.py:588} INFO - Filling up the DagBag from /Library/Frameworks/Python.framework/Versions/3.10/lib/python3.10/site-packages/airflow/example_dags/example_dynamic_task_mapping.py
[2025-04-16T15:53:41.547-0500] {processor.py:925} INFO - DAG(s) 'example_dynamic_task_mapping' retrieved from /Library/Frameworks/Python.framework/Versions/3.10/lib/python3.10/site-packages/airflow/example_dags/example_dynamic_task_mapping.py
[2025-04-16T15:53:41.578-0500] {logging_mixin.py:190} INFO - [2025-04-16T15:53:41.578-0500] {dag.py:3239} INFO - Sync 1 DAGs
[2025-04-16T15:53:41.581-0500] {logging_mixin.py:190} INFO - [2025-04-16T15:53:41.581-0500] {dag.py:4180} INFO - Setting next_dagrun for example_dynamic_task_mapping to None, run_after=None
[2025-04-16T15:53:41.587-0500] {processor.py:208} INFO - Processing /Library/Frameworks/Python.framework/Versions/3.10/lib/python3.10/site-packages/airflow/example_dags/example_dynamic_task_mapping.py took 0.075 seconds
[2025-04-16T15:58:44.044-0500] {processor.py:186} INFO - Started process (PID=28855) to work on /Library/Frameworks/Python.framework/Versions/3.10/lib/python3.10/site-packages/airflow/example_dags/example_dynamic_task_mapping.py
[2025-04-16T15:58:44.044-0500] {processor.py:914} INFO - Processing file /Library/Frameworks/Python.framework/Versions/3.10/lib/python3.10/site-packages/airflow/example_dags/example_dynamic_task_mapping.py for tasks to queue
[2025-04-16T15:58:44.044-0500] {logging_mixin.py:190} INFO - [2025-04-16T15:58:44.044-0500] {dagbag.py:588} INFO - Filling up the DagBag from /Library/Frameworks/Python.framework/Versions/3.10/lib/python3.10/site-packages/airflow/example_dags/example_dynamic_task_mapping.py
[2025-04-16T15:58:44.076-0500] {processor.py:925} INFO - DAG(s) 'example_dynamic_task_mapping' retrieved from /Library/Frameworks/Python.framework/Versions/3.10/lib/python3.10/site-packages/airflow/example_dags/example_dynamic_task_mapping.py
[2025-04-16T15:58:44.107-0500] {logging_mixin.py:190} INFO - [2025-04-16T15:58:44.106-0500] {dag.py:3239} INFO - Sync 1 DAGs
[2025-04-16T15:58:44.110-0500] {logging_mixin.py:190} INFO - [2025-04-16T15:58:44.110-0500] {dag.py:4180} INFO - Setting next_dagrun for example_dynamic_task_mapping to None, run_after=None
[2025-04-16T15:58:44.115-0500] {processor.py:208} INFO - Processing /Library/Frameworks/Python.framework/Versions/3.10/lib/python3.10/site-packages/airflow/example_dags/example_dynamic_task_mapping.py took 0.074 seconds
[2025-04-16T16:03:24.346-0500] {processor.py:186} INFO - Started process (PID=29197) to work on /Library/Frameworks/Python.framework/Versions/3.10/lib/python3.10/site-packages/airflow/example_dags/example_dynamic_task_mapping.py
[2025-04-16T16:03:24.346-0500] {processor.py:914} INFO - Processing file /Library/Frameworks/Python.framework/Versions/3.10/lib/python3.10/site-packages/airflow/example_dags/example_dynamic_task_mapping.py for tasks to queue
[2025-04-16T16:03:24.347-0500] {logging_mixin.py:190} INFO - [2025-04-16T16:03:24.347-0500] {dagbag.py:588} INFO - Filling up the DagBag from /Library/Frameworks/Python.framework/Versions/3.10/lib/python3.10/site-packages/airflow/example_dags/example_dynamic_task_mapping.py
[2025-04-16T16:03:24.380-0500] {processor.py:925} INFO - DAG(s) 'example_dynamic_task_mapping' retrieved from /Library/Frameworks/Python.framework/Versions/3.10/lib/python3.10/site-packages/airflow/example_dags/example_dynamic_task_mapping.py
[2025-04-16T16:03:24.412-0500] {logging_mixin.py:190} INFO - [2025-04-16T16:03:24.412-0500] {dag.py:3239} INFO - Sync 1 DAGs
[2025-04-16T16:03:24.416-0500] {logging_mixin.py:190} INFO - [2025-04-16T16:03:24.416-0500] {dag.py:4180} INFO - Setting next_dagrun for example_dynamic_task_mapping to None, run_after=None
[2025-04-16T16:03:24.421-0500] {processor.py:208} INFO - Processing /Library/Frameworks/Python.framework/Versions/3.10/lib/python3.10/site-packages/airflow/example_dags/example_dynamic_task_mapping.py took 0.077 seconds
[2025-04-16T16:07:51.839-0500] {processor.py:186} INFO - Started process (PID=29526) to work on /Library/Frameworks/Python.framework/Versions/3.10/lib/python3.10/site-packages/airflow/example_dags/example_dynamic_task_mapping.py
[2025-04-16T16:07:51.840-0500] {processor.py:914} INFO - Processing file /Library/Frameworks/Python.framework/Versions/3.10/lib/python3.10/site-packages/airflow/example_dags/example_dynamic_task_mapping.py for tasks to queue
[2025-04-16T16:07:51.840-0500] {logging_mixin.py:190} INFO - [2025-04-16T16:07:51.840-0500] {dagbag.py:588} INFO - Filling up the DagBag from /Library/Frameworks/Python.framework/Versions/3.10/lib/python3.10/site-packages/airflow/example_dags/example_dynamic_task_mapping.py
[2025-04-16T16:07:51.871-0500] {processor.py:925} INFO - DAG(s) 'example_dynamic_task_mapping' retrieved from /Library/Frameworks/Python.framework/Versions/3.10/lib/python3.10/site-packages/airflow/example_dags/example_dynamic_task_mapping.py
[2025-04-16T16:07:51.903-0500] {logging_mixin.py:190} INFO - [2025-04-16T16:07:51.903-0500] {dag.py:3239} INFO - Sync 1 DAGs
[2025-04-16T16:07:51.907-0500] {logging_mixin.py:190} INFO - [2025-04-16T16:07:51.907-0500] {dag.py:4180} INFO - Setting next_dagrun for example_dynamic_task_mapping to None, run_after=None
[2025-04-16T16:07:51.913-0500] {processor.py:208} INFO - Processing /Library/Frameworks/Python.framework/Versions/3.10/lib/python3.10/site-packages/airflow/example_dags/example_dynamic_task_mapping.py took 0.075 seconds
[2025-04-16T16:12:18.733-0500] {processor.py:186} INFO - Started process (PID=29815) to work on /Library/Frameworks/Python.framework/Versions/3.10/lib/python3.10/site-packages/airflow/example_dags/example_dynamic_task_mapping.py
[2025-04-16T16:12:18.733-0500] {processor.py:914} INFO - Processing file /Library/Frameworks/Python.framework/Versions/3.10/lib/python3.10/site-packages/airflow/example_dags/example_dynamic_task_mapping.py for tasks to queue
[2025-04-16T16:12:18.734-0500] {logging_mixin.py:190} INFO - [2025-04-16T16:12:18.734-0500] {dagbag.py:588} INFO - Filling up the DagBag from /Library/Frameworks/Python.framework/Versions/3.10/lib/python3.10/site-packages/airflow/example_dags/example_dynamic_task_mapping.py
[2025-04-16T16:12:18.765-0500] {processor.py:925} INFO - DAG(s) 'example_dynamic_task_mapping' retrieved from /Library/Frameworks/Python.framework/Versions/3.10/lib/python3.10/site-packages/airflow/example_dags/example_dynamic_task_mapping.py
[2025-04-16T16:12:18.796-0500] {logging_mixin.py:190} INFO - [2025-04-16T16:12:18.796-0500] {dag.py:3239} INFO - Sync 1 DAGs
[2025-04-16T16:12:18.799-0500] {logging_mixin.py:190} INFO - [2025-04-16T16:12:18.799-0500] {dag.py:4180} INFO - Setting next_dagrun for example_dynamic_task_mapping to None, run_after=None
[2025-04-16T16:12:18.805-0500] {processor.py:208} INFO - Processing /Library/Frameworks/Python.framework/Versions/3.10/lib/python3.10/site-packages/airflow/example_dags/example_dynamic_task_mapping.py took 0.074 seconds
[2025-04-16T16:16:43.752-0500] {processor.py:186} INFO - Started process (PID=30087) to work on /Library/Frameworks/Python.framework/Versions/3.10/lib/python3.10/site-packages/airflow/example_dags/example_dynamic_task_mapping.py
[2025-04-16T16:16:43.752-0500] {processor.py:914} INFO - Processing file /Library/Frameworks/Python.framework/Versions/3.10/lib/python3.10/site-packages/airflow/example_dags/example_dynamic_task_mapping.py for tasks to queue
[2025-04-16T16:16:43.753-0500] {logging_mixin.py:190} INFO - [2025-04-16T16:16:43.753-0500] {dagbag.py:588} INFO - Filling up the DagBag from /Library/Frameworks/Python.framework/Versions/3.10/lib/python3.10/site-packages/airflow/example_dags/example_dynamic_task_mapping.py
[2025-04-16T16:16:43.786-0500] {processor.py:925} INFO - DAG(s) 'example_dynamic_task_mapping' retrieved from /Library/Frameworks/Python.framework/Versions/3.10/lib/python3.10/site-packages/airflow/example_dags/example_dynamic_task_mapping.py
[2025-04-16T16:16:43.818-0500] {logging_mixin.py:190} INFO - [2025-04-16T16:16:43.818-0500] {dag.py:3239} INFO - Sync 1 DAGs
[2025-04-16T16:16:43.822-0500] {logging_mixin.py:190} INFO - [2025-04-16T16:16:43.822-0500] {dag.py:4180} INFO - Setting next_dagrun for example_dynamic_task_mapping to None, run_after=None
[2025-04-16T16:16:43.827-0500] {processor.py:208} INFO - Processing /Library/Frameworks/Python.framework/Versions/3.10/lib/python3.10/site-packages/airflow/example_dags/example_dynamic_task_mapping.py took 0.077 seconds
[2025-04-16T16:23:33.724-0500] {processor.py:186} INFO - Started process (PID=30382) to work on /Library/Frameworks/Python.framework/Versions/3.10/lib/python3.10/site-packages/airflow/example_dags/example_dynamic_task_mapping.py
[2025-04-16T16:23:33.725-0500] {processor.py:914} INFO - Processing file /Library/Frameworks/Python.framework/Versions/3.10/lib/python3.10/site-packages/airflow/example_dags/example_dynamic_task_mapping.py for tasks to queue
[2025-04-16T16:23:33.725-0500] {logging_mixin.py:190} INFO - [2025-04-16T16:23:33.725-0500] {dagbag.py:588} INFO - Filling up the DagBag from /Library/Frameworks/Python.framework/Versions/3.10/lib/python3.10/site-packages/airflow/example_dags/example_dynamic_task_mapping.py
[2025-04-16T16:23:33.759-0500] {processor.py:925} INFO - DAG(s) 'example_dynamic_task_mapping' retrieved from /Library/Frameworks/Python.framework/Versions/3.10/lib/python3.10/site-packages/airflow/example_dags/example_dynamic_task_mapping.py
[2025-04-16T16:23:33.791-0500] {logging_mixin.py:190} INFO - [2025-04-16T16:23:33.790-0500] {dag.py:3239} INFO - Sync 1 DAGs
[2025-04-16T16:23:33.794-0500] {logging_mixin.py:190} INFO - [2025-04-16T16:23:33.794-0500] {dag.py:4180} INFO - Setting next_dagrun for example_dynamic_task_mapping to None, run_after=None
[2025-04-16T16:23:33.799-0500] {processor.py:208} INFO - Processing /Library/Frameworks/Python.framework/Versions/3.10/lib/python3.10/site-packages/airflow/example_dags/example_dynamic_task_mapping.py took 0.077 seconds
[2025-04-16T17:18:16.863-0500] {processor.py:186} INFO - Started process (PID=30760) to work on /Library/Frameworks/Python.framework/Versions/3.10/lib/python3.10/site-packages/airflow/example_dags/example_dynamic_task_mapping.py
[2025-04-16T17:18:16.864-0500] {processor.py:914} INFO - Processing file /Library/Frameworks/Python.framework/Versions/3.10/lib/python3.10/site-packages/airflow/example_dags/example_dynamic_task_mapping.py for tasks to queue
[2025-04-16T17:18:16.864-0500] {logging_mixin.py:190} INFO - [2025-04-16T17:18:16.864-0500] {dagbag.py:588} INFO - Filling up the DagBag from /Library/Frameworks/Python.framework/Versions/3.10/lib/python3.10/site-packages/airflow/example_dags/example_dynamic_task_mapping.py
[2025-04-16T17:18:16.895-0500] {processor.py:925} INFO - DAG(s) 'example_dynamic_task_mapping' retrieved from /Library/Frameworks/Python.framework/Versions/3.10/lib/python3.10/site-packages/airflow/example_dags/example_dynamic_task_mapping.py
[2025-04-16T17:18:16.927-0500] {logging_mixin.py:190} INFO - [2025-04-16T17:18:16.926-0500] {dag.py:3239} INFO - Sync 1 DAGs
[2025-04-16T17:18:16.930-0500] {logging_mixin.py:190} INFO - [2025-04-16T17:18:16.930-0500] {dag.py:4180} INFO - Setting next_dagrun for example_dynamic_task_mapping to None, run_after=None
[2025-04-16T17:18:16.935-0500] {processor.py:208} INFO - Processing /Library/Frameworks/Python.framework/Versions/3.10/lib/python3.10/site-packages/airflow/example_dags/example_dynamic_task_mapping.py took 0.074 seconds
[2025-04-16T18:45:05.231-0500] {processor.py:186} INFO - Started process (PID=31127) to work on /Library/Frameworks/Python.framework/Versions/3.10/lib/python3.10/site-packages/airflow/example_dags/example_dynamic_task_mapping.py
[2025-04-16T18:45:05.232-0500] {processor.py:914} INFO - Processing file /Library/Frameworks/Python.framework/Versions/3.10/lib/python3.10/site-packages/airflow/example_dags/example_dynamic_task_mapping.py for tasks to queue
[2025-04-16T18:45:05.232-0500] {logging_mixin.py:190} INFO - [2025-04-16T18:45:05.232-0500] {dagbag.py:588} INFO - Filling up the DagBag from /Library/Frameworks/Python.framework/Versions/3.10/lib/python3.10/site-packages/airflow/example_dags/example_dynamic_task_mapping.py
[2025-04-16T18:45:05.270-0500] {processor.py:925} INFO - DAG(s) 'example_dynamic_task_mapping' retrieved from /Library/Frameworks/Python.framework/Versions/3.10/lib/python3.10/site-packages/airflow/example_dags/example_dynamic_task_mapping.py
[2025-04-16T18:45:05.301-0500] {logging_mixin.py:190} INFO - [2025-04-16T18:45:05.301-0500] {dag.py:3239} INFO - Sync 1 DAGs
[2025-04-16T18:45:05.305-0500] {logging_mixin.py:190} INFO - [2025-04-16T18:45:05.305-0500] {dag.py:4180} INFO - Setting next_dagrun for example_dynamic_task_mapping to None, run_after=None
[2025-04-16T18:45:05.312-0500] {processor.py:208} INFO - Processing /Library/Frameworks/Python.framework/Versions/3.10/lib/python3.10/site-packages/airflow/example_dags/example_dynamic_task_mapping.py took 0.083 seconds
