[2025-04-15T20:58:06.652-0500] {processor.py:186} INFO - Started process (PID=10517) to work on /Library/Frameworks/Python.framework/Versions/3.10/lib/python3.10/site-packages/airflow/example_dags/example_branch_python_dop_operator_3.py
[2025-04-15T20:58:06.652-0500] {processor.py:914} INFO - Processing file /Library/Frameworks/Python.framework/Versions/3.10/lib/python3.10/site-packages/airflow/example_dags/example_branch_python_dop_operator_3.py for tasks to queue
[2025-04-15T20:58:06.653-0500] {logging_mixin.py:190} INFO - [2025-04-15T20:58:06.653-0500] {dagbag.py:588} INFO - Filling up the DagBag from /Library/Frameworks/Python.framework/Versions/3.10/lib/python3.10/site-packages/airflow/example_dags/example_branch_python_dop_operator_3.py
[2025-04-15T20:58:06.686-0500] {processor.py:925} INFO - DAG(s) 'example_branch_dop_operator_v3' retrieved from /Library/Frameworks/Python.framework/Versions/3.10/lib/python3.10/site-packages/airflow/example_dags/example_branch_python_dop_operator_3.py
[2025-04-15T20:58:06.717-0500] {logging_mixin.py:190} INFO - [2025-04-15T20:58:06.717-0500] {dag.py:3239} INFO - Sync 1 DAGs
[2025-04-15T20:58:06.724-0500] {logging_mixin.py:190} INFO - [2025-04-15T20:58:06.724-0500] {dag.py:4180} INFO - Setting next_dagrun for example_branch_dop_operator_v3 to 2025-04-16 01:57:00+00:00, run_after=2025-04-16 01:58:00+00:00
[2025-04-15T20:58:06.729-0500] {processor.py:208} INFO - Processing /Library/Frameworks/Python.framework/Versions/3.10/lib/python3.10/site-packages/airflow/example_dags/example_branch_python_dop_operator_3.py took 0.079 seconds
[2025-04-15T21:03:14.788-0500] {processor.py:186} INFO - Started process (PID=10816) to work on /Library/Frameworks/Python.framework/Versions/3.10/lib/python3.10/site-packages/airflow/example_dags/example_branch_python_dop_operator_3.py
[2025-04-15T21:03:14.788-0500] {processor.py:914} INFO - Processing file /Library/Frameworks/Python.framework/Versions/3.10/lib/python3.10/site-packages/airflow/example_dags/example_branch_python_dop_operator_3.py for tasks to queue
[2025-04-15T21:03:14.789-0500] {logging_mixin.py:190} INFO - [2025-04-15T21:03:14.789-0500] {dagbag.py:588} INFO - Filling up the DagBag from /Library/Frameworks/Python.framework/Versions/3.10/lib/python3.10/site-packages/airflow/example_dags/example_branch_python_dop_operator_3.py
[2025-04-15T21:03:14.823-0500] {processor.py:925} INFO - DAG(s) 'example_branch_dop_operator_v3' retrieved from /Library/Frameworks/Python.framework/Versions/3.10/lib/python3.10/site-packages/airflow/example_dags/example_branch_python_dop_operator_3.py
[2025-04-15T21:03:14.855-0500] {logging_mixin.py:190} INFO - [2025-04-15T21:03:14.855-0500] {dag.py:3239} INFO - Sync 1 DAGs
[2025-04-15T21:03:14.863-0500] {logging_mixin.py:190} INFO - [2025-04-15T21:03:14.863-0500] {dag.py:4180} INFO - Setting next_dagrun for example_branch_dop_operator_v3 to 2025-04-16 02:02:00+00:00, run_after=2025-04-16 02:03:00+00:00
[2025-04-15T21:03:14.868-0500] {processor.py:208} INFO - Processing /Library/Frameworks/Python.framework/Versions/3.10/lib/python3.10/site-packages/airflow/example_dags/example_branch_python_dop_operator_3.py took 0.082 seconds
[2025-04-15T22:25:10.443-0500] {processor.py:186} INFO - Started process (PID=11231) to work on /Library/Frameworks/Python.framework/Versions/3.10/lib/python3.10/site-packages/airflow/example_dags/example_branch_python_dop_operator_3.py
[2025-04-15T22:25:10.444-0500] {processor.py:914} INFO - Processing file /Library/Frameworks/Python.framework/Versions/3.10/lib/python3.10/site-packages/airflow/example_dags/example_branch_python_dop_operator_3.py for tasks to queue
[2025-04-15T22:25:10.444-0500] {logging_mixin.py:190} INFO - [2025-04-15T22:25:10.444-0500] {dagbag.py:588} INFO - Filling up the DagBag from /Library/Frameworks/Python.framework/Versions/3.10/lib/python3.10/site-packages/airflow/example_dags/example_branch_python_dop_operator_3.py
[2025-04-15T22:25:10.475-0500] {processor.py:925} INFO - DAG(s) 'example_branch_dop_operator_v3' retrieved from /Library/Frameworks/Python.framework/Versions/3.10/lib/python3.10/site-packages/airflow/example_dags/example_branch_python_dop_operator_3.py
[2025-04-15T22:25:10.506-0500] {logging_mixin.py:190} INFO - [2025-04-15T22:25:10.506-0500] {dag.py:3239} INFO - Sync 1 DAGs
[2025-04-15T22:25:10.513-0500] {logging_mixin.py:190} INFO - [2025-04-15T22:25:10.513-0500] {dag.py:4180} INFO - Setting next_dagrun for example_branch_dop_operator_v3 to 2025-04-16 03:24:00+00:00, run_after=2025-04-16 03:25:00+00:00
[2025-04-15T22:25:10.519-0500] {processor.py:208} INFO - Processing /Library/Frameworks/Python.framework/Versions/3.10/lib/python3.10/site-packages/airflow/example_dags/example_branch_python_dop_operator_3.py took 0.078 seconds
[2025-04-16T00:07:11.055-0500] {processor.py:186} INFO - Started process (PID=11704) to work on /Library/Frameworks/Python.framework/Versions/3.10/lib/python3.10/site-packages/airflow/example_dags/example_branch_python_dop_operator_3.py
[2025-04-16T00:07:11.055-0500] {processor.py:914} INFO - Processing file /Library/Frameworks/Python.framework/Versions/3.10/lib/python3.10/site-packages/airflow/example_dags/example_branch_python_dop_operator_3.py for tasks to queue
[2025-04-16T00:07:11.056-0500] {logging_mixin.py:190} INFO - [2025-04-16T00:07:11.056-0500] {dagbag.py:588} INFO - Filling up the DagBag from /Library/Frameworks/Python.framework/Versions/3.10/lib/python3.10/site-packages/airflow/example_dags/example_branch_python_dop_operator_3.py
[2025-04-16T00:07:11.088-0500] {processor.py:925} INFO - DAG(s) 'example_branch_dop_operator_v3' retrieved from /Library/Frameworks/Python.framework/Versions/3.10/lib/python3.10/site-packages/airflow/example_dags/example_branch_python_dop_operator_3.py
[2025-04-16T00:07:11.119-0500] {logging_mixin.py:190} INFO - [2025-04-16T00:07:11.119-0500] {dag.py:3239} INFO - Sync 1 DAGs
[2025-04-16T00:07:11.126-0500] {logging_mixin.py:190} INFO - [2025-04-16T00:07:11.126-0500] {dag.py:4180} INFO - Setting next_dagrun for example_branch_dop_operator_v3 to 2025-04-16 05:06:00+00:00, run_after=2025-04-16 05:07:00+00:00
[2025-04-16T00:07:11.132-0500] {processor.py:208} INFO - Processing /Library/Frameworks/Python.framework/Versions/3.10/lib/python3.10/site-packages/airflow/example_dags/example_branch_python_dop_operator_3.py took 0.079 seconds
[2025-04-16T01:36:51.794-0500] {processor.py:186} INFO - Started process (PID=11987) to work on /Library/Frameworks/Python.framework/Versions/3.10/lib/python3.10/site-packages/airflow/example_dags/example_branch_python_dop_operator_3.py
[2025-04-16T01:36:51.794-0500] {processor.py:914} INFO - Processing file /Library/Frameworks/Python.framework/Versions/3.10/lib/python3.10/site-packages/airflow/example_dags/example_branch_python_dop_operator_3.py for tasks to queue
[2025-04-16T01:36:51.795-0500] {logging_mixin.py:190} INFO - [2025-04-16T01:36:51.795-0500] {dagbag.py:588} INFO - Filling up the DagBag from /Library/Frameworks/Python.framework/Versions/3.10/lib/python3.10/site-packages/airflow/example_dags/example_branch_python_dop_operator_3.py
[2025-04-16T01:36:51.827-0500] {processor.py:925} INFO - DAG(s) 'example_branch_dop_operator_v3' retrieved from /Library/Frameworks/Python.framework/Versions/3.10/lib/python3.10/site-packages/airflow/example_dags/example_branch_python_dop_operator_3.py
[2025-04-16T01:36:51.859-0500] {logging_mixin.py:190} INFO - [2025-04-16T01:36:51.859-0500] {dag.py:3239} INFO - Sync 1 DAGs
[2025-04-16T01:36:51.866-0500] {logging_mixin.py:190} INFO - [2025-04-16T01:36:51.866-0500] {dag.py:4180} INFO - Setting next_dagrun for example_branch_dop_operator_v3 to 2025-04-16 06:35:00+00:00, run_after=2025-04-16 06:36:00+00:00
[2025-04-16T01:36:51.872-0500] {processor.py:208} INFO - Processing /Library/Frameworks/Python.framework/Versions/3.10/lib/python3.10/site-packages/airflow/example_dags/example_branch_python_dop_operator_3.py took 0.080 seconds
[2025-04-16T04:10:53.938-0500] {processor.py:186} INFO - Started process (PID=12504) to work on /Library/Frameworks/Python.framework/Versions/3.10/lib/python3.10/site-packages/airflow/example_dags/example_branch_python_dop_operator_3.py
[2025-04-16T04:10:53.939-0500] {processor.py:914} INFO - Processing file /Library/Frameworks/Python.framework/Versions/3.10/lib/python3.10/site-packages/airflow/example_dags/example_branch_python_dop_operator_3.py for tasks to queue
[2025-04-16T04:10:53.939-0500] {logging_mixin.py:190} INFO - [2025-04-16T04:10:53.939-0500] {dagbag.py:588} INFO - Filling up the DagBag from /Library/Frameworks/Python.framework/Versions/3.10/lib/python3.10/site-packages/airflow/example_dags/example_branch_python_dop_operator_3.py
[2025-04-16T04:10:53.971-0500] {processor.py:925} INFO - DAG(s) 'example_branch_dop_operator_v3' retrieved from /Library/Frameworks/Python.framework/Versions/3.10/lib/python3.10/site-packages/airflow/example_dags/example_branch_python_dop_operator_3.py
[2025-04-16T04:10:54.003-0500] {logging_mixin.py:190} INFO - [2025-04-16T04:10:54.003-0500] {dag.py:3239} INFO - Sync 1 DAGs
[2025-04-16T04:10:54.011-0500] {logging_mixin.py:190} INFO - [2025-04-16T04:10:54.010-0500] {dag.py:4180} INFO - Setting next_dagrun for example_branch_dop_operator_v3 to 2025-04-16 09:09:00+00:00, run_after=2025-04-16 09:10:00+00:00
[2025-04-16T04:10:54.016-0500] {processor.py:208} INFO - Processing /Library/Frameworks/Python.framework/Versions/3.10/lib/python3.10/site-packages/airflow/example_dags/example_branch_python_dop_operator_3.py took 0.080 seconds
[2025-04-16T04:59:57.882-0500] {processor.py:186} INFO - Started process (PID=12680) to work on /Library/Frameworks/Python.framework/Versions/3.10/lib/python3.10/site-packages/airflow/example_dags/example_branch_python_dop_operator_3.py
[2025-04-16T04:59:57.883-0500] {processor.py:914} INFO - Processing file /Library/Frameworks/Python.framework/Versions/3.10/lib/python3.10/site-packages/airflow/example_dags/example_branch_python_dop_operator_3.py for tasks to queue
[2025-04-16T04:59:57.883-0500] {logging_mixin.py:190} INFO - [2025-04-16T04:59:57.883-0500] {dagbag.py:588} INFO - Filling up the DagBag from /Library/Frameworks/Python.framework/Versions/3.10/lib/python3.10/site-packages/airflow/example_dags/example_branch_python_dop_operator_3.py
[2025-04-16T04:59:57.916-0500] {processor.py:925} INFO - DAG(s) 'example_branch_dop_operator_v3' retrieved from /Library/Frameworks/Python.framework/Versions/3.10/lib/python3.10/site-packages/airflow/example_dags/example_branch_python_dop_operator_3.py
[2025-04-16T04:59:57.947-0500] {logging_mixin.py:190} INFO - [2025-04-16T04:59:57.947-0500] {dag.py:3239} INFO - Sync 1 DAGs
[2025-04-16T04:59:57.954-0500] {logging_mixin.py:190} INFO - [2025-04-16T04:59:57.954-0500] {dag.py:4180} INFO - Setting next_dagrun for example_branch_dop_operator_v3 to 2025-04-16 09:58:00+00:00, run_after=2025-04-16 09:59:00+00:00
[2025-04-16T04:59:57.960-0500] {processor.py:208} INFO - Processing /Library/Frameworks/Python.framework/Versions/3.10/lib/python3.10/site-packages/airflow/example_dags/example_branch_python_dop_operator_3.py took 0.079 seconds
[2025-04-16T09:48:32.318-0500] {processor.py:186} INFO - Started process (PID=13281) to work on /Library/Frameworks/Python.framework/Versions/3.10/lib/python3.10/site-packages/airflow/example_dags/example_branch_python_dop_operator_3.py
[2025-04-16T09:48:32.319-0500] {processor.py:914} INFO - Processing file /Library/Frameworks/Python.framework/Versions/3.10/lib/python3.10/site-packages/airflow/example_dags/example_branch_python_dop_operator_3.py for tasks to queue
[2025-04-16T09:48:32.319-0500] {logging_mixin.py:190} INFO - [2025-04-16T09:48:32.319-0500] {dagbag.py:588} INFO - Filling up the DagBag from /Library/Frameworks/Python.framework/Versions/3.10/lib/python3.10/site-packages/airflow/example_dags/example_branch_python_dop_operator_3.py
[2025-04-16T09:48:32.361-0500] {processor.py:925} INFO - DAG(s) 'example_branch_dop_operator_v3' retrieved from /Library/Frameworks/Python.framework/Versions/3.10/lib/python3.10/site-packages/airflow/example_dags/example_branch_python_dop_operator_3.py
[2025-04-16T09:48:32.393-0500] {logging_mixin.py:190} INFO - [2025-04-16T09:48:32.393-0500] {dag.py:3239} INFO - Sync 1 DAGs
[2025-04-16T09:48:32.400-0500] {logging_mixin.py:190} INFO - [2025-04-16T09:48:32.400-0500] {dag.py:4180} INFO - Setting next_dagrun for example_branch_dop_operator_v3 to 2025-04-16 14:47:00+00:00, run_after=2025-04-16 14:48:00+00:00
[2025-04-16T09:48:32.406-0500] {processor.py:208} INFO - Processing /Library/Frameworks/Python.framework/Versions/3.10/lib/python3.10/site-packages/airflow/example_dags/example_branch_python_dop_operator_3.py took 0.090 seconds
[2025-04-16T10:34:51.264-0500] {processor.py:186} INFO - Started process (PID=13754) to work on /Library/Frameworks/Python.framework/Versions/3.10/lib/python3.10/site-packages/airflow/example_dags/example_branch_python_dop_operator_3.py
[2025-04-16T10:34:51.264-0500] {processor.py:914} INFO - Processing file /Library/Frameworks/Python.framework/Versions/3.10/lib/python3.10/site-packages/airflow/example_dags/example_branch_python_dop_operator_3.py for tasks to queue
[2025-04-16T10:34:51.265-0500] {logging_mixin.py:190} INFO - [2025-04-16T10:34:51.265-0500] {dagbag.py:588} INFO - Filling up the DagBag from /Library/Frameworks/Python.framework/Versions/3.10/lib/python3.10/site-packages/airflow/example_dags/example_branch_python_dop_operator_3.py
[2025-04-16T10:34:51.301-0500] {processor.py:925} INFO - DAG(s) 'example_branch_dop_operator_v3' retrieved from /Library/Frameworks/Python.framework/Versions/3.10/lib/python3.10/site-packages/airflow/example_dags/example_branch_python_dop_operator_3.py
[2025-04-16T10:34:51.332-0500] {logging_mixin.py:190} INFO - [2025-04-16T10:34:51.332-0500] {dag.py:3239} INFO - Sync 1 DAGs
[2025-04-16T10:34:51.340-0500] {logging_mixin.py:190} INFO - [2025-04-16T10:34:51.340-0500] {dag.py:4180} INFO - Setting next_dagrun for example_branch_dop_operator_v3 to 2025-04-16 15:33:00+00:00, run_after=2025-04-16 15:34:00+00:00
[2025-04-16T10:34:51.345-0500] {processor.py:208} INFO - Processing /Library/Frameworks/Python.framework/Versions/3.10/lib/python3.10/site-packages/airflow/example_dags/example_branch_python_dop_operator_3.py took 0.084 seconds
[2025-04-16T10:39:45.010-0500] {processor.py:186} INFO - Started process (PID=14079) to work on /Library/Frameworks/Python.framework/Versions/3.10/lib/python3.10/site-packages/airflow/example_dags/example_branch_python_dop_operator_3.py
[2025-04-16T10:39:45.011-0500] {processor.py:914} INFO - Processing file /Library/Frameworks/Python.framework/Versions/3.10/lib/python3.10/site-packages/airflow/example_dags/example_branch_python_dop_operator_3.py for tasks to queue
[2025-04-16T10:39:45.011-0500] {logging_mixin.py:190} INFO - [2025-04-16T10:39:45.011-0500] {dagbag.py:588} INFO - Filling up the DagBag from /Library/Frameworks/Python.framework/Versions/3.10/lib/python3.10/site-packages/airflow/example_dags/example_branch_python_dop_operator_3.py
[2025-04-16T10:39:45.047-0500] {processor.py:925} INFO - DAG(s) 'example_branch_dop_operator_v3' retrieved from /Library/Frameworks/Python.framework/Versions/3.10/lib/python3.10/site-packages/airflow/example_dags/example_branch_python_dop_operator_3.py
[2025-04-16T10:39:45.078-0500] {logging_mixin.py:190} INFO - [2025-04-16T10:39:45.078-0500] {dag.py:3239} INFO - Sync 1 DAGs
[2025-04-16T10:39:45.085-0500] {logging_mixin.py:190} INFO - [2025-04-16T10:39:45.085-0500] {dag.py:4180} INFO - Setting next_dagrun for example_branch_dop_operator_v3 to 2025-04-16 15:38:00+00:00, run_after=2025-04-16 15:39:00+00:00
[2025-04-16T10:39:45.091-0500] {processor.py:208} INFO - Processing /Library/Frameworks/Python.framework/Versions/3.10/lib/python3.10/site-packages/airflow/example_dags/example_branch_python_dop_operator_3.py took 0.082 seconds
[2025-04-16T10:44:28.444-0500] {processor.py:186} INFO - Started process (PID=14368) to work on /Library/Frameworks/Python.framework/Versions/3.10/lib/python3.10/site-packages/airflow/example_dags/example_branch_python_dop_operator_3.py
[2025-04-16T10:44:28.444-0500] {processor.py:914} INFO - Processing file /Library/Frameworks/Python.framework/Versions/3.10/lib/python3.10/site-packages/airflow/example_dags/example_branch_python_dop_operator_3.py for tasks to queue
[2025-04-16T10:44:28.445-0500] {logging_mixin.py:190} INFO - [2025-04-16T10:44:28.445-0500] {dagbag.py:588} INFO - Filling up the DagBag from /Library/Frameworks/Python.framework/Versions/3.10/lib/python3.10/site-packages/airflow/example_dags/example_branch_python_dop_operator_3.py
[2025-04-16T10:44:28.481-0500] {processor.py:925} INFO - DAG(s) 'example_branch_dop_operator_v3' retrieved from /Library/Frameworks/Python.framework/Versions/3.10/lib/python3.10/site-packages/airflow/example_dags/example_branch_python_dop_operator_3.py
[2025-04-16T10:44:28.512-0500] {logging_mixin.py:190} INFO - [2025-04-16T10:44:28.512-0500] {dag.py:3239} INFO - Sync 1 DAGs
[2025-04-16T10:44:28.519-0500] {logging_mixin.py:190} INFO - [2025-04-16T10:44:28.519-0500] {dag.py:4180} INFO - Setting next_dagrun for example_branch_dop_operator_v3 to 2025-04-16 15:43:00+00:00, run_after=2025-04-16 15:44:00+00:00
[2025-04-16T10:44:28.525-0500] {processor.py:208} INFO - Processing /Library/Frameworks/Python.framework/Versions/3.10/lib/python3.10/site-packages/airflow/example_dags/example_branch_python_dop_operator_3.py took 0.083 seconds
[2025-04-16T10:49:02.173-0500] {processor.py:186} INFO - Started process (PID=14660) to work on /Library/Frameworks/Python.framework/Versions/3.10/lib/python3.10/site-packages/airflow/example_dags/example_branch_python_dop_operator_3.py
[2025-04-16T10:49:02.174-0500] {processor.py:914} INFO - Processing file /Library/Frameworks/Python.framework/Versions/3.10/lib/python3.10/site-packages/airflow/example_dags/example_branch_python_dop_operator_3.py for tasks to queue
[2025-04-16T10:49:02.174-0500] {logging_mixin.py:190} INFO - [2025-04-16T10:49:02.174-0500] {dagbag.py:588} INFO - Filling up the DagBag from /Library/Frameworks/Python.framework/Versions/3.10/lib/python3.10/site-packages/airflow/example_dags/example_branch_python_dop_operator_3.py
[2025-04-16T10:49:02.212-0500] {processor.py:925} INFO - DAG(s) 'example_branch_dop_operator_v3' retrieved from /Library/Frameworks/Python.framework/Versions/3.10/lib/python3.10/site-packages/airflow/example_dags/example_branch_python_dop_operator_3.py
[2025-04-16T10:49:02.245-0500] {logging_mixin.py:190} INFO - [2025-04-16T10:49:02.245-0500] {dag.py:3239} INFO - Sync 1 DAGs
[2025-04-16T10:49:02.252-0500] {logging_mixin.py:190} INFO - [2025-04-16T10:49:02.252-0500] {dag.py:4180} INFO - Setting next_dagrun for example_branch_dop_operator_v3 to 2025-04-16 15:48:00+00:00, run_after=2025-04-16 15:49:00+00:00
[2025-04-16T10:49:02.258-0500] {processor.py:208} INFO - Processing /Library/Frameworks/Python.framework/Versions/3.10/lib/python3.10/site-packages/airflow/example_dags/example_branch_python_dop_operator_3.py took 0.086 seconds
[2025-04-16T10:53:46.556-0500] {processor.py:186} INFO - Started process (PID=14939) to work on /Library/Frameworks/Python.framework/Versions/3.10/lib/python3.10/site-packages/airflow/example_dags/example_branch_python_dop_operator_3.py
[2025-04-16T10:53:46.556-0500] {processor.py:914} INFO - Processing file /Library/Frameworks/Python.framework/Versions/3.10/lib/python3.10/site-packages/airflow/example_dags/example_branch_python_dop_operator_3.py for tasks to queue
[2025-04-16T10:53:46.557-0500] {logging_mixin.py:190} INFO - [2025-04-16T10:53:46.557-0500] {dagbag.py:588} INFO - Filling up the DagBag from /Library/Frameworks/Python.framework/Versions/3.10/lib/python3.10/site-packages/airflow/example_dags/example_branch_python_dop_operator_3.py
[2025-04-16T10:53:46.595-0500] {processor.py:925} INFO - DAG(s) 'example_branch_dop_operator_v3' retrieved from /Library/Frameworks/Python.framework/Versions/3.10/lib/python3.10/site-packages/airflow/example_dags/example_branch_python_dop_operator_3.py
[2025-04-16T10:53:46.627-0500] {logging_mixin.py:190} INFO - [2025-04-16T10:53:46.626-0500] {dag.py:3239} INFO - Sync 1 DAGs
[2025-04-16T10:53:46.634-0500] {logging_mixin.py:190} INFO - [2025-04-16T10:53:46.634-0500] {dag.py:4180} INFO - Setting next_dagrun for example_branch_dop_operator_v3 to 2025-04-16 15:52:00+00:00, run_after=2025-04-16 15:53:00+00:00
[2025-04-16T10:53:46.640-0500] {processor.py:208} INFO - Processing /Library/Frameworks/Python.framework/Versions/3.10/lib/python3.10/site-packages/airflow/example_dags/example_branch_python_dop_operator_3.py took 0.086 seconds
[2025-04-16T10:58:30.735-0500] {processor.py:186} INFO - Started process (PID=15207) to work on /Library/Frameworks/Python.framework/Versions/3.10/lib/python3.10/site-packages/airflow/example_dags/example_branch_python_dop_operator_3.py
[2025-04-16T10:58:30.736-0500] {processor.py:914} INFO - Processing file /Library/Frameworks/Python.framework/Versions/3.10/lib/python3.10/site-packages/airflow/example_dags/example_branch_python_dop_operator_3.py for tasks to queue
[2025-04-16T10:58:30.737-0500] {logging_mixin.py:190} INFO - [2025-04-16T10:58:30.737-0500] {dagbag.py:588} INFO - Filling up the DagBag from /Library/Frameworks/Python.framework/Versions/3.10/lib/python3.10/site-packages/airflow/example_dags/example_branch_python_dop_operator_3.py
[2025-04-16T10:58:30.770-0500] {processor.py:925} INFO - DAG(s) 'example_branch_dop_operator_v3' retrieved from /Library/Frameworks/Python.framework/Versions/3.10/lib/python3.10/site-packages/airflow/example_dags/example_branch_python_dop_operator_3.py
[2025-04-16T10:58:30.801-0500] {logging_mixin.py:190} INFO - [2025-04-16T10:58:30.801-0500] {dag.py:3239} INFO - Sync 1 DAGs
[2025-04-16T10:58:30.809-0500] {logging_mixin.py:190} INFO - [2025-04-16T10:58:30.808-0500] {dag.py:4180} INFO - Setting next_dagrun for example_branch_dop_operator_v3 to 2025-04-16 15:57:00+00:00, run_after=2025-04-16 15:58:00+00:00
[2025-04-16T10:58:30.814-0500] {processor.py:208} INFO - Processing /Library/Frameworks/Python.framework/Versions/3.10/lib/python3.10/site-packages/airflow/example_dags/example_branch_python_dop_operator_3.py took 0.081 seconds
[2025-04-16T11:03:33.262-0500] {processor.py:186} INFO - Started process (PID=15496) to work on /Library/Frameworks/Python.framework/Versions/3.10/lib/python3.10/site-packages/airflow/example_dags/example_branch_python_dop_operator_3.py
[2025-04-16T11:03:33.263-0500] {processor.py:914} INFO - Processing file /Library/Frameworks/Python.framework/Versions/3.10/lib/python3.10/site-packages/airflow/example_dags/example_branch_python_dop_operator_3.py for tasks to queue
[2025-04-16T11:03:33.263-0500] {logging_mixin.py:190} INFO - [2025-04-16T11:03:33.263-0500] {dagbag.py:588} INFO - Filling up the DagBag from /Library/Frameworks/Python.framework/Versions/3.10/lib/python3.10/site-packages/airflow/example_dags/example_branch_python_dop_operator_3.py
[2025-04-16T11:03:33.297-0500] {processor.py:925} INFO - DAG(s) 'example_branch_dop_operator_v3' retrieved from /Library/Frameworks/Python.framework/Versions/3.10/lib/python3.10/site-packages/airflow/example_dags/example_branch_python_dop_operator_3.py
[2025-04-16T11:03:33.330-0500] {logging_mixin.py:190} INFO - [2025-04-16T11:03:33.329-0500] {dag.py:3239} INFO - Sync 1 DAGs
[2025-04-16T11:03:33.337-0500] {logging_mixin.py:190} INFO - [2025-04-16T11:03:33.337-0500] {dag.py:4180} INFO - Setting next_dagrun for example_branch_dop_operator_v3 to 2025-04-16 16:02:00+00:00, run_after=2025-04-16 16:03:00+00:00
[2025-04-16T11:03:33.342-0500] {processor.py:208} INFO - Processing /Library/Frameworks/Python.framework/Versions/3.10/lib/python3.10/site-packages/airflow/example_dags/example_branch_python_dop_operator_3.py took 0.082 seconds
[2025-04-16T11:08:27.173-0500] {processor.py:186} INFO - Started process (PID=15819) to work on /Library/Frameworks/Python.framework/Versions/3.10/lib/python3.10/site-packages/airflow/example_dags/example_branch_python_dop_operator_3.py
[2025-04-16T11:08:27.174-0500] {processor.py:914} INFO - Processing file /Library/Frameworks/Python.framework/Versions/3.10/lib/python3.10/site-packages/airflow/example_dags/example_branch_python_dop_operator_3.py for tasks to queue
[2025-04-16T11:08:27.175-0500] {logging_mixin.py:190} INFO - [2025-04-16T11:08:27.175-0500] {dagbag.py:588} INFO - Filling up the DagBag from /Library/Frameworks/Python.framework/Versions/3.10/lib/python3.10/site-packages/airflow/example_dags/example_branch_python_dop_operator_3.py
[2025-04-16T11:08:27.207-0500] {processor.py:925} INFO - DAG(s) 'example_branch_dop_operator_v3' retrieved from /Library/Frameworks/Python.framework/Versions/3.10/lib/python3.10/site-packages/airflow/example_dags/example_branch_python_dop_operator_3.py
[2025-04-16T11:08:27.239-0500] {logging_mixin.py:190} INFO - [2025-04-16T11:08:27.239-0500] {dag.py:3239} INFO - Sync 1 DAGs
[2025-04-16T11:08:27.247-0500] {logging_mixin.py:190} INFO - [2025-04-16T11:08:27.246-0500] {dag.py:4180} INFO - Setting next_dagrun for example_branch_dop_operator_v3 to 2025-04-16 16:07:00+00:00, run_after=2025-04-16 16:08:00+00:00
[2025-04-16T11:08:27.252-0500] {processor.py:208} INFO - Processing /Library/Frameworks/Python.framework/Versions/3.10/lib/python3.10/site-packages/airflow/example_dags/example_branch_python_dop_operator_3.py took 0.081 seconds
[2025-04-16T11:12:58.053-0500] {processor.py:186} INFO - Started process (PID=16103) to work on /Library/Frameworks/Python.framework/Versions/3.10/lib/python3.10/site-packages/airflow/example_dags/example_branch_python_dop_operator_3.py
[2025-04-16T11:12:58.054-0500] {processor.py:914} INFO - Processing file /Library/Frameworks/Python.framework/Versions/3.10/lib/python3.10/site-packages/airflow/example_dags/example_branch_python_dop_operator_3.py for tasks to queue
[2025-04-16T11:12:58.054-0500] {logging_mixin.py:190} INFO - [2025-04-16T11:12:58.054-0500] {dagbag.py:588} INFO - Filling up the DagBag from /Library/Frameworks/Python.framework/Versions/3.10/lib/python3.10/site-packages/airflow/example_dags/example_branch_python_dop_operator_3.py
[2025-04-16T11:12:58.087-0500] {processor.py:925} INFO - DAG(s) 'example_branch_dop_operator_v3' retrieved from /Library/Frameworks/Python.framework/Versions/3.10/lib/python3.10/site-packages/airflow/example_dags/example_branch_python_dop_operator_3.py
[2025-04-16T11:12:58.118-0500] {logging_mixin.py:190} INFO - [2025-04-16T11:12:58.118-0500] {dag.py:3239} INFO - Sync 1 DAGs
[2025-04-16T11:12:58.126-0500] {logging_mixin.py:190} INFO - [2025-04-16T11:12:58.126-0500] {dag.py:4180} INFO - Setting next_dagrun for example_branch_dop_operator_v3 to 2025-04-16 16:11:00+00:00, run_after=2025-04-16 16:12:00+00:00
[2025-04-16T11:12:58.131-0500] {processor.py:208} INFO - Processing /Library/Frameworks/Python.framework/Versions/3.10/lib/python3.10/site-packages/airflow/example_dags/example_branch_python_dop_operator_3.py took 0.080 seconds
[2025-04-16T11:17:24.743-0500] {processor.py:186} INFO - Started process (PID=16411) to work on /Library/Frameworks/Python.framework/Versions/3.10/lib/python3.10/site-packages/airflow/example_dags/example_branch_python_dop_operator_3.py
[2025-04-16T11:17:24.744-0500] {processor.py:914} INFO - Processing file /Library/Frameworks/Python.framework/Versions/3.10/lib/python3.10/site-packages/airflow/example_dags/example_branch_python_dop_operator_3.py for tasks to queue
[2025-04-16T11:17:24.744-0500] {logging_mixin.py:190} INFO - [2025-04-16T11:17:24.744-0500] {dagbag.py:588} INFO - Filling up the DagBag from /Library/Frameworks/Python.framework/Versions/3.10/lib/python3.10/site-packages/airflow/example_dags/example_branch_python_dop_operator_3.py
[2025-04-16T11:17:24.776-0500] {processor.py:925} INFO - DAG(s) 'example_branch_dop_operator_v3' retrieved from /Library/Frameworks/Python.framework/Versions/3.10/lib/python3.10/site-packages/airflow/example_dags/example_branch_python_dop_operator_3.py
[2025-04-16T11:17:24.808-0500] {logging_mixin.py:190} INFO - [2025-04-16T11:17:24.808-0500] {dag.py:3239} INFO - Sync 1 DAGs
[2025-04-16T11:17:24.816-0500] {logging_mixin.py:190} INFO - [2025-04-16T11:17:24.816-0500] {dag.py:4180} INFO - Setting next_dagrun for example_branch_dop_operator_v3 to 2025-04-16 16:16:00+00:00, run_after=2025-04-16 16:17:00+00:00
[2025-04-16T11:17:24.821-0500] {processor.py:208} INFO - Processing /Library/Frameworks/Python.framework/Versions/3.10/lib/python3.10/site-packages/airflow/example_dags/example_branch_python_dop_operator_3.py took 0.079 seconds
[2025-04-16T11:22:02.986-0500] {processor.py:186} INFO - Started process (PID=16696) to work on /Library/Frameworks/Python.framework/Versions/3.10/lib/python3.10/site-packages/airflow/example_dags/example_branch_python_dop_operator_3.py
[2025-04-16T11:22:02.986-0500] {processor.py:914} INFO - Processing file /Library/Frameworks/Python.framework/Versions/3.10/lib/python3.10/site-packages/airflow/example_dags/example_branch_python_dop_operator_3.py for tasks to queue
[2025-04-16T11:22:02.987-0500] {logging_mixin.py:190} INFO - [2025-04-16T11:22:02.987-0500] {dagbag.py:588} INFO - Filling up the DagBag from /Library/Frameworks/Python.framework/Versions/3.10/lib/python3.10/site-packages/airflow/example_dags/example_branch_python_dop_operator_3.py
[2025-04-16T11:22:03.020-0500] {processor.py:925} INFO - DAG(s) 'example_branch_dop_operator_v3' retrieved from /Library/Frameworks/Python.framework/Versions/3.10/lib/python3.10/site-packages/airflow/example_dags/example_branch_python_dop_operator_3.py
[2025-04-16T11:22:03.052-0500] {logging_mixin.py:190} INFO - [2025-04-16T11:22:03.052-0500] {dag.py:3239} INFO - Sync 1 DAGs
[2025-04-16T11:22:03.059-0500] {logging_mixin.py:190} INFO - [2025-04-16T11:22:03.059-0500] {dag.py:4180} INFO - Setting next_dagrun for example_branch_dop_operator_v3 to 2025-04-16 16:21:00+00:00, run_after=2025-04-16 16:22:00+00:00
[2025-04-16T11:22:03.065-0500] {processor.py:208} INFO - Processing /Library/Frameworks/Python.framework/Versions/3.10/lib/python3.10/site-packages/airflow/example_dags/example_branch_python_dop_operator_3.py took 0.080 seconds
[2025-04-16T11:26:38.394-0500] {processor.py:186} INFO - Started process (PID=17011) to work on /Library/Frameworks/Python.framework/Versions/3.10/lib/python3.10/site-packages/airflow/example_dags/example_branch_python_dop_operator_3.py
[2025-04-16T11:26:38.394-0500] {processor.py:914} INFO - Processing file /Library/Frameworks/Python.framework/Versions/3.10/lib/python3.10/site-packages/airflow/example_dags/example_branch_python_dop_operator_3.py for tasks to queue
[2025-04-16T11:26:38.395-0500] {logging_mixin.py:190} INFO - [2025-04-16T11:26:38.395-0500] {dagbag.py:588} INFO - Filling up the DagBag from /Library/Frameworks/Python.framework/Versions/3.10/lib/python3.10/site-packages/airflow/example_dags/example_branch_python_dop_operator_3.py
[2025-04-16T11:26:38.428-0500] {processor.py:925} INFO - DAG(s) 'example_branch_dop_operator_v3' retrieved from /Library/Frameworks/Python.framework/Versions/3.10/lib/python3.10/site-packages/airflow/example_dags/example_branch_python_dop_operator_3.py
[2025-04-16T11:26:38.460-0500] {logging_mixin.py:190} INFO - [2025-04-16T11:26:38.460-0500] {dag.py:3239} INFO - Sync 1 DAGs
[2025-04-16T11:26:38.467-0500] {logging_mixin.py:190} INFO - [2025-04-16T11:26:38.467-0500] {dag.py:4180} INFO - Setting next_dagrun for example_branch_dop_operator_v3 to 2025-04-16 16:25:00+00:00, run_after=2025-04-16 16:26:00+00:00
[2025-04-16T11:26:38.472-0500] {processor.py:208} INFO - Processing /Library/Frameworks/Python.framework/Versions/3.10/lib/python3.10/site-packages/airflow/example_dags/example_branch_python_dop_operator_3.py took 0.080 seconds
[2025-04-16T11:31:05.123-0500] {processor.py:186} INFO - Started process (PID=17321) to work on /Library/Frameworks/Python.framework/Versions/3.10/lib/python3.10/site-packages/airflow/example_dags/example_branch_python_dop_operator_3.py
[2025-04-16T11:31:05.124-0500] {processor.py:914} INFO - Processing file /Library/Frameworks/Python.framework/Versions/3.10/lib/python3.10/site-packages/airflow/example_dags/example_branch_python_dop_operator_3.py for tasks to queue
[2025-04-16T11:31:05.124-0500] {logging_mixin.py:190} INFO - [2025-04-16T11:31:05.124-0500] {dagbag.py:588} INFO - Filling up the DagBag from /Library/Frameworks/Python.framework/Versions/3.10/lib/python3.10/site-packages/airflow/example_dags/example_branch_python_dop_operator_3.py
[2025-04-16T11:31:05.156-0500] {processor.py:925} INFO - DAG(s) 'example_branch_dop_operator_v3' retrieved from /Library/Frameworks/Python.framework/Versions/3.10/lib/python3.10/site-packages/airflow/example_dags/example_branch_python_dop_operator_3.py
[2025-04-16T11:31:05.187-0500] {logging_mixin.py:190} INFO - [2025-04-16T11:31:05.187-0500] {dag.py:3239} INFO - Sync 1 DAGs
[2025-04-16T11:31:05.195-0500] {logging_mixin.py:190} INFO - [2025-04-16T11:31:05.195-0500] {dag.py:4180} INFO - Setting next_dagrun for example_branch_dop_operator_v3 to 2025-04-16 16:30:00+00:00, run_after=2025-04-16 16:31:00+00:00
[2025-04-16T11:31:05.200-0500] {processor.py:208} INFO - Processing /Library/Frameworks/Python.framework/Versions/3.10/lib/python3.10/site-packages/airflow/example_dags/example_branch_python_dop_operator_3.py took 0.079 seconds
[2025-04-16T11:51:32.652-0500] {processor.py:186} INFO - Started process (PID=17667) to work on /Library/Frameworks/Python.framework/Versions/3.10/lib/python3.10/site-packages/airflow/example_dags/example_branch_python_dop_operator_3.py
[2025-04-16T11:51:32.653-0500] {processor.py:914} INFO - Processing file /Library/Frameworks/Python.framework/Versions/3.10/lib/python3.10/site-packages/airflow/example_dags/example_branch_python_dop_operator_3.py for tasks to queue
[2025-04-16T11:51:32.653-0500] {logging_mixin.py:190} INFO - [2025-04-16T11:51:32.653-0500] {dagbag.py:588} INFO - Filling up the DagBag from /Library/Frameworks/Python.framework/Versions/3.10/lib/python3.10/site-packages/airflow/example_dags/example_branch_python_dop_operator_3.py
[2025-04-16T11:51:32.685-0500] {processor.py:925} INFO - DAG(s) 'example_branch_dop_operator_v3' retrieved from /Library/Frameworks/Python.framework/Versions/3.10/lib/python3.10/site-packages/airflow/example_dags/example_branch_python_dop_operator_3.py
[2025-04-16T11:51:32.717-0500] {logging_mixin.py:190} INFO - [2025-04-16T11:51:32.717-0500] {dag.py:3239} INFO - Sync 1 DAGs
[2025-04-16T11:51:32.724-0500] {logging_mixin.py:190} INFO - [2025-04-16T11:51:32.724-0500] {dag.py:4180} INFO - Setting next_dagrun for example_branch_dop_operator_v3 to 2025-04-16 16:50:00+00:00, run_after=2025-04-16 16:51:00+00:00
[2025-04-16T11:51:32.730-0500] {processor.py:208} INFO - Processing /Library/Frameworks/Python.framework/Versions/3.10/lib/python3.10/site-packages/airflow/example_dags/example_branch_python_dop_operator_3.py took 0.079 seconds
[2025-04-16T11:55:56.592-0500] {processor.py:186} INFO - Started process (PID=18031) to work on /Library/Frameworks/Python.framework/Versions/3.10/lib/python3.10/site-packages/airflow/example_dags/example_branch_python_dop_operator_3.py
[2025-04-16T11:55:56.593-0500] {processor.py:914} INFO - Processing file /Library/Frameworks/Python.framework/Versions/3.10/lib/python3.10/site-packages/airflow/example_dags/example_branch_python_dop_operator_3.py for tasks to queue
[2025-04-16T11:55:56.593-0500] {logging_mixin.py:190} INFO - [2025-04-16T11:55:56.593-0500] {dagbag.py:588} INFO - Filling up the DagBag from /Library/Frameworks/Python.framework/Versions/3.10/lib/python3.10/site-packages/airflow/example_dags/example_branch_python_dop_operator_3.py
[2025-04-16T11:55:56.625-0500] {processor.py:925} INFO - DAG(s) 'example_branch_dop_operator_v3' retrieved from /Library/Frameworks/Python.framework/Versions/3.10/lib/python3.10/site-packages/airflow/example_dags/example_branch_python_dop_operator_3.py
[2025-04-16T11:55:56.656-0500] {logging_mixin.py:190} INFO - [2025-04-16T11:55:56.656-0500] {dag.py:3239} INFO - Sync 1 DAGs
[2025-04-16T11:55:56.663-0500] {logging_mixin.py:190} INFO - [2025-04-16T11:55:56.663-0500] {dag.py:4180} INFO - Setting next_dagrun for example_branch_dop_operator_v3 to 2025-04-16 16:54:00+00:00, run_after=2025-04-16 16:55:00+00:00
[2025-04-16T11:55:56.669-0500] {processor.py:208} INFO - Processing /Library/Frameworks/Python.framework/Versions/3.10/lib/python3.10/site-packages/airflow/example_dags/example_branch_python_dop_operator_3.py took 0.078 seconds
[2025-04-16T12:00:36.900-0500] {processor.py:186} INFO - Started process (PID=18378) to work on /Library/Frameworks/Python.framework/Versions/3.10/lib/python3.10/site-packages/airflow/example_dags/example_branch_python_dop_operator_3.py
[2025-04-16T12:00:36.901-0500] {processor.py:914} INFO - Processing file /Library/Frameworks/Python.framework/Versions/3.10/lib/python3.10/site-packages/airflow/example_dags/example_branch_python_dop_operator_3.py for tasks to queue
[2025-04-16T12:00:36.901-0500] {logging_mixin.py:190} INFO - [2025-04-16T12:00:36.901-0500] {dagbag.py:588} INFO - Filling up the DagBag from /Library/Frameworks/Python.framework/Versions/3.10/lib/python3.10/site-packages/airflow/example_dags/example_branch_python_dop_operator_3.py
[2025-04-16T12:00:36.933-0500] {processor.py:925} INFO - DAG(s) 'example_branch_dop_operator_v3' retrieved from /Library/Frameworks/Python.framework/Versions/3.10/lib/python3.10/site-packages/airflow/example_dags/example_branch_python_dop_operator_3.py
[2025-04-16T12:00:36.965-0500] {logging_mixin.py:190} INFO - [2025-04-16T12:00:36.965-0500] {dag.py:3239} INFO - Sync 1 DAGs
[2025-04-16T12:00:36.973-0500] {logging_mixin.py:190} INFO - [2025-04-16T12:00:36.973-0500] {dag.py:4180} INFO - Setting next_dagrun for example_branch_dop_operator_v3 to 2025-04-16 16:59:00+00:00, run_after=2025-04-16 17:00:00+00:00
[2025-04-16T12:00:36.978-0500] {processor.py:208} INFO - Processing /Library/Frameworks/Python.framework/Versions/3.10/lib/python3.10/site-packages/airflow/example_dags/example_branch_python_dop_operator_3.py took 0.079 seconds
[2025-04-16T12:04:54.184-0500] {processor.py:186} INFO - Started process (PID=18711) to work on /Library/Frameworks/Python.framework/Versions/3.10/lib/python3.10/site-packages/airflow/example_dags/example_branch_python_dop_operator_3.py
[2025-04-16T12:04:54.184-0500] {processor.py:914} INFO - Processing file /Library/Frameworks/Python.framework/Versions/3.10/lib/python3.10/site-packages/airflow/example_dags/example_branch_python_dop_operator_3.py for tasks to queue
[2025-04-16T12:04:54.184-0500] {logging_mixin.py:190} INFO - [2025-04-16T12:04:54.184-0500] {dagbag.py:588} INFO - Filling up the DagBag from /Library/Frameworks/Python.framework/Versions/3.10/lib/python3.10/site-packages/airflow/example_dags/example_branch_python_dop_operator_3.py
[2025-04-16T12:04:54.216-0500] {processor.py:925} INFO - DAG(s) 'example_branch_dop_operator_v3' retrieved from /Library/Frameworks/Python.framework/Versions/3.10/lib/python3.10/site-packages/airflow/example_dags/example_branch_python_dop_operator_3.py
[2025-04-16T12:04:54.247-0500] {logging_mixin.py:190} INFO - [2025-04-16T12:04:54.247-0500] {dag.py:3239} INFO - Sync 1 DAGs
[2025-04-16T12:04:54.254-0500] {logging_mixin.py:190} INFO - [2025-04-16T12:04:54.254-0500] {dag.py:4180} INFO - Setting next_dagrun for example_branch_dop_operator_v3 to 2025-04-16 17:03:00+00:00, run_after=2025-04-16 17:04:00+00:00
[2025-04-16T12:04:54.260-0500] {processor.py:208} INFO - Processing /Library/Frameworks/Python.framework/Versions/3.10/lib/python3.10/site-packages/airflow/example_dags/example_branch_python_dop_operator_3.py took 0.078 seconds
[2025-04-16T12:09:15.665-0500] {processor.py:186} INFO - Started process (PID=19014) to work on /Library/Frameworks/Python.framework/Versions/3.10/lib/python3.10/site-packages/airflow/example_dags/example_branch_python_dop_operator_3.py
[2025-04-16T12:09:15.666-0500] {processor.py:914} INFO - Processing file /Library/Frameworks/Python.framework/Versions/3.10/lib/python3.10/site-packages/airflow/example_dags/example_branch_python_dop_operator_3.py for tasks to queue
[2025-04-16T12:09:15.667-0500] {logging_mixin.py:190} INFO - [2025-04-16T12:09:15.667-0500] {dagbag.py:588} INFO - Filling up the DagBag from /Library/Frameworks/Python.framework/Versions/3.10/lib/python3.10/site-packages/airflow/example_dags/example_branch_python_dop_operator_3.py
[2025-04-16T12:09:15.699-0500] {processor.py:925} INFO - DAG(s) 'example_branch_dop_operator_v3' retrieved from /Library/Frameworks/Python.framework/Versions/3.10/lib/python3.10/site-packages/airflow/example_dags/example_branch_python_dop_operator_3.py
[2025-04-16T12:09:15.733-0500] {logging_mixin.py:190} INFO - [2025-04-16T12:09:15.733-0500] {dag.py:3239} INFO - Sync 1 DAGs
[2025-04-16T12:09:15.740-0500] {logging_mixin.py:190} INFO - [2025-04-16T12:09:15.740-0500] {dag.py:4180} INFO - Setting next_dagrun for example_branch_dop_operator_v3 to 2025-04-16 17:08:00+00:00, run_after=2025-04-16 17:09:00+00:00
[2025-04-16T12:09:15.746-0500] {processor.py:208} INFO - Processing /Library/Frameworks/Python.framework/Versions/3.10/lib/python3.10/site-packages/airflow/example_dags/example_branch_python_dop_operator_3.py took 0.082 seconds
[2025-04-16T12:26:14.125-0500] {processor.py:186} INFO - Started process (PID=19356) to work on /Library/Frameworks/Python.framework/Versions/3.10/lib/python3.10/site-packages/airflow/example_dags/example_branch_python_dop_operator_3.py
[2025-04-16T12:26:14.126-0500] {processor.py:914} INFO - Processing file /Library/Frameworks/Python.framework/Versions/3.10/lib/python3.10/site-packages/airflow/example_dags/example_branch_python_dop_operator_3.py for tasks to queue
[2025-04-16T12:26:14.127-0500] {logging_mixin.py:190} INFO - [2025-04-16T12:26:14.127-0500] {dagbag.py:588} INFO - Filling up the DagBag from /Library/Frameworks/Python.framework/Versions/3.10/lib/python3.10/site-packages/airflow/example_dags/example_branch_python_dop_operator_3.py
[2025-04-16T12:26:14.159-0500] {processor.py:925} INFO - DAG(s) 'example_branch_dop_operator_v3' retrieved from /Library/Frameworks/Python.framework/Versions/3.10/lib/python3.10/site-packages/airflow/example_dags/example_branch_python_dop_operator_3.py
[2025-04-16T12:26:14.192-0500] {logging_mixin.py:190} INFO - [2025-04-16T12:26:14.191-0500] {dag.py:3239} INFO - Sync 1 DAGs
[2025-04-16T12:26:14.199-0500] {logging_mixin.py:190} INFO - [2025-04-16T12:26:14.199-0500] {dag.py:4180} INFO - Setting next_dagrun for example_branch_dop_operator_v3 to 2025-04-16 17:25:00+00:00, run_after=2025-04-16 17:26:00+00:00
[2025-04-16T12:26:14.205-0500] {processor.py:208} INFO - Processing /Library/Frameworks/Python.framework/Versions/3.10/lib/python3.10/site-packages/airflow/example_dags/example_branch_python_dop_operator_3.py took 0.081 seconds
[2025-04-16T12:45:18.494-0500] {processor.py:186} INFO - Started process (PID=19561) to work on /Library/Frameworks/Python.framework/Versions/3.10/lib/python3.10/site-packages/airflow/example_dags/example_branch_python_dop_operator_3.py
[2025-04-16T12:45:18.494-0500] {processor.py:914} INFO - Processing file /Library/Frameworks/Python.framework/Versions/3.10/lib/python3.10/site-packages/airflow/example_dags/example_branch_python_dop_operator_3.py for tasks to queue
[2025-04-16T12:45:18.495-0500] {logging_mixin.py:190} INFO - [2025-04-16T12:45:18.494-0500] {dagbag.py:588} INFO - Filling up the DagBag from /Library/Frameworks/Python.framework/Versions/3.10/lib/python3.10/site-packages/airflow/example_dags/example_branch_python_dop_operator_3.py
[2025-04-16T12:45:18.526-0500] {processor.py:925} INFO - DAG(s) 'example_branch_dop_operator_v3' retrieved from /Library/Frameworks/Python.framework/Versions/3.10/lib/python3.10/site-packages/airflow/example_dags/example_branch_python_dop_operator_3.py
[2025-04-16T12:45:18.558-0500] {logging_mixin.py:190} INFO - [2025-04-16T12:45:18.557-0500] {dag.py:3239} INFO - Sync 1 DAGs
[2025-04-16T12:45:18.565-0500] {logging_mixin.py:190} INFO - [2025-04-16T12:45:18.565-0500] {dag.py:4180} INFO - Setting next_dagrun for example_branch_dop_operator_v3 to 2025-04-16 17:44:00+00:00, run_after=2025-04-16 17:45:00+00:00
[2025-04-16T12:45:18.571-0500] {processor.py:208} INFO - Processing /Library/Frameworks/Python.framework/Versions/3.10/lib/python3.10/site-packages/airflow/example_dags/example_branch_python_dop_operator_3.py took 0.080 seconds
[2025-04-16T12:52:58.073-0500] {processor.py:186} INFO - Started process (PID=19930) to work on /Library/Frameworks/Python.framework/Versions/3.10/lib/python3.10/site-packages/airflow/example_dags/example_branch_python_dop_operator_3.py
[2025-04-16T12:52:58.074-0500] {processor.py:914} INFO - Processing file /Library/Frameworks/Python.framework/Versions/3.10/lib/python3.10/site-packages/airflow/example_dags/example_branch_python_dop_operator_3.py for tasks to queue
[2025-04-16T12:52:58.075-0500] {logging_mixin.py:190} INFO - [2025-04-16T12:52:58.075-0500] {dagbag.py:588} INFO - Filling up the DagBag from /Library/Frameworks/Python.framework/Versions/3.10/lib/python3.10/site-packages/airflow/example_dags/example_branch_python_dop_operator_3.py
[2025-04-16T12:52:58.109-0500] {processor.py:925} INFO - DAG(s) 'example_branch_dop_operator_v3' retrieved from /Library/Frameworks/Python.framework/Versions/3.10/lib/python3.10/site-packages/airflow/example_dags/example_branch_python_dop_operator_3.py
[2025-04-16T12:52:58.141-0500] {logging_mixin.py:190} INFO - [2025-04-16T12:52:58.141-0500] {dag.py:3239} INFO - Sync 1 DAGs
[2025-04-16T12:52:58.148-0500] {logging_mixin.py:190} INFO - [2025-04-16T12:52:58.148-0500] {dag.py:4180} INFO - Setting next_dagrun for example_branch_dop_operator_v3 to 2025-04-16 17:51:00+00:00, run_after=2025-04-16 17:52:00+00:00
[2025-04-16T12:52:58.153-0500] {processor.py:208} INFO - Processing /Library/Frameworks/Python.framework/Versions/3.10/lib/python3.10/site-packages/airflow/example_dags/example_branch_python_dop_operator_3.py took 0.082 seconds
[2025-04-16T12:57:51.181-0500] {processor.py:186} INFO - Started process (PID=20285) to work on /Library/Frameworks/Python.framework/Versions/3.10/lib/python3.10/site-packages/airflow/example_dags/example_branch_python_dop_operator_3.py
[2025-04-16T12:57:51.182-0500] {processor.py:914} INFO - Processing file /Library/Frameworks/Python.framework/Versions/3.10/lib/python3.10/site-packages/airflow/example_dags/example_branch_python_dop_operator_3.py for tasks to queue
[2025-04-16T12:57:51.182-0500] {logging_mixin.py:190} INFO - [2025-04-16T12:57:51.182-0500] {dagbag.py:588} INFO - Filling up the DagBag from /Library/Frameworks/Python.framework/Versions/3.10/lib/python3.10/site-packages/airflow/example_dags/example_branch_python_dop_operator_3.py
[2025-04-16T12:57:51.216-0500] {processor.py:925} INFO - DAG(s) 'example_branch_dop_operator_v3' retrieved from /Library/Frameworks/Python.framework/Versions/3.10/lib/python3.10/site-packages/airflow/example_dags/example_branch_python_dop_operator_3.py
[2025-04-16T12:57:51.247-0500] {logging_mixin.py:190} INFO - [2025-04-16T12:57:51.247-0500] {dag.py:3239} INFO - Sync 1 DAGs
[2025-04-16T12:57:51.254-0500] {logging_mixin.py:190} INFO - [2025-04-16T12:57:51.254-0500] {dag.py:4180} INFO - Setting next_dagrun for example_branch_dop_operator_v3 to 2025-04-16 17:56:00+00:00, run_after=2025-04-16 17:57:00+00:00
[2025-04-16T12:57:51.259-0500] {processor.py:208} INFO - Processing /Library/Frameworks/Python.framework/Versions/3.10/lib/python3.10/site-packages/airflow/example_dags/example_branch_python_dop_operator_3.py took 0.080 seconds
[2025-04-16T13:06:19.619-0500] {processor.py:186} INFO - Started process (PID=20626) to work on /Library/Frameworks/Python.framework/Versions/3.10/lib/python3.10/site-packages/airflow/example_dags/example_branch_python_dop_operator_3.py
[2025-04-16T13:06:19.621-0500] {processor.py:914} INFO - Processing file /Library/Frameworks/Python.framework/Versions/3.10/lib/python3.10/site-packages/airflow/example_dags/example_branch_python_dop_operator_3.py for tasks to queue
[2025-04-16T13:06:19.622-0500] {logging_mixin.py:190} INFO - [2025-04-16T13:06:19.622-0500] {dagbag.py:588} INFO - Filling up the DagBag from /Library/Frameworks/Python.framework/Versions/3.10/lib/python3.10/site-packages/airflow/example_dags/example_branch_python_dop_operator_3.py
[2025-04-16T13:06:19.654-0500] {processor.py:925} INFO - DAG(s) 'example_branch_dop_operator_v3' retrieved from /Library/Frameworks/Python.framework/Versions/3.10/lib/python3.10/site-packages/airflow/example_dags/example_branch_python_dop_operator_3.py
[2025-04-16T13:06:19.685-0500] {logging_mixin.py:190} INFO - [2025-04-16T13:06:19.685-0500] {dag.py:3239} INFO - Sync 1 DAGs
[2025-04-16T13:06:19.693-0500] {logging_mixin.py:190} INFO - [2025-04-16T13:06:19.693-0500] {dag.py:4180} INFO - Setting next_dagrun for example_branch_dop_operator_v3 to 2025-04-16 18:05:00+00:00, run_after=2025-04-16 18:06:00+00:00
[2025-04-16T13:06:19.698-0500] {processor.py:208} INFO - Processing /Library/Frameworks/Python.framework/Versions/3.10/lib/python3.10/site-packages/airflow/example_dags/example_branch_python_dop_operator_3.py took 0.081 seconds
[2025-04-16T13:11:08.693-0500] {processor.py:186} INFO - Started process (PID=20935) to work on /Library/Frameworks/Python.framework/Versions/3.10/lib/python3.10/site-packages/airflow/example_dags/example_branch_python_dop_operator_3.py
[2025-04-16T13:11:08.694-0500] {processor.py:914} INFO - Processing file /Library/Frameworks/Python.framework/Versions/3.10/lib/python3.10/site-packages/airflow/example_dags/example_branch_python_dop_operator_3.py for tasks to queue
[2025-04-16T13:11:08.694-0500] {logging_mixin.py:190} INFO - [2025-04-16T13:11:08.694-0500] {dagbag.py:588} INFO - Filling up the DagBag from /Library/Frameworks/Python.framework/Versions/3.10/lib/python3.10/site-packages/airflow/example_dags/example_branch_python_dop_operator_3.py
[2025-04-16T13:11:08.728-0500] {processor.py:925} INFO - DAG(s) 'example_branch_dop_operator_v3' retrieved from /Library/Frameworks/Python.framework/Versions/3.10/lib/python3.10/site-packages/airflow/example_dags/example_branch_python_dop_operator_3.py
[2025-04-16T13:11:08.760-0500] {logging_mixin.py:190} INFO - [2025-04-16T13:11:08.760-0500] {dag.py:3239} INFO - Sync 1 DAGs
[2025-04-16T13:11:08.768-0500] {logging_mixin.py:190} INFO - [2025-04-16T13:11:08.768-0500] {dag.py:4180} INFO - Setting next_dagrun for example_branch_dop_operator_v3 to 2025-04-16 18:10:00+00:00, run_after=2025-04-16 18:11:00+00:00
[2025-04-16T13:11:08.773-0500] {processor.py:208} INFO - Processing /Library/Frameworks/Python.framework/Versions/3.10/lib/python3.10/site-packages/airflow/example_dags/example_branch_python_dop_operator_3.py took 0.082 seconds
[2025-04-16T13:15:50.059-0500] {processor.py:186} INFO - Started process (PID=21252) to work on /Library/Frameworks/Python.framework/Versions/3.10/lib/python3.10/site-packages/airflow/example_dags/example_branch_python_dop_operator_3.py
[2025-04-16T13:15:50.059-0500] {processor.py:914} INFO - Processing file /Library/Frameworks/Python.framework/Versions/3.10/lib/python3.10/site-packages/airflow/example_dags/example_branch_python_dop_operator_3.py for tasks to queue
[2025-04-16T13:15:50.060-0500] {logging_mixin.py:190} INFO - [2025-04-16T13:15:50.059-0500] {dagbag.py:588} INFO - Filling up the DagBag from /Library/Frameworks/Python.framework/Versions/3.10/lib/python3.10/site-packages/airflow/example_dags/example_branch_python_dop_operator_3.py
[2025-04-16T13:15:50.094-0500] {processor.py:925} INFO - DAG(s) 'example_branch_dop_operator_v3' retrieved from /Library/Frameworks/Python.framework/Versions/3.10/lib/python3.10/site-packages/airflow/example_dags/example_branch_python_dop_operator_3.py
[2025-04-16T13:15:50.127-0500] {logging_mixin.py:190} INFO - [2025-04-16T13:15:50.126-0500] {dag.py:3239} INFO - Sync 1 DAGs
[2025-04-16T13:15:50.134-0500] {logging_mixin.py:190} INFO - [2025-04-16T13:15:50.134-0500] {dag.py:4180} INFO - Setting next_dagrun for example_branch_dop_operator_v3 to 2025-04-16 18:14:00+00:00, run_after=2025-04-16 18:15:00+00:00
[2025-04-16T13:15:50.139-0500] {processor.py:208} INFO - Processing /Library/Frameworks/Python.framework/Versions/3.10/lib/python3.10/site-packages/airflow/example_dags/example_branch_python_dop_operator_3.py took 0.083 seconds
[2025-04-16T13:20:34.498-0500] {processor.py:186} INFO - Started process (PID=21560) to work on /Library/Frameworks/Python.framework/Versions/3.10/lib/python3.10/site-packages/airflow/example_dags/example_branch_python_dop_operator_3.py
[2025-04-16T13:20:34.499-0500] {processor.py:914} INFO - Processing file /Library/Frameworks/Python.framework/Versions/3.10/lib/python3.10/site-packages/airflow/example_dags/example_branch_python_dop_operator_3.py for tasks to queue
[2025-04-16T13:20:34.499-0500] {logging_mixin.py:190} INFO - [2025-04-16T13:20:34.499-0500] {dagbag.py:588} INFO - Filling up the DagBag from /Library/Frameworks/Python.framework/Versions/3.10/lib/python3.10/site-packages/airflow/example_dags/example_branch_python_dop_operator_3.py
[2025-04-16T13:20:34.532-0500] {processor.py:925} INFO - DAG(s) 'example_branch_dop_operator_v3' retrieved from /Library/Frameworks/Python.framework/Versions/3.10/lib/python3.10/site-packages/airflow/example_dags/example_branch_python_dop_operator_3.py
[2025-04-16T13:20:34.563-0500] {logging_mixin.py:190} INFO - [2025-04-16T13:20:34.563-0500] {dag.py:3239} INFO - Sync 1 DAGs
[2025-04-16T13:20:34.570-0500] {logging_mixin.py:190} INFO - [2025-04-16T13:20:34.570-0500] {dag.py:4180} INFO - Setting next_dagrun for example_branch_dop_operator_v3 to 2025-04-16 18:19:00+00:00, run_after=2025-04-16 18:20:00+00:00
[2025-04-16T13:20:34.576-0500] {processor.py:208} INFO - Processing /Library/Frameworks/Python.framework/Versions/3.10/lib/python3.10/site-packages/airflow/example_dags/example_branch_python_dop_operator_3.py took 0.079 seconds
[2025-04-16T13:25:15.176-0500] {processor.py:186} INFO - Started process (PID=21903) to work on /Library/Frameworks/Python.framework/Versions/3.10/lib/python3.10/site-packages/airflow/example_dags/example_branch_python_dop_operator_3.py
[2025-04-16T13:25:15.177-0500] {processor.py:914} INFO - Processing file /Library/Frameworks/Python.framework/Versions/3.10/lib/python3.10/site-packages/airflow/example_dags/example_branch_python_dop_operator_3.py for tasks to queue
[2025-04-16T13:25:15.177-0500] {logging_mixin.py:190} INFO - [2025-04-16T13:25:15.177-0500] {dagbag.py:588} INFO - Filling up the DagBag from /Library/Frameworks/Python.framework/Versions/3.10/lib/python3.10/site-packages/airflow/example_dags/example_branch_python_dop_operator_3.py
[2025-04-16T13:25:15.210-0500] {processor.py:925} INFO - DAG(s) 'example_branch_dop_operator_v3' retrieved from /Library/Frameworks/Python.framework/Versions/3.10/lib/python3.10/site-packages/airflow/example_dags/example_branch_python_dop_operator_3.py
[2025-04-16T13:25:15.243-0500] {logging_mixin.py:190} INFO - [2025-04-16T13:25:15.243-0500] {dag.py:3239} INFO - Sync 1 DAGs
[2025-04-16T13:25:15.250-0500] {logging_mixin.py:190} INFO - [2025-04-16T13:25:15.250-0500] {dag.py:4180} INFO - Setting next_dagrun for example_branch_dop_operator_v3 to 2025-04-16 18:24:00+00:00, run_after=2025-04-16 18:25:00+00:00
[2025-04-16T13:25:15.256-0500] {processor.py:208} INFO - Processing /Library/Frameworks/Python.framework/Versions/3.10/lib/python3.10/site-packages/airflow/example_dags/example_branch_python_dop_operator_3.py took 0.082 seconds
[2025-04-16T13:29:44.457-0500] {processor.py:186} INFO - Started process (PID=22285) to work on /Library/Frameworks/Python.framework/Versions/3.10/lib/python3.10/site-packages/airflow/example_dags/example_branch_python_dop_operator_3.py
[2025-04-16T13:29:44.458-0500] {processor.py:914} INFO - Processing file /Library/Frameworks/Python.framework/Versions/3.10/lib/python3.10/site-packages/airflow/example_dags/example_branch_python_dop_operator_3.py for tasks to queue
[2025-04-16T13:29:44.459-0500] {logging_mixin.py:190} INFO - [2025-04-16T13:29:44.459-0500] {dagbag.py:588} INFO - Filling up the DagBag from /Library/Frameworks/Python.framework/Versions/3.10/lib/python3.10/site-packages/airflow/example_dags/example_branch_python_dop_operator_3.py
[2025-04-16T13:29:44.490-0500] {processor.py:925} INFO - DAG(s) 'example_branch_dop_operator_v3' retrieved from /Library/Frameworks/Python.framework/Versions/3.10/lib/python3.10/site-packages/airflow/example_dags/example_branch_python_dop_operator_3.py
[2025-04-16T13:29:44.522-0500] {logging_mixin.py:190} INFO - [2025-04-16T13:29:44.522-0500] {dag.py:3239} INFO - Sync 1 DAGs
[2025-04-16T13:29:44.530-0500] {logging_mixin.py:190} INFO - [2025-04-16T13:29:44.530-0500] {dag.py:4180} INFO - Setting next_dagrun for example_branch_dop_operator_v3 to 2025-04-16 18:28:00+00:00, run_after=2025-04-16 18:29:00+00:00
[2025-04-16T13:29:44.535-0500] {processor.py:208} INFO - Processing /Library/Frameworks/Python.framework/Versions/3.10/lib/python3.10/site-packages/airflow/example_dags/example_branch_python_dop_operator_3.py took 0.079 seconds
[2025-04-16T13:43:08.307-0500] {processor.py:186} INFO - Started process (PID=22832) to work on /Library/Frameworks/Python.framework/Versions/3.10/lib/python3.10/site-packages/airflow/example_dags/example_branch_python_dop_operator_3.py
[2025-04-16T13:43:08.307-0500] {processor.py:914} INFO - Processing file /Library/Frameworks/Python.framework/Versions/3.10/lib/python3.10/site-packages/airflow/example_dags/example_branch_python_dop_operator_3.py for tasks to queue
[2025-04-16T13:43:08.308-0500] {logging_mixin.py:190} INFO - [2025-04-16T13:43:08.308-0500] {dagbag.py:588} INFO - Filling up the DagBag from /Library/Frameworks/Python.framework/Versions/3.10/lib/python3.10/site-packages/airflow/example_dags/example_branch_python_dop_operator_3.py
[2025-04-16T13:43:08.341-0500] {processor.py:925} INFO - DAG(s) 'example_branch_dop_operator_v3' retrieved from /Library/Frameworks/Python.framework/Versions/3.10/lib/python3.10/site-packages/airflow/example_dags/example_branch_python_dop_operator_3.py
[2025-04-16T13:43:08.373-0500] {logging_mixin.py:190} INFO - [2025-04-16T13:43:08.373-0500] {dag.py:3239} INFO - Sync 1 DAGs
[2025-04-16T13:43:08.380-0500] {logging_mixin.py:190} INFO - [2025-04-16T13:43:08.380-0500] {dag.py:4180} INFO - Setting next_dagrun for example_branch_dop_operator_v3 to 2025-04-16 18:42:00+00:00, run_after=2025-04-16 18:43:00+00:00
[2025-04-16T13:43:08.386-0500] {processor.py:208} INFO - Processing /Library/Frameworks/Python.framework/Versions/3.10/lib/python3.10/site-packages/airflow/example_dags/example_branch_python_dop_operator_3.py took 0.081 seconds
[2025-04-16T13:48:01.248-0500] {processor.py:186} INFO - Started process (PID=23173) to work on /Library/Frameworks/Python.framework/Versions/3.10/lib/python3.10/site-packages/airflow/example_dags/example_branch_python_dop_operator_3.py
[2025-04-16T13:48:01.249-0500] {processor.py:914} INFO - Processing file /Library/Frameworks/Python.framework/Versions/3.10/lib/python3.10/site-packages/airflow/example_dags/example_branch_python_dop_operator_3.py for tasks to queue
[2025-04-16T13:48:01.249-0500] {logging_mixin.py:190} INFO - [2025-04-16T13:48:01.249-0500] {dagbag.py:588} INFO - Filling up the DagBag from /Library/Frameworks/Python.framework/Versions/3.10/lib/python3.10/site-packages/airflow/example_dags/example_branch_python_dop_operator_3.py
[2025-04-16T13:48:01.283-0500] {processor.py:925} INFO - DAG(s) 'example_branch_dop_operator_v3' retrieved from /Library/Frameworks/Python.framework/Versions/3.10/lib/python3.10/site-packages/airflow/example_dags/example_branch_python_dop_operator_3.py
[2025-04-16T13:48:01.315-0500] {logging_mixin.py:190} INFO - [2025-04-16T13:48:01.315-0500] {dag.py:3239} INFO - Sync 1 DAGs
[2025-04-16T13:48:01.322-0500] {logging_mixin.py:190} INFO - [2025-04-16T13:48:01.322-0500] {dag.py:4180} INFO - Setting next_dagrun for example_branch_dop_operator_v3 to 2025-04-16 18:47:00+00:00, run_after=2025-04-16 18:48:00+00:00
[2025-04-16T13:48:01.328-0500] {processor.py:208} INFO - Processing /Library/Frameworks/Python.framework/Versions/3.10/lib/python3.10/site-packages/airflow/example_dags/example_branch_python_dop_operator_3.py took 0.081 seconds
[2025-04-16T13:53:06.377-0500] {processor.py:186} INFO - Started process (PID=23530) to work on /Library/Frameworks/Python.framework/Versions/3.10/lib/python3.10/site-packages/airflow/example_dags/example_branch_python_dop_operator_3.py
[2025-04-16T13:53:06.378-0500] {processor.py:914} INFO - Processing file /Library/Frameworks/Python.framework/Versions/3.10/lib/python3.10/site-packages/airflow/example_dags/example_branch_python_dop_operator_3.py for tasks to queue
[2025-04-16T13:53:06.378-0500] {logging_mixin.py:190} INFO - [2025-04-16T13:53:06.378-0500] {dagbag.py:588} INFO - Filling up the DagBag from /Library/Frameworks/Python.framework/Versions/3.10/lib/python3.10/site-packages/airflow/example_dags/example_branch_python_dop_operator_3.py
[2025-04-16T13:53:06.413-0500] {processor.py:925} INFO - DAG(s) 'example_branch_dop_operator_v3' retrieved from /Library/Frameworks/Python.framework/Versions/3.10/lib/python3.10/site-packages/airflow/example_dags/example_branch_python_dop_operator_3.py
[2025-04-16T13:53:06.446-0500] {logging_mixin.py:190} INFO - [2025-04-16T13:53:06.445-0500] {dag.py:3239} INFO - Sync 1 DAGs
[2025-04-16T13:53:06.453-0500] {logging_mixin.py:190} INFO - [2025-04-16T13:53:06.453-0500] {dag.py:4180} INFO - Setting next_dagrun for example_branch_dop_operator_v3 to 2025-04-16 18:52:00+00:00, run_after=2025-04-16 18:53:00+00:00
[2025-04-16T13:53:06.458-0500] {processor.py:208} INFO - Processing /Library/Frameworks/Python.framework/Versions/3.10/lib/python3.10/site-packages/airflow/example_dags/example_branch_python_dop_operator_3.py took 0.082 seconds
[2025-04-16T13:58:24.452-0500] {processor.py:186} INFO - Started process (PID=23831) to work on /Library/Frameworks/Python.framework/Versions/3.10/lib/python3.10/site-packages/airflow/example_dags/example_branch_python_dop_operator_3.py
[2025-04-16T13:58:24.453-0500] {processor.py:914} INFO - Processing file /Library/Frameworks/Python.framework/Versions/3.10/lib/python3.10/site-packages/airflow/example_dags/example_branch_python_dop_operator_3.py for tasks to queue
[2025-04-16T13:58:24.454-0500] {logging_mixin.py:190} INFO - [2025-04-16T13:58:24.453-0500] {dagbag.py:588} INFO - Filling up the DagBag from /Library/Frameworks/Python.framework/Versions/3.10/lib/python3.10/site-packages/airflow/example_dags/example_branch_python_dop_operator_3.py
[2025-04-16T13:58:24.503-0500] {processor.py:925} INFO - DAG(s) 'example_branch_dop_operator_v3' retrieved from /Library/Frameworks/Python.framework/Versions/3.10/lib/python3.10/site-packages/airflow/example_dags/example_branch_python_dop_operator_3.py
[2025-04-16T13:58:24.540-0500] {logging_mixin.py:190} INFO - [2025-04-16T13:58:24.540-0500] {dag.py:3239} INFO - Sync 1 DAGs
[2025-04-16T13:58:24.548-0500] {logging_mixin.py:190} INFO - [2025-04-16T13:58:24.548-0500] {dag.py:4180} INFO - Setting next_dagrun for example_branch_dop_operator_v3 to 2025-04-16 18:57:00+00:00, run_after=2025-04-16 18:58:00+00:00
[2025-04-16T13:58:24.555-0500] {processor.py:208} INFO - Processing /Library/Frameworks/Python.framework/Versions/3.10/lib/python3.10/site-packages/airflow/example_dags/example_branch_python_dop_operator_3.py took 0.104 seconds
[2025-04-16T14:03:54.383-0500] {processor.py:186} INFO - Started process (PID=24205) to work on /Library/Frameworks/Python.framework/Versions/3.10/lib/python3.10/site-packages/airflow/example_dags/example_branch_python_dop_operator_3.py
[2025-04-16T14:03:54.384-0500] {processor.py:914} INFO - Processing file /Library/Frameworks/Python.framework/Versions/3.10/lib/python3.10/site-packages/airflow/example_dags/example_branch_python_dop_operator_3.py for tasks to queue
[2025-04-16T14:03:54.384-0500] {logging_mixin.py:190} INFO - [2025-04-16T14:03:54.384-0500] {dagbag.py:588} INFO - Filling up the DagBag from /Library/Frameworks/Python.framework/Versions/3.10/lib/python3.10/site-packages/airflow/example_dags/example_branch_python_dop_operator_3.py
[2025-04-16T14:03:54.424-0500] {processor.py:925} INFO - DAG(s) 'example_branch_dop_operator_v3' retrieved from /Library/Frameworks/Python.framework/Versions/3.10/lib/python3.10/site-packages/airflow/example_dags/example_branch_python_dop_operator_3.py
[2025-04-16T14:03:54.455-0500] {logging_mixin.py:190} INFO - [2025-04-16T14:03:54.455-0500] {dag.py:3239} INFO - Sync 1 DAGs
[2025-04-16T14:03:54.463-0500] {logging_mixin.py:190} INFO - [2025-04-16T14:03:54.463-0500] {dag.py:4180} INFO - Setting next_dagrun for example_branch_dop_operator_v3 to 2025-04-16 19:02:00+00:00, run_after=2025-04-16 19:03:00+00:00
[2025-04-16T14:03:54.468-0500] {processor.py:208} INFO - Processing /Library/Frameworks/Python.framework/Versions/3.10/lib/python3.10/site-packages/airflow/example_dags/example_branch_python_dop_operator_3.py took 0.087 seconds
[2025-04-16T14:41:22.949-0500] {processor.py:186} INFO - Started process (PID=24601) to work on /Library/Frameworks/Python.framework/Versions/3.10/lib/python3.10/site-packages/airflow/example_dags/example_branch_python_dop_operator_3.py
[2025-04-16T14:41:22.950-0500] {processor.py:914} INFO - Processing file /Library/Frameworks/Python.framework/Versions/3.10/lib/python3.10/site-packages/airflow/example_dags/example_branch_python_dop_operator_3.py for tasks to queue
[2025-04-16T14:41:22.951-0500] {logging_mixin.py:190} INFO - [2025-04-16T14:41:22.951-0500] {dagbag.py:588} INFO - Filling up the DagBag from /Library/Frameworks/Python.framework/Versions/3.10/lib/python3.10/site-packages/airflow/example_dags/example_branch_python_dop_operator_3.py
[2025-04-16T14:41:23.017-0500] {processor.py:925} INFO - DAG(s) 'example_branch_dop_operator_v3' retrieved from /Library/Frameworks/Python.framework/Versions/3.10/lib/python3.10/site-packages/airflow/example_dags/example_branch_python_dop_operator_3.py
[2025-04-16T14:41:23.075-0500] {logging_mixin.py:190} INFO - [2025-04-16T14:41:23.075-0500] {dag.py:3239} INFO - Sync 1 DAGs
[2025-04-16T14:41:23.086-0500] {logging_mixin.py:190} INFO - [2025-04-16T14:41:23.085-0500] {dag.py:4180} INFO - Setting next_dagrun for example_branch_dop_operator_v3 to 2025-04-16 19:40:00+00:00, run_after=2025-04-16 19:41:00+00:00
[2025-04-16T14:41:23.094-0500] {processor.py:208} INFO - Processing /Library/Frameworks/Python.framework/Versions/3.10/lib/python3.10/site-packages/airflow/example_dags/example_branch_python_dop_operator_3.py took 0.148 seconds
[2025-04-16T14:46:28.547-0500] {processor.py:186} INFO - Started process (PID=24991) to work on /Library/Frameworks/Python.framework/Versions/3.10/lib/python3.10/site-packages/airflow/example_dags/example_branch_python_dop_operator_3.py
[2025-04-16T14:46:28.548-0500] {processor.py:914} INFO - Processing file /Library/Frameworks/Python.framework/Versions/3.10/lib/python3.10/site-packages/airflow/example_dags/example_branch_python_dop_operator_3.py for tasks to queue
[2025-04-16T14:46:28.548-0500] {logging_mixin.py:190} INFO - [2025-04-16T14:46:28.548-0500] {dagbag.py:588} INFO - Filling up the DagBag from /Library/Frameworks/Python.framework/Versions/3.10/lib/python3.10/site-packages/airflow/example_dags/example_branch_python_dop_operator_3.py
[2025-04-16T14:46:28.588-0500] {processor.py:925} INFO - DAG(s) 'example_branch_dop_operator_v3' retrieved from /Library/Frameworks/Python.framework/Versions/3.10/lib/python3.10/site-packages/airflow/example_dags/example_branch_python_dop_operator_3.py
[2025-04-16T14:46:28.624-0500] {logging_mixin.py:190} INFO - [2025-04-16T14:46:28.623-0500] {dag.py:3239} INFO - Sync 1 DAGs
[2025-04-16T14:46:28.634-0500] {logging_mixin.py:190} INFO - [2025-04-16T14:46:28.634-0500] {dag.py:4180} INFO - Setting next_dagrun for example_branch_dop_operator_v3 to 2025-04-16 19:45:00+00:00, run_after=2025-04-16 19:46:00+00:00
[2025-04-16T14:46:28.640-0500] {processor.py:208} INFO - Processing /Library/Frameworks/Python.framework/Versions/3.10/lib/python3.10/site-packages/airflow/example_dags/example_branch_python_dop_operator_3.py took 0.097 seconds
[2025-04-16T14:51:47.362-0500] {processor.py:186} INFO - Started process (PID=25312) to work on /Library/Frameworks/Python.framework/Versions/3.10/lib/python3.10/site-packages/airflow/example_dags/example_branch_python_dop_operator_3.py
[2025-04-16T14:51:47.363-0500] {processor.py:914} INFO - Processing file /Library/Frameworks/Python.framework/Versions/3.10/lib/python3.10/site-packages/airflow/example_dags/example_branch_python_dop_operator_3.py for tasks to queue
[2025-04-16T14:51:47.363-0500] {logging_mixin.py:190} INFO - [2025-04-16T14:51:47.363-0500] {dagbag.py:588} INFO - Filling up the DagBag from /Library/Frameworks/Python.framework/Versions/3.10/lib/python3.10/site-packages/airflow/example_dags/example_branch_python_dop_operator_3.py
[2025-04-16T14:51:47.398-0500] {processor.py:925} INFO - DAG(s) 'example_branch_dop_operator_v3' retrieved from /Library/Frameworks/Python.framework/Versions/3.10/lib/python3.10/site-packages/airflow/example_dags/example_branch_python_dop_operator_3.py
[2025-04-16T14:51:47.430-0500] {logging_mixin.py:190} INFO - [2025-04-16T14:51:47.430-0500] {dag.py:3239} INFO - Sync 1 DAGs
[2025-04-16T14:51:47.438-0500] {logging_mixin.py:190} INFO - [2025-04-16T14:51:47.438-0500] {dag.py:4180} INFO - Setting next_dagrun for example_branch_dop_operator_v3 to 2025-04-16 19:50:00+00:00, run_after=2025-04-16 19:51:00+00:00
[2025-04-16T14:51:47.444-0500] {processor.py:208} INFO - Processing /Library/Frameworks/Python.framework/Versions/3.10/lib/python3.10/site-packages/airflow/example_dags/example_branch_python_dop_operator_3.py took 0.083 seconds
[2025-04-16T14:56:37.338-0500] {processor.py:186} INFO - Started process (PID=25655) to work on /Library/Frameworks/Python.framework/Versions/3.10/lib/python3.10/site-packages/airflow/example_dags/example_branch_python_dop_operator_3.py
[2025-04-16T14:56:37.338-0500] {processor.py:914} INFO - Processing file /Library/Frameworks/Python.framework/Versions/3.10/lib/python3.10/site-packages/airflow/example_dags/example_branch_python_dop_operator_3.py for tasks to queue
[2025-04-16T14:56:37.339-0500] {logging_mixin.py:190} INFO - [2025-04-16T14:56:37.339-0500] {dagbag.py:588} INFO - Filling up the DagBag from /Library/Frameworks/Python.framework/Versions/3.10/lib/python3.10/site-packages/airflow/example_dags/example_branch_python_dop_operator_3.py
[2025-04-16T14:56:37.373-0500] {processor.py:925} INFO - DAG(s) 'example_branch_dop_operator_v3' retrieved from /Library/Frameworks/Python.framework/Versions/3.10/lib/python3.10/site-packages/airflow/example_dags/example_branch_python_dop_operator_3.py
[2025-04-16T14:56:37.405-0500] {logging_mixin.py:190} INFO - [2025-04-16T14:56:37.405-0500] {dag.py:3239} INFO - Sync 1 DAGs
[2025-04-16T14:56:37.412-0500] {logging_mixin.py:190} INFO - [2025-04-16T14:56:37.412-0500] {dag.py:4180} INFO - Setting next_dagrun for example_branch_dop_operator_v3 to 2025-04-16 19:55:00+00:00, run_after=2025-04-16 19:56:00+00:00
[2025-04-16T14:56:37.418-0500] {processor.py:208} INFO - Processing /Library/Frameworks/Python.framework/Versions/3.10/lib/python3.10/site-packages/airflow/example_dags/example_branch_python_dop_operator_3.py took 0.082 seconds
[2025-04-16T15:01:39.130-0500] {processor.py:186} INFO - Started process (PID=25966) to work on /Library/Frameworks/Python.framework/Versions/3.10/lib/python3.10/site-packages/airflow/example_dags/example_branch_python_dop_operator_3.py
[2025-04-16T15:01:39.131-0500] {processor.py:914} INFO - Processing file /Library/Frameworks/Python.framework/Versions/3.10/lib/python3.10/site-packages/airflow/example_dags/example_branch_python_dop_operator_3.py for tasks to queue
[2025-04-16T15:01:39.131-0500] {logging_mixin.py:190} INFO - [2025-04-16T15:01:39.131-0500] {dagbag.py:588} INFO - Filling up the DagBag from /Library/Frameworks/Python.framework/Versions/3.10/lib/python3.10/site-packages/airflow/example_dags/example_branch_python_dop_operator_3.py
[2025-04-16T15:01:39.168-0500] {processor.py:925} INFO - DAG(s) 'example_branch_dop_operator_v3' retrieved from /Library/Frameworks/Python.framework/Versions/3.10/lib/python3.10/site-packages/airflow/example_dags/example_branch_python_dop_operator_3.py
[2025-04-16T15:01:39.199-0500] {logging_mixin.py:190} INFO - [2025-04-16T15:01:39.199-0500] {dag.py:3239} INFO - Sync 1 DAGs
[2025-04-16T15:01:39.206-0500] {logging_mixin.py:190} INFO - [2025-04-16T15:01:39.206-0500] {dag.py:4180} INFO - Setting next_dagrun for example_branch_dop_operator_v3 to 2025-04-16 20:00:00+00:00, run_after=2025-04-16 20:01:00+00:00
[2025-04-16T15:01:39.212-0500] {processor.py:208} INFO - Processing /Library/Frameworks/Python.framework/Versions/3.10/lib/python3.10/site-packages/airflow/example_dags/example_branch_python_dop_operator_3.py took 0.083 seconds
[2025-04-16T15:06:40.555-0500] {processor.py:186} INFO - Started process (PID=26261) to work on /Library/Frameworks/Python.framework/Versions/3.10/lib/python3.10/site-packages/airflow/example_dags/example_branch_python_dop_operator_3.py
[2025-04-16T15:06:40.556-0500] {processor.py:914} INFO - Processing file /Library/Frameworks/Python.framework/Versions/3.10/lib/python3.10/site-packages/airflow/example_dags/example_branch_python_dop_operator_3.py for tasks to queue
[2025-04-16T15:06:40.556-0500] {logging_mixin.py:190} INFO - [2025-04-16T15:06:40.556-0500] {dagbag.py:588} INFO - Filling up the DagBag from /Library/Frameworks/Python.framework/Versions/3.10/lib/python3.10/site-packages/airflow/example_dags/example_branch_python_dop_operator_3.py
[2025-04-16T15:06:40.592-0500] {processor.py:925} INFO - DAG(s) 'example_branch_dop_operator_v3' retrieved from /Library/Frameworks/Python.framework/Versions/3.10/lib/python3.10/site-packages/airflow/example_dags/example_branch_python_dop_operator_3.py
[2025-04-16T15:06:40.624-0500] {logging_mixin.py:190} INFO - [2025-04-16T15:06:40.624-0500] {dag.py:3239} INFO - Sync 1 DAGs
[2025-04-16T15:06:40.632-0500] {logging_mixin.py:190} INFO - [2025-04-16T15:06:40.632-0500] {dag.py:4180} INFO - Setting next_dagrun for example_branch_dop_operator_v3 to 2025-04-16 20:05:00+00:00, run_after=2025-04-16 20:06:00+00:00
[2025-04-16T15:06:40.637-0500] {processor.py:208} INFO - Processing /Library/Frameworks/Python.framework/Versions/3.10/lib/python3.10/site-packages/airflow/example_dags/example_branch_python_dop_operator_3.py took 0.084 seconds
[2025-04-16T15:11:30.871-0500] {processor.py:186} INFO - Started process (PID=26603) to work on /Library/Frameworks/Python.framework/Versions/3.10/lib/python3.10/site-packages/airflow/example_dags/example_branch_python_dop_operator_3.py
[2025-04-16T15:11:30.872-0500] {processor.py:914} INFO - Processing file /Library/Frameworks/Python.framework/Versions/3.10/lib/python3.10/site-packages/airflow/example_dags/example_branch_python_dop_operator_3.py for tasks to queue
[2025-04-16T15:11:30.872-0500] {logging_mixin.py:190} INFO - [2025-04-16T15:11:30.872-0500] {dagbag.py:588} INFO - Filling up the DagBag from /Library/Frameworks/Python.framework/Versions/3.10/lib/python3.10/site-packages/airflow/example_dags/example_branch_python_dop_operator_3.py
[2025-04-16T15:11:30.905-0500] {processor.py:925} INFO - DAG(s) 'example_branch_dop_operator_v3' retrieved from /Library/Frameworks/Python.framework/Versions/3.10/lib/python3.10/site-packages/airflow/example_dags/example_branch_python_dop_operator_3.py
[2025-04-16T15:11:30.938-0500] {logging_mixin.py:190} INFO - [2025-04-16T15:11:30.938-0500] {dag.py:3239} INFO - Sync 1 DAGs
[2025-04-16T15:11:30.945-0500] {logging_mixin.py:190} INFO - [2025-04-16T15:11:30.945-0500] {dag.py:4180} INFO - Setting next_dagrun for example_branch_dop_operator_v3 to 2025-04-16 20:10:00+00:00, run_after=2025-04-16 20:11:00+00:00
[2025-04-16T15:11:30.951-0500] {processor.py:208} INFO - Processing /Library/Frameworks/Python.framework/Versions/3.10/lib/python3.10/site-packages/airflow/example_dags/example_branch_python_dop_operator_3.py took 0.081 seconds
[2025-04-16T15:16:15.222-0500] {processor.py:186} INFO - Started process (PID=26939) to work on /Library/Frameworks/Python.framework/Versions/3.10/lib/python3.10/site-packages/airflow/example_dags/example_branch_python_dop_operator_3.py
[2025-04-16T15:16:15.223-0500] {processor.py:914} INFO - Processing file /Library/Frameworks/Python.framework/Versions/3.10/lib/python3.10/site-packages/airflow/example_dags/example_branch_python_dop_operator_3.py for tasks to queue
[2025-04-16T15:16:15.223-0500] {logging_mixin.py:190} INFO - [2025-04-16T15:16:15.223-0500] {dagbag.py:588} INFO - Filling up the DagBag from /Library/Frameworks/Python.framework/Versions/3.10/lib/python3.10/site-packages/airflow/example_dags/example_branch_python_dop_operator_3.py
[2025-04-16T15:16:15.258-0500] {processor.py:925} INFO - DAG(s) 'example_branch_dop_operator_v3' retrieved from /Library/Frameworks/Python.framework/Versions/3.10/lib/python3.10/site-packages/airflow/example_dags/example_branch_python_dop_operator_3.py
[2025-04-16T15:16:15.291-0500] {logging_mixin.py:190} INFO - [2025-04-16T15:16:15.291-0500] {dag.py:3239} INFO - Sync 1 DAGs
[2025-04-16T15:16:15.299-0500] {logging_mixin.py:190} INFO - [2025-04-16T15:16:15.299-0500] {dag.py:4180} INFO - Setting next_dagrun for example_branch_dop_operator_v3 to 2025-04-16 20:15:00+00:00, run_after=2025-04-16 20:16:00+00:00
[2025-04-16T15:16:15.306-0500] {processor.py:208} INFO - Processing /Library/Frameworks/Python.framework/Versions/3.10/lib/python3.10/site-packages/airflow/example_dags/example_branch_python_dop_operator_3.py took 0.085 seconds
[2025-04-16T15:21:01.834-0500] {processor.py:186} INFO - Started process (PID=27219) to work on /Library/Frameworks/Python.framework/Versions/3.10/lib/python3.10/site-packages/airflow/example_dags/example_branch_python_dop_operator_3.py
[2025-04-16T15:21:01.835-0500] {processor.py:914} INFO - Processing file /Library/Frameworks/Python.framework/Versions/3.10/lib/python3.10/site-packages/airflow/example_dags/example_branch_python_dop_operator_3.py for tasks to queue
[2025-04-16T15:21:01.835-0500] {logging_mixin.py:190} INFO - [2025-04-16T15:21:01.835-0500] {dagbag.py:588} INFO - Filling up the DagBag from /Library/Frameworks/Python.framework/Versions/3.10/lib/python3.10/site-packages/airflow/example_dags/example_branch_python_dop_operator_3.py
[2025-04-16T15:21:01.870-0500] {processor.py:925} INFO - DAG(s) 'example_branch_dop_operator_v3' retrieved from /Library/Frameworks/Python.framework/Versions/3.10/lib/python3.10/site-packages/airflow/example_dags/example_branch_python_dop_operator_3.py
[2025-04-16T15:21:01.902-0500] {logging_mixin.py:190} INFO - [2025-04-16T15:21:01.902-0500] {dag.py:3239} INFO - Sync 1 DAGs
[2025-04-16T15:21:01.910-0500] {logging_mixin.py:190} INFO - [2025-04-16T15:21:01.910-0500] {dag.py:4180} INFO - Setting next_dagrun for example_branch_dop_operator_v3 to 2025-04-16 20:20:00+00:00, run_after=2025-04-16 20:21:00+00:00
[2025-04-16T15:21:01.915-0500] {processor.py:208} INFO - Processing /Library/Frameworks/Python.framework/Versions/3.10/lib/python3.10/site-packages/airflow/example_dags/example_branch_python_dop_operator_3.py took 0.083 seconds
[2025-04-16T15:26:11.074-0500] {processor.py:186} INFO - Started process (PID=27583) to work on /Library/Frameworks/Python.framework/Versions/3.10/lib/python3.10/site-packages/airflow/example_dags/example_branch_python_dop_operator_3.py
[2025-04-16T15:26:11.075-0500] {processor.py:914} INFO - Processing file /Library/Frameworks/Python.framework/Versions/3.10/lib/python3.10/site-packages/airflow/example_dags/example_branch_python_dop_operator_3.py for tasks to queue
[2025-04-16T15:26:11.075-0500] {logging_mixin.py:190} INFO - [2025-04-16T15:26:11.075-0500] {dagbag.py:588} INFO - Filling up the DagBag from /Library/Frameworks/Python.framework/Versions/3.10/lib/python3.10/site-packages/airflow/example_dags/example_branch_python_dop_operator_3.py
[2025-04-16T15:26:11.110-0500] {processor.py:925} INFO - DAG(s) 'example_branch_dop_operator_v3' retrieved from /Library/Frameworks/Python.framework/Versions/3.10/lib/python3.10/site-packages/airflow/example_dags/example_branch_python_dop_operator_3.py
[2025-04-16T15:26:11.142-0500] {logging_mixin.py:190} INFO - [2025-04-16T15:26:11.142-0500] {dag.py:3239} INFO - Sync 1 DAGs
[2025-04-16T15:26:11.150-0500] {logging_mixin.py:190} INFO - [2025-04-16T15:26:11.149-0500] {dag.py:4180} INFO - Setting next_dagrun for example_branch_dop_operator_v3 to 2025-04-16 20:25:00+00:00, run_after=2025-04-16 20:26:00+00:00
[2025-04-16T15:26:11.155-0500] {processor.py:208} INFO - Processing /Library/Frameworks/Python.framework/Versions/3.10/lib/python3.10/site-packages/airflow/example_dags/example_branch_python_dop_operator_3.py took 0.083 seconds
[2025-04-16T15:31:15.613-0500] {processor.py:186} INFO - Started process (PID=27937) to work on /Library/Frameworks/Python.framework/Versions/3.10/lib/python3.10/site-packages/airflow/example_dags/example_branch_python_dop_operator_3.py
[2025-04-16T15:31:15.614-0500] {processor.py:914} INFO - Processing file /Library/Frameworks/Python.framework/Versions/3.10/lib/python3.10/site-packages/airflow/example_dags/example_branch_python_dop_operator_3.py for tasks to queue
[2025-04-16T15:31:15.614-0500] {logging_mixin.py:190} INFO - [2025-04-16T15:31:15.614-0500] {dagbag.py:588} INFO - Filling up the DagBag from /Library/Frameworks/Python.framework/Versions/3.10/lib/python3.10/site-packages/airflow/example_dags/example_branch_python_dop_operator_3.py
[2025-04-16T15:31:15.647-0500] {processor.py:925} INFO - DAG(s) 'example_branch_dop_operator_v3' retrieved from /Library/Frameworks/Python.framework/Versions/3.10/lib/python3.10/site-packages/airflow/example_dags/example_branch_python_dop_operator_3.py
[2025-04-16T15:31:15.679-0500] {logging_mixin.py:190} INFO - [2025-04-16T15:31:15.679-0500] {dag.py:3239} INFO - Sync 1 DAGs
[2025-04-16T15:31:15.688-0500] {logging_mixin.py:190} INFO - [2025-04-16T15:31:15.688-0500] {dag.py:4180} INFO - Setting next_dagrun for example_branch_dop_operator_v3 to 2025-04-16 20:30:00+00:00, run_after=2025-04-16 20:31:00+00:00
[2025-04-16T15:31:15.695-0500] {processor.py:208} INFO - Processing /Library/Frameworks/Python.framework/Versions/3.10/lib/python3.10/site-packages/airflow/example_dags/example_branch_python_dop_operator_3.py took 0.084 seconds
[2025-04-16T15:53:49.992-0500] {processor.py:186} INFO - Started process (PID=28394) to work on /Library/Frameworks/Python.framework/Versions/3.10/lib/python3.10/site-packages/airflow/example_dags/example_branch_python_dop_operator_3.py
[2025-04-16T15:53:49.993-0500] {processor.py:914} INFO - Processing file /Library/Frameworks/Python.framework/Versions/3.10/lib/python3.10/site-packages/airflow/example_dags/example_branch_python_dop_operator_3.py for tasks to queue
[2025-04-16T15:53:49.994-0500] {logging_mixin.py:190} INFO - [2025-04-16T15:53:49.994-0500] {dagbag.py:588} INFO - Filling up the DagBag from /Library/Frameworks/Python.framework/Versions/3.10/lib/python3.10/site-packages/airflow/example_dags/example_branch_python_dop_operator_3.py
[2025-04-16T15:53:50.027-0500] {processor.py:925} INFO - DAG(s) 'example_branch_dop_operator_v3' retrieved from /Library/Frameworks/Python.framework/Versions/3.10/lib/python3.10/site-packages/airflow/example_dags/example_branch_python_dop_operator_3.py
[2025-04-16T15:53:50.059-0500] {logging_mixin.py:190} INFO - [2025-04-16T15:53:50.059-0500] {dag.py:3239} INFO - Sync 1 DAGs
[2025-04-16T15:53:50.067-0500] {logging_mixin.py:190} INFO - [2025-04-16T15:53:50.067-0500] {dag.py:4180} INFO - Setting next_dagrun for example_branch_dop_operator_v3 to 2025-04-16 20:52:00+00:00, run_after=2025-04-16 20:53:00+00:00
[2025-04-16T15:53:50.072-0500] {processor.py:208} INFO - Processing /Library/Frameworks/Python.framework/Versions/3.10/lib/python3.10/site-packages/airflow/example_dags/example_branch_python_dop_operator_3.py took 0.082 seconds
[2025-04-16T15:58:52.617-0500] {processor.py:186} INFO - Started process (PID=28868) to work on /Library/Frameworks/Python.framework/Versions/3.10/lib/python3.10/site-packages/airflow/example_dags/example_branch_python_dop_operator_3.py
[2025-04-16T15:58:52.617-0500] {processor.py:914} INFO - Processing file /Library/Frameworks/Python.framework/Versions/3.10/lib/python3.10/site-packages/airflow/example_dags/example_branch_python_dop_operator_3.py for tasks to queue
[2025-04-16T15:58:52.618-0500] {logging_mixin.py:190} INFO - [2025-04-16T15:58:52.617-0500] {dagbag.py:588} INFO - Filling up the DagBag from /Library/Frameworks/Python.framework/Versions/3.10/lib/python3.10/site-packages/airflow/example_dags/example_branch_python_dop_operator_3.py
[2025-04-16T15:58:52.651-0500] {processor.py:925} INFO - DAG(s) 'example_branch_dop_operator_v3' retrieved from /Library/Frameworks/Python.framework/Versions/3.10/lib/python3.10/site-packages/airflow/example_dags/example_branch_python_dop_operator_3.py
[2025-04-16T15:58:52.682-0500] {logging_mixin.py:190} INFO - [2025-04-16T15:58:52.682-0500] {dag.py:3239} INFO - Sync 1 DAGs
[2025-04-16T15:58:52.690-0500] {logging_mixin.py:190} INFO - [2025-04-16T15:58:52.690-0500] {dag.py:4180} INFO - Setting next_dagrun for example_branch_dop_operator_v3 to 2025-04-16 20:57:00+00:00, run_after=2025-04-16 20:58:00+00:00
[2025-04-16T15:58:52.696-0500] {processor.py:208} INFO - Processing /Library/Frameworks/Python.framework/Versions/3.10/lib/python3.10/site-packages/airflow/example_dags/example_branch_python_dop_operator_3.py took 0.081 seconds
[2025-04-16T16:03:32.607-0500] {processor.py:186} INFO - Started process (PID=29205) to work on /Library/Frameworks/Python.framework/Versions/3.10/lib/python3.10/site-packages/airflow/example_dags/example_branch_python_dop_operator_3.py
[2025-04-16T16:03:32.608-0500] {processor.py:914} INFO - Processing file /Library/Frameworks/Python.framework/Versions/3.10/lib/python3.10/site-packages/airflow/example_dags/example_branch_python_dop_operator_3.py for tasks to queue
[2025-04-16T16:03:32.609-0500] {logging_mixin.py:190} INFO - [2025-04-16T16:03:32.609-0500] {dagbag.py:588} INFO - Filling up the DagBag from /Library/Frameworks/Python.framework/Versions/3.10/lib/python3.10/site-packages/airflow/example_dags/example_branch_python_dop_operator_3.py
[2025-04-16T16:03:32.642-0500] {processor.py:925} INFO - DAG(s) 'example_branch_dop_operator_v3' retrieved from /Library/Frameworks/Python.framework/Versions/3.10/lib/python3.10/site-packages/airflow/example_dags/example_branch_python_dop_operator_3.py
[2025-04-16T16:03:32.674-0500] {logging_mixin.py:190} INFO - [2025-04-16T16:03:32.674-0500] {dag.py:3239} INFO - Sync 1 DAGs
[2025-04-16T16:03:32.682-0500] {logging_mixin.py:190} INFO - [2025-04-16T16:03:32.681-0500] {dag.py:4180} INFO - Setting next_dagrun for example_branch_dop_operator_v3 to 2025-04-16 21:02:00+00:00, run_after=2025-04-16 21:03:00+00:00
[2025-04-16T16:03:32.687-0500] {processor.py:208} INFO - Processing /Library/Frameworks/Python.framework/Versions/3.10/lib/python3.10/site-packages/airflow/example_dags/example_branch_python_dop_operator_3.py took 0.081 seconds
[2025-04-16T16:08:00.176-0500] {processor.py:186} INFO - Started process (PID=29533) to work on /Library/Frameworks/Python.framework/Versions/3.10/lib/python3.10/site-packages/airflow/example_dags/example_branch_python_dop_operator_3.py
[2025-04-16T16:08:00.176-0500] {processor.py:914} INFO - Processing file /Library/Frameworks/Python.framework/Versions/3.10/lib/python3.10/site-packages/airflow/example_dags/example_branch_python_dop_operator_3.py for tasks to queue
[2025-04-16T16:08:00.177-0500] {logging_mixin.py:190} INFO - [2025-04-16T16:08:00.177-0500] {dagbag.py:588} INFO - Filling up the DagBag from /Library/Frameworks/Python.framework/Versions/3.10/lib/python3.10/site-packages/airflow/example_dags/example_branch_python_dop_operator_3.py
[2025-04-16T16:08:00.209-0500] {processor.py:925} INFO - DAG(s) 'example_branch_dop_operator_v3' retrieved from /Library/Frameworks/Python.framework/Versions/3.10/lib/python3.10/site-packages/airflow/example_dags/example_branch_python_dop_operator_3.py
[2025-04-16T16:08:00.241-0500] {logging_mixin.py:190} INFO - [2025-04-16T16:08:00.241-0500] {dag.py:3239} INFO - Sync 1 DAGs
[2025-04-16T16:08:00.248-0500] {logging_mixin.py:190} INFO - [2025-04-16T16:08:00.248-0500] {dag.py:4180} INFO - Setting next_dagrun for example_branch_dop_operator_v3 to 2025-04-16 21:07:00+00:00, run_after=2025-04-16 21:08:00+00:00
[2025-04-16T16:08:00.254-0500] {processor.py:208} INFO - Processing /Library/Frameworks/Python.framework/Versions/3.10/lib/python3.10/site-packages/airflow/example_dags/example_branch_python_dop_operator_3.py took 0.080 seconds
[2025-04-16T16:12:27.474-0500] {processor.py:186} INFO - Started process (PID=29824) to work on /Library/Frameworks/Python.framework/Versions/3.10/lib/python3.10/site-packages/airflow/example_dags/example_branch_python_dop_operator_3.py
[2025-04-16T16:12:27.475-0500] {processor.py:914} INFO - Processing file /Library/Frameworks/Python.framework/Versions/3.10/lib/python3.10/site-packages/airflow/example_dags/example_branch_python_dop_operator_3.py for tasks to queue
[2025-04-16T16:12:27.475-0500] {logging_mixin.py:190} INFO - [2025-04-16T16:12:27.475-0500] {dagbag.py:588} INFO - Filling up the DagBag from /Library/Frameworks/Python.framework/Versions/3.10/lib/python3.10/site-packages/airflow/example_dags/example_branch_python_dop_operator_3.py
[2025-04-16T16:12:27.508-0500] {processor.py:925} INFO - DAG(s) 'example_branch_dop_operator_v3' retrieved from /Library/Frameworks/Python.framework/Versions/3.10/lib/python3.10/site-packages/airflow/example_dags/example_branch_python_dop_operator_3.py
[2025-04-16T16:12:27.539-0500] {logging_mixin.py:190} INFO - [2025-04-16T16:12:27.539-0500] {dag.py:3239} INFO - Sync 1 DAGs
[2025-04-16T16:12:27.546-0500] {logging_mixin.py:190} INFO - [2025-04-16T16:12:27.546-0500] {dag.py:4180} INFO - Setting next_dagrun for example_branch_dop_operator_v3 to 2025-04-16 21:11:00+00:00, run_after=2025-04-16 21:12:00+00:00
[2025-04-16T16:12:27.552-0500] {processor.py:208} INFO - Processing /Library/Frameworks/Python.framework/Versions/3.10/lib/python3.10/site-packages/airflow/example_dags/example_branch_python_dop_operator_3.py took 0.079 seconds
[2025-04-16T16:16:52.279-0500] {processor.py:186} INFO - Started process (PID=30098) to work on /Library/Frameworks/Python.framework/Versions/3.10/lib/python3.10/site-packages/airflow/example_dags/example_branch_python_dop_operator_3.py
[2025-04-16T16:16:52.280-0500] {processor.py:914} INFO - Processing file /Library/Frameworks/Python.framework/Versions/3.10/lib/python3.10/site-packages/airflow/example_dags/example_branch_python_dop_operator_3.py for tasks to queue
[2025-04-16T16:16:52.280-0500] {logging_mixin.py:190} INFO - [2025-04-16T16:16:52.280-0500] {dagbag.py:588} INFO - Filling up the DagBag from /Library/Frameworks/Python.framework/Versions/3.10/lib/python3.10/site-packages/airflow/example_dags/example_branch_python_dop_operator_3.py
[2025-04-16T16:16:52.314-0500] {processor.py:925} INFO - DAG(s) 'example_branch_dop_operator_v3' retrieved from /Library/Frameworks/Python.framework/Versions/3.10/lib/python3.10/site-packages/airflow/example_dags/example_branch_python_dop_operator_3.py
[2025-04-16T16:16:52.346-0500] {logging_mixin.py:190} INFO - [2025-04-16T16:16:52.346-0500] {dag.py:3239} INFO - Sync 1 DAGs
[2025-04-16T16:16:52.354-0500] {logging_mixin.py:190} INFO - [2025-04-16T16:16:52.354-0500] {dag.py:4180} INFO - Setting next_dagrun for example_branch_dop_operator_v3 to 2025-04-16 21:15:00+00:00, run_after=2025-04-16 21:16:00+00:00
[2025-04-16T16:16:52.359-0500] {processor.py:208} INFO - Processing /Library/Frameworks/Python.framework/Versions/3.10/lib/python3.10/site-packages/airflow/example_dags/example_branch_python_dop_operator_3.py took 0.081 seconds
[2025-04-16T16:23:41.750-0500] {processor.py:186} INFO - Started process (PID=30389) to work on /Library/Frameworks/Python.framework/Versions/3.10/lib/python3.10/site-packages/airflow/example_dags/example_branch_python_dop_operator_3.py
[2025-04-16T16:23:41.751-0500] {processor.py:914} INFO - Processing file /Library/Frameworks/Python.framework/Versions/3.10/lib/python3.10/site-packages/airflow/example_dags/example_branch_python_dop_operator_3.py for tasks to queue
[2025-04-16T16:23:41.751-0500] {logging_mixin.py:190} INFO - [2025-04-16T16:23:41.751-0500] {dagbag.py:588} INFO - Filling up the DagBag from /Library/Frameworks/Python.framework/Versions/3.10/lib/python3.10/site-packages/airflow/example_dags/example_branch_python_dop_operator_3.py
[2025-04-16T16:23:41.786-0500] {processor.py:925} INFO - DAG(s) 'example_branch_dop_operator_v3' retrieved from /Library/Frameworks/Python.framework/Versions/3.10/lib/python3.10/site-packages/airflow/example_dags/example_branch_python_dop_operator_3.py
[2025-04-16T16:23:41.818-0500] {logging_mixin.py:190} INFO - [2025-04-16T16:23:41.818-0500] {dag.py:3239} INFO - Sync 1 DAGs
[2025-04-16T16:23:41.826-0500] {logging_mixin.py:190} INFO - [2025-04-16T16:23:41.826-0500] {dag.py:4180} INFO - Setting next_dagrun for example_branch_dop_operator_v3 to 2025-04-16 21:22:00+00:00, run_after=2025-04-16 21:23:00+00:00
[2025-04-16T16:23:41.832-0500] {processor.py:208} INFO - Processing /Library/Frameworks/Python.framework/Versions/3.10/lib/python3.10/site-packages/airflow/example_dags/example_branch_python_dop_operator_3.py took 0.084 seconds
[2025-04-16T17:18:25.112-0500] {processor.py:186} INFO - Started process (PID=30767) to work on /Library/Frameworks/Python.framework/Versions/3.10/lib/python3.10/site-packages/airflow/example_dags/example_branch_python_dop_operator_3.py
[2025-04-16T17:18:25.113-0500] {processor.py:914} INFO - Processing file /Library/Frameworks/Python.framework/Versions/3.10/lib/python3.10/site-packages/airflow/example_dags/example_branch_python_dop_operator_3.py for tasks to queue
[2025-04-16T17:18:25.114-0500] {logging_mixin.py:190} INFO - [2025-04-16T17:18:25.114-0500] {dagbag.py:588} INFO - Filling up the DagBag from /Library/Frameworks/Python.framework/Versions/3.10/lib/python3.10/site-packages/airflow/example_dags/example_branch_python_dop_operator_3.py
[2025-04-16T17:18:25.147-0500] {processor.py:925} INFO - DAG(s) 'example_branch_dop_operator_v3' retrieved from /Library/Frameworks/Python.framework/Versions/3.10/lib/python3.10/site-packages/airflow/example_dags/example_branch_python_dop_operator_3.py
[2025-04-16T17:18:25.179-0500] {logging_mixin.py:190} INFO - [2025-04-16T17:18:25.179-0500] {dag.py:3239} INFO - Sync 1 DAGs
[2025-04-16T17:18:25.186-0500] {logging_mixin.py:190} INFO - [2025-04-16T17:18:25.186-0500] {dag.py:4180} INFO - Setting next_dagrun for example_branch_dop_operator_v3 to 2025-04-16 22:17:00+00:00, run_after=2025-04-16 22:18:00+00:00
[2025-04-16T17:18:25.191-0500] {processor.py:208} INFO - Processing /Library/Frameworks/Python.framework/Versions/3.10/lib/python3.10/site-packages/airflow/example_dags/example_branch_python_dop_operator_3.py took 0.081 seconds
[2025-04-16T18:45:25.415-0500] {processor.py:186} INFO - Started process (PID=31158) to work on /Library/Frameworks/Python.framework/Versions/3.10/lib/python3.10/site-packages/airflow/example_dags/example_branch_python_dop_operator_3.py
[2025-04-16T18:45:25.415-0500] {processor.py:914} INFO - Processing file /Library/Frameworks/Python.framework/Versions/3.10/lib/python3.10/site-packages/airflow/example_dags/example_branch_python_dop_operator_3.py for tasks to queue
[2025-04-16T18:45:25.416-0500] {logging_mixin.py:190} INFO - [2025-04-16T18:45:25.416-0500] {dagbag.py:588} INFO - Filling up the DagBag from /Library/Frameworks/Python.framework/Versions/3.10/lib/python3.10/site-packages/airflow/example_dags/example_branch_python_dop_operator_3.py
[2025-04-16T18:45:25.448-0500] {processor.py:925} INFO - DAG(s) 'example_branch_dop_operator_v3' retrieved from /Library/Frameworks/Python.framework/Versions/3.10/lib/python3.10/site-packages/airflow/example_dags/example_branch_python_dop_operator_3.py
[2025-04-16T18:45:25.479-0500] {logging_mixin.py:190} INFO - [2025-04-16T18:45:25.479-0500] {dag.py:3239} INFO - Sync 1 DAGs
[2025-04-16T18:45:25.486-0500] {logging_mixin.py:190} INFO - [2025-04-16T18:45:25.486-0500] {dag.py:4180} INFO - Setting next_dagrun for example_branch_dop_operator_v3 to 2025-04-16 23:44:00+00:00, run_after=2025-04-16 23:45:00+00:00
[2025-04-16T18:45:25.492-0500] {processor.py:208} INFO - Processing /Library/Frameworks/Python.framework/Versions/3.10/lib/python3.10/site-packages/airflow/example_dags/example_branch_python_dop_operator_3.py took 0.079 seconds
