[2025-04-15T20:58:03.804-0500] {processor.py:186} INFO - Started process (PID=10514) to work on /Library/Frameworks/Python.framework/Versions/3.10/lib/python3.10/site-packages/airflow/example_dags/example_complex.py
[2025-04-15T20:58:03.804-0500] {processor.py:914} INFO - Processing file /Library/Frameworks/Python.framework/Versions/3.10/lib/python3.10/site-packages/airflow/example_dags/example_complex.py for tasks to queue
[2025-04-15T20:58:03.805-0500] {logging_mixin.py:190} INFO - [2025-04-15T20:58:03.804-0500] {dagbag.py:588} INFO - Filling up the DagBag from /Library/Frameworks/Python.framework/Versions/3.10/lib/python3.10/site-packages/airflow/example_dags/example_complex.py
[2025-04-15T20:58:03.829-0500] {processor.py:925} INFO - DAG(s) 'example_complex' retrieved from /Library/Frameworks/Python.framework/Versions/3.10/lib/python3.10/site-packages/airflow/example_dags/example_complex.py
[2025-04-15T20:58:03.865-0500] {logging_mixin.py:190} INFO - [2025-04-15T20:58:03.865-0500] {dag.py:3239} INFO - Sync 1 DAGs
[2025-04-15T20:58:03.868-0500] {logging_mixin.py:190} INFO - [2025-04-15T20:58:03.868-0500] {dag.py:4180} INFO - Setting next_dagrun for example_complex to None, run_after=None
[2025-04-15T20:58:03.874-0500] {processor.py:208} INFO - Processing /Library/Frameworks/Python.framework/Versions/3.10/lib/python3.10/site-packages/airflow/example_dags/example_complex.py took 0.071 seconds
[2025-04-15T21:03:11.527-0500] {processor.py:186} INFO - Started process (PID=10814) to work on /Library/Frameworks/Python.framework/Versions/3.10/lib/python3.10/site-packages/airflow/example_dags/example_complex.py
[2025-04-15T21:03:11.527-0500] {processor.py:914} INFO - Processing file /Library/Frameworks/Python.framework/Versions/3.10/lib/python3.10/site-packages/airflow/example_dags/example_complex.py for tasks to queue
[2025-04-15T21:03:11.528-0500] {logging_mixin.py:190} INFO - [2025-04-15T21:03:11.528-0500] {dagbag.py:588} INFO - Filling up the DagBag from /Library/Frameworks/Python.framework/Versions/3.10/lib/python3.10/site-packages/airflow/example_dags/example_complex.py
[2025-04-15T21:03:11.553-0500] {processor.py:925} INFO - DAG(s) 'example_complex' retrieved from /Library/Frameworks/Python.framework/Versions/3.10/lib/python3.10/site-packages/airflow/example_dags/example_complex.py
[2025-04-15T21:03:11.590-0500] {logging_mixin.py:190} INFO - [2025-04-15T21:03:11.590-0500] {dag.py:3239} INFO - Sync 1 DAGs
[2025-04-15T21:03:11.593-0500] {logging_mixin.py:190} INFO - [2025-04-15T21:03:11.593-0500] {dag.py:4180} INFO - Setting next_dagrun for example_complex to None, run_after=None
[2025-04-15T21:03:11.599-0500] {processor.py:208} INFO - Processing /Library/Frameworks/Python.framework/Versions/3.10/lib/python3.10/site-packages/airflow/example_dags/example_complex.py took 0.074 seconds
[2025-04-15T22:25:08.062-0500] {processor.py:186} INFO - Started process (PID=11229) to work on /Library/Frameworks/Python.framework/Versions/3.10/lib/python3.10/site-packages/airflow/example_dags/example_complex.py
[2025-04-15T22:25:08.063-0500] {processor.py:914} INFO - Processing file /Library/Frameworks/Python.framework/Versions/3.10/lib/python3.10/site-packages/airflow/example_dags/example_complex.py for tasks to queue
[2025-04-15T22:25:08.063-0500] {logging_mixin.py:190} INFO - [2025-04-15T22:25:08.063-0500] {dagbag.py:588} INFO - Filling up the DagBag from /Library/Frameworks/Python.framework/Versions/3.10/lib/python3.10/site-packages/airflow/example_dags/example_complex.py
[2025-04-15T22:25:08.088-0500] {processor.py:925} INFO - DAG(s) 'example_complex' retrieved from /Library/Frameworks/Python.framework/Versions/3.10/lib/python3.10/site-packages/airflow/example_dags/example_complex.py
[2025-04-15T22:25:08.125-0500] {logging_mixin.py:190} INFO - [2025-04-15T22:25:08.125-0500] {dag.py:3239} INFO - Sync 1 DAGs
[2025-04-15T22:25:08.128-0500] {logging_mixin.py:190} INFO - [2025-04-15T22:25:08.128-0500] {dag.py:4180} INFO - Setting next_dagrun for example_complex to None, run_after=None
[2025-04-15T22:25:08.134-0500] {processor.py:208} INFO - Processing /Library/Frameworks/Python.framework/Versions/3.10/lib/python3.10/site-packages/airflow/example_dags/example_complex.py took 0.073 seconds
[2025-04-16T00:07:08.419-0500] {processor.py:186} INFO - Started process (PID=11701) to work on /Library/Frameworks/Python.framework/Versions/3.10/lib/python3.10/site-packages/airflow/example_dags/example_complex.py
[2025-04-16T00:07:08.419-0500] {processor.py:914} INFO - Processing file /Library/Frameworks/Python.framework/Versions/3.10/lib/python3.10/site-packages/airflow/example_dags/example_complex.py for tasks to queue
[2025-04-16T00:07:08.420-0500] {logging_mixin.py:190} INFO - [2025-04-16T00:07:08.420-0500] {dagbag.py:588} INFO - Filling up the DagBag from /Library/Frameworks/Python.framework/Versions/3.10/lib/python3.10/site-packages/airflow/example_dags/example_complex.py
[2025-04-16T00:07:08.447-0500] {processor.py:925} INFO - DAG(s) 'example_complex' retrieved from /Library/Frameworks/Python.framework/Versions/3.10/lib/python3.10/site-packages/airflow/example_dags/example_complex.py
[2025-04-16T00:07:08.484-0500] {logging_mixin.py:190} INFO - [2025-04-16T00:07:08.484-0500] {dag.py:3239} INFO - Sync 1 DAGs
[2025-04-16T00:07:08.487-0500] {logging_mixin.py:190} INFO - [2025-04-16T00:07:08.487-0500] {dag.py:4180} INFO - Setting next_dagrun for example_complex to None, run_after=None
[2025-04-16T00:07:08.493-0500] {processor.py:208} INFO - Processing /Library/Frameworks/Python.framework/Versions/3.10/lib/python3.10/site-packages/airflow/example_dags/example_complex.py took 0.076 seconds
[2025-04-16T01:36:49.016-0500] {processor.py:186} INFO - Started process (PID=11983) to work on /Library/Frameworks/Python.framework/Versions/3.10/lib/python3.10/site-packages/airflow/example_dags/example_complex.py
[2025-04-16T01:36:49.016-0500] {processor.py:914} INFO - Processing file /Library/Frameworks/Python.framework/Versions/3.10/lib/python3.10/site-packages/airflow/example_dags/example_complex.py for tasks to queue
[2025-04-16T01:36:49.017-0500] {logging_mixin.py:190} INFO - [2025-04-16T01:36:49.017-0500] {dagbag.py:588} INFO - Filling up the DagBag from /Library/Frameworks/Python.framework/Versions/3.10/lib/python3.10/site-packages/airflow/example_dags/example_complex.py
[2025-04-16T01:36:49.041-0500] {processor.py:925} INFO - DAG(s) 'example_complex' retrieved from /Library/Frameworks/Python.framework/Versions/3.10/lib/python3.10/site-packages/airflow/example_dags/example_complex.py
[2025-04-16T01:36:49.076-0500] {logging_mixin.py:190} INFO - [2025-04-16T01:36:49.076-0500] {dag.py:3239} INFO - Sync 1 DAGs
[2025-04-16T01:36:49.080-0500] {logging_mixin.py:190} INFO - [2025-04-16T01:36:49.080-0500] {dag.py:4180} INFO - Setting next_dagrun for example_complex to None, run_after=None
[2025-04-16T01:36:49.085-0500] {processor.py:208} INFO - Processing /Library/Frameworks/Python.framework/Versions/3.10/lib/python3.10/site-packages/airflow/example_dags/example_complex.py took 0.071 seconds
[2025-04-16T04:10:51.989-0500] {processor.py:186} INFO - Started process (PID=12502) to work on /Library/Frameworks/Python.framework/Versions/3.10/lib/python3.10/site-packages/airflow/example_dags/example_complex.py
[2025-04-16T04:10:51.990-0500] {processor.py:914} INFO - Processing file /Library/Frameworks/Python.framework/Versions/3.10/lib/python3.10/site-packages/airflow/example_dags/example_complex.py for tasks to queue
[2025-04-16T04:10:51.990-0500] {logging_mixin.py:190} INFO - [2025-04-16T04:10:51.990-0500] {dagbag.py:588} INFO - Filling up the DagBag from /Library/Frameworks/Python.framework/Versions/3.10/lib/python3.10/site-packages/airflow/example_dags/example_complex.py
[2025-04-16T04:10:52.014-0500] {processor.py:925} INFO - DAG(s) 'example_complex' retrieved from /Library/Frameworks/Python.framework/Versions/3.10/lib/python3.10/site-packages/airflow/example_dags/example_complex.py
[2025-04-16T04:10:52.051-0500] {logging_mixin.py:190} INFO - [2025-04-16T04:10:52.051-0500] {dag.py:3239} INFO - Sync 1 DAGs
[2025-04-16T04:10:52.054-0500] {logging_mixin.py:190} INFO - [2025-04-16T04:10:52.054-0500] {dag.py:4180} INFO - Setting next_dagrun for example_complex to None, run_after=None
[2025-04-16T04:10:52.060-0500] {processor.py:208} INFO - Processing /Library/Frameworks/Python.framework/Versions/3.10/lib/python3.10/site-packages/airflow/example_dags/example_complex.py took 0.073 seconds
[2025-04-16T04:59:55.141-0500] {processor.py:186} INFO - Started process (PID=12676) to work on /Library/Frameworks/Python.framework/Versions/3.10/lib/python3.10/site-packages/airflow/example_dags/example_complex.py
[2025-04-16T04:59:55.142-0500] {processor.py:914} INFO - Processing file /Library/Frameworks/Python.framework/Versions/3.10/lib/python3.10/site-packages/airflow/example_dags/example_complex.py for tasks to queue
[2025-04-16T04:59:55.142-0500] {logging_mixin.py:190} INFO - [2025-04-16T04:59:55.142-0500] {dagbag.py:588} INFO - Filling up the DagBag from /Library/Frameworks/Python.framework/Versions/3.10/lib/python3.10/site-packages/airflow/example_dags/example_complex.py
[2025-04-16T04:59:55.167-0500] {processor.py:925} INFO - DAG(s) 'example_complex' retrieved from /Library/Frameworks/Python.framework/Versions/3.10/lib/python3.10/site-packages/airflow/example_dags/example_complex.py
[2025-04-16T04:59:55.206-0500] {logging_mixin.py:190} INFO - [2025-04-16T04:59:55.205-0500] {dag.py:3239} INFO - Sync 1 DAGs
[2025-04-16T04:59:55.209-0500] {logging_mixin.py:190} INFO - [2025-04-16T04:59:55.209-0500] {dag.py:4180} INFO - Setting next_dagrun for example_complex to None, run_after=None
[2025-04-16T04:59:55.214-0500] {processor.py:208} INFO - Processing /Library/Frameworks/Python.framework/Versions/3.10/lib/python3.10/site-packages/airflow/example_dags/example_complex.py took 0.075 seconds
[2025-04-16T09:48:29.486-0500] {processor.py:186} INFO - Started process (PID=13276) to work on /Library/Frameworks/Python.framework/Versions/3.10/lib/python3.10/site-packages/airflow/example_dags/example_complex.py
[2025-04-16T09:48:29.487-0500] {processor.py:914} INFO - Processing file /Library/Frameworks/Python.framework/Versions/3.10/lib/python3.10/site-packages/airflow/example_dags/example_complex.py for tasks to queue
[2025-04-16T09:48:29.487-0500] {logging_mixin.py:190} INFO - [2025-04-16T09:48:29.487-0500] {dagbag.py:588} INFO - Filling up the DagBag from /Library/Frameworks/Python.framework/Versions/3.10/lib/python3.10/site-packages/airflow/example_dags/example_complex.py
[2025-04-16T09:48:29.513-0500] {processor.py:925} INFO - DAG(s) 'example_complex' retrieved from /Library/Frameworks/Python.framework/Versions/3.10/lib/python3.10/site-packages/airflow/example_dags/example_complex.py
[2025-04-16T09:48:29.551-0500] {logging_mixin.py:190} INFO - [2025-04-16T09:48:29.551-0500] {dag.py:3239} INFO - Sync 1 DAGs
[2025-04-16T09:48:29.554-0500] {logging_mixin.py:190} INFO - [2025-04-16T09:48:29.554-0500] {dag.py:4180} INFO - Setting next_dagrun for example_complex to None, run_after=None
[2025-04-16T09:48:29.560-0500] {processor.py:208} INFO - Processing /Library/Frameworks/Python.framework/Versions/3.10/lib/python3.10/site-packages/airflow/example_dags/example_complex.py took 0.076 seconds
[2025-04-16T10:34:48.040-0500] {processor.py:186} INFO - Started process (PID=13749) to work on /Library/Frameworks/Python.framework/Versions/3.10/lib/python3.10/site-packages/airflow/example_dags/example_complex.py
[2025-04-16T10:34:48.041-0500] {processor.py:914} INFO - Processing file /Library/Frameworks/Python.framework/Versions/3.10/lib/python3.10/site-packages/airflow/example_dags/example_complex.py for tasks to queue
[2025-04-16T10:34:48.041-0500] {logging_mixin.py:190} INFO - [2025-04-16T10:34:48.041-0500] {dagbag.py:588} INFO - Filling up the DagBag from /Library/Frameworks/Python.framework/Versions/3.10/lib/python3.10/site-packages/airflow/example_dags/example_complex.py
[2025-04-16T10:34:48.068-0500] {processor.py:925} INFO - DAG(s) 'example_complex' retrieved from /Library/Frameworks/Python.framework/Versions/3.10/lib/python3.10/site-packages/airflow/example_dags/example_complex.py
[2025-04-16T10:34:48.107-0500] {logging_mixin.py:190} INFO - [2025-04-16T10:34:48.106-0500] {dag.py:3239} INFO - Sync 1 DAGs
[2025-04-16T10:34:48.110-0500] {logging_mixin.py:190} INFO - [2025-04-16T10:34:48.110-0500] {dag.py:4180} INFO - Setting next_dagrun for example_complex to None, run_after=None
[2025-04-16T10:34:48.117-0500] {processor.py:208} INFO - Processing /Library/Frameworks/Python.framework/Versions/3.10/lib/python3.10/site-packages/airflow/example_dags/example_complex.py took 0.078 seconds
[2025-04-16T10:39:42.136-0500] {processor.py:186} INFO - Started process (PID=14077) to work on /Library/Frameworks/Python.framework/Versions/3.10/lib/python3.10/site-packages/airflow/example_dags/example_complex.py
[2025-04-16T10:39:42.137-0500] {processor.py:914} INFO - Processing file /Library/Frameworks/Python.framework/Versions/3.10/lib/python3.10/site-packages/airflow/example_dags/example_complex.py for tasks to queue
[2025-04-16T10:39:42.137-0500] {logging_mixin.py:190} INFO - [2025-04-16T10:39:42.137-0500] {dagbag.py:588} INFO - Filling up the DagBag from /Library/Frameworks/Python.framework/Versions/3.10/lib/python3.10/site-packages/airflow/example_dags/example_complex.py
[2025-04-16T10:39:42.161-0500] {processor.py:925} INFO - DAG(s) 'example_complex' retrieved from /Library/Frameworks/Python.framework/Versions/3.10/lib/python3.10/site-packages/airflow/example_dags/example_complex.py
[2025-04-16T10:39:42.200-0500] {logging_mixin.py:190} INFO - [2025-04-16T10:39:42.200-0500] {dag.py:3239} INFO - Sync 1 DAGs
[2025-04-16T10:39:42.204-0500] {logging_mixin.py:190} INFO - [2025-04-16T10:39:42.204-0500] {dag.py:4180} INFO - Setting next_dagrun for example_complex to None, run_after=None
[2025-04-16T10:39:42.210-0500] {processor.py:208} INFO - Processing /Library/Frameworks/Python.framework/Versions/3.10/lib/python3.10/site-packages/airflow/example_dags/example_complex.py took 0.076 seconds
[2025-04-16T10:44:25.954-0500] {processor.py:186} INFO - Started process (PID=14366) to work on /Library/Frameworks/Python.framework/Versions/3.10/lib/python3.10/site-packages/airflow/example_dags/example_complex.py
[2025-04-16T10:44:25.955-0500] {processor.py:914} INFO - Processing file /Library/Frameworks/Python.framework/Versions/3.10/lib/python3.10/site-packages/airflow/example_dags/example_complex.py for tasks to queue
[2025-04-16T10:44:25.955-0500] {logging_mixin.py:190} INFO - [2025-04-16T10:44:25.955-0500] {dagbag.py:588} INFO - Filling up the DagBag from /Library/Frameworks/Python.framework/Versions/3.10/lib/python3.10/site-packages/airflow/example_dags/example_complex.py
[2025-04-16T10:44:25.981-0500] {processor.py:925} INFO - DAG(s) 'example_complex' retrieved from /Library/Frameworks/Python.framework/Versions/3.10/lib/python3.10/site-packages/airflow/example_dags/example_complex.py
[2025-04-16T10:44:26.017-0500] {logging_mixin.py:190} INFO - [2025-04-16T10:44:26.017-0500] {dag.py:3239} INFO - Sync 1 DAGs
[2025-04-16T10:44:26.021-0500] {logging_mixin.py:190} INFO - [2025-04-16T10:44:26.021-0500] {dag.py:4180} INFO - Setting next_dagrun for example_complex to None, run_after=None
[2025-04-16T10:44:26.026-0500] {processor.py:208} INFO - Processing /Library/Frameworks/Python.framework/Versions/3.10/lib/python3.10/site-packages/airflow/example_dags/example_complex.py took 0.074 seconds
[2025-04-16T10:48:59.245-0500] {processor.py:186} INFO - Started process (PID=14654) to work on /Library/Frameworks/Python.framework/Versions/3.10/lib/python3.10/site-packages/airflow/example_dags/example_complex.py
[2025-04-16T10:48:59.247-0500] {processor.py:914} INFO - Processing file /Library/Frameworks/Python.framework/Versions/3.10/lib/python3.10/site-packages/airflow/example_dags/example_complex.py for tasks to queue
[2025-04-16T10:48:59.247-0500] {logging_mixin.py:190} INFO - [2025-04-16T10:48:59.247-0500] {dagbag.py:588} INFO - Filling up the DagBag from /Library/Frameworks/Python.framework/Versions/3.10/lib/python3.10/site-packages/airflow/example_dags/example_complex.py
[2025-04-16T10:48:59.274-0500] {processor.py:925} INFO - DAG(s) 'example_complex' retrieved from /Library/Frameworks/Python.framework/Versions/3.10/lib/python3.10/site-packages/airflow/example_dags/example_complex.py
[2025-04-16T10:48:59.312-0500] {logging_mixin.py:190} INFO - [2025-04-16T10:48:59.312-0500] {dag.py:3239} INFO - Sync 1 DAGs
[2025-04-16T10:48:59.317-0500] {logging_mixin.py:190} INFO - [2025-04-16T10:48:59.317-0500] {dag.py:4180} INFO - Setting next_dagrun for example_complex to None, run_after=None
[2025-04-16T10:48:59.323-0500] {processor.py:208} INFO - Processing /Library/Frameworks/Python.framework/Versions/3.10/lib/python3.10/site-packages/airflow/example_dags/example_complex.py took 0.079 seconds
[2025-04-16T10:53:43.434-0500] {processor.py:186} INFO - Started process (PID=14936) to work on /Library/Frameworks/Python.framework/Versions/3.10/lib/python3.10/site-packages/airflow/example_dags/example_complex.py
[2025-04-16T10:53:43.435-0500] {processor.py:914} INFO - Processing file /Library/Frameworks/Python.framework/Versions/3.10/lib/python3.10/site-packages/airflow/example_dags/example_complex.py for tasks to queue
[2025-04-16T10:53:43.436-0500] {logging_mixin.py:190} INFO - [2025-04-16T10:53:43.436-0500] {dagbag.py:588} INFO - Filling up the DagBag from /Library/Frameworks/Python.framework/Versions/3.10/lib/python3.10/site-packages/airflow/example_dags/example_complex.py
[2025-04-16T10:53:43.462-0500] {processor.py:925} INFO - DAG(s) 'example_complex' retrieved from /Library/Frameworks/Python.framework/Versions/3.10/lib/python3.10/site-packages/airflow/example_dags/example_complex.py
[2025-04-16T10:53:43.500-0500] {logging_mixin.py:190} INFO - [2025-04-16T10:53:43.500-0500] {dag.py:3239} INFO - Sync 1 DAGs
[2025-04-16T10:53:43.504-0500] {logging_mixin.py:190} INFO - [2025-04-16T10:53:43.503-0500] {dag.py:4180} INFO - Setting next_dagrun for example_complex to None, run_after=None
[2025-04-16T10:53:43.509-0500] {processor.py:208} INFO - Processing /Library/Frameworks/Python.framework/Versions/3.10/lib/python3.10/site-packages/airflow/example_dags/example_complex.py took 0.076 seconds
[2025-04-16T10:58:28.020-0500] {processor.py:186} INFO - Started process (PID=15204) to work on /Library/Frameworks/Python.framework/Versions/3.10/lib/python3.10/site-packages/airflow/example_dags/example_complex.py
[2025-04-16T10:58:28.020-0500] {processor.py:914} INFO - Processing file /Library/Frameworks/Python.framework/Versions/3.10/lib/python3.10/site-packages/airflow/example_dags/example_complex.py for tasks to queue
[2025-04-16T10:58:28.021-0500] {logging_mixin.py:190} INFO - [2025-04-16T10:58:28.021-0500] {dagbag.py:588} INFO - Filling up the DagBag from /Library/Frameworks/Python.framework/Versions/3.10/lib/python3.10/site-packages/airflow/example_dags/example_complex.py
[2025-04-16T10:58:28.045-0500] {processor.py:925} INFO - DAG(s) 'example_complex' retrieved from /Library/Frameworks/Python.framework/Versions/3.10/lib/python3.10/site-packages/airflow/example_dags/example_complex.py
[2025-04-16T10:58:28.082-0500] {logging_mixin.py:190} INFO - [2025-04-16T10:58:28.082-0500] {dag.py:3239} INFO - Sync 1 DAGs
[2025-04-16T10:58:28.085-0500] {logging_mixin.py:190} INFO - [2025-04-16T10:58:28.085-0500] {dag.py:4180} INFO - Setting next_dagrun for example_complex to None, run_after=None
[2025-04-16T10:58:28.091-0500] {processor.py:208} INFO - Processing /Library/Frameworks/Python.framework/Versions/3.10/lib/python3.10/site-packages/airflow/example_dags/example_complex.py took 0.072 seconds
[2025-04-16T11:03:31.345-0500] {processor.py:186} INFO - Started process (PID=15494) to work on /Library/Frameworks/Python.framework/Versions/3.10/lib/python3.10/site-packages/airflow/example_dags/example_complex.py
[2025-04-16T11:03:31.345-0500] {processor.py:914} INFO - Processing file /Library/Frameworks/Python.framework/Versions/3.10/lib/python3.10/site-packages/airflow/example_dags/example_complex.py for tasks to queue
[2025-04-16T11:03:31.346-0500] {logging_mixin.py:190} INFO - [2025-04-16T11:03:31.345-0500] {dagbag.py:588} INFO - Filling up the DagBag from /Library/Frameworks/Python.framework/Versions/3.10/lib/python3.10/site-packages/airflow/example_dags/example_complex.py
[2025-04-16T11:03:31.371-0500] {processor.py:925} INFO - DAG(s) 'example_complex' retrieved from /Library/Frameworks/Python.framework/Versions/3.10/lib/python3.10/site-packages/airflow/example_dags/example_complex.py
[2025-04-16T11:03:31.408-0500] {logging_mixin.py:190} INFO - [2025-04-16T11:03:31.408-0500] {dag.py:3239} INFO - Sync 1 DAGs
[2025-04-16T11:03:31.411-0500] {logging_mixin.py:190} INFO - [2025-04-16T11:03:31.411-0500] {dag.py:4180} INFO - Setting next_dagrun for example_complex to None, run_after=None
[2025-04-16T11:03:31.417-0500] {processor.py:208} INFO - Processing /Library/Frameworks/Python.framework/Versions/3.10/lib/python3.10/site-packages/airflow/example_dags/example_complex.py took 0.074 seconds
[2025-04-16T11:08:24.225-0500] {processor.py:186} INFO - Started process (PID=15815) to work on /Library/Frameworks/Python.framework/Versions/3.10/lib/python3.10/site-packages/airflow/example_dags/example_complex.py
[2025-04-16T11:08:24.226-0500] {processor.py:914} INFO - Processing file /Library/Frameworks/Python.framework/Versions/3.10/lib/python3.10/site-packages/airflow/example_dags/example_complex.py for tasks to queue
[2025-04-16T11:08:24.226-0500] {logging_mixin.py:190} INFO - [2025-04-16T11:08:24.226-0500] {dagbag.py:588} INFO - Filling up the DagBag from /Library/Frameworks/Python.framework/Versions/3.10/lib/python3.10/site-packages/airflow/example_dags/example_complex.py
[2025-04-16T11:08:24.251-0500] {processor.py:925} INFO - DAG(s) 'example_complex' retrieved from /Library/Frameworks/Python.framework/Versions/3.10/lib/python3.10/site-packages/airflow/example_dags/example_complex.py
[2025-04-16T11:08:24.288-0500] {logging_mixin.py:190} INFO - [2025-04-16T11:08:24.287-0500] {dag.py:3239} INFO - Sync 1 DAGs
[2025-04-16T11:08:24.291-0500] {logging_mixin.py:190} INFO - [2025-04-16T11:08:24.291-0500] {dag.py:4180} INFO - Setting next_dagrun for example_complex to None, run_after=None
[2025-04-16T11:08:24.296-0500] {processor.py:208} INFO - Processing /Library/Frameworks/Python.framework/Versions/3.10/lib/python3.10/site-packages/airflow/example_dags/example_complex.py took 0.073 seconds
[2025-04-16T11:12:55.799-0500] {processor.py:186} INFO - Started process (PID=16101) to work on /Library/Frameworks/Python.framework/Versions/3.10/lib/python3.10/site-packages/airflow/example_dags/example_complex.py
[2025-04-16T11:12:55.800-0500] {processor.py:914} INFO - Processing file /Library/Frameworks/Python.framework/Versions/3.10/lib/python3.10/site-packages/airflow/example_dags/example_complex.py for tasks to queue
[2025-04-16T11:12:55.800-0500] {logging_mixin.py:190} INFO - [2025-04-16T11:12:55.800-0500] {dagbag.py:588} INFO - Filling up the DagBag from /Library/Frameworks/Python.framework/Versions/3.10/lib/python3.10/site-packages/airflow/example_dags/example_complex.py
[2025-04-16T11:12:55.825-0500] {processor.py:925} INFO - DAG(s) 'example_complex' retrieved from /Library/Frameworks/Python.framework/Versions/3.10/lib/python3.10/site-packages/airflow/example_dags/example_complex.py
[2025-04-16T11:12:55.863-0500] {logging_mixin.py:190} INFO - [2025-04-16T11:12:55.863-0500] {dag.py:3239} INFO - Sync 1 DAGs
[2025-04-16T11:12:55.866-0500] {logging_mixin.py:190} INFO - [2025-04-16T11:12:55.866-0500] {dag.py:4180} INFO - Setting next_dagrun for example_complex to None, run_after=None
[2025-04-16T11:12:55.872-0500] {processor.py:208} INFO - Processing /Library/Frameworks/Python.framework/Versions/3.10/lib/python3.10/site-packages/airflow/example_dags/example_complex.py took 0.075 seconds
[2025-04-16T11:17:22.016-0500] {processor.py:186} INFO - Started process (PID=16407) to work on /Library/Frameworks/Python.framework/Versions/3.10/lib/python3.10/site-packages/airflow/example_dags/example_complex.py
[2025-04-16T11:17:22.017-0500] {processor.py:914} INFO - Processing file /Library/Frameworks/Python.framework/Versions/3.10/lib/python3.10/site-packages/airflow/example_dags/example_complex.py for tasks to queue
[2025-04-16T11:17:22.017-0500] {logging_mixin.py:190} INFO - [2025-04-16T11:17:22.017-0500] {dagbag.py:588} INFO - Filling up the DagBag from /Library/Frameworks/Python.framework/Versions/3.10/lib/python3.10/site-packages/airflow/example_dags/example_complex.py
[2025-04-16T11:17:22.041-0500] {processor.py:925} INFO - DAG(s) 'example_complex' retrieved from /Library/Frameworks/Python.framework/Versions/3.10/lib/python3.10/site-packages/airflow/example_dags/example_complex.py
[2025-04-16T11:17:22.079-0500] {logging_mixin.py:190} INFO - [2025-04-16T11:17:22.078-0500] {dag.py:3239} INFO - Sync 1 DAGs
[2025-04-16T11:17:22.082-0500] {logging_mixin.py:190} INFO - [2025-04-16T11:17:22.082-0500] {dag.py:4180} INFO - Setting next_dagrun for example_complex to None, run_after=None
[2025-04-16T11:17:22.087-0500] {processor.py:208} INFO - Processing /Library/Frameworks/Python.framework/Versions/3.10/lib/python3.10/site-packages/airflow/example_dags/example_complex.py took 0.073 seconds
[2025-04-16T11:22:00.006-0500] {processor.py:186} INFO - Started process (PID=16693) to work on /Library/Frameworks/Python.framework/Versions/3.10/lib/python3.10/site-packages/airflow/example_dags/example_complex.py
[2025-04-16T11:22:00.007-0500] {processor.py:914} INFO - Processing file /Library/Frameworks/Python.framework/Versions/3.10/lib/python3.10/site-packages/airflow/example_dags/example_complex.py for tasks to queue
[2025-04-16T11:22:00.008-0500] {logging_mixin.py:190} INFO - [2025-04-16T11:22:00.008-0500] {dagbag.py:588} INFO - Filling up the DagBag from /Library/Frameworks/Python.framework/Versions/3.10/lib/python3.10/site-packages/airflow/example_dags/example_complex.py
[2025-04-16T11:22:00.033-0500] {processor.py:925} INFO - DAG(s) 'example_complex' retrieved from /Library/Frameworks/Python.framework/Versions/3.10/lib/python3.10/site-packages/airflow/example_dags/example_complex.py
[2025-04-16T11:22:00.069-0500] {logging_mixin.py:190} INFO - [2025-04-16T11:22:00.069-0500] {dag.py:3239} INFO - Sync 1 DAGs
[2025-04-16T11:22:00.072-0500] {logging_mixin.py:190} INFO - [2025-04-16T11:22:00.072-0500] {dag.py:4180} INFO - Setting next_dagrun for example_complex to None, run_after=None
[2025-04-16T11:22:00.078-0500] {processor.py:208} INFO - Processing /Library/Frameworks/Python.framework/Versions/3.10/lib/python3.10/site-packages/airflow/example_dags/example_complex.py took 0.074 seconds
[2025-04-16T11:26:35.519-0500] {processor.py:186} INFO - Started process (PID=17008) to work on /Library/Frameworks/Python.framework/Versions/3.10/lib/python3.10/site-packages/airflow/example_dags/example_complex.py
[2025-04-16T11:26:35.519-0500] {processor.py:914} INFO - Processing file /Library/Frameworks/Python.framework/Versions/3.10/lib/python3.10/site-packages/airflow/example_dags/example_complex.py for tasks to queue
[2025-04-16T11:26:35.520-0500] {logging_mixin.py:190} INFO - [2025-04-16T11:26:35.519-0500] {dagbag.py:588} INFO - Filling up the DagBag from /Library/Frameworks/Python.framework/Versions/3.10/lib/python3.10/site-packages/airflow/example_dags/example_complex.py
[2025-04-16T11:26:35.545-0500] {processor.py:925} INFO - DAG(s) 'example_complex' retrieved from /Library/Frameworks/Python.framework/Versions/3.10/lib/python3.10/site-packages/airflow/example_dags/example_complex.py
[2025-04-16T11:26:35.582-0500] {logging_mixin.py:190} INFO - [2025-04-16T11:26:35.582-0500] {dag.py:3239} INFO - Sync 1 DAGs
[2025-04-16T11:26:35.586-0500] {logging_mixin.py:190} INFO - [2025-04-16T11:26:35.586-0500] {dag.py:4180} INFO - Setting next_dagrun for example_complex to None, run_after=None
[2025-04-16T11:26:35.591-0500] {processor.py:208} INFO - Processing /Library/Frameworks/Python.framework/Versions/3.10/lib/python3.10/site-packages/airflow/example_dags/example_complex.py took 0.075 seconds
[2025-04-16T11:31:02.336-0500] {processor.py:186} INFO - Started process (PID=17319) to work on /Library/Frameworks/Python.framework/Versions/3.10/lib/python3.10/site-packages/airflow/example_dags/example_complex.py
[2025-04-16T11:31:02.336-0500] {processor.py:914} INFO - Processing file /Library/Frameworks/Python.framework/Versions/3.10/lib/python3.10/site-packages/airflow/example_dags/example_complex.py for tasks to queue
[2025-04-16T11:31:02.337-0500] {logging_mixin.py:190} INFO - [2025-04-16T11:31:02.337-0500] {dagbag.py:588} INFO - Filling up the DagBag from /Library/Frameworks/Python.framework/Versions/3.10/lib/python3.10/site-packages/airflow/example_dags/example_complex.py
[2025-04-16T11:31:02.362-0500] {processor.py:925} INFO - DAG(s) 'example_complex' retrieved from /Library/Frameworks/Python.framework/Versions/3.10/lib/python3.10/site-packages/airflow/example_dags/example_complex.py
[2025-04-16T11:31:02.399-0500] {logging_mixin.py:190} INFO - [2025-04-16T11:31:02.399-0500] {dag.py:3239} INFO - Sync 1 DAGs
[2025-04-16T11:31:02.402-0500] {logging_mixin.py:190} INFO - [2025-04-16T11:31:02.402-0500] {dag.py:4180} INFO - Setting next_dagrun for example_complex to None, run_after=None
[2025-04-16T11:31:02.408-0500] {processor.py:208} INFO - Processing /Library/Frameworks/Python.framework/Versions/3.10/lib/python3.10/site-packages/airflow/example_dags/example_complex.py took 0.073 seconds
[2025-04-16T11:51:29.780-0500] {processor.py:186} INFO - Started process (PID=17663) to work on /Library/Frameworks/Python.framework/Versions/3.10/lib/python3.10/site-packages/airflow/example_dags/example_complex.py
[2025-04-16T11:51:29.781-0500] {processor.py:914} INFO - Processing file /Library/Frameworks/Python.framework/Versions/3.10/lib/python3.10/site-packages/airflow/example_dags/example_complex.py for tasks to queue
[2025-04-16T11:51:29.781-0500] {logging_mixin.py:190} INFO - [2025-04-16T11:51:29.781-0500] {dagbag.py:588} INFO - Filling up the DagBag from /Library/Frameworks/Python.framework/Versions/3.10/lib/python3.10/site-packages/airflow/example_dags/example_complex.py
[2025-04-16T11:51:29.805-0500] {processor.py:925} INFO - DAG(s) 'example_complex' retrieved from /Library/Frameworks/Python.framework/Versions/3.10/lib/python3.10/site-packages/airflow/example_dags/example_complex.py
[2025-04-16T11:51:29.843-0500] {logging_mixin.py:190} INFO - [2025-04-16T11:51:29.843-0500] {dag.py:3239} INFO - Sync 1 DAGs
[2025-04-16T11:51:29.847-0500] {logging_mixin.py:190} INFO - [2025-04-16T11:51:29.847-0500] {dag.py:4180} INFO - Setting next_dagrun for example_complex to None, run_after=None
[2025-04-16T11:51:29.853-0500] {processor.py:208} INFO - Processing /Library/Frameworks/Python.framework/Versions/3.10/lib/python3.10/site-packages/airflow/example_dags/example_complex.py took 0.075 seconds
[2025-04-16T11:55:53.836-0500] {processor.py:186} INFO - Started process (PID=18029) to work on /Library/Frameworks/Python.framework/Versions/3.10/lib/python3.10/site-packages/airflow/example_dags/example_complex.py
[2025-04-16T11:55:53.837-0500] {processor.py:914} INFO - Processing file /Library/Frameworks/Python.framework/Versions/3.10/lib/python3.10/site-packages/airflow/example_dags/example_complex.py for tasks to queue
[2025-04-16T11:55:53.837-0500] {logging_mixin.py:190} INFO - [2025-04-16T11:55:53.837-0500] {dagbag.py:588} INFO - Filling up the DagBag from /Library/Frameworks/Python.framework/Versions/3.10/lib/python3.10/site-packages/airflow/example_dags/example_complex.py
[2025-04-16T11:55:53.861-0500] {processor.py:925} INFO - DAG(s) 'example_complex' retrieved from /Library/Frameworks/Python.framework/Versions/3.10/lib/python3.10/site-packages/airflow/example_dags/example_complex.py
[2025-04-16T11:55:53.899-0500] {logging_mixin.py:190} INFO - [2025-04-16T11:55:53.899-0500] {dag.py:3239} INFO - Sync 1 DAGs
[2025-04-16T11:55:53.902-0500] {logging_mixin.py:190} INFO - [2025-04-16T11:55:53.902-0500] {dag.py:4180} INFO - Setting next_dagrun for example_complex to None, run_after=None
[2025-04-16T11:55:53.908-0500] {processor.py:208} INFO - Processing /Library/Frameworks/Python.framework/Versions/3.10/lib/python3.10/site-packages/airflow/example_dags/example_complex.py took 0.073 seconds
[2025-04-16T12:00:34.663-0500] {processor.py:186} INFO - Started process (PID=18376) to work on /Library/Frameworks/Python.framework/Versions/3.10/lib/python3.10/site-packages/airflow/example_dags/example_complex.py
[2025-04-16T12:00:34.664-0500] {processor.py:914} INFO - Processing file /Library/Frameworks/Python.framework/Versions/3.10/lib/python3.10/site-packages/airflow/example_dags/example_complex.py for tasks to queue
[2025-04-16T12:00:34.664-0500] {logging_mixin.py:190} INFO - [2025-04-16T12:00:34.664-0500] {dagbag.py:588} INFO - Filling up the DagBag from /Library/Frameworks/Python.framework/Versions/3.10/lib/python3.10/site-packages/airflow/example_dags/example_complex.py
[2025-04-16T12:00:34.691-0500] {processor.py:925} INFO - DAG(s) 'example_complex' retrieved from /Library/Frameworks/Python.framework/Versions/3.10/lib/python3.10/site-packages/airflow/example_dags/example_complex.py
[2025-04-16T12:00:34.741-0500] {logging_mixin.py:190} INFO - [2025-04-16T12:00:34.740-0500] {dag.py:3239} INFO - Sync 1 DAGs
[2025-04-16T12:00:34.744-0500] {logging_mixin.py:190} INFO - [2025-04-16T12:00:34.744-0500] {dag.py:4180} INFO - Setting next_dagrun for example_complex to None, run_after=None
[2025-04-16T12:00:34.752-0500] {processor.py:208} INFO - Processing /Library/Frameworks/Python.framework/Versions/3.10/lib/python3.10/site-packages/airflow/example_dags/example_complex.py took 0.091 seconds
[2025-04-16T12:04:51.394-0500] {processor.py:186} INFO - Started process (PID=18709) to work on /Library/Frameworks/Python.framework/Versions/3.10/lib/python3.10/site-packages/airflow/example_dags/example_complex.py
[2025-04-16T12:04:51.395-0500] {processor.py:914} INFO - Processing file /Library/Frameworks/Python.framework/Versions/3.10/lib/python3.10/site-packages/airflow/example_dags/example_complex.py for tasks to queue
[2025-04-16T12:04:51.395-0500] {logging_mixin.py:190} INFO - [2025-04-16T12:04:51.395-0500] {dagbag.py:588} INFO - Filling up the DagBag from /Library/Frameworks/Python.framework/Versions/3.10/lib/python3.10/site-packages/airflow/example_dags/example_complex.py
[2025-04-16T12:04:51.419-0500] {processor.py:925} INFO - DAG(s) 'example_complex' retrieved from /Library/Frameworks/Python.framework/Versions/3.10/lib/python3.10/site-packages/airflow/example_dags/example_complex.py
[2025-04-16T12:04:51.456-0500] {logging_mixin.py:190} INFO - [2025-04-16T12:04:51.456-0500] {dag.py:3239} INFO - Sync 1 DAGs
[2025-04-16T12:04:51.460-0500] {logging_mixin.py:190} INFO - [2025-04-16T12:04:51.460-0500] {dag.py:4180} INFO - Setting next_dagrun for example_complex to None, run_after=None
[2025-04-16T12:04:51.465-0500] {processor.py:208} INFO - Processing /Library/Frameworks/Python.framework/Versions/3.10/lib/python3.10/site-packages/airflow/example_dags/example_complex.py took 0.073 seconds
[2025-04-16T12:09:13.128-0500] {processor.py:186} INFO - Started process (PID=19010) to work on /Library/Frameworks/Python.framework/Versions/3.10/lib/python3.10/site-packages/airflow/example_dags/example_complex.py
[2025-04-16T12:09:13.129-0500] {processor.py:914} INFO - Processing file /Library/Frameworks/Python.framework/Versions/3.10/lib/python3.10/site-packages/airflow/example_dags/example_complex.py for tasks to queue
[2025-04-16T12:09:13.129-0500] {logging_mixin.py:190} INFO - [2025-04-16T12:09:13.129-0500] {dagbag.py:588} INFO - Filling up the DagBag from /Library/Frameworks/Python.framework/Versions/3.10/lib/python3.10/site-packages/airflow/example_dags/example_complex.py
[2025-04-16T12:09:13.155-0500] {processor.py:925} INFO - DAG(s) 'example_complex' retrieved from /Library/Frameworks/Python.framework/Versions/3.10/lib/python3.10/site-packages/airflow/example_dags/example_complex.py
[2025-04-16T12:09:13.191-0500] {logging_mixin.py:190} INFO - [2025-04-16T12:09:13.191-0500] {dag.py:3239} INFO - Sync 1 DAGs
[2025-04-16T12:09:13.195-0500] {logging_mixin.py:190} INFO - [2025-04-16T12:09:13.195-0500] {dag.py:4180} INFO - Setting next_dagrun for example_complex to None, run_after=None
[2025-04-16T12:09:13.201-0500] {processor.py:208} INFO - Processing /Library/Frameworks/Python.framework/Versions/3.10/lib/python3.10/site-packages/airflow/example_dags/example_complex.py took 0.075 seconds
[2025-04-16T12:26:11.241-0500] {processor.py:186} INFO - Started process (PID=19352) to work on /Library/Frameworks/Python.framework/Versions/3.10/lib/python3.10/site-packages/airflow/example_dags/example_complex.py
[2025-04-16T12:26:11.242-0500] {processor.py:914} INFO - Processing file /Library/Frameworks/Python.framework/Versions/3.10/lib/python3.10/site-packages/airflow/example_dags/example_complex.py for tasks to queue
[2025-04-16T12:26:11.242-0500] {logging_mixin.py:190} INFO - [2025-04-16T12:26:11.242-0500] {dagbag.py:588} INFO - Filling up the DagBag from /Library/Frameworks/Python.framework/Versions/3.10/lib/python3.10/site-packages/airflow/example_dags/example_complex.py
[2025-04-16T12:26:11.267-0500] {processor.py:925} INFO - DAG(s) 'example_complex' retrieved from /Library/Frameworks/Python.framework/Versions/3.10/lib/python3.10/site-packages/airflow/example_dags/example_complex.py
[2025-04-16T12:26:11.305-0500] {logging_mixin.py:190} INFO - [2025-04-16T12:26:11.305-0500] {dag.py:3239} INFO - Sync 1 DAGs
[2025-04-16T12:26:11.309-0500] {logging_mixin.py:190} INFO - [2025-04-16T12:26:11.309-0500] {dag.py:4180} INFO - Setting next_dagrun for example_complex to None, run_after=None
[2025-04-16T12:26:11.314-0500] {processor.py:208} INFO - Processing /Library/Frameworks/Python.framework/Versions/3.10/lib/python3.10/site-packages/airflow/example_dags/example_complex.py took 0.075 seconds
[2025-04-16T12:45:15.687-0500] {processor.py:186} INFO - Started process (PID=19556) to work on /Library/Frameworks/Python.framework/Versions/3.10/lib/python3.10/site-packages/airflow/example_dags/example_complex.py
[2025-04-16T12:45:15.687-0500] {processor.py:914} INFO - Processing file /Library/Frameworks/Python.framework/Versions/3.10/lib/python3.10/site-packages/airflow/example_dags/example_complex.py for tasks to queue
[2025-04-16T12:45:15.688-0500] {logging_mixin.py:190} INFO - [2025-04-16T12:45:15.688-0500] {dagbag.py:588} INFO - Filling up the DagBag from /Library/Frameworks/Python.framework/Versions/3.10/lib/python3.10/site-packages/airflow/example_dags/example_complex.py
[2025-04-16T12:45:15.712-0500] {processor.py:925} INFO - DAG(s) 'example_complex' retrieved from /Library/Frameworks/Python.framework/Versions/3.10/lib/python3.10/site-packages/airflow/example_dags/example_complex.py
[2025-04-16T12:45:15.748-0500] {logging_mixin.py:190} INFO - [2025-04-16T12:45:15.748-0500] {dag.py:3239} INFO - Sync 1 DAGs
[2025-04-16T12:45:15.751-0500] {logging_mixin.py:190} INFO - [2025-04-16T12:45:15.751-0500] {dag.py:4180} INFO - Setting next_dagrun for example_complex to None, run_after=None
[2025-04-16T12:45:15.756-0500] {processor.py:208} INFO - Processing /Library/Frameworks/Python.framework/Versions/3.10/lib/python3.10/site-packages/airflow/example_dags/example_complex.py took 0.071 seconds
[2025-04-16T12:52:54.962-0500] {processor.py:186} INFO - Started process (PID=19927) to work on /Library/Frameworks/Python.framework/Versions/3.10/lib/python3.10/site-packages/airflow/example_dags/example_complex.py
[2025-04-16T12:52:54.963-0500] {processor.py:914} INFO - Processing file /Library/Frameworks/Python.framework/Versions/3.10/lib/python3.10/site-packages/airflow/example_dags/example_complex.py for tasks to queue
[2025-04-16T12:52:54.963-0500] {logging_mixin.py:190} INFO - [2025-04-16T12:52:54.963-0500] {dagbag.py:588} INFO - Filling up the DagBag from /Library/Frameworks/Python.framework/Versions/3.10/lib/python3.10/site-packages/airflow/example_dags/example_complex.py
[2025-04-16T12:52:54.989-0500] {processor.py:925} INFO - DAG(s) 'example_complex' retrieved from /Library/Frameworks/Python.framework/Versions/3.10/lib/python3.10/site-packages/airflow/example_dags/example_complex.py
[2025-04-16T12:52:55.026-0500] {logging_mixin.py:190} INFO - [2025-04-16T12:52:55.025-0500] {dag.py:3239} INFO - Sync 1 DAGs
[2025-04-16T12:52:55.029-0500] {logging_mixin.py:190} INFO - [2025-04-16T12:52:55.029-0500] {dag.py:4180} INFO - Setting next_dagrun for example_complex to None, run_after=None
[2025-04-16T12:52:55.036-0500] {processor.py:208} INFO - Processing /Library/Frameworks/Python.framework/Versions/3.10/lib/python3.10/site-packages/airflow/example_dags/example_complex.py took 0.075 seconds
[2025-04-16T12:57:48.572-0500] {processor.py:186} INFO - Started process (PID=20283) to work on /Library/Frameworks/Python.framework/Versions/3.10/lib/python3.10/site-packages/airflow/example_dags/example_complex.py
[2025-04-16T12:57:48.573-0500] {processor.py:914} INFO - Processing file /Library/Frameworks/Python.framework/Versions/3.10/lib/python3.10/site-packages/airflow/example_dags/example_complex.py for tasks to queue
[2025-04-16T12:57:48.574-0500] {logging_mixin.py:190} INFO - [2025-04-16T12:57:48.574-0500] {dagbag.py:588} INFO - Filling up the DagBag from /Library/Frameworks/Python.framework/Versions/3.10/lib/python3.10/site-packages/airflow/example_dags/example_complex.py
[2025-04-16T12:57:48.599-0500] {processor.py:925} INFO - DAG(s) 'example_complex' retrieved from /Library/Frameworks/Python.framework/Versions/3.10/lib/python3.10/site-packages/airflow/example_dags/example_complex.py
[2025-04-16T12:57:48.637-0500] {logging_mixin.py:190} INFO - [2025-04-16T12:57:48.636-0500] {dag.py:3239} INFO - Sync 1 DAGs
[2025-04-16T12:57:48.640-0500] {logging_mixin.py:190} INFO - [2025-04-16T12:57:48.640-0500] {dag.py:4180} INFO - Setting next_dagrun for example_complex to None, run_after=None
[2025-04-16T12:57:48.646-0500] {processor.py:208} INFO - Processing /Library/Frameworks/Python.framework/Versions/3.10/lib/python3.10/site-packages/airflow/example_dags/example_complex.py took 0.075 seconds
[2025-04-16T13:06:16.898-0500] {processor.py:186} INFO - Started process (PID=20621) to work on /Library/Frameworks/Python.framework/Versions/3.10/lib/python3.10/site-packages/airflow/example_dags/example_complex.py
[2025-04-16T13:06:16.899-0500] {processor.py:914} INFO - Processing file /Library/Frameworks/Python.framework/Versions/3.10/lib/python3.10/site-packages/airflow/example_dags/example_complex.py for tasks to queue
[2025-04-16T13:06:16.899-0500] {logging_mixin.py:190} INFO - [2025-04-16T13:06:16.899-0500] {dagbag.py:588} INFO - Filling up the DagBag from /Library/Frameworks/Python.framework/Versions/3.10/lib/python3.10/site-packages/airflow/example_dags/example_complex.py
[2025-04-16T13:06:16.924-0500] {processor.py:925} INFO - DAG(s) 'example_complex' retrieved from /Library/Frameworks/Python.framework/Versions/3.10/lib/python3.10/site-packages/airflow/example_dags/example_complex.py
[2025-04-16T13:06:16.962-0500] {logging_mixin.py:190} INFO - [2025-04-16T13:06:16.962-0500] {dag.py:3239} INFO - Sync 1 DAGs
[2025-04-16T13:06:16.965-0500] {logging_mixin.py:190} INFO - [2025-04-16T13:06:16.965-0500] {dag.py:4180} INFO - Setting next_dagrun for example_complex to None, run_after=None
[2025-04-16T13:06:16.971-0500] {processor.py:208} INFO - Processing /Library/Frameworks/Python.framework/Versions/3.10/lib/python3.10/site-packages/airflow/example_dags/example_complex.py took 0.074 seconds
[2025-04-16T13:11:07.370-0500] {processor.py:186} INFO - Started process (PID=20933) to work on /Library/Frameworks/Python.framework/Versions/3.10/lib/python3.10/site-packages/airflow/example_dags/example_complex.py
[2025-04-16T13:11:07.371-0500] {processor.py:914} INFO - Processing file /Library/Frameworks/Python.framework/Versions/3.10/lib/python3.10/site-packages/airflow/example_dags/example_complex.py for tasks to queue
[2025-04-16T13:11:07.371-0500] {logging_mixin.py:190} INFO - [2025-04-16T13:11:07.371-0500] {dagbag.py:588} INFO - Filling up the DagBag from /Library/Frameworks/Python.framework/Versions/3.10/lib/python3.10/site-packages/airflow/example_dags/example_complex.py
[2025-04-16T13:11:07.395-0500] {processor.py:925} INFO - DAG(s) 'example_complex' retrieved from /Library/Frameworks/Python.framework/Versions/3.10/lib/python3.10/site-packages/airflow/example_dags/example_complex.py
[2025-04-16T13:11:07.433-0500] {logging_mixin.py:190} INFO - [2025-04-16T13:11:07.433-0500] {dag.py:3239} INFO - Sync 1 DAGs
[2025-04-16T13:11:07.436-0500] {logging_mixin.py:190} INFO - [2025-04-16T13:11:07.436-0500] {dag.py:4180} INFO - Setting next_dagrun for example_complex to None, run_after=None
[2025-04-16T13:11:07.443-0500] {processor.py:208} INFO - Processing /Library/Frameworks/Python.framework/Versions/3.10/lib/python3.10/site-packages/airflow/example_dags/example_complex.py took 0.074 seconds
[2025-04-16T13:15:46.585-0500] {processor.py:186} INFO - Started process (PID=21250) to work on /Library/Frameworks/Python.framework/Versions/3.10/lib/python3.10/site-packages/airflow/example_dags/example_complex.py
[2025-04-16T13:15:46.586-0500] {processor.py:914} INFO - Processing file /Library/Frameworks/Python.framework/Versions/3.10/lib/python3.10/site-packages/airflow/example_dags/example_complex.py for tasks to queue
[2025-04-16T13:15:46.586-0500] {logging_mixin.py:190} INFO - [2025-04-16T13:15:46.586-0500] {dagbag.py:588} INFO - Filling up the DagBag from /Library/Frameworks/Python.framework/Versions/3.10/lib/python3.10/site-packages/airflow/example_dags/example_complex.py
[2025-04-16T13:15:46.612-0500] {processor.py:925} INFO - DAG(s) 'example_complex' retrieved from /Library/Frameworks/Python.framework/Versions/3.10/lib/python3.10/site-packages/airflow/example_dags/example_complex.py
[2025-04-16T13:15:46.650-0500] {logging_mixin.py:190} INFO - [2025-04-16T13:15:46.650-0500] {dag.py:3239} INFO - Sync 1 DAGs
[2025-04-16T13:15:46.654-0500] {logging_mixin.py:190} INFO - [2025-04-16T13:15:46.654-0500] {dag.py:4180} INFO - Setting next_dagrun for example_complex to None, run_after=None
[2025-04-16T13:15:46.662-0500] {processor.py:208} INFO - Processing /Library/Frameworks/Python.framework/Versions/3.10/lib/python3.10/site-packages/airflow/example_dags/example_complex.py took 0.078 seconds
[2025-04-16T13:20:32.013-0500] {processor.py:186} INFO - Started process (PID=21558) to work on /Library/Frameworks/Python.framework/Versions/3.10/lib/python3.10/site-packages/airflow/example_dags/example_complex.py
[2025-04-16T13:20:32.014-0500] {processor.py:914} INFO - Processing file /Library/Frameworks/Python.framework/Versions/3.10/lib/python3.10/site-packages/airflow/example_dags/example_complex.py for tasks to queue
[2025-04-16T13:20:32.014-0500] {logging_mixin.py:190} INFO - [2025-04-16T13:20:32.014-0500] {dagbag.py:588} INFO - Filling up the DagBag from /Library/Frameworks/Python.framework/Versions/3.10/lib/python3.10/site-packages/airflow/example_dags/example_complex.py
[2025-04-16T13:20:32.039-0500] {processor.py:925} INFO - DAG(s) 'example_complex' retrieved from /Library/Frameworks/Python.framework/Versions/3.10/lib/python3.10/site-packages/airflow/example_dags/example_complex.py
[2025-04-16T13:20:32.075-0500] {logging_mixin.py:190} INFO - [2025-04-16T13:20:32.075-0500] {dag.py:3239} INFO - Sync 1 DAGs
[2025-04-16T13:20:32.079-0500] {logging_mixin.py:190} INFO - [2025-04-16T13:20:32.078-0500] {dag.py:4180} INFO - Setting next_dagrun for example_complex to None, run_after=None
[2025-04-16T13:20:32.084-0500] {processor.py:208} INFO - Processing /Library/Frameworks/Python.framework/Versions/3.10/lib/python3.10/site-packages/airflow/example_dags/example_complex.py took 0.072 seconds
[2025-04-16T13:25:12.142-0500] {processor.py:186} INFO - Started process (PID=21901) to work on /Library/Frameworks/Python.framework/Versions/3.10/lib/python3.10/site-packages/airflow/example_dags/example_complex.py
[2025-04-16T13:25:12.142-0500] {processor.py:914} INFO - Processing file /Library/Frameworks/Python.framework/Versions/3.10/lib/python3.10/site-packages/airflow/example_dags/example_complex.py for tasks to queue
[2025-04-16T13:25:12.143-0500] {logging_mixin.py:190} INFO - [2025-04-16T13:25:12.143-0500] {dagbag.py:588} INFO - Filling up the DagBag from /Library/Frameworks/Python.framework/Versions/3.10/lib/python3.10/site-packages/airflow/example_dags/example_complex.py
[2025-04-16T13:25:12.167-0500] {processor.py:925} INFO - DAG(s) 'example_complex' retrieved from /Library/Frameworks/Python.framework/Versions/3.10/lib/python3.10/site-packages/airflow/example_dags/example_complex.py
[2025-04-16T13:25:12.204-0500] {logging_mixin.py:190} INFO - [2025-04-16T13:25:12.204-0500] {dag.py:3239} INFO - Sync 1 DAGs
[2025-04-16T13:25:12.208-0500] {logging_mixin.py:190} INFO - [2025-04-16T13:25:12.208-0500] {dag.py:4180} INFO - Setting next_dagrun for example_complex to None, run_after=None
[2025-04-16T13:25:12.213-0500] {processor.py:208} INFO - Processing /Library/Frameworks/Python.framework/Versions/3.10/lib/python3.10/site-packages/airflow/example_dags/example_complex.py took 0.073 seconds
[2025-04-16T13:29:41.933-0500] {processor.py:186} INFO - Started process (PID=22282) to work on /Library/Frameworks/Python.framework/Versions/3.10/lib/python3.10/site-packages/airflow/example_dags/example_complex.py
[2025-04-16T13:29:41.933-0500] {processor.py:914} INFO - Processing file /Library/Frameworks/Python.framework/Versions/3.10/lib/python3.10/site-packages/airflow/example_dags/example_complex.py for tasks to queue
[2025-04-16T13:29:41.934-0500] {logging_mixin.py:190} INFO - [2025-04-16T13:29:41.934-0500] {dagbag.py:588} INFO - Filling up the DagBag from /Library/Frameworks/Python.framework/Versions/3.10/lib/python3.10/site-packages/airflow/example_dags/example_complex.py
[2025-04-16T13:29:41.958-0500] {processor.py:925} INFO - DAG(s) 'example_complex' retrieved from /Library/Frameworks/Python.framework/Versions/3.10/lib/python3.10/site-packages/airflow/example_dags/example_complex.py
[2025-04-16T13:29:41.994-0500] {logging_mixin.py:190} INFO - [2025-04-16T13:29:41.994-0500] {dag.py:3239} INFO - Sync 1 DAGs
[2025-04-16T13:29:41.997-0500] {logging_mixin.py:190} INFO - [2025-04-16T13:29:41.997-0500] {dag.py:4180} INFO - Setting next_dagrun for example_complex to None, run_after=None
[2025-04-16T13:29:42.003-0500] {processor.py:208} INFO - Processing /Library/Frameworks/Python.framework/Versions/3.10/lib/python3.10/site-packages/airflow/example_dags/example_complex.py took 0.072 seconds
[2025-04-16T13:43:05.278-0500] {processor.py:186} INFO - Started process (PID=22829) to work on /Library/Frameworks/Python.framework/Versions/3.10/lib/python3.10/site-packages/airflow/example_dags/example_complex.py
[2025-04-16T13:43:05.278-0500] {processor.py:914} INFO - Processing file /Library/Frameworks/Python.framework/Versions/3.10/lib/python3.10/site-packages/airflow/example_dags/example_complex.py for tasks to queue
[2025-04-16T13:43:05.279-0500] {logging_mixin.py:190} INFO - [2025-04-16T13:43:05.279-0500] {dagbag.py:588} INFO - Filling up the DagBag from /Library/Frameworks/Python.framework/Versions/3.10/lib/python3.10/site-packages/airflow/example_dags/example_complex.py
[2025-04-16T13:43:05.306-0500] {processor.py:925} INFO - DAG(s) 'example_complex' retrieved from /Library/Frameworks/Python.framework/Versions/3.10/lib/python3.10/site-packages/airflow/example_dags/example_complex.py
[2025-04-16T13:43:05.343-0500] {logging_mixin.py:190} INFO - [2025-04-16T13:43:05.343-0500] {dag.py:3239} INFO - Sync 1 DAGs
[2025-04-16T13:43:05.347-0500] {logging_mixin.py:190} INFO - [2025-04-16T13:43:05.347-0500] {dag.py:4180} INFO - Setting next_dagrun for example_complex to None, run_after=None
[2025-04-16T13:43:05.352-0500] {processor.py:208} INFO - Processing /Library/Frameworks/Python.framework/Versions/3.10/lib/python3.10/site-packages/airflow/example_dags/example_complex.py took 0.076 seconds
[2025-04-16T13:47:58.631-0500] {processor.py:186} INFO - Started process (PID=23171) to work on /Library/Frameworks/Python.framework/Versions/3.10/lib/python3.10/site-packages/airflow/example_dags/example_complex.py
[2025-04-16T13:47:58.632-0500] {processor.py:914} INFO - Processing file /Library/Frameworks/Python.framework/Versions/3.10/lib/python3.10/site-packages/airflow/example_dags/example_complex.py for tasks to queue
[2025-04-16T13:47:58.632-0500] {logging_mixin.py:190} INFO - [2025-04-16T13:47:58.632-0500] {dagbag.py:588} INFO - Filling up the DagBag from /Library/Frameworks/Python.framework/Versions/3.10/lib/python3.10/site-packages/airflow/example_dags/example_complex.py
[2025-04-16T13:47:58.657-0500] {processor.py:925} INFO - DAG(s) 'example_complex' retrieved from /Library/Frameworks/Python.framework/Versions/3.10/lib/python3.10/site-packages/airflow/example_dags/example_complex.py
[2025-04-16T13:47:58.693-0500] {logging_mixin.py:190} INFO - [2025-04-16T13:47:58.693-0500] {dag.py:3239} INFO - Sync 1 DAGs
[2025-04-16T13:47:58.696-0500] {logging_mixin.py:190} INFO - [2025-04-16T13:47:58.696-0500] {dag.py:4180} INFO - Setting next_dagrun for example_complex to None, run_after=None
[2025-04-16T13:47:58.701-0500] {processor.py:208} INFO - Processing /Library/Frameworks/Python.framework/Versions/3.10/lib/python3.10/site-packages/airflow/example_dags/example_complex.py took 0.072 seconds
[2025-04-16T13:53:03.082-0500] {processor.py:186} INFO - Started process (PID=23526) to work on /Library/Frameworks/Python.framework/Versions/3.10/lib/python3.10/site-packages/airflow/example_dags/example_complex.py
[2025-04-16T13:53:03.083-0500] {processor.py:914} INFO - Processing file /Library/Frameworks/Python.framework/Versions/3.10/lib/python3.10/site-packages/airflow/example_dags/example_complex.py for tasks to queue
[2025-04-16T13:53:03.083-0500] {logging_mixin.py:190} INFO - [2025-04-16T13:53:03.083-0500] {dagbag.py:588} INFO - Filling up the DagBag from /Library/Frameworks/Python.framework/Versions/3.10/lib/python3.10/site-packages/airflow/example_dags/example_complex.py
[2025-04-16T13:53:03.109-0500] {processor.py:925} INFO - DAG(s) 'example_complex' retrieved from /Library/Frameworks/Python.framework/Versions/3.10/lib/python3.10/site-packages/airflow/example_dags/example_complex.py
[2025-04-16T13:53:03.145-0500] {logging_mixin.py:190} INFO - [2025-04-16T13:53:03.145-0500] {dag.py:3239} INFO - Sync 1 DAGs
[2025-04-16T13:53:03.148-0500] {logging_mixin.py:190} INFO - [2025-04-16T13:53:03.148-0500] {dag.py:4180} INFO - Setting next_dagrun for example_complex to None, run_after=None
[2025-04-16T13:53:03.154-0500] {processor.py:208} INFO - Processing /Library/Frameworks/Python.framework/Versions/3.10/lib/python3.10/site-packages/airflow/example_dags/example_complex.py took 0.073 seconds
[2025-04-16T13:58:21.946-0500] {processor.py:186} INFO - Started process (PID=23827) to work on /Library/Frameworks/Python.framework/Versions/3.10/lib/python3.10/site-packages/airflow/example_dags/example_complex.py
[2025-04-16T13:58:21.947-0500] {processor.py:914} INFO - Processing file /Library/Frameworks/Python.framework/Versions/3.10/lib/python3.10/site-packages/airflow/example_dags/example_complex.py for tasks to queue
[2025-04-16T13:58:21.947-0500] {logging_mixin.py:190} INFO - [2025-04-16T13:58:21.947-0500] {dagbag.py:588} INFO - Filling up the DagBag from /Library/Frameworks/Python.framework/Versions/3.10/lib/python3.10/site-packages/airflow/example_dags/example_complex.py
[2025-04-16T13:58:21.973-0500] {processor.py:925} INFO - DAG(s) 'example_complex' retrieved from /Library/Frameworks/Python.framework/Versions/3.10/lib/python3.10/site-packages/airflow/example_dags/example_complex.py
[2025-04-16T13:58:22.010-0500] {logging_mixin.py:190} INFO - [2025-04-16T13:58:22.009-0500] {dag.py:3239} INFO - Sync 1 DAGs
[2025-04-16T13:58:22.013-0500] {logging_mixin.py:190} INFO - [2025-04-16T13:58:22.013-0500] {dag.py:4180} INFO - Setting next_dagrun for example_complex to None, run_after=None
[2025-04-16T13:58:22.018-0500] {processor.py:208} INFO - Processing /Library/Frameworks/Python.framework/Versions/3.10/lib/python3.10/site-packages/airflow/example_dags/example_complex.py took 0.074 seconds
[2025-04-16T14:03:21.815-0500] {processor.py:186} INFO - Started process (PID=24201) to work on /Library/Frameworks/Python.framework/Versions/3.10/lib/python3.10/site-packages/airflow/example_dags/example_complex.py
[2025-04-16T14:03:21.816-0500] {processor.py:914} INFO - Processing file /Library/Frameworks/Python.framework/Versions/3.10/lib/python3.10/site-packages/airflow/example_dags/example_complex.py for tasks to queue
[2025-04-16T14:03:21.816-0500] {logging_mixin.py:190} INFO - [2025-04-16T14:03:21.816-0500] {dagbag.py:588} INFO - Filling up the DagBag from /Library/Frameworks/Python.framework/Versions/3.10/lib/python3.10/site-packages/airflow/example_dags/example_complex.py
[2025-04-16T14:03:21.842-0500] {processor.py:925} INFO - DAG(s) 'example_complex' retrieved from /Library/Frameworks/Python.framework/Versions/3.10/lib/python3.10/site-packages/airflow/example_dags/example_complex.py
[2025-04-16T14:03:21.879-0500] {logging_mixin.py:190} INFO - [2025-04-16T14:03:21.879-0500] {dag.py:3239} INFO - Sync 1 DAGs
[2025-04-16T14:03:21.882-0500] {logging_mixin.py:190} INFO - [2025-04-16T14:03:21.882-0500] {dag.py:4180} INFO - Setting next_dagrun for example_complex to None, run_after=None
[2025-04-16T14:03:21.890-0500] {processor.py:208} INFO - Processing /Library/Frameworks/Python.framework/Versions/3.10/lib/python3.10/site-packages/airflow/example_dags/example_complex.py took 0.077 seconds
[2025-04-16T14:07:24.462-0500] {processor.py:186} INFO - Started process (PID=24392) to work on /Library/Frameworks/Python.framework/Versions/3.10/lib/python3.10/site-packages/airflow/example_dags/example_complex.py
[2025-04-16T14:07:24.463-0500] {processor.py:914} INFO - Processing file /Library/Frameworks/Python.framework/Versions/3.10/lib/python3.10/site-packages/airflow/example_dags/example_complex.py for tasks to queue
[2025-04-16T14:07:24.463-0500] {logging_mixin.py:190} INFO - [2025-04-16T14:07:24.463-0500] {dagbag.py:588} INFO - Filling up the DagBag from /Library/Frameworks/Python.framework/Versions/3.10/lib/python3.10/site-packages/airflow/example_dags/example_complex.py
[2025-04-16T14:07:24.487-0500] {processor.py:925} INFO - DAG(s) 'example_complex' retrieved from /Library/Frameworks/Python.framework/Versions/3.10/lib/python3.10/site-packages/airflow/example_dags/example_complex.py
[2025-04-16T14:07:24.524-0500] {logging_mixin.py:190} INFO - [2025-04-16T14:07:24.524-0500] {dag.py:3239} INFO - Sync 1 DAGs
[2025-04-16T14:07:24.527-0500] {logging_mixin.py:190} INFO - [2025-04-16T14:07:24.527-0500] {dag.py:4180} INFO - Setting next_dagrun for example_complex to None, run_after=None
[2025-04-16T14:07:24.533-0500] {processor.py:208} INFO - Processing /Library/Frameworks/Python.framework/Versions/3.10/lib/python3.10/site-packages/airflow/example_dags/example_complex.py took 0.072 seconds
[2025-04-16T14:41:19.532-0500] {processor.py:186} INFO - Started process (PID=24597) to work on /Library/Frameworks/Python.framework/Versions/3.10/lib/python3.10/site-packages/airflow/example_dags/example_complex.py
[2025-04-16T14:41:19.532-0500] {processor.py:914} INFO - Processing file /Library/Frameworks/Python.framework/Versions/3.10/lib/python3.10/site-packages/airflow/example_dags/example_complex.py for tasks to queue
[2025-04-16T14:41:19.533-0500] {logging_mixin.py:190} INFO - [2025-04-16T14:41:19.533-0500] {dagbag.py:588} INFO - Filling up the DagBag from /Library/Frameworks/Python.framework/Versions/3.10/lib/python3.10/site-packages/airflow/example_dags/example_complex.py
[2025-04-16T14:41:19.565-0500] {processor.py:925} INFO - DAG(s) 'example_complex' retrieved from /Library/Frameworks/Python.framework/Versions/3.10/lib/python3.10/site-packages/airflow/example_dags/example_complex.py
[2025-04-16T14:41:19.603-0500] {logging_mixin.py:190} INFO - [2025-04-16T14:41:19.603-0500] {dag.py:3239} INFO - Sync 1 DAGs
[2025-04-16T14:41:19.606-0500] {logging_mixin.py:190} INFO - [2025-04-16T14:41:19.606-0500] {dag.py:4180} INFO - Setting next_dagrun for example_complex to None, run_after=None
[2025-04-16T14:41:19.612-0500] {processor.py:208} INFO - Processing /Library/Frameworks/Python.framework/Versions/3.10/lib/python3.10/site-packages/airflow/example_dags/example_complex.py took 0.083 seconds
[2025-04-16T14:46:24.890-0500] {processor.py:186} INFO - Started process (PID=24987) to work on /Library/Frameworks/Python.framework/Versions/3.10/lib/python3.10/site-packages/airflow/example_dags/example_complex.py
[2025-04-16T14:46:24.891-0500] {processor.py:914} INFO - Processing file /Library/Frameworks/Python.framework/Versions/3.10/lib/python3.10/site-packages/airflow/example_dags/example_complex.py for tasks to queue
[2025-04-16T14:46:24.891-0500] {logging_mixin.py:190} INFO - [2025-04-16T14:46:24.891-0500] {dagbag.py:588} INFO - Filling up the DagBag from /Library/Frameworks/Python.framework/Versions/3.10/lib/python3.10/site-packages/airflow/example_dags/example_complex.py
[2025-04-16T14:46:24.919-0500] {processor.py:925} INFO - DAG(s) 'example_complex' retrieved from /Library/Frameworks/Python.framework/Versions/3.10/lib/python3.10/site-packages/airflow/example_dags/example_complex.py
[2025-04-16T14:46:24.958-0500] {logging_mixin.py:190} INFO - [2025-04-16T14:46:24.957-0500] {dag.py:3239} INFO - Sync 1 DAGs
[2025-04-16T14:46:24.961-0500] {logging_mixin.py:190} INFO - [2025-04-16T14:46:24.961-0500] {dag.py:4180} INFO - Setting next_dagrun for example_complex to None, run_after=None
[2025-04-16T14:46:24.966-0500] {processor.py:208} INFO - Processing /Library/Frameworks/Python.framework/Versions/3.10/lib/python3.10/site-packages/airflow/example_dags/example_complex.py took 0.078 seconds
[2025-04-16T14:51:44.398-0500] {processor.py:186} INFO - Started process (PID=25309) to work on /Library/Frameworks/Python.framework/Versions/3.10/lib/python3.10/site-packages/airflow/example_dags/example_complex.py
[2025-04-16T14:51:44.398-0500] {processor.py:914} INFO - Processing file /Library/Frameworks/Python.framework/Versions/3.10/lib/python3.10/site-packages/airflow/example_dags/example_complex.py for tasks to queue
[2025-04-16T14:51:44.399-0500] {logging_mixin.py:190} INFO - [2025-04-16T14:51:44.399-0500] {dagbag.py:588} INFO - Filling up the DagBag from /Library/Frameworks/Python.framework/Versions/3.10/lib/python3.10/site-packages/airflow/example_dags/example_complex.py
[2025-04-16T14:51:44.423-0500] {processor.py:925} INFO - DAG(s) 'example_complex' retrieved from /Library/Frameworks/Python.framework/Versions/3.10/lib/python3.10/site-packages/airflow/example_dags/example_complex.py
[2025-04-16T14:51:44.460-0500] {logging_mixin.py:190} INFO - [2025-04-16T14:51:44.460-0500] {dag.py:3239} INFO - Sync 1 DAGs
[2025-04-16T14:51:44.463-0500] {logging_mixin.py:190} INFO - [2025-04-16T14:51:44.463-0500] {dag.py:4180} INFO - Setting next_dagrun for example_complex to None, run_after=None
[2025-04-16T14:51:44.468-0500] {processor.py:208} INFO - Processing /Library/Frameworks/Python.framework/Versions/3.10/lib/python3.10/site-packages/airflow/example_dags/example_complex.py took 0.072 seconds
[2025-04-16T14:56:34.233-0500] {processor.py:186} INFO - Started process (PID=25653) to work on /Library/Frameworks/Python.framework/Versions/3.10/lib/python3.10/site-packages/airflow/example_dags/example_complex.py
[2025-04-16T14:56:34.233-0500] {processor.py:914} INFO - Processing file /Library/Frameworks/Python.framework/Versions/3.10/lib/python3.10/site-packages/airflow/example_dags/example_complex.py for tasks to queue
[2025-04-16T14:56:34.234-0500] {logging_mixin.py:190} INFO - [2025-04-16T14:56:34.234-0500] {dagbag.py:588} INFO - Filling up the DagBag from /Library/Frameworks/Python.framework/Versions/3.10/lib/python3.10/site-packages/airflow/example_dags/example_complex.py
[2025-04-16T14:56:34.260-0500] {processor.py:925} INFO - DAG(s) 'example_complex' retrieved from /Library/Frameworks/Python.framework/Versions/3.10/lib/python3.10/site-packages/airflow/example_dags/example_complex.py
[2025-04-16T14:56:34.297-0500] {logging_mixin.py:190} INFO - [2025-04-16T14:56:34.297-0500] {dag.py:3239} INFO - Sync 1 DAGs
[2025-04-16T14:56:34.300-0500] {logging_mixin.py:190} INFO - [2025-04-16T14:56:34.300-0500] {dag.py:4180} INFO - Setting next_dagrun for example_complex to None, run_after=None
[2025-04-16T14:56:34.306-0500] {processor.py:208} INFO - Processing /Library/Frameworks/Python.framework/Versions/3.10/lib/python3.10/site-packages/airflow/example_dags/example_complex.py took 0.075 seconds
[2025-04-16T15:01:36.223-0500] {processor.py:186} INFO - Started process (PID=25960) to work on /Library/Frameworks/Python.framework/Versions/3.10/lib/python3.10/site-packages/airflow/example_dags/example_complex.py
[2025-04-16T15:01:36.224-0500] {processor.py:914} INFO - Processing file /Library/Frameworks/Python.framework/Versions/3.10/lib/python3.10/site-packages/airflow/example_dags/example_complex.py for tasks to queue
[2025-04-16T15:01:36.224-0500] {logging_mixin.py:190} INFO - [2025-04-16T15:01:36.224-0500] {dagbag.py:588} INFO - Filling up the DagBag from /Library/Frameworks/Python.framework/Versions/3.10/lib/python3.10/site-packages/airflow/example_dags/example_complex.py
[2025-04-16T15:01:36.250-0500] {processor.py:925} INFO - DAG(s) 'example_complex' retrieved from /Library/Frameworks/Python.framework/Versions/3.10/lib/python3.10/site-packages/airflow/example_dags/example_complex.py
[2025-04-16T15:01:36.287-0500] {logging_mixin.py:190} INFO - [2025-04-16T15:01:36.287-0500] {dag.py:3239} INFO - Sync 1 DAGs
[2025-04-16T15:01:36.290-0500] {logging_mixin.py:190} INFO - [2025-04-16T15:01:36.290-0500] {dag.py:4180} INFO - Setting next_dagrun for example_complex to None, run_after=None
[2025-04-16T15:01:36.296-0500] {processor.py:208} INFO - Processing /Library/Frameworks/Python.framework/Versions/3.10/lib/python3.10/site-packages/airflow/example_dags/example_complex.py took 0.074 seconds
[2025-04-16T15:06:37.354-0500] {processor.py:186} INFO - Started process (PID=26259) to work on /Library/Frameworks/Python.framework/Versions/3.10/lib/python3.10/site-packages/airflow/example_dags/example_complex.py
[2025-04-16T15:06:37.355-0500] {processor.py:914} INFO - Processing file /Library/Frameworks/Python.framework/Versions/3.10/lib/python3.10/site-packages/airflow/example_dags/example_complex.py for tasks to queue
[2025-04-16T15:06:37.356-0500] {logging_mixin.py:190} INFO - [2025-04-16T15:06:37.356-0500] {dagbag.py:588} INFO - Filling up the DagBag from /Library/Frameworks/Python.framework/Versions/3.10/lib/python3.10/site-packages/airflow/example_dags/example_complex.py
[2025-04-16T15:06:37.382-0500] {processor.py:925} INFO - DAG(s) 'example_complex' retrieved from /Library/Frameworks/Python.framework/Versions/3.10/lib/python3.10/site-packages/airflow/example_dags/example_complex.py
[2025-04-16T15:06:37.419-0500] {logging_mixin.py:190} INFO - [2025-04-16T15:06:37.419-0500] {dag.py:3239} INFO - Sync 1 DAGs
[2025-04-16T15:06:37.423-0500] {logging_mixin.py:190} INFO - [2025-04-16T15:06:37.423-0500] {dag.py:4180} INFO - Setting next_dagrun for example_complex to None, run_after=None
[2025-04-16T15:06:37.428-0500] {processor.py:208} INFO - Processing /Library/Frameworks/Python.framework/Versions/3.10/lib/python3.10/site-packages/airflow/example_dags/example_complex.py took 0.076 seconds
[2025-04-16T15:11:27.892-0500] {processor.py:186} INFO - Started process (PID=26601) to work on /Library/Frameworks/Python.framework/Versions/3.10/lib/python3.10/site-packages/airflow/example_dags/example_complex.py
[2025-04-16T15:11:27.893-0500] {processor.py:914} INFO - Processing file /Library/Frameworks/Python.framework/Versions/3.10/lib/python3.10/site-packages/airflow/example_dags/example_complex.py for tasks to queue
[2025-04-16T15:11:27.893-0500] {logging_mixin.py:190} INFO - [2025-04-16T15:11:27.893-0500] {dagbag.py:588} INFO - Filling up the DagBag from /Library/Frameworks/Python.framework/Versions/3.10/lib/python3.10/site-packages/airflow/example_dags/example_complex.py
[2025-04-16T15:11:27.920-0500] {processor.py:925} INFO - DAG(s) 'example_complex' retrieved from /Library/Frameworks/Python.framework/Versions/3.10/lib/python3.10/site-packages/airflow/example_dags/example_complex.py
[2025-04-16T15:11:27.958-0500] {logging_mixin.py:190} INFO - [2025-04-16T15:11:27.958-0500] {dag.py:3239} INFO - Sync 1 DAGs
[2025-04-16T15:11:27.961-0500] {logging_mixin.py:190} INFO - [2025-04-16T15:11:27.961-0500] {dag.py:4180} INFO - Setting next_dagrun for example_complex to None, run_after=None
[2025-04-16T15:11:27.967-0500] {processor.py:208} INFO - Processing /Library/Frameworks/Python.framework/Versions/3.10/lib/python3.10/site-packages/airflow/example_dags/example_complex.py took 0.077 seconds
[2025-04-16T15:16:12.503-0500] {processor.py:186} INFO - Started process (PID=26937) to work on /Library/Frameworks/Python.framework/Versions/3.10/lib/python3.10/site-packages/airflow/example_dags/example_complex.py
[2025-04-16T15:16:12.504-0500] {processor.py:914} INFO - Processing file /Library/Frameworks/Python.framework/Versions/3.10/lib/python3.10/site-packages/airflow/example_dags/example_complex.py for tasks to queue
[2025-04-16T15:16:12.504-0500] {logging_mixin.py:190} INFO - [2025-04-16T15:16:12.504-0500] {dagbag.py:588} INFO - Filling up the DagBag from /Library/Frameworks/Python.framework/Versions/3.10/lib/python3.10/site-packages/airflow/example_dags/example_complex.py
[2025-04-16T15:16:12.531-0500] {processor.py:925} INFO - DAG(s) 'example_complex' retrieved from /Library/Frameworks/Python.framework/Versions/3.10/lib/python3.10/site-packages/airflow/example_dags/example_complex.py
[2025-04-16T15:16:12.569-0500] {logging_mixin.py:190} INFO - [2025-04-16T15:16:12.569-0500] {dag.py:3239} INFO - Sync 1 DAGs
[2025-04-16T15:16:12.572-0500] {logging_mixin.py:190} INFO - [2025-04-16T15:16:12.572-0500] {dag.py:4180} INFO - Setting next_dagrun for example_complex to None, run_after=None
[2025-04-16T15:16:12.578-0500] {processor.py:208} INFO - Processing /Library/Frameworks/Python.framework/Versions/3.10/lib/python3.10/site-packages/airflow/example_dags/example_complex.py took 0.077 seconds
[2025-04-16T15:20:58.061-0500] {processor.py:186} INFO - Started process (PID=27215) to work on /Library/Frameworks/Python.framework/Versions/3.10/lib/python3.10/site-packages/airflow/example_dags/example_complex.py
[2025-04-16T15:20:58.062-0500] {processor.py:914} INFO - Processing file /Library/Frameworks/Python.framework/Versions/3.10/lib/python3.10/site-packages/airflow/example_dags/example_complex.py for tasks to queue
[2025-04-16T15:20:58.063-0500] {logging_mixin.py:190} INFO - [2025-04-16T15:20:58.062-0500] {dagbag.py:588} INFO - Filling up the DagBag from /Library/Frameworks/Python.framework/Versions/3.10/lib/python3.10/site-packages/airflow/example_dags/example_complex.py
[2025-04-16T15:20:58.107-0500] {processor.py:925} INFO - DAG(s) 'example_complex' retrieved from /Library/Frameworks/Python.framework/Versions/3.10/lib/python3.10/site-packages/airflow/example_dags/example_complex.py
[2025-04-16T15:20:58.146-0500] {logging_mixin.py:190} INFO - [2025-04-16T15:20:58.146-0500] {dag.py:3239} INFO - Sync 1 DAGs
[2025-04-16T15:20:58.149-0500] {logging_mixin.py:190} INFO - [2025-04-16T15:20:58.149-0500] {dag.py:4180} INFO - Setting next_dagrun for example_complex to None, run_after=None
[2025-04-16T15:20:58.156-0500] {processor.py:208} INFO - Processing /Library/Frameworks/Python.framework/Versions/3.10/lib/python3.10/site-packages/airflow/example_dags/example_complex.py took 0.097 seconds
[2025-04-16T15:26:08.101-0500] {processor.py:186} INFO - Started process (PID=27580) to work on /Library/Frameworks/Python.framework/Versions/3.10/lib/python3.10/site-packages/airflow/example_dags/example_complex.py
[2025-04-16T15:26:08.101-0500] {processor.py:914} INFO - Processing file /Library/Frameworks/Python.framework/Versions/3.10/lib/python3.10/site-packages/airflow/example_dags/example_complex.py for tasks to queue
[2025-04-16T15:26:08.101-0500] {logging_mixin.py:190} INFO - [2025-04-16T15:26:08.101-0500] {dagbag.py:588} INFO - Filling up the DagBag from /Library/Frameworks/Python.framework/Versions/3.10/lib/python3.10/site-packages/airflow/example_dags/example_complex.py
[2025-04-16T15:26:08.128-0500] {processor.py:925} INFO - DAG(s) 'example_complex' retrieved from /Library/Frameworks/Python.framework/Versions/3.10/lib/python3.10/site-packages/airflow/example_dags/example_complex.py
[2025-04-16T15:26:08.166-0500] {logging_mixin.py:190} INFO - [2025-04-16T15:26:08.166-0500] {dag.py:3239} INFO - Sync 1 DAGs
[2025-04-16T15:26:08.169-0500] {logging_mixin.py:190} INFO - [2025-04-16T15:26:08.169-0500] {dag.py:4180} INFO - Setting next_dagrun for example_complex to None, run_after=None
[2025-04-16T15:26:08.174-0500] {processor.py:208} INFO - Processing /Library/Frameworks/Python.framework/Versions/3.10/lib/python3.10/site-packages/airflow/example_dags/example_complex.py took 0.076 seconds
[2025-04-16T15:31:12.855-0500] {processor.py:186} INFO - Started process (PID=27935) to work on /Library/Frameworks/Python.framework/Versions/3.10/lib/python3.10/site-packages/airflow/example_dags/example_complex.py
[2025-04-16T15:31:12.856-0500] {processor.py:914} INFO - Processing file /Library/Frameworks/Python.framework/Versions/3.10/lib/python3.10/site-packages/airflow/example_dags/example_complex.py for tasks to queue
[2025-04-16T15:31:12.856-0500] {logging_mixin.py:190} INFO - [2025-04-16T15:31:12.856-0500] {dagbag.py:588} INFO - Filling up the DagBag from /Library/Frameworks/Python.framework/Versions/3.10/lib/python3.10/site-packages/airflow/example_dags/example_complex.py
[2025-04-16T15:31:12.882-0500] {processor.py:925} INFO - DAG(s) 'example_complex' retrieved from /Library/Frameworks/Python.framework/Versions/3.10/lib/python3.10/site-packages/airflow/example_dags/example_complex.py
[2025-04-16T15:31:12.920-0500] {logging_mixin.py:190} INFO - [2025-04-16T15:31:12.920-0500] {dag.py:3239} INFO - Sync 1 DAGs
[2025-04-16T15:31:12.924-0500] {logging_mixin.py:190} INFO - [2025-04-16T15:31:12.924-0500] {dag.py:4180} INFO - Setting next_dagrun for example_complex to None, run_after=None
[2025-04-16T15:31:12.929-0500] {processor.py:208} INFO - Processing /Library/Frameworks/Python.framework/Versions/3.10/lib/python3.10/site-packages/airflow/example_dags/example_complex.py took 0.076 seconds
[2025-04-16T15:53:46.867-0500] {processor.py:186} INFO - Started process (PID=28389) to work on /Library/Frameworks/Python.framework/Versions/3.10/lib/python3.10/site-packages/airflow/example_dags/example_complex.py
[2025-04-16T15:53:46.868-0500] {processor.py:914} INFO - Processing file /Library/Frameworks/Python.framework/Versions/3.10/lib/python3.10/site-packages/airflow/example_dags/example_complex.py for tasks to queue
[2025-04-16T15:53:46.868-0500] {logging_mixin.py:190} INFO - [2025-04-16T15:53:46.868-0500] {dagbag.py:588} INFO - Filling up the DagBag from /Library/Frameworks/Python.framework/Versions/3.10/lib/python3.10/site-packages/airflow/example_dags/example_complex.py
[2025-04-16T15:53:46.892-0500] {processor.py:925} INFO - DAG(s) 'example_complex' retrieved from /Library/Frameworks/Python.framework/Versions/3.10/lib/python3.10/site-packages/airflow/example_dags/example_complex.py
[2025-04-16T15:53:46.929-0500] {logging_mixin.py:190} INFO - [2025-04-16T15:53:46.929-0500] {dag.py:3239} INFO - Sync 1 DAGs
[2025-04-16T15:53:46.933-0500] {logging_mixin.py:190} INFO - [2025-04-16T15:53:46.933-0500] {dag.py:4180} INFO - Setting next_dagrun for example_complex to None, run_after=None
[2025-04-16T15:53:46.938-0500] {processor.py:208} INFO - Processing /Library/Frameworks/Python.framework/Versions/3.10/lib/python3.10/site-packages/airflow/example_dags/example_complex.py took 0.073 seconds
[2025-04-16T15:58:49.809-0500] {processor.py:186} INFO - Started process (PID=28864) to work on /Library/Frameworks/Python.framework/Versions/3.10/lib/python3.10/site-packages/airflow/example_dags/example_complex.py
[2025-04-16T15:58:49.809-0500] {processor.py:914} INFO - Processing file /Library/Frameworks/Python.framework/Versions/3.10/lib/python3.10/site-packages/airflow/example_dags/example_complex.py for tasks to queue
[2025-04-16T15:58:49.810-0500] {logging_mixin.py:190} INFO - [2025-04-16T15:58:49.809-0500] {dagbag.py:588} INFO - Filling up the DagBag from /Library/Frameworks/Python.framework/Versions/3.10/lib/python3.10/site-packages/airflow/example_dags/example_complex.py
[2025-04-16T15:58:49.834-0500] {processor.py:925} INFO - DAG(s) 'example_complex' retrieved from /Library/Frameworks/Python.framework/Versions/3.10/lib/python3.10/site-packages/airflow/example_dags/example_complex.py
[2025-04-16T15:58:49.871-0500] {logging_mixin.py:190} INFO - [2025-04-16T15:58:49.871-0500] {dag.py:3239} INFO - Sync 1 DAGs
[2025-04-16T15:58:49.875-0500] {logging_mixin.py:190} INFO - [2025-04-16T15:58:49.875-0500] {dag.py:4180} INFO - Setting next_dagrun for example_complex to None, run_after=None
[2025-04-16T15:58:49.881-0500] {processor.py:208} INFO - Processing /Library/Frameworks/Python.framework/Versions/3.10/lib/python3.10/site-packages/airflow/example_dags/example_complex.py took 0.074 seconds
[2025-04-16T16:03:30.156-0500] {processor.py:186} INFO - Started process (PID=29203) to work on /Library/Frameworks/Python.framework/Versions/3.10/lib/python3.10/site-packages/airflow/example_dags/example_complex.py
[2025-04-16T16:03:30.157-0500] {processor.py:914} INFO - Processing file /Library/Frameworks/Python.framework/Versions/3.10/lib/python3.10/site-packages/airflow/example_dags/example_complex.py for tasks to queue
[2025-04-16T16:03:30.158-0500] {logging_mixin.py:190} INFO - [2025-04-16T16:03:30.157-0500] {dagbag.py:588} INFO - Filling up the DagBag from /Library/Frameworks/Python.framework/Versions/3.10/lib/python3.10/site-packages/airflow/example_dags/example_complex.py
[2025-04-16T16:03:30.182-0500] {processor.py:925} INFO - DAG(s) 'example_complex' retrieved from /Library/Frameworks/Python.framework/Versions/3.10/lib/python3.10/site-packages/airflow/example_dags/example_complex.py
[2025-04-16T16:03:30.219-0500] {logging_mixin.py:190} INFO - [2025-04-16T16:03:30.218-0500] {dag.py:3239} INFO - Sync 1 DAGs
[2025-04-16T16:03:30.222-0500] {logging_mixin.py:190} INFO - [2025-04-16T16:03:30.222-0500] {dag.py:4180} INFO - Setting next_dagrun for example_complex to None, run_after=None
[2025-04-16T16:03:30.228-0500] {processor.py:208} INFO - Processing /Library/Frameworks/Python.framework/Versions/3.10/lib/python3.10/site-packages/airflow/example_dags/example_complex.py took 0.073 seconds
[2025-04-16T16:07:57.456-0500] {processor.py:186} INFO - Started process (PID=29530) to work on /Library/Frameworks/Python.framework/Versions/3.10/lib/python3.10/site-packages/airflow/example_dags/example_complex.py
[2025-04-16T16:07:57.457-0500] {processor.py:914} INFO - Processing file /Library/Frameworks/Python.framework/Versions/3.10/lib/python3.10/site-packages/airflow/example_dags/example_complex.py for tasks to queue
[2025-04-16T16:07:57.457-0500] {logging_mixin.py:190} INFO - [2025-04-16T16:07:57.457-0500] {dagbag.py:588} INFO - Filling up the DagBag from /Library/Frameworks/Python.framework/Versions/3.10/lib/python3.10/site-packages/airflow/example_dags/example_complex.py
[2025-04-16T16:07:57.482-0500] {processor.py:925} INFO - DAG(s) 'example_complex' retrieved from /Library/Frameworks/Python.framework/Versions/3.10/lib/python3.10/site-packages/airflow/example_dags/example_complex.py
[2025-04-16T16:07:57.518-0500] {logging_mixin.py:190} INFO - [2025-04-16T16:07:57.518-0500] {dag.py:3239} INFO - Sync 1 DAGs
[2025-04-16T16:07:57.521-0500] {logging_mixin.py:190} INFO - [2025-04-16T16:07:57.521-0500] {dag.py:4180} INFO - Setting next_dagrun for example_complex to None, run_after=None
[2025-04-16T16:07:57.527-0500] {processor.py:208} INFO - Processing /Library/Frameworks/Python.framework/Versions/3.10/lib/python3.10/site-packages/airflow/example_dags/example_complex.py took 0.072 seconds
[2025-04-16T16:12:24.588-0500] {processor.py:186} INFO - Started process (PID=29820) to work on /Library/Frameworks/Python.framework/Versions/3.10/lib/python3.10/site-packages/airflow/example_dags/example_complex.py
[2025-04-16T16:12:24.589-0500] {processor.py:914} INFO - Processing file /Library/Frameworks/Python.framework/Versions/3.10/lib/python3.10/site-packages/airflow/example_dags/example_complex.py for tasks to queue
[2025-04-16T16:12:24.589-0500] {logging_mixin.py:190} INFO - [2025-04-16T16:12:24.589-0500] {dagbag.py:588} INFO - Filling up the DagBag from /Library/Frameworks/Python.framework/Versions/3.10/lib/python3.10/site-packages/airflow/example_dags/example_complex.py
[2025-04-16T16:12:24.614-0500] {processor.py:925} INFO - DAG(s) 'example_complex' retrieved from /Library/Frameworks/Python.framework/Versions/3.10/lib/python3.10/site-packages/airflow/example_dags/example_complex.py
[2025-04-16T16:12:24.652-0500] {logging_mixin.py:190} INFO - [2025-04-16T16:12:24.652-0500] {dag.py:3239} INFO - Sync 1 DAGs
[2025-04-16T16:12:24.655-0500] {logging_mixin.py:190} INFO - [2025-04-16T16:12:24.655-0500] {dag.py:4180} INFO - Setting next_dagrun for example_complex to None, run_after=None
[2025-04-16T16:12:24.662-0500] {processor.py:208} INFO - Processing /Library/Frameworks/Python.framework/Versions/3.10/lib/python3.10/site-packages/airflow/example_dags/example_complex.py took 0.075 seconds
[2025-04-16T16:16:49.707-0500] {processor.py:186} INFO - Started process (PID=30095) to work on /Library/Frameworks/Python.framework/Versions/3.10/lib/python3.10/site-packages/airflow/example_dags/example_complex.py
[2025-04-16T16:16:49.708-0500] {processor.py:914} INFO - Processing file /Library/Frameworks/Python.framework/Versions/3.10/lib/python3.10/site-packages/airflow/example_dags/example_complex.py for tasks to queue
[2025-04-16T16:16:49.709-0500] {logging_mixin.py:190} INFO - [2025-04-16T16:16:49.708-0500] {dagbag.py:588} INFO - Filling up the DagBag from /Library/Frameworks/Python.framework/Versions/3.10/lib/python3.10/site-packages/airflow/example_dags/example_complex.py
[2025-04-16T16:16:49.733-0500] {processor.py:925} INFO - DAG(s) 'example_complex' retrieved from /Library/Frameworks/Python.framework/Versions/3.10/lib/python3.10/site-packages/airflow/example_dags/example_complex.py
[2025-04-16T16:16:49.769-0500] {logging_mixin.py:190} INFO - [2025-04-16T16:16:49.769-0500] {dag.py:3239} INFO - Sync 1 DAGs
[2025-04-16T16:16:49.772-0500] {logging_mixin.py:190} INFO - [2025-04-16T16:16:49.772-0500] {dag.py:4180} INFO - Setting next_dagrun for example_complex to None, run_after=None
[2025-04-16T16:16:49.777-0500] {processor.py:208} INFO - Processing /Library/Frameworks/Python.framework/Versions/3.10/lib/python3.10/site-packages/airflow/example_dags/example_complex.py took 0.072 seconds
[2025-04-16T16:23:39.031-0500] {processor.py:186} INFO - Started process (PID=30387) to work on /Library/Frameworks/Python.framework/Versions/3.10/lib/python3.10/site-packages/airflow/example_dags/example_complex.py
[2025-04-16T16:23:39.032-0500] {processor.py:914} INFO - Processing file /Library/Frameworks/Python.framework/Versions/3.10/lib/python3.10/site-packages/airflow/example_dags/example_complex.py for tasks to queue
[2025-04-16T16:23:39.032-0500] {logging_mixin.py:190} INFO - [2025-04-16T16:23:39.032-0500] {dagbag.py:588} INFO - Filling up the DagBag from /Library/Frameworks/Python.framework/Versions/3.10/lib/python3.10/site-packages/airflow/example_dags/example_complex.py
[2025-04-16T16:23:39.058-0500] {processor.py:925} INFO - DAG(s) 'example_complex' retrieved from /Library/Frameworks/Python.framework/Versions/3.10/lib/python3.10/site-packages/airflow/example_dags/example_complex.py
[2025-04-16T16:23:39.095-0500] {logging_mixin.py:190} INFO - [2025-04-16T16:23:39.095-0500] {dag.py:3239} INFO - Sync 1 DAGs
[2025-04-16T16:23:39.098-0500] {logging_mixin.py:190} INFO - [2025-04-16T16:23:39.098-0500] {dag.py:4180} INFO - Setting next_dagrun for example_complex to None, run_after=None
[2025-04-16T16:23:39.104-0500] {processor.py:208} INFO - Processing /Library/Frameworks/Python.framework/Versions/3.10/lib/python3.10/site-packages/airflow/example_dags/example_complex.py took 0.074 seconds
[2025-04-16T17:18:22.611-0500] {processor.py:186} INFO - Started process (PID=30765) to work on /Library/Frameworks/Python.framework/Versions/3.10/lib/python3.10/site-packages/airflow/example_dags/example_complex.py
[2025-04-16T17:18:22.611-0500] {processor.py:914} INFO - Processing file /Library/Frameworks/Python.framework/Versions/3.10/lib/python3.10/site-packages/airflow/example_dags/example_complex.py for tasks to queue
[2025-04-16T17:18:22.612-0500] {logging_mixin.py:190} INFO - [2025-04-16T17:18:22.612-0500] {dagbag.py:588} INFO - Filling up the DagBag from /Library/Frameworks/Python.framework/Versions/3.10/lib/python3.10/site-packages/airflow/example_dags/example_complex.py
[2025-04-16T17:18:22.636-0500] {processor.py:925} INFO - DAG(s) 'example_complex' retrieved from /Library/Frameworks/Python.framework/Versions/3.10/lib/python3.10/site-packages/airflow/example_dags/example_complex.py
[2025-04-16T17:18:22.674-0500] {logging_mixin.py:190} INFO - [2025-04-16T17:18:22.674-0500] {dag.py:3239} INFO - Sync 1 DAGs
[2025-04-16T17:18:22.677-0500] {logging_mixin.py:190} INFO - [2025-04-16T17:18:22.677-0500] {dag.py:4180} INFO - Setting next_dagrun for example_complex to None, run_after=None
[2025-04-16T17:18:22.682-0500] {processor.py:208} INFO - Processing /Library/Frameworks/Python.framework/Versions/3.10/lib/python3.10/site-packages/airflow/example_dags/example_complex.py took 0.073 seconds
[2025-04-16T18:45:22.484-0500] {processor.py:186} INFO - Started process (PID=31151) to work on /Library/Frameworks/Python.framework/Versions/3.10/lib/python3.10/site-packages/airflow/example_dags/example_complex.py
[2025-04-16T18:45:22.485-0500] {processor.py:914} INFO - Processing file /Library/Frameworks/Python.framework/Versions/3.10/lib/python3.10/site-packages/airflow/example_dags/example_complex.py for tasks to queue
[2025-04-16T18:45:22.485-0500] {logging_mixin.py:190} INFO - [2025-04-16T18:45:22.485-0500] {dagbag.py:588} INFO - Filling up the DagBag from /Library/Frameworks/Python.framework/Versions/3.10/lib/python3.10/site-packages/airflow/example_dags/example_complex.py
[2025-04-16T18:45:22.509-0500] {processor.py:925} INFO - DAG(s) 'example_complex' retrieved from /Library/Frameworks/Python.framework/Versions/3.10/lib/python3.10/site-packages/airflow/example_dags/example_complex.py
[2025-04-16T18:45:22.546-0500] {logging_mixin.py:190} INFO - [2025-04-16T18:45:22.546-0500] {dag.py:3239} INFO - Sync 1 DAGs
[2025-04-16T18:45:22.550-0500] {logging_mixin.py:190} INFO - [2025-04-16T18:45:22.550-0500] {dag.py:4180} INFO - Setting next_dagrun for example_complex to None, run_after=None
[2025-04-16T18:45:22.556-0500] {processor.py:208} INFO - Processing /Library/Frameworks/Python.framework/Versions/3.10/lib/python3.10/site-packages/airflow/example_dags/example_complex.py took 0.074 seconds
