[2025-04-15T20:58:14.233-0500] {processor.py:186} INFO - Started process (PID=10523) to work on /Library/Frameworks/Python.framework/Versions/3.10/lib/python3.10/site-packages/airflow/example_dags/example_branch_labels.py
[2025-04-15T20:58:14.234-0500] {processor.py:914} INFO - Processing file /Library/Frameworks/Python.framework/Versions/3.10/lib/python3.10/site-packages/airflow/example_dags/example_branch_labels.py for tasks to queue
[2025-04-15T20:58:14.234-0500] {logging_mixin.py:190} INFO - [2025-04-15T20:58:14.234-0500] {dagbag.py:588} INFO - Filling up the DagBag from /Library/Frameworks/Python.framework/Versions/3.10/lib/python3.10/site-packages/airflow/example_dags/example_branch_labels.py
[2025-04-15T20:58:14.258-0500] {processor.py:925} INFO - DAG(s) 'example_branch_labels' retrieved from /Library/Frameworks/Python.framework/Versions/3.10/lib/python3.10/site-packages/airflow/example_dags/example_branch_labels.py
[2025-04-15T20:58:14.290-0500] {logging_mixin.py:190} INFO - [2025-04-15T20:58:14.290-0500] {dag.py:3239} INFO - Sync 1 DAGs
[2025-04-15T20:58:14.295-0500] {logging_mixin.py:190} INFO - [2025-04-15T20:58:14.295-0500] {dag.py:4180} INFO - Setting next_dagrun for example_branch_labels to 2025-04-15 00:00:00+00:00, run_after=2025-04-16 00:00:00+00:00
[2025-04-15T20:58:14.301-0500] {processor.py:208} INFO - Processing /Library/Frameworks/Python.framework/Versions/3.10/lib/python3.10/site-packages/airflow/example_dags/example_branch_labels.py took 0.069 seconds
[2025-04-15T21:03:24.048-0500] {processor.py:186} INFO - Started process (PID=10826) to work on /Library/Frameworks/Python.framework/Versions/3.10/lib/python3.10/site-packages/airflow/example_dags/example_branch_labels.py
[2025-04-15T21:03:24.049-0500] {processor.py:914} INFO - Processing file /Library/Frameworks/Python.framework/Versions/3.10/lib/python3.10/site-packages/airflow/example_dags/example_branch_labels.py for tasks to queue
[2025-04-15T21:03:24.049-0500] {logging_mixin.py:190} INFO - [2025-04-15T21:03:24.049-0500] {dagbag.py:588} INFO - Filling up the DagBag from /Library/Frameworks/Python.framework/Versions/3.10/lib/python3.10/site-packages/airflow/example_dags/example_branch_labels.py
[2025-04-15T21:03:24.074-0500] {processor.py:925} INFO - DAG(s) 'example_branch_labels' retrieved from /Library/Frameworks/Python.framework/Versions/3.10/lib/python3.10/site-packages/airflow/example_dags/example_branch_labels.py
[2025-04-15T21:03:24.106-0500] {logging_mixin.py:190} INFO - [2025-04-15T21:03:24.106-0500] {dag.py:3239} INFO - Sync 1 DAGs
[2025-04-15T21:03:24.112-0500] {logging_mixin.py:190} INFO - [2025-04-15T21:03:24.112-0500] {dag.py:4180} INFO - Setting next_dagrun for example_branch_labels to 2025-04-15 00:00:00+00:00, run_after=2025-04-16 00:00:00+00:00
[2025-04-15T21:03:24.118-0500] {processor.py:208} INFO - Processing /Library/Frameworks/Python.framework/Versions/3.10/lib/python3.10/site-packages/airflow/example_dags/example_branch_labels.py took 0.071 seconds
[2025-04-15T22:25:18.570-0500] {processor.py:186} INFO - Started process (PID=11240) to work on /Library/Frameworks/Python.framework/Versions/3.10/lib/python3.10/site-packages/airflow/example_dags/example_branch_labels.py
[2025-04-15T22:25:18.571-0500] {processor.py:914} INFO - Processing file /Library/Frameworks/Python.framework/Versions/3.10/lib/python3.10/site-packages/airflow/example_dags/example_branch_labels.py for tasks to queue
[2025-04-15T22:25:18.571-0500] {logging_mixin.py:190} INFO - [2025-04-15T22:25:18.571-0500] {dagbag.py:588} INFO - Filling up the DagBag from /Library/Frameworks/Python.framework/Versions/3.10/lib/python3.10/site-packages/airflow/example_dags/example_branch_labels.py
[2025-04-15T22:25:18.595-0500] {processor.py:925} INFO - DAG(s) 'example_branch_labels' retrieved from /Library/Frameworks/Python.framework/Versions/3.10/lib/python3.10/site-packages/airflow/example_dags/example_branch_labels.py
[2025-04-15T22:25:18.629-0500] {logging_mixin.py:190} INFO - [2025-04-15T22:25:18.628-0500] {dag.py:3239} INFO - Sync 1 DAGs
[2025-04-15T22:25:18.634-0500] {logging_mixin.py:190} INFO - [2025-04-15T22:25:18.634-0500] {dag.py:4180} INFO - Setting next_dagrun for example_branch_labels to 2025-04-15 00:00:00+00:00, run_after=2025-04-16 00:00:00+00:00
[2025-04-15T22:25:18.639-0500] {processor.py:208} INFO - Processing /Library/Frameworks/Python.framework/Versions/3.10/lib/python3.10/site-packages/airflow/example_dags/example_branch_labels.py took 0.070 seconds
[2025-04-16T00:07:19.512-0500] {processor.py:186} INFO - Started process (PID=11715) to work on /Library/Frameworks/Python.framework/Versions/3.10/lib/python3.10/site-packages/airflow/example_dags/example_branch_labels.py
[2025-04-16T00:07:19.513-0500] {processor.py:914} INFO - Processing file /Library/Frameworks/Python.framework/Versions/3.10/lib/python3.10/site-packages/airflow/example_dags/example_branch_labels.py for tasks to queue
[2025-04-16T00:07:19.513-0500] {logging_mixin.py:190} INFO - [2025-04-16T00:07:19.513-0500] {dagbag.py:588} INFO - Filling up the DagBag from /Library/Frameworks/Python.framework/Versions/3.10/lib/python3.10/site-packages/airflow/example_dags/example_branch_labels.py
[2025-04-16T00:07:19.536-0500] {processor.py:925} INFO - DAG(s) 'example_branch_labels' retrieved from /Library/Frameworks/Python.framework/Versions/3.10/lib/python3.10/site-packages/airflow/example_dags/example_branch_labels.py
[2025-04-16T00:07:19.576-0500] {logging_mixin.py:190} INFO - [2025-04-16T00:07:19.576-0500] {dag.py:3239} INFO - Sync 1 DAGs
[2025-04-16T00:07:19.582-0500] {logging_mixin.py:190} INFO - [2025-04-16T00:07:19.582-0500] {dag.py:4180} INFO - Setting next_dagrun for example_branch_labels to 2025-04-15 00:00:00+00:00, run_after=2025-04-16 00:00:00+00:00
[2025-04-16T00:07:19.587-0500] {processor.py:208} INFO - Processing /Library/Frameworks/Python.framework/Versions/3.10/lib/python3.10/site-packages/airflow/example_dags/example_branch_labels.py took 0.077 seconds
[2025-04-16T01:36:59.975-0500] {processor.py:186} INFO - Started process (PID=11998) to work on /Library/Frameworks/Python.framework/Versions/3.10/lib/python3.10/site-packages/airflow/example_dags/example_branch_labels.py
[2025-04-16T01:36:59.975-0500] {processor.py:914} INFO - Processing file /Library/Frameworks/Python.framework/Versions/3.10/lib/python3.10/site-packages/airflow/example_dags/example_branch_labels.py for tasks to queue
[2025-04-16T01:36:59.976-0500] {logging_mixin.py:190} INFO - [2025-04-16T01:36:59.976-0500] {dagbag.py:588} INFO - Filling up the DagBag from /Library/Frameworks/Python.framework/Versions/3.10/lib/python3.10/site-packages/airflow/example_dags/example_branch_labels.py
[2025-04-16T01:36:59.998-0500] {processor.py:925} INFO - DAG(s) 'example_branch_labels' retrieved from /Library/Frameworks/Python.framework/Versions/3.10/lib/python3.10/site-packages/airflow/example_dags/example_branch_labels.py
[2025-04-16T01:37:00.031-0500] {logging_mixin.py:190} INFO - [2025-04-16T01:37:00.030-0500] {dag.py:3239} INFO - Sync 1 DAGs
[2025-04-16T01:37:00.036-0500] {logging_mixin.py:190} INFO - [2025-04-16T01:37:00.036-0500] {dag.py:4180} INFO - Setting next_dagrun for example_branch_labels to 2025-04-15 00:00:00+00:00, run_after=2025-04-16 00:00:00+00:00
[2025-04-16T01:37:00.041-0500] {processor.py:208} INFO - Processing /Library/Frameworks/Python.framework/Versions/3.10/lib/python3.10/site-packages/airflow/example_dags/example_branch_labels.py took 0.068 seconds
[2025-04-16T04:25:50.222-0500] {processor.py:186} INFO - Started process (PID=12512) to work on /Library/Frameworks/Python.framework/Versions/3.10/lib/python3.10/site-packages/airflow/example_dags/example_branch_labels.py
[2025-04-16T04:25:50.223-0500] {processor.py:914} INFO - Processing file /Library/Frameworks/Python.framework/Versions/3.10/lib/python3.10/site-packages/airflow/example_dags/example_branch_labels.py for tasks to queue
[2025-04-16T04:25:50.223-0500] {logging_mixin.py:190} INFO - [2025-04-16T04:25:50.223-0500] {dagbag.py:588} INFO - Filling up the DagBag from /Library/Frameworks/Python.framework/Versions/3.10/lib/python3.10/site-packages/airflow/example_dags/example_branch_labels.py
[2025-04-16T04:25:50.247-0500] {processor.py:925} INFO - DAG(s) 'example_branch_labels' retrieved from /Library/Frameworks/Python.framework/Versions/3.10/lib/python3.10/site-packages/airflow/example_dags/example_branch_labels.py
[2025-04-16T04:25:50.279-0500] {logging_mixin.py:190} INFO - [2025-04-16T04:25:50.279-0500] {dag.py:3239} INFO - Sync 1 DAGs
[2025-04-16T04:25:50.284-0500] {logging_mixin.py:190} INFO - [2025-04-16T04:25:50.284-0500] {dag.py:4180} INFO - Setting next_dagrun for example_branch_labels to 2025-04-15 00:00:00+00:00, run_after=2025-04-16 00:00:00+00:00
[2025-04-16T04:25:50.289-0500] {processor.py:208} INFO - Processing /Library/Frameworks/Python.framework/Versions/3.10/lib/python3.10/site-packages/airflow/example_dags/example_branch_labels.py took 0.069 seconds
[2025-04-16T06:11:27.595-0500] {processor.py:186} INFO - Started process (PID=12855) to work on /Library/Frameworks/Python.framework/Versions/3.10/lib/python3.10/site-packages/airflow/example_dags/example_branch_labels.py
[2025-04-16T06:11:27.595-0500] {processor.py:914} INFO - Processing file /Library/Frameworks/Python.framework/Versions/3.10/lib/python3.10/site-packages/airflow/example_dags/example_branch_labels.py for tasks to queue
[2025-04-16T06:11:27.596-0500] {logging_mixin.py:190} INFO - [2025-04-16T06:11:27.596-0500] {dagbag.py:588} INFO - Filling up the DagBag from /Library/Frameworks/Python.framework/Versions/3.10/lib/python3.10/site-packages/airflow/example_dags/example_branch_labels.py
[2025-04-16T06:11:27.618-0500] {processor.py:925} INFO - DAG(s) 'example_branch_labels' retrieved from /Library/Frameworks/Python.framework/Versions/3.10/lib/python3.10/site-packages/airflow/example_dags/example_branch_labels.py
[2025-04-16T06:11:27.650-0500] {logging_mixin.py:190} INFO - [2025-04-16T06:11:27.650-0500] {dag.py:3239} INFO - Sync 1 DAGs
[2025-04-16T06:11:27.656-0500] {logging_mixin.py:190} INFO - [2025-04-16T06:11:27.656-0500] {dag.py:4180} INFO - Setting next_dagrun for example_branch_labels to 2025-04-15 00:00:00+00:00, run_after=2025-04-16 00:00:00+00:00
[2025-04-16T06:11:27.662-0500] {processor.py:208} INFO - Processing /Library/Frameworks/Python.framework/Versions/3.10/lib/python3.10/site-packages/airflow/example_dags/example_branch_labels.py took 0.069 seconds
[2025-04-16T09:48:41.392-0500] {processor.py:186} INFO - Started process (PID=13290) to work on /Library/Frameworks/Python.framework/Versions/3.10/lib/python3.10/site-packages/airflow/example_dags/example_branch_labels.py
[2025-04-16T09:48:41.393-0500] {processor.py:914} INFO - Processing file /Library/Frameworks/Python.framework/Versions/3.10/lib/python3.10/site-packages/airflow/example_dags/example_branch_labels.py for tasks to queue
[2025-04-16T09:48:41.393-0500] {logging_mixin.py:190} INFO - [2025-04-16T09:48:41.393-0500] {dagbag.py:588} INFO - Filling up the DagBag from /Library/Frameworks/Python.framework/Versions/3.10/lib/python3.10/site-packages/airflow/example_dags/example_branch_labels.py
[2025-04-16T09:48:41.418-0500] {processor.py:925} INFO - DAG(s) 'example_branch_labels' retrieved from /Library/Frameworks/Python.framework/Versions/3.10/lib/python3.10/site-packages/airflow/example_dags/example_branch_labels.py
[2025-04-16T09:48:41.452-0500] {logging_mixin.py:190} INFO - [2025-04-16T09:48:41.452-0500] {dag.py:3239} INFO - Sync 1 DAGs
[2025-04-16T09:48:41.460-0500] {logging_mixin.py:190} INFO - [2025-04-16T09:48:41.460-0500] {dag.py:4180} INFO - Setting next_dagrun for example_branch_labels to 2025-04-15 00:00:00+00:00, run_after=2025-04-16 00:00:00+00:00
[2025-04-16T09:48:41.465-0500] {processor.py:208} INFO - Processing /Library/Frameworks/Python.framework/Versions/3.10/lib/python3.10/site-packages/airflow/example_dags/example_branch_labels.py took 0.074 seconds
[2025-04-16T10:35:00.210-0500] {processor.py:186} INFO - Started process (PID=13765) to work on /Library/Frameworks/Python.framework/Versions/3.10/lib/python3.10/site-packages/airflow/example_dags/example_branch_labels.py
[2025-04-16T10:35:00.210-0500] {processor.py:914} INFO - Processing file /Library/Frameworks/Python.framework/Versions/3.10/lib/python3.10/site-packages/airflow/example_dags/example_branch_labels.py for tasks to queue
[2025-04-16T10:35:00.211-0500] {logging_mixin.py:190} INFO - [2025-04-16T10:35:00.211-0500] {dagbag.py:588} INFO - Filling up the DagBag from /Library/Frameworks/Python.framework/Versions/3.10/lib/python3.10/site-packages/airflow/example_dags/example_branch_labels.py
[2025-04-16T10:35:00.235-0500] {processor.py:925} INFO - DAG(s) 'example_branch_labels' retrieved from /Library/Frameworks/Python.framework/Versions/3.10/lib/python3.10/site-packages/airflow/example_dags/example_branch_labels.py
[2025-04-16T10:35:00.269-0500] {logging_mixin.py:190} INFO - [2025-04-16T10:35:00.269-0500] {dag.py:3239} INFO - Sync 1 DAGs
[2025-04-16T10:35:00.277-0500] {logging_mixin.py:190} INFO - [2025-04-16T10:35:00.277-0500] {dag.py:4180} INFO - Setting next_dagrun for example_branch_labels to 2025-04-15 00:00:00+00:00, run_after=2025-04-16 00:00:00+00:00
[2025-04-16T10:35:00.283-0500] {processor.py:208} INFO - Processing /Library/Frameworks/Python.framework/Versions/3.10/lib/python3.10/site-packages/airflow/example_dags/example_branch_labels.py took 0.075 seconds
[2025-04-16T10:39:53.356-0500] {processor.py:186} INFO - Started process (PID=14087) to work on /Library/Frameworks/Python.framework/Versions/3.10/lib/python3.10/site-packages/airflow/example_dags/example_branch_labels.py
[2025-04-16T10:39:53.357-0500] {processor.py:914} INFO - Processing file /Library/Frameworks/Python.framework/Versions/3.10/lib/python3.10/site-packages/airflow/example_dags/example_branch_labels.py for tasks to queue
[2025-04-16T10:39:53.357-0500] {logging_mixin.py:190} INFO - [2025-04-16T10:39:53.357-0500] {dagbag.py:588} INFO - Filling up the DagBag from /Library/Frameworks/Python.framework/Versions/3.10/lib/python3.10/site-packages/airflow/example_dags/example_branch_labels.py
[2025-04-16T10:39:53.381-0500] {processor.py:925} INFO - DAG(s) 'example_branch_labels' retrieved from /Library/Frameworks/Python.framework/Versions/3.10/lib/python3.10/site-packages/airflow/example_dags/example_branch_labels.py
[2025-04-16T10:39:53.415-0500] {logging_mixin.py:190} INFO - [2025-04-16T10:39:53.415-0500] {dag.py:3239} INFO - Sync 1 DAGs
[2025-04-16T10:39:53.422-0500] {logging_mixin.py:190} INFO - [2025-04-16T10:39:53.421-0500] {dag.py:4180} INFO - Setting next_dagrun for example_branch_labels to 2025-04-15 00:00:00+00:00, run_after=2025-04-16 00:00:00+00:00
[2025-04-16T10:39:53.427-0500] {processor.py:208} INFO - Processing /Library/Frameworks/Python.framework/Versions/3.10/lib/python3.10/site-packages/airflow/example_dags/example_branch_labels.py took 0.072 seconds
[2025-04-16T10:44:37.020-0500] {processor.py:186} INFO - Started process (PID=14376) to work on /Library/Frameworks/Python.framework/Versions/3.10/lib/python3.10/site-packages/airflow/example_dags/example_branch_labels.py
[2025-04-16T10:44:37.021-0500] {processor.py:914} INFO - Processing file /Library/Frameworks/Python.framework/Versions/3.10/lib/python3.10/site-packages/airflow/example_dags/example_branch_labels.py for tasks to queue
[2025-04-16T10:44:37.021-0500] {logging_mixin.py:190} INFO - [2025-04-16T10:44:37.021-0500] {dagbag.py:588} INFO - Filling up the DagBag from /Library/Frameworks/Python.framework/Versions/3.10/lib/python3.10/site-packages/airflow/example_dags/example_branch_labels.py
[2025-04-16T10:44:37.045-0500] {processor.py:925} INFO - DAG(s) 'example_branch_labels' retrieved from /Library/Frameworks/Python.framework/Versions/3.10/lib/python3.10/site-packages/airflow/example_dags/example_branch_labels.py
[2025-04-16T10:44:37.078-0500] {logging_mixin.py:190} INFO - [2025-04-16T10:44:37.078-0500] {dag.py:3239} INFO - Sync 1 DAGs
[2025-04-16T10:44:37.084-0500] {logging_mixin.py:190} INFO - [2025-04-16T10:44:37.084-0500] {dag.py:4180} INFO - Setting next_dagrun for example_branch_labels to 2025-04-15 00:00:00+00:00, run_after=2025-04-16 00:00:00+00:00
[2025-04-16T10:44:37.090-0500] {processor.py:208} INFO - Processing /Library/Frameworks/Python.framework/Versions/3.10/lib/python3.10/site-packages/airflow/example_dags/example_branch_labels.py took 0.071 seconds
[2025-04-16T10:49:10.336-0500] {processor.py:186} INFO - Started process (PID=14671) to work on /Library/Frameworks/Python.framework/Versions/3.10/lib/python3.10/site-packages/airflow/example_dags/example_branch_labels.py
[2025-04-16T10:49:10.336-0500] {processor.py:914} INFO - Processing file /Library/Frameworks/Python.framework/Versions/3.10/lib/python3.10/site-packages/airflow/example_dags/example_branch_labels.py for tasks to queue
[2025-04-16T10:49:10.336-0500] {logging_mixin.py:190} INFO - [2025-04-16T10:49:10.336-0500] {dagbag.py:588} INFO - Filling up the DagBag from /Library/Frameworks/Python.framework/Versions/3.10/lib/python3.10/site-packages/airflow/example_dags/example_branch_labels.py
[2025-04-16T10:49:10.362-0500] {processor.py:925} INFO - DAG(s) 'example_branch_labels' retrieved from /Library/Frameworks/Python.framework/Versions/3.10/lib/python3.10/site-packages/airflow/example_dags/example_branch_labels.py
[2025-04-16T10:49:10.395-0500] {logging_mixin.py:190} INFO - [2025-04-16T10:49:10.395-0500] {dag.py:3239} INFO - Sync 1 DAGs
[2025-04-16T10:49:10.402-0500] {logging_mixin.py:190} INFO - [2025-04-16T10:49:10.402-0500] {dag.py:4180} INFO - Setting next_dagrun for example_branch_labels to 2025-04-15 00:00:00+00:00, run_after=2025-04-16 00:00:00+00:00
[2025-04-16T10:49:10.409-0500] {processor.py:208} INFO - Processing /Library/Frameworks/Python.framework/Versions/3.10/lib/python3.10/site-packages/airflow/example_dags/example_branch_labels.py took 0.075 seconds
[2025-04-16T10:53:55.296-0500] {processor.py:186} INFO - Started process (PID=14948) to work on /Library/Frameworks/Python.framework/Versions/3.10/lib/python3.10/site-packages/airflow/example_dags/example_branch_labels.py
[2025-04-16T10:53:55.297-0500] {processor.py:914} INFO - Processing file /Library/Frameworks/Python.framework/Versions/3.10/lib/python3.10/site-packages/airflow/example_dags/example_branch_labels.py for tasks to queue
[2025-04-16T10:53:55.297-0500] {logging_mixin.py:190} INFO - [2025-04-16T10:53:55.297-0500] {dagbag.py:588} INFO - Filling up the DagBag from /Library/Frameworks/Python.framework/Versions/3.10/lib/python3.10/site-packages/airflow/example_dags/example_branch_labels.py
[2025-04-16T10:53:55.322-0500] {processor.py:925} INFO - DAG(s) 'example_branch_labels' retrieved from /Library/Frameworks/Python.framework/Versions/3.10/lib/python3.10/site-packages/airflow/example_dags/example_branch_labels.py
[2025-04-16T10:53:55.355-0500] {logging_mixin.py:190} INFO - [2025-04-16T10:53:55.355-0500] {dag.py:3239} INFO - Sync 1 DAGs
[2025-04-16T10:53:55.361-0500] {logging_mixin.py:190} INFO - [2025-04-16T10:53:55.361-0500] {dag.py:4180} INFO - Setting next_dagrun for example_branch_labels to 2025-04-15 00:00:00+00:00, run_after=2025-04-16 00:00:00+00:00
[2025-04-16T10:53:55.367-0500] {processor.py:208} INFO - Processing /Library/Frameworks/Python.framework/Versions/3.10/lib/python3.10/site-packages/airflow/example_dags/example_branch_labels.py took 0.072 seconds
[2025-04-16T10:58:38.029-0500] {processor.py:186} INFO - Started process (PID=15213) to work on /Library/Frameworks/Python.framework/Versions/3.10/lib/python3.10/site-packages/airflow/example_dags/example_branch_labels.py
[2025-04-16T10:58:38.029-0500] {processor.py:914} INFO - Processing file /Library/Frameworks/Python.framework/Versions/3.10/lib/python3.10/site-packages/airflow/example_dags/example_branch_labels.py for tasks to queue
[2025-04-16T10:58:38.030-0500] {logging_mixin.py:190} INFO - [2025-04-16T10:58:38.030-0500] {dagbag.py:588} INFO - Filling up the DagBag from /Library/Frameworks/Python.framework/Versions/3.10/lib/python3.10/site-packages/airflow/example_dags/example_branch_labels.py
[2025-04-16T10:58:38.054-0500] {processor.py:925} INFO - DAG(s) 'example_branch_labels' retrieved from /Library/Frameworks/Python.framework/Versions/3.10/lib/python3.10/site-packages/airflow/example_dags/example_branch_labels.py
[2025-04-16T10:58:38.087-0500] {logging_mixin.py:190} INFO - [2025-04-16T10:58:38.087-0500] {dag.py:3239} INFO - Sync 1 DAGs
[2025-04-16T10:58:38.093-0500] {logging_mixin.py:190} INFO - [2025-04-16T10:58:38.093-0500] {dag.py:4180} INFO - Setting next_dagrun for example_branch_labels to 2025-04-15 00:00:00+00:00, run_after=2025-04-16 00:00:00+00:00
[2025-04-16T10:58:38.098-0500] {processor.py:208} INFO - Processing /Library/Frameworks/Python.framework/Versions/3.10/lib/python3.10/site-packages/airflow/example_dags/example_branch_labels.py took 0.071 seconds
[2025-04-16T11:03:41.304-0500] {processor.py:186} INFO - Started process (PID=15503) to work on /Library/Frameworks/Python.framework/Versions/3.10/lib/python3.10/site-packages/airflow/example_dags/example_branch_labels.py
[2025-04-16T11:03:41.304-0500] {processor.py:914} INFO - Processing file /Library/Frameworks/Python.framework/Versions/3.10/lib/python3.10/site-packages/airflow/example_dags/example_branch_labels.py for tasks to queue
[2025-04-16T11:03:41.305-0500] {logging_mixin.py:190} INFO - [2025-04-16T11:03:41.305-0500] {dagbag.py:588} INFO - Filling up the DagBag from /Library/Frameworks/Python.framework/Versions/3.10/lib/python3.10/site-packages/airflow/example_dags/example_branch_labels.py
[2025-04-16T11:03:41.328-0500] {processor.py:925} INFO - DAG(s) 'example_branch_labels' retrieved from /Library/Frameworks/Python.framework/Versions/3.10/lib/python3.10/site-packages/airflow/example_dags/example_branch_labels.py
[2025-04-16T11:03:41.361-0500] {logging_mixin.py:190} INFO - [2025-04-16T11:03:41.361-0500] {dag.py:3239} INFO - Sync 1 DAGs
[2025-04-16T11:03:41.367-0500] {logging_mixin.py:190} INFO - [2025-04-16T11:03:41.367-0500] {dag.py:4180} INFO - Setting next_dagrun for example_branch_labels to 2025-04-15 00:00:00+00:00, run_after=2025-04-16 00:00:00+00:00
[2025-04-16T11:03:41.373-0500] {processor.py:208} INFO - Processing /Library/Frameworks/Python.framework/Versions/3.10/lib/python3.10/site-packages/airflow/example_dags/example_branch_labels.py took 0.070 seconds
[2025-04-16T11:08:35.520-0500] {processor.py:186} INFO - Started process (PID=15826) to work on /Library/Frameworks/Python.framework/Versions/3.10/lib/python3.10/site-packages/airflow/example_dags/example_branch_labels.py
[2025-04-16T11:08:35.520-0500] {processor.py:914} INFO - Processing file /Library/Frameworks/Python.framework/Versions/3.10/lib/python3.10/site-packages/airflow/example_dags/example_branch_labels.py for tasks to queue
[2025-04-16T11:08:35.520-0500] {logging_mixin.py:190} INFO - [2025-04-16T11:08:35.520-0500] {dagbag.py:588} INFO - Filling up the DagBag from /Library/Frameworks/Python.framework/Versions/3.10/lib/python3.10/site-packages/airflow/example_dags/example_branch_labels.py
[2025-04-16T11:08:35.544-0500] {processor.py:925} INFO - DAG(s) 'example_branch_labels' retrieved from /Library/Frameworks/Python.framework/Versions/3.10/lib/python3.10/site-packages/airflow/example_dags/example_branch_labels.py
[2025-04-16T11:08:35.577-0500] {logging_mixin.py:190} INFO - [2025-04-16T11:08:35.577-0500] {dag.py:3239} INFO - Sync 1 DAGs
[2025-04-16T11:08:35.583-0500] {logging_mixin.py:190} INFO - [2025-04-16T11:08:35.583-0500] {dag.py:4180} INFO - Setting next_dagrun for example_branch_labels to 2025-04-15 00:00:00+00:00, run_after=2025-04-16 00:00:00+00:00
[2025-04-16T11:08:35.589-0500] {processor.py:208} INFO - Processing /Library/Frameworks/Python.framework/Versions/3.10/lib/python3.10/site-packages/airflow/example_dags/example_branch_labels.py took 0.071 seconds
[2025-04-16T11:13:06.560-0500] {processor.py:186} INFO - Started process (PID=16111) to work on /Library/Frameworks/Python.framework/Versions/3.10/lib/python3.10/site-packages/airflow/example_dags/example_branch_labels.py
[2025-04-16T11:13:06.561-0500] {processor.py:914} INFO - Processing file /Library/Frameworks/Python.framework/Versions/3.10/lib/python3.10/site-packages/airflow/example_dags/example_branch_labels.py for tasks to queue
[2025-04-16T11:13:06.561-0500] {logging_mixin.py:190} INFO - [2025-04-16T11:13:06.561-0500] {dagbag.py:588} INFO - Filling up the DagBag from /Library/Frameworks/Python.framework/Versions/3.10/lib/python3.10/site-packages/airflow/example_dags/example_branch_labels.py
[2025-04-16T11:13:06.585-0500] {processor.py:925} INFO - DAG(s) 'example_branch_labels' retrieved from /Library/Frameworks/Python.framework/Versions/3.10/lib/python3.10/site-packages/airflow/example_dags/example_branch_labels.py
[2025-04-16T11:13:06.618-0500] {logging_mixin.py:190} INFO - [2025-04-16T11:13:06.618-0500] {dag.py:3239} INFO - Sync 1 DAGs
[2025-04-16T11:13:06.624-0500] {logging_mixin.py:190} INFO - [2025-04-16T11:13:06.624-0500] {dag.py:4180} INFO - Setting next_dagrun for example_branch_labels to 2025-04-15 00:00:00+00:00, run_after=2025-04-16 00:00:00+00:00
[2025-04-16T11:13:06.629-0500] {processor.py:208} INFO - Processing /Library/Frameworks/Python.framework/Versions/3.10/lib/python3.10/site-packages/airflow/example_dags/example_branch_labels.py took 0.071 seconds
[2025-04-16T11:17:33.099-0500] {processor.py:186} INFO - Started process (PID=16420) to work on /Library/Frameworks/Python.framework/Versions/3.10/lib/python3.10/site-packages/airflow/example_dags/example_branch_labels.py
[2025-04-16T11:17:33.099-0500] {processor.py:914} INFO - Processing file /Library/Frameworks/Python.framework/Versions/3.10/lib/python3.10/site-packages/airflow/example_dags/example_branch_labels.py for tasks to queue
[2025-04-16T11:17:33.100-0500] {logging_mixin.py:190} INFO - [2025-04-16T11:17:33.099-0500] {dagbag.py:588} INFO - Filling up the DagBag from /Library/Frameworks/Python.framework/Versions/3.10/lib/python3.10/site-packages/airflow/example_dags/example_branch_labels.py
[2025-04-16T11:17:33.123-0500] {processor.py:925} INFO - DAG(s) 'example_branch_labels' retrieved from /Library/Frameworks/Python.framework/Versions/3.10/lib/python3.10/site-packages/airflow/example_dags/example_branch_labels.py
[2025-04-16T11:17:33.157-0500] {logging_mixin.py:190} INFO - [2025-04-16T11:17:33.156-0500] {dag.py:3239} INFO - Sync 1 DAGs
[2025-04-16T11:17:33.162-0500] {logging_mixin.py:190} INFO - [2025-04-16T11:17:33.162-0500] {dag.py:4180} INFO - Setting next_dagrun for example_branch_labels to 2025-04-15 00:00:00+00:00, run_after=2025-04-16 00:00:00+00:00
[2025-04-16T11:17:33.168-0500] {processor.py:208} INFO - Processing /Library/Frameworks/Python.framework/Versions/3.10/lib/python3.10/site-packages/airflow/example_dags/example_branch_labels.py took 0.071 seconds
[2025-04-16T11:22:11.959-0500] {processor.py:186} INFO - Started process (PID=16704) to work on /Library/Frameworks/Python.framework/Versions/3.10/lib/python3.10/site-packages/airflow/example_dags/example_branch_labels.py
[2025-04-16T11:22:11.959-0500] {processor.py:914} INFO - Processing file /Library/Frameworks/Python.framework/Versions/3.10/lib/python3.10/site-packages/airflow/example_dags/example_branch_labels.py for tasks to queue
[2025-04-16T11:22:11.960-0500] {logging_mixin.py:190} INFO - [2025-04-16T11:22:11.960-0500] {dagbag.py:588} INFO - Filling up the DagBag from /Library/Frameworks/Python.framework/Versions/3.10/lib/python3.10/site-packages/airflow/example_dags/example_branch_labels.py
[2025-04-16T11:22:11.983-0500] {processor.py:925} INFO - DAG(s) 'example_branch_labels' retrieved from /Library/Frameworks/Python.framework/Versions/3.10/lib/python3.10/site-packages/airflow/example_dags/example_branch_labels.py
[2025-04-16T11:22:12.016-0500] {logging_mixin.py:190} INFO - [2025-04-16T11:22:12.015-0500] {dag.py:3239} INFO - Sync 1 DAGs
[2025-04-16T11:22:12.021-0500] {logging_mixin.py:190} INFO - [2025-04-16T11:22:12.021-0500] {dag.py:4180} INFO - Setting next_dagrun for example_branch_labels to 2025-04-15 00:00:00+00:00, run_after=2025-04-16 00:00:00+00:00
[2025-04-16T11:22:12.026-0500] {processor.py:208} INFO - Processing /Library/Frameworks/Python.framework/Versions/3.10/lib/python3.10/site-packages/airflow/example_dags/example_branch_labels.py took 0.069 seconds
[2025-04-16T11:26:47.009-0500] {processor.py:186} INFO - Started process (PID=17032) to work on /Library/Frameworks/Python.framework/Versions/3.10/lib/python3.10/site-packages/airflow/example_dags/example_branch_labels.py
[2025-04-16T11:26:47.010-0500] {processor.py:914} INFO - Processing file /Library/Frameworks/Python.framework/Versions/3.10/lib/python3.10/site-packages/airflow/example_dags/example_branch_labels.py for tasks to queue
[2025-04-16T11:26:47.010-0500] {logging_mixin.py:190} INFO - [2025-04-16T11:26:47.010-0500] {dagbag.py:588} INFO - Filling up the DagBag from /Library/Frameworks/Python.framework/Versions/3.10/lib/python3.10/site-packages/airflow/example_dags/example_branch_labels.py
[2025-04-16T11:26:47.035-0500] {processor.py:925} INFO - DAG(s) 'example_branch_labels' retrieved from /Library/Frameworks/Python.framework/Versions/3.10/lib/python3.10/site-packages/airflow/example_dags/example_branch_labels.py
[2025-04-16T11:26:47.068-0500] {logging_mixin.py:190} INFO - [2025-04-16T11:26:47.068-0500] {dag.py:3239} INFO - Sync 1 DAGs
[2025-04-16T11:26:47.075-0500] {logging_mixin.py:190} INFO - [2025-04-16T11:26:47.074-0500] {dag.py:4180} INFO - Setting next_dagrun for example_branch_labels to 2025-04-15 00:00:00+00:00, run_after=2025-04-16 00:00:00+00:00
[2025-04-16T11:26:47.080-0500] {processor.py:208} INFO - Processing /Library/Frameworks/Python.framework/Versions/3.10/lib/python3.10/site-packages/airflow/example_dags/example_branch_labels.py took 0.072 seconds
[2025-04-16T11:31:13.290-0500] {processor.py:186} INFO - Started process (PID=17329) to work on /Library/Frameworks/Python.framework/Versions/3.10/lib/python3.10/site-packages/airflow/example_dags/example_branch_labels.py
[2025-04-16T11:31:13.290-0500] {processor.py:914} INFO - Processing file /Library/Frameworks/Python.framework/Versions/3.10/lib/python3.10/site-packages/airflow/example_dags/example_branch_labels.py for tasks to queue
[2025-04-16T11:31:13.291-0500] {logging_mixin.py:190} INFO - [2025-04-16T11:31:13.291-0500] {dagbag.py:588} INFO - Filling up the DagBag from /Library/Frameworks/Python.framework/Versions/3.10/lib/python3.10/site-packages/airflow/example_dags/example_branch_labels.py
[2025-04-16T11:31:13.315-0500] {processor.py:925} INFO - DAG(s) 'example_branch_labels' retrieved from /Library/Frameworks/Python.framework/Versions/3.10/lib/python3.10/site-packages/airflow/example_dags/example_branch_labels.py
[2025-04-16T11:31:13.348-0500] {logging_mixin.py:190} INFO - [2025-04-16T11:31:13.348-0500] {dag.py:3239} INFO - Sync 1 DAGs
[2025-04-16T11:31:13.353-0500] {logging_mixin.py:190} INFO - [2025-04-16T11:31:13.353-0500] {dag.py:4180} INFO - Setting next_dagrun for example_branch_labels to 2025-04-15 00:00:00+00:00, run_after=2025-04-16 00:00:00+00:00
[2025-04-16T11:31:13.359-0500] {processor.py:208} INFO - Processing /Library/Frameworks/Python.framework/Versions/3.10/lib/python3.10/site-packages/airflow/example_dags/example_branch_labels.py took 0.071 seconds
[2025-04-16T11:51:40.719-0500] {processor.py:186} INFO - Started process (PID=17682) to work on /Library/Frameworks/Python.framework/Versions/3.10/lib/python3.10/site-packages/airflow/example_dags/example_branch_labels.py
[2025-04-16T11:51:40.720-0500] {processor.py:914} INFO - Processing file /Library/Frameworks/Python.framework/Versions/3.10/lib/python3.10/site-packages/airflow/example_dags/example_branch_labels.py for tasks to queue
[2025-04-16T11:51:40.721-0500] {logging_mixin.py:190} INFO - [2025-04-16T11:51:40.721-0500] {dagbag.py:588} INFO - Filling up the DagBag from /Library/Frameworks/Python.framework/Versions/3.10/lib/python3.10/site-packages/airflow/example_dags/example_branch_labels.py
[2025-04-16T11:51:40.745-0500] {processor.py:925} INFO - DAG(s) 'example_branch_labels' retrieved from /Library/Frameworks/Python.framework/Versions/3.10/lib/python3.10/site-packages/airflow/example_dags/example_branch_labels.py
[2025-04-16T11:51:40.778-0500] {logging_mixin.py:190} INFO - [2025-04-16T11:51:40.778-0500] {dag.py:3239} INFO - Sync 1 DAGs
[2025-04-16T11:51:40.784-0500] {logging_mixin.py:190} INFO - [2025-04-16T11:51:40.784-0500] {dag.py:4180} INFO - Setting next_dagrun for example_branch_labels to 2025-04-15 00:00:00+00:00, run_after=2025-04-16 00:00:00+00:00
[2025-04-16T11:51:40.790-0500] {processor.py:208} INFO - Processing /Library/Frameworks/Python.framework/Versions/3.10/lib/python3.10/site-packages/airflow/example_dags/example_branch_labels.py took 0.072 seconds
[2025-04-16T11:56:05.046-0500] {processor.py:186} INFO - Started process (PID=18043) to work on /Library/Frameworks/Python.framework/Versions/3.10/lib/python3.10/site-packages/airflow/example_dags/example_branch_labels.py
[2025-04-16T11:56:05.046-0500] {processor.py:914} INFO - Processing file /Library/Frameworks/Python.framework/Versions/3.10/lib/python3.10/site-packages/airflow/example_dags/example_branch_labels.py for tasks to queue
[2025-04-16T11:56:05.047-0500] {logging_mixin.py:190} INFO - [2025-04-16T11:56:05.047-0500] {dagbag.py:588} INFO - Filling up the DagBag from /Library/Frameworks/Python.framework/Versions/3.10/lib/python3.10/site-packages/airflow/example_dags/example_branch_labels.py
[2025-04-16T11:56:05.070-0500] {processor.py:925} INFO - DAG(s) 'example_branch_labels' retrieved from /Library/Frameworks/Python.framework/Versions/3.10/lib/python3.10/site-packages/airflow/example_dags/example_branch_labels.py
[2025-04-16T11:56:05.104-0500] {logging_mixin.py:190} INFO - [2025-04-16T11:56:05.104-0500] {dag.py:3239} INFO - Sync 1 DAGs
[2025-04-16T11:56:05.110-0500] {logging_mixin.py:190} INFO - [2025-04-16T11:56:05.110-0500] {dag.py:4180} INFO - Setting next_dagrun for example_branch_labels to 2025-04-15 00:00:00+00:00, run_after=2025-04-16 00:00:00+00:00
[2025-04-16T11:56:05.115-0500] {processor.py:208} INFO - Processing /Library/Frameworks/Python.framework/Versions/3.10/lib/python3.10/site-packages/airflow/example_dags/example_branch_labels.py took 0.071 seconds
[2025-04-16T12:00:44.136-0500] {processor.py:186} INFO - Started process (PID=18385) to work on /Library/Frameworks/Python.framework/Versions/3.10/lib/python3.10/site-packages/airflow/example_dags/example_branch_labels.py
[2025-04-16T12:00:44.137-0500] {processor.py:914} INFO - Processing file /Library/Frameworks/Python.framework/Versions/3.10/lib/python3.10/site-packages/airflow/example_dags/example_branch_labels.py for tasks to queue
[2025-04-16T12:00:44.137-0500] {logging_mixin.py:190} INFO - [2025-04-16T12:00:44.137-0500] {dagbag.py:588} INFO - Filling up the DagBag from /Library/Frameworks/Python.framework/Versions/3.10/lib/python3.10/site-packages/airflow/example_dags/example_branch_labels.py
[2025-04-16T12:00:44.161-0500] {processor.py:925} INFO - DAG(s) 'example_branch_labels' retrieved from /Library/Frameworks/Python.framework/Versions/3.10/lib/python3.10/site-packages/airflow/example_dags/example_branch_labels.py
[2025-04-16T12:00:44.195-0500] {logging_mixin.py:190} INFO - [2025-04-16T12:00:44.194-0500] {dag.py:3239} INFO - Sync 1 DAGs
[2025-04-16T12:00:44.201-0500] {logging_mixin.py:190} INFO - [2025-04-16T12:00:44.201-0500] {dag.py:4180} INFO - Setting next_dagrun for example_branch_labels to 2025-04-15 00:00:00+00:00, run_after=2025-04-16 00:00:00+00:00
[2025-04-16T12:00:44.206-0500] {processor.py:208} INFO - Processing /Library/Frameworks/Python.framework/Versions/3.10/lib/python3.10/site-packages/airflow/example_dags/example_branch_labels.py took 0.071 seconds
[2025-04-16T12:05:02.198-0500] {processor.py:186} INFO - Started process (PID=18720) to work on /Library/Frameworks/Python.framework/Versions/3.10/lib/python3.10/site-packages/airflow/example_dags/example_branch_labels.py
[2025-04-16T12:05:02.199-0500] {processor.py:914} INFO - Processing file /Library/Frameworks/Python.framework/Versions/3.10/lib/python3.10/site-packages/airflow/example_dags/example_branch_labels.py for tasks to queue
[2025-04-16T12:05:02.199-0500] {logging_mixin.py:190} INFO - [2025-04-16T12:05:02.199-0500] {dagbag.py:588} INFO - Filling up the DagBag from /Library/Frameworks/Python.framework/Versions/3.10/lib/python3.10/site-packages/airflow/example_dags/example_branch_labels.py
[2025-04-16T12:05:02.222-0500] {processor.py:925} INFO - DAG(s) 'example_branch_labels' retrieved from /Library/Frameworks/Python.framework/Versions/3.10/lib/python3.10/site-packages/airflow/example_dags/example_branch_labels.py
[2025-04-16T12:05:02.255-0500] {logging_mixin.py:190} INFO - [2025-04-16T12:05:02.255-0500] {dag.py:3239} INFO - Sync 1 DAGs
[2025-04-16T12:05:02.261-0500] {logging_mixin.py:190} INFO - [2025-04-16T12:05:02.261-0500] {dag.py:4180} INFO - Setting next_dagrun for example_branch_labels to 2025-04-15 00:00:00+00:00, run_after=2025-04-16 00:00:00+00:00
[2025-04-16T12:05:02.266-0500] {processor.py:208} INFO - Processing /Library/Frameworks/Python.framework/Versions/3.10/lib/python3.10/site-packages/airflow/example_dags/example_branch_labels.py took 0.070 seconds
[2025-04-16T12:09:24.264-0500] {processor.py:186} INFO - Started process (PID=19029) to work on /Library/Frameworks/Python.framework/Versions/3.10/lib/python3.10/site-packages/airflow/example_dags/example_branch_labels.py
[2025-04-16T12:09:24.264-0500] {processor.py:914} INFO - Processing file /Library/Frameworks/Python.framework/Versions/3.10/lib/python3.10/site-packages/airflow/example_dags/example_branch_labels.py for tasks to queue
[2025-04-16T12:09:24.265-0500] {logging_mixin.py:190} INFO - [2025-04-16T12:09:24.265-0500] {dagbag.py:588} INFO - Filling up the DagBag from /Library/Frameworks/Python.framework/Versions/3.10/lib/python3.10/site-packages/airflow/example_dags/example_branch_labels.py
[2025-04-16T12:09:24.288-0500] {processor.py:925} INFO - DAG(s) 'example_branch_labels' retrieved from /Library/Frameworks/Python.framework/Versions/3.10/lib/python3.10/site-packages/airflow/example_dags/example_branch_labels.py
[2025-04-16T12:09:24.320-0500] {logging_mixin.py:190} INFO - [2025-04-16T12:09:24.320-0500] {dag.py:3239} INFO - Sync 1 DAGs
[2025-04-16T12:09:24.326-0500] {logging_mixin.py:190} INFO - [2025-04-16T12:09:24.326-0500] {dag.py:4180} INFO - Setting next_dagrun for example_branch_labels to 2025-04-15 00:00:00+00:00, run_after=2025-04-16 00:00:00+00:00
[2025-04-16T12:09:24.332-0500] {processor.py:208} INFO - Processing /Library/Frameworks/Python.framework/Versions/3.10/lib/python3.10/site-packages/airflow/example_dags/example_branch_labels.py took 0.070 seconds
[2025-04-16T12:26:22.007-0500] {processor.py:186} INFO - Started process (PID=19365) to work on /Library/Frameworks/Python.framework/Versions/3.10/lib/python3.10/site-packages/airflow/example_dags/example_branch_labels.py
[2025-04-16T12:26:22.016-0500] {processor.py:914} INFO - Processing file /Library/Frameworks/Python.framework/Versions/3.10/lib/python3.10/site-packages/airflow/example_dags/example_branch_labels.py for tasks to queue
[2025-04-16T12:26:22.016-0500] {logging_mixin.py:190} INFO - [2025-04-16T12:26:22.016-0500] {dagbag.py:588} INFO - Filling up the DagBag from /Library/Frameworks/Python.framework/Versions/3.10/lib/python3.10/site-packages/airflow/example_dags/example_branch_labels.py
[2025-04-16T12:26:22.043-0500] {processor.py:925} INFO - DAG(s) 'example_branch_labels' retrieved from /Library/Frameworks/Python.framework/Versions/3.10/lib/python3.10/site-packages/airflow/example_dags/example_branch_labels.py
[2025-04-16T12:26:22.079-0500] {logging_mixin.py:190} INFO - [2025-04-16T12:26:22.079-0500] {dag.py:3239} INFO - Sync 1 DAGs
[2025-04-16T12:26:22.085-0500] {logging_mixin.py:190} INFO - [2025-04-16T12:26:22.085-0500] {dag.py:4180} INFO - Setting next_dagrun for example_branch_labels to 2025-04-15 00:00:00+00:00, run_after=2025-04-16 00:00:00+00:00
[2025-04-16T12:26:22.091-0500] {processor.py:208} INFO - Processing /Library/Frameworks/Python.framework/Versions/3.10/lib/python3.10/site-packages/airflow/example_dags/example_branch_labels.py took 0.086 seconds
[2025-04-16T12:50:21.110-0500] {processor.py:186} INFO - Started process (PID=19716) to work on /Library/Frameworks/Python.framework/Versions/3.10/lib/python3.10/site-packages/airflow/example_dags/example_branch_labels.py
[2025-04-16T12:50:21.111-0500] {processor.py:914} INFO - Processing file /Library/Frameworks/Python.framework/Versions/3.10/lib/python3.10/site-packages/airflow/example_dags/example_branch_labels.py for tasks to queue
[2025-04-16T12:50:21.111-0500] {logging_mixin.py:190} INFO - [2025-04-16T12:50:21.111-0500] {dagbag.py:588} INFO - Filling up the DagBag from /Library/Frameworks/Python.framework/Versions/3.10/lib/python3.10/site-packages/airflow/example_dags/example_branch_labels.py
[2025-04-16T12:50:21.134-0500] {processor.py:925} INFO - DAG(s) 'example_branch_labels' retrieved from /Library/Frameworks/Python.framework/Versions/3.10/lib/python3.10/site-packages/airflow/example_dags/example_branch_labels.py
[2025-04-16T12:50:21.213-0500] {logging_mixin.py:190} INFO - [2025-04-16T12:50:21.213-0500] {dag.py:3239} INFO - Sync 1 DAGs
[2025-04-16T12:50:21.219-0500] {logging_mixin.py:190} INFO - [2025-04-16T12:50:21.219-0500] {dag.py:4180} INFO - Setting next_dagrun for example_branch_labels to 2025-04-15 00:00:00+00:00, run_after=2025-04-16 00:00:00+00:00
[2025-04-16T12:50:21.225-0500] {processor.py:208} INFO - Processing /Library/Frameworks/Python.framework/Versions/3.10/lib/python3.10/site-packages/airflow/example_dags/example_branch_labels.py took 0.117 seconds
[2025-04-16T12:55:18.487-0500] {processor.py:186} INFO - Started process (PID=20091) to work on /Library/Frameworks/Python.framework/Versions/3.10/lib/python3.10/site-packages/airflow/example_dags/example_branch_labels.py
[2025-04-16T12:55:18.487-0500] {processor.py:914} INFO - Processing file /Library/Frameworks/Python.framework/Versions/3.10/lib/python3.10/site-packages/airflow/example_dags/example_branch_labels.py for tasks to queue
[2025-04-16T12:55:18.487-0500] {logging_mixin.py:190} INFO - [2025-04-16T12:55:18.487-0500] {dagbag.py:588} INFO - Filling up the DagBag from /Library/Frameworks/Python.framework/Versions/3.10/lib/python3.10/site-packages/airflow/example_dags/example_branch_labels.py
[2025-04-16T12:55:18.513-0500] {processor.py:925} INFO - DAG(s) 'example_branch_labels' retrieved from /Library/Frameworks/Python.framework/Versions/3.10/lib/python3.10/site-packages/airflow/example_dags/example_branch_labels.py
[2025-04-16T12:55:18.546-0500] {logging_mixin.py:190} INFO - [2025-04-16T12:55:18.546-0500] {dag.py:3239} INFO - Sync 1 DAGs
[2025-04-16T12:55:18.552-0500] {logging_mixin.py:190} INFO - [2025-04-16T12:55:18.552-0500] {dag.py:4180} INFO - Setting next_dagrun for example_branch_labels to 2025-04-15 00:00:00+00:00, run_after=2025-04-16 00:00:00+00:00
[2025-04-16T12:55:18.558-0500] {processor.py:208} INFO - Processing /Library/Frameworks/Python.framework/Versions/3.10/lib/python3.10/site-packages/airflow/example_dags/example_branch_labels.py took 0.073 seconds
[2025-04-16T13:00:22.343-0500] {processor.py:186} INFO - Started process (PID=20448) to work on /Library/Frameworks/Python.framework/Versions/3.10/lib/python3.10/site-packages/airflow/example_dags/example_branch_labels.py
[2025-04-16T13:00:22.344-0500] {processor.py:914} INFO - Processing file /Library/Frameworks/Python.framework/Versions/3.10/lib/python3.10/site-packages/airflow/example_dags/example_branch_labels.py for tasks to queue
[2025-04-16T13:00:22.344-0500] {logging_mixin.py:190} INFO - [2025-04-16T13:00:22.344-0500] {dagbag.py:588} INFO - Filling up the DagBag from /Library/Frameworks/Python.framework/Versions/3.10/lib/python3.10/site-packages/airflow/example_dags/example_branch_labels.py
[2025-04-16T13:00:22.369-0500] {processor.py:925} INFO - DAG(s) 'example_branch_labels' retrieved from /Library/Frameworks/Python.framework/Versions/3.10/lib/python3.10/site-packages/airflow/example_dags/example_branch_labels.py
[2025-04-16T13:00:22.403-0500] {logging_mixin.py:190} INFO - [2025-04-16T13:00:22.403-0500] {dag.py:3239} INFO - Sync 1 DAGs
[2025-04-16T13:00:22.408-0500] {logging_mixin.py:190} INFO - [2025-04-16T13:00:22.408-0500] {dag.py:4180} INFO - Setting next_dagrun for example_branch_labels to 2025-04-15 00:00:00+00:00, run_after=2025-04-16 00:00:00+00:00
[2025-04-16T13:00:22.414-0500] {processor.py:208} INFO - Processing /Library/Frameworks/Python.framework/Versions/3.10/lib/python3.10/site-packages/airflow/example_dags/example_branch_labels.py took 0.072 seconds
[2025-04-16T13:08:47.894-0500] {processor.py:186} INFO - Started process (PID=20798) to work on /Library/Frameworks/Python.framework/Versions/3.10/lib/python3.10/site-packages/airflow/example_dags/example_branch_labels.py
[2025-04-16T13:08:47.894-0500] {processor.py:914} INFO - Processing file /Library/Frameworks/Python.framework/Versions/3.10/lib/python3.10/site-packages/airflow/example_dags/example_branch_labels.py for tasks to queue
[2025-04-16T13:08:47.895-0500] {logging_mixin.py:190} INFO - [2025-04-16T13:08:47.895-0500] {dagbag.py:588} INFO - Filling up the DagBag from /Library/Frameworks/Python.framework/Versions/3.10/lib/python3.10/site-packages/airflow/example_dags/example_branch_labels.py
[2025-04-16T13:08:47.918-0500] {processor.py:925} INFO - DAG(s) 'example_branch_labels' retrieved from /Library/Frameworks/Python.framework/Versions/3.10/lib/python3.10/site-packages/airflow/example_dags/example_branch_labels.py
[2025-04-16T13:08:47.950-0500] {logging_mixin.py:190} INFO - [2025-04-16T13:08:47.950-0500] {dag.py:3239} INFO - Sync 1 DAGs
[2025-04-16T13:08:47.956-0500] {logging_mixin.py:190} INFO - [2025-04-16T13:08:47.956-0500] {dag.py:4180} INFO - Setting next_dagrun for example_branch_labels to 2025-04-15 00:00:00+00:00, run_after=2025-04-16 00:00:00+00:00
[2025-04-16T13:08:47.962-0500] {processor.py:208} INFO - Processing /Library/Frameworks/Python.framework/Versions/3.10/lib/python3.10/site-packages/airflow/example_dags/example_branch_labels.py took 0.069 seconds
[2025-04-16T13:13:37.565-0500] {processor.py:186} INFO - Started process (PID=21121) to work on /Library/Frameworks/Python.framework/Versions/3.10/lib/python3.10/site-packages/airflow/example_dags/example_branch_labels.py
[2025-04-16T13:13:37.565-0500] {processor.py:914} INFO - Processing file /Library/Frameworks/Python.framework/Versions/3.10/lib/python3.10/site-packages/airflow/example_dags/example_branch_labels.py for tasks to queue
[2025-04-16T13:13:37.566-0500] {logging_mixin.py:190} INFO - [2025-04-16T13:13:37.566-0500] {dagbag.py:588} INFO - Filling up the DagBag from /Library/Frameworks/Python.framework/Versions/3.10/lib/python3.10/site-packages/airflow/example_dags/example_branch_labels.py
[2025-04-16T13:13:37.589-0500] {processor.py:925} INFO - DAG(s) 'example_branch_labels' retrieved from /Library/Frameworks/Python.framework/Versions/3.10/lib/python3.10/site-packages/airflow/example_dags/example_branch_labels.py
[2025-04-16T13:13:37.622-0500] {logging_mixin.py:190} INFO - [2025-04-16T13:13:37.622-0500] {dag.py:3239} INFO - Sync 1 DAGs
[2025-04-16T13:13:37.628-0500] {logging_mixin.py:190} INFO - [2025-04-16T13:13:37.628-0500] {dag.py:4180} INFO - Setting next_dagrun for example_branch_labels to 2025-04-15 00:00:00+00:00, run_after=2025-04-16 00:00:00+00:00
[2025-04-16T13:13:37.633-0500] {processor.py:208} INFO - Processing /Library/Frameworks/Python.framework/Versions/3.10/lib/python3.10/site-packages/airflow/example_dags/example_branch_labels.py took 0.070 seconds
[2025-04-16T13:18:06.895-0500] {processor.py:186} INFO - Started process (PID=21395) to work on /Library/Frameworks/Python.framework/Versions/3.10/lib/python3.10/site-packages/airflow/example_dags/example_branch_labels.py
[2025-04-16T13:18:06.896-0500] {processor.py:914} INFO - Processing file /Library/Frameworks/Python.framework/Versions/3.10/lib/python3.10/site-packages/airflow/example_dags/example_branch_labels.py for tasks to queue
[2025-04-16T13:18:06.896-0500] {logging_mixin.py:190} INFO - [2025-04-16T13:18:06.896-0500] {dagbag.py:588} INFO - Filling up the DagBag from /Library/Frameworks/Python.framework/Versions/3.10/lib/python3.10/site-packages/airflow/example_dags/example_branch_labels.py
[2025-04-16T13:18:06.920-0500] {processor.py:925} INFO - DAG(s) 'example_branch_labels' retrieved from /Library/Frameworks/Python.framework/Versions/3.10/lib/python3.10/site-packages/airflow/example_dags/example_branch_labels.py
[2025-04-16T13:18:06.952-0500] {logging_mixin.py:190} INFO - [2025-04-16T13:18:06.952-0500] {dag.py:3239} INFO - Sync 1 DAGs
[2025-04-16T13:18:06.958-0500] {logging_mixin.py:190} INFO - [2025-04-16T13:18:06.958-0500] {dag.py:4180} INFO - Setting next_dagrun for example_branch_labels to 2025-04-15 00:00:00+00:00, run_after=2025-04-16 00:00:00+00:00
[2025-04-16T13:18:06.964-0500] {processor.py:208} INFO - Processing /Library/Frameworks/Python.framework/Versions/3.10/lib/python3.10/site-packages/airflow/example_dags/example_branch_labels.py took 0.070 seconds
[2025-04-16T13:22:46.359-0500] {processor.py:186} INFO - Started process (PID=21711) to work on /Library/Frameworks/Python.framework/Versions/3.10/lib/python3.10/site-packages/airflow/example_dags/example_branch_labels.py
[2025-04-16T13:22:46.359-0500] {processor.py:914} INFO - Processing file /Library/Frameworks/Python.framework/Versions/3.10/lib/python3.10/site-packages/airflow/example_dags/example_branch_labels.py for tasks to queue
[2025-04-16T13:22:46.359-0500] {logging_mixin.py:190} INFO - [2025-04-16T13:22:46.359-0500] {dagbag.py:588} INFO - Filling up the DagBag from /Library/Frameworks/Python.framework/Versions/3.10/lib/python3.10/site-packages/airflow/example_dags/example_branch_labels.py
[2025-04-16T13:22:46.383-0500] {processor.py:925} INFO - DAG(s) 'example_branch_labels' retrieved from /Library/Frameworks/Python.framework/Versions/3.10/lib/python3.10/site-packages/airflow/example_dags/example_branch_labels.py
[2025-04-16T13:22:46.415-0500] {logging_mixin.py:190} INFO - [2025-04-16T13:22:46.415-0500] {dag.py:3239} INFO - Sync 1 DAGs
[2025-04-16T13:22:46.421-0500] {logging_mixin.py:190} INFO - [2025-04-16T13:22:46.421-0500] {dag.py:4180} INFO - Setting next_dagrun for example_branch_labels to 2025-04-15 00:00:00+00:00, run_after=2025-04-16 00:00:00+00:00
[2025-04-16T13:22:46.426-0500] {processor.py:208} INFO - Processing /Library/Frameworks/Python.framework/Versions/3.10/lib/python3.10/site-packages/airflow/example_dags/example_branch_labels.py took 0.069 seconds
[2025-04-16T13:27:27.217-0500] {processor.py:186} INFO - Started process (PID=22066) to work on /Library/Frameworks/Python.framework/Versions/3.10/lib/python3.10/site-packages/airflow/example_dags/example_branch_labels.py
[2025-04-16T13:27:27.218-0500] {processor.py:914} INFO - Processing file /Library/Frameworks/Python.framework/Versions/3.10/lib/python3.10/site-packages/airflow/example_dags/example_branch_labels.py for tasks to queue
[2025-04-16T13:27:27.218-0500] {logging_mixin.py:190} INFO - [2025-04-16T13:27:27.218-0500] {dagbag.py:588} INFO - Filling up the DagBag from /Library/Frameworks/Python.framework/Versions/3.10/lib/python3.10/site-packages/airflow/example_dags/example_branch_labels.py
[2025-04-16T13:27:27.242-0500] {processor.py:925} INFO - DAG(s) 'example_branch_labels' retrieved from /Library/Frameworks/Python.framework/Versions/3.10/lib/python3.10/site-packages/airflow/example_dags/example_branch_labels.py
[2025-04-16T13:27:27.275-0500] {logging_mixin.py:190} INFO - [2025-04-16T13:27:27.275-0500] {dag.py:3239} INFO - Sync 1 DAGs
[2025-04-16T13:27:27.281-0500] {logging_mixin.py:190} INFO - [2025-04-16T13:27:27.281-0500] {dag.py:4180} INFO - Setting next_dagrun for example_branch_labels to 2025-04-15 00:00:00+00:00, run_after=2025-04-16 00:00:00+00:00
[2025-04-16T13:27:27.286-0500] {processor.py:208} INFO - Processing /Library/Frameworks/Python.framework/Versions/3.10/lib/python3.10/site-packages/airflow/example_dags/example_branch_labels.py took 0.071 seconds
[2025-04-16T13:40:28.623-0500] {processor.py:186} INFO - Started process (PID=22590) to work on /Library/Frameworks/Python.framework/Versions/3.10/lib/python3.10/site-packages/airflow/example_dags/example_branch_labels.py
[2025-04-16T13:40:28.624-0500] {processor.py:914} INFO - Processing file /Library/Frameworks/Python.framework/Versions/3.10/lib/python3.10/site-packages/airflow/example_dags/example_branch_labels.py for tasks to queue
[2025-04-16T13:40:28.624-0500] {logging_mixin.py:190} INFO - [2025-04-16T13:40:28.624-0500] {dagbag.py:588} INFO - Filling up the DagBag from /Library/Frameworks/Python.framework/Versions/3.10/lib/python3.10/site-packages/airflow/example_dags/example_branch_labels.py
[2025-04-16T13:40:28.649-0500] {processor.py:925} INFO - DAG(s) 'example_branch_labels' retrieved from /Library/Frameworks/Python.framework/Versions/3.10/lib/python3.10/site-packages/airflow/example_dags/example_branch_labels.py
[2025-04-16T13:40:28.683-0500] {logging_mixin.py:190} INFO - [2025-04-16T13:40:28.682-0500] {dag.py:3239} INFO - Sync 1 DAGs
[2025-04-16T13:40:28.689-0500] {logging_mixin.py:190} INFO - [2025-04-16T13:40:28.689-0500] {dag.py:4180} INFO - Setting next_dagrun for example_branch_labels to 2025-04-15 00:00:00+00:00, run_after=2025-04-16 00:00:00+00:00
[2025-04-16T13:40:28.696-0500] {processor.py:208} INFO - Processing /Library/Frameworks/Python.framework/Versions/3.10/lib/python3.10/site-packages/airflow/example_dags/example_branch_labels.py took 0.075 seconds
[2025-04-16T13:45:31.440-0500] {processor.py:186} INFO - Started process (PID=23026) to work on /Library/Frameworks/Python.framework/Versions/3.10/lib/python3.10/site-packages/airflow/example_dags/example_branch_labels.py
[2025-04-16T13:45:31.441-0500] {processor.py:914} INFO - Processing file /Library/Frameworks/Python.framework/Versions/3.10/lib/python3.10/site-packages/airflow/example_dags/example_branch_labels.py for tasks to queue
[2025-04-16T13:45:31.441-0500] {logging_mixin.py:190} INFO - [2025-04-16T13:45:31.441-0500] {dagbag.py:588} INFO - Filling up the DagBag from /Library/Frameworks/Python.framework/Versions/3.10/lib/python3.10/site-packages/airflow/example_dags/example_branch_labels.py
[2025-04-16T13:45:31.471-0500] {processor.py:925} INFO - DAG(s) 'example_branch_labels' retrieved from /Library/Frameworks/Python.framework/Versions/3.10/lib/python3.10/site-packages/airflow/example_dags/example_branch_labels.py
[2025-04-16T13:45:31.504-0500] {logging_mixin.py:190} INFO - [2025-04-16T13:45:31.504-0500] {dag.py:3239} INFO - Sync 1 DAGs
[2025-04-16T13:45:31.510-0500] {logging_mixin.py:190} INFO - [2025-04-16T13:45:31.510-0500] {dag.py:4180} INFO - Setting next_dagrun for example_branch_labels to 2025-04-15 00:00:00+00:00, run_after=2025-04-16 00:00:00+00:00
[2025-04-16T13:45:31.516-0500] {processor.py:208} INFO - Processing /Library/Frameworks/Python.framework/Versions/3.10/lib/python3.10/site-packages/airflow/example_dags/example_branch_labels.py took 0.078 seconds
[2025-04-16T13:50:18.217-0500] {processor.py:186} INFO - Started process (PID=23343) to work on /Library/Frameworks/Python.framework/Versions/3.10/lib/python3.10/site-packages/airflow/example_dags/example_branch_labels.py
[2025-04-16T13:50:18.217-0500] {processor.py:914} INFO - Processing file /Library/Frameworks/Python.framework/Versions/3.10/lib/python3.10/site-packages/airflow/example_dags/example_branch_labels.py for tasks to queue
[2025-04-16T13:50:18.218-0500] {logging_mixin.py:190} INFO - [2025-04-16T13:50:18.218-0500] {dagbag.py:588} INFO - Filling up the DagBag from /Library/Frameworks/Python.framework/Versions/3.10/lib/python3.10/site-packages/airflow/example_dags/example_branch_labels.py
[2025-04-16T13:50:18.243-0500] {processor.py:925} INFO - DAG(s) 'example_branch_labels' retrieved from /Library/Frameworks/Python.framework/Versions/3.10/lib/python3.10/site-packages/airflow/example_dags/example_branch_labels.py
[2025-04-16T13:50:18.277-0500] {logging_mixin.py:190} INFO - [2025-04-16T13:50:18.277-0500] {dag.py:3239} INFO - Sync 1 DAGs
[2025-04-16T13:50:18.283-0500] {logging_mixin.py:190} INFO - [2025-04-16T13:50:18.283-0500] {dag.py:4180} INFO - Setting next_dagrun for example_branch_labels to 2025-04-15 00:00:00+00:00, run_after=2025-04-16 00:00:00+00:00
[2025-04-16T13:50:18.288-0500] {processor.py:208} INFO - Processing /Library/Frameworks/Python.framework/Versions/3.10/lib/python3.10/site-packages/airflow/example_dags/example_branch_labels.py took 0.073 seconds
[2025-04-16T13:55:51.873-0500] {processor.py:186} INFO - Started process (PID=23687) to work on /Library/Frameworks/Python.framework/Versions/3.10/lib/python3.10/site-packages/airflow/example_dags/example_branch_labels.py
[2025-04-16T13:55:51.874-0500] {processor.py:914} INFO - Processing file /Library/Frameworks/Python.framework/Versions/3.10/lib/python3.10/site-packages/airflow/example_dags/example_branch_labels.py for tasks to queue
[2025-04-16T13:55:51.874-0500] {logging_mixin.py:190} INFO - [2025-04-16T13:55:51.874-0500] {dagbag.py:588} INFO - Filling up the DagBag from /Library/Frameworks/Python.framework/Versions/3.10/lib/python3.10/site-packages/airflow/example_dags/example_branch_labels.py
[2025-04-16T13:55:51.899-0500] {processor.py:925} INFO - DAG(s) 'example_branch_labels' retrieved from /Library/Frameworks/Python.framework/Versions/3.10/lib/python3.10/site-packages/airflow/example_dags/example_branch_labels.py
[2025-04-16T13:55:51.932-0500] {logging_mixin.py:190} INFO - [2025-04-16T13:55:51.932-0500] {dag.py:3239} INFO - Sync 1 DAGs
[2025-04-16T13:55:51.938-0500] {logging_mixin.py:190} INFO - [2025-04-16T13:55:51.938-0500] {dag.py:4180} INFO - Setting next_dagrun for example_branch_labels to 2025-04-15 00:00:00+00:00, run_after=2025-04-16 00:00:00+00:00
[2025-04-16T13:55:51.944-0500] {processor.py:208} INFO - Processing /Library/Frameworks/Python.framework/Versions/3.10/lib/python3.10/site-packages/airflow/example_dags/example_branch_labels.py took 0.073 seconds
[2025-04-16T14:00:59.501-0500] {processor.py:186} INFO - Started process (PID=24012) to work on /Library/Frameworks/Python.framework/Versions/3.10/lib/python3.10/site-packages/airflow/example_dags/example_branch_labels.py
[2025-04-16T14:00:59.501-0500] {processor.py:914} INFO - Processing file /Library/Frameworks/Python.framework/Versions/3.10/lib/python3.10/site-packages/airflow/example_dags/example_branch_labels.py for tasks to queue
[2025-04-16T14:00:59.502-0500] {logging_mixin.py:190} INFO - [2025-04-16T14:00:59.502-0500] {dagbag.py:588} INFO - Filling up the DagBag from /Library/Frameworks/Python.framework/Versions/3.10/lib/python3.10/site-packages/airflow/example_dags/example_branch_labels.py
[2025-04-16T14:00:59.526-0500] {processor.py:925} INFO - DAG(s) 'example_branch_labels' retrieved from /Library/Frameworks/Python.framework/Versions/3.10/lib/python3.10/site-packages/airflow/example_dags/example_branch_labels.py
[2025-04-16T14:00:59.559-0500] {logging_mixin.py:190} INFO - [2025-04-16T14:00:59.559-0500] {dag.py:3239} INFO - Sync 1 DAGs
[2025-04-16T14:00:59.565-0500] {logging_mixin.py:190} INFO - [2025-04-16T14:00:59.565-0500] {dag.py:4180} INFO - Setting next_dagrun for example_branch_labels to 2025-04-15 00:00:00+00:00, run_after=2025-04-16 00:00:00+00:00
[2025-04-16T14:00:59.570-0500] {processor.py:208} INFO - Processing /Library/Frameworks/Python.framework/Versions/3.10/lib/python3.10/site-packages/airflow/example_dags/example_branch_labels.py took 0.071 seconds
[2025-04-16T14:07:27.062-0500] {processor.py:186} INFO - Started process (PID=24395) to work on /Library/Frameworks/Python.framework/Versions/3.10/lib/python3.10/site-packages/airflow/example_dags/example_branch_labels.py
[2025-04-16T14:07:27.062-0500] {processor.py:914} INFO - Processing file /Library/Frameworks/Python.framework/Versions/3.10/lib/python3.10/site-packages/airflow/example_dags/example_branch_labels.py for tasks to queue
[2025-04-16T14:07:27.063-0500] {logging_mixin.py:190} INFO - [2025-04-16T14:07:27.062-0500] {dagbag.py:588} INFO - Filling up the DagBag from /Library/Frameworks/Python.framework/Versions/3.10/lib/python3.10/site-packages/airflow/example_dags/example_branch_labels.py
[2025-04-16T14:07:27.086-0500] {processor.py:925} INFO - DAG(s) 'example_branch_labels' retrieved from /Library/Frameworks/Python.framework/Versions/3.10/lib/python3.10/site-packages/airflow/example_dags/example_branch_labels.py
[2025-04-16T14:07:27.119-0500] {logging_mixin.py:190} INFO - [2025-04-16T14:07:27.119-0500] {dag.py:3239} INFO - Sync 1 DAGs
[2025-04-16T14:07:27.125-0500] {logging_mixin.py:190} INFO - [2025-04-16T14:07:27.125-0500] {dag.py:4180} INFO - Setting next_dagrun for example_branch_labels to 2025-04-15 00:00:00+00:00, run_after=2025-04-16 00:00:00+00:00
[2025-04-16T14:07:27.130-0500] {processor.py:208} INFO - Processing /Library/Frameworks/Python.framework/Versions/3.10/lib/python3.10/site-packages/airflow/example_dags/example_branch_labels.py took 0.070 seconds
[2025-04-16T14:41:31.536-0500] {processor.py:186} INFO - Started process (PID=24613) to work on /Library/Frameworks/Python.framework/Versions/3.10/lib/python3.10/site-packages/airflow/example_dags/example_branch_labels.py
[2025-04-16T14:41:31.537-0500] {processor.py:914} INFO - Processing file /Library/Frameworks/Python.framework/Versions/3.10/lib/python3.10/site-packages/airflow/example_dags/example_branch_labels.py for tasks to queue
[2025-04-16T14:41:31.537-0500] {logging_mixin.py:190} INFO - [2025-04-16T14:41:31.537-0500] {dagbag.py:588} INFO - Filling up the DagBag from /Library/Frameworks/Python.framework/Versions/3.10/lib/python3.10/site-packages/airflow/example_dags/example_branch_labels.py
[2025-04-16T14:41:31.561-0500] {processor.py:925} INFO - DAG(s) 'example_branch_labels' retrieved from /Library/Frameworks/Python.framework/Versions/3.10/lib/python3.10/site-packages/airflow/example_dags/example_branch_labels.py
[2025-04-16T14:41:31.595-0500] {logging_mixin.py:190} INFO - [2025-04-16T14:41:31.595-0500] {dag.py:3239} INFO - Sync 1 DAGs
[2025-04-16T14:41:31.601-0500] {logging_mixin.py:190} INFO - [2025-04-16T14:41:31.601-0500] {dag.py:4180} INFO - Setting next_dagrun for example_branch_labels to 2025-04-15 00:00:00+00:00, run_after=2025-04-16 00:00:00+00:00
[2025-04-16T14:41:31.607-0500] {processor.py:208} INFO - Processing /Library/Frameworks/Python.framework/Versions/3.10/lib/python3.10/site-packages/airflow/example_dags/example_branch_labels.py took 0.072 seconds
[2025-04-16T14:46:38.581-0500] {processor.py:186} INFO - Started process (PID=25001) to work on /Library/Frameworks/Python.framework/Versions/3.10/lib/python3.10/site-packages/airflow/example_dags/example_branch_labels.py
[2025-04-16T14:46:38.582-0500] {processor.py:914} INFO - Processing file /Library/Frameworks/Python.framework/Versions/3.10/lib/python3.10/site-packages/airflow/example_dags/example_branch_labels.py for tasks to queue
[2025-04-16T14:46:38.582-0500] {logging_mixin.py:190} INFO - [2025-04-16T14:46:38.582-0500] {dagbag.py:588} INFO - Filling up the DagBag from /Library/Frameworks/Python.framework/Versions/3.10/lib/python3.10/site-packages/airflow/example_dags/example_branch_labels.py
[2025-04-16T14:46:38.608-0500] {processor.py:925} INFO - DAG(s) 'example_branch_labels' retrieved from /Library/Frameworks/Python.framework/Versions/3.10/lib/python3.10/site-packages/airflow/example_dags/example_branch_labels.py
[2025-04-16T14:46:38.643-0500] {logging_mixin.py:190} INFO - [2025-04-16T14:46:38.643-0500] {dag.py:3239} INFO - Sync 1 DAGs
[2025-04-16T14:46:38.650-0500] {logging_mixin.py:190} INFO - [2025-04-16T14:46:38.650-0500] {dag.py:4180} INFO - Setting next_dagrun for example_branch_labels to 2025-04-15 00:00:00+00:00, run_after=2025-04-16 00:00:00+00:00
[2025-04-16T14:46:38.657-0500] {processor.py:208} INFO - Processing /Library/Frameworks/Python.framework/Versions/3.10/lib/python3.10/site-packages/airflow/example_dags/example_branch_labels.py took 0.077 seconds
[2025-04-16T14:51:55.610-0500] {processor.py:186} INFO - Started process (PID=25320) to work on /Library/Frameworks/Python.framework/Versions/3.10/lib/python3.10/site-packages/airflow/example_dags/example_branch_labels.py
[2025-04-16T14:51:55.611-0500] {processor.py:914} INFO - Processing file /Library/Frameworks/Python.framework/Versions/3.10/lib/python3.10/site-packages/airflow/example_dags/example_branch_labels.py for tasks to queue
[2025-04-16T14:51:55.611-0500] {logging_mixin.py:190} INFO - [2025-04-16T14:51:55.611-0500] {dagbag.py:588} INFO - Filling up the DagBag from /Library/Frameworks/Python.framework/Versions/3.10/lib/python3.10/site-packages/airflow/example_dags/example_branch_labels.py
[2025-04-16T14:51:55.636-0500] {processor.py:925} INFO - DAG(s) 'example_branch_labels' retrieved from /Library/Frameworks/Python.framework/Versions/3.10/lib/python3.10/site-packages/airflow/example_dags/example_branch_labels.py
[2025-04-16T14:51:55.670-0500] {logging_mixin.py:190} INFO - [2025-04-16T14:51:55.670-0500] {dag.py:3239} INFO - Sync 1 DAGs
[2025-04-16T14:51:55.676-0500] {logging_mixin.py:190} INFO - [2025-04-16T14:51:55.676-0500] {dag.py:4180} INFO - Setting next_dagrun for example_branch_labels to 2025-04-15 00:00:00+00:00, run_after=2025-04-16 00:00:00+00:00
[2025-04-16T14:51:55.681-0500] {processor.py:208} INFO - Processing /Library/Frameworks/Python.framework/Versions/3.10/lib/python3.10/site-packages/airflow/example_dags/example_branch_labels.py took 0.073 seconds
[2025-04-16T14:56:45.798-0500] {processor.py:186} INFO - Started process (PID=25664) to work on /Library/Frameworks/Python.framework/Versions/3.10/lib/python3.10/site-packages/airflow/example_dags/example_branch_labels.py
[2025-04-16T14:56:45.799-0500] {processor.py:914} INFO - Processing file /Library/Frameworks/Python.framework/Versions/3.10/lib/python3.10/site-packages/airflow/example_dags/example_branch_labels.py for tasks to queue
[2025-04-16T14:56:45.799-0500] {logging_mixin.py:190} INFO - [2025-04-16T14:56:45.799-0500] {dagbag.py:588} INFO - Filling up the DagBag from /Library/Frameworks/Python.framework/Versions/3.10/lib/python3.10/site-packages/airflow/example_dags/example_branch_labels.py
[2025-04-16T14:56:45.824-0500] {processor.py:925} INFO - DAG(s) 'example_branch_labels' retrieved from /Library/Frameworks/Python.framework/Versions/3.10/lib/python3.10/site-packages/airflow/example_dags/example_branch_labels.py
[2025-04-16T14:56:45.857-0500] {logging_mixin.py:190} INFO - [2025-04-16T14:56:45.857-0500] {dag.py:3239} INFO - Sync 1 DAGs
[2025-04-16T14:56:45.863-0500] {logging_mixin.py:190} INFO - [2025-04-16T14:56:45.863-0500] {dag.py:4180} INFO - Setting next_dagrun for example_branch_labels to 2025-04-15 00:00:00+00:00, run_after=2025-04-16 00:00:00+00:00
[2025-04-16T14:56:45.869-0500] {processor.py:208} INFO - Processing /Library/Frameworks/Python.framework/Versions/3.10/lib/python3.10/site-packages/airflow/example_dags/example_branch_labels.py took 0.072 seconds
[2025-04-16T15:01:48.359-0500] {processor.py:186} INFO - Started process (PID=25975) to work on /Library/Frameworks/Python.framework/Versions/3.10/lib/python3.10/site-packages/airflow/example_dags/example_branch_labels.py
[2025-04-16T15:01:48.359-0500] {processor.py:914} INFO - Processing file /Library/Frameworks/Python.framework/Versions/3.10/lib/python3.10/site-packages/airflow/example_dags/example_branch_labels.py for tasks to queue
[2025-04-16T15:01:48.360-0500] {logging_mixin.py:190} INFO - [2025-04-16T15:01:48.360-0500] {dagbag.py:588} INFO - Filling up the DagBag from /Library/Frameworks/Python.framework/Versions/3.10/lib/python3.10/site-packages/airflow/example_dags/example_branch_labels.py
[2025-04-16T15:01:48.384-0500] {processor.py:925} INFO - DAG(s) 'example_branch_labels' retrieved from /Library/Frameworks/Python.framework/Versions/3.10/lib/python3.10/site-packages/airflow/example_dags/example_branch_labels.py
[2025-04-16T15:01:48.418-0500] {logging_mixin.py:190} INFO - [2025-04-16T15:01:48.418-0500] {dag.py:3239} INFO - Sync 1 DAGs
[2025-04-16T15:01:48.423-0500] {logging_mixin.py:190} INFO - [2025-04-16T15:01:48.423-0500] {dag.py:4180} INFO - Setting next_dagrun for example_branch_labels to 2025-04-15 00:00:00+00:00, run_after=2025-04-16 00:00:00+00:00
[2025-04-16T15:01:48.432-0500] {processor.py:208} INFO - Processing /Library/Frameworks/Python.framework/Versions/3.10/lib/python3.10/site-packages/airflow/example_dags/example_branch_labels.py took 0.076 seconds
[2025-04-16T15:06:49.325-0500] {processor.py:186} INFO - Started process (PID=26269) to work on /Library/Frameworks/Python.framework/Versions/3.10/lib/python3.10/site-packages/airflow/example_dags/example_branch_labels.py
[2025-04-16T15:06:49.326-0500] {processor.py:914} INFO - Processing file /Library/Frameworks/Python.framework/Versions/3.10/lib/python3.10/site-packages/airflow/example_dags/example_branch_labels.py for tasks to queue
[2025-04-16T15:06:49.326-0500] {logging_mixin.py:190} INFO - [2025-04-16T15:06:49.326-0500] {dagbag.py:588} INFO - Filling up the DagBag from /Library/Frameworks/Python.framework/Versions/3.10/lib/python3.10/site-packages/airflow/example_dags/example_branch_labels.py
[2025-04-16T15:06:49.351-0500] {processor.py:925} INFO - DAG(s) 'example_branch_labels' retrieved from /Library/Frameworks/Python.framework/Versions/3.10/lib/python3.10/site-packages/airflow/example_dags/example_branch_labels.py
[2025-04-16T15:06:49.384-0500] {logging_mixin.py:190} INFO - [2025-04-16T15:06:49.384-0500] {dag.py:3239} INFO - Sync 1 DAGs
[2025-04-16T15:06:49.390-0500] {logging_mixin.py:190} INFO - [2025-04-16T15:06:49.390-0500] {dag.py:4180} INFO - Setting next_dagrun for example_branch_labels to 2025-04-15 00:00:00+00:00, run_after=2025-04-16 00:00:00+00:00
[2025-04-16T15:06:49.396-0500] {processor.py:208} INFO - Processing /Library/Frameworks/Python.framework/Versions/3.10/lib/python3.10/site-packages/airflow/example_dags/example_branch_labels.py took 0.072 seconds
[2025-04-16T15:11:39.516-0500] {processor.py:186} INFO - Started process (PID=26611) to work on /Library/Frameworks/Python.framework/Versions/3.10/lib/python3.10/site-packages/airflow/example_dags/example_branch_labels.py
[2025-04-16T15:11:39.517-0500] {processor.py:914} INFO - Processing file /Library/Frameworks/Python.framework/Versions/3.10/lib/python3.10/site-packages/airflow/example_dags/example_branch_labels.py for tasks to queue
[2025-04-16T15:11:39.517-0500] {logging_mixin.py:190} INFO - [2025-04-16T15:11:39.517-0500] {dagbag.py:588} INFO - Filling up the DagBag from /Library/Frameworks/Python.framework/Versions/3.10/lib/python3.10/site-packages/airflow/example_dags/example_branch_labels.py
[2025-04-16T15:11:39.543-0500] {processor.py:925} INFO - DAG(s) 'example_branch_labels' retrieved from /Library/Frameworks/Python.framework/Versions/3.10/lib/python3.10/site-packages/airflow/example_dags/example_branch_labels.py
[2025-04-16T15:11:39.577-0500] {logging_mixin.py:190} INFO - [2025-04-16T15:11:39.576-0500] {dag.py:3239} INFO - Sync 1 DAGs
[2025-04-16T15:11:39.583-0500] {logging_mixin.py:190} INFO - [2025-04-16T15:11:39.583-0500] {dag.py:4180} INFO - Setting next_dagrun for example_branch_labels to 2025-04-15 00:00:00+00:00, run_after=2025-04-16 00:00:00+00:00
[2025-04-16T15:11:39.589-0500] {processor.py:208} INFO - Processing /Library/Frameworks/Python.framework/Versions/3.10/lib/python3.10/site-packages/airflow/example_dags/example_branch_labels.py took 0.074 seconds
[2025-04-16T15:16:24.434-0500] {processor.py:186} INFO - Started process (PID=26949) to work on /Library/Frameworks/Python.framework/Versions/3.10/lib/python3.10/site-packages/airflow/example_dags/example_branch_labels.py
[2025-04-16T15:16:24.434-0500] {processor.py:914} INFO - Processing file /Library/Frameworks/Python.framework/Versions/3.10/lib/python3.10/site-packages/airflow/example_dags/example_branch_labels.py for tasks to queue
[2025-04-16T15:16:24.434-0500] {logging_mixin.py:190} INFO - [2025-04-16T15:16:24.434-0500] {dagbag.py:588} INFO - Filling up the DagBag from /Library/Frameworks/Python.framework/Versions/3.10/lib/python3.10/site-packages/airflow/example_dags/example_branch_labels.py
[2025-04-16T15:16:24.459-0500] {processor.py:925} INFO - DAG(s) 'example_branch_labels' retrieved from /Library/Frameworks/Python.framework/Versions/3.10/lib/python3.10/site-packages/airflow/example_dags/example_branch_labels.py
[2025-04-16T15:16:24.492-0500] {logging_mixin.py:190} INFO - [2025-04-16T15:16:24.492-0500] {dag.py:3239} INFO - Sync 1 DAGs
[2025-04-16T15:16:24.498-0500] {logging_mixin.py:190} INFO - [2025-04-16T15:16:24.498-0500] {dag.py:4180} INFO - Setting next_dagrun for example_branch_labels to 2025-04-15 00:00:00+00:00, run_after=2025-04-16 00:00:00+00:00
[2025-04-16T15:16:24.505-0500] {processor.py:208} INFO - Processing /Library/Frameworks/Python.framework/Versions/3.10/lib/python3.10/site-packages/airflow/example_dags/example_branch_labels.py took 0.073 seconds
[2025-04-16T15:21:10.190-0500] {processor.py:186} INFO - Started process (PID=27230) to work on /Library/Frameworks/Python.framework/Versions/3.10/lib/python3.10/site-packages/airflow/example_dags/example_branch_labels.py
[2025-04-16T15:21:10.190-0500] {processor.py:914} INFO - Processing file /Library/Frameworks/Python.framework/Versions/3.10/lib/python3.10/site-packages/airflow/example_dags/example_branch_labels.py for tasks to queue
[2025-04-16T15:21:10.191-0500] {logging_mixin.py:190} INFO - [2025-04-16T15:21:10.191-0500] {dagbag.py:588} INFO - Filling up the DagBag from /Library/Frameworks/Python.framework/Versions/3.10/lib/python3.10/site-packages/airflow/example_dags/example_branch_labels.py
[2025-04-16T15:21:10.214-0500] {processor.py:925} INFO - DAG(s) 'example_branch_labels' retrieved from /Library/Frameworks/Python.framework/Versions/3.10/lib/python3.10/site-packages/airflow/example_dags/example_branch_labels.py
[2025-04-16T15:21:10.247-0500] {logging_mixin.py:190} INFO - [2025-04-16T15:21:10.247-0500] {dag.py:3239} INFO - Sync 1 DAGs
[2025-04-16T15:21:10.253-0500] {logging_mixin.py:190} INFO - [2025-04-16T15:21:10.253-0500] {dag.py:4180} INFO - Setting next_dagrun for example_branch_labels to 2025-04-15 00:00:00+00:00, run_after=2025-04-16 00:00:00+00:00
[2025-04-16T15:21:10.259-0500] {processor.py:208} INFO - Processing /Library/Frameworks/Python.framework/Versions/3.10/lib/python3.10/site-packages/airflow/example_dags/example_branch_labels.py took 0.071 seconds
[2025-04-16T15:26:20.595-0500] {processor.py:186} INFO - Started process (PID=27590) to work on /Library/Frameworks/Python.framework/Versions/3.10/lib/python3.10/site-packages/airflow/example_dags/example_branch_labels.py
[2025-04-16T15:26:20.596-0500] {processor.py:914} INFO - Processing file /Library/Frameworks/Python.framework/Versions/3.10/lib/python3.10/site-packages/airflow/example_dags/example_branch_labels.py for tasks to queue
[2025-04-16T15:26:20.596-0500] {logging_mixin.py:190} INFO - [2025-04-16T15:26:20.596-0500] {dagbag.py:588} INFO - Filling up the DagBag from /Library/Frameworks/Python.framework/Versions/3.10/lib/python3.10/site-packages/airflow/example_dags/example_branch_labels.py
[2025-04-16T15:26:20.621-0500] {processor.py:925} INFO - DAG(s) 'example_branch_labels' retrieved from /Library/Frameworks/Python.framework/Versions/3.10/lib/python3.10/site-packages/airflow/example_dags/example_branch_labels.py
[2025-04-16T15:26:20.653-0500] {logging_mixin.py:190} INFO - [2025-04-16T15:26:20.653-0500] {dag.py:3239} INFO - Sync 1 DAGs
[2025-04-16T15:26:20.659-0500] {logging_mixin.py:190} INFO - [2025-04-16T15:26:20.659-0500] {dag.py:4180} INFO - Setting next_dagrun for example_branch_labels to 2025-04-15 00:00:00+00:00, run_after=2025-04-16 00:00:00+00:00
[2025-04-16T15:26:20.665-0500] {processor.py:208} INFO - Processing /Library/Frameworks/Python.framework/Versions/3.10/lib/python3.10/site-packages/airflow/example_dags/example_branch_labels.py took 0.071 seconds
[2025-04-16T15:31:24.273-0500] {processor.py:186} INFO - Started process (PID=27945) to work on /Library/Frameworks/Python.framework/Versions/3.10/lib/python3.10/site-packages/airflow/example_dags/example_branch_labels.py
[2025-04-16T15:31:24.274-0500] {processor.py:914} INFO - Processing file /Library/Frameworks/Python.framework/Versions/3.10/lib/python3.10/site-packages/airflow/example_dags/example_branch_labels.py for tasks to queue
[2025-04-16T15:31:24.274-0500] {logging_mixin.py:190} INFO - [2025-04-16T15:31:24.274-0500] {dagbag.py:588} INFO - Filling up the DagBag from /Library/Frameworks/Python.framework/Versions/3.10/lib/python3.10/site-packages/airflow/example_dags/example_branch_labels.py
[2025-04-16T15:31:24.300-0500] {processor.py:925} INFO - DAG(s) 'example_branch_labels' retrieved from /Library/Frameworks/Python.framework/Versions/3.10/lib/python3.10/site-packages/airflow/example_dags/example_branch_labels.py
[2025-04-16T15:31:24.332-0500] {logging_mixin.py:190} INFO - [2025-04-16T15:31:24.332-0500] {dag.py:3239} INFO - Sync 1 DAGs
[2025-04-16T15:31:24.338-0500] {logging_mixin.py:190} INFO - [2025-04-16T15:31:24.338-0500] {dag.py:4180} INFO - Setting next_dagrun for example_branch_labels to 2025-04-15 00:00:00+00:00, run_after=2025-04-16 00:00:00+00:00
[2025-04-16T15:31:24.343-0500] {processor.py:208} INFO - Processing /Library/Frameworks/Python.framework/Versions/3.10/lib/python3.10/site-packages/airflow/example_dags/example_branch_labels.py took 0.072 seconds
[2025-04-16T15:53:58.836-0500] {processor.py:186} INFO - Started process (PID=28408) to work on /Library/Frameworks/Python.framework/Versions/3.10/lib/python3.10/site-packages/airflow/example_dags/example_branch_labels.py
[2025-04-16T15:53:58.837-0500] {processor.py:914} INFO - Processing file /Library/Frameworks/Python.framework/Versions/3.10/lib/python3.10/site-packages/airflow/example_dags/example_branch_labels.py for tasks to queue
[2025-04-16T15:53:58.837-0500] {logging_mixin.py:190} INFO - [2025-04-16T15:53:58.837-0500] {dagbag.py:588} INFO - Filling up the DagBag from /Library/Frameworks/Python.framework/Versions/3.10/lib/python3.10/site-packages/airflow/example_dags/example_branch_labels.py
[2025-04-16T15:53:58.862-0500] {processor.py:925} INFO - DAG(s) 'example_branch_labels' retrieved from /Library/Frameworks/Python.framework/Versions/3.10/lib/python3.10/site-packages/airflow/example_dags/example_branch_labels.py
[2025-04-16T15:53:58.896-0500] {logging_mixin.py:190} INFO - [2025-04-16T15:53:58.896-0500] {dag.py:3239} INFO - Sync 1 DAGs
[2025-04-16T15:53:58.902-0500] {logging_mixin.py:190} INFO - [2025-04-16T15:53:58.902-0500] {dag.py:4180} INFO - Setting next_dagrun for example_branch_labels to 2025-04-15 00:00:00+00:00, run_after=2025-04-16 00:00:00+00:00
[2025-04-16T15:53:58.908-0500] {processor.py:208} INFO - Processing /Library/Frameworks/Python.framework/Versions/3.10/lib/python3.10/site-packages/airflow/example_dags/example_branch_labels.py took 0.075 seconds
[2025-04-16T15:59:00.440-0500] {processor.py:186} INFO - Started process (PID=28881) to work on /Library/Frameworks/Python.framework/Versions/3.10/lib/python3.10/site-packages/airflow/example_dags/example_branch_labels.py
[2025-04-16T15:59:00.441-0500] {processor.py:914} INFO - Processing file /Library/Frameworks/Python.framework/Versions/3.10/lib/python3.10/site-packages/airflow/example_dags/example_branch_labels.py for tasks to queue
[2025-04-16T15:59:00.441-0500] {logging_mixin.py:190} INFO - [2025-04-16T15:59:00.441-0500] {dagbag.py:588} INFO - Filling up the DagBag from /Library/Frameworks/Python.framework/Versions/3.10/lib/python3.10/site-packages/airflow/example_dags/example_branch_labels.py
[2025-04-16T15:59:00.465-0500] {processor.py:925} INFO - DAG(s) 'example_branch_labels' retrieved from /Library/Frameworks/Python.framework/Versions/3.10/lib/python3.10/site-packages/airflow/example_dags/example_branch_labels.py
[2025-04-16T15:59:00.499-0500] {logging_mixin.py:190} INFO - [2025-04-16T15:59:00.499-0500] {dag.py:3239} INFO - Sync 1 DAGs
[2025-04-16T15:59:00.505-0500] {logging_mixin.py:190} INFO - [2025-04-16T15:59:00.505-0500] {dag.py:4180} INFO - Setting next_dagrun for example_branch_labels to 2025-04-15 00:00:00+00:00, run_after=2025-04-16 00:00:00+00:00
[2025-04-16T15:59:00.510-0500] {processor.py:208} INFO - Processing /Library/Frameworks/Python.framework/Versions/3.10/lib/python3.10/site-packages/airflow/example_dags/example_branch_labels.py took 0.072 seconds
[2025-04-16T16:03:41.122-0500] {processor.py:186} INFO - Started process (PID=29216) to work on /Library/Frameworks/Python.framework/Versions/3.10/lib/python3.10/site-packages/airflow/example_dags/example_branch_labels.py
[2025-04-16T16:03:41.123-0500] {processor.py:914} INFO - Processing file /Library/Frameworks/Python.framework/Versions/3.10/lib/python3.10/site-packages/airflow/example_dags/example_branch_labels.py for tasks to queue
[2025-04-16T16:03:41.123-0500] {logging_mixin.py:190} INFO - [2025-04-16T16:03:41.123-0500] {dagbag.py:588} INFO - Filling up the DagBag from /Library/Frameworks/Python.framework/Versions/3.10/lib/python3.10/site-packages/airflow/example_dags/example_branch_labels.py
[2025-04-16T16:03:41.149-0500] {processor.py:925} INFO - DAG(s) 'example_branch_labels' retrieved from /Library/Frameworks/Python.framework/Versions/3.10/lib/python3.10/site-packages/airflow/example_dags/example_branch_labels.py
[2025-04-16T16:03:41.182-0500] {logging_mixin.py:190} INFO - [2025-04-16T16:03:41.182-0500] {dag.py:3239} INFO - Sync 1 DAGs
[2025-04-16T16:03:41.188-0500] {logging_mixin.py:190} INFO - [2025-04-16T16:03:41.188-0500] {dag.py:4180} INFO - Setting next_dagrun for example_branch_labels to 2025-04-15 00:00:00+00:00, run_after=2025-04-16 00:00:00+00:00
[2025-04-16T16:03:41.193-0500] {processor.py:208} INFO - Processing /Library/Frameworks/Python.framework/Versions/3.10/lib/python3.10/site-packages/airflow/example_dags/example_branch_labels.py took 0.073 seconds
[2025-04-16T16:08:08.869-0500] {processor.py:186} INFO - Started process (PID=29540) to work on /Library/Frameworks/Python.framework/Versions/3.10/lib/python3.10/site-packages/airflow/example_dags/example_branch_labels.py
[2025-04-16T16:08:08.870-0500] {processor.py:914} INFO - Processing file /Library/Frameworks/Python.framework/Versions/3.10/lib/python3.10/site-packages/airflow/example_dags/example_branch_labels.py for tasks to queue
[2025-04-16T16:08:08.870-0500] {logging_mixin.py:190} INFO - [2025-04-16T16:08:08.870-0500] {dagbag.py:588} INFO - Filling up the DagBag from /Library/Frameworks/Python.framework/Versions/3.10/lib/python3.10/site-packages/airflow/example_dags/example_branch_labels.py
[2025-04-16T16:08:08.894-0500] {processor.py:925} INFO - DAG(s) 'example_branch_labels' retrieved from /Library/Frameworks/Python.framework/Versions/3.10/lib/python3.10/site-packages/airflow/example_dags/example_branch_labels.py
[2025-04-16T16:08:08.927-0500] {logging_mixin.py:190} INFO - [2025-04-16T16:08:08.927-0500] {dag.py:3239} INFO - Sync 1 DAGs
[2025-04-16T16:08:08.933-0500] {logging_mixin.py:190} INFO - [2025-04-16T16:08:08.933-0500] {dag.py:4180} INFO - Setting next_dagrun for example_branch_labels to 2025-04-15 00:00:00+00:00, run_after=2025-04-16 00:00:00+00:00
[2025-04-16T16:08:08.939-0500] {processor.py:208} INFO - Processing /Library/Frameworks/Python.framework/Versions/3.10/lib/python3.10/site-packages/airflow/example_dags/example_branch_labels.py took 0.072 seconds
[2025-04-16T16:12:35.466-0500] {processor.py:186} INFO - Started process (PID=29834) to work on /Library/Frameworks/Python.framework/Versions/3.10/lib/python3.10/site-packages/airflow/example_dags/example_branch_labels.py
[2025-04-16T16:12:35.467-0500] {processor.py:914} INFO - Processing file /Library/Frameworks/Python.framework/Versions/3.10/lib/python3.10/site-packages/airflow/example_dags/example_branch_labels.py for tasks to queue
[2025-04-16T16:12:35.467-0500] {logging_mixin.py:190} INFO - [2025-04-16T16:12:35.467-0500] {dagbag.py:588} INFO - Filling up the DagBag from /Library/Frameworks/Python.framework/Versions/3.10/lib/python3.10/site-packages/airflow/example_dags/example_branch_labels.py
[2025-04-16T16:12:35.492-0500] {processor.py:925} INFO - DAG(s) 'example_branch_labels' retrieved from /Library/Frameworks/Python.framework/Versions/3.10/lib/python3.10/site-packages/airflow/example_dags/example_branch_labels.py
[2025-04-16T16:12:35.526-0500] {logging_mixin.py:190} INFO - [2025-04-16T16:12:35.526-0500] {dag.py:3239} INFO - Sync 1 DAGs
[2025-04-16T16:12:35.532-0500] {logging_mixin.py:190} INFO - [2025-04-16T16:12:35.532-0500] {dag.py:4180} INFO - Setting next_dagrun for example_branch_labels to 2025-04-15 00:00:00+00:00, run_after=2025-04-16 00:00:00+00:00
[2025-04-16T16:12:35.538-0500] {processor.py:208} INFO - Processing /Library/Frameworks/Python.framework/Versions/3.10/lib/python3.10/site-packages/airflow/example_dags/example_branch_labels.py took 0.073 seconds
[2025-04-16T16:17:00.784-0500] {processor.py:186} INFO - Started process (PID=30106) to work on /Library/Frameworks/Python.framework/Versions/3.10/lib/python3.10/site-packages/airflow/example_dags/example_branch_labels.py
[2025-04-16T16:17:00.785-0500] {processor.py:914} INFO - Processing file /Library/Frameworks/Python.framework/Versions/3.10/lib/python3.10/site-packages/airflow/example_dags/example_branch_labels.py for tasks to queue
[2025-04-16T16:17:00.785-0500] {logging_mixin.py:190} INFO - [2025-04-16T16:17:00.785-0500] {dagbag.py:588} INFO - Filling up the DagBag from /Library/Frameworks/Python.framework/Versions/3.10/lib/python3.10/site-packages/airflow/example_dags/example_branch_labels.py
[2025-04-16T16:17:00.809-0500] {processor.py:925} INFO - DAG(s) 'example_branch_labels' retrieved from /Library/Frameworks/Python.framework/Versions/3.10/lib/python3.10/site-packages/airflow/example_dags/example_branch_labels.py
[2025-04-16T16:17:00.842-0500] {logging_mixin.py:190} INFO - [2025-04-16T16:17:00.842-0500] {dag.py:3239} INFO - Sync 1 DAGs
[2025-04-16T16:17:00.848-0500] {logging_mixin.py:190} INFO - [2025-04-16T16:17:00.848-0500] {dag.py:4180} INFO - Setting next_dagrun for example_branch_labels to 2025-04-15 00:00:00+00:00, run_after=2025-04-16 00:00:00+00:00
[2025-04-16T16:17:00.853-0500] {processor.py:208} INFO - Processing /Library/Frameworks/Python.framework/Versions/3.10/lib/python3.10/site-packages/airflow/example_dags/example_branch_labels.py took 0.070 seconds
[2025-04-16T16:23:50.162-0500] {processor.py:186} INFO - Started process (PID=30400) to work on /Library/Frameworks/Python.framework/Versions/3.10/lib/python3.10/site-packages/airflow/example_dags/example_branch_labels.py
[2025-04-16T16:23:50.163-0500] {processor.py:914} INFO - Processing file /Library/Frameworks/Python.framework/Versions/3.10/lib/python3.10/site-packages/airflow/example_dags/example_branch_labels.py for tasks to queue
[2025-04-16T16:23:50.163-0500] {logging_mixin.py:190} INFO - [2025-04-16T16:23:50.163-0500] {dagbag.py:588} INFO - Filling up the DagBag from /Library/Frameworks/Python.framework/Versions/3.10/lib/python3.10/site-packages/airflow/example_dags/example_branch_labels.py
[2025-04-16T16:23:50.187-0500] {processor.py:925} INFO - DAG(s) 'example_branch_labels' retrieved from /Library/Frameworks/Python.framework/Versions/3.10/lib/python3.10/site-packages/airflow/example_dags/example_branch_labels.py
[2025-04-16T16:23:50.220-0500] {logging_mixin.py:190} INFO - [2025-04-16T16:23:50.220-0500] {dag.py:3239} INFO - Sync 1 DAGs
[2025-04-16T16:23:50.226-0500] {logging_mixin.py:190} INFO - [2025-04-16T16:23:50.226-0500] {dag.py:4180} INFO - Setting next_dagrun for example_branch_labels to 2025-04-15 00:00:00+00:00, run_after=2025-04-16 00:00:00+00:00
[2025-04-16T16:23:50.232-0500] {processor.py:208} INFO - Processing /Library/Frameworks/Python.framework/Versions/3.10/lib/python3.10/site-packages/airflow/example_dags/example_branch_labels.py took 0.072 seconds
[2025-04-16T17:18:32.942-0500] {processor.py:186} INFO - Started process (PID=30774) to work on /Library/Frameworks/Python.framework/Versions/3.10/lib/python3.10/site-packages/airflow/example_dags/example_branch_labels.py
[2025-04-16T17:18:32.943-0500] {processor.py:914} INFO - Processing file /Library/Frameworks/Python.framework/Versions/3.10/lib/python3.10/site-packages/airflow/example_dags/example_branch_labels.py for tasks to queue
[2025-04-16T17:18:32.943-0500] {logging_mixin.py:190} INFO - [2025-04-16T17:18:32.943-0500] {dagbag.py:588} INFO - Filling up the DagBag from /Library/Frameworks/Python.framework/Versions/3.10/lib/python3.10/site-packages/airflow/example_dags/example_branch_labels.py
[2025-04-16T17:18:32.966-0500] {processor.py:925} INFO - DAG(s) 'example_branch_labels' retrieved from /Library/Frameworks/Python.framework/Versions/3.10/lib/python3.10/site-packages/airflow/example_dags/example_branch_labels.py
[2025-04-16T17:18:32.998-0500] {logging_mixin.py:190} INFO - [2025-04-16T17:18:32.998-0500] {dag.py:3239} INFO - Sync 1 DAGs
[2025-04-16T17:18:33.004-0500] {logging_mixin.py:190} INFO - [2025-04-16T17:18:33.004-0500] {dag.py:4180} INFO - Setting next_dagrun for example_branch_labels to 2025-04-15 00:00:00+00:00, run_after=2025-04-16 00:00:00+00:00
[2025-04-16T17:18:33.010-0500] {processor.py:208} INFO - Processing /Library/Frameworks/Python.framework/Versions/3.10/lib/python3.10/site-packages/airflow/example_dags/example_branch_labels.py took 0.069 seconds
[2025-04-16T18:45:33.454-0500] {processor.py:186} INFO - Started process (PID=31165) to work on /Library/Frameworks/Python.framework/Versions/3.10/lib/python3.10/site-packages/airflow/example_dags/example_branch_labels.py
[2025-04-16T18:45:33.455-0500] {processor.py:914} INFO - Processing file /Library/Frameworks/Python.framework/Versions/3.10/lib/python3.10/site-packages/airflow/example_dags/example_branch_labels.py for tasks to queue
[2025-04-16T18:45:33.455-0500] {logging_mixin.py:190} INFO - [2025-04-16T18:45:33.455-0500] {dagbag.py:588} INFO - Filling up the DagBag from /Library/Frameworks/Python.framework/Versions/3.10/lib/python3.10/site-packages/airflow/example_dags/example_branch_labels.py
[2025-04-16T18:45:33.478-0500] {processor.py:925} INFO - DAG(s) 'example_branch_labels' retrieved from /Library/Frameworks/Python.framework/Versions/3.10/lib/python3.10/site-packages/airflow/example_dags/example_branch_labels.py
[2025-04-16T18:45:33.511-0500] {logging_mixin.py:190} INFO - [2025-04-16T18:45:33.511-0500] {dag.py:3239} INFO - Sync 1 DAGs
[2025-04-16T18:45:33.517-0500] {logging_mixin.py:190} INFO - [2025-04-16T18:45:33.517-0500] {dag.py:4180} INFO - Setting next_dagrun for example_branch_labels to 2025-04-15 00:00:00+00:00, run_after=2025-04-16 00:00:00+00:00
[2025-04-16T18:45:33.523-0500] {processor.py:208} INFO - Processing /Library/Frameworks/Python.framework/Versions/3.10/lib/python3.10/site-packages/airflow/example_dags/example_branch_labels.py took 0.071 seconds
