[2025-04-15T20:58:17.029-0500] {processor.py:186} INFO - Started process (PID=10526) to work on /Library/Frameworks/Python.framework/Versions/3.10/lib/python3.10/site-packages/airflow/example_dags/example_branch_day_of_week_operator.py
[2025-04-15T20:58:17.029-0500] {processor.py:914} INFO - Processing file /Library/Frameworks/Python.framework/Versions/3.10/lib/python3.10/site-packages/airflow/example_dags/example_branch_day_of_week_operator.py for tasks to queue
[2025-04-15T20:58:17.030-0500] {logging_mixin.py:190} INFO - [2025-04-15T20:58:17.030-0500] {dagbag.py:588} INFO - Filling up the DagBag from /Library/Frameworks/Python.framework/Versions/3.10/lib/python3.10/site-packages/airflow/example_dags/example_branch_day_of_week_operator.py
[2025-04-15T20:58:17.054-0500] {processor.py:925} INFO - DAG(s) 'example_weekday_branch_operator' retrieved from /Library/Frameworks/Python.framework/Versions/3.10/lib/python3.10/site-packages/airflow/example_dags/example_branch_day_of_week_operator.py
[2025-04-15T20:58:17.086-0500] {logging_mixin.py:190} INFO - [2025-04-15T20:58:17.086-0500] {dag.py:3239} INFO - Sync 1 DAGs
[2025-04-15T20:58:17.091-0500] {logging_mixin.py:190} INFO - [2025-04-15T20:58:17.091-0500] {dag.py:4180} INFO - Setting next_dagrun for example_weekday_branch_operator to 2025-04-15 00:00:00+00:00, run_after=2025-04-16 00:00:00+00:00
[2025-04-15T20:58:17.097-0500] {processor.py:208} INFO - Processing /Library/Frameworks/Python.framework/Versions/3.10/lib/python3.10/site-packages/airflow/example_dags/example_branch_day_of_week_operator.py took 0.070 seconds
[2025-04-15T21:03:27.042-0500] {processor.py:186} INFO - Started process (PID=10828) to work on /Library/Frameworks/Python.framework/Versions/3.10/lib/python3.10/site-packages/airflow/example_dags/example_branch_day_of_week_operator.py
[2025-04-15T21:03:27.043-0500] {processor.py:914} INFO - Processing file /Library/Frameworks/Python.framework/Versions/3.10/lib/python3.10/site-packages/airflow/example_dags/example_branch_day_of_week_operator.py for tasks to queue
[2025-04-15T21:03:27.043-0500] {logging_mixin.py:190} INFO - [2025-04-15T21:03:27.043-0500] {dagbag.py:588} INFO - Filling up the DagBag from /Library/Frameworks/Python.framework/Versions/3.10/lib/python3.10/site-packages/airflow/example_dags/example_branch_day_of_week_operator.py
[2025-04-15T21:03:27.069-0500] {processor.py:925} INFO - DAG(s) 'example_weekday_branch_operator' retrieved from /Library/Frameworks/Python.framework/Versions/3.10/lib/python3.10/site-packages/airflow/example_dags/example_branch_day_of_week_operator.py
[2025-04-15T21:03:27.101-0500] {logging_mixin.py:190} INFO - [2025-04-15T21:03:27.100-0500] {dag.py:3239} INFO - Sync 1 DAGs
[2025-04-15T21:03:27.106-0500] {logging_mixin.py:190} INFO - [2025-04-15T21:03:27.106-0500] {dag.py:4180} INFO - Setting next_dagrun for example_weekday_branch_operator to 2025-04-15 00:00:00+00:00, run_after=2025-04-16 00:00:00+00:00
[2025-04-15T21:03:27.111-0500] {processor.py:208} INFO - Processing /Library/Frameworks/Python.framework/Versions/3.10/lib/python3.10/site-packages/airflow/example_dags/example_branch_day_of_week_operator.py took 0.071 seconds
[2025-04-15T22:25:21.321-0500] {processor.py:186} INFO - Started process (PID=11242) to work on /Library/Frameworks/Python.framework/Versions/3.10/lib/python3.10/site-packages/airflow/example_dags/example_branch_day_of_week_operator.py
[2025-04-15T22:25:21.321-0500] {processor.py:914} INFO - Processing file /Library/Frameworks/Python.framework/Versions/3.10/lib/python3.10/site-packages/airflow/example_dags/example_branch_day_of_week_operator.py for tasks to queue
[2025-04-15T22:25:21.322-0500] {logging_mixin.py:190} INFO - [2025-04-15T22:25:21.321-0500] {dagbag.py:588} INFO - Filling up the DagBag from /Library/Frameworks/Python.framework/Versions/3.10/lib/python3.10/site-packages/airflow/example_dags/example_branch_day_of_week_operator.py
[2025-04-15T22:25:21.345-0500] {processor.py:925} INFO - DAG(s) 'example_weekday_branch_operator' retrieved from /Library/Frameworks/Python.framework/Versions/3.10/lib/python3.10/site-packages/airflow/example_dags/example_branch_day_of_week_operator.py
[2025-04-15T22:25:21.377-0500] {logging_mixin.py:190} INFO - [2025-04-15T22:25:21.377-0500] {dag.py:3239} INFO - Sync 1 DAGs
[2025-04-15T22:25:21.383-0500] {logging_mixin.py:190} INFO - [2025-04-15T22:25:21.383-0500] {dag.py:4180} INFO - Setting next_dagrun for example_weekday_branch_operator to 2025-04-15 00:00:00+00:00, run_after=2025-04-16 00:00:00+00:00
[2025-04-15T22:25:21.388-0500] {processor.py:208} INFO - Processing /Library/Frameworks/Python.framework/Versions/3.10/lib/python3.10/site-packages/airflow/example_dags/example_branch_day_of_week_operator.py took 0.069 seconds
[2025-04-16T00:07:22.388-0500] {processor.py:186} INFO - Started process (PID=11719) to work on /Library/Frameworks/Python.framework/Versions/3.10/lib/python3.10/site-packages/airflow/example_dags/example_branch_day_of_week_operator.py
[2025-04-16T00:07:22.388-0500] {processor.py:914} INFO - Processing file /Library/Frameworks/Python.framework/Versions/3.10/lib/python3.10/site-packages/airflow/example_dags/example_branch_day_of_week_operator.py for tasks to queue
[2025-04-16T00:07:22.389-0500] {logging_mixin.py:190} INFO - [2025-04-16T00:07:22.389-0500] {dagbag.py:588} INFO - Filling up the DagBag from /Library/Frameworks/Python.framework/Versions/3.10/lib/python3.10/site-packages/airflow/example_dags/example_branch_day_of_week_operator.py
[2025-04-16T00:07:22.412-0500] {processor.py:925} INFO - DAG(s) 'example_weekday_branch_operator' retrieved from /Library/Frameworks/Python.framework/Versions/3.10/lib/python3.10/site-packages/airflow/example_dags/example_branch_day_of_week_operator.py
[2025-04-16T00:07:22.445-0500] {logging_mixin.py:190} INFO - [2025-04-16T00:07:22.445-0500] {dag.py:3239} INFO - Sync 1 DAGs
[2025-04-16T00:07:22.451-0500] {logging_mixin.py:190} INFO - [2025-04-16T00:07:22.451-0500] {dag.py:4180} INFO - Setting next_dagrun for example_weekday_branch_operator to 2025-04-15 00:00:00+00:00, run_after=2025-04-16 00:00:00+00:00
[2025-04-16T00:07:22.456-0500] {processor.py:208} INFO - Processing /Library/Frameworks/Python.framework/Versions/3.10/lib/python3.10/site-packages/airflow/example_dags/example_branch_day_of_week_operator.py took 0.070 seconds
[2025-04-16T01:37:02.734-0500] {processor.py:186} INFO - Started process (PID=12002) to work on /Library/Frameworks/Python.framework/Versions/3.10/lib/python3.10/site-packages/airflow/example_dags/example_branch_day_of_week_operator.py
[2025-04-16T01:37:02.735-0500] {processor.py:914} INFO - Processing file /Library/Frameworks/Python.framework/Versions/3.10/lib/python3.10/site-packages/airflow/example_dags/example_branch_day_of_week_operator.py for tasks to queue
[2025-04-16T01:37:02.735-0500] {logging_mixin.py:190} INFO - [2025-04-16T01:37:02.735-0500] {dagbag.py:588} INFO - Filling up the DagBag from /Library/Frameworks/Python.framework/Versions/3.10/lib/python3.10/site-packages/airflow/example_dags/example_branch_day_of_week_operator.py
[2025-04-16T01:37:02.760-0500] {processor.py:925} INFO - DAG(s) 'example_weekday_branch_operator' retrieved from /Library/Frameworks/Python.framework/Versions/3.10/lib/python3.10/site-packages/airflow/example_dags/example_branch_day_of_week_operator.py
[2025-04-16T01:37:02.792-0500] {logging_mixin.py:190} INFO - [2025-04-16T01:37:02.792-0500] {dag.py:3239} INFO - Sync 1 DAGs
[2025-04-16T01:37:02.798-0500] {logging_mixin.py:190} INFO - [2025-04-16T01:37:02.798-0500] {dag.py:4180} INFO - Setting next_dagrun for example_weekday_branch_operator to 2025-04-15 00:00:00+00:00, run_after=2025-04-16 00:00:00+00:00
[2025-04-16T01:37:02.803-0500] {processor.py:208} INFO - Processing /Library/Frameworks/Python.framework/Versions/3.10/lib/python3.10/site-packages/airflow/example_dags/example_branch_day_of_week_operator.py took 0.071 seconds
[2025-04-16T04:25:53.103-0500] {processor.py:186} INFO - Started process (PID=12525) to work on /Library/Frameworks/Python.framework/Versions/3.10/lib/python3.10/site-packages/airflow/example_dags/example_branch_day_of_week_operator.py
[2025-04-16T04:25:53.104-0500] {processor.py:914} INFO - Processing file /Library/Frameworks/Python.framework/Versions/3.10/lib/python3.10/site-packages/airflow/example_dags/example_branch_day_of_week_operator.py for tasks to queue
[2025-04-16T04:25:53.104-0500] {logging_mixin.py:190} INFO - [2025-04-16T04:25:53.104-0500] {dagbag.py:588} INFO - Filling up the DagBag from /Library/Frameworks/Python.framework/Versions/3.10/lib/python3.10/site-packages/airflow/example_dags/example_branch_day_of_week_operator.py
[2025-04-16T04:25:53.130-0500] {processor.py:925} INFO - DAG(s) 'example_weekday_branch_operator' retrieved from /Library/Frameworks/Python.framework/Versions/3.10/lib/python3.10/site-packages/airflow/example_dags/example_branch_day_of_week_operator.py
[2025-04-16T04:25:53.163-0500] {logging_mixin.py:190} INFO - [2025-04-16T04:25:53.163-0500] {dag.py:3239} INFO - Sync 1 DAGs
[2025-04-16T04:25:53.169-0500] {logging_mixin.py:190} INFO - [2025-04-16T04:25:53.169-0500] {dag.py:4180} INFO - Setting next_dagrun for example_weekday_branch_operator to 2025-04-15 00:00:00+00:00, run_after=2025-04-16 00:00:00+00:00
[2025-04-16T04:25:53.175-0500] {processor.py:208} INFO - Processing /Library/Frameworks/Python.framework/Versions/3.10/lib/python3.10/site-packages/airflow/example_dags/example_branch_day_of_week_operator.py took 0.074 seconds
[2025-04-16T06:28:57.923-0500] {processor.py:186} INFO - Started process (PID=12879) to work on /Library/Frameworks/Python.framework/Versions/3.10/lib/python3.10/site-packages/airflow/example_dags/example_branch_day_of_week_operator.py
[2025-04-16T06:28:57.924-0500] {processor.py:914} INFO - Processing file /Library/Frameworks/Python.framework/Versions/3.10/lib/python3.10/site-packages/airflow/example_dags/example_branch_day_of_week_operator.py for tasks to queue
[2025-04-16T06:28:57.924-0500] {logging_mixin.py:190} INFO - [2025-04-16T06:28:57.924-0500] {dagbag.py:588} INFO - Filling up the DagBag from /Library/Frameworks/Python.framework/Versions/3.10/lib/python3.10/site-packages/airflow/example_dags/example_branch_day_of_week_operator.py
[2025-04-16T06:28:57.951-0500] {processor.py:925} INFO - DAG(s) 'example_weekday_branch_operator' retrieved from /Library/Frameworks/Python.framework/Versions/3.10/lib/python3.10/site-packages/airflow/example_dags/example_branch_day_of_week_operator.py
[2025-04-16T06:28:57.986-0500] {logging_mixin.py:190} INFO - [2025-04-16T06:28:57.986-0500] {dag.py:3239} INFO - Sync 1 DAGs
[2025-04-16T06:28:57.992-0500] {logging_mixin.py:190} INFO - [2025-04-16T06:28:57.992-0500] {dag.py:4180} INFO - Setting next_dagrun for example_weekday_branch_operator to 2025-04-15 00:00:00+00:00, run_after=2025-04-16 00:00:00+00:00
[2025-04-16T06:28:57.997-0500] {processor.py:208} INFO - Processing /Library/Frameworks/Python.framework/Versions/3.10/lib/python3.10/site-packages/airflow/example_dags/example_branch_day_of_week_operator.py took 0.077 seconds
[2025-04-16T09:48:44.353-0500] {processor.py:186} INFO - Started process (PID=13293) to work on /Library/Frameworks/Python.framework/Versions/3.10/lib/python3.10/site-packages/airflow/example_dags/example_branch_day_of_week_operator.py
[2025-04-16T09:48:44.354-0500] {processor.py:914} INFO - Processing file /Library/Frameworks/Python.framework/Versions/3.10/lib/python3.10/site-packages/airflow/example_dags/example_branch_day_of_week_operator.py for tasks to queue
[2025-04-16T09:48:44.354-0500] {logging_mixin.py:190} INFO - [2025-04-16T09:48:44.354-0500] {dagbag.py:588} INFO - Filling up the DagBag from /Library/Frameworks/Python.framework/Versions/3.10/lib/python3.10/site-packages/airflow/example_dags/example_branch_day_of_week_operator.py
[2025-04-16T09:48:44.378-0500] {processor.py:925} INFO - DAG(s) 'example_weekday_branch_operator' retrieved from /Library/Frameworks/Python.framework/Versions/3.10/lib/python3.10/site-packages/airflow/example_dags/example_branch_day_of_week_operator.py
[2025-04-16T09:48:44.411-0500] {logging_mixin.py:190} INFO - [2025-04-16T09:48:44.411-0500] {dag.py:3239} INFO - Sync 1 DAGs
[2025-04-16T09:48:44.417-0500] {logging_mixin.py:190} INFO - [2025-04-16T09:48:44.417-0500] {dag.py:4180} INFO - Setting next_dagrun for example_weekday_branch_operator to 2025-04-15 00:00:00+00:00, run_after=2025-04-16 00:00:00+00:00
[2025-04-16T09:48:44.424-0500] {processor.py:208} INFO - Processing /Library/Frameworks/Python.framework/Versions/3.10/lib/python3.10/site-packages/airflow/example_dags/example_branch_day_of_week_operator.py took 0.073 seconds
[2025-04-16T10:35:03.376-0500] {processor.py:186} INFO - Started process (PID=13770) to work on /Library/Frameworks/Python.framework/Versions/3.10/lib/python3.10/site-packages/airflow/example_dags/example_branch_day_of_week_operator.py
[2025-04-16T10:35:03.377-0500] {processor.py:914} INFO - Processing file /Library/Frameworks/Python.framework/Versions/3.10/lib/python3.10/site-packages/airflow/example_dags/example_branch_day_of_week_operator.py for tasks to queue
[2025-04-16T10:35:03.377-0500] {logging_mixin.py:190} INFO - [2025-04-16T10:35:03.377-0500] {dagbag.py:588} INFO - Filling up the DagBag from /Library/Frameworks/Python.framework/Versions/3.10/lib/python3.10/site-packages/airflow/example_dags/example_branch_day_of_week_operator.py
[2025-04-16T10:35:03.401-0500] {processor.py:925} INFO - DAG(s) 'example_weekday_branch_operator' retrieved from /Library/Frameworks/Python.framework/Versions/3.10/lib/python3.10/site-packages/airflow/example_dags/example_branch_day_of_week_operator.py
[2025-04-16T10:35:03.435-0500] {logging_mixin.py:190} INFO - [2025-04-16T10:35:03.434-0500] {dag.py:3239} INFO - Sync 1 DAGs
[2025-04-16T10:35:03.440-0500] {logging_mixin.py:190} INFO - [2025-04-16T10:35:03.440-0500] {dag.py:4180} INFO - Setting next_dagrun for example_weekday_branch_operator to 2025-04-15 00:00:00+00:00, run_after=2025-04-16 00:00:00+00:00
[2025-04-16T10:35:03.446-0500] {processor.py:208} INFO - Processing /Library/Frameworks/Python.framework/Versions/3.10/lib/python3.10/site-packages/airflow/example_dags/example_branch_day_of_week_operator.py took 0.071 seconds
[2025-04-16T10:39:56.253-0500] {processor.py:186} INFO - Started process (PID=14089) to work on /Library/Frameworks/Python.framework/Versions/3.10/lib/python3.10/site-packages/airflow/example_dags/example_branch_day_of_week_operator.py
[2025-04-16T10:39:56.254-0500] {processor.py:914} INFO - Processing file /Library/Frameworks/Python.framework/Versions/3.10/lib/python3.10/site-packages/airflow/example_dags/example_branch_day_of_week_operator.py for tasks to queue
[2025-04-16T10:39:56.254-0500] {logging_mixin.py:190} INFO - [2025-04-16T10:39:56.254-0500] {dagbag.py:588} INFO - Filling up the DagBag from /Library/Frameworks/Python.framework/Versions/3.10/lib/python3.10/site-packages/airflow/example_dags/example_branch_day_of_week_operator.py
[2025-04-16T10:39:56.280-0500] {processor.py:925} INFO - DAG(s) 'example_weekday_branch_operator' retrieved from /Library/Frameworks/Python.framework/Versions/3.10/lib/python3.10/site-packages/airflow/example_dags/example_branch_day_of_week_operator.py
[2025-04-16T10:39:56.312-0500] {logging_mixin.py:190} INFO - [2025-04-16T10:39:56.312-0500] {dag.py:3239} INFO - Sync 1 DAGs
[2025-04-16T10:39:56.318-0500] {logging_mixin.py:190} INFO - [2025-04-16T10:39:56.318-0500] {dag.py:4180} INFO - Setting next_dagrun for example_weekday_branch_operator to 2025-04-15 00:00:00+00:00, run_after=2025-04-16 00:00:00+00:00
[2025-04-16T10:39:56.323-0500] {processor.py:208} INFO - Processing /Library/Frameworks/Python.framework/Versions/3.10/lib/python3.10/site-packages/airflow/example_dags/example_branch_day_of_week_operator.py took 0.072 seconds
[2025-04-16T10:44:39.608-0500] {processor.py:186} INFO - Started process (PID=14378) to work on /Library/Frameworks/Python.framework/Versions/3.10/lib/python3.10/site-packages/airflow/example_dags/example_branch_day_of_week_operator.py
[2025-04-16T10:44:39.609-0500] {processor.py:914} INFO - Processing file /Library/Frameworks/Python.framework/Versions/3.10/lib/python3.10/site-packages/airflow/example_dags/example_branch_day_of_week_operator.py for tasks to queue
[2025-04-16T10:44:39.609-0500] {logging_mixin.py:190} INFO - [2025-04-16T10:44:39.609-0500] {dagbag.py:588} INFO - Filling up the DagBag from /Library/Frameworks/Python.framework/Versions/3.10/lib/python3.10/site-packages/airflow/example_dags/example_branch_day_of_week_operator.py
[2025-04-16T10:44:39.633-0500] {processor.py:925} INFO - DAG(s) 'example_weekday_branch_operator' retrieved from /Library/Frameworks/Python.framework/Versions/3.10/lib/python3.10/site-packages/airflow/example_dags/example_branch_day_of_week_operator.py
[2025-04-16T10:44:39.666-0500] {logging_mixin.py:190} INFO - [2025-04-16T10:44:39.666-0500] {dag.py:3239} INFO - Sync 1 DAGs
[2025-04-16T10:44:39.672-0500] {logging_mixin.py:190} INFO - [2025-04-16T10:44:39.672-0500] {dag.py:4180} INFO - Setting next_dagrun for example_weekday_branch_operator to 2025-04-15 00:00:00+00:00, run_after=2025-04-16 00:00:00+00:00
[2025-04-16T10:44:39.677-0500] {processor.py:208} INFO - Processing /Library/Frameworks/Python.framework/Versions/3.10/lib/python3.10/site-packages/airflow/example_dags/example_branch_day_of_week_operator.py took 0.071 seconds
[2025-04-16T10:49:13.276-0500] {processor.py:186} INFO - Started process (PID=14673) to work on /Library/Frameworks/Python.framework/Versions/3.10/lib/python3.10/site-packages/airflow/example_dags/example_branch_day_of_week_operator.py
[2025-04-16T10:49:13.277-0500] {processor.py:914} INFO - Processing file /Library/Frameworks/Python.framework/Versions/3.10/lib/python3.10/site-packages/airflow/example_dags/example_branch_day_of_week_operator.py for tasks to queue
[2025-04-16T10:49:13.277-0500] {logging_mixin.py:190} INFO - [2025-04-16T10:49:13.277-0500] {dagbag.py:588} INFO - Filling up the DagBag from /Library/Frameworks/Python.framework/Versions/3.10/lib/python3.10/site-packages/airflow/example_dags/example_branch_day_of_week_operator.py
[2025-04-16T10:49:13.302-0500] {processor.py:925} INFO - DAG(s) 'example_weekday_branch_operator' retrieved from /Library/Frameworks/Python.framework/Versions/3.10/lib/python3.10/site-packages/airflow/example_dags/example_branch_day_of_week_operator.py
[2025-04-16T10:49:13.335-0500] {logging_mixin.py:190} INFO - [2025-04-16T10:49:13.335-0500] {dag.py:3239} INFO - Sync 1 DAGs
[2025-04-16T10:49:13.340-0500] {logging_mixin.py:190} INFO - [2025-04-16T10:49:13.340-0500] {dag.py:4180} INFO - Setting next_dagrun for example_weekday_branch_operator to 2025-04-15 00:00:00+00:00, run_after=2025-04-16 00:00:00+00:00
[2025-04-16T10:49:13.346-0500] {processor.py:208} INFO - Processing /Library/Frameworks/Python.framework/Versions/3.10/lib/python3.10/site-packages/airflow/example_dags/example_branch_day_of_week_operator.py took 0.072 seconds
[2025-04-16T10:53:58.456-0500] {processor.py:186} INFO - Started process (PID=14951) to work on /Library/Frameworks/Python.framework/Versions/3.10/lib/python3.10/site-packages/airflow/example_dags/example_branch_day_of_week_operator.py
[2025-04-16T10:53:58.456-0500] {processor.py:914} INFO - Processing file /Library/Frameworks/Python.framework/Versions/3.10/lib/python3.10/site-packages/airflow/example_dags/example_branch_day_of_week_operator.py for tasks to queue
[2025-04-16T10:53:58.457-0500] {logging_mixin.py:190} INFO - [2025-04-16T10:53:58.457-0500] {dagbag.py:588} INFO - Filling up the DagBag from /Library/Frameworks/Python.framework/Versions/3.10/lib/python3.10/site-packages/airflow/example_dags/example_branch_day_of_week_operator.py
[2025-04-16T10:53:58.482-0500] {processor.py:925} INFO - DAG(s) 'example_weekday_branch_operator' retrieved from /Library/Frameworks/Python.framework/Versions/3.10/lib/python3.10/site-packages/airflow/example_dags/example_branch_day_of_week_operator.py
[2025-04-16T10:53:58.515-0500] {logging_mixin.py:190} INFO - [2025-04-16T10:53:58.514-0500] {dag.py:3239} INFO - Sync 1 DAGs
[2025-04-16T10:53:58.521-0500] {logging_mixin.py:190} INFO - [2025-04-16T10:53:58.520-0500] {dag.py:4180} INFO - Setting next_dagrun for example_weekday_branch_operator to 2025-04-15 00:00:00+00:00, run_after=2025-04-16 00:00:00+00:00
[2025-04-16T10:53:58.526-0500] {processor.py:208} INFO - Processing /Library/Frameworks/Python.framework/Versions/3.10/lib/python3.10/site-packages/airflow/example_dags/example_branch_day_of_week_operator.py took 0.072 seconds
[2025-04-16T10:58:40.636-0500] {processor.py:186} INFO - Started process (PID=15216) to work on /Library/Frameworks/Python.framework/Versions/3.10/lib/python3.10/site-packages/airflow/example_dags/example_branch_day_of_week_operator.py
[2025-04-16T10:58:40.637-0500] {processor.py:914} INFO - Processing file /Library/Frameworks/Python.framework/Versions/3.10/lib/python3.10/site-packages/airflow/example_dags/example_branch_day_of_week_operator.py for tasks to queue
[2025-04-16T10:58:40.637-0500] {logging_mixin.py:190} INFO - [2025-04-16T10:58:40.637-0500] {dagbag.py:588} INFO - Filling up the DagBag from /Library/Frameworks/Python.framework/Versions/3.10/lib/python3.10/site-packages/airflow/example_dags/example_branch_day_of_week_operator.py
[2025-04-16T10:58:40.662-0500] {processor.py:925} INFO - DAG(s) 'example_weekday_branch_operator' retrieved from /Library/Frameworks/Python.framework/Versions/3.10/lib/python3.10/site-packages/airflow/example_dags/example_branch_day_of_week_operator.py
[2025-04-16T10:58:40.695-0500] {logging_mixin.py:190} INFO - [2025-04-16T10:58:40.695-0500] {dag.py:3239} INFO - Sync 1 DAGs
[2025-04-16T10:58:40.701-0500] {logging_mixin.py:190} INFO - [2025-04-16T10:58:40.701-0500] {dag.py:4180} INFO - Setting next_dagrun for example_weekday_branch_operator to 2025-04-15 00:00:00+00:00, run_after=2025-04-16 00:00:00+00:00
[2025-04-16T10:58:40.706-0500] {processor.py:208} INFO - Processing /Library/Frameworks/Python.framework/Versions/3.10/lib/python3.10/site-packages/airflow/example_dags/example_branch_day_of_week_operator.py took 0.071 seconds
[2025-04-16T11:03:44.195-0500] {processor.py:186} INFO - Started process (PID=15505) to work on /Library/Frameworks/Python.framework/Versions/3.10/lib/python3.10/site-packages/airflow/example_dags/example_branch_day_of_week_operator.py
[2025-04-16T11:03:44.196-0500] {processor.py:914} INFO - Processing file /Library/Frameworks/Python.framework/Versions/3.10/lib/python3.10/site-packages/airflow/example_dags/example_branch_day_of_week_operator.py for tasks to queue
[2025-04-16T11:03:44.196-0500] {logging_mixin.py:190} INFO - [2025-04-16T11:03:44.196-0500] {dagbag.py:588} INFO - Filling up the DagBag from /Library/Frameworks/Python.framework/Versions/3.10/lib/python3.10/site-packages/airflow/example_dags/example_branch_day_of_week_operator.py
[2025-04-16T11:03:44.220-0500] {processor.py:925} INFO - DAG(s) 'example_weekday_branch_operator' retrieved from /Library/Frameworks/Python.framework/Versions/3.10/lib/python3.10/site-packages/airflow/example_dags/example_branch_day_of_week_operator.py
[2025-04-16T11:03:44.253-0500] {logging_mixin.py:190} INFO - [2025-04-16T11:03:44.252-0500] {dag.py:3239} INFO - Sync 1 DAGs
[2025-04-16T11:03:44.258-0500] {logging_mixin.py:190} INFO - [2025-04-16T11:03:44.258-0500] {dag.py:4180} INFO - Setting next_dagrun for example_weekday_branch_operator to 2025-04-15 00:00:00+00:00, run_after=2025-04-16 00:00:00+00:00
[2025-04-16T11:03:44.263-0500] {processor.py:208} INFO - Processing /Library/Frameworks/Python.framework/Versions/3.10/lib/python3.10/site-packages/airflow/example_dags/example_branch_day_of_week_operator.py took 0.070 seconds
[2025-04-16T11:08:38.517-0500] {processor.py:186} INFO - Started process (PID=15829) to work on /Library/Frameworks/Python.framework/Versions/3.10/lib/python3.10/site-packages/airflow/example_dags/example_branch_day_of_week_operator.py
[2025-04-16T11:08:38.518-0500] {processor.py:914} INFO - Processing file /Library/Frameworks/Python.framework/Versions/3.10/lib/python3.10/site-packages/airflow/example_dags/example_branch_day_of_week_operator.py for tasks to queue
[2025-04-16T11:08:38.518-0500] {logging_mixin.py:190} INFO - [2025-04-16T11:08:38.518-0500] {dagbag.py:588} INFO - Filling up the DagBag from /Library/Frameworks/Python.framework/Versions/3.10/lib/python3.10/site-packages/airflow/example_dags/example_branch_day_of_week_operator.py
[2025-04-16T11:08:38.542-0500] {processor.py:925} INFO - DAG(s) 'example_weekday_branch_operator' retrieved from /Library/Frameworks/Python.framework/Versions/3.10/lib/python3.10/site-packages/airflow/example_dags/example_branch_day_of_week_operator.py
[2025-04-16T11:08:38.574-0500] {logging_mixin.py:190} INFO - [2025-04-16T11:08:38.574-0500] {dag.py:3239} INFO - Sync 1 DAGs
[2025-04-16T11:08:38.579-0500] {logging_mixin.py:190} INFO - [2025-04-16T11:08:38.579-0500] {dag.py:4180} INFO - Setting next_dagrun for example_weekday_branch_operator to 2025-04-15 00:00:00+00:00, run_after=2025-04-16 00:00:00+00:00
[2025-04-16T11:08:38.585-0500] {processor.py:208} INFO - Processing /Library/Frameworks/Python.framework/Versions/3.10/lib/python3.10/site-packages/airflow/example_dags/example_branch_day_of_week_operator.py took 0.069 seconds
[2025-04-16T11:13:09.359-0500] {processor.py:186} INFO - Started process (PID=16114) to work on /Library/Frameworks/Python.framework/Versions/3.10/lib/python3.10/site-packages/airflow/example_dags/example_branch_day_of_week_operator.py
[2025-04-16T11:13:09.359-0500] {processor.py:914} INFO - Processing file /Library/Frameworks/Python.framework/Versions/3.10/lib/python3.10/site-packages/airflow/example_dags/example_branch_day_of_week_operator.py for tasks to queue
[2025-04-16T11:13:09.360-0500] {logging_mixin.py:190} INFO - [2025-04-16T11:13:09.360-0500] {dagbag.py:588} INFO - Filling up the DagBag from /Library/Frameworks/Python.framework/Versions/3.10/lib/python3.10/site-packages/airflow/example_dags/example_branch_day_of_week_operator.py
[2025-04-16T11:13:09.385-0500] {processor.py:925} INFO - DAG(s) 'example_weekday_branch_operator' retrieved from /Library/Frameworks/Python.framework/Versions/3.10/lib/python3.10/site-packages/airflow/example_dags/example_branch_day_of_week_operator.py
[2025-04-16T11:13:09.417-0500] {logging_mixin.py:190} INFO - [2025-04-16T11:13:09.417-0500] {dag.py:3239} INFO - Sync 1 DAGs
[2025-04-16T11:13:09.423-0500] {logging_mixin.py:190} INFO - [2025-04-16T11:13:09.423-0500] {dag.py:4180} INFO - Setting next_dagrun for example_weekday_branch_operator to 2025-04-15 00:00:00+00:00, run_after=2025-04-16 00:00:00+00:00
[2025-04-16T11:13:09.428-0500] {processor.py:208} INFO - Processing /Library/Frameworks/Python.framework/Versions/3.10/lib/python3.10/site-packages/airflow/example_dags/example_branch_day_of_week_operator.py took 0.071 seconds
[2025-04-16T11:17:35.864-0500] {processor.py:186} INFO - Started process (PID=16423) to work on /Library/Frameworks/Python.framework/Versions/3.10/lib/python3.10/site-packages/airflow/example_dags/example_branch_day_of_week_operator.py
[2025-04-16T11:17:35.864-0500] {processor.py:914} INFO - Processing file /Library/Frameworks/Python.framework/Versions/3.10/lib/python3.10/site-packages/airflow/example_dags/example_branch_day_of_week_operator.py for tasks to queue
[2025-04-16T11:17:35.865-0500] {logging_mixin.py:190} INFO - [2025-04-16T11:17:35.864-0500] {dagbag.py:588} INFO - Filling up the DagBag from /Library/Frameworks/Python.framework/Versions/3.10/lib/python3.10/site-packages/airflow/example_dags/example_branch_day_of_week_operator.py
[2025-04-16T11:17:35.889-0500] {processor.py:925} INFO - DAG(s) 'example_weekday_branch_operator' retrieved from /Library/Frameworks/Python.framework/Versions/3.10/lib/python3.10/site-packages/airflow/example_dags/example_branch_day_of_week_operator.py
[2025-04-16T11:17:35.922-0500] {logging_mixin.py:190} INFO - [2025-04-16T11:17:35.922-0500] {dag.py:3239} INFO - Sync 1 DAGs
[2025-04-16T11:17:35.927-0500] {logging_mixin.py:190} INFO - [2025-04-16T11:17:35.927-0500] {dag.py:4180} INFO - Setting next_dagrun for example_weekday_branch_operator to 2025-04-15 00:00:00+00:00, run_after=2025-04-16 00:00:00+00:00
[2025-04-16T11:17:35.933-0500] {processor.py:208} INFO - Processing /Library/Frameworks/Python.framework/Versions/3.10/lib/python3.10/site-packages/airflow/example_dags/example_branch_day_of_week_operator.py took 0.071 seconds
[2025-04-16T11:22:14.776-0500] {processor.py:186} INFO - Started process (PID=16707) to work on /Library/Frameworks/Python.framework/Versions/3.10/lib/python3.10/site-packages/airflow/example_dags/example_branch_day_of_week_operator.py
[2025-04-16T11:22:14.777-0500] {processor.py:914} INFO - Processing file /Library/Frameworks/Python.framework/Versions/3.10/lib/python3.10/site-packages/airflow/example_dags/example_branch_day_of_week_operator.py for tasks to queue
[2025-04-16T11:22:14.778-0500] {logging_mixin.py:190} INFO - [2025-04-16T11:22:14.778-0500] {dagbag.py:588} INFO - Filling up the DagBag from /Library/Frameworks/Python.framework/Versions/3.10/lib/python3.10/site-packages/airflow/example_dags/example_branch_day_of_week_operator.py
[2025-04-16T11:22:14.803-0500] {processor.py:925} INFO - DAG(s) 'example_weekday_branch_operator' retrieved from /Library/Frameworks/Python.framework/Versions/3.10/lib/python3.10/site-packages/airflow/example_dags/example_branch_day_of_week_operator.py
[2025-04-16T11:22:14.835-0500] {logging_mixin.py:190} INFO - [2025-04-16T11:22:14.835-0500] {dag.py:3239} INFO - Sync 1 DAGs
[2025-04-16T11:22:14.840-0500] {logging_mixin.py:190} INFO - [2025-04-16T11:22:14.840-0500] {dag.py:4180} INFO - Setting next_dagrun for example_weekday_branch_operator to 2025-04-15 00:00:00+00:00, run_after=2025-04-16 00:00:00+00:00
[2025-04-16T11:22:14.846-0500] {processor.py:208} INFO - Processing /Library/Frameworks/Python.framework/Versions/3.10/lib/python3.10/site-packages/airflow/example_dags/example_branch_day_of_week_operator.py took 0.071 seconds
[2025-04-16T11:26:50.128-0500] {processor.py:186} INFO - Started process (PID=17036) to work on /Library/Frameworks/Python.framework/Versions/3.10/lib/python3.10/site-packages/airflow/example_dags/example_branch_day_of_week_operator.py
[2025-04-16T11:26:50.129-0500] {processor.py:914} INFO - Processing file /Library/Frameworks/Python.framework/Versions/3.10/lib/python3.10/site-packages/airflow/example_dags/example_branch_day_of_week_operator.py for tasks to queue
[2025-04-16T11:26:50.129-0500] {logging_mixin.py:190} INFO - [2025-04-16T11:26:50.129-0500] {dagbag.py:588} INFO - Filling up the DagBag from /Library/Frameworks/Python.framework/Versions/3.10/lib/python3.10/site-packages/airflow/example_dags/example_branch_day_of_week_operator.py
[2025-04-16T11:26:50.154-0500] {processor.py:925} INFO - DAG(s) 'example_weekday_branch_operator' retrieved from /Library/Frameworks/Python.framework/Versions/3.10/lib/python3.10/site-packages/airflow/example_dags/example_branch_day_of_week_operator.py
[2025-04-16T11:26:50.187-0500] {logging_mixin.py:190} INFO - [2025-04-16T11:26:50.186-0500] {dag.py:3239} INFO - Sync 1 DAGs
[2025-04-16T11:26:50.192-0500] {logging_mixin.py:190} INFO - [2025-04-16T11:26:50.192-0500] {dag.py:4180} INFO - Setting next_dagrun for example_weekday_branch_operator to 2025-04-15 00:00:00+00:00, run_after=2025-04-16 00:00:00+00:00
[2025-04-16T11:26:50.197-0500] {processor.py:208} INFO - Processing /Library/Frameworks/Python.framework/Versions/3.10/lib/python3.10/site-packages/airflow/example_dags/example_branch_day_of_week_operator.py took 0.071 seconds
[2025-04-16T11:31:15.781-0500] {processor.py:186} INFO - Started process (PID=17331) to work on /Library/Frameworks/Python.framework/Versions/3.10/lib/python3.10/site-packages/airflow/example_dags/example_branch_day_of_week_operator.py
[2025-04-16T11:31:15.781-0500] {processor.py:914} INFO - Processing file /Library/Frameworks/Python.framework/Versions/3.10/lib/python3.10/site-packages/airflow/example_dags/example_branch_day_of_week_operator.py for tasks to queue
[2025-04-16T11:31:15.782-0500] {logging_mixin.py:190} INFO - [2025-04-16T11:31:15.781-0500] {dagbag.py:588} INFO - Filling up the DagBag from /Library/Frameworks/Python.framework/Versions/3.10/lib/python3.10/site-packages/airflow/example_dags/example_branch_day_of_week_operator.py
[2025-04-16T11:31:15.806-0500] {processor.py:925} INFO - DAG(s) 'example_weekday_branch_operator' retrieved from /Library/Frameworks/Python.framework/Versions/3.10/lib/python3.10/site-packages/airflow/example_dags/example_branch_day_of_week_operator.py
[2025-04-16T11:31:15.840-0500] {logging_mixin.py:190} INFO - [2025-04-16T11:31:15.840-0500] {dag.py:3239} INFO - Sync 1 DAGs
[2025-04-16T11:31:15.846-0500] {logging_mixin.py:190} INFO - [2025-04-16T11:31:15.846-0500] {dag.py:4180} INFO - Setting next_dagrun for example_weekday_branch_operator to 2025-04-15 00:00:00+00:00, run_after=2025-04-16 00:00:00+00:00
[2025-04-16T11:31:15.851-0500] {processor.py:208} INFO - Processing /Library/Frameworks/Python.framework/Versions/3.10/lib/python3.10/site-packages/airflow/example_dags/example_branch_day_of_week_operator.py took 0.072 seconds
[2025-04-16T11:51:43.366-0500] {processor.py:186} INFO - Started process (PID=17685) to work on /Library/Frameworks/Python.framework/Versions/3.10/lib/python3.10/site-packages/airflow/example_dags/example_branch_day_of_week_operator.py
[2025-04-16T11:51:43.367-0500] {processor.py:914} INFO - Processing file /Library/Frameworks/Python.framework/Versions/3.10/lib/python3.10/site-packages/airflow/example_dags/example_branch_day_of_week_operator.py for tasks to queue
[2025-04-16T11:51:43.367-0500] {logging_mixin.py:190} INFO - [2025-04-16T11:51:43.367-0500] {dagbag.py:588} INFO - Filling up the DagBag from /Library/Frameworks/Python.framework/Versions/3.10/lib/python3.10/site-packages/airflow/example_dags/example_branch_day_of_week_operator.py
[2025-04-16T11:51:43.391-0500] {processor.py:925} INFO - DAG(s) 'example_weekday_branch_operator' retrieved from /Library/Frameworks/Python.framework/Versions/3.10/lib/python3.10/site-packages/airflow/example_dags/example_branch_day_of_week_operator.py
[2025-04-16T11:51:43.424-0500] {logging_mixin.py:190} INFO - [2025-04-16T11:51:43.424-0500] {dag.py:3239} INFO - Sync 1 DAGs
[2025-04-16T11:51:43.430-0500] {logging_mixin.py:190} INFO - [2025-04-16T11:51:43.430-0500] {dag.py:4180} INFO - Setting next_dagrun for example_weekday_branch_operator to 2025-04-15 00:00:00+00:00, run_after=2025-04-16 00:00:00+00:00
[2025-04-16T11:51:43.435-0500] {processor.py:208} INFO - Processing /Library/Frameworks/Python.framework/Versions/3.10/lib/python3.10/site-packages/airflow/example_dags/example_branch_day_of_week_operator.py took 0.071 seconds
[2025-04-16T11:56:07.987-0500] {processor.py:186} INFO - Started process (PID=18047) to work on /Library/Frameworks/Python.framework/Versions/3.10/lib/python3.10/site-packages/airflow/example_dags/example_branch_day_of_week_operator.py
[2025-04-16T11:56:07.987-0500] {processor.py:914} INFO - Processing file /Library/Frameworks/Python.framework/Versions/3.10/lib/python3.10/site-packages/airflow/example_dags/example_branch_day_of_week_operator.py for tasks to queue
[2025-04-16T11:56:07.988-0500] {logging_mixin.py:190} INFO - [2025-04-16T11:56:07.988-0500] {dagbag.py:588} INFO - Filling up the DagBag from /Library/Frameworks/Python.framework/Versions/3.10/lib/python3.10/site-packages/airflow/example_dags/example_branch_day_of_week_operator.py
[2025-04-16T11:56:08.012-0500] {processor.py:925} INFO - DAG(s) 'example_weekday_branch_operator' retrieved from /Library/Frameworks/Python.framework/Versions/3.10/lib/python3.10/site-packages/airflow/example_dags/example_branch_day_of_week_operator.py
[2025-04-16T11:56:08.045-0500] {logging_mixin.py:190} INFO - [2025-04-16T11:56:08.045-0500] {dag.py:3239} INFO - Sync 1 DAGs
[2025-04-16T11:56:08.050-0500] {logging_mixin.py:190} INFO - [2025-04-16T11:56:08.050-0500] {dag.py:4180} INFO - Setting next_dagrun for example_weekday_branch_operator to 2025-04-15 00:00:00+00:00, run_after=2025-04-16 00:00:00+00:00
[2025-04-16T11:56:08.056-0500] {processor.py:208} INFO - Processing /Library/Frameworks/Python.framework/Versions/3.10/lib/python3.10/site-packages/airflow/example_dags/example_branch_day_of_week_operator.py took 0.070 seconds
[2025-04-16T12:00:47.003-0500] {processor.py:186} INFO - Started process (PID=18388) to work on /Library/Frameworks/Python.framework/Versions/3.10/lib/python3.10/site-packages/airflow/example_dags/example_branch_day_of_week_operator.py
[2025-04-16T12:00:47.003-0500] {processor.py:914} INFO - Processing file /Library/Frameworks/Python.framework/Versions/3.10/lib/python3.10/site-packages/airflow/example_dags/example_branch_day_of_week_operator.py for tasks to queue
[2025-04-16T12:00:47.004-0500] {logging_mixin.py:190} INFO - [2025-04-16T12:00:47.004-0500] {dagbag.py:588} INFO - Filling up the DagBag from /Library/Frameworks/Python.framework/Versions/3.10/lib/python3.10/site-packages/airflow/example_dags/example_branch_day_of_week_operator.py
[2025-04-16T12:00:47.027-0500] {processor.py:925} INFO - DAG(s) 'example_weekday_branch_operator' retrieved from /Library/Frameworks/Python.framework/Versions/3.10/lib/python3.10/site-packages/airflow/example_dags/example_branch_day_of_week_operator.py
[2025-04-16T12:00:47.059-0500] {logging_mixin.py:190} INFO - [2025-04-16T12:00:47.059-0500] {dag.py:3239} INFO - Sync 1 DAGs
[2025-04-16T12:00:47.065-0500] {logging_mixin.py:190} INFO - [2025-04-16T12:00:47.064-0500] {dag.py:4180} INFO - Setting next_dagrun for example_weekday_branch_operator to 2025-04-15 00:00:00+00:00, run_after=2025-04-16 00:00:00+00:00
[2025-04-16T12:00:47.070-0500] {processor.py:208} INFO - Processing /Library/Frameworks/Python.framework/Versions/3.10/lib/python3.10/site-packages/airflow/example_dags/example_branch_day_of_week_operator.py took 0.069 seconds
[2025-04-16T12:05:05.104-0500] {processor.py:186} INFO - Started process (PID=18722) to work on /Library/Frameworks/Python.framework/Versions/3.10/lib/python3.10/site-packages/airflow/example_dags/example_branch_day_of_week_operator.py
[2025-04-16T12:05:05.105-0500] {processor.py:914} INFO - Processing file /Library/Frameworks/Python.framework/Versions/3.10/lib/python3.10/site-packages/airflow/example_dags/example_branch_day_of_week_operator.py for tasks to queue
[2025-04-16T12:05:05.105-0500] {logging_mixin.py:190} INFO - [2025-04-16T12:05:05.105-0500] {dagbag.py:588} INFO - Filling up the DagBag from /Library/Frameworks/Python.framework/Versions/3.10/lib/python3.10/site-packages/airflow/example_dags/example_branch_day_of_week_operator.py
[2025-04-16T12:05:05.129-0500] {processor.py:925} INFO - DAG(s) 'example_weekday_branch_operator' retrieved from /Library/Frameworks/Python.framework/Versions/3.10/lib/python3.10/site-packages/airflow/example_dags/example_branch_day_of_week_operator.py
[2025-04-16T12:05:05.161-0500] {logging_mixin.py:190} INFO - [2025-04-16T12:05:05.161-0500] {dag.py:3239} INFO - Sync 1 DAGs
[2025-04-16T12:05:05.166-0500] {logging_mixin.py:190} INFO - [2025-04-16T12:05:05.166-0500] {dag.py:4180} INFO - Setting next_dagrun for example_weekday_branch_operator to 2025-04-15 00:00:00+00:00, run_after=2025-04-16 00:00:00+00:00
[2025-04-16T12:05:05.172-0500] {processor.py:208} INFO - Processing /Library/Frameworks/Python.framework/Versions/3.10/lib/python3.10/site-packages/airflow/example_dags/example_branch_day_of_week_operator.py took 0.069 seconds
[2025-04-16T12:09:27.028-0500] {processor.py:186} INFO - Started process (PID=19032) to work on /Library/Frameworks/Python.framework/Versions/3.10/lib/python3.10/site-packages/airflow/example_dags/example_branch_day_of_week_operator.py
[2025-04-16T12:09:27.029-0500] {processor.py:914} INFO - Processing file /Library/Frameworks/Python.framework/Versions/3.10/lib/python3.10/site-packages/airflow/example_dags/example_branch_day_of_week_operator.py for tasks to queue
[2025-04-16T12:09:27.029-0500] {logging_mixin.py:190} INFO - [2025-04-16T12:09:27.029-0500] {dagbag.py:588} INFO - Filling up the DagBag from /Library/Frameworks/Python.framework/Versions/3.10/lib/python3.10/site-packages/airflow/example_dags/example_branch_day_of_week_operator.py
[2025-04-16T12:09:27.053-0500] {processor.py:925} INFO - DAG(s) 'example_weekday_branch_operator' retrieved from /Library/Frameworks/Python.framework/Versions/3.10/lib/python3.10/site-packages/airflow/example_dags/example_branch_day_of_week_operator.py
[2025-04-16T12:09:27.086-0500] {logging_mixin.py:190} INFO - [2025-04-16T12:09:27.086-0500] {dag.py:3239} INFO - Sync 1 DAGs
[2025-04-16T12:09:27.092-0500] {logging_mixin.py:190} INFO - [2025-04-16T12:09:27.092-0500] {dag.py:4180} INFO - Setting next_dagrun for example_weekday_branch_operator to 2025-04-15 00:00:00+00:00, run_after=2025-04-16 00:00:00+00:00
[2025-04-16T12:09:27.097-0500] {processor.py:208} INFO - Processing /Library/Frameworks/Python.framework/Versions/3.10/lib/python3.10/site-packages/airflow/example_dags/example_branch_day_of_week_operator.py took 0.070 seconds
[2025-04-16T12:29:43.826-0500] {processor.py:186} INFO - Started process (PID=19369) to work on /Library/Frameworks/Python.framework/Versions/3.10/lib/python3.10/site-packages/airflow/example_dags/example_branch_day_of_week_operator.py
[2025-04-16T12:29:43.826-0500] {processor.py:914} INFO - Processing file /Library/Frameworks/Python.framework/Versions/3.10/lib/python3.10/site-packages/airflow/example_dags/example_branch_day_of_week_operator.py for tasks to queue
[2025-04-16T12:29:43.826-0500] {logging_mixin.py:190} INFO - [2025-04-16T12:29:43.826-0500] {dagbag.py:588} INFO - Filling up the DagBag from /Library/Frameworks/Python.framework/Versions/3.10/lib/python3.10/site-packages/airflow/example_dags/example_branch_day_of_week_operator.py
[2025-04-16T12:29:43.850-0500] {processor.py:925} INFO - DAG(s) 'example_weekday_branch_operator' retrieved from /Library/Frameworks/Python.framework/Versions/3.10/lib/python3.10/site-packages/airflow/example_dags/example_branch_day_of_week_operator.py
[2025-04-16T12:29:43.882-0500] {logging_mixin.py:190} INFO - [2025-04-16T12:29:43.882-0500] {dag.py:3239} INFO - Sync 1 DAGs
[2025-04-16T12:29:43.888-0500] {logging_mixin.py:190} INFO - [2025-04-16T12:29:43.888-0500] {dag.py:4180} INFO - Setting next_dagrun for example_weekday_branch_operator to 2025-04-15 00:00:00+00:00, run_after=2025-04-16 00:00:00+00:00
[2025-04-16T12:29:43.893-0500] {processor.py:208} INFO - Processing /Library/Frameworks/Python.framework/Versions/3.10/lib/python3.10/site-packages/airflow/example_dags/example_branch_day_of_week_operator.py took 0.069 seconds
[2025-04-16T12:50:24.183-0500] {processor.py:186} INFO - Started process (PID=19720) to work on /Library/Frameworks/Python.framework/Versions/3.10/lib/python3.10/site-packages/airflow/example_dags/example_branch_day_of_week_operator.py
[2025-04-16T12:50:24.183-0500] {processor.py:914} INFO - Processing file /Library/Frameworks/Python.framework/Versions/3.10/lib/python3.10/site-packages/airflow/example_dags/example_branch_day_of_week_operator.py for tasks to queue
[2025-04-16T12:50:24.184-0500] {logging_mixin.py:190} INFO - [2025-04-16T12:50:24.184-0500] {dagbag.py:588} INFO - Filling up the DagBag from /Library/Frameworks/Python.framework/Versions/3.10/lib/python3.10/site-packages/airflow/example_dags/example_branch_day_of_week_operator.py
[2025-04-16T12:50:24.208-0500] {processor.py:925} INFO - DAG(s) 'example_weekday_branch_operator' retrieved from /Library/Frameworks/Python.framework/Versions/3.10/lib/python3.10/site-packages/airflow/example_dags/example_branch_day_of_week_operator.py
[2025-04-16T12:50:24.240-0500] {logging_mixin.py:190} INFO - [2025-04-16T12:50:24.240-0500] {dag.py:3239} INFO - Sync 1 DAGs
[2025-04-16T12:50:24.246-0500] {logging_mixin.py:190} INFO - [2025-04-16T12:50:24.246-0500] {dag.py:4180} INFO - Setting next_dagrun for example_weekday_branch_operator to 2025-04-15 00:00:00+00:00, run_after=2025-04-16 00:00:00+00:00
[2025-04-16T12:50:24.252-0500] {processor.py:208} INFO - Processing /Library/Frameworks/Python.framework/Versions/3.10/lib/python3.10/site-packages/airflow/example_dags/example_branch_day_of_week_operator.py took 0.071 seconds
[2025-04-16T12:55:21.723-0500] {processor.py:186} INFO - Started process (PID=20094) to work on /Library/Frameworks/Python.framework/Versions/3.10/lib/python3.10/site-packages/airflow/example_dags/example_branch_day_of_week_operator.py
[2025-04-16T12:55:21.724-0500] {processor.py:914} INFO - Processing file /Library/Frameworks/Python.framework/Versions/3.10/lib/python3.10/site-packages/airflow/example_dags/example_branch_day_of_week_operator.py for tasks to queue
[2025-04-16T12:55:21.724-0500] {logging_mixin.py:190} INFO - [2025-04-16T12:55:21.724-0500] {dagbag.py:588} INFO - Filling up the DagBag from /Library/Frameworks/Python.framework/Versions/3.10/lib/python3.10/site-packages/airflow/example_dags/example_branch_day_of_week_operator.py
[2025-04-16T12:55:21.749-0500] {processor.py:925} INFO - DAG(s) 'example_weekday_branch_operator' retrieved from /Library/Frameworks/Python.framework/Versions/3.10/lib/python3.10/site-packages/airflow/example_dags/example_branch_day_of_week_operator.py
[2025-04-16T12:55:21.781-0500] {logging_mixin.py:190} INFO - [2025-04-16T12:55:21.781-0500] {dag.py:3239} INFO - Sync 1 DAGs
[2025-04-16T12:55:21.787-0500] {logging_mixin.py:190} INFO - [2025-04-16T12:55:21.787-0500] {dag.py:4180} INFO - Setting next_dagrun for example_weekday_branch_operator to 2025-04-15 00:00:00+00:00, run_after=2025-04-16 00:00:00+00:00
[2025-04-16T12:55:21.792-0500] {processor.py:208} INFO - Processing /Library/Frameworks/Python.framework/Versions/3.10/lib/python3.10/site-packages/airflow/example_dags/example_branch_day_of_week_operator.py took 0.071 seconds
[2025-04-16T13:00:25.307-0500] {processor.py:186} INFO - Started process (PID=20453) to work on /Library/Frameworks/Python.framework/Versions/3.10/lib/python3.10/site-packages/airflow/example_dags/example_branch_day_of_week_operator.py
[2025-04-16T13:00:25.307-0500] {processor.py:914} INFO - Processing file /Library/Frameworks/Python.framework/Versions/3.10/lib/python3.10/site-packages/airflow/example_dags/example_branch_day_of_week_operator.py for tasks to queue
[2025-04-16T13:00:25.307-0500] {logging_mixin.py:190} INFO - [2025-04-16T13:00:25.307-0500] {dagbag.py:588} INFO - Filling up the DagBag from /Library/Frameworks/Python.framework/Versions/3.10/lib/python3.10/site-packages/airflow/example_dags/example_branch_day_of_week_operator.py
[2025-04-16T13:00:25.333-0500] {processor.py:925} INFO - DAG(s) 'example_weekday_branch_operator' retrieved from /Library/Frameworks/Python.framework/Versions/3.10/lib/python3.10/site-packages/airflow/example_dags/example_branch_day_of_week_operator.py
[2025-04-16T13:00:25.366-0500] {logging_mixin.py:190} INFO - [2025-04-16T13:00:25.365-0500] {dag.py:3239} INFO - Sync 1 DAGs
[2025-04-16T13:00:25.371-0500] {logging_mixin.py:190} INFO - [2025-04-16T13:00:25.371-0500] {dag.py:4180} INFO - Setting next_dagrun for example_weekday_branch_operator to 2025-04-15 00:00:00+00:00, run_after=2025-04-16 00:00:00+00:00
[2025-04-16T13:00:25.377-0500] {processor.py:208} INFO - Processing /Library/Frameworks/Python.framework/Versions/3.10/lib/python3.10/site-packages/airflow/example_dags/example_branch_day_of_week_operator.py took 0.072 seconds
[2025-04-16T13:08:51.037-0500] {processor.py:186} INFO - Started process (PID=20800) to work on /Library/Frameworks/Python.framework/Versions/3.10/lib/python3.10/site-packages/airflow/example_dags/example_branch_day_of_week_operator.py
[2025-04-16T13:08:51.037-0500] {processor.py:914} INFO - Processing file /Library/Frameworks/Python.framework/Versions/3.10/lib/python3.10/site-packages/airflow/example_dags/example_branch_day_of_week_operator.py for tasks to queue
[2025-04-16T13:08:51.038-0500] {logging_mixin.py:190} INFO - [2025-04-16T13:08:51.038-0500] {dagbag.py:588} INFO - Filling up the DagBag from /Library/Frameworks/Python.framework/Versions/3.10/lib/python3.10/site-packages/airflow/example_dags/example_branch_day_of_week_operator.py
[2025-04-16T13:08:51.062-0500] {processor.py:925} INFO - DAG(s) 'example_weekday_branch_operator' retrieved from /Library/Frameworks/Python.framework/Versions/3.10/lib/python3.10/site-packages/airflow/example_dags/example_branch_day_of_week_operator.py
[2025-04-16T13:08:51.095-0500] {logging_mixin.py:190} INFO - [2025-04-16T13:08:51.095-0500] {dag.py:3239} INFO - Sync 1 DAGs
[2025-04-16T13:08:51.101-0500] {logging_mixin.py:190} INFO - [2025-04-16T13:08:51.101-0500] {dag.py:4180} INFO - Setting next_dagrun for example_weekday_branch_operator to 2025-04-15 00:00:00+00:00, run_after=2025-04-16 00:00:00+00:00
[2025-04-16T13:08:51.106-0500] {processor.py:208} INFO - Processing /Library/Frameworks/Python.framework/Versions/3.10/lib/python3.10/site-packages/airflow/example_dags/example_branch_day_of_week_operator.py took 0.071 seconds
[2025-04-16T13:13:39.433-0500] {processor.py:186} INFO - Started process (PID=21124) to work on /Library/Frameworks/Python.framework/Versions/3.10/lib/python3.10/site-packages/airflow/example_dags/example_branch_day_of_week_operator.py
[2025-04-16T13:13:39.434-0500] {processor.py:914} INFO - Processing file /Library/Frameworks/Python.framework/Versions/3.10/lib/python3.10/site-packages/airflow/example_dags/example_branch_day_of_week_operator.py for tasks to queue
[2025-04-16T13:13:39.434-0500] {logging_mixin.py:190} INFO - [2025-04-16T13:13:39.434-0500] {dagbag.py:588} INFO - Filling up the DagBag from /Library/Frameworks/Python.framework/Versions/3.10/lib/python3.10/site-packages/airflow/example_dags/example_branch_day_of_week_operator.py
[2025-04-16T13:13:39.458-0500] {processor.py:925} INFO - DAG(s) 'example_weekday_branch_operator' retrieved from /Library/Frameworks/Python.framework/Versions/3.10/lib/python3.10/site-packages/airflow/example_dags/example_branch_day_of_week_operator.py
[2025-04-16T13:13:39.490-0500] {logging_mixin.py:190} INFO - [2025-04-16T13:13:39.490-0500] {dag.py:3239} INFO - Sync 1 DAGs
[2025-04-16T13:13:39.496-0500] {logging_mixin.py:190} INFO - [2025-04-16T13:13:39.496-0500] {dag.py:4180} INFO - Setting next_dagrun for example_weekday_branch_operator to 2025-04-15 00:00:00+00:00, run_after=2025-04-16 00:00:00+00:00
[2025-04-16T13:13:39.501-0500] {processor.py:208} INFO - Processing /Library/Frameworks/Python.framework/Versions/3.10/lib/python3.10/site-packages/airflow/example_dags/example_branch_day_of_week_operator.py took 0.069 seconds
[2025-04-16T13:18:09.863-0500] {processor.py:186} INFO - Started process (PID=21397) to work on /Library/Frameworks/Python.framework/Versions/3.10/lib/python3.10/site-packages/airflow/example_dags/example_branch_day_of_week_operator.py
[2025-04-16T13:18:09.864-0500] {processor.py:914} INFO - Processing file /Library/Frameworks/Python.framework/Versions/3.10/lib/python3.10/site-packages/airflow/example_dags/example_branch_day_of_week_operator.py for tasks to queue
[2025-04-16T13:18:09.864-0500] {logging_mixin.py:190} INFO - [2025-04-16T13:18:09.864-0500] {dagbag.py:588} INFO - Filling up the DagBag from /Library/Frameworks/Python.framework/Versions/3.10/lib/python3.10/site-packages/airflow/example_dags/example_branch_day_of_week_operator.py
[2025-04-16T13:18:09.888-0500] {processor.py:925} INFO - DAG(s) 'example_weekday_branch_operator' retrieved from /Library/Frameworks/Python.framework/Versions/3.10/lib/python3.10/site-packages/airflow/example_dags/example_branch_day_of_week_operator.py
[2025-04-16T13:18:09.921-0500] {logging_mixin.py:190} INFO - [2025-04-16T13:18:09.921-0500] {dag.py:3239} INFO - Sync 1 DAGs
[2025-04-16T13:18:09.927-0500] {logging_mixin.py:190} INFO - [2025-04-16T13:18:09.927-0500] {dag.py:4180} INFO - Setting next_dagrun for example_weekday_branch_operator to 2025-04-15 00:00:00+00:00, run_after=2025-04-16 00:00:00+00:00
[2025-04-16T13:18:09.932-0500] {processor.py:208} INFO - Processing /Library/Frameworks/Python.framework/Versions/3.10/lib/python3.10/site-packages/airflow/example_dags/example_branch_day_of_week_operator.py took 0.071 seconds
[2025-04-16T13:22:49.523-0500] {processor.py:186} INFO - Started process (PID=21713) to work on /Library/Frameworks/Python.framework/Versions/3.10/lib/python3.10/site-packages/airflow/example_dags/example_branch_day_of_week_operator.py
[2025-04-16T13:22:49.523-0500] {processor.py:914} INFO - Processing file /Library/Frameworks/Python.framework/Versions/3.10/lib/python3.10/site-packages/airflow/example_dags/example_branch_day_of_week_operator.py for tasks to queue
[2025-04-16T13:22:49.524-0500] {logging_mixin.py:190} INFO - [2025-04-16T13:22:49.524-0500] {dagbag.py:588} INFO - Filling up the DagBag from /Library/Frameworks/Python.framework/Versions/3.10/lib/python3.10/site-packages/airflow/example_dags/example_branch_day_of_week_operator.py
[2025-04-16T13:22:49.549-0500] {processor.py:925} INFO - DAG(s) 'example_weekday_branch_operator' retrieved from /Library/Frameworks/Python.framework/Versions/3.10/lib/python3.10/site-packages/airflow/example_dags/example_branch_day_of_week_operator.py
[2025-04-16T13:22:49.581-0500] {logging_mixin.py:190} INFO - [2025-04-16T13:22:49.581-0500] {dag.py:3239} INFO - Sync 1 DAGs
[2025-04-16T13:22:49.587-0500] {logging_mixin.py:190} INFO - [2025-04-16T13:22:49.587-0500] {dag.py:4180} INFO - Setting next_dagrun for example_weekday_branch_operator to 2025-04-15 00:00:00+00:00, run_after=2025-04-16 00:00:00+00:00
[2025-04-16T13:22:49.592-0500] {processor.py:208} INFO - Processing /Library/Frameworks/Python.framework/Versions/3.10/lib/python3.10/site-packages/airflow/example_dags/example_branch_day_of_week_operator.py took 0.071 seconds
[2025-04-16T13:27:30.308-0500] {processor.py:186} INFO - Started process (PID=22072) to work on /Library/Frameworks/Python.framework/Versions/3.10/lib/python3.10/site-packages/airflow/example_dags/example_branch_day_of_week_operator.py
[2025-04-16T13:27:30.309-0500] {processor.py:914} INFO - Processing file /Library/Frameworks/Python.framework/Versions/3.10/lib/python3.10/site-packages/airflow/example_dags/example_branch_day_of_week_operator.py for tasks to queue
[2025-04-16T13:27:30.309-0500] {logging_mixin.py:190} INFO - [2025-04-16T13:27:30.309-0500] {dagbag.py:588} INFO - Filling up the DagBag from /Library/Frameworks/Python.framework/Versions/3.10/lib/python3.10/site-packages/airflow/example_dags/example_branch_day_of_week_operator.py
[2025-04-16T13:27:30.333-0500] {processor.py:925} INFO - DAG(s) 'example_weekday_branch_operator' retrieved from /Library/Frameworks/Python.framework/Versions/3.10/lib/python3.10/site-packages/airflow/example_dags/example_branch_day_of_week_operator.py
[2025-04-16T13:27:30.365-0500] {logging_mixin.py:190} INFO - [2025-04-16T13:27:30.365-0500] {dag.py:3239} INFO - Sync 1 DAGs
[2025-04-16T13:27:30.371-0500] {logging_mixin.py:190} INFO - [2025-04-16T13:27:30.371-0500] {dag.py:4180} INFO - Setting next_dagrun for example_weekday_branch_operator to 2025-04-15 00:00:00+00:00, run_after=2025-04-16 00:00:00+00:00
[2025-04-16T13:27:30.376-0500] {processor.py:208} INFO - Processing /Library/Frameworks/Python.framework/Versions/3.10/lib/python3.10/site-packages/airflow/example_dags/example_branch_day_of_week_operator.py took 0.070 seconds
[2025-04-16T13:40:31.869-0500] {processor.py:186} INFO - Started process (PID=22592) to work on /Library/Frameworks/Python.framework/Versions/3.10/lib/python3.10/site-packages/airflow/example_dags/example_branch_day_of_week_operator.py
[2025-04-16T13:40:31.869-0500] {processor.py:914} INFO - Processing file /Library/Frameworks/Python.framework/Versions/3.10/lib/python3.10/site-packages/airflow/example_dags/example_branch_day_of_week_operator.py for tasks to queue
[2025-04-16T13:40:31.870-0500] {logging_mixin.py:190} INFO - [2025-04-16T13:40:31.870-0500] {dagbag.py:588} INFO - Filling up the DagBag from /Library/Frameworks/Python.framework/Versions/3.10/lib/python3.10/site-packages/airflow/example_dags/example_branch_day_of_week_operator.py
[2025-04-16T13:40:31.894-0500] {processor.py:925} INFO - DAG(s) 'example_weekday_branch_operator' retrieved from /Library/Frameworks/Python.framework/Versions/3.10/lib/python3.10/site-packages/airflow/example_dags/example_branch_day_of_week_operator.py
[2025-04-16T13:40:31.927-0500] {logging_mixin.py:190} INFO - [2025-04-16T13:40:31.927-0500] {dag.py:3239} INFO - Sync 1 DAGs
[2025-04-16T13:40:31.933-0500] {logging_mixin.py:190} INFO - [2025-04-16T13:40:31.932-0500] {dag.py:4180} INFO - Setting next_dagrun for example_weekday_branch_operator to 2025-04-15 00:00:00+00:00, run_after=2025-04-16 00:00:00+00:00
[2025-04-16T13:40:31.938-0500] {processor.py:208} INFO - Processing /Library/Frameworks/Python.framework/Versions/3.10/lib/python3.10/site-packages/airflow/example_dags/example_branch_day_of_week_operator.py took 0.071 seconds
[2025-04-16T13:45:34.189-0500] {processor.py:186} INFO - Started process (PID=23028) to work on /Library/Frameworks/Python.framework/Versions/3.10/lib/python3.10/site-packages/airflow/example_dags/example_branch_day_of_week_operator.py
[2025-04-16T13:45:34.190-0500] {processor.py:914} INFO - Processing file /Library/Frameworks/Python.framework/Versions/3.10/lib/python3.10/site-packages/airflow/example_dags/example_branch_day_of_week_operator.py for tasks to queue
[2025-04-16T13:45:34.190-0500] {logging_mixin.py:190} INFO - [2025-04-16T13:45:34.190-0500] {dagbag.py:588} INFO - Filling up the DagBag from /Library/Frameworks/Python.framework/Versions/3.10/lib/python3.10/site-packages/airflow/example_dags/example_branch_day_of_week_operator.py
[2025-04-16T13:45:34.214-0500] {processor.py:925} INFO - DAG(s) 'example_weekday_branch_operator' retrieved from /Library/Frameworks/Python.framework/Versions/3.10/lib/python3.10/site-packages/airflow/example_dags/example_branch_day_of_week_operator.py
[2025-04-16T13:45:34.248-0500] {logging_mixin.py:190} INFO - [2025-04-16T13:45:34.248-0500] {dag.py:3239} INFO - Sync 1 DAGs
[2025-04-16T13:45:34.255-0500] {logging_mixin.py:190} INFO - [2025-04-16T13:45:34.255-0500] {dag.py:4180} INFO - Setting next_dagrun for example_weekday_branch_operator to 2025-04-15 00:00:00+00:00, run_after=2025-04-16 00:00:00+00:00
[2025-04-16T13:45:34.262-0500] {processor.py:208} INFO - Processing /Library/Frameworks/Python.framework/Versions/3.10/lib/python3.10/site-packages/airflow/example_dags/example_branch_day_of_week_operator.py took 0.074 seconds
[2025-04-16T13:50:21.208-0500] {processor.py:186} INFO - Started process (PID=23348) to work on /Library/Frameworks/Python.framework/Versions/3.10/lib/python3.10/site-packages/airflow/example_dags/example_branch_day_of_week_operator.py
[2025-04-16T13:50:21.209-0500] {processor.py:914} INFO - Processing file /Library/Frameworks/Python.framework/Versions/3.10/lib/python3.10/site-packages/airflow/example_dags/example_branch_day_of_week_operator.py for tasks to queue
[2025-04-16T13:50:21.209-0500] {logging_mixin.py:190} INFO - [2025-04-16T13:50:21.209-0500] {dagbag.py:588} INFO - Filling up the DagBag from /Library/Frameworks/Python.framework/Versions/3.10/lib/python3.10/site-packages/airflow/example_dags/example_branch_day_of_week_operator.py
[2025-04-16T13:50:21.234-0500] {processor.py:925} INFO - DAG(s) 'example_weekday_branch_operator' retrieved from /Library/Frameworks/Python.framework/Versions/3.10/lib/python3.10/site-packages/airflow/example_dags/example_branch_day_of_week_operator.py
[2025-04-16T13:50:21.266-0500] {logging_mixin.py:190} INFO - [2025-04-16T13:50:21.266-0500] {dag.py:3239} INFO - Sync 1 DAGs
[2025-04-16T13:50:21.272-0500] {logging_mixin.py:190} INFO - [2025-04-16T13:50:21.272-0500] {dag.py:4180} INFO - Setting next_dagrun for example_weekday_branch_operator to 2025-04-15 00:00:00+00:00, run_after=2025-04-16 00:00:00+00:00
[2025-04-16T13:50:21.278-0500] {processor.py:208} INFO - Processing /Library/Frameworks/Python.framework/Versions/3.10/lib/python3.10/site-packages/airflow/example_dags/example_branch_day_of_week_operator.py took 0.071 seconds
[2025-04-16T13:55:54.270-0500] {processor.py:186} INFO - Started process (PID=23690) to work on /Library/Frameworks/Python.framework/Versions/3.10/lib/python3.10/site-packages/airflow/example_dags/example_branch_day_of_week_operator.py
[2025-04-16T13:55:54.271-0500] {processor.py:914} INFO - Processing file /Library/Frameworks/Python.framework/Versions/3.10/lib/python3.10/site-packages/airflow/example_dags/example_branch_day_of_week_operator.py for tasks to queue
[2025-04-16T13:55:54.271-0500] {logging_mixin.py:190} INFO - [2025-04-16T13:55:54.271-0500] {dagbag.py:588} INFO - Filling up the DagBag from /Library/Frameworks/Python.framework/Versions/3.10/lib/python3.10/site-packages/airflow/example_dags/example_branch_day_of_week_operator.py
[2025-04-16T13:55:54.296-0500] {processor.py:925} INFO - DAG(s) 'example_weekday_branch_operator' retrieved from /Library/Frameworks/Python.framework/Versions/3.10/lib/python3.10/site-packages/airflow/example_dags/example_branch_day_of_week_operator.py
[2025-04-16T13:55:54.329-0500] {logging_mixin.py:190} INFO - [2025-04-16T13:55:54.329-0500] {dag.py:3239} INFO - Sync 1 DAGs
[2025-04-16T13:55:54.336-0500] {logging_mixin.py:190} INFO - [2025-04-16T13:55:54.336-0500] {dag.py:4180} INFO - Setting next_dagrun for example_weekday_branch_operator to 2025-04-15 00:00:00+00:00, run_after=2025-04-16 00:00:00+00:00
[2025-04-16T13:55:54.343-0500] {processor.py:208} INFO - Processing /Library/Frameworks/Python.framework/Versions/3.10/lib/python3.10/site-packages/airflow/example_dags/example_branch_day_of_week_operator.py took 0.075 seconds
[2025-04-16T14:01:02.328-0500] {processor.py:186} INFO - Started process (PID=24024) to work on /Library/Frameworks/Python.framework/Versions/3.10/lib/python3.10/site-packages/airflow/example_dags/example_branch_day_of_week_operator.py
[2025-04-16T14:01:02.329-0500] {processor.py:914} INFO - Processing file /Library/Frameworks/Python.framework/Versions/3.10/lib/python3.10/site-packages/airflow/example_dags/example_branch_day_of_week_operator.py for tasks to queue
[2025-04-16T14:01:02.329-0500] {logging_mixin.py:190} INFO - [2025-04-16T14:01:02.329-0500] {dagbag.py:588} INFO - Filling up the DagBag from /Library/Frameworks/Python.framework/Versions/3.10/lib/python3.10/site-packages/airflow/example_dags/example_branch_day_of_week_operator.py
[2025-04-16T14:01:02.353-0500] {processor.py:925} INFO - DAG(s) 'example_weekday_branch_operator' retrieved from /Library/Frameworks/Python.framework/Versions/3.10/lib/python3.10/site-packages/airflow/example_dags/example_branch_day_of_week_operator.py
[2025-04-16T14:01:02.385-0500] {logging_mixin.py:190} INFO - [2025-04-16T14:01:02.385-0500] {dag.py:3239} INFO - Sync 1 DAGs
[2025-04-16T14:01:02.391-0500] {logging_mixin.py:190} INFO - [2025-04-16T14:01:02.391-0500] {dag.py:4180} INFO - Setting next_dagrun for example_weekday_branch_operator to 2025-04-15 00:00:00+00:00, run_after=2025-04-16 00:00:00+00:00
[2025-04-16T14:01:02.396-0500] {processor.py:208} INFO - Processing /Library/Frameworks/Python.framework/Versions/3.10/lib/python3.10/site-packages/airflow/example_dags/example_branch_day_of_week_operator.py took 0.069 seconds
[2025-04-16T14:07:29.818-0500] {processor.py:186} INFO - Started process (PID=24397) to work on /Library/Frameworks/Python.framework/Versions/3.10/lib/python3.10/site-packages/airflow/example_dags/example_branch_day_of_week_operator.py
[2025-04-16T14:07:29.819-0500] {processor.py:914} INFO - Processing file /Library/Frameworks/Python.framework/Versions/3.10/lib/python3.10/site-packages/airflow/example_dags/example_branch_day_of_week_operator.py for tasks to queue
[2025-04-16T14:07:29.819-0500] {logging_mixin.py:190} INFO - [2025-04-16T14:07:29.819-0500] {dagbag.py:588} INFO - Filling up the DagBag from /Library/Frameworks/Python.framework/Versions/3.10/lib/python3.10/site-packages/airflow/example_dags/example_branch_day_of_week_operator.py
[2025-04-16T14:07:29.843-0500] {processor.py:925} INFO - DAG(s) 'example_weekday_branch_operator' retrieved from /Library/Frameworks/Python.framework/Versions/3.10/lib/python3.10/site-packages/airflow/example_dags/example_branch_day_of_week_operator.py
[2025-04-16T14:07:29.875-0500] {logging_mixin.py:190} INFO - [2025-04-16T14:07:29.875-0500] {dag.py:3239} INFO - Sync 1 DAGs
[2025-04-16T14:07:29.880-0500] {logging_mixin.py:190} INFO - [2025-04-16T14:07:29.880-0500] {dag.py:4180} INFO - Setting next_dagrun for example_weekday_branch_operator to 2025-04-15 00:00:00+00:00, run_after=2025-04-16 00:00:00+00:00
[2025-04-16T14:07:29.886-0500] {processor.py:208} INFO - Processing /Library/Frameworks/Python.framework/Versions/3.10/lib/python3.10/site-packages/airflow/example_dags/example_branch_day_of_week_operator.py took 0.070 seconds
[2025-04-16T14:41:34.952-0500] {processor.py:186} INFO - Started process (PID=24619) to work on /Library/Frameworks/Python.framework/Versions/3.10/lib/python3.10/site-packages/airflow/example_dags/example_branch_day_of_week_operator.py
[2025-04-16T14:41:34.952-0500] {processor.py:914} INFO - Processing file /Library/Frameworks/Python.framework/Versions/3.10/lib/python3.10/site-packages/airflow/example_dags/example_branch_day_of_week_operator.py for tasks to queue
[2025-04-16T14:41:34.953-0500] {logging_mixin.py:190} INFO - [2025-04-16T14:41:34.953-0500] {dagbag.py:588} INFO - Filling up the DagBag from /Library/Frameworks/Python.framework/Versions/3.10/lib/python3.10/site-packages/airflow/example_dags/example_branch_day_of_week_operator.py
[2025-04-16T14:41:34.978-0500] {processor.py:925} INFO - DAG(s) 'example_weekday_branch_operator' retrieved from /Library/Frameworks/Python.framework/Versions/3.10/lib/python3.10/site-packages/airflow/example_dags/example_branch_day_of_week_operator.py
[2025-04-16T14:41:35.011-0500] {logging_mixin.py:190} INFO - [2025-04-16T14:41:35.011-0500] {dag.py:3239} INFO - Sync 1 DAGs
[2025-04-16T14:41:35.017-0500] {logging_mixin.py:190} INFO - [2025-04-16T14:41:35.017-0500] {dag.py:4180} INFO - Setting next_dagrun for example_weekday_branch_operator to 2025-04-15 00:00:00+00:00, run_after=2025-04-16 00:00:00+00:00
[2025-04-16T14:41:35.022-0500] {processor.py:208} INFO - Processing /Library/Frameworks/Python.framework/Versions/3.10/lib/python3.10/site-packages/airflow/example_dags/example_branch_day_of_week_operator.py took 0.072 seconds
[2025-04-16T14:46:42.299-0500] {processor.py:186} INFO - Started process (PID=25003) to work on /Library/Frameworks/Python.framework/Versions/3.10/lib/python3.10/site-packages/airflow/example_dags/example_branch_day_of_week_operator.py
[2025-04-16T14:46:42.300-0500] {processor.py:914} INFO - Processing file /Library/Frameworks/Python.framework/Versions/3.10/lib/python3.10/site-packages/airflow/example_dags/example_branch_day_of_week_operator.py for tasks to queue
[2025-04-16T14:46:42.300-0500] {logging_mixin.py:190} INFO - [2025-04-16T14:46:42.300-0500] {dagbag.py:588} INFO - Filling up the DagBag from /Library/Frameworks/Python.framework/Versions/3.10/lib/python3.10/site-packages/airflow/example_dags/example_branch_day_of_week_operator.py
[2025-04-16T14:46:42.331-0500] {processor.py:925} INFO - DAG(s) 'example_weekday_branch_operator' retrieved from /Library/Frameworks/Python.framework/Versions/3.10/lib/python3.10/site-packages/airflow/example_dags/example_branch_day_of_week_operator.py
[2025-04-16T14:46:42.365-0500] {logging_mixin.py:190} INFO - [2025-04-16T14:46:42.364-0500] {dag.py:3239} INFO - Sync 1 DAGs
[2025-04-16T14:46:42.371-0500] {logging_mixin.py:190} INFO - [2025-04-16T14:46:42.371-0500] {dag.py:4180} INFO - Setting next_dagrun for example_weekday_branch_operator to 2025-04-15 00:00:00+00:00, run_after=2025-04-16 00:00:00+00:00
[2025-04-16T14:46:42.377-0500] {processor.py:208} INFO - Processing /Library/Frameworks/Python.framework/Versions/3.10/lib/python3.10/site-packages/airflow/example_dags/example_branch_day_of_week_operator.py took 0.080 seconds
[2025-04-16T14:51:58.633-0500] {processor.py:186} INFO - Started process (PID=25322) to work on /Library/Frameworks/Python.framework/Versions/3.10/lib/python3.10/site-packages/airflow/example_dags/example_branch_day_of_week_operator.py
[2025-04-16T14:51:58.633-0500] {processor.py:914} INFO - Processing file /Library/Frameworks/Python.framework/Versions/3.10/lib/python3.10/site-packages/airflow/example_dags/example_branch_day_of_week_operator.py for tasks to queue
[2025-04-16T14:51:58.634-0500] {logging_mixin.py:190} INFO - [2025-04-16T14:51:58.634-0500] {dagbag.py:588} INFO - Filling up the DagBag from /Library/Frameworks/Python.framework/Versions/3.10/lib/python3.10/site-packages/airflow/example_dags/example_branch_day_of_week_operator.py
[2025-04-16T14:51:58.659-0500] {processor.py:925} INFO - DAG(s) 'example_weekday_branch_operator' retrieved from /Library/Frameworks/Python.framework/Versions/3.10/lib/python3.10/site-packages/airflow/example_dags/example_branch_day_of_week_operator.py
[2025-04-16T14:51:58.693-0500] {logging_mixin.py:190} INFO - [2025-04-16T14:51:58.693-0500] {dag.py:3239} INFO - Sync 1 DAGs
[2025-04-16T14:51:58.699-0500] {logging_mixin.py:190} INFO - [2025-04-16T14:51:58.699-0500] {dag.py:4180} INFO - Setting next_dagrun for example_weekday_branch_operator to 2025-04-15 00:00:00+00:00, run_after=2025-04-16 00:00:00+00:00
[2025-04-16T14:51:58.704-0500] {processor.py:208} INFO - Processing /Library/Frameworks/Python.framework/Versions/3.10/lib/python3.10/site-packages/airflow/example_dags/example_branch_day_of_week_operator.py took 0.073 seconds
[2025-04-16T14:56:48.911-0500] {processor.py:186} INFO - Started process (PID=25666) to work on /Library/Frameworks/Python.framework/Versions/3.10/lib/python3.10/site-packages/airflow/example_dags/example_branch_day_of_week_operator.py
[2025-04-16T14:56:48.912-0500] {processor.py:914} INFO - Processing file /Library/Frameworks/Python.framework/Versions/3.10/lib/python3.10/site-packages/airflow/example_dags/example_branch_day_of_week_operator.py for tasks to queue
[2025-04-16T14:56:48.912-0500] {logging_mixin.py:190} INFO - [2025-04-16T14:56:48.912-0500] {dagbag.py:588} INFO - Filling up the DagBag from /Library/Frameworks/Python.framework/Versions/3.10/lib/python3.10/site-packages/airflow/example_dags/example_branch_day_of_week_operator.py
[2025-04-16T14:56:48.937-0500] {processor.py:925} INFO - DAG(s) 'example_weekday_branch_operator' retrieved from /Library/Frameworks/Python.framework/Versions/3.10/lib/python3.10/site-packages/airflow/example_dags/example_branch_day_of_week_operator.py
[2025-04-16T14:56:48.969-0500] {logging_mixin.py:190} INFO - [2025-04-16T14:56:48.969-0500] {dag.py:3239} INFO - Sync 1 DAGs
[2025-04-16T14:56:48.974-0500] {logging_mixin.py:190} INFO - [2025-04-16T14:56:48.974-0500] {dag.py:4180} INFO - Setting next_dagrun for example_weekday_branch_operator to 2025-04-15 00:00:00+00:00, run_after=2025-04-16 00:00:00+00:00
[2025-04-16T14:56:48.980-0500] {processor.py:208} INFO - Processing /Library/Frameworks/Python.framework/Versions/3.10/lib/python3.10/site-packages/airflow/example_dags/example_branch_day_of_week_operator.py took 0.070 seconds
[2025-04-16T15:01:51.576-0500] {processor.py:186} INFO - Started process (PID=25977) to work on /Library/Frameworks/Python.framework/Versions/3.10/lib/python3.10/site-packages/airflow/example_dags/example_branch_day_of_week_operator.py
[2025-04-16T15:01:51.577-0500] {processor.py:914} INFO - Processing file /Library/Frameworks/Python.framework/Versions/3.10/lib/python3.10/site-packages/airflow/example_dags/example_branch_day_of_week_operator.py for tasks to queue
[2025-04-16T15:01:51.577-0500] {logging_mixin.py:190} INFO - [2025-04-16T15:01:51.577-0500] {dagbag.py:588} INFO - Filling up the DagBag from /Library/Frameworks/Python.framework/Versions/3.10/lib/python3.10/site-packages/airflow/example_dags/example_branch_day_of_week_operator.py
[2025-04-16T15:01:51.601-0500] {processor.py:925} INFO - DAG(s) 'example_weekday_branch_operator' retrieved from /Library/Frameworks/Python.framework/Versions/3.10/lib/python3.10/site-packages/airflow/example_dags/example_branch_day_of_week_operator.py
[2025-04-16T15:01:51.633-0500] {logging_mixin.py:190} INFO - [2025-04-16T15:01:51.633-0500] {dag.py:3239} INFO - Sync 1 DAGs
[2025-04-16T15:01:51.639-0500] {logging_mixin.py:190} INFO - [2025-04-16T15:01:51.639-0500] {dag.py:4180} INFO - Setting next_dagrun for example_weekday_branch_operator to 2025-04-15 00:00:00+00:00, run_after=2025-04-16 00:00:00+00:00
[2025-04-16T15:01:51.644-0500] {processor.py:208} INFO - Processing /Library/Frameworks/Python.framework/Versions/3.10/lib/python3.10/site-packages/airflow/example_dags/example_branch_day_of_week_operator.py took 0.070 seconds
[2025-04-16T15:06:52.540-0500] {processor.py:186} INFO - Started process (PID=26272) to work on /Library/Frameworks/Python.framework/Versions/3.10/lib/python3.10/site-packages/airflow/example_dags/example_branch_day_of_week_operator.py
[2025-04-16T15:06:52.541-0500] {processor.py:914} INFO - Processing file /Library/Frameworks/Python.framework/Versions/3.10/lib/python3.10/site-packages/airflow/example_dags/example_branch_day_of_week_operator.py for tasks to queue
[2025-04-16T15:06:52.541-0500] {logging_mixin.py:190} INFO - [2025-04-16T15:06:52.541-0500] {dagbag.py:588} INFO - Filling up the DagBag from /Library/Frameworks/Python.framework/Versions/3.10/lib/python3.10/site-packages/airflow/example_dags/example_branch_day_of_week_operator.py
[2025-04-16T15:06:52.569-0500] {processor.py:925} INFO - DAG(s) 'example_weekday_branch_operator' retrieved from /Library/Frameworks/Python.framework/Versions/3.10/lib/python3.10/site-packages/airflow/example_dags/example_branch_day_of_week_operator.py
[2025-04-16T15:06:52.603-0500] {logging_mixin.py:190} INFO - [2025-04-16T15:06:52.602-0500] {dag.py:3239} INFO - Sync 1 DAGs
[2025-04-16T15:06:52.608-0500] {logging_mixin.py:190} INFO - [2025-04-16T15:06:52.608-0500] {dag.py:4180} INFO - Setting next_dagrun for example_weekday_branch_operator to 2025-04-15 00:00:00+00:00, run_after=2025-04-16 00:00:00+00:00
[2025-04-16T15:06:52.613-0500] {processor.py:208} INFO - Processing /Library/Frameworks/Python.framework/Versions/3.10/lib/python3.10/site-packages/airflow/example_dags/example_branch_day_of_week_operator.py took 0.075 seconds
[2025-04-16T15:11:42.523-0500] {processor.py:186} INFO - Started process (PID=26613) to work on /Library/Frameworks/Python.framework/Versions/3.10/lib/python3.10/site-packages/airflow/example_dags/example_branch_day_of_week_operator.py
[2025-04-16T15:11:42.523-0500] {processor.py:914} INFO - Processing file /Library/Frameworks/Python.framework/Versions/3.10/lib/python3.10/site-packages/airflow/example_dags/example_branch_day_of_week_operator.py for tasks to queue
[2025-04-16T15:11:42.524-0500] {logging_mixin.py:190} INFO - [2025-04-16T15:11:42.524-0500] {dagbag.py:588} INFO - Filling up the DagBag from /Library/Frameworks/Python.framework/Versions/3.10/lib/python3.10/site-packages/airflow/example_dags/example_branch_day_of_week_operator.py
[2025-04-16T15:11:42.548-0500] {processor.py:925} INFO - DAG(s) 'example_weekday_branch_operator' retrieved from /Library/Frameworks/Python.framework/Versions/3.10/lib/python3.10/site-packages/airflow/example_dags/example_branch_day_of_week_operator.py
[2025-04-16T15:11:42.581-0500] {logging_mixin.py:190} INFO - [2025-04-16T15:11:42.581-0500] {dag.py:3239} INFO - Sync 1 DAGs
[2025-04-16T15:11:42.587-0500] {logging_mixin.py:190} INFO - [2025-04-16T15:11:42.587-0500] {dag.py:4180} INFO - Setting next_dagrun for example_weekday_branch_operator to 2025-04-15 00:00:00+00:00, run_after=2025-04-16 00:00:00+00:00
[2025-04-16T15:11:42.592-0500] {processor.py:208} INFO - Processing /Library/Frameworks/Python.framework/Versions/3.10/lib/python3.10/site-packages/airflow/example_dags/example_branch_day_of_week_operator.py took 0.071 seconds
[2025-04-16T15:16:26.804-0500] {processor.py:186} INFO - Started process (PID=26952) to work on /Library/Frameworks/Python.framework/Versions/3.10/lib/python3.10/site-packages/airflow/example_dags/example_branch_day_of_week_operator.py
[2025-04-16T15:16:26.804-0500] {processor.py:914} INFO - Processing file /Library/Frameworks/Python.framework/Versions/3.10/lib/python3.10/site-packages/airflow/example_dags/example_branch_day_of_week_operator.py for tasks to queue
[2025-04-16T15:16:26.805-0500] {logging_mixin.py:190} INFO - [2025-04-16T15:16:26.805-0500] {dagbag.py:588} INFO - Filling up the DagBag from /Library/Frameworks/Python.framework/Versions/3.10/lib/python3.10/site-packages/airflow/example_dags/example_branch_day_of_week_operator.py
[2025-04-16T15:16:26.829-0500] {processor.py:925} INFO - DAG(s) 'example_weekday_branch_operator' retrieved from /Library/Frameworks/Python.framework/Versions/3.10/lib/python3.10/site-packages/airflow/example_dags/example_branch_day_of_week_operator.py
[2025-04-16T15:16:26.862-0500] {logging_mixin.py:190} INFO - [2025-04-16T15:16:26.861-0500] {dag.py:3239} INFO - Sync 1 DAGs
[2025-04-16T15:16:26.867-0500] {logging_mixin.py:190} INFO - [2025-04-16T15:16:26.867-0500] {dag.py:4180} INFO - Setting next_dagrun for example_weekday_branch_operator to 2025-04-15 00:00:00+00:00, run_after=2025-04-16 00:00:00+00:00
[2025-04-16T15:16:26.872-0500] {processor.py:208} INFO - Processing /Library/Frameworks/Python.framework/Versions/3.10/lib/python3.10/site-packages/airflow/example_dags/example_branch_day_of_week_operator.py took 0.070 seconds
[2025-04-16T15:21:13.718-0500] {processor.py:186} INFO - Started process (PID=27232) to work on /Library/Frameworks/Python.framework/Versions/3.10/lib/python3.10/site-packages/airflow/example_dags/example_branch_day_of_week_operator.py
[2025-04-16T15:21:13.719-0500] {processor.py:914} INFO - Processing file /Library/Frameworks/Python.framework/Versions/3.10/lib/python3.10/site-packages/airflow/example_dags/example_branch_day_of_week_operator.py for tasks to queue
[2025-04-16T15:21:13.719-0500] {logging_mixin.py:190} INFO - [2025-04-16T15:21:13.719-0500] {dagbag.py:588} INFO - Filling up the DagBag from /Library/Frameworks/Python.framework/Versions/3.10/lib/python3.10/site-packages/airflow/example_dags/example_branch_day_of_week_operator.py
[2025-04-16T15:21:13.744-0500] {processor.py:925} INFO - DAG(s) 'example_weekday_branch_operator' retrieved from /Library/Frameworks/Python.framework/Versions/3.10/lib/python3.10/site-packages/airflow/example_dags/example_branch_day_of_week_operator.py
[2025-04-16T15:21:13.776-0500] {logging_mixin.py:190} INFO - [2025-04-16T15:21:13.776-0500] {dag.py:3239} INFO - Sync 1 DAGs
[2025-04-16T15:21:13.782-0500] {logging_mixin.py:190} INFO - [2025-04-16T15:21:13.782-0500] {dag.py:4180} INFO - Setting next_dagrun for example_weekday_branch_operator to 2025-04-15 00:00:00+00:00, run_after=2025-04-16 00:00:00+00:00
[2025-04-16T15:21:13.787-0500] {processor.py:208} INFO - Processing /Library/Frameworks/Python.framework/Versions/3.10/lib/python3.10/site-packages/airflow/example_dags/example_branch_day_of_week_operator.py took 0.071 seconds
[2025-04-16T15:26:23.341-0500] {processor.py:186} INFO - Started process (PID=27593) to work on /Library/Frameworks/Python.framework/Versions/3.10/lib/python3.10/site-packages/airflow/example_dags/example_branch_day_of_week_operator.py
[2025-04-16T15:26:23.342-0500] {processor.py:914} INFO - Processing file /Library/Frameworks/Python.framework/Versions/3.10/lib/python3.10/site-packages/airflow/example_dags/example_branch_day_of_week_operator.py for tasks to queue
[2025-04-16T15:26:23.342-0500] {logging_mixin.py:190} INFO - [2025-04-16T15:26:23.342-0500] {dagbag.py:588} INFO - Filling up the DagBag from /Library/Frameworks/Python.framework/Versions/3.10/lib/python3.10/site-packages/airflow/example_dags/example_branch_day_of_week_operator.py
[2025-04-16T15:26:23.367-0500] {processor.py:925} INFO - DAG(s) 'example_weekday_branch_operator' retrieved from /Library/Frameworks/Python.framework/Versions/3.10/lib/python3.10/site-packages/airflow/example_dags/example_branch_day_of_week_operator.py
[2025-04-16T15:26:23.401-0500] {logging_mixin.py:190} INFO - [2025-04-16T15:26:23.400-0500] {dag.py:3239} INFO - Sync 1 DAGs
[2025-04-16T15:26:23.406-0500] {logging_mixin.py:190} INFO - [2025-04-16T15:26:23.406-0500] {dag.py:4180} INFO - Setting next_dagrun for example_weekday_branch_operator to 2025-04-15 00:00:00+00:00, run_after=2025-04-16 00:00:00+00:00
[2025-04-16T15:26:23.412-0500] {processor.py:208} INFO - Processing /Library/Frameworks/Python.framework/Versions/3.10/lib/python3.10/site-packages/airflow/example_dags/example_branch_day_of_week_operator.py took 0.072 seconds
[2025-04-16T15:31:27.394-0500] {processor.py:186} INFO - Started process (PID=27948) to work on /Library/Frameworks/Python.framework/Versions/3.10/lib/python3.10/site-packages/airflow/example_dags/example_branch_day_of_week_operator.py
[2025-04-16T15:31:27.394-0500] {processor.py:914} INFO - Processing file /Library/Frameworks/Python.framework/Versions/3.10/lib/python3.10/site-packages/airflow/example_dags/example_branch_day_of_week_operator.py for tasks to queue
[2025-04-16T15:31:27.395-0500] {logging_mixin.py:190} INFO - [2025-04-16T15:31:27.395-0500] {dagbag.py:588} INFO - Filling up the DagBag from /Library/Frameworks/Python.framework/Versions/3.10/lib/python3.10/site-packages/airflow/example_dags/example_branch_day_of_week_operator.py
[2025-04-16T15:31:27.433-0500] {processor.py:925} INFO - DAG(s) 'example_weekday_branch_operator' retrieved from /Library/Frameworks/Python.framework/Versions/3.10/lib/python3.10/site-packages/airflow/example_dags/example_branch_day_of_week_operator.py
[2025-04-16T15:31:27.467-0500] {logging_mixin.py:190} INFO - [2025-04-16T15:31:27.467-0500] {dag.py:3239} INFO - Sync 1 DAGs
[2025-04-16T15:31:27.473-0500] {logging_mixin.py:190} INFO - [2025-04-16T15:31:27.473-0500] {dag.py:4180} INFO - Setting next_dagrun for example_weekday_branch_operator to 2025-04-15 00:00:00+00:00, run_after=2025-04-16 00:00:00+00:00
[2025-04-16T15:31:27.481-0500] {processor.py:208} INFO - Processing /Library/Frameworks/Python.framework/Versions/3.10/lib/python3.10/site-packages/airflow/example_dags/example_branch_day_of_week_operator.py took 0.090 seconds
[2025-04-16T15:54:02.959-0500] {processor.py:186} INFO - Started process (PID=28419) to work on /Library/Frameworks/Python.framework/Versions/3.10/lib/python3.10/site-packages/airflow/example_dags/example_branch_day_of_week_operator.py
[2025-04-16T15:54:02.960-0500] {processor.py:914} INFO - Processing file /Library/Frameworks/Python.framework/Versions/3.10/lib/python3.10/site-packages/airflow/example_dags/example_branch_day_of_week_operator.py for tasks to queue
[2025-04-16T15:54:02.961-0500] {logging_mixin.py:190} INFO - [2025-04-16T15:54:02.961-0500] {dagbag.py:588} INFO - Filling up the DagBag from /Library/Frameworks/Python.framework/Versions/3.10/lib/python3.10/site-packages/airflow/example_dags/example_branch_day_of_week_operator.py
[2025-04-16T15:54:02.998-0500] {processor.py:925} INFO - DAG(s) 'example_weekday_branch_operator' retrieved from /Library/Frameworks/Python.framework/Versions/3.10/lib/python3.10/site-packages/airflow/example_dags/example_branch_day_of_week_operator.py
[2025-04-16T15:54:03.036-0500] {logging_mixin.py:190} INFO - [2025-04-16T15:54:03.035-0500] {dag.py:3239} INFO - Sync 1 DAGs
[2025-04-16T15:54:03.042-0500] {logging_mixin.py:190} INFO - [2025-04-16T15:54:03.042-0500] {dag.py:4180} INFO - Setting next_dagrun for example_weekday_branch_operator to 2025-04-15 00:00:00+00:00, run_after=2025-04-16 00:00:00+00:00
[2025-04-16T15:54:03.048-0500] {processor.py:208} INFO - Processing /Library/Frameworks/Python.framework/Versions/3.10/lib/python3.10/site-packages/airflow/example_dags/example_branch_day_of_week_operator.py took 0.092 seconds
[2025-04-16T15:59:03.379-0500] {processor.py:186} INFO - Started process (PID=28884) to work on /Library/Frameworks/Python.framework/Versions/3.10/lib/python3.10/site-packages/airflow/example_dags/example_branch_day_of_week_operator.py
[2025-04-16T15:59:03.379-0500] {processor.py:914} INFO - Processing file /Library/Frameworks/Python.framework/Versions/3.10/lib/python3.10/site-packages/airflow/example_dags/example_branch_day_of_week_operator.py for tasks to queue
[2025-04-16T15:59:03.380-0500] {logging_mixin.py:190} INFO - [2025-04-16T15:59:03.380-0500] {dagbag.py:588} INFO - Filling up the DagBag from /Library/Frameworks/Python.framework/Versions/3.10/lib/python3.10/site-packages/airflow/example_dags/example_branch_day_of_week_operator.py
[2025-04-16T15:59:03.404-0500] {processor.py:925} INFO - DAG(s) 'example_weekday_branch_operator' retrieved from /Library/Frameworks/Python.framework/Versions/3.10/lib/python3.10/site-packages/airflow/example_dags/example_branch_day_of_week_operator.py
[2025-04-16T15:59:03.437-0500] {logging_mixin.py:190} INFO - [2025-04-16T15:59:03.436-0500] {dag.py:3239} INFO - Sync 1 DAGs
[2025-04-16T15:59:03.442-0500] {logging_mixin.py:190} INFO - [2025-04-16T15:59:03.442-0500] {dag.py:4180} INFO - Setting next_dagrun for example_weekday_branch_operator to 2025-04-15 00:00:00+00:00, run_after=2025-04-16 00:00:00+00:00
[2025-04-16T15:59:03.448-0500] {processor.py:208} INFO - Processing /Library/Frameworks/Python.framework/Versions/3.10/lib/python3.10/site-packages/airflow/example_dags/example_branch_day_of_week_operator.py took 0.070 seconds
[2025-04-16T16:03:43.998-0500] {processor.py:186} INFO - Started process (PID=29218) to work on /Library/Frameworks/Python.framework/Versions/3.10/lib/python3.10/site-packages/airflow/example_dags/example_branch_day_of_week_operator.py
[2025-04-16T16:03:43.999-0500] {processor.py:914} INFO - Processing file /Library/Frameworks/Python.framework/Versions/3.10/lib/python3.10/site-packages/airflow/example_dags/example_branch_day_of_week_operator.py for tasks to queue
[2025-04-16T16:03:43.999-0500] {logging_mixin.py:190} INFO - [2025-04-16T16:03:43.999-0500] {dagbag.py:588} INFO - Filling up the DagBag from /Library/Frameworks/Python.framework/Versions/3.10/lib/python3.10/site-packages/airflow/example_dags/example_branch_day_of_week_operator.py
[2025-04-16T16:03:44.024-0500] {processor.py:925} INFO - DAG(s) 'example_weekday_branch_operator' retrieved from /Library/Frameworks/Python.framework/Versions/3.10/lib/python3.10/site-packages/airflow/example_dags/example_branch_day_of_week_operator.py
[2025-04-16T16:03:44.057-0500] {logging_mixin.py:190} INFO - [2025-04-16T16:03:44.057-0500] {dag.py:3239} INFO - Sync 1 DAGs
[2025-04-16T16:03:44.062-0500] {logging_mixin.py:190} INFO - [2025-04-16T16:03:44.062-0500] {dag.py:4180} INFO - Setting next_dagrun for example_weekday_branch_operator to 2025-04-15 00:00:00+00:00, run_after=2025-04-16 00:00:00+00:00
[2025-04-16T16:03:44.068-0500] {processor.py:208} INFO - Processing /Library/Frameworks/Python.framework/Versions/3.10/lib/python3.10/site-packages/airflow/example_dags/example_branch_day_of_week_operator.py took 0.071 seconds
[2025-04-16T16:08:11.301-0500] {processor.py:186} INFO - Started process (PID=29544) to work on /Library/Frameworks/Python.framework/Versions/3.10/lib/python3.10/site-packages/airflow/example_dags/example_branch_day_of_week_operator.py
[2025-04-16T16:08:11.302-0500] {processor.py:914} INFO - Processing file /Library/Frameworks/Python.framework/Versions/3.10/lib/python3.10/site-packages/airflow/example_dags/example_branch_day_of_week_operator.py for tasks to queue
[2025-04-16T16:08:11.302-0500] {logging_mixin.py:190} INFO - [2025-04-16T16:08:11.302-0500] {dagbag.py:588} INFO - Filling up the DagBag from /Library/Frameworks/Python.framework/Versions/3.10/lib/python3.10/site-packages/airflow/example_dags/example_branch_day_of_week_operator.py
[2025-04-16T16:08:11.327-0500] {processor.py:925} INFO - DAG(s) 'example_weekday_branch_operator' retrieved from /Library/Frameworks/Python.framework/Versions/3.10/lib/python3.10/site-packages/airflow/example_dags/example_branch_day_of_week_operator.py
[2025-04-16T16:08:11.360-0500] {logging_mixin.py:190} INFO - [2025-04-16T16:08:11.360-0500] {dag.py:3239} INFO - Sync 1 DAGs
[2025-04-16T16:08:11.366-0500] {logging_mixin.py:190} INFO - [2025-04-16T16:08:11.366-0500] {dag.py:4180} INFO - Setting next_dagrun for example_weekday_branch_operator to 2025-04-15 00:00:00+00:00, run_after=2025-04-16 00:00:00+00:00
[2025-04-16T16:08:11.371-0500] {processor.py:208} INFO - Processing /Library/Frameworks/Python.framework/Versions/3.10/lib/python3.10/site-packages/airflow/example_dags/example_branch_day_of_week_operator.py took 0.072 seconds
[2025-04-16T16:12:38.218-0500] {processor.py:186} INFO - Started process (PID=29840) to work on /Library/Frameworks/Python.framework/Versions/3.10/lib/python3.10/site-packages/airflow/example_dags/example_branch_day_of_week_operator.py
[2025-04-16T16:12:38.218-0500] {processor.py:914} INFO - Processing file /Library/Frameworks/Python.framework/Versions/3.10/lib/python3.10/site-packages/airflow/example_dags/example_branch_day_of_week_operator.py for tasks to queue
[2025-04-16T16:12:38.219-0500] {logging_mixin.py:190} INFO - [2025-04-16T16:12:38.219-0500] {dagbag.py:588} INFO - Filling up the DagBag from /Library/Frameworks/Python.framework/Versions/3.10/lib/python3.10/site-packages/airflow/example_dags/example_branch_day_of_week_operator.py
[2025-04-16T16:12:38.243-0500] {processor.py:925} INFO - DAG(s) 'example_weekday_branch_operator' retrieved from /Library/Frameworks/Python.framework/Versions/3.10/lib/python3.10/site-packages/airflow/example_dags/example_branch_day_of_week_operator.py
[2025-04-16T16:12:38.277-0500] {logging_mixin.py:190} INFO - [2025-04-16T16:12:38.277-0500] {dag.py:3239} INFO - Sync 1 DAGs
[2025-04-16T16:12:38.282-0500] {logging_mixin.py:190} INFO - [2025-04-16T16:12:38.282-0500] {dag.py:4180} INFO - Setting next_dagrun for example_weekday_branch_operator to 2025-04-15 00:00:00+00:00, run_after=2025-04-16 00:00:00+00:00
[2025-04-16T16:12:38.288-0500] {processor.py:208} INFO - Processing /Library/Frameworks/Python.framework/Versions/3.10/lib/python3.10/site-packages/airflow/example_dags/example_branch_day_of_week_operator.py took 0.072 seconds
[2025-04-16T16:17:03.745-0500] {processor.py:186} INFO - Started process (PID=30108) to work on /Library/Frameworks/Python.framework/Versions/3.10/lib/python3.10/site-packages/airflow/example_dags/example_branch_day_of_week_operator.py
[2025-04-16T16:17:03.745-0500] {processor.py:914} INFO - Processing file /Library/Frameworks/Python.framework/Versions/3.10/lib/python3.10/site-packages/airflow/example_dags/example_branch_day_of_week_operator.py for tasks to queue
[2025-04-16T16:17:03.746-0500] {logging_mixin.py:190} INFO - [2025-04-16T16:17:03.746-0500] {dagbag.py:588} INFO - Filling up the DagBag from /Library/Frameworks/Python.framework/Versions/3.10/lib/python3.10/site-packages/airflow/example_dags/example_branch_day_of_week_operator.py
[2025-04-16T16:17:03.769-0500] {processor.py:925} INFO - DAG(s) 'example_weekday_branch_operator' retrieved from /Library/Frameworks/Python.framework/Versions/3.10/lib/python3.10/site-packages/airflow/example_dags/example_branch_day_of_week_operator.py
[2025-04-16T16:17:03.802-0500] {logging_mixin.py:190} INFO - [2025-04-16T16:17:03.801-0500] {dag.py:3239} INFO - Sync 1 DAGs
[2025-04-16T16:17:03.807-0500] {logging_mixin.py:190} INFO - [2025-04-16T16:17:03.807-0500] {dag.py:4180} INFO - Setting next_dagrun for example_weekday_branch_operator to 2025-04-15 00:00:00+00:00, run_after=2025-04-16 00:00:00+00:00
[2025-04-16T16:17:03.813-0500] {processor.py:208} INFO - Processing /Library/Frameworks/Python.framework/Versions/3.10/lib/python3.10/site-packages/airflow/example_dags/example_branch_day_of_week_operator.py took 0.069 seconds
[2025-04-16T16:23:52.969-0500] {processor.py:186} INFO - Started process (PID=30402) to work on /Library/Frameworks/Python.framework/Versions/3.10/lib/python3.10/site-packages/airflow/example_dags/example_branch_day_of_week_operator.py
[2025-04-16T16:23:52.970-0500] {processor.py:914} INFO - Processing file /Library/Frameworks/Python.framework/Versions/3.10/lib/python3.10/site-packages/airflow/example_dags/example_branch_day_of_week_operator.py for tasks to queue
[2025-04-16T16:23:52.970-0500] {logging_mixin.py:190} INFO - [2025-04-16T16:23:52.970-0500] {dagbag.py:588} INFO - Filling up the DagBag from /Library/Frameworks/Python.framework/Versions/3.10/lib/python3.10/site-packages/airflow/example_dags/example_branch_day_of_week_operator.py
[2025-04-16T16:23:52.995-0500] {processor.py:925} INFO - DAG(s) 'example_weekday_branch_operator' retrieved from /Library/Frameworks/Python.framework/Versions/3.10/lib/python3.10/site-packages/airflow/example_dags/example_branch_day_of_week_operator.py
[2025-04-16T16:23:53.027-0500] {logging_mixin.py:190} INFO - [2025-04-16T16:23:53.027-0500] {dag.py:3239} INFO - Sync 1 DAGs
[2025-04-16T16:23:53.032-0500] {logging_mixin.py:190} INFO - [2025-04-16T16:23:53.032-0500] {dag.py:4180} INFO - Setting next_dagrun for example_weekday_branch_operator to 2025-04-15 00:00:00+00:00, run_after=2025-04-16 00:00:00+00:00
[2025-04-16T16:23:53.038-0500] {processor.py:208} INFO - Processing /Library/Frameworks/Python.framework/Versions/3.10/lib/python3.10/site-packages/airflow/example_dags/example_branch_day_of_week_operator.py took 0.070 seconds
[2025-04-16T17:18:34.662-0500] {processor.py:186} INFO - Started process (PID=30776) to work on /Library/Frameworks/Python.framework/Versions/3.10/lib/python3.10/site-packages/airflow/example_dags/example_branch_day_of_week_operator.py
[2025-04-16T17:18:34.663-0500] {processor.py:914} INFO - Processing file /Library/Frameworks/Python.framework/Versions/3.10/lib/python3.10/site-packages/airflow/example_dags/example_branch_day_of_week_operator.py for tasks to queue
[2025-04-16T17:18:34.663-0500] {logging_mixin.py:190} INFO - [2025-04-16T17:18:34.663-0500] {dagbag.py:588} INFO - Filling up the DagBag from /Library/Frameworks/Python.framework/Versions/3.10/lib/python3.10/site-packages/airflow/example_dags/example_branch_day_of_week_operator.py
[2025-04-16T17:18:34.687-0500] {processor.py:925} INFO - DAG(s) 'example_weekday_branch_operator' retrieved from /Library/Frameworks/Python.framework/Versions/3.10/lib/python3.10/site-packages/airflow/example_dags/example_branch_day_of_week_operator.py
[2025-04-16T17:18:34.720-0500] {logging_mixin.py:190} INFO - [2025-04-16T17:18:34.720-0500] {dag.py:3239} INFO - Sync 1 DAGs
[2025-04-16T17:18:34.725-0500] {logging_mixin.py:190} INFO - [2025-04-16T17:18:34.725-0500] {dag.py:4180} INFO - Setting next_dagrun for example_weekday_branch_operator to 2025-04-15 00:00:00+00:00, run_after=2025-04-16 00:00:00+00:00
[2025-04-16T17:18:34.731-0500] {processor.py:208} INFO - Processing /Library/Frameworks/Python.framework/Versions/3.10/lib/python3.10/site-packages/airflow/example_dags/example_branch_day_of_week_operator.py took 0.071 seconds
