[2025-04-15T20:57:48.647-0500] {processor.py:186} INFO - Started process (PID=10501) to work on /Library/Frameworks/Python.framework/Versions/3.10/lib/python3.10/site-packages/airflow/example_dags/example_display_name.py
[2025-04-15T20:57:48.647-0500] {processor.py:914} INFO - Processing file /Library/Frameworks/Python.framework/Versions/3.10/lib/python3.10/site-packages/airflow/example_dags/example_display_name.py for tasks to queue
[2025-04-15T20:57:48.648-0500] {logging_mixin.py:190} INFO - [2025-04-15T20:57:48.647-0500] {dagbag.py:588} INFO - Filling up the DagBag from /Library/Frameworks/Python.framework/Versions/3.10/lib/python3.10/site-packages/airflow/example_dags/example_display_name.py
[2025-04-15T20:57:48.679-0500] {processor.py:925} INFO - DAG(s) 'example_display_name' retrieved from /Library/Frameworks/Python.framework/Versions/3.10/lib/python3.10/site-packages/airflow/example_dags/example_display_name.py
[2025-04-15T20:57:48.709-0500] {logging_mixin.py:190} INFO - [2025-04-15T20:57:48.709-0500] {dag.py:3239} INFO - Sync 1 DAGs
[2025-04-15T20:57:48.713-0500] {logging_mixin.py:190} INFO - [2025-04-15T20:57:48.713-0500] {dag.py:4180} INFO - Setting next_dagrun for example_display_name to None, run_after=None
[2025-04-15T20:57:48.718-0500] {processor.py:208} INFO - Processing /Library/Frameworks/Python.framework/Versions/3.10/lib/python3.10/site-packages/airflow/example_dags/example_display_name.py took 0.073 seconds
[2025-04-15T21:00:51.696-0500] {processor.py:186} INFO - Started process (PID=10678) to work on /Library/Frameworks/Python.framework/Versions/3.10/lib/python3.10/site-packages/airflow/example_dags/example_display_name.py
[2025-04-15T21:00:51.697-0500] {processor.py:914} INFO - Processing file /Library/Frameworks/Python.framework/Versions/3.10/lib/python3.10/site-packages/airflow/example_dags/example_display_name.py for tasks to queue
[2025-04-15T21:00:51.697-0500] {logging_mixin.py:190} INFO - [2025-04-15T21:00:51.697-0500] {dagbag.py:588} INFO - Filling up the DagBag from /Library/Frameworks/Python.framework/Versions/3.10/lib/python3.10/site-packages/airflow/example_dags/example_display_name.py
[2025-04-15T21:00:51.730-0500] {processor.py:925} INFO - DAG(s) 'example_display_name' retrieved from /Library/Frameworks/Python.framework/Versions/3.10/lib/python3.10/site-packages/airflow/example_dags/example_display_name.py
[2025-04-15T21:00:51.761-0500] {logging_mixin.py:190} INFO - [2025-04-15T21:00:51.761-0500] {dag.py:3239} INFO - Sync 1 DAGs
[2025-04-15T21:00:51.765-0500] {logging_mixin.py:190} INFO - [2025-04-15T21:00:51.765-0500] {dag.py:4180} INFO - Setting next_dagrun for example_display_name to None, run_after=None
[2025-04-15T21:00:51.770-0500] {processor.py:208} INFO - Processing /Library/Frameworks/Python.framework/Versions/3.10/lib/python3.10/site-packages/airflow/example_dags/example_display_name.py took 0.076 seconds
[2025-04-15T21:50:26.706-0500] {processor.py:186} INFO - Started process (PID=11024) to work on /Library/Frameworks/Python.framework/Versions/3.10/lib/python3.10/site-packages/airflow/example_dags/example_display_name.py
[2025-04-15T21:50:26.706-0500] {processor.py:914} INFO - Processing file /Library/Frameworks/Python.framework/Versions/3.10/lib/python3.10/site-packages/airflow/example_dags/example_display_name.py for tasks to queue
[2025-04-15T21:50:26.707-0500] {logging_mixin.py:190} INFO - [2025-04-15T21:50:26.707-0500] {dagbag.py:588} INFO - Filling up the DagBag from /Library/Frameworks/Python.framework/Versions/3.10/lib/python3.10/site-packages/airflow/example_dags/example_display_name.py
[2025-04-15T21:50:26.738-0500] {processor.py:925} INFO - DAG(s) 'example_display_name' retrieved from /Library/Frameworks/Python.framework/Versions/3.10/lib/python3.10/site-packages/airflow/example_dags/example_display_name.py
[2025-04-15T21:50:26.770-0500] {logging_mixin.py:190} INFO - [2025-04-15T21:50:26.770-0500] {dag.py:3239} INFO - Sync 1 DAGs
[2025-04-15T21:50:26.774-0500] {logging_mixin.py:190} INFO - [2025-04-15T21:50:26.774-0500] {dag.py:4180} INFO - Setting next_dagrun for example_display_name to None, run_after=None
[2025-04-15T21:50:26.780-0500] {processor.py:208} INFO - Processing /Library/Frameworks/Python.framework/Versions/3.10/lib/python3.10/site-packages/airflow/example_dags/example_display_name.py took 0.075 seconds
[2025-04-15T23:46:30.043-0500] {processor.py:186} INFO - Started process (PID=11474) to work on /Library/Frameworks/Python.framework/Versions/3.10/lib/python3.10/site-packages/airflow/example_dags/example_display_name.py
[2025-04-15T23:46:30.043-0500] {processor.py:914} INFO - Processing file /Library/Frameworks/Python.framework/Versions/3.10/lib/python3.10/site-packages/airflow/example_dags/example_display_name.py for tasks to queue
[2025-04-15T23:46:30.044-0500] {logging_mixin.py:190} INFO - [2025-04-15T23:46:30.044-0500] {dagbag.py:588} INFO - Filling up the DagBag from /Library/Frameworks/Python.framework/Versions/3.10/lib/python3.10/site-packages/airflow/example_dags/example_display_name.py
[2025-04-15T23:46:30.074-0500] {processor.py:925} INFO - DAG(s) 'example_display_name' retrieved from /Library/Frameworks/Python.framework/Versions/3.10/lib/python3.10/site-packages/airflow/example_dags/example_display_name.py
[2025-04-15T23:46:30.105-0500] {logging_mixin.py:190} INFO - [2025-04-15T23:46:30.105-0500] {dag.py:3239} INFO - Sync 1 DAGs
[2025-04-15T23:46:30.108-0500] {logging_mixin.py:190} INFO - [2025-04-15T23:46:30.108-0500] {dag.py:4180} INFO - Setting next_dagrun for example_display_name to None, run_after=None
[2025-04-15T23:46:30.114-0500] {processor.py:208} INFO - Processing /Library/Frameworks/Python.framework/Versions/3.10/lib/python3.10/site-packages/airflow/example_dags/example_display_name.py took 0.073 seconds
[2025-04-16T01:20:00.071-0500] {processor.py:186} INFO - Started process (PID=11958) to work on /Library/Frameworks/Python.framework/Versions/3.10/lib/python3.10/site-packages/airflow/example_dags/example_display_name.py
[2025-04-16T01:20:00.072-0500] {processor.py:914} INFO - Processing file /Library/Frameworks/Python.framework/Versions/3.10/lib/python3.10/site-packages/airflow/example_dags/example_display_name.py for tasks to queue
[2025-04-16T01:20:00.072-0500] {logging_mixin.py:190} INFO - [2025-04-16T01:20:00.072-0500] {dagbag.py:588} INFO - Filling up the DagBag from /Library/Frameworks/Python.framework/Versions/3.10/lib/python3.10/site-packages/airflow/example_dags/example_display_name.py
[2025-04-16T01:20:00.109-0500] {processor.py:925} INFO - DAG(s) 'example_display_name' retrieved from /Library/Frameworks/Python.framework/Versions/3.10/lib/python3.10/site-packages/airflow/example_dags/example_display_name.py
[2025-04-16T01:20:00.140-0500] {logging_mixin.py:190} INFO - [2025-04-16T01:20:00.140-0500] {dag.py:3239} INFO - Sync 1 DAGs
[2025-04-16T01:20:00.144-0500] {logging_mixin.py:190} INFO - [2025-04-16T01:20:00.144-0500] {dag.py:4180} INFO - Setting next_dagrun for example_display_name to None, run_after=None
[2025-04-16T01:20:00.149-0500] {processor.py:208} INFO - Processing /Library/Frameworks/Python.framework/Versions/3.10/lib/python3.10/site-packages/airflow/example_dags/example_display_name.py took 0.080 seconds
[2025-04-16T03:53:09.545-0500] {processor.py:186} INFO - Started process (PID=12452) to work on /Library/Frameworks/Python.framework/Versions/3.10/lib/python3.10/site-packages/airflow/example_dags/example_display_name.py
[2025-04-16T03:53:09.545-0500] {processor.py:914} INFO - Processing file /Library/Frameworks/Python.framework/Versions/3.10/lib/python3.10/site-packages/airflow/example_dags/example_display_name.py for tasks to queue
[2025-04-16T03:53:09.545-0500] {logging_mixin.py:190} INFO - [2025-04-16T03:53:09.545-0500] {dagbag.py:588} INFO - Filling up the DagBag from /Library/Frameworks/Python.framework/Versions/3.10/lib/python3.10/site-packages/airflow/example_dags/example_display_name.py
[2025-04-16T03:53:09.577-0500] {processor.py:925} INFO - DAG(s) 'example_display_name' retrieved from /Library/Frameworks/Python.framework/Versions/3.10/lib/python3.10/site-packages/airflow/example_dags/example_display_name.py
[2025-04-16T03:53:09.608-0500] {logging_mixin.py:190} INFO - [2025-04-16T03:53:09.608-0500] {dag.py:3239} INFO - Sync 1 DAGs
[2025-04-16T03:53:09.612-0500] {logging_mixin.py:190} INFO - [2025-04-16T03:53:09.612-0500] {dag.py:4180} INFO - Setting next_dagrun for example_display_name to None, run_after=None
[2025-04-16T03:53:09.617-0500] {processor.py:208} INFO - Processing /Library/Frameworks/Python.framework/Versions/3.10/lib/python3.10/site-packages/airflow/example_dags/example_display_name.py took 0.074 seconds
[2025-04-16T04:59:36.209-0500] {processor.py:186} INFO - Started process (PID=12658) to work on /Library/Frameworks/Python.framework/Versions/3.10/lib/python3.10/site-packages/airflow/example_dags/example_display_name.py
[2025-04-16T04:59:36.209-0500] {processor.py:914} INFO - Processing file /Library/Frameworks/Python.framework/Versions/3.10/lib/python3.10/site-packages/airflow/example_dags/example_display_name.py for tasks to queue
[2025-04-16T04:59:36.210-0500] {logging_mixin.py:190} INFO - [2025-04-16T04:59:36.210-0500] {dagbag.py:588} INFO - Filling up the DagBag from /Library/Frameworks/Python.framework/Versions/3.10/lib/python3.10/site-packages/airflow/example_dags/example_display_name.py
[2025-04-16T04:59:36.240-0500] {processor.py:925} INFO - DAG(s) 'example_display_name' retrieved from /Library/Frameworks/Python.framework/Versions/3.10/lib/python3.10/site-packages/airflow/example_dags/example_display_name.py
[2025-04-16T04:59:36.271-0500] {logging_mixin.py:190} INFO - [2025-04-16T04:59:36.271-0500] {dag.py:3239} INFO - Sync 1 DAGs
[2025-04-16T04:59:36.275-0500] {logging_mixin.py:190} INFO - [2025-04-16T04:59:36.275-0500] {dag.py:4180} INFO - Setting next_dagrun for example_display_name to None, run_after=None
[2025-04-16T04:59:36.281-0500] {processor.py:208} INFO - Processing /Library/Frameworks/Python.framework/Versions/3.10/lib/python3.10/site-packages/airflow/example_dags/example_display_name.py took 0.073 seconds
[2025-04-16T09:48:12.546-0500] {processor.py:186} INFO - Started process (PID=13265) to work on /Library/Frameworks/Python.framework/Versions/3.10/lib/python3.10/site-packages/airflow/example_dags/example_display_name.py
[2025-04-16T09:48:12.546-0500] {processor.py:914} INFO - Processing file /Library/Frameworks/Python.framework/Versions/3.10/lib/python3.10/site-packages/airflow/example_dags/example_display_name.py for tasks to queue
[2025-04-16T09:48:12.547-0500] {logging_mixin.py:190} INFO - [2025-04-16T09:48:12.547-0500] {dagbag.py:588} INFO - Filling up the DagBag from /Library/Frameworks/Python.framework/Versions/3.10/lib/python3.10/site-packages/airflow/example_dags/example_display_name.py
[2025-04-16T09:48:12.577-0500] {processor.py:925} INFO - DAG(s) 'example_display_name' retrieved from /Library/Frameworks/Python.framework/Versions/3.10/lib/python3.10/site-packages/airflow/example_dags/example_display_name.py
[2025-04-16T09:48:12.608-0500] {logging_mixin.py:190} INFO - [2025-04-16T09:48:12.608-0500] {dag.py:3239} INFO - Sync 1 DAGs
[2025-04-16T09:48:12.612-0500] {logging_mixin.py:190} INFO - [2025-04-16T09:48:12.612-0500] {dag.py:4180} INFO - Setting next_dagrun for example_display_name to None, run_after=None
[2025-04-16T09:48:12.618-0500] {processor.py:208} INFO - Processing /Library/Frameworks/Python.framework/Versions/3.10/lib/python3.10/site-packages/airflow/example_dags/example_display_name.py took 0.074 seconds
[2025-04-16T10:32:28.663-0500] {processor.py:186} INFO - Started process (PID=13537) to work on /Library/Frameworks/Python.framework/Versions/3.10/lib/python3.10/site-packages/airflow/example_dags/example_display_name.py
[2025-04-16T10:32:28.664-0500] {processor.py:914} INFO - Processing file /Library/Frameworks/Python.framework/Versions/3.10/lib/python3.10/site-packages/airflow/example_dags/example_display_name.py for tasks to queue
[2025-04-16T10:32:28.664-0500] {logging_mixin.py:190} INFO - [2025-04-16T10:32:28.664-0500] {dagbag.py:588} INFO - Filling up the DagBag from /Library/Frameworks/Python.framework/Versions/3.10/lib/python3.10/site-packages/airflow/example_dags/example_display_name.py
[2025-04-16T10:32:28.699-0500] {processor.py:925} INFO - DAG(s) 'example_display_name' retrieved from /Library/Frameworks/Python.framework/Versions/3.10/lib/python3.10/site-packages/airflow/example_dags/example_display_name.py
[2025-04-16T10:32:28.731-0500] {logging_mixin.py:190} INFO - [2025-04-16T10:32:28.730-0500] {dag.py:3239} INFO - Sync 1 DAGs
[2025-04-16T10:32:28.735-0500] {logging_mixin.py:190} INFO - [2025-04-16T10:32:28.735-0500] {dag.py:4180} INFO - Setting next_dagrun for example_display_name to None, run_after=None
[2025-04-16T10:32:28.741-0500] {processor.py:208} INFO - Processing /Library/Frameworks/Python.framework/Versions/3.10/lib/python3.10/site-packages/airflow/example_dags/example_display_name.py took 0.080 seconds
[2025-04-16T10:37:29.582-0500] {processor.py:186} INFO - Started process (PID=13932) to work on /Library/Frameworks/Python.framework/Versions/3.10/lib/python3.10/site-packages/airflow/example_dags/example_display_name.py
[2025-04-16T10:37:29.582-0500] {processor.py:914} INFO - Processing file /Library/Frameworks/Python.framework/Versions/3.10/lib/python3.10/site-packages/airflow/example_dags/example_display_name.py for tasks to queue
[2025-04-16T10:37:29.583-0500] {logging_mixin.py:190} INFO - [2025-04-16T10:37:29.583-0500] {dagbag.py:588} INFO - Filling up the DagBag from /Library/Frameworks/Python.framework/Versions/3.10/lib/python3.10/site-packages/airflow/example_dags/example_display_name.py
[2025-04-16T10:37:29.613-0500] {processor.py:925} INFO - DAG(s) 'example_display_name' retrieved from /Library/Frameworks/Python.framework/Versions/3.10/lib/python3.10/site-packages/airflow/example_dags/example_display_name.py
[2025-04-16T10:37:29.646-0500] {logging_mixin.py:190} INFO - [2025-04-16T10:37:29.646-0500] {dag.py:3239} INFO - Sync 1 DAGs
[2025-04-16T10:37:29.650-0500] {logging_mixin.py:190} INFO - [2025-04-16T10:37:29.650-0500] {dag.py:4180} INFO - Setting next_dagrun for example_display_name to None, run_after=None
[2025-04-16T10:37:29.655-0500] {processor.py:208} INFO - Processing /Library/Frameworks/Python.framework/Versions/3.10/lib/python3.10/site-packages/airflow/example_dags/example_display_name.py took 0.075 seconds
[2025-04-16T10:42:15.596-0500] {processor.py:186} INFO - Started process (PID=14244) to work on /Library/Frameworks/Python.framework/Versions/3.10/lib/python3.10/site-packages/airflow/example_dags/example_display_name.py
[2025-04-16T10:42:15.596-0500] {processor.py:914} INFO - Processing file /Library/Frameworks/Python.framework/Versions/3.10/lib/python3.10/site-packages/airflow/example_dags/example_display_name.py for tasks to queue
[2025-04-16T10:42:15.597-0500] {logging_mixin.py:190} INFO - [2025-04-16T10:42:15.597-0500] {dagbag.py:588} INFO - Filling up the DagBag from /Library/Frameworks/Python.framework/Versions/3.10/lib/python3.10/site-packages/airflow/example_dags/example_display_name.py
[2025-04-16T10:42:15.628-0500] {processor.py:925} INFO - DAG(s) 'example_display_name' retrieved from /Library/Frameworks/Python.framework/Versions/3.10/lib/python3.10/site-packages/airflow/example_dags/example_display_name.py
[2025-04-16T10:42:15.659-0500] {logging_mixin.py:190} INFO - [2025-04-16T10:42:15.659-0500] {dag.py:3239} INFO - Sync 1 DAGs
[2025-04-16T10:42:15.662-0500] {logging_mixin.py:190} INFO - [2025-04-16T10:42:15.662-0500] {dag.py:4180} INFO - Setting next_dagrun for example_display_name to None, run_after=None
[2025-04-16T10:42:15.667-0500] {processor.py:208} INFO - Processing /Library/Frameworks/Python.framework/Versions/3.10/lib/python3.10/site-packages/airflow/example_dags/example_display_name.py took 0.073 seconds
[2025-04-16T10:46:50.928-0500] {processor.py:186} INFO - Started process (PID=14515) to work on /Library/Frameworks/Python.framework/Versions/3.10/lib/python3.10/site-packages/airflow/example_dags/example_display_name.py
[2025-04-16T10:46:50.928-0500] {processor.py:914} INFO - Processing file /Library/Frameworks/Python.framework/Versions/3.10/lib/python3.10/site-packages/airflow/example_dags/example_display_name.py for tasks to queue
[2025-04-16T10:46:50.929-0500] {logging_mixin.py:190} INFO - [2025-04-16T10:46:50.929-0500] {dagbag.py:588} INFO - Filling up the DagBag from /Library/Frameworks/Python.framework/Versions/3.10/lib/python3.10/site-packages/airflow/example_dags/example_display_name.py
[2025-04-16T10:46:50.960-0500] {processor.py:925} INFO - DAG(s) 'example_display_name' retrieved from /Library/Frameworks/Python.framework/Versions/3.10/lib/python3.10/site-packages/airflow/example_dags/example_display_name.py
[2025-04-16T10:46:50.990-0500] {logging_mixin.py:190} INFO - [2025-04-16T10:46:50.990-0500] {dag.py:3239} INFO - Sync 1 DAGs
[2025-04-16T10:46:50.994-0500] {logging_mixin.py:190} INFO - [2025-04-16T10:46:50.994-0500] {dag.py:4180} INFO - Setting next_dagrun for example_display_name to None, run_after=None
[2025-04-16T10:46:50.999-0500] {processor.py:208} INFO - Processing /Library/Frameworks/Python.framework/Versions/3.10/lib/python3.10/site-packages/airflow/example_dags/example_display_name.py took 0.073 seconds
[2025-04-16T10:51:34.777-0500] {processor.py:186} INFO - Started process (PID=14800) to work on /Library/Frameworks/Python.framework/Versions/3.10/lib/python3.10/site-packages/airflow/example_dags/example_display_name.py
[2025-04-16T10:51:34.778-0500] {processor.py:914} INFO - Processing file /Library/Frameworks/Python.framework/Versions/3.10/lib/python3.10/site-packages/airflow/example_dags/example_display_name.py for tasks to queue
[2025-04-16T10:51:34.778-0500] {logging_mixin.py:190} INFO - [2025-04-16T10:51:34.778-0500] {dagbag.py:588} INFO - Filling up the DagBag from /Library/Frameworks/Python.framework/Versions/3.10/lib/python3.10/site-packages/airflow/example_dags/example_display_name.py
[2025-04-16T10:51:34.810-0500] {processor.py:925} INFO - DAG(s) 'example_display_name' retrieved from /Library/Frameworks/Python.framework/Versions/3.10/lib/python3.10/site-packages/airflow/example_dags/example_display_name.py
[2025-04-16T10:51:34.842-0500] {logging_mixin.py:190} INFO - [2025-04-16T10:51:34.841-0500] {dag.py:3239} INFO - Sync 1 DAGs
[2025-04-16T10:51:34.845-0500] {logging_mixin.py:190} INFO - [2025-04-16T10:51:34.845-0500] {dag.py:4180} INFO - Setting next_dagrun for example_display_name to None, run_after=None
[2025-04-16T10:51:34.851-0500] {processor.py:208} INFO - Processing /Library/Frameworks/Python.framework/Versions/3.10/lib/python3.10/site-packages/airflow/example_dags/example_display_name.py took 0.075 seconds
[2025-04-16T10:56:18.742-0500] {processor.py:186} INFO - Started process (PID=15084) to work on /Library/Frameworks/Python.framework/Versions/3.10/lib/python3.10/site-packages/airflow/example_dags/example_display_name.py
[2025-04-16T10:56:18.743-0500] {processor.py:914} INFO - Processing file /Library/Frameworks/Python.framework/Versions/3.10/lib/python3.10/site-packages/airflow/example_dags/example_display_name.py for tasks to queue
[2025-04-16T10:56:18.743-0500] {logging_mixin.py:190} INFO - [2025-04-16T10:56:18.743-0500] {dagbag.py:588} INFO - Filling up the DagBag from /Library/Frameworks/Python.framework/Versions/3.10/lib/python3.10/site-packages/airflow/example_dags/example_display_name.py
[2025-04-16T10:56:18.775-0500] {processor.py:925} INFO - DAG(s) 'example_display_name' retrieved from /Library/Frameworks/Python.framework/Versions/3.10/lib/python3.10/site-packages/airflow/example_dags/example_display_name.py
[2025-04-16T10:56:18.807-0500] {logging_mixin.py:190} INFO - [2025-04-16T10:56:18.807-0500] {dag.py:3239} INFO - Sync 1 DAGs
[2025-04-16T10:56:18.811-0500] {logging_mixin.py:190} INFO - [2025-04-16T10:56:18.810-0500] {dag.py:4180} INFO - Setting next_dagrun for example_display_name to None, run_after=None
[2025-04-16T10:56:18.817-0500] {processor.py:208} INFO - Processing /Library/Frameworks/Python.framework/Versions/3.10/lib/python3.10/site-packages/airflow/example_dags/example_display_name.py took 0.076 seconds
[2025-04-16T11:01:12.059-0500] {processor.py:186} INFO - Started process (PID=15372) to work on /Library/Frameworks/Python.framework/Versions/3.10/lib/python3.10/site-packages/airflow/example_dags/example_display_name.py
[2025-04-16T11:01:12.060-0500] {processor.py:914} INFO - Processing file /Library/Frameworks/Python.framework/Versions/3.10/lib/python3.10/site-packages/airflow/example_dags/example_display_name.py for tasks to queue
[2025-04-16T11:01:12.060-0500] {logging_mixin.py:190} INFO - [2025-04-16T11:01:12.060-0500] {dagbag.py:588} INFO - Filling up the DagBag from /Library/Frameworks/Python.framework/Versions/3.10/lib/python3.10/site-packages/airflow/example_dags/example_display_name.py
[2025-04-16T11:01:12.092-0500] {processor.py:925} INFO - DAG(s) 'example_display_name' retrieved from /Library/Frameworks/Python.framework/Versions/3.10/lib/python3.10/site-packages/airflow/example_dags/example_display_name.py
[2025-04-16T11:01:12.122-0500] {logging_mixin.py:190} INFO - [2025-04-16T11:01:12.122-0500] {dag.py:3239} INFO - Sync 1 DAGs
[2025-04-16T11:01:12.126-0500] {logging_mixin.py:190} INFO - [2025-04-16T11:01:12.126-0500] {dag.py:4180} INFO - Setting next_dagrun for example_display_name to None, run_after=None
[2025-04-16T11:01:12.131-0500] {processor.py:208} INFO - Processing /Library/Frameworks/Python.framework/Versions/3.10/lib/python3.10/site-packages/airflow/example_dags/example_display_name.py took 0.074 seconds
[2025-04-16T11:06:12.853-0500] {processor.py:186} INFO - Started process (PID=15689) to work on /Library/Frameworks/Python.framework/Versions/3.10/lib/python3.10/site-packages/airflow/example_dags/example_display_name.py
[2025-04-16T11:06:12.853-0500] {processor.py:914} INFO - Processing file /Library/Frameworks/Python.framework/Versions/3.10/lib/python3.10/site-packages/airflow/example_dags/example_display_name.py for tasks to queue
[2025-04-16T11:06:12.854-0500] {logging_mixin.py:190} INFO - [2025-04-16T11:06:12.854-0500] {dagbag.py:588} INFO - Filling up the DagBag from /Library/Frameworks/Python.framework/Versions/3.10/lib/python3.10/site-packages/airflow/example_dags/example_display_name.py
[2025-04-16T11:06:12.888-0500] {processor.py:925} INFO - DAG(s) 'example_display_name' retrieved from /Library/Frameworks/Python.framework/Versions/3.10/lib/python3.10/site-packages/airflow/example_dags/example_display_name.py
[2025-04-16T11:06:12.920-0500] {logging_mixin.py:190} INFO - [2025-04-16T11:06:12.920-0500] {dag.py:3239} INFO - Sync 1 DAGs
[2025-04-16T11:06:12.924-0500] {logging_mixin.py:190} INFO - [2025-04-16T11:06:12.924-0500] {dag.py:4180} INFO - Setting next_dagrun for example_display_name to None, run_after=None
[2025-04-16T11:06:12.930-0500] {processor.py:208} INFO - Processing /Library/Frameworks/Python.framework/Versions/3.10/lib/python3.10/site-packages/airflow/example_dags/example_display_name.py took 0.079 seconds
[2025-04-16T11:10:50.704-0500] {processor.py:186} INFO - Started process (PID=15965) to work on /Library/Frameworks/Python.framework/Versions/3.10/lib/python3.10/site-packages/airflow/example_dags/example_display_name.py
[2025-04-16T11:10:50.704-0500] {processor.py:914} INFO - Processing file /Library/Frameworks/Python.framework/Versions/3.10/lib/python3.10/site-packages/airflow/example_dags/example_display_name.py for tasks to queue
[2025-04-16T11:10:50.705-0500] {logging_mixin.py:190} INFO - [2025-04-16T11:10:50.705-0500] {dagbag.py:588} INFO - Filling up the DagBag from /Library/Frameworks/Python.framework/Versions/3.10/lib/python3.10/site-packages/airflow/example_dags/example_display_name.py
[2025-04-16T11:10:50.739-0500] {processor.py:925} INFO - DAG(s) 'example_display_name' retrieved from /Library/Frameworks/Python.framework/Versions/3.10/lib/python3.10/site-packages/airflow/example_dags/example_display_name.py
[2025-04-16T11:10:50.769-0500] {logging_mixin.py:190} INFO - [2025-04-16T11:10:50.769-0500] {dag.py:3239} INFO - Sync 1 DAGs
[2025-04-16T11:10:50.773-0500] {logging_mixin.py:190} INFO - [2025-04-16T11:10:50.773-0500] {dag.py:4180} INFO - Setting next_dagrun for example_display_name to None, run_after=None
[2025-04-16T11:10:50.780-0500] {processor.py:208} INFO - Processing /Library/Frameworks/Python.framework/Versions/3.10/lib/python3.10/site-packages/airflow/example_dags/example_display_name.py took 0.078 seconds
[2025-04-16T11:15:22.789-0500] {processor.py:186} INFO - Started process (PID=16284) to work on /Library/Frameworks/Python.framework/Versions/3.10/lib/python3.10/site-packages/airflow/example_dags/example_display_name.py
[2025-04-16T11:15:22.789-0500] {processor.py:914} INFO - Processing file /Library/Frameworks/Python.framework/Versions/3.10/lib/python3.10/site-packages/airflow/example_dags/example_display_name.py for tasks to queue
[2025-04-16T11:15:22.790-0500] {logging_mixin.py:190} INFO - [2025-04-16T11:15:22.790-0500] {dagbag.py:588} INFO - Filling up the DagBag from /Library/Frameworks/Python.framework/Versions/3.10/lib/python3.10/site-packages/airflow/example_dags/example_display_name.py
[2025-04-16T11:15:22.820-0500] {processor.py:925} INFO - DAG(s) 'example_display_name' retrieved from /Library/Frameworks/Python.framework/Versions/3.10/lib/python3.10/site-packages/airflow/example_dags/example_display_name.py
[2025-04-16T11:15:22.851-0500] {logging_mixin.py:190} INFO - [2025-04-16T11:15:22.851-0500] {dag.py:3239} INFO - Sync 1 DAGs
[2025-04-16T11:15:22.855-0500] {logging_mixin.py:190} INFO - [2025-04-16T11:15:22.855-0500] {dag.py:4180} INFO - Setting next_dagrun for example_display_name to None, run_after=None
[2025-04-16T11:15:22.860-0500] {processor.py:208} INFO - Processing /Library/Frameworks/Python.framework/Versions/3.10/lib/python3.10/site-packages/airflow/example_dags/example_display_name.py took 0.073 seconds
[2025-04-16T11:19:51.973-0500] {processor.py:186} INFO - Started process (PID=16576) to work on /Library/Frameworks/Python.framework/Versions/3.10/lib/python3.10/site-packages/airflow/example_dags/example_display_name.py
[2025-04-16T11:19:51.974-0500] {processor.py:914} INFO - Processing file /Library/Frameworks/Python.framework/Versions/3.10/lib/python3.10/site-packages/airflow/example_dags/example_display_name.py for tasks to queue
[2025-04-16T11:19:51.974-0500] {logging_mixin.py:190} INFO - [2025-04-16T11:19:51.974-0500] {dagbag.py:588} INFO - Filling up the DagBag from /Library/Frameworks/Python.framework/Versions/3.10/lib/python3.10/site-packages/airflow/example_dags/example_display_name.py
[2025-04-16T11:19:52.006-0500] {processor.py:925} INFO - DAG(s) 'example_display_name' retrieved from /Library/Frameworks/Python.framework/Versions/3.10/lib/python3.10/site-packages/airflow/example_dags/example_display_name.py
[2025-04-16T11:19:52.037-0500] {logging_mixin.py:190} INFO - [2025-04-16T11:19:52.037-0500] {dag.py:3239} INFO - Sync 1 DAGs
[2025-04-16T11:19:52.041-0500] {logging_mixin.py:190} INFO - [2025-04-16T11:19:52.041-0500] {dag.py:4180} INFO - Setting next_dagrun for example_display_name to None, run_after=None
[2025-04-16T11:19:52.047-0500] {processor.py:208} INFO - Processing /Library/Frameworks/Python.framework/Versions/3.10/lib/python3.10/site-packages/airflow/example_dags/example_display_name.py took 0.076 seconds
[2025-04-16T11:24:31.669-0500] {processor.py:186} INFO - Started process (PID=16843) to work on /Library/Frameworks/Python.framework/Versions/3.10/lib/python3.10/site-packages/airflow/example_dags/example_display_name.py
[2025-04-16T11:24:31.669-0500] {processor.py:914} INFO - Processing file /Library/Frameworks/Python.framework/Versions/3.10/lib/python3.10/site-packages/airflow/example_dags/example_display_name.py for tasks to queue
[2025-04-16T11:24:31.670-0500] {logging_mixin.py:190} INFO - [2025-04-16T11:24:31.670-0500] {dagbag.py:588} INFO - Filling up the DagBag from /Library/Frameworks/Python.framework/Versions/3.10/lib/python3.10/site-packages/airflow/example_dags/example_display_name.py
[2025-04-16T11:24:31.702-0500] {processor.py:925} INFO - DAG(s) 'example_display_name' retrieved from /Library/Frameworks/Python.framework/Versions/3.10/lib/python3.10/site-packages/airflow/example_dags/example_display_name.py
[2025-04-16T11:24:31.733-0500] {logging_mixin.py:190} INFO - [2025-04-16T11:24:31.733-0500] {dag.py:3239} INFO - Sync 1 DAGs
[2025-04-16T11:24:31.736-0500] {logging_mixin.py:190} INFO - [2025-04-16T11:24:31.736-0500] {dag.py:4180} INFO - Setting next_dagrun for example_display_name to None, run_after=None
[2025-04-16T11:24:31.742-0500] {processor.py:208} INFO - Processing /Library/Frameworks/Python.framework/Versions/3.10/lib/python3.10/site-packages/airflow/example_dags/example_display_name.py took 0.075 seconds
[2025-04-16T11:29:01.908-0500] {processor.py:186} INFO - Started process (PID=17187) to work on /Library/Frameworks/Python.framework/Versions/3.10/lib/python3.10/site-packages/airflow/example_dags/example_display_name.py
[2025-04-16T11:29:01.909-0500] {processor.py:914} INFO - Processing file /Library/Frameworks/Python.framework/Versions/3.10/lib/python3.10/site-packages/airflow/example_dags/example_display_name.py for tasks to queue
[2025-04-16T11:29:01.909-0500] {logging_mixin.py:190} INFO - [2025-04-16T11:29:01.909-0500] {dagbag.py:588} INFO - Filling up the DagBag from /Library/Frameworks/Python.framework/Versions/3.10/lib/python3.10/site-packages/airflow/example_dags/example_display_name.py
[2025-04-16T11:29:01.939-0500] {processor.py:925} INFO - DAG(s) 'example_display_name' retrieved from /Library/Frameworks/Python.framework/Versions/3.10/lib/python3.10/site-packages/airflow/example_dags/example_display_name.py
[2025-04-16T11:29:01.970-0500] {logging_mixin.py:190} INFO - [2025-04-16T11:29:01.970-0500] {dag.py:3239} INFO - Sync 1 DAGs
[2025-04-16T11:29:01.974-0500] {logging_mixin.py:190} INFO - [2025-04-16T11:29:01.974-0500] {dag.py:4180} INFO - Setting next_dagrun for example_display_name to None, run_after=None
[2025-04-16T11:29:01.980-0500] {processor.py:208} INFO - Processing /Library/Frameworks/Python.framework/Versions/3.10/lib/python3.10/site-packages/airflow/example_dags/example_display_name.py took 0.074 seconds
[2025-04-16T11:48:19.113-0500] {processor.py:186} INFO - Started process (PID=17501) to work on /Library/Frameworks/Python.framework/Versions/3.10/lib/python3.10/site-packages/airflow/example_dags/example_display_name.py
[2025-04-16T11:48:19.114-0500] {processor.py:914} INFO - Processing file /Library/Frameworks/Python.framework/Versions/3.10/lib/python3.10/site-packages/airflow/example_dags/example_display_name.py for tasks to queue
[2025-04-16T11:48:19.114-0500] {logging_mixin.py:190} INFO - [2025-04-16T11:48:19.114-0500] {dagbag.py:588} INFO - Filling up the DagBag from /Library/Frameworks/Python.framework/Versions/3.10/lib/python3.10/site-packages/airflow/example_dags/example_display_name.py
[2025-04-16T11:48:19.147-0500] {processor.py:925} INFO - DAG(s) 'example_display_name' retrieved from /Library/Frameworks/Python.framework/Versions/3.10/lib/python3.10/site-packages/airflow/example_dags/example_display_name.py
[2025-04-16T11:48:19.178-0500] {logging_mixin.py:190} INFO - [2025-04-16T11:48:19.178-0500] {dag.py:3239} INFO - Sync 1 DAGs
[2025-04-16T11:48:19.182-0500] {logging_mixin.py:190} INFO - [2025-04-16T11:48:19.182-0500] {dag.py:4180} INFO - Setting next_dagrun for example_display_name to None, run_after=None
[2025-04-16T11:48:19.188-0500] {processor.py:208} INFO - Processing /Library/Frameworks/Python.framework/Versions/3.10/lib/python3.10/site-packages/airflow/example_dags/example_display_name.py took 0.077 seconds
[2025-04-16T11:53:50.887-0500] {processor.py:186} INFO - Started process (PID=17872) to work on /Library/Frameworks/Python.framework/Versions/3.10/lib/python3.10/site-packages/airflow/example_dags/example_display_name.py
[2025-04-16T11:53:50.888-0500] {processor.py:914} INFO - Processing file /Library/Frameworks/Python.framework/Versions/3.10/lib/python3.10/site-packages/airflow/example_dags/example_display_name.py for tasks to queue
[2025-04-16T11:53:50.888-0500] {logging_mixin.py:190} INFO - [2025-04-16T11:53:50.888-0500] {dagbag.py:588} INFO - Filling up the DagBag from /Library/Frameworks/Python.framework/Versions/3.10/lib/python3.10/site-packages/airflow/example_dags/example_display_name.py
[2025-04-16T11:53:50.920-0500] {processor.py:925} INFO - DAG(s) 'example_display_name' retrieved from /Library/Frameworks/Python.framework/Versions/3.10/lib/python3.10/site-packages/airflow/example_dags/example_display_name.py
[2025-04-16T11:53:50.951-0500] {logging_mixin.py:190} INFO - [2025-04-16T11:53:50.951-0500] {dag.py:3239} INFO - Sync 1 DAGs
[2025-04-16T11:53:50.955-0500] {logging_mixin.py:190} INFO - [2025-04-16T11:53:50.955-0500] {dag.py:4180} INFO - Setting next_dagrun for example_display_name to None, run_after=None
[2025-04-16T11:53:50.962-0500] {processor.py:208} INFO - Processing /Library/Frameworks/Python.framework/Versions/3.10/lib/python3.10/site-packages/airflow/example_dags/example_display_name.py took 0.076 seconds
[2025-04-16T11:58:14.238-0500] {processor.py:186} INFO - Started process (PID=18210) to work on /Library/Frameworks/Python.framework/Versions/3.10/lib/python3.10/site-packages/airflow/example_dags/example_display_name.py
[2025-04-16T11:58:14.239-0500] {processor.py:914} INFO - Processing file /Library/Frameworks/Python.framework/Versions/3.10/lib/python3.10/site-packages/airflow/example_dags/example_display_name.py for tasks to queue
[2025-04-16T11:58:14.239-0500] {logging_mixin.py:190} INFO - [2025-04-16T11:58:14.239-0500] {dagbag.py:588} INFO - Filling up the DagBag from /Library/Frameworks/Python.framework/Versions/3.10/lib/python3.10/site-packages/airflow/example_dags/example_display_name.py
[2025-04-16T11:58:14.270-0500] {processor.py:925} INFO - DAG(s) 'example_display_name' retrieved from /Library/Frameworks/Python.framework/Versions/3.10/lib/python3.10/site-packages/airflow/example_dags/example_display_name.py
[2025-04-16T11:58:14.301-0500] {logging_mixin.py:190} INFO - [2025-04-16T11:58:14.301-0500] {dag.py:3239} INFO - Sync 1 DAGs
[2025-04-16T11:58:14.305-0500] {logging_mixin.py:190} INFO - [2025-04-16T11:58:14.305-0500] {dag.py:4180} INFO - Setting next_dagrun for example_display_name to None, run_after=None
[2025-04-16T11:58:14.310-0500] {processor.py:208} INFO - Processing /Library/Frameworks/Python.framework/Versions/3.10/lib/python3.10/site-packages/airflow/example_dags/example_display_name.py took 0.074 seconds
[2025-04-16T12:02:55.037-0500] {processor.py:186} INFO - Started process (PID=18558) to work on /Library/Frameworks/Python.framework/Versions/3.10/lib/python3.10/site-packages/airflow/example_dags/example_display_name.py
[2025-04-16T12:02:55.037-0500] {processor.py:914} INFO - Processing file /Library/Frameworks/Python.framework/Versions/3.10/lib/python3.10/site-packages/airflow/example_dags/example_display_name.py for tasks to queue
[2025-04-16T12:02:55.038-0500] {logging_mixin.py:190} INFO - [2025-04-16T12:02:55.038-0500] {dagbag.py:588} INFO - Filling up the DagBag from /Library/Frameworks/Python.framework/Versions/3.10/lib/python3.10/site-packages/airflow/example_dags/example_display_name.py
[2025-04-16T12:02:55.068-0500] {processor.py:925} INFO - DAG(s) 'example_display_name' retrieved from /Library/Frameworks/Python.framework/Versions/3.10/lib/python3.10/site-packages/airflow/example_dags/example_display_name.py
[2025-04-16T12:02:55.098-0500] {logging_mixin.py:190} INFO - [2025-04-16T12:02:55.098-0500] {dag.py:3239} INFO - Sync 1 DAGs
[2025-04-16T12:02:55.103-0500] {logging_mixin.py:190} INFO - [2025-04-16T12:02:55.103-0500] {dag.py:4180} INFO - Setting next_dagrun for example_display_name to None, run_after=None
[2025-04-16T12:02:55.109-0500] {processor.py:208} INFO - Processing /Library/Frameworks/Python.framework/Versions/3.10/lib/python3.10/site-packages/airflow/example_dags/example_display_name.py took 0.074 seconds
[2025-04-16T12:07:11.040-0500] {processor.py:186} INFO - Started process (PID=18859) to work on /Library/Frameworks/Python.framework/Versions/3.10/lib/python3.10/site-packages/airflow/example_dags/example_display_name.py
[2025-04-16T12:07:11.041-0500] {processor.py:914} INFO - Processing file /Library/Frameworks/Python.framework/Versions/3.10/lib/python3.10/site-packages/airflow/example_dags/example_display_name.py for tasks to queue
[2025-04-16T12:07:11.041-0500] {logging_mixin.py:190} INFO - [2025-04-16T12:07:11.041-0500] {dagbag.py:588} INFO - Filling up the DagBag from /Library/Frameworks/Python.framework/Versions/3.10/lib/python3.10/site-packages/airflow/example_dags/example_display_name.py
[2025-04-16T12:07:11.073-0500] {processor.py:925} INFO - DAG(s) 'example_display_name' retrieved from /Library/Frameworks/Python.framework/Versions/3.10/lib/python3.10/site-packages/airflow/example_dags/example_display_name.py
[2025-04-16T12:07:11.105-0500] {logging_mixin.py:190} INFO - [2025-04-16T12:07:11.105-0500] {dag.py:3239} INFO - Sync 1 DAGs
[2025-04-16T12:07:11.108-0500] {logging_mixin.py:190} INFO - [2025-04-16T12:07:11.108-0500] {dag.py:4180} INFO - Setting next_dagrun for example_display_name to None, run_after=None
[2025-04-16T12:07:11.114-0500] {processor.py:208} INFO - Processing /Library/Frameworks/Python.framework/Versions/3.10/lib/python3.10/site-packages/airflow/example_dags/example_display_name.py took 0.075 seconds
[2025-04-16T12:13:12.845-0500] {processor.py:186} INFO - Started process (PID=19190) to work on /Library/Frameworks/Python.framework/Versions/3.10/lib/python3.10/site-packages/airflow/example_dags/example_display_name.py
[2025-04-16T12:13:12.846-0500] {processor.py:914} INFO - Processing file /Library/Frameworks/Python.framework/Versions/3.10/lib/python3.10/site-packages/airflow/example_dags/example_display_name.py for tasks to queue
[2025-04-16T12:13:12.847-0500] {logging_mixin.py:190} INFO - [2025-04-16T12:13:12.847-0500] {dagbag.py:588} INFO - Filling up the DagBag from /Library/Frameworks/Python.framework/Versions/3.10/lib/python3.10/site-packages/airflow/example_dags/example_display_name.py
[2025-04-16T12:13:12.878-0500] {processor.py:925} INFO - DAG(s) 'example_display_name' retrieved from /Library/Frameworks/Python.framework/Versions/3.10/lib/python3.10/site-packages/airflow/example_dags/example_display_name.py
[2025-04-16T12:13:12.910-0500] {logging_mixin.py:190} INFO - [2025-04-16T12:13:12.910-0500] {dag.py:3239} INFO - Sync 1 DAGs
[2025-04-16T12:13:12.914-0500] {logging_mixin.py:190} INFO - [2025-04-16T12:13:12.914-0500] {dag.py:4180} INFO - Setting next_dagrun for example_display_name to None, run_after=None
[2025-04-16T12:13:12.919-0500] {processor.py:208} INFO - Processing /Library/Frameworks/Python.framework/Versions/3.10/lib/python3.10/site-packages/airflow/example_dags/example_display_name.py took 0.076 seconds
[2025-04-16T12:45:01.912-0500] {processor.py:186} INFO - Started process (PID=19541) to work on /Library/Frameworks/Python.framework/Versions/3.10/lib/python3.10/site-packages/airflow/example_dags/example_display_name.py
[2025-04-16T12:45:01.913-0500] {processor.py:914} INFO - Processing file /Library/Frameworks/Python.framework/Versions/3.10/lib/python3.10/site-packages/airflow/example_dags/example_display_name.py for tasks to queue
[2025-04-16T12:45:01.913-0500] {logging_mixin.py:190} INFO - [2025-04-16T12:45:01.913-0500] {dagbag.py:588} INFO - Filling up the DagBag from /Library/Frameworks/Python.framework/Versions/3.10/lib/python3.10/site-packages/airflow/example_dags/example_display_name.py
[2025-04-16T12:45:01.945-0500] {processor.py:925} INFO - DAG(s) 'example_display_name' retrieved from /Library/Frameworks/Python.framework/Versions/3.10/lib/python3.10/site-packages/airflow/example_dags/example_display_name.py
[2025-04-16T12:45:01.976-0500] {logging_mixin.py:190} INFO - [2025-04-16T12:45:01.976-0500] {dag.py:3239} INFO - Sync 1 DAGs
[2025-04-16T12:45:01.980-0500] {logging_mixin.py:190} INFO - [2025-04-16T12:45:01.980-0500] {dag.py:4180} INFO - Setting next_dagrun for example_display_name to None, run_after=None
[2025-04-16T12:45:01.987-0500] {processor.py:208} INFO - Processing /Library/Frameworks/Python.framework/Versions/3.10/lib/python3.10/site-packages/airflow/example_dags/example_display_name.py took 0.077 seconds
[2025-04-16T12:52:39.623-0500] {processor.py:186} INFO - Started process (PID=19907) to work on /Library/Frameworks/Python.framework/Versions/3.10/lib/python3.10/site-packages/airflow/example_dags/example_display_name.py
[2025-04-16T12:52:39.623-0500] {processor.py:914} INFO - Processing file /Library/Frameworks/Python.framework/Versions/3.10/lib/python3.10/site-packages/airflow/example_dags/example_display_name.py for tasks to queue
[2025-04-16T12:52:39.624-0500] {logging_mixin.py:190} INFO - [2025-04-16T12:52:39.623-0500] {dagbag.py:588} INFO - Filling up the DagBag from /Library/Frameworks/Python.framework/Versions/3.10/lib/python3.10/site-packages/airflow/example_dags/example_display_name.py
[2025-04-16T12:52:39.655-0500] {processor.py:925} INFO - DAG(s) 'example_display_name' retrieved from /Library/Frameworks/Python.framework/Versions/3.10/lib/python3.10/site-packages/airflow/example_dags/example_display_name.py
[2025-04-16T12:52:39.686-0500] {logging_mixin.py:190} INFO - [2025-04-16T12:52:39.686-0500] {dag.py:3239} INFO - Sync 1 DAGs
[2025-04-16T12:52:39.690-0500] {logging_mixin.py:190} INFO - [2025-04-16T12:52:39.690-0500] {dag.py:4180} INFO - Setting next_dagrun for example_display_name to None, run_after=None
[2025-04-16T12:52:39.695-0500] {processor.py:208} INFO - Processing /Library/Frameworks/Python.framework/Versions/3.10/lib/python3.10/site-packages/airflow/example_dags/example_display_name.py took 0.075 seconds
[2025-04-16T12:57:33.253-0500] {processor.py:186} INFO - Started process (PID=20266) to work on /Library/Frameworks/Python.framework/Versions/3.10/lib/python3.10/site-packages/airflow/example_dags/example_display_name.py
[2025-04-16T12:57:33.254-0500] {processor.py:914} INFO - Processing file /Library/Frameworks/Python.framework/Versions/3.10/lib/python3.10/site-packages/airflow/example_dags/example_display_name.py for tasks to queue
[2025-04-16T12:57:33.254-0500] {logging_mixin.py:190} INFO - [2025-04-16T12:57:33.254-0500] {dagbag.py:588} INFO - Filling up the DagBag from /Library/Frameworks/Python.framework/Versions/3.10/lib/python3.10/site-packages/airflow/example_dags/example_display_name.py
[2025-04-16T12:57:33.286-0500] {processor.py:925} INFO - DAG(s) 'example_display_name' retrieved from /Library/Frameworks/Python.framework/Versions/3.10/lib/python3.10/site-packages/airflow/example_dags/example_display_name.py
[2025-04-16T12:57:33.317-0500] {logging_mixin.py:190} INFO - [2025-04-16T12:57:33.317-0500] {dag.py:3239} INFO - Sync 1 DAGs
[2025-04-16T12:57:33.321-0500] {logging_mixin.py:190} INFO - [2025-04-16T12:57:33.321-0500] {dag.py:4180} INFO - Setting next_dagrun for example_display_name to None, run_after=None
[2025-04-16T12:57:33.327-0500] {processor.py:208} INFO - Processing /Library/Frameworks/Python.framework/Versions/3.10/lib/python3.10/site-packages/airflow/example_dags/example_display_name.py took 0.076 seconds
[2025-04-16T13:06:02.919-0500] {processor.py:186} INFO - Started process (PID=20607) to work on /Library/Frameworks/Python.framework/Versions/3.10/lib/python3.10/site-packages/airflow/example_dags/example_display_name.py
[2025-04-16T13:06:02.920-0500] {processor.py:914} INFO - Processing file /Library/Frameworks/Python.framework/Versions/3.10/lib/python3.10/site-packages/airflow/example_dags/example_display_name.py for tasks to queue
[2025-04-16T13:06:02.921-0500] {logging_mixin.py:190} INFO - [2025-04-16T13:06:02.921-0500] {dagbag.py:588} INFO - Filling up the DagBag from /Library/Frameworks/Python.framework/Versions/3.10/lib/python3.10/site-packages/airflow/example_dags/example_display_name.py
[2025-04-16T13:06:02.962-0500] {processor.py:925} INFO - DAG(s) 'example_display_name' retrieved from /Library/Frameworks/Python.framework/Versions/3.10/lib/python3.10/site-packages/airflow/example_dags/example_display_name.py
[2025-04-16T13:06:02.993-0500] {logging_mixin.py:190} INFO - [2025-04-16T13:06:02.993-0500] {dag.py:3239} INFO - Sync 1 DAGs
[2025-04-16T13:06:02.997-0500] {logging_mixin.py:190} INFO - [2025-04-16T13:06:02.997-0500] {dag.py:4180} INFO - Setting next_dagrun for example_display_name to None, run_after=None
[2025-04-16T13:06:03.003-0500] {processor.py:208} INFO - Processing /Library/Frameworks/Python.framework/Versions/3.10/lib/python3.10/site-packages/airflow/example_dags/example_display_name.py took 0.085 seconds
[2025-04-16T13:08:45.055-0500] {processor.py:186} INFO - Started process (PID=20795) to work on /Library/Frameworks/Python.framework/Versions/3.10/lib/python3.10/site-packages/airflow/example_dags/example_display_name.py
[2025-04-16T13:08:45.056-0500] {processor.py:914} INFO - Processing file /Library/Frameworks/Python.framework/Versions/3.10/lib/python3.10/site-packages/airflow/example_dags/example_display_name.py for tasks to queue
[2025-04-16T13:08:45.056-0500] {logging_mixin.py:190} INFO - [2025-04-16T13:08:45.056-0500] {dagbag.py:588} INFO - Filling up the DagBag from /Library/Frameworks/Python.framework/Versions/3.10/lib/python3.10/site-packages/airflow/example_dags/example_display_name.py
[2025-04-16T13:08:45.089-0500] {processor.py:925} INFO - DAG(s) 'example_display_name' retrieved from /Library/Frameworks/Python.framework/Versions/3.10/lib/python3.10/site-packages/airflow/example_dags/example_display_name.py
[2025-04-16T13:08:45.120-0500] {logging_mixin.py:190} INFO - [2025-04-16T13:08:45.119-0500] {dag.py:3239} INFO - Sync 1 DAGs
[2025-04-16T13:08:45.123-0500] {logging_mixin.py:190} INFO - [2025-04-16T13:08:45.123-0500] {dag.py:4180} INFO - Setting next_dagrun for example_display_name to None, run_after=None
[2025-04-16T13:08:45.130-0500] {processor.py:208} INFO - Processing /Library/Frameworks/Python.framework/Versions/3.10/lib/python3.10/site-packages/airflow/example_dags/example_display_name.py took 0.076 seconds
[2025-04-16T13:13:34.812-0500] {processor.py:186} INFO - Started process (PID=21119) to work on /Library/Frameworks/Python.framework/Versions/3.10/lib/python3.10/site-packages/airflow/example_dags/example_display_name.py
[2025-04-16T13:13:34.813-0500] {processor.py:914} INFO - Processing file /Library/Frameworks/Python.framework/Versions/3.10/lib/python3.10/site-packages/airflow/example_dags/example_display_name.py for tasks to queue
[2025-04-16T13:13:34.813-0500] {logging_mixin.py:190} INFO - [2025-04-16T13:13:34.813-0500] {dagbag.py:588} INFO - Filling up the DagBag from /Library/Frameworks/Python.framework/Versions/3.10/lib/python3.10/site-packages/airflow/example_dags/example_display_name.py
[2025-04-16T13:13:34.844-0500] {processor.py:925} INFO - DAG(s) 'example_display_name' retrieved from /Library/Frameworks/Python.framework/Versions/3.10/lib/python3.10/site-packages/airflow/example_dags/example_display_name.py
[2025-04-16T13:13:34.876-0500] {logging_mixin.py:190} INFO - [2025-04-16T13:13:34.876-0500] {dag.py:3239} INFO - Sync 1 DAGs
[2025-04-16T13:13:34.880-0500] {logging_mixin.py:190} INFO - [2025-04-16T13:13:34.880-0500] {dag.py:4180} INFO - Setting next_dagrun for example_display_name to None, run_after=None
[2025-04-16T13:13:34.886-0500] {processor.py:208} INFO - Processing /Library/Frameworks/Python.framework/Versions/3.10/lib/python3.10/site-packages/airflow/example_dags/example_display_name.py took 0.075 seconds
[2025-04-16T13:18:03.991-0500] {processor.py:186} INFO - Started process (PID=21391) to work on /Library/Frameworks/Python.framework/Versions/3.10/lib/python3.10/site-packages/airflow/example_dags/example_display_name.py
[2025-04-16T13:18:03.993-0500] {processor.py:914} INFO - Processing file /Library/Frameworks/Python.framework/Versions/3.10/lib/python3.10/site-packages/airflow/example_dags/example_display_name.py for tasks to queue
[2025-04-16T13:18:03.993-0500] {logging_mixin.py:190} INFO - [2025-04-16T13:18:03.993-0500] {dagbag.py:588} INFO - Filling up the DagBag from /Library/Frameworks/Python.framework/Versions/3.10/lib/python3.10/site-packages/airflow/example_dags/example_display_name.py
[2025-04-16T13:18:04.026-0500] {processor.py:925} INFO - DAG(s) 'example_display_name' retrieved from /Library/Frameworks/Python.framework/Versions/3.10/lib/python3.10/site-packages/airflow/example_dags/example_display_name.py
[2025-04-16T13:18:04.056-0500] {logging_mixin.py:190} INFO - [2025-04-16T13:18:04.056-0500] {dag.py:3239} INFO - Sync 1 DAGs
[2025-04-16T13:18:04.060-0500] {logging_mixin.py:190} INFO - [2025-04-16T13:18:04.060-0500] {dag.py:4180} INFO - Setting next_dagrun for example_display_name to None, run_after=None
[2025-04-16T13:18:04.065-0500] {processor.py:208} INFO - Processing /Library/Frameworks/Python.framework/Versions/3.10/lib/python3.10/site-packages/airflow/example_dags/example_display_name.py took 0.076 seconds
[2025-04-16T13:22:44.066-0500] {processor.py:186} INFO - Started process (PID=21708) to work on /Library/Frameworks/Python.framework/Versions/3.10/lib/python3.10/site-packages/airflow/example_dags/example_display_name.py
[2025-04-16T13:22:44.067-0500] {processor.py:914} INFO - Processing file /Library/Frameworks/Python.framework/Versions/3.10/lib/python3.10/site-packages/airflow/example_dags/example_display_name.py for tasks to queue
[2025-04-16T13:22:44.068-0500] {logging_mixin.py:190} INFO - [2025-04-16T13:22:44.068-0500] {dagbag.py:588} INFO - Filling up the DagBag from /Library/Frameworks/Python.framework/Versions/3.10/lib/python3.10/site-packages/airflow/example_dags/example_display_name.py
[2025-04-16T13:22:44.101-0500] {processor.py:925} INFO - DAG(s) 'example_display_name' retrieved from /Library/Frameworks/Python.framework/Versions/3.10/lib/python3.10/site-packages/airflow/example_dags/example_display_name.py
[2025-04-16T13:22:44.134-0500] {logging_mixin.py:190} INFO - [2025-04-16T13:22:44.134-0500] {dag.py:3239} INFO - Sync 1 DAGs
[2025-04-16T13:22:44.137-0500] {logging_mixin.py:190} INFO - [2025-04-16T13:22:44.137-0500] {dag.py:4180} INFO - Setting next_dagrun for example_display_name to None, run_after=None
[2025-04-16T13:22:44.143-0500] {processor.py:208} INFO - Processing /Library/Frameworks/Python.framework/Versions/3.10/lib/python3.10/site-packages/airflow/example_dags/example_display_name.py took 0.078 seconds
[2025-04-16T13:27:24.300-0500] {processor.py:186} INFO - Started process (PID=22060) to work on /Library/Frameworks/Python.framework/Versions/3.10/lib/python3.10/site-packages/airflow/example_dags/example_display_name.py
[2025-04-16T13:27:24.300-0500] {processor.py:914} INFO - Processing file /Library/Frameworks/Python.framework/Versions/3.10/lib/python3.10/site-packages/airflow/example_dags/example_display_name.py for tasks to queue
[2025-04-16T13:27:24.301-0500] {logging_mixin.py:190} INFO - [2025-04-16T13:27:24.301-0500] {dagbag.py:588} INFO - Filling up the DagBag from /Library/Frameworks/Python.framework/Versions/3.10/lib/python3.10/site-packages/airflow/example_dags/example_display_name.py
[2025-04-16T13:27:24.333-0500] {processor.py:925} INFO - DAG(s) 'example_display_name' retrieved from /Library/Frameworks/Python.framework/Versions/3.10/lib/python3.10/site-packages/airflow/example_dags/example_display_name.py
[2025-04-16T13:27:24.363-0500] {logging_mixin.py:190} INFO - [2025-04-16T13:27:24.363-0500] {dag.py:3239} INFO - Sync 1 DAGs
[2025-04-16T13:27:24.367-0500] {logging_mixin.py:190} INFO - [2025-04-16T13:27:24.367-0500] {dag.py:4180} INFO - Setting next_dagrun for example_display_name to None, run_after=None
[2025-04-16T13:27:24.373-0500] {processor.py:208} INFO - Processing /Library/Frameworks/Python.framework/Versions/3.10/lib/python3.10/site-packages/airflow/example_dags/example_display_name.py took 0.074 seconds
[2025-04-16T13:40:25.608-0500] {processor.py:186} INFO - Started process (PID=22587) to work on /Library/Frameworks/Python.framework/Versions/3.10/lib/python3.10/site-packages/airflow/example_dags/example_display_name.py
[2025-04-16T13:40:25.608-0500] {processor.py:914} INFO - Processing file /Library/Frameworks/Python.framework/Versions/3.10/lib/python3.10/site-packages/airflow/example_dags/example_display_name.py for tasks to queue
[2025-04-16T13:40:25.609-0500] {logging_mixin.py:190} INFO - [2025-04-16T13:40:25.609-0500] {dagbag.py:588} INFO - Filling up the DagBag from /Library/Frameworks/Python.framework/Versions/3.10/lib/python3.10/site-packages/airflow/example_dags/example_display_name.py
[2025-04-16T13:40:25.642-0500] {processor.py:925} INFO - DAG(s) 'example_display_name' retrieved from /Library/Frameworks/Python.framework/Versions/3.10/lib/python3.10/site-packages/airflow/example_dags/example_display_name.py
[2025-04-16T13:40:25.672-0500] {logging_mixin.py:190} INFO - [2025-04-16T13:40:25.672-0500] {dag.py:3239} INFO - Sync 1 DAGs
[2025-04-16T13:40:25.676-0500] {logging_mixin.py:190} INFO - [2025-04-16T13:40:25.676-0500] {dag.py:4180} INFO - Setting next_dagrun for example_display_name to None, run_after=None
[2025-04-16T13:40:25.682-0500] {processor.py:208} INFO - Processing /Library/Frameworks/Python.framework/Versions/3.10/lib/python3.10/site-packages/airflow/example_dags/example_display_name.py took 0.076 seconds
[2025-04-16T13:45:27.962-0500] {processor.py:186} INFO - Started process (PID=23023) to work on /Library/Frameworks/Python.framework/Versions/3.10/lib/python3.10/site-packages/airflow/example_dags/example_display_name.py
[2025-04-16T13:45:27.963-0500] {processor.py:914} INFO - Processing file /Library/Frameworks/Python.framework/Versions/3.10/lib/python3.10/site-packages/airflow/example_dags/example_display_name.py for tasks to queue
[2025-04-16T13:45:27.963-0500] {logging_mixin.py:190} INFO - [2025-04-16T13:45:27.963-0500] {dagbag.py:588} INFO - Filling up the DagBag from /Library/Frameworks/Python.framework/Versions/3.10/lib/python3.10/site-packages/airflow/example_dags/example_display_name.py
[2025-04-16T13:45:27.996-0500] {processor.py:925} INFO - DAG(s) 'example_display_name' retrieved from /Library/Frameworks/Python.framework/Versions/3.10/lib/python3.10/site-packages/airflow/example_dags/example_display_name.py
[2025-04-16T13:45:28.028-0500] {logging_mixin.py:190} INFO - [2025-04-16T13:45:28.028-0500] {dag.py:3239} INFO - Sync 1 DAGs
[2025-04-16T13:45:28.033-0500] {logging_mixin.py:190} INFO - [2025-04-16T13:45:28.033-0500] {dag.py:4180} INFO - Setting next_dagrun for example_display_name to None, run_after=None
[2025-04-16T13:45:28.040-0500] {processor.py:208} INFO - Processing /Library/Frameworks/Python.framework/Versions/3.10/lib/python3.10/site-packages/airflow/example_dags/example_display_name.py took 0.079 seconds
[2025-04-16T13:50:15.876-0500] {processor.py:186} INFO - Started process (PID=23340) to work on /Library/Frameworks/Python.framework/Versions/3.10/lib/python3.10/site-packages/airflow/example_dags/example_display_name.py
[2025-04-16T13:50:15.877-0500] {processor.py:914} INFO - Processing file /Library/Frameworks/Python.framework/Versions/3.10/lib/python3.10/site-packages/airflow/example_dags/example_display_name.py for tasks to queue
[2025-04-16T13:50:15.877-0500] {logging_mixin.py:190} INFO - [2025-04-16T13:50:15.877-0500] {dagbag.py:588} INFO - Filling up the DagBag from /Library/Frameworks/Python.framework/Versions/3.10/lib/python3.10/site-packages/airflow/example_dags/example_display_name.py
[2025-04-16T13:50:15.909-0500] {processor.py:925} INFO - DAG(s) 'example_display_name' retrieved from /Library/Frameworks/Python.framework/Versions/3.10/lib/python3.10/site-packages/airflow/example_dags/example_display_name.py
[2025-04-16T13:50:15.940-0500] {logging_mixin.py:190} INFO - [2025-04-16T13:50:15.940-0500] {dag.py:3239} INFO - Sync 1 DAGs
[2025-04-16T13:50:15.944-0500] {logging_mixin.py:190} INFO - [2025-04-16T13:50:15.944-0500] {dag.py:4180} INFO - Setting next_dagrun for example_display_name to None, run_after=None
[2025-04-16T13:50:15.951-0500] {processor.py:208} INFO - Processing /Library/Frameworks/Python.framework/Versions/3.10/lib/python3.10/site-packages/airflow/example_dags/example_display_name.py took 0.076 seconds
[2025-04-16T13:55:48.959-0500] {processor.py:186} INFO - Started process (PID=23684) to work on /Library/Frameworks/Python.framework/Versions/3.10/lib/python3.10/site-packages/airflow/example_dags/example_display_name.py
[2025-04-16T13:55:48.959-0500] {processor.py:914} INFO - Processing file /Library/Frameworks/Python.framework/Versions/3.10/lib/python3.10/site-packages/airflow/example_dags/example_display_name.py for tasks to queue
[2025-04-16T13:55:48.959-0500] {logging_mixin.py:190} INFO - [2025-04-16T13:55:48.959-0500] {dagbag.py:588} INFO - Filling up the DagBag from /Library/Frameworks/Python.framework/Versions/3.10/lib/python3.10/site-packages/airflow/example_dags/example_display_name.py
[2025-04-16T13:55:48.992-0500] {processor.py:925} INFO - DAG(s) 'example_display_name' retrieved from /Library/Frameworks/Python.framework/Versions/3.10/lib/python3.10/site-packages/airflow/example_dags/example_display_name.py
[2025-04-16T13:55:49.024-0500] {logging_mixin.py:190} INFO - [2025-04-16T13:55:49.024-0500] {dag.py:3239} INFO - Sync 1 DAGs
[2025-04-16T13:55:49.029-0500] {logging_mixin.py:190} INFO - [2025-04-16T13:55:49.029-0500] {dag.py:4180} INFO - Setting next_dagrun for example_display_name to None, run_after=None
[2025-04-16T13:55:49.036-0500] {processor.py:208} INFO - Processing /Library/Frameworks/Python.framework/Versions/3.10/lib/python3.10/site-packages/airflow/example_dags/example_display_name.py took 0.079 seconds
[2025-04-16T14:00:56.453-0500] {processor.py:186} INFO - Started process (PID=24009) to work on /Library/Frameworks/Python.framework/Versions/3.10/lib/python3.10/site-packages/airflow/example_dags/example_display_name.py
[2025-04-16T14:00:56.454-0500] {processor.py:914} INFO - Processing file /Library/Frameworks/Python.framework/Versions/3.10/lib/python3.10/site-packages/airflow/example_dags/example_display_name.py for tasks to queue
[2025-04-16T14:00:56.454-0500] {logging_mixin.py:190} INFO - [2025-04-16T14:00:56.454-0500] {dagbag.py:588} INFO - Filling up the DagBag from /Library/Frameworks/Python.framework/Versions/3.10/lib/python3.10/site-packages/airflow/example_dags/example_display_name.py
[2025-04-16T14:00:56.486-0500] {processor.py:925} INFO - DAG(s) 'example_display_name' retrieved from /Library/Frameworks/Python.framework/Versions/3.10/lib/python3.10/site-packages/airflow/example_dags/example_display_name.py
[2025-04-16T14:00:56.518-0500] {logging_mixin.py:190} INFO - [2025-04-16T14:00:56.518-0500] {dag.py:3239} INFO - Sync 1 DAGs
[2025-04-16T14:00:56.522-0500] {logging_mixin.py:190} INFO - [2025-04-16T14:00:56.522-0500] {dag.py:4180} INFO - Setting next_dagrun for example_display_name to None, run_after=None
[2025-04-16T14:00:56.527-0500] {processor.py:208} INFO - Processing /Library/Frameworks/Python.framework/Versions/3.10/lib/python3.10/site-packages/airflow/example_dags/example_display_name.py took 0.076 seconds
[2025-04-16T14:07:11.534-0500] {processor.py:186} INFO - Started process (PID=24378) to work on /Library/Frameworks/Python.framework/Versions/3.10/lib/python3.10/site-packages/airflow/example_dags/example_display_name.py
[2025-04-16T14:07:11.535-0500] {processor.py:914} INFO - Processing file /Library/Frameworks/Python.framework/Versions/3.10/lib/python3.10/site-packages/airflow/example_dags/example_display_name.py for tasks to queue
[2025-04-16T14:07:11.536-0500] {logging_mixin.py:190} INFO - [2025-04-16T14:07:11.536-0500] {dagbag.py:588} INFO - Filling up the DagBag from /Library/Frameworks/Python.framework/Versions/3.10/lib/python3.10/site-packages/airflow/example_dags/example_display_name.py
[2025-04-16T14:07:11.567-0500] {processor.py:925} INFO - DAG(s) 'example_display_name' retrieved from /Library/Frameworks/Python.framework/Versions/3.10/lib/python3.10/site-packages/airflow/example_dags/example_display_name.py
[2025-04-16T14:07:11.599-0500] {logging_mixin.py:190} INFO - [2025-04-16T14:07:11.599-0500] {dag.py:3239} INFO - Sync 1 DAGs
[2025-04-16T14:07:11.603-0500] {logging_mixin.py:190} INFO - [2025-04-16T14:07:11.603-0500] {dag.py:4180} INFO - Setting next_dagrun for example_display_name to None, run_after=None
[2025-04-16T14:07:11.609-0500] {processor.py:208} INFO - Processing /Library/Frameworks/Python.framework/Versions/3.10/lib/python3.10/site-packages/airflow/example_dags/example_display_name.py took 0.076 seconds
[2025-04-16T14:32:43.036-0500] {processor.py:186} INFO - Started process (PID=24571) to work on /Library/Frameworks/Python.framework/Versions/3.10/lib/python3.10/site-packages/airflow/example_dags/example_display_name.py
[2025-04-16T14:32:43.037-0500] {processor.py:914} INFO - Processing file /Library/Frameworks/Python.framework/Versions/3.10/lib/python3.10/site-packages/airflow/example_dags/example_display_name.py for tasks to queue
[2025-04-16T14:32:43.037-0500] {logging_mixin.py:190} INFO - [2025-04-16T14:32:43.037-0500] {dagbag.py:588} INFO - Filling up the DagBag from /Library/Frameworks/Python.framework/Versions/3.10/lib/python3.10/site-packages/airflow/example_dags/example_display_name.py
[2025-04-16T14:32:43.068-0500] {processor.py:925} INFO - DAG(s) 'example_display_name' retrieved from /Library/Frameworks/Python.framework/Versions/3.10/lib/python3.10/site-packages/airflow/example_dags/example_display_name.py
[2025-04-16T14:32:43.099-0500] {logging_mixin.py:190} INFO - [2025-04-16T14:32:43.099-0500] {dag.py:3239} INFO - Sync 1 DAGs
[2025-04-16T14:32:43.103-0500] {logging_mixin.py:190} INFO - [2025-04-16T14:32:43.103-0500] {dag.py:4180} INFO - Setting next_dagrun for example_display_name to None, run_after=None
[2025-04-16T14:32:43.108-0500] {processor.py:208} INFO - Processing /Library/Frameworks/Python.framework/Versions/3.10/lib/python3.10/site-packages/airflow/example_dags/example_display_name.py took 0.074 seconds
[2025-04-16T14:44:07.677-0500] {processor.py:186} INFO - Started process (PID=24790) to work on /Library/Frameworks/Python.framework/Versions/3.10/lib/python3.10/site-packages/airflow/example_dags/example_display_name.py
[2025-04-16T14:44:07.678-0500] {processor.py:914} INFO - Processing file /Library/Frameworks/Python.framework/Versions/3.10/lib/python3.10/site-packages/airflow/example_dags/example_display_name.py for tasks to queue
[2025-04-16T14:44:07.678-0500] {logging_mixin.py:190} INFO - [2025-04-16T14:44:07.678-0500] {dagbag.py:588} INFO - Filling up the DagBag from /Library/Frameworks/Python.framework/Versions/3.10/lib/python3.10/site-packages/airflow/example_dags/example_display_name.py
[2025-04-16T14:44:07.711-0500] {processor.py:925} INFO - DAG(s) 'example_display_name' retrieved from /Library/Frameworks/Python.framework/Versions/3.10/lib/python3.10/site-packages/airflow/example_dags/example_display_name.py
[2025-04-16T14:44:07.743-0500] {logging_mixin.py:190} INFO - [2025-04-16T14:44:07.743-0500] {dag.py:3239} INFO - Sync 1 DAGs
[2025-04-16T14:44:07.748-0500] {logging_mixin.py:190} INFO - [2025-04-16T14:44:07.748-0500] {dag.py:4180} INFO - Setting next_dagrun for example_display_name to None, run_after=None
[2025-04-16T14:44:07.755-0500] {processor.py:208} INFO - Processing /Library/Frameworks/Python.framework/Versions/3.10/lib/python3.10/site-packages/airflow/example_dags/example_display_name.py took 0.080 seconds
[2025-04-16T14:49:17.137-0500] {processor.py:186} INFO - Started process (PID=25167) to work on /Library/Frameworks/Python.framework/Versions/3.10/lib/python3.10/site-packages/airflow/example_dags/example_display_name.py
[2025-04-16T14:49:17.138-0500] {processor.py:914} INFO - Processing file /Library/Frameworks/Python.framework/Versions/3.10/lib/python3.10/site-packages/airflow/example_dags/example_display_name.py for tasks to queue
[2025-04-16T14:49:17.138-0500] {logging_mixin.py:190} INFO - [2025-04-16T14:49:17.138-0500] {dagbag.py:588} INFO - Filling up the DagBag from /Library/Frameworks/Python.framework/Versions/3.10/lib/python3.10/site-packages/airflow/example_dags/example_display_name.py
[2025-04-16T14:49:17.170-0500] {processor.py:925} INFO - DAG(s) 'example_display_name' retrieved from /Library/Frameworks/Python.framework/Versions/3.10/lib/python3.10/site-packages/airflow/example_dags/example_display_name.py
[2025-04-16T14:49:17.200-0500] {logging_mixin.py:190} INFO - [2025-04-16T14:49:17.200-0500] {dag.py:3239} INFO - Sync 1 DAGs
[2025-04-16T14:49:17.204-0500] {logging_mixin.py:190} INFO - [2025-04-16T14:49:17.204-0500] {dag.py:4180} INFO - Setting next_dagrun for example_display_name to None, run_after=None
[2025-04-16T14:49:17.209-0500] {processor.py:208} INFO - Processing /Library/Frameworks/Python.framework/Versions/3.10/lib/python3.10/site-packages/airflow/example_dags/example_display_name.py took 0.074 seconds
[2025-04-16T14:54:15.513-0500] {processor.py:186} INFO - Started process (PID=25474) to work on /Library/Frameworks/Python.framework/Versions/3.10/lib/python3.10/site-packages/airflow/example_dags/example_display_name.py
[2025-04-16T14:54:15.514-0500] {processor.py:914} INFO - Processing file /Library/Frameworks/Python.framework/Versions/3.10/lib/python3.10/site-packages/airflow/example_dags/example_display_name.py for tasks to queue
[2025-04-16T14:54:15.514-0500] {logging_mixin.py:190} INFO - [2025-04-16T14:54:15.514-0500] {dagbag.py:588} INFO - Filling up the DagBag from /Library/Frameworks/Python.framework/Versions/3.10/lib/python3.10/site-packages/airflow/example_dags/example_display_name.py
[2025-04-16T14:54:15.546-0500] {processor.py:925} INFO - DAG(s) 'example_display_name' retrieved from /Library/Frameworks/Python.framework/Versions/3.10/lib/python3.10/site-packages/airflow/example_dags/example_display_name.py
[2025-04-16T14:54:15.576-0500] {logging_mixin.py:190} INFO - [2025-04-16T14:54:15.576-0500] {dag.py:3239} INFO - Sync 1 DAGs
[2025-04-16T14:54:15.579-0500] {logging_mixin.py:190} INFO - [2025-04-16T14:54:15.579-0500] {dag.py:4180} INFO - Setting next_dagrun for example_display_name to None, run_after=None
[2025-04-16T14:54:15.584-0500] {processor.py:208} INFO - Processing /Library/Frameworks/Python.framework/Versions/3.10/lib/python3.10/site-packages/airflow/example_dags/example_display_name.py took 0.073 seconds
[2025-04-16T14:59:08.439-0500] {processor.py:186} INFO - Started process (PID=25807) to work on /Library/Frameworks/Python.framework/Versions/3.10/lib/python3.10/site-packages/airflow/example_dags/example_display_name.py
[2025-04-16T14:59:08.439-0500] {processor.py:914} INFO - Processing file /Library/Frameworks/Python.framework/Versions/3.10/lib/python3.10/site-packages/airflow/example_dags/example_display_name.py for tasks to queue
[2025-04-16T14:59:08.440-0500] {logging_mixin.py:190} INFO - [2025-04-16T14:59:08.440-0500] {dagbag.py:588} INFO - Filling up the DagBag from /Library/Frameworks/Python.framework/Versions/3.10/lib/python3.10/site-packages/airflow/example_dags/example_display_name.py
[2025-04-16T14:59:08.472-0500] {processor.py:925} INFO - DAG(s) 'example_display_name' retrieved from /Library/Frameworks/Python.framework/Versions/3.10/lib/python3.10/site-packages/airflow/example_dags/example_display_name.py
[2025-04-16T14:59:08.503-0500] {logging_mixin.py:190} INFO - [2025-04-16T14:59:08.503-0500] {dag.py:3239} INFO - Sync 1 DAGs
[2025-04-16T14:59:08.507-0500] {logging_mixin.py:190} INFO - [2025-04-16T14:59:08.507-0500] {dag.py:4180} INFO - Setting next_dagrun for example_display_name to None, run_after=None
[2025-04-16T14:59:08.512-0500] {processor.py:208} INFO - Processing /Library/Frameworks/Python.framework/Versions/3.10/lib/python3.10/site-packages/airflow/example_dags/example_display_name.py took 0.075 seconds
[2025-04-16T15:04:11.927-0500] {processor.py:186} INFO - Started process (PID=26113) to work on /Library/Frameworks/Python.framework/Versions/3.10/lib/python3.10/site-packages/airflow/example_dags/example_display_name.py
[2025-04-16T15:04:11.928-0500] {processor.py:914} INFO - Processing file /Library/Frameworks/Python.framework/Versions/3.10/lib/python3.10/site-packages/airflow/example_dags/example_display_name.py for tasks to queue
[2025-04-16T15:04:11.928-0500] {logging_mixin.py:190} INFO - [2025-04-16T15:04:11.928-0500] {dagbag.py:588} INFO - Filling up the DagBag from /Library/Frameworks/Python.framework/Versions/3.10/lib/python3.10/site-packages/airflow/example_dags/example_display_name.py
[2025-04-16T15:04:11.961-0500] {processor.py:925} INFO - DAG(s) 'example_display_name' retrieved from /Library/Frameworks/Python.framework/Versions/3.10/lib/python3.10/site-packages/airflow/example_dags/example_display_name.py
[2025-04-16T15:04:11.992-0500] {logging_mixin.py:190} INFO - [2025-04-16T15:04:11.992-0500] {dag.py:3239} INFO - Sync 1 DAGs
[2025-04-16T15:04:11.997-0500] {logging_mixin.py:190} INFO - [2025-04-16T15:04:11.997-0500] {dag.py:4180} INFO - Setting next_dagrun for example_display_name to None, run_after=None
[2025-04-16T15:04:12.003-0500] {processor.py:208} INFO - Processing /Library/Frameworks/Python.framework/Versions/3.10/lib/python3.10/site-packages/airflow/example_dags/example_display_name.py took 0.077 seconds
[2025-04-16T15:09:11.419-0500] {processor.py:186} INFO - Started process (PID=26434) to work on /Library/Frameworks/Python.framework/Versions/3.10/lib/python3.10/site-packages/airflow/example_dags/example_display_name.py
[2025-04-16T15:09:11.420-0500] {processor.py:914} INFO - Processing file /Library/Frameworks/Python.framework/Versions/3.10/lib/python3.10/site-packages/airflow/example_dags/example_display_name.py for tasks to queue
[2025-04-16T15:09:11.421-0500] {logging_mixin.py:190} INFO - [2025-04-16T15:09:11.421-0500] {dagbag.py:588} INFO - Filling up the DagBag from /Library/Frameworks/Python.framework/Versions/3.10/lib/python3.10/site-packages/airflow/example_dags/example_display_name.py
[2025-04-16T15:09:11.453-0500] {processor.py:925} INFO - DAG(s) 'example_display_name' retrieved from /Library/Frameworks/Python.framework/Versions/3.10/lib/python3.10/site-packages/airflow/example_dags/example_display_name.py
[2025-04-16T15:09:11.484-0500] {logging_mixin.py:190} INFO - [2025-04-16T15:09:11.484-0500] {dag.py:3239} INFO - Sync 1 DAGs
[2025-04-16T15:09:11.488-0500] {logging_mixin.py:190} INFO - [2025-04-16T15:09:11.488-0500] {dag.py:4180} INFO - Setting next_dagrun for example_display_name to None, run_after=None
[2025-04-16T15:09:11.494-0500] {processor.py:208} INFO - Processing /Library/Frameworks/Python.framework/Versions/3.10/lib/python3.10/site-packages/airflow/example_dags/example_display_name.py took 0.077 seconds
[2025-04-16T15:13:57.651-0500] {processor.py:186} INFO - Started process (PID=26766) to work on /Library/Frameworks/Python.framework/Versions/3.10/lib/python3.10/site-packages/airflow/example_dags/example_display_name.py
[2025-04-16T15:13:57.652-0500] {processor.py:914} INFO - Processing file /Library/Frameworks/Python.framework/Versions/3.10/lib/python3.10/site-packages/airflow/example_dags/example_display_name.py for tasks to queue
[2025-04-16T15:13:57.652-0500] {logging_mixin.py:190} INFO - [2025-04-16T15:13:57.652-0500] {dagbag.py:588} INFO - Filling up the DagBag from /Library/Frameworks/Python.framework/Versions/3.10/lib/python3.10/site-packages/airflow/example_dags/example_display_name.py
[2025-04-16T15:13:57.686-0500] {processor.py:925} INFO - DAG(s) 'example_display_name' retrieved from /Library/Frameworks/Python.framework/Versions/3.10/lib/python3.10/site-packages/airflow/example_dags/example_display_name.py
[2025-04-16T15:13:57.719-0500] {logging_mixin.py:190} INFO - [2025-04-16T15:13:57.718-0500] {dag.py:3239} INFO - Sync 1 DAGs
[2025-04-16T15:13:57.724-0500] {logging_mixin.py:190} INFO - [2025-04-16T15:13:57.723-0500] {dag.py:4180} INFO - Setting next_dagrun for example_display_name to None, run_after=None
[2025-04-16T15:13:57.730-0500] {processor.py:208} INFO - Processing /Library/Frameworks/Python.framework/Versions/3.10/lib/python3.10/site-packages/airflow/example_dags/example_display_name.py took 0.082 seconds
[2025-04-16T15:18:44.532-0500] {processor.py:186} INFO - Started process (PID=27085) to work on /Library/Frameworks/Python.framework/Versions/3.10/lib/python3.10/site-packages/airflow/example_dags/example_display_name.py
[2025-04-16T15:18:44.533-0500] {processor.py:914} INFO - Processing file /Library/Frameworks/Python.framework/Versions/3.10/lib/python3.10/site-packages/airflow/example_dags/example_display_name.py for tasks to queue
[2025-04-16T15:18:44.533-0500] {logging_mixin.py:190} INFO - [2025-04-16T15:18:44.533-0500] {dagbag.py:588} INFO - Filling up the DagBag from /Library/Frameworks/Python.framework/Versions/3.10/lib/python3.10/site-packages/airflow/example_dags/example_display_name.py
[2025-04-16T15:18:44.566-0500] {processor.py:925} INFO - DAG(s) 'example_display_name' retrieved from /Library/Frameworks/Python.framework/Versions/3.10/lib/python3.10/site-packages/airflow/example_dags/example_display_name.py
[2025-04-16T15:18:44.597-0500] {logging_mixin.py:190} INFO - [2025-04-16T15:18:44.597-0500] {dag.py:3239} INFO - Sync 1 DAGs
[2025-04-16T15:18:44.601-0500] {logging_mixin.py:190} INFO - [2025-04-16T15:18:44.601-0500] {dag.py:4180} INFO - Setting next_dagrun for example_display_name to None, run_after=None
[2025-04-16T15:18:44.607-0500] {processor.py:208} INFO - Processing /Library/Frameworks/Python.framework/Versions/3.10/lib/python3.10/site-packages/airflow/example_dags/example_display_name.py took 0.077 seconds
[2025-04-16T15:23:41.017-0500] {processor.py:186} INFO - Started process (PID=27421) to work on /Library/Frameworks/Python.framework/Versions/3.10/lib/python3.10/site-packages/airflow/example_dags/example_display_name.py
[2025-04-16T15:23:41.018-0500] {processor.py:914} INFO - Processing file /Library/Frameworks/Python.framework/Versions/3.10/lib/python3.10/site-packages/airflow/example_dags/example_display_name.py for tasks to queue
[2025-04-16T15:23:41.018-0500] {logging_mixin.py:190} INFO - [2025-04-16T15:23:41.018-0500] {dagbag.py:588} INFO - Filling up the DagBag from /Library/Frameworks/Python.framework/Versions/3.10/lib/python3.10/site-packages/airflow/example_dags/example_display_name.py
[2025-04-16T15:23:41.051-0500] {processor.py:925} INFO - DAG(s) 'example_display_name' retrieved from /Library/Frameworks/Python.framework/Versions/3.10/lib/python3.10/site-packages/airflow/example_dags/example_display_name.py
[2025-04-16T15:23:41.082-0500] {logging_mixin.py:190} INFO - [2025-04-16T15:23:41.082-0500] {dag.py:3239} INFO - Sync 1 DAGs
[2025-04-16T15:23:41.086-0500] {logging_mixin.py:190} INFO - [2025-04-16T15:23:41.086-0500] {dag.py:4180} INFO - Setting next_dagrun for example_display_name to None, run_after=None
[2025-04-16T15:23:41.091-0500] {processor.py:208} INFO - Processing /Library/Frameworks/Python.framework/Versions/3.10/lib/python3.10/site-packages/airflow/example_dags/example_display_name.py took 0.076 seconds
[2025-04-16T15:28:50.284-0500] {processor.py:186} INFO - Started process (PID=27766) to work on /Library/Frameworks/Python.framework/Versions/3.10/lib/python3.10/site-packages/airflow/example_dags/example_display_name.py
[2025-04-16T15:28:50.285-0500] {processor.py:914} INFO - Processing file /Library/Frameworks/Python.framework/Versions/3.10/lib/python3.10/site-packages/airflow/example_dags/example_display_name.py for tasks to queue
[2025-04-16T15:28:50.286-0500] {logging_mixin.py:190} INFO - [2025-04-16T15:28:50.285-0500] {dagbag.py:588} INFO - Filling up the DagBag from /Library/Frameworks/Python.framework/Versions/3.10/lib/python3.10/site-packages/airflow/example_dags/example_display_name.py
[2025-04-16T15:28:50.319-0500] {processor.py:925} INFO - DAG(s) 'example_display_name' retrieved from /Library/Frameworks/Python.framework/Versions/3.10/lib/python3.10/site-packages/airflow/example_dags/example_display_name.py
[2025-04-16T15:28:50.351-0500] {logging_mixin.py:190} INFO - [2025-04-16T15:28:50.351-0500] {dag.py:3239} INFO - Sync 1 DAGs
[2025-04-16T15:28:50.356-0500] {logging_mixin.py:190} INFO - [2025-04-16T15:28:50.356-0500] {dag.py:4180} INFO - Setting next_dagrun for example_display_name to None, run_after=None
[2025-04-16T15:28:50.363-0500] {processor.py:208} INFO - Processing /Library/Frameworks/Python.framework/Versions/3.10/lib/python3.10/site-packages/airflow/example_dags/example_display_name.py took 0.081 seconds
[2025-04-16T15:43:31.674-0500] {processor.py:186} INFO - Started process (PID=28136) to work on /Library/Frameworks/Python.framework/Versions/3.10/lib/python3.10/site-packages/airflow/example_dags/example_display_name.py
[2025-04-16T15:43:31.674-0500] {processor.py:914} INFO - Processing file /Library/Frameworks/Python.framework/Versions/3.10/lib/python3.10/site-packages/airflow/example_dags/example_display_name.py for tasks to queue
[2025-04-16T15:43:31.675-0500] {logging_mixin.py:190} INFO - [2025-04-16T15:43:31.675-0500] {dagbag.py:588} INFO - Filling up the DagBag from /Library/Frameworks/Python.framework/Versions/3.10/lib/python3.10/site-packages/airflow/example_dags/example_display_name.py
[2025-04-16T15:43:31.708-0500] {processor.py:925} INFO - DAG(s) 'example_display_name' retrieved from /Library/Frameworks/Python.framework/Versions/3.10/lib/python3.10/site-packages/airflow/example_dags/example_display_name.py
[2025-04-16T15:43:31.739-0500] {logging_mixin.py:190} INFO - [2025-04-16T15:43:31.739-0500] {dag.py:3239} INFO - Sync 1 DAGs
[2025-04-16T15:43:31.744-0500] {logging_mixin.py:190} INFO - [2025-04-16T15:43:31.744-0500] {dag.py:4180} INFO - Setting next_dagrun for example_display_name to None, run_after=None
[2025-04-16T15:43:31.751-0500] {processor.py:208} INFO - Processing /Library/Frameworks/Python.framework/Versions/3.10/lib/python3.10/site-packages/airflow/example_dags/example_display_name.py took 0.079 seconds
[2025-04-16T15:56:30.189-0500] {processor.py:186} INFO - Started process (PID=28668) to work on /Library/Frameworks/Python.framework/Versions/3.10/lib/python3.10/site-packages/airflow/example_dags/example_display_name.py
[2025-04-16T15:56:30.190-0500] {processor.py:914} INFO - Processing file /Library/Frameworks/Python.framework/Versions/3.10/lib/python3.10/site-packages/airflow/example_dags/example_display_name.py for tasks to queue
[2025-04-16T15:56:30.190-0500] {logging_mixin.py:190} INFO - [2025-04-16T15:56:30.190-0500] {dagbag.py:588} INFO - Filling up the DagBag from /Library/Frameworks/Python.framework/Versions/3.10/lib/python3.10/site-packages/airflow/example_dags/example_display_name.py
[2025-04-16T15:56:30.242-0500] {processor.py:925} INFO - DAG(s) 'example_display_name' retrieved from /Library/Frameworks/Python.framework/Versions/3.10/lib/python3.10/site-packages/airflow/example_dags/example_display_name.py
[2025-04-16T15:56:30.286-0500] {logging_mixin.py:190} INFO - [2025-04-16T15:56:30.286-0500] {dag.py:3239} INFO - Sync 1 DAGs
[2025-04-16T15:56:30.291-0500] {logging_mixin.py:190} INFO - [2025-04-16T15:56:30.291-0500] {dag.py:4180} INFO - Setting next_dagrun for example_display_name to None, run_after=None
[2025-04-16T15:56:30.300-0500] {processor.py:208} INFO - Processing /Library/Frameworks/Python.framework/Versions/3.10/lib/python3.10/site-packages/airflow/example_dags/example_display_name.py took 0.113 seconds
[2025-04-16T16:01:24.118-0500] {processor.py:186} INFO - Started process (PID=29044) to work on /Library/Frameworks/Python.framework/Versions/3.10/lib/python3.10/site-packages/airflow/example_dags/example_display_name.py
[2025-04-16T16:01:24.118-0500] {processor.py:914} INFO - Processing file /Library/Frameworks/Python.framework/Versions/3.10/lib/python3.10/site-packages/airflow/example_dags/example_display_name.py for tasks to queue
[2025-04-16T16:01:24.119-0500] {logging_mixin.py:190} INFO - [2025-04-16T16:01:24.119-0500] {dagbag.py:588} INFO - Filling up the DagBag from /Library/Frameworks/Python.framework/Versions/3.10/lib/python3.10/site-packages/airflow/example_dags/example_display_name.py
[2025-04-16T16:01:24.150-0500] {processor.py:925} INFO - DAG(s) 'example_display_name' retrieved from /Library/Frameworks/Python.framework/Versions/3.10/lib/python3.10/site-packages/airflow/example_dags/example_display_name.py
[2025-04-16T16:01:24.180-0500] {logging_mixin.py:190} INFO - [2025-04-16T16:01:24.180-0500] {dag.py:3239} INFO - Sync 1 DAGs
[2025-04-16T16:01:24.184-0500] {logging_mixin.py:190} INFO - [2025-04-16T16:01:24.184-0500] {dag.py:4180} INFO - Setting next_dagrun for example_display_name to None, run_after=None
[2025-04-16T16:01:24.189-0500] {processor.py:208} INFO - Processing /Library/Frameworks/Python.framework/Versions/3.10/lib/python3.10/site-packages/airflow/example_dags/example_display_name.py took 0.074 seconds
[2025-04-16T16:05:52.773-0500] {processor.py:186} INFO - Started process (PID=29391) to work on /Library/Frameworks/Python.framework/Versions/3.10/lib/python3.10/site-packages/airflow/example_dags/example_display_name.py
[2025-04-16T16:05:52.774-0500] {processor.py:914} INFO - Processing file /Library/Frameworks/Python.framework/Versions/3.10/lib/python3.10/site-packages/airflow/example_dags/example_display_name.py for tasks to queue
[2025-04-16T16:05:52.774-0500] {logging_mixin.py:190} INFO - [2025-04-16T16:05:52.774-0500] {dagbag.py:588} INFO - Filling up the DagBag from /Library/Frameworks/Python.framework/Versions/3.10/lib/python3.10/site-packages/airflow/example_dags/example_display_name.py
[2025-04-16T16:05:52.806-0500] {processor.py:925} INFO - DAG(s) 'example_display_name' retrieved from /Library/Frameworks/Python.framework/Versions/3.10/lib/python3.10/site-packages/airflow/example_dags/example_display_name.py
[2025-04-16T16:05:52.837-0500] {logging_mixin.py:190} INFO - [2025-04-16T16:05:52.837-0500] {dag.py:3239} INFO - Sync 1 DAGs
[2025-04-16T16:05:52.841-0500] {logging_mixin.py:190} INFO - [2025-04-16T16:05:52.841-0500] {dag.py:4180} INFO - Setting next_dagrun for example_display_name to None, run_after=None
[2025-04-16T16:05:52.847-0500] {processor.py:208} INFO - Processing /Library/Frameworks/Python.framework/Versions/3.10/lib/python3.10/site-packages/airflow/example_dags/example_display_name.py took 0.076 seconds
[2025-04-16T16:10:19.803-0500] {processor.py:186} INFO - Started process (PID=29691) to work on /Library/Frameworks/Python.framework/Versions/3.10/lib/python3.10/site-packages/airflow/example_dags/example_display_name.py
[2025-04-16T16:10:19.805-0500] {processor.py:914} INFO - Processing file /Library/Frameworks/Python.framework/Versions/3.10/lib/python3.10/site-packages/airflow/example_dags/example_display_name.py for tasks to queue
[2025-04-16T16:10:19.805-0500] {logging_mixin.py:190} INFO - [2025-04-16T16:10:19.805-0500] {dagbag.py:588} INFO - Filling up the DagBag from /Library/Frameworks/Python.framework/Versions/3.10/lib/python3.10/site-packages/airflow/example_dags/example_display_name.py
[2025-04-16T16:10:19.840-0500] {processor.py:925} INFO - DAG(s) 'example_display_name' retrieved from /Library/Frameworks/Python.framework/Versions/3.10/lib/python3.10/site-packages/airflow/example_dags/example_display_name.py
[2025-04-16T16:10:19.872-0500] {logging_mixin.py:190} INFO - [2025-04-16T16:10:19.872-0500] {dag.py:3239} INFO - Sync 1 DAGs
[2025-04-16T16:10:19.876-0500] {logging_mixin.py:190} INFO - [2025-04-16T16:10:19.876-0500] {dag.py:4180} INFO - Setting next_dagrun for example_display_name to None, run_after=None
[2025-04-16T16:10:19.882-0500] {processor.py:208} INFO - Processing /Library/Frameworks/Python.framework/Versions/3.10/lib/python3.10/site-packages/airflow/example_dags/example_display_name.py took 0.081 seconds
[2025-04-16T16:14:46.436-0500] {processor.py:186} INFO - Started process (PID=29968) to work on /Library/Frameworks/Python.framework/Versions/3.10/lib/python3.10/site-packages/airflow/example_dags/example_display_name.py
[2025-04-16T16:14:46.437-0500] {processor.py:914} INFO - Processing file /Library/Frameworks/Python.framework/Versions/3.10/lib/python3.10/site-packages/airflow/example_dags/example_display_name.py for tasks to queue
[2025-04-16T16:14:46.437-0500] {logging_mixin.py:190} INFO - [2025-04-16T16:14:46.437-0500] {dagbag.py:588} INFO - Filling up the DagBag from /Library/Frameworks/Python.framework/Versions/3.10/lib/python3.10/site-packages/airflow/example_dags/example_display_name.py
[2025-04-16T16:14:46.469-0500] {processor.py:925} INFO - DAG(s) 'example_display_name' retrieved from /Library/Frameworks/Python.framework/Versions/3.10/lib/python3.10/site-packages/airflow/example_dags/example_display_name.py
[2025-04-16T16:14:46.500-0500] {logging_mixin.py:190} INFO - [2025-04-16T16:14:46.500-0500] {dag.py:3239} INFO - Sync 1 DAGs
[2025-04-16T16:14:46.504-0500] {logging_mixin.py:190} INFO - [2025-04-16T16:14:46.504-0500] {dag.py:4180} INFO - Setting next_dagrun for example_display_name to None, run_after=None
[2025-04-16T16:14:46.510-0500] {processor.py:208} INFO - Processing /Library/Frameworks/Python.framework/Versions/3.10/lib/python3.10/site-packages/airflow/example_dags/example_display_name.py took 0.075 seconds
[2025-04-16T16:21:32.504-0500] {processor.py:186} INFO - Started process (PID=30253) to work on /Library/Frameworks/Python.framework/Versions/3.10/lib/python3.10/site-packages/airflow/example_dags/example_display_name.py
[2025-04-16T16:21:32.505-0500] {processor.py:914} INFO - Processing file /Library/Frameworks/Python.framework/Versions/3.10/lib/python3.10/site-packages/airflow/example_dags/example_display_name.py for tasks to queue
[2025-04-16T16:21:32.505-0500] {logging_mixin.py:190} INFO - [2025-04-16T16:21:32.505-0500] {dagbag.py:588} INFO - Filling up the DagBag from /Library/Frameworks/Python.framework/Versions/3.10/lib/python3.10/site-packages/airflow/example_dags/example_display_name.py
[2025-04-16T16:21:32.537-0500] {processor.py:925} INFO - DAG(s) 'example_display_name' retrieved from /Library/Frameworks/Python.framework/Versions/3.10/lib/python3.10/site-packages/airflow/example_dags/example_display_name.py
[2025-04-16T16:21:32.568-0500] {logging_mixin.py:190} INFO - [2025-04-16T16:21:32.568-0500] {dag.py:3239} INFO - Sync 1 DAGs
[2025-04-16T16:21:32.571-0500] {logging_mixin.py:190} INFO - [2025-04-16T16:21:32.571-0500] {dag.py:4180} INFO - Setting next_dagrun for example_display_name to None, run_after=None
[2025-04-16T16:21:32.577-0500] {processor.py:208} INFO - Processing /Library/Frameworks/Python.framework/Versions/3.10/lib/python3.10/site-packages/airflow/example_dags/example_display_name.py took 0.074 seconds
[2025-04-16T16:40:04.053-0500] {processor.py:186} INFO - Started process (PID=30564) to work on /Library/Frameworks/Python.framework/Versions/3.10/lib/python3.10/site-packages/airflow/example_dags/example_display_name.py
[2025-04-16T16:40:04.054-0500] {processor.py:914} INFO - Processing file /Library/Frameworks/Python.framework/Versions/3.10/lib/python3.10/site-packages/airflow/example_dags/example_display_name.py for tasks to queue
[2025-04-16T16:40:04.054-0500] {logging_mixin.py:190} INFO - [2025-04-16T16:40:04.054-0500] {dagbag.py:588} INFO - Filling up the DagBag from /Library/Frameworks/Python.framework/Versions/3.10/lib/python3.10/site-packages/airflow/example_dags/example_display_name.py
[2025-04-16T16:40:04.085-0500] {processor.py:925} INFO - DAG(s) 'example_display_name' retrieved from /Library/Frameworks/Python.framework/Versions/3.10/lib/python3.10/site-packages/airflow/example_dags/example_display_name.py
[2025-04-16T16:40:04.115-0500] {logging_mixin.py:190} INFO - [2025-04-16T16:40:04.115-0500] {dag.py:3239} INFO - Sync 1 DAGs
[2025-04-16T16:40:04.119-0500] {logging_mixin.py:190} INFO - [2025-04-16T16:40:04.119-0500] {dag.py:4180} INFO - Setting next_dagrun for example_display_name to None, run_after=None
[2025-04-16T16:40:04.125-0500] {processor.py:208} INFO - Processing /Library/Frameworks/Python.framework/Versions/3.10/lib/python3.10/site-packages/airflow/example_dags/example_display_name.py took 0.074 seconds
[2025-04-16T18:45:08.152-0500] {processor.py:186} INFO - Started process (PID=31134) to work on /Library/Frameworks/Python.framework/Versions/3.10/lib/python3.10/site-packages/airflow/example_dags/example_display_name.py
[2025-04-16T18:45:08.153-0500] {processor.py:914} INFO - Processing file /Library/Frameworks/Python.framework/Versions/3.10/lib/python3.10/site-packages/airflow/example_dags/example_display_name.py for tasks to queue
[2025-04-16T18:45:08.153-0500] {logging_mixin.py:190} INFO - [2025-04-16T18:45:08.153-0500] {dagbag.py:588} INFO - Filling up the DagBag from /Library/Frameworks/Python.framework/Versions/3.10/lib/python3.10/site-packages/airflow/example_dags/example_display_name.py
[2025-04-16T18:45:08.185-0500] {processor.py:925} INFO - DAG(s) 'example_display_name' retrieved from /Library/Frameworks/Python.framework/Versions/3.10/lib/python3.10/site-packages/airflow/example_dags/example_display_name.py
[2025-04-16T18:45:08.216-0500] {logging_mixin.py:190} INFO - [2025-04-16T18:45:08.216-0500] {dag.py:3239} INFO - Sync 1 DAGs
[2025-04-16T18:45:08.220-0500] {logging_mixin.py:190} INFO - [2025-04-16T18:45:08.220-0500] {dag.py:4180} INFO - Setting next_dagrun for example_display_name to None, run_after=None
[2025-04-16T18:45:08.225-0500] {processor.py:208} INFO - Processing /Library/Frameworks/Python.framework/Versions/3.10/lib/python3.10/site-packages/airflow/example_dags/example_display_name.py took 0.075 seconds
