[2025-04-15T20:58:00.598-0500] {processor.py:186} INFO - Started process (PID=10510) to work on /Library/Frameworks/Python.framework/Versions/3.10/lib/python3.10/site-packages/airflow/example_dags/example_dag_decorator.py
[2025-04-15T20:58:00.599-0500] {processor.py:914} INFO - Processing file /Library/Frameworks/Python.framework/Versions/3.10/lib/python3.10/site-packages/airflow/example_dags/example_dag_decorator.py for tasks to queue
[2025-04-15T20:58:00.599-0500] {logging_mixin.py:190} INFO - [2025-04-15T20:58:00.599-0500] {dagbag.py:588} INFO - Filling up the DagBag from /Library/Frameworks/Python.framework/Versions/3.10/lib/python3.10/site-packages/airflow/example_dags/example_dag_decorator.py
[2025-04-15T20:58:00.670-0500] {processor.py:925} INFO - DAG(s) 'example_dag_decorator' retrieved from /Library/Frameworks/Python.framework/Versions/3.10/lib/python3.10/site-packages/airflow/example_dags/example_dag_decorator.py
[2025-04-15T20:58:00.743-0500] {logging_mixin.py:190} INFO - [2025-04-15T20:58:00.743-0500] {dag.py:3239} INFO - Sync 1 DAGs
[2025-04-15T20:58:00.746-0500] {logging_mixin.py:190} INFO - [2025-04-15T20:58:00.746-0500] {dag.py:4180} INFO - Setting next_dagrun for example_dag_decorator to None, run_after=None
[2025-04-15T20:58:00.752-0500] {processor.py:208} INFO - Processing /Library/Frameworks/Python.framework/Versions/3.10/lib/python3.10/site-packages/airflow/example_dags/example_dag_decorator.py took 0.155 seconds
[2025-04-15T21:03:08.164-0500] {processor.py:186} INFO - Started process (PID=10811) to work on /Library/Frameworks/Python.framework/Versions/3.10/lib/python3.10/site-packages/airflow/example_dags/example_dag_decorator.py
[2025-04-15T21:03:08.164-0500] {processor.py:914} INFO - Processing file /Library/Frameworks/Python.framework/Versions/3.10/lib/python3.10/site-packages/airflow/example_dags/example_dag_decorator.py for tasks to queue
[2025-04-15T21:03:08.165-0500] {logging_mixin.py:190} INFO - [2025-04-15T21:03:08.164-0500] {dagbag.py:588} INFO - Filling up the DagBag from /Library/Frameworks/Python.framework/Versions/3.10/lib/python3.10/site-packages/airflow/example_dags/example_dag_decorator.py
[2025-04-15T21:03:08.235-0500] {processor.py:925} INFO - DAG(s) 'example_dag_decorator' retrieved from /Library/Frameworks/Python.framework/Versions/3.10/lib/python3.10/site-packages/airflow/example_dags/example_dag_decorator.py
[2025-04-15T21:03:08.308-0500] {logging_mixin.py:190} INFO - [2025-04-15T21:03:08.308-0500] {dag.py:3239} INFO - Sync 1 DAGs
[2025-04-15T21:03:08.311-0500] {logging_mixin.py:190} INFO - [2025-04-15T21:03:08.311-0500] {dag.py:4180} INFO - Setting next_dagrun for example_dag_decorator to None, run_after=None
[2025-04-15T21:03:08.317-0500] {processor.py:208} INFO - Processing /Library/Frameworks/Python.framework/Versions/3.10/lib/python3.10/site-packages/airflow/example_dags/example_dag_decorator.py took 0.155 seconds
[2025-04-15T22:25:05.159-0500] {processor.py:186} INFO - Started process (PID=11226) to work on /Library/Frameworks/Python.framework/Versions/3.10/lib/python3.10/site-packages/airflow/example_dags/example_dag_decorator.py
[2025-04-15T22:25:05.160-0500] {processor.py:914} INFO - Processing file /Library/Frameworks/Python.framework/Versions/3.10/lib/python3.10/site-packages/airflow/example_dags/example_dag_decorator.py for tasks to queue
[2025-04-15T22:25:05.160-0500] {logging_mixin.py:190} INFO - [2025-04-15T22:25:05.160-0500] {dagbag.py:588} INFO - Filling up the DagBag from /Library/Frameworks/Python.framework/Versions/3.10/lib/python3.10/site-packages/airflow/example_dags/example_dag_decorator.py
[2025-04-15T22:25:05.228-0500] {processor.py:925} INFO - DAG(s) 'example_dag_decorator' retrieved from /Library/Frameworks/Python.framework/Versions/3.10/lib/python3.10/site-packages/airflow/example_dags/example_dag_decorator.py
[2025-04-15T22:25:05.297-0500] {logging_mixin.py:190} INFO - [2025-04-15T22:25:05.297-0500] {dag.py:3239} INFO - Sync 1 DAGs
[2025-04-15T22:25:05.300-0500] {logging_mixin.py:190} INFO - [2025-04-15T22:25:05.300-0500] {dag.py:4180} INFO - Setting next_dagrun for example_dag_decorator to None, run_after=None
[2025-04-15T22:25:05.305-0500] {processor.py:208} INFO - Processing /Library/Frameworks/Python.framework/Versions/3.10/lib/python3.10/site-packages/airflow/example_dags/example_dag_decorator.py took 0.148 seconds
[2025-04-16T00:07:05.843-0500] {processor.py:186} INFO - Started process (PID=11696) to work on /Library/Frameworks/Python.framework/Versions/3.10/lib/python3.10/site-packages/airflow/example_dags/example_dag_decorator.py
[2025-04-16T00:07:05.844-0500] {processor.py:914} INFO - Processing file /Library/Frameworks/Python.framework/Versions/3.10/lib/python3.10/site-packages/airflow/example_dags/example_dag_decorator.py for tasks to queue
[2025-04-16T00:07:05.844-0500] {logging_mixin.py:190} INFO - [2025-04-16T00:07:05.844-0500] {dagbag.py:588} INFO - Filling up the DagBag from /Library/Frameworks/Python.framework/Versions/3.10/lib/python3.10/site-packages/airflow/example_dags/example_dag_decorator.py
[2025-04-16T00:07:05.910-0500] {processor.py:925} INFO - DAG(s) 'example_dag_decorator' retrieved from /Library/Frameworks/Python.framework/Versions/3.10/lib/python3.10/site-packages/airflow/example_dags/example_dag_decorator.py
[2025-04-16T00:07:05.942-0500] {logging_mixin.py:190} INFO - [2025-04-16T00:07:05.942-0500] {dag.py:3239} INFO - Sync 1 DAGs
[2025-04-16T00:07:05.946-0500] {logging_mixin.py:190} INFO - [2025-04-16T00:07:05.946-0500] {dag.py:4180} INFO - Setting next_dagrun for example_dag_decorator to None, run_after=None
[2025-04-16T00:07:05.952-0500] {processor.py:208} INFO - Processing /Library/Frameworks/Python.framework/Versions/3.10/lib/python3.10/site-packages/airflow/example_dags/example_dag_decorator.py took 0.110 seconds
[2025-04-16T01:36:45.999-0500] {processor.py:186} INFO - Started process (PID=11974) to work on /Library/Frameworks/Python.framework/Versions/3.10/lib/python3.10/site-packages/airflow/example_dags/example_dag_decorator.py
[2025-04-16T01:36:45.999-0500] {processor.py:914} INFO - Processing file /Library/Frameworks/Python.framework/Versions/3.10/lib/python3.10/site-packages/airflow/example_dags/example_dag_decorator.py for tasks to queue
[2025-04-16T01:36:45.999-0500] {logging_mixin.py:190} INFO - [2025-04-16T01:36:45.999-0500] {dagbag.py:588} INFO - Filling up the DagBag from /Library/Frameworks/Python.framework/Versions/3.10/lib/python3.10/site-packages/airflow/example_dags/example_dag_decorator.py
[2025-04-16T01:36:46.073-0500] {processor.py:925} INFO - DAG(s) 'example_dag_decorator' retrieved from /Library/Frameworks/Python.framework/Versions/3.10/lib/python3.10/site-packages/airflow/example_dags/example_dag_decorator.py
[2025-04-16T01:36:46.144-0500] {logging_mixin.py:190} INFO - [2025-04-16T01:36:46.144-0500] {dag.py:3239} INFO - Sync 1 DAGs
[2025-04-16T01:36:46.147-0500] {logging_mixin.py:190} INFO - [2025-04-16T01:36:46.147-0500] {dag.py:4180} INFO - Setting next_dagrun for example_dag_decorator to None, run_after=None
[2025-04-16T01:36:46.153-0500] {processor.py:208} INFO - Processing /Library/Frameworks/Python.framework/Versions/3.10/lib/python3.10/site-packages/airflow/example_dags/example_dag_decorator.py took 0.156 seconds
[2025-04-16T04:10:49.195-0500] {processor.py:186} INFO - Started process (PID=12497) to work on /Library/Frameworks/Python.framework/Versions/3.10/lib/python3.10/site-packages/airflow/example_dags/example_dag_decorator.py
[2025-04-16T04:10:49.197-0500] {processor.py:914} INFO - Processing file /Library/Frameworks/Python.framework/Versions/3.10/lib/python3.10/site-packages/airflow/example_dags/example_dag_decorator.py for tasks to queue
[2025-04-16T04:10:49.197-0500] {logging_mixin.py:190} INFO - [2025-04-16T04:10:49.197-0500] {dagbag.py:588} INFO - Filling up the DagBag from /Library/Frameworks/Python.framework/Versions/3.10/lib/python3.10/site-packages/airflow/example_dags/example_dag_decorator.py
[2025-04-16T04:10:49.272-0500] {processor.py:925} INFO - DAG(s) 'example_dag_decorator' retrieved from /Library/Frameworks/Python.framework/Versions/3.10/lib/python3.10/site-packages/airflow/example_dags/example_dag_decorator.py
[2025-04-16T04:10:49.346-0500] {logging_mixin.py:190} INFO - [2025-04-16T04:10:49.346-0500] {dag.py:3239} INFO - Sync 1 DAGs
[2025-04-16T04:10:49.349-0500] {logging_mixin.py:190} INFO - [2025-04-16T04:10:49.349-0500] {dag.py:4180} INFO - Setting next_dagrun for example_dag_decorator to None, run_after=None
[2025-04-16T04:10:49.355-0500] {processor.py:208} INFO - Processing /Library/Frameworks/Python.framework/Versions/3.10/lib/python3.10/site-packages/airflow/example_dags/example_dag_decorator.py took 0.162 seconds
[2025-04-16T04:59:52.435-0500] {processor.py:186} INFO - Started process (PID=12672) to work on /Library/Frameworks/Python.framework/Versions/3.10/lib/python3.10/site-packages/airflow/example_dags/example_dag_decorator.py
[2025-04-16T04:59:52.436-0500] {processor.py:914} INFO - Processing file /Library/Frameworks/Python.framework/Versions/3.10/lib/python3.10/site-packages/airflow/example_dags/example_dag_decorator.py for tasks to queue
[2025-04-16T04:59:52.436-0500] {logging_mixin.py:190} INFO - [2025-04-16T04:59:52.436-0500] {dagbag.py:588} INFO - Filling up the DagBag from /Library/Frameworks/Python.framework/Versions/3.10/lib/python3.10/site-packages/airflow/example_dags/example_dag_decorator.py
[2025-04-16T04:59:52.503-0500] {processor.py:925} INFO - DAG(s) 'example_dag_decorator' retrieved from /Library/Frameworks/Python.framework/Versions/3.10/lib/python3.10/site-packages/airflow/example_dags/example_dag_decorator.py
[2025-04-16T04:59:52.574-0500] {logging_mixin.py:190} INFO - [2025-04-16T04:59:52.574-0500] {dag.py:3239} INFO - Sync 1 DAGs
[2025-04-16T04:59:52.577-0500] {logging_mixin.py:190} INFO - [2025-04-16T04:59:52.577-0500] {dag.py:4180} INFO - Setting next_dagrun for example_dag_decorator to None, run_after=None
[2025-04-16T04:59:52.583-0500] {processor.py:208} INFO - Processing /Library/Frameworks/Python.framework/Versions/3.10/lib/python3.10/site-packages/airflow/example_dags/example_dag_decorator.py took 0.149 seconds
[2025-04-16T09:48:23.318-0500] {processor.py:186} INFO - Started process (PID=13274) to work on /Library/Frameworks/Python.framework/Versions/3.10/lib/python3.10/site-packages/airflow/example_dags/example_dag_decorator.py
[2025-04-16T09:48:23.318-0500] {processor.py:914} INFO - Processing file /Library/Frameworks/Python.framework/Versions/3.10/lib/python3.10/site-packages/airflow/example_dags/example_dag_decorator.py for tasks to queue
[2025-04-16T09:48:23.319-0500] {logging_mixin.py:190} INFO - [2025-04-16T09:48:23.319-0500] {dagbag.py:588} INFO - Filling up the DagBag from /Library/Frameworks/Python.framework/Versions/3.10/lib/python3.10/site-packages/airflow/example_dags/example_dag_decorator.py
[2025-04-16T09:48:23.385-0500] {processor.py:925} INFO - DAG(s) 'example_dag_decorator' retrieved from /Library/Frameworks/Python.framework/Versions/3.10/lib/python3.10/site-packages/airflow/example_dags/example_dag_decorator.py
[2025-04-16T09:48:23.459-0500] {logging_mixin.py:190} INFO - [2025-04-16T09:48:23.458-0500] {dag.py:3239} INFO - Sync 1 DAGs
[2025-04-16T09:48:23.462-0500] {logging_mixin.py:190} INFO - [2025-04-16T09:48:23.462-0500] {dag.py:4180} INFO - Setting next_dagrun for example_dag_decorator to None, run_after=None
[2025-04-16T09:48:23.468-0500] {processor.py:208} INFO - Processing /Library/Frameworks/Python.framework/Versions/3.10/lib/python3.10/site-packages/airflow/example_dags/example_dag_decorator.py took 0.152 seconds
[2025-04-16T10:34:44.877-0500] {processor.py:186} INFO - Started process (PID=13745) to work on /Library/Frameworks/Python.framework/Versions/3.10/lib/python3.10/site-packages/airflow/example_dags/example_dag_decorator.py
[2025-04-16T10:34:44.877-0500] {processor.py:914} INFO - Processing file /Library/Frameworks/Python.framework/Versions/3.10/lib/python3.10/site-packages/airflow/example_dags/example_dag_decorator.py for tasks to queue
[2025-04-16T10:34:44.878-0500] {logging_mixin.py:190} INFO - [2025-04-16T10:34:44.878-0500] {dagbag.py:588} INFO - Filling up the DagBag from /Library/Frameworks/Python.framework/Versions/3.10/lib/python3.10/site-packages/airflow/example_dags/example_dag_decorator.py
[2025-04-16T10:34:44.967-0500] {processor.py:925} INFO - DAG(s) 'example_dag_decorator' retrieved from /Library/Frameworks/Python.framework/Versions/3.10/lib/python3.10/site-packages/airflow/example_dags/example_dag_decorator.py
[2025-04-16T10:34:45.044-0500] {logging_mixin.py:190} INFO - [2025-04-16T10:34:45.044-0500] {dag.py:3239} INFO - Sync 1 DAGs
[2025-04-16T10:34:45.047-0500] {logging_mixin.py:190} INFO - [2025-04-16T10:34:45.047-0500] {dag.py:4180} INFO - Setting next_dagrun for example_dag_decorator to None, run_after=None
[2025-04-16T10:34:45.053-0500] {processor.py:208} INFO - Processing /Library/Frameworks/Python.framework/Versions/3.10/lib/python3.10/site-packages/airflow/example_dags/example_dag_decorator.py took 0.178 seconds
[2025-04-16T10:37:41.838-0500] {processor.py:186} INFO - Started process (PID=13945) to work on /Library/Frameworks/Python.framework/Versions/3.10/lib/python3.10/site-packages/airflow/example_dags/example_dag_decorator.py
[2025-04-16T10:37:41.839-0500] {processor.py:914} INFO - Processing file /Library/Frameworks/Python.framework/Versions/3.10/lib/python3.10/site-packages/airflow/example_dags/example_dag_decorator.py for tasks to queue
[2025-04-16T10:37:41.839-0500] {logging_mixin.py:190} INFO - [2025-04-16T10:37:41.839-0500] {dagbag.py:588} INFO - Filling up the DagBag from /Library/Frameworks/Python.framework/Versions/3.10/lib/python3.10/site-packages/airflow/example_dags/example_dag_decorator.py
[2025-04-16T10:37:41.911-0500] {processor.py:925} INFO - DAG(s) 'example_dag_decorator' retrieved from /Library/Frameworks/Python.framework/Versions/3.10/lib/python3.10/site-packages/airflow/example_dags/example_dag_decorator.py
[2025-04-16T10:37:41.983-0500] {logging_mixin.py:190} INFO - [2025-04-16T10:37:41.983-0500] {dag.py:3239} INFO - Sync 1 DAGs
[2025-04-16T10:37:41.986-0500] {logging_mixin.py:190} INFO - [2025-04-16T10:37:41.986-0500] {dag.py:4180} INFO - Setting next_dagrun for example_dag_decorator to None, run_after=None
[2025-04-16T10:37:41.992-0500] {processor.py:208} INFO - Processing /Library/Frameworks/Python.framework/Versions/3.10/lib/python3.10/site-packages/airflow/example_dags/example_dag_decorator.py took 0.155 seconds
[2025-04-16T10:42:28.114-0500] {processor.py:186} INFO - Started process (PID=14254) to work on /Library/Frameworks/Python.framework/Versions/3.10/lib/python3.10/site-packages/airflow/example_dags/example_dag_decorator.py
[2025-04-16T10:42:28.114-0500] {processor.py:914} INFO - Processing file /Library/Frameworks/Python.framework/Versions/3.10/lib/python3.10/site-packages/airflow/example_dags/example_dag_decorator.py for tasks to queue
[2025-04-16T10:42:28.115-0500] {logging_mixin.py:190} INFO - [2025-04-16T10:42:28.115-0500] {dagbag.py:588} INFO - Filling up the DagBag from /Library/Frameworks/Python.framework/Versions/3.10/lib/python3.10/site-packages/airflow/example_dags/example_dag_decorator.py
[2025-04-16T10:42:28.184-0500] {processor.py:925} INFO - DAG(s) 'example_dag_decorator' retrieved from /Library/Frameworks/Python.framework/Versions/3.10/lib/python3.10/site-packages/airflow/example_dags/example_dag_decorator.py
[2025-04-16T10:42:28.257-0500] {logging_mixin.py:190} INFO - [2025-04-16T10:42:28.257-0500] {dag.py:3239} INFO - Sync 1 DAGs
[2025-04-16T10:42:28.260-0500] {logging_mixin.py:190} INFO - [2025-04-16T10:42:28.260-0500] {dag.py:4180} INFO - Setting next_dagrun for example_dag_decorator to None, run_after=None
[2025-04-16T10:42:28.265-0500] {processor.py:208} INFO - Processing /Library/Frameworks/Python.framework/Versions/3.10/lib/python3.10/site-packages/airflow/example_dags/example_dag_decorator.py took 0.153 seconds
[2025-04-16T10:47:02.171-0500] {processor.py:186} INFO - Started process (PID=14526) to work on /Library/Frameworks/Python.framework/Versions/3.10/lib/python3.10/site-packages/airflow/example_dags/example_dag_decorator.py
[2025-04-16T10:47:02.171-0500] {processor.py:914} INFO - Processing file /Library/Frameworks/Python.framework/Versions/3.10/lib/python3.10/site-packages/airflow/example_dags/example_dag_decorator.py for tasks to queue
[2025-04-16T10:47:02.172-0500] {logging_mixin.py:190} INFO - [2025-04-16T10:47:02.172-0500] {dagbag.py:588} INFO - Filling up the DagBag from /Library/Frameworks/Python.framework/Versions/3.10/lib/python3.10/site-packages/airflow/example_dags/example_dag_decorator.py
[2025-04-16T10:47:02.241-0500] {processor.py:925} INFO - DAG(s) 'example_dag_decorator' retrieved from /Library/Frameworks/Python.framework/Versions/3.10/lib/python3.10/site-packages/airflow/example_dags/example_dag_decorator.py
[2025-04-16T10:47:02.314-0500] {logging_mixin.py:190} INFO - [2025-04-16T10:47:02.314-0500] {dag.py:3239} INFO - Sync 1 DAGs
[2025-04-16T10:47:02.317-0500] {logging_mixin.py:190} INFO - [2025-04-16T10:47:02.317-0500] {dag.py:4180} INFO - Setting next_dagrun for example_dag_decorator to None, run_after=None
[2025-04-16T10:47:02.323-0500] {processor.py:208} INFO - Processing /Library/Frameworks/Python.framework/Versions/3.10/lib/python3.10/site-packages/airflow/example_dags/example_dag_decorator.py took 0.154 seconds
[2025-04-16T10:51:45.641-0500] {processor.py:186} INFO - Started process (PID=14810) to work on /Library/Frameworks/Python.framework/Versions/3.10/lib/python3.10/site-packages/airflow/example_dags/example_dag_decorator.py
[2025-04-16T10:51:45.641-0500] {processor.py:914} INFO - Processing file /Library/Frameworks/Python.framework/Versions/3.10/lib/python3.10/site-packages/airflow/example_dags/example_dag_decorator.py for tasks to queue
[2025-04-16T10:51:45.642-0500] {logging_mixin.py:190} INFO - [2025-04-16T10:51:45.642-0500] {dagbag.py:588} INFO - Filling up the DagBag from /Library/Frameworks/Python.framework/Versions/3.10/lib/python3.10/site-packages/airflow/example_dags/example_dag_decorator.py
[2025-04-16T10:51:45.713-0500] {processor.py:925} INFO - DAG(s) 'example_dag_decorator' retrieved from /Library/Frameworks/Python.framework/Versions/3.10/lib/python3.10/site-packages/airflow/example_dags/example_dag_decorator.py
[2025-04-16T10:51:45.786-0500] {logging_mixin.py:190} INFO - [2025-04-16T10:51:45.786-0500] {dag.py:3239} INFO - Sync 1 DAGs
[2025-04-16T10:51:45.789-0500] {logging_mixin.py:190} INFO - [2025-04-16T10:51:45.789-0500] {dag.py:4180} INFO - Setting next_dagrun for example_dag_decorator to None, run_after=None
[2025-04-16T10:51:45.795-0500] {processor.py:208} INFO - Processing /Library/Frameworks/Python.framework/Versions/3.10/lib/python3.10/site-packages/airflow/example_dags/example_dag_decorator.py took 0.155 seconds
[2025-04-16T10:56:30.200-0500] {processor.py:186} INFO - Started process (PID=15095) to work on /Library/Frameworks/Python.framework/Versions/3.10/lib/python3.10/site-packages/airflow/example_dags/example_dag_decorator.py
[2025-04-16T10:56:30.200-0500] {processor.py:914} INFO - Processing file /Library/Frameworks/Python.framework/Versions/3.10/lib/python3.10/site-packages/airflow/example_dags/example_dag_decorator.py for tasks to queue
[2025-04-16T10:56:30.201-0500] {logging_mixin.py:190} INFO - [2025-04-16T10:56:30.201-0500] {dagbag.py:588} INFO - Filling up the DagBag from /Library/Frameworks/Python.framework/Versions/3.10/lib/python3.10/site-packages/airflow/example_dags/example_dag_decorator.py
[2025-04-16T10:56:30.268-0500] {processor.py:925} INFO - DAG(s) 'example_dag_decorator' retrieved from /Library/Frameworks/Python.framework/Versions/3.10/lib/python3.10/site-packages/airflow/example_dags/example_dag_decorator.py
[2025-04-16T10:56:30.341-0500] {logging_mixin.py:190} INFO - [2025-04-16T10:56:30.341-0500] {dag.py:3239} INFO - Sync 1 DAGs
[2025-04-16T10:56:30.344-0500] {logging_mixin.py:190} INFO - [2025-04-16T10:56:30.344-0500] {dag.py:4180} INFO - Setting next_dagrun for example_dag_decorator to None, run_after=None
[2025-04-16T10:56:30.350-0500] {processor.py:208} INFO - Processing /Library/Frameworks/Python.framework/Versions/3.10/lib/python3.10/site-packages/airflow/example_dags/example_dag_decorator.py took 0.152 seconds
[2025-04-16T11:01:22.555-0500] {processor.py:186} INFO - Started process (PID=15382) to work on /Library/Frameworks/Python.framework/Versions/3.10/lib/python3.10/site-packages/airflow/example_dags/example_dag_decorator.py
[2025-04-16T11:01:22.556-0500] {processor.py:914} INFO - Processing file /Library/Frameworks/Python.framework/Versions/3.10/lib/python3.10/site-packages/airflow/example_dags/example_dag_decorator.py for tasks to queue
[2025-04-16T11:01:22.556-0500] {logging_mixin.py:190} INFO - [2025-04-16T11:01:22.556-0500] {dagbag.py:588} INFO - Filling up the DagBag from /Library/Frameworks/Python.framework/Versions/3.10/lib/python3.10/site-packages/airflow/example_dags/example_dag_decorator.py
[2025-04-16T11:01:22.625-0500] {processor.py:925} INFO - DAG(s) 'example_dag_decorator' retrieved from /Library/Frameworks/Python.framework/Versions/3.10/lib/python3.10/site-packages/airflow/example_dags/example_dag_decorator.py
[2025-04-16T11:01:22.698-0500] {logging_mixin.py:190} INFO - [2025-04-16T11:01:22.698-0500] {dag.py:3239} INFO - Sync 1 DAGs
[2025-04-16T11:01:22.701-0500] {logging_mixin.py:190} INFO - [2025-04-16T11:01:22.701-0500] {dag.py:4180} INFO - Setting next_dagrun for example_dag_decorator to None, run_after=None
[2025-04-16T11:01:22.707-0500] {processor.py:208} INFO - Processing /Library/Frameworks/Python.framework/Versions/3.10/lib/python3.10/site-packages/airflow/example_dags/example_dag_decorator.py took 0.153 seconds
[2025-04-16T11:06:25.963-0500] {processor.py:186} INFO - Started process (PID=15700) to work on /Library/Frameworks/Python.framework/Versions/3.10/lib/python3.10/site-packages/airflow/example_dags/example_dag_decorator.py
[2025-04-16T11:06:25.964-0500] {processor.py:914} INFO - Processing file /Library/Frameworks/Python.framework/Versions/3.10/lib/python3.10/site-packages/airflow/example_dags/example_dag_decorator.py for tasks to queue
[2025-04-16T11:06:25.964-0500] {logging_mixin.py:190} INFO - [2025-04-16T11:06:25.964-0500] {dagbag.py:588} INFO - Filling up the DagBag from /Library/Frameworks/Python.framework/Versions/3.10/lib/python3.10/site-packages/airflow/example_dags/example_dag_decorator.py
[2025-04-16T11:06:26.033-0500] {processor.py:925} INFO - DAG(s) 'example_dag_decorator' retrieved from /Library/Frameworks/Python.framework/Versions/3.10/lib/python3.10/site-packages/airflow/example_dags/example_dag_decorator.py
[2025-04-16T11:06:26.105-0500] {logging_mixin.py:190} INFO - [2025-04-16T11:06:26.105-0500] {dag.py:3239} INFO - Sync 1 DAGs
[2025-04-16T11:06:26.109-0500] {logging_mixin.py:190} INFO - [2025-04-16T11:06:26.109-0500] {dag.py:4180} INFO - Setting next_dagrun for example_dag_decorator to None, run_after=None
[2025-04-16T11:06:26.114-0500] {processor.py:208} INFO - Processing /Library/Frameworks/Python.framework/Versions/3.10/lib/python3.10/site-packages/airflow/example_dags/example_dag_decorator.py took 0.152 seconds
[2025-04-16T11:11:02.105-0500] {processor.py:186} INFO - Started process (PID=15977) to work on /Library/Frameworks/Python.framework/Versions/3.10/lib/python3.10/site-packages/airflow/example_dags/example_dag_decorator.py
[2025-04-16T11:11:02.105-0500] {processor.py:914} INFO - Processing file /Library/Frameworks/Python.framework/Versions/3.10/lib/python3.10/site-packages/airflow/example_dags/example_dag_decorator.py for tasks to queue
[2025-04-16T11:11:02.106-0500] {logging_mixin.py:190} INFO - [2025-04-16T11:11:02.106-0500] {dagbag.py:588} INFO - Filling up the DagBag from /Library/Frameworks/Python.framework/Versions/3.10/lib/python3.10/site-packages/airflow/example_dags/example_dag_decorator.py
[2025-04-16T11:11:02.176-0500] {processor.py:925} INFO - DAG(s) 'example_dag_decorator' retrieved from /Library/Frameworks/Python.framework/Versions/3.10/lib/python3.10/site-packages/airflow/example_dags/example_dag_decorator.py
[2025-04-16T11:11:02.250-0500] {logging_mixin.py:190} INFO - [2025-04-16T11:11:02.250-0500] {dag.py:3239} INFO - Sync 1 DAGs
[2025-04-16T11:11:02.253-0500] {logging_mixin.py:190} INFO - [2025-04-16T11:11:02.253-0500] {dag.py:4180} INFO - Setting next_dagrun for example_dag_decorator to None, run_after=None
[2025-04-16T11:11:02.259-0500] {processor.py:208} INFO - Processing /Library/Frameworks/Python.framework/Versions/3.10/lib/python3.10/site-packages/airflow/example_dags/example_dag_decorator.py took 0.156 seconds
[2025-04-16T11:15:32.434-0500] {processor.py:186} INFO - Started process (PID=16295) to work on /Library/Frameworks/Python.framework/Versions/3.10/lib/python3.10/site-packages/airflow/example_dags/example_dag_decorator.py
[2025-04-16T11:15:32.435-0500] {processor.py:914} INFO - Processing file /Library/Frameworks/Python.framework/Versions/3.10/lib/python3.10/site-packages/airflow/example_dags/example_dag_decorator.py for tasks to queue
[2025-04-16T11:15:32.435-0500] {logging_mixin.py:190} INFO - [2025-04-16T11:15:32.435-0500] {dagbag.py:588} INFO - Filling up the DagBag from /Library/Frameworks/Python.framework/Versions/3.10/lib/python3.10/site-packages/airflow/example_dags/example_dag_decorator.py
[2025-04-16T11:15:32.503-0500] {processor.py:925} INFO - DAG(s) 'example_dag_decorator' retrieved from /Library/Frameworks/Python.framework/Versions/3.10/lib/python3.10/site-packages/airflow/example_dags/example_dag_decorator.py
[2025-04-16T11:15:32.578-0500] {logging_mixin.py:190} INFO - [2025-04-16T11:15:32.576-0500] {dag.py:3239} INFO - Sync 1 DAGs
[2025-04-16T11:15:32.581-0500] {logging_mixin.py:190} INFO - [2025-04-16T11:15:32.581-0500] {dag.py:4180} INFO - Setting next_dagrun for example_dag_decorator to None, run_after=None
[2025-04-16T11:15:32.586-0500] {processor.py:208} INFO - Processing /Library/Frameworks/Python.framework/Versions/3.10/lib/python3.10/site-packages/airflow/example_dags/example_dag_decorator.py took 0.154 seconds
[2025-04-16T11:20:03.084-0500] {processor.py:186} INFO - Started process (PID=16585) to work on /Library/Frameworks/Python.framework/Versions/3.10/lib/python3.10/site-packages/airflow/example_dags/example_dag_decorator.py
[2025-04-16T11:20:03.085-0500] {processor.py:914} INFO - Processing file /Library/Frameworks/Python.framework/Versions/3.10/lib/python3.10/site-packages/airflow/example_dags/example_dag_decorator.py for tasks to queue
[2025-04-16T11:20:03.085-0500] {logging_mixin.py:190} INFO - [2025-04-16T11:20:03.085-0500] {dagbag.py:588} INFO - Filling up the DagBag from /Library/Frameworks/Python.framework/Versions/3.10/lib/python3.10/site-packages/airflow/example_dags/example_dag_decorator.py
[2025-04-16T11:20:03.154-0500] {processor.py:925} INFO - DAG(s) 'example_dag_decorator' retrieved from /Library/Frameworks/Python.framework/Versions/3.10/lib/python3.10/site-packages/airflow/example_dags/example_dag_decorator.py
[2025-04-16T11:20:03.229-0500] {logging_mixin.py:190} INFO - [2025-04-16T11:20:03.229-0500] {dag.py:3239} INFO - Sync 1 DAGs
[2025-04-16T11:20:03.232-0500] {logging_mixin.py:190} INFO - [2025-04-16T11:20:03.232-0500] {dag.py:4180} INFO - Setting next_dagrun for example_dag_decorator to None, run_after=None
[2025-04-16T11:20:03.237-0500] {processor.py:208} INFO - Processing /Library/Frameworks/Python.framework/Versions/3.10/lib/python3.10/site-packages/airflow/example_dags/example_dag_decorator.py took 0.155 seconds
[2025-04-16T11:24:42.668-0500] {processor.py:186} INFO - Started process (PID=16853) to work on /Library/Frameworks/Python.framework/Versions/3.10/lib/python3.10/site-packages/airflow/example_dags/example_dag_decorator.py
[2025-04-16T11:24:42.669-0500] {processor.py:914} INFO - Processing file /Library/Frameworks/Python.framework/Versions/3.10/lib/python3.10/site-packages/airflow/example_dags/example_dag_decorator.py for tasks to queue
[2025-04-16T11:24:42.669-0500] {logging_mixin.py:190} INFO - [2025-04-16T11:24:42.669-0500] {dagbag.py:588} INFO - Filling up the DagBag from /Library/Frameworks/Python.framework/Versions/3.10/lib/python3.10/site-packages/airflow/example_dags/example_dag_decorator.py
[2025-04-16T11:24:42.736-0500] {processor.py:925} INFO - DAG(s) 'example_dag_decorator' retrieved from /Library/Frameworks/Python.framework/Versions/3.10/lib/python3.10/site-packages/airflow/example_dags/example_dag_decorator.py
[2025-04-16T11:24:42.808-0500] {logging_mixin.py:190} INFO - [2025-04-16T11:24:42.808-0500] {dag.py:3239} INFO - Sync 1 DAGs
[2025-04-16T11:24:42.811-0500] {logging_mixin.py:190} INFO - [2025-04-16T11:24:42.811-0500] {dag.py:4180} INFO - Setting next_dagrun for example_dag_decorator to None, run_after=None
[2025-04-16T11:24:42.816-0500] {processor.py:208} INFO - Processing /Library/Frameworks/Python.framework/Versions/3.10/lib/python3.10/site-packages/airflow/example_dags/example_dag_decorator.py took 0.150 seconds
[2025-04-16T11:29:13.047-0500] {processor.py:186} INFO - Started process (PID=17197) to work on /Library/Frameworks/Python.framework/Versions/3.10/lib/python3.10/site-packages/airflow/example_dags/example_dag_decorator.py
[2025-04-16T11:29:13.047-0500] {processor.py:914} INFO - Processing file /Library/Frameworks/Python.framework/Versions/3.10/lib/python3.10/site-packages/airflow/example_dags/example_dag_decorator.py for tasks to queue
[2025-04-16T11:29:13.047-0500] {logging_mixin.py:190} INFO - [2025-04-16T11:29:13.047-0500] {dagbag.py:588} INFO - Filling up the DagBag from /Library/Frameworks/Python.framework/Versions/3.10/lib/python3.10/site-packages/airflow/example_dags/example_dag_decorator.py
[2025-04-16T11:29:13.114-0500] {processor.py:925} INFO - DAG(s) 'example_dag_decorator' retrieved from /Library/Frameworks/Python.framework/Versions/3.10/lib/python3.10/site-packages/airflow/example_dags/example_dag_decorator.py
[2025-04-16T11:29:13.189-0500] {logging_mixin.py:190} INFO - [2025-04-16T11:29:13.189-0500] {dag.py:3239} INFO - Sync 1 DAGs
[2025-04-16T11:29:13.193-0500] {logging_mixin.py:190} INFO - [2025-04-16T11:29:13.193-0500] {dag.py:4180} INFO - Setting next_dagrun for example_dag_decorator to None, run_after=None
[2025-04-16T11:29:13.199-0500] {processor.py:208} INFO - Processing /Library/Frameworks/Python.framework/Versions/3.10/lib/python3.10/site-packages/airflow/example_dags/example_dag_decorator.py took 0.154 seconds
[2025-04-16T11:48:28.888-0500] {processor.py:186} INFO - Started process (PID=17512) to work on /Library/Frameworks/Python.framework/Versions/3.10/lib/python3.10/site-packages/airflow/example_dags/example_dag_decorator.py
[2025-04-16T11:48:28.888-0500] {processor.py:914} INFO - Processing file /Library/Frameworks/Python.framework/Versions/3.10/lib/python3.10/site-packages/airflow/example_dags/example_dag_decorator.py for tasks to queue
[2025-04-16T11:48:28.888-0500] {logging_mixin.py:190} INFO - [2025-04-16T11:48:28.888-0500] {dagbag.py:588} INFO - Filling up the DagBag from /Library/Frameworks/Python.framework/Versions/3.10/lib/python3.10/site-packages/airflow/example_dags/example_dag_decorator.py
[2025-04-16T11:48:28.957-0500] {processor.py:925} INFO - DAG(s) 'example_dag_decorator' retrieved from /Library/Frameworks/Python.framework/Versions/3.10/lib/python3.10/site-packages/airflow/example_dags/example_dag_decorator.py
[2025-04-16T11:48:29.030-0500] {logging_mixin.py:190} INFO - [2025-04-16T11:48:29.030-0500] {dag.py:3239} INFO - Sync 1 DAGs
[2025-04-16T11:48:29.033-0500] {logging_mixin.py:190} INFO - [2025-04-16T11:48:29.033-0500] {dag.py:4180} INFO - Setting next_dagrun for example_dag_decorator to None, run_after=None
[2025-04-16T11:48:29.039-0500] {processor.py:208} INFO - Processing /Library/Frameworks/Python.framework/Versions/3.10/lib/python3.10/site-packages/airflow/example_dags/example_dag_decorator.py took 0.153 seconds
[2025-04-16T11:54:02.383-0500] {processor.py:186} INFO - Started process (PID=17893) to work on /Library/Frameworks/Python.framework/Versions/3.10/lib/python3.10/site-packages/airflow/example_dags/example_dag_decorator.py
[2025-04-16T11:54:02.383-0500] {processor.py:914} INFO - Processing file /Library/Frameworks/Python.framework/Versions/3.10/lib/python3.10/site-packages/airflow/example_dags/example_dag_decorator.py for tasks to queue
[2025-04-16T11:54:02.384-0500] {logging_mixin.py:190} INFO - [2025-04-16T11:54:02.384-0500] {dagbag.py:588} INFO - Filling up the DagBag from /Library/Frameworks/Python.framework/Versions/3.10/lib/python3.10/site-packages/airflow/example_dags/example_dag_decorator.py
[2025-04-16T11:54:02.453-0500] {processor.py:925} INFO - DAG(s) 'example_dag_decorator' retrieved from /Library/Frameworks/Python.framework/Versions/3.10/lib/python3.10/site-packages/airflow/example_dags/example_dag_decorator.py
[2025-04-16T11:54:02.526-0500] {logging_mixin.py:190} INFO - [2025-04-16T11:54:02.526-0500] {dag.py:3239} INFO - Sync 1 DAGs
[2025-04-16T11:54:02.529-0500] {logging_mixin.py:190} INFO - [2025-04-16T11:54:02.529-0500] {dag.py:4180} INFO - Setting next_dagrun for example_dag_decorator to None, run_after=None
[2025-04-16T11:54:02.535-0500] {processor.py:208} INFO - Processing /Library/Frameworks/Python.framework/Versions/3.10/lib/python3.10/site-packages/airflow/example_dags/example_dag_decorator.py took 0.153 seconds
[2025-04-16T11:58:25.036-0500] {processor.py:186} INFO - Started process (PID=18226) to work on /Library/Frameworks/Python.framework/Versions/3.10/lib/python3.10/site-packages/airflow/example_dags/example_dag_decorator.py
[2025-04-16T11:58:25.036-0500] {processor.py:914} INFO - Processing file /Library/Frameworks/Python.framework/Versions/3.10/lib/python3.10/site-packages/airflow/example_dags/example_dag_decorator.py for tasks to queue
[2025-04-16T11:58:25.037-0500] {logging_mixin.py:190} INFO - [2025-04-16T11:58:25.037-0500] {dagbag.py:588} INFO - Filling up the DagBag from /Library/Frameworks/Python.framework/Versions/3.10/lib/python3.10/site-packages/airflow/example_dags/example_dag_decorator.py
[2025-04-16T11:58:25.103-0500] {processor.py:925} INFO - DAG(s) 'example_dag_decorator' retrieved from /Library/Frameworks/Python.framework/Versions/3.10/lib/python3.10/site-packages/airflow/example_dags/example_dag_decorator.py
[2025-04-16T11:58:25.176-0500] {logging_mixin.py:190} INFO - [2025-04-16T11:58:25.176-0500] {dag.py:3239} INFO - Sync 1 DAGs
[2025-04-16T11:58:25.179-0500] {logging_mixin.py:190} INFO - [2025-04-16T11:58:25.179-0500] {dag.py:4180} INFO - Setting next_dagrun for example_dag_decorator to None, run_after=None
[2025-04-16T11:58:25.185-0500] {processor.py:208} INFO - Processing /Library/Frameworks/Python.framework/Versions/3.10/lib/python3.10/site-packages/airflow/example_dags/example_dag_decorator.py took 0.150 seconds
[2025-04-16T12:03:05.612-0500] {processor.py:186} INFO - Started process (PID=18573) to work on /Library/Frameworks/Python.framework/Versions/3.10/lib/python3.10/site-packages/airflow/example_dags/example_dag_decorator.py
[2025-04-16T12:03:05.612-0500] {processor.py:914} INFO - Processing file /Library/Frameworks/Python.framework/Versions/3.10/lib/python3.10/site-packages/airflow/example_dags/example_dag_decorator.py for tasks to queue
[2025-04-16T12:03:05.613-0500] {logging_mixin.py:190} INFO - [2025-04-16T12:03:05.613-0500] {dagbag.py:588} INFO - Filling up the DagBag from /Library/Frameworks/Python.framework/Versions/3.10/lib/python3.10/site-packages/airflow/example_dags/example_dag_decorator.py
[2025-04-16T12:03:05.682-0500] {processor.py:925} INFO - DAG(s) 'example_dag_decorator' retrieved from /Library/Frameworks/Python.framework/Versions/3.10/lib/python3.10/site-packages/airflow/example_dags/example_dag_decorator.py
[2025-04-16T12:03:05.755-0500] {logging_mixin.py:190} INFO - [2025-04-16T12:03:05.754-0500] {dag.py:3239} INFO - Sync 1 DAGs
[2025-04-16T12:03:05.758-0500] {logging_mixin.py:190} INFO - [2025-04-16T12:03:05.758-0500] {dag.py:4180} INFO - Setting next_dagrun for example_dag_decorator to None, run_after=None
[2025-04-16T12:03:05.764-0500] {processor.py:208} INFO - Processing /Library/Frameworks/Python.framework/Versions/3.10/lib/python3.10/site-packages/airflow/example_dags/example_dag_decorator.py took 0.154 seconds
[2025-04-16T12:07:21.996-0500] {processor.py:186} INFO - Started process (PID=18873) to work on /Library/Frameworks/Python.framework/Versions/3.10/lib/python3.10/site-packages/airflow/example_dags/example_dag_decorator.py
[2025-04-16T12:07:21.997-0500] {processor.py:914} INFO - Processing file /Library/Frameworks/Python.framework/Versions/3.10/lib/python3.10/site-packages/airflow/example_dags/example_dag_decorator.py for tasks to queue
[2025-04-16T12:07:21.998-0500] {logging_mixin.py:190} INFO - [2025-04-16T12:07:21.997-0500] {dagbag.py:588} INFO - Filling up the DagBag from /Library/Frameworks/Python.framework/Versions/3.10/lib/python3.10/site-packages/airflow/example_dags/example_dag_decorator.py
[2025-04-16T12:07:22.065-0500] {processor.py:925} INFO - DAG(s) 'example_dag_decorator' retrieved from /Library/Frameworks/Python.framework/Versions/3.10/lib/python3.10/site-packages/airflow/example_dags/example_dag_decorator.py
[2025-04-16T12:07:22.139-0500] {logging_mixin.py:190} INFO - [2025-04-16T12:07:22.139-0500] {dag.py:3239} INFO - Sync 1 DAGs
[2025-04-16T12:07:22.142-0500] {logging_mixin.py:190} INFO - [2025-04-16T12:07:22.142-0500] {dag.py:4180} INFO - Setting next_dagrun for example_dag_decorator to None, run_after=None
[2025-04-16T12:07:22.147-0500] {processor.py:208} INFO - Processing /Library/Frameworks/Python.framework/Versions/3.10/lib/python3.10/site-packages/airflow/example_dags/example_dag_decorator.py took 0.152 seconds
[2025-04-16T12:13:23.436-0500] {processor.py:186} INFO - Started process (PID=19205) to work on /Library/Frameworks/Python.framework/Versions/3.10/lib/python3.10/site-packages/airflow/example_dags/example_dag_decorator.py
[2025-04-16T12:13:23.437-0500] {processor.py:914} INFO - Processing file /Library/Frameworks/Python.framework/Versions/3.10/lib/python3.10/site-packages/airflow/example_dags/example_dag_decorator.py for tasks to queue
[2025-04-16T12:13:23.437-0500] {logging_mixin.py:190} INFO - [2025-04-16T12:13:23.437-0500] {dagbag.py:588} INFO - Filling up the DagBag from /Library/Frameworks/Python.framework/Versions/3.10/lib/python3.10/site-packages/airflow/example_dags/example_dag_decorator.py
[2025-04-16T12:13:23.510-0500] {processor.py:925} INFO - DAG(s) 'example_dag_decorator' retrieved from /Library/Frameworks/Python.framework/Versions/3.10/lib/python3.10/site-packages/airflow/example_dags/example_dag_decorator.py
[2025-04-16T12:13:23.586-0500] {logging_mixin.py:190} INFO - [2025-04-16T12:13:23.585-0500] {dag.py:3239} INFO - Sync 1 DAGs
[2025-04-16T12:13:23.589-0500] {logging_mixin.py:190} INFO - [2025-04-16T12:13:23.589-0500] {dag.py:4180} INFO - Setting next_dagrun for example_dag_decorator to None, run_after=None
[2025-04-16T12:13:23.594-0500] {processor.py:208} INFO - Processing /Library/Frameworks/Python.framework/Versions/3.10/lib/python3.10/site-packages/airflow/example_dags/example_dag_decorator.py took 0.160 seconds
[2025-04-16T12:45:12.816-0500] {processor.py:186} INFO - Started process (PID=19553) to work on /Library/Frameworks/Python.framework/Versions/3.10/lib/python3.10/site-packages/airflow/example_dags/example_dag_decorator.py
[2025-04-16T12:45:12.817-0500] {processor.py:914} INFO - Processing file /Library/Frameworks/Python.framework/Versions/3.10/lib/python3.10/site-packages/airflow/example_dags/example_dag_decorator.py for tasks to queue
[2025-04-16T12:45:12.817-0500] {logging_mixin.py:190} INFO - [2025-04-16T12:45:12.817-0500] {dagbag.py:588} INFO - Filling up the DagBag from /Library/Frameworks/Python.framework/Versions/3.10/lib/python3.10/site-packages/airflow/example_dags/example_dag_decorator.py
[2025-04-16T12:45:12.886-0500] {processor.py:925} INFO - DAG(s) 'example_dag_decorator' retrieved from /Library/Frameworks/Python.framework/Versions/3.10/lib/python3.10/site-packages/airflow/example_dags/example_dag_decorator.py
[2025-04-16T12:45:12.961-0500] {logging_mixin.py:190} INFO - [2025-04-16T12:45:12.961-0500] {dag.py:3239} INFO - Sync 1 DAGs
[2025-04-16T12:45:12.964-0500] {logging_mixin.py:190} INFO - [2025-04-16T12:45:12.964-0500] {dag.py:4180} INFO - Setting next_dagrun for example_dag_decorator to None, run_after=None
[2025-04-16T12:45:12.970-0500] {processor.py:208} INFO - Processing /Library/Frameworks/Python.framework/Versions/3.10/lib/python3.10/site-packages/airflow/example_dags/example_dag_decorator.py took 0.156 seconds
[2025-04-16T12:52:51.653-0500] {processor.py:186} INFO - Started process (PID=19918) to work on /Library/Frameworks/Python.framework/Versions/3.10/lib/python3.10/site-packages/airflow/example_dags/example_dag_decorator.py
[2025-04-16T12:52:51.654-0500] {processor.py:914} INFO - Processing file /Library/Frameworks/Python.framework/Versions/3.10/lib/python3.10/site-packages/airflow/example_dags/example_dag_decorator.py for tasks to queue
[2025-04-16T12:52:51.654-0500] {logging_mixin.py:190} INFO - [2025-04-16T12:52:51.654-0500] {dagbag.py:588} INFO - Filling up the DagBag from /Library/Frameworks/Python.framework/Versions/3.10/lib/python3.10/site-packages/airflow/example_dags/example_dag_decorator.py
[2025-04-16T12:52:51.733-0500] {processor.py:925} INFO - DAG(s) 'example_dag_decorator' retrieved from /Library/Frameworks/Python.framework/Versions/3.10/lib/python3.10/site-packages/airflow/example_dags/example_dag_decorator.py
[2025-04-16T12:52:51.807-0500] {logging_mixin.py:190} INFO - [2025-04-16T12:52:51.807-0500] {dag.py:3239} INFO - Sync 1 DAGs
[2025-04-16T12:52:51.810-0500] {logging_mixin.py:190} INFO - [2025-04-16T12:52:51.810-0500] {dag.py:4180} INFO - Setting next_dagrun for example_dag_decorator to None, run_after=None
[2025-04-16T12:52:51.815-0500] {processor.py:208} INFO - Processing /Library/Frameworks/Python.framework/Versions/3.10/lib/python3.10/site-packages/airflow/example_dags/example_dag_decorator.py took 0.164 seconds
[2025-04-16T12:57:45.352-0500] {processor.py:186} INFO - Started process (PID=20279) to work on /Library/Frameworks/Python.framework/Versions/3.10/lib/python3.10/site-packages/airflow/example_dags/example_dag_decorator.py
[2025-04-16T12:57:45.353-0500] {processor.py:914} INFO - Processing file /Library/Frameworks/Python.framework/Versions/3.10/lib/python3.10/site-packages/airflow/example_dags/example_dag_decorator.py for tasks to queue
[2025-04-16T12:57:45.353-0500] {logging_mixin.py:190} INFO - [2025-04-16T12:57:45.353-0500] {dagbag.py:588} INFO - Filling up the DagBag from /Library/Frameworks/Python.framework/Versions/3.10/lib/python3.10/site-packages/airflow/example_dags/example_dag_decorator.py
[2025-04-16T12:57:45.423-0500] {processor.py:925} INFO - DAG(s) 'example_dag_decorator' retrieved from /Library/Frameworks/Python.framework/Versions/3.10/lib/python3.10/site-packages/airflow/example_dags/example_dag_decorator.py
[2025-04-16T12:57:45.497-0500] {logging_mixin.py:190} INFO - [2025-04-16T12:57:45.497-0500] {dag.py:3239} INFO - Sync 1 DAGs
[2025-04-16T12:57:45.501-0500] {logging_mixin.py:190} INFO - [2025-04-16T12:57:45.501-0500] {dag.py:4180} INFO - Setting next_dagrun for example_dag_decorator to None, run_after=None
[2025-04-16T12:57:45.506-0500] {processor.py:208} INFO - Processing /Library/Frameworks/Python.framework/Versions/3.10/lib/python3.10/site-packages/airflow/example_dags/example_dag_decorator.py took 0.155 seconds
[2025-04-16T13:06:14.020-0500] {processor.py:186} INFO - Started process (PID=20619) to work on /Library/Frameworks/Python.framework/Versions/3.10/lib/python3.10/site-packages/airflow/example_dags/example_dag_decorator.py
[2025-04-16T13:06:14.020-0500] {processor.py:914} INFO - Processing file /Library/Frameworks/Python.framework/Versions/3.10/lib/python3.10/site-packages/airflow/example_dags/example_dag_decorator.py for tasks to queue
[2025-04-16T13:06:14.021-0500] {logging_mixin.py:190} INFO - [2025-04-16T13:06:14.020-0500] {dagbag.py:588} INFO - Filling up the DagBag from /Library/Frameworks/Python.framework/Versions/3.10/lib/python3.10/site-packages/airflow/example_dags/example_dag_decorator.py
[2025-04-16T13:06:14.087-0500] {processor.py:925} INFO - DAG(s) 'example_dag_decorator' retrieved from /Library/Frameworks/Python.framework/Versions/3.10/lib/python3.10/site-packages/airflow/example_dags/example_dag_decorator.py
[2025-04-16T13:06:14.159-0500] {logging_mixin.py:190} INFO - [2025-04-16T13:06:14.159-0500] {dag.py:3239} INFO - Sync 1 DAGs
[2025-04-16T13:06:14.162-0500] {logging_mixin.py:190} INFO - [2025-04-16T13:06:14.162-0500] {dag.py:4180} INFO - Setting next_dagrun for example_dag_decorator to None, run_after=None
[2025-04-16T13:06:14.168-0500] {processor.py:208} INFO - Processing /Library/Frameworks/Python.framework/Versions/3.10/lib/python3.10/site-packages/airflow/example_dags/example_dag_decorator.py took 0.150 seconds
[2025-04-16T13:11:04.241-0500] {processor.py:186} INFO - Started process (PID=20930) to work on /Library/Frameworks/Python.framework/Versions/3.10/lib/python3.10/site-packages/airflow/example_dags/example_dag_decorator.py
[2025-04-16T13:11:04.242-0500] {processor.py:914} INFO - Processing file /Library/Frameworks/Python.framework/Versions/3.10/lib/python3.10/site-packages/airflow/example_dags/example_dag_decorator.py for tasks to queue
[2025-04-16T13:11:04.242-0500] {logging_mixin.py:190} INFO - [2025-04-16T13:11:04.242-0500] {dagbag.py:588} INFO - Filling up the DagBag from /Library/Frameworks/Python.framework/Versions/3.10/lib/python3.10/site-packages/airflow/example_dags/example_dag_decorator.py
[2025-04-16T13:11:04.308-0500] {processor.py:925} INFO - DAG(s) 'example_dag_decorator' retrieved from /Library/Frameworks/Python.framework/Versions/3.10/lib/python3.10/site-packages/airflow/example_dags/example_dag_decorator.py
[2025-04-16T13:11:04.382-0500] {logging_mixin.py:190} INFO - [2025-04-16T13:11:04.381-0500] {dag.py:3239} INFO - Sync 1 DAGs
[2025-04-16T13:11:04.385-0500] {logging_mixin.py:190} INFO - [2025-04-16T13:11:04.385-0500] {dag.py:4180} INFO - Setting next_dagrun for example_dag_decorator to None, run_after=None
[2025-04-16T13:11:04.390-0500] {processor.py:208} INFO - Processing /Library/Frameworks/Python.framework/Versions/3.10/lib/python3.10/site-packages/airflow/example_dags/example_dag_decorator.py took 0.150 seconds
[2025-04-16T13:15:43.491-0500] {processor.py:186} INFO - Started process (PID=21246) to work on /Library/Frameworks/Python.framework/Versions/3.10/lib/python3.10/site-packages/airflow/example_dags/example_dag_decorator.py
[2025-04-16T13:15:43.492-0500] {processor.py:914} INFO - Processing file /Library/Frameworks/Python.framework/Versions/3.10/lib/python3.10/site-packages/airflow/example_dags/example_dag_decorator.py for tasks to queue
[2025-04-16T13:15:43.492-0500] {logging_mixin.py:190} INFO - [2025-04-16T13:15:43.492-0500] {dagbag.py:588} INFO - Filling up the DagBag from /Library/Frameworks/Python.framework/Versions/3.10/lib/python3.10/site-packages/airflow/example_dags/example_dag_decorator.py
[2025-04-16T13:15:43.561-0500] {processor.py:925} INFO - DAG(s) 'example_dag_decorator' retrieved from /Library/Frameworks/Python.framework/Versions/3.10/lib/python3.10/site-packages/airflow/example_dags/example_dag_decorator.py
[2025-04-16T13:15:43.633-0500] {logging_mixin.py:190} INFO - [2025-04-16T13:15:43.633-0500] {dag.py:3239} INFO - Sync 1 DAGs
[2025-04-16T13:15:43.637-0500] {logging_mixin.py:190} INFO - [2025-04-16T13:15:43.637-0500] {dag.py:4180} INFO - Setting next_dagrun for example_dag_decorator to None, run_after=None
[2025-04-16T13:15:43.642-0500] {processor.py:208} INFO - Processing /Library/Frameworks/Python.framework/Versions/3.10/lib/python3.10/site-packages/airflow/example_dags/example_dag_decorator.py took 0.153 seconds
[2025-04-16T13:20:28.960-0500] {processor.py:186} INFO - Started process (PID=21556) to work on /Library/Frameworks/Python.framework/Versions/3.10/lib/python3.10/site-packages/airflow/example_dags/example_dag_decorator.py
[2025-04-16T13:20:28.961-0500] {processor.py:914} INFO - Processing file /Library/Frameworks/Python.framework/Versions/3.10/lib/python3.10/site-packages/airflow/example_dags/example_dag_decorator.py for tasks to queue
[2025-04-16T13:20:28.962-0500] {logging_mixin.py:190} INFO - [2025-04-16T13:20:28.961-0500] {dagbag.py:588} INFO - Filling up the DagBag from /Library/Frameworks/Python.framework/Versions/3.10/lib/python3.10/site-packages/airflow/example_dags/example_dag_decorator.py
[2025-04-16T13:20:29.030-0500] {processor.py:925} INFO - DAG(s) 'example_dag_decorator' retrieved from /Library/Frameworks/Python.framework/Versions/3.10/lib/python3.10/site-packages/airflow/example_dags/example_dag_decorator.py
[2025-04-16T13:20:29.104-0500] {logging_mixin.py:190} INFO - [2025-04-16T13:20:29.104-0500] {dag.py:3239} INFO - Sync 1 DAGs
[2025-04-16T13:20:29.107-0500] {logging_mixin.py:190} INFO - [2025-04-16T13:20:29.107-0500] {dag.py:4180} INFO - Setting next_dagrun for example_dag_decorator to None, run_after=None
[2025-04-16T13:20:29.113-0500] {processor.py:208} INFO - Processing /Library/Frameworks/Python.framework/Versions/3.10/lib/python3.10/site-packages/airflow/example_dags/example_dag_decorator.py took 0.154 seconds
[2025-04-16T13:25:09.123-0500] {processor.py:186} INFO - Started process (PID=21898) to work on /Library/Frameworks/Python.framework/Versions/3.10/lib/python3.10/site-packages/airflow/example_dags/example_dag_decorator.py
[2025-04-16T13:25:09.124-0500] {processor.py:914} INFO - Processing file /Library/Frameworks/Python.framework/Versions/3.10/lib/python3.10/site-packages/airflow/example_dags/example_dag_decorator.py for tasks to queue
[2025-04-16T13:25:09.124-0500] {logging_mixin.py:190} INFO - [2025-04-16T13:25:09.124-0500] {dagbag.py:588} INFO - Filling up the DagBag from /Library/Frameworks/Python.framework/Versions/3.10/lib/python3.10/site-packages/airflow/example_dags/example_dag_decorator.py
[2025-04-16T13:25:09.193-0500] {processor.py:925} INFO - DAG(s) 'example_dag_decorator' retrieved from /Library/Frameworks/Python.framework/Versions/3.10/lib/python3.10/site-packages/airflow/example_dags/example_dag_decorator.py
[2025-04-16T13:25:09.267-0500] {logging_mixin.py:190} INFO - [2025-04-16T13:25:09.267-0500] {dag.py:3239} INFO - Sync 1 DAGs
[2025-04-16T13:25:09.270-0500] {logging_mixin.py:190} INFO - [2025-04-16T13:25:09.270-0500] {dag.py:4180} INFO - Setting next_dagrun for example_dag_decorator to None, run_after=None
[2025-04-16T13:25:09.276-0500] {processor.py:208} INFO - Processing /Library/Frameworks/Python.framework/Versions/3.10/lib/python3.10/site-packages/airflow/example_dags/example_dag_decorator.py took 0.154 seconds
[2025-04-16T13:29:39.122-0500] {processor.py:186} INFO - Started process (PID=22277) to work on /Library/Frameworks/Python.framework/Versions/3.10/lib/python3.10/site-packages/airflow/example_dags/example_dag_decorator.py
[2025-04-16T13:29:39.122-0500] {processor.py:914} INFO - Processing file /Library/Frameworks/Python.framework/Versions/3.10/lib/python3.10/site-packages/airflow/example_dags/example_dag_decorator.py for tasks to queue
[2025-04-16T13:29:39.123-0500] {logging_mixin.py:190} INFO - [2025-04-16T13:29:39.123-0500] {dagbag.py:588} INFO - Filling up the DagBag from /Library/Frameworks/Python.framework/Versions/3.10/lib/python3.10/site-packages/airflow/example_dags/example_dag_decorator.py
[2025-04-16T13:29:39.190-0500] {processor.py:925} INFO - DAG(s) 'example_dag_decorator' retrieved from /Library/Frameworks/Python.framework/Versions/3.10/lib/python3.10/site-packages/airflow/example_dags/example_dag_decorator.py
[2025-04-16T13:29:39.263-0500] {logging_mixin.py:190} INFO - [2025-04-16T13:29:39.263-0500] {dag.py:3239} INFO - Sync 1 DAGs
[2025-04-16T13:29:39.266-0500] {logging_mixin.py:190} INFO - [2025-04-16T13:29:39.266-0500] {dag.py:4180} INFO - Setting next_dagrun for example_dag_decorator to None, run_after=None
[2025-04-16T13:29:39.272-0500] {processor.py:208} INFO - Processing /Library/Frameworks/Python.framework/Versions/3.10/lib/python3.10/site-packages/airflow/example_dags/example_dag_decorator.py took 0.151 seconds
[2025-04-16T13:43:02.122-0500] {processor.py:186} INFO - Started process (PID=22826) to work on /Library/Frameworks/Python.framework/Versions/3.10/lib/python3.10/site-packages/airflow/example_dags/example_dag_decorator.py
[2025-04-16T13:43:02.123-0500] {processor.py:914} INFO - Processing file /Library/Frameworks/Python.framework/Versions/3.10/lib/python3.10/site-packages/airflow/example_dags/example_dag_decorator.py for tasks to queue
[2025-04-16T13:43:02.123-0500] {logging_mixin.py:190} INFO - [2025-04-16T13:43:02.123-0500] {dagbag.py:588} INFO - Filling up the DagBag from /Library/Frameworks/Python.framework/Versions/3.10/lib/python3.10/site-packages/airflow/example_dags/example_dag_decorator.py
[2025-04-16T13:43:02.193-0500] {processor.py:925} INFO - DAG(s) 'example_dag_decorator' retrieved from /Library/Frameworks/Python.framework/Versions/3.10/lib/python3.10/site-packages/airflow/example_dags/example_dag_decorator.py
[2025-04-16T13:43:02.266-0500] {logging_mixin.py:190} INFO - [2025-04-16T13:43:02.266-0500] {dag.py:3239} INFO - Sync 1 DAGs
[2025-04-16T13:43:02.269-0500] {logging_mixin.py:190} INFO - [2025-04-16T13:43:02.269-0500] {dag.py:4180} INFO - Setting next_dagrun for example_dag_decorator to None, run_after=None
[2025-04-16T13:43:02.275-0500] {processor.py:208} INFO - Processing /Library/Frameworks/Python.framework/Versions/3.10/lib/python3.10/site-packages/airflow/example_dags/example_dag_decorator.py took 0.154 seconds
[2025-04-16T13:47:55.646-0500] {processor.py:186} INFO - Started process (PID=23169) to work on /Library/Frameworks/Python.framework/Versions/3.10/lib/python3.10/site-packages/airflow/example_dags/example_dag_decorator.py
[2025-04-16T13:47:55.646-0500] {processor.py:914} INFO - Processing file /Library/Frameworks/Python.framework/Versions/3.10/lib/python3.10/site-packages/airflow/example_dags/example_dag_decorator.py for tasks to queue
[2025-04-16T13:47:55.646-0500] {logging_mixin.py:190} INFO - [2025-04-16T13:47:55.646-0500] {dagbag.py:588} INFO - Filling up the DagBag from /Library/Frameworks/Python.framework/Versions/3.10/lib/python3.10/site-packages/airflow/example_dags/example_dag_decorator.py
[2025-04-16T13:47:55.716-0500] {processor.py:925} INFO - DAG(s) 'example_dag_decorator' retrieved from /Library/Frameworks/Python.framework/Versions/3.10/lib/python3.10/site-packages/airflow/example_dags/example_dag_decorator.py
[2025-04-16T13:47:55.787-0500] {logging_mixin.py:190} INFO - [2025-04-16T13:47:55.787-0500] {dag.py:3239} INFO - Sync 1 DAGs
[2025-04-16T13:47:55.790-0500] {logging_mixin.py:190} INFO - [2025-04-16T13:47:55.790-0500] {dag.py:4180} INFO - Setting next_dagrun for example_dag_decorator to None, run_after=None
[2025-04-16T13:47:55.796-0500] {processor.py:208} INFO - Processing /Library/Frameworks/Python.framework/Versions/3.10/lib/python3.10/site-packages/airflow/example_dags/example_dag_decorator.py took 0.152 seconds
[2025-04-16T13:52:59.752-0500] {processor.py:186} INFO - Started process (PID=23524) to work on /Library/Frameworks/Python.framework/Versions/3.10/lib/python3.10/site-packages/airflow/example_dags/example_dag_decorator.py
[2025-04-16T13:52:59.753-0500] {processor.py:914} INFO - Processing file /Library/Frameworks/Python.framework/Versions/3.10/lib/python3.10/site-packages/airflow/example_dags/example_dag_decorator.py for tasks to queue
[2025-04-16T13:52:59.753-0500] {logging_mixin.py:190} INFO - [2025-04-16T13:52:59.753-0500] {dagbag.py:588} INFO - Filling up the DagBag from /Library/Frameworks/Python.framework/Versions/3.10/lib/python3.10/site-packages/airflow/example_dags/example_dag_decorator.py
[2025-04-16T13:52:59.820-0500] {processor.py:925} INFO - DAG(s) 'example_dag_decorator' retrieved from /Library/Frameworks/Python.framework/Versions/3.10/lib/python3.10/site-packages/airflow/example_dags/example_dag_decorator.py
[2025-04-16T13:52:59.895-0500] {logging_mixin.py:190} INFO - [2025-04-16T13:52:59.894-0500] {dag.py:3239} INFO - Sync 1 DAGs
[2025-04-16T13:52:59.898-0500] {logging_mixin.py:190} INFO - [2025-04-16T13:52:59.898-0500] {dag.py:4180} INFO - Setting next_dagrun for example_dag_decorator to None, run_after=None
[2025-04-16T13:52:59.903-0500] {processor.py:208} INFO - Processing /Library/Frameworks/Python.framework/Versions/3.10/lib/python3.10/site-packages/airflow/example_dags/example_dag_decorator.py took 0.153 seconds
[2025-04-16T13:58:18.815-0500] {processor.py:186} INFO - Started process (PID=23825) to work on /Library/Frameworks/Python.framework/Versions/3.10/lib/python3.10/site-packages/airflow/example_dags/example_dag_decorator.py
[2025-04-16T13:58:18.816-0500] {processor.py:914} INFO - Processing file /Library/Frameworks/Python.framework/Versions/3.10/lib/python3.10/site-packages/airflow/example_dags/example_dag_decorator.py for tasks to queue
[2025-04-16T13:58:18.816-0500] {logging_mixin.py:190} INFO - [2025-04-16T13:58:18.816-0500] {dagbag.py:588} INFO - Filling up the DagBag from /Library/Frameworks/Python.framework/Versions/3.10/lib/python3.10/site-packages/airflow/example_dags/example_dag_decorator.py
[2025-04-16T13:58:18.885-0500] {processor.py:925} INFO - DAG(s) 'example_dag_decorator' retrieved from /Library/Frameworks/Python.framework/Versions/3.10/lib/python3.10/site-packages/airflow/example_dags/example_dag_decorator.py
[2025-04-16T13:58:18.958-0500] {logging_mixin.py:190} INFO - [2025-04-16T13:58:18.957-0500] {dag.py:3239} INFO - Sync 1 DAGs
[2025-04-16T13:58:18.961-0500] {logging_mixin.py:190} INFO - [2025-04-16T13:58:18.961-0500] {dag.py:4180} INFO - Setting next_dagrun for example_dag_decorator to None, run_after=None
[2025-04-16T13:58:18.966-0500] {processor.py:208} INFO - Processing /Library/Frameworks/Python.framework/Versions/3.10/lib/python3.10/site-packages/airflow/example_dags/example_dag_decorator.py took 0.153 seconds
[2025-04-16T14:03:18.976-0500] {processor.py:186} INFO - Started process (PID=24198) to work on /Library/Frameworks/Python.framework/Versions/3.10/lib/python3.10/site-packages/airflow/example_dags/example_dag_decorator.py
[2025-04-16T14:03:18.977-0500] {processor.py:914} INFO - Processing file /Library/Frameworks/Python.framework/Versions/3.10/lib/python3.10/site-packages/airflow/example_dags/example_dag_decorator.py for tasks to queue
[2025-04-16T14:03:18.978-0500] {logging_mixin.py:190} INFO - [2025-04-16T14:03:18.977-0500] {dagbag.py:588} INFO - Filling up the DagBag from /Library/Frameworks/Python.framework/Versions/3.10/lib/python3.10/site-packages/airflow/example_dags/example_dag_decorator.py
[2025-04-16T14:03:19.045-0500] {processor.py:925} INFO - DAG(s) 'example_dag_decorator' retrieved from /Library/Frameworks/Python.framework/Versions/3.10/lib/python3.10/site-packages/airflow/example_dags/example_dag_decorator.py
[2025-04-16T14:03:19.118-0500] {logging_mixin.py:190} INFO - [2025-04-16T14:03:19.117-0500] {dag.py:3239} INFO - Sync 1 DAGs
[2025-04-16T14:03:19.121-0500] {logging_mixin.py:190} INFO - [2025-04-16T14:03:19.121-0500] {dag.py:4180} INFO - Setting next_dagrun for example_dag_decorator to None, run_after=None
[2025-04-16T14:03:19.126-0500] {processor.py:208} INFO - Processing /Library/Frameworks/Python.framework/Versions/3.10/lib/python3.10/site-packages/airflow/example_dags/example_dag_decorator.py took 0.152 seconds
[2025-04-16T14:07:21.525-0500] {processor.py:186} INFO - Started process (PID=24388) to work on /Library/Frameworks/Python.framework/Versions/3.10/lib/python3.10/site-packages/airflow/example_dags/example_dag_decorator.py
[2025-04-16T14:07:21.527-0500] {processor.py:914} INFO - Processing file /Library/Frameworks/Python.framework/Versions/3.10/lib/python3.10/site-packages/airflow/example_dags/example_dag_decorator.py for tasks to queue
[2025-04-16T14:07:21.527-0500] {logging_mixin.py:190} INFO - [2025-04-16T14:07:21.527-0500] {dagbag.py:588} INFO - Filling up the DagBag from /Library/Frameworks/Python.framework/Versions/3.10/lib/python3.10/site-packages/airflow/example_dags/example_dag_decorator.py
[2025-04-16T14:07:21.591-0500] {processor.py:925} INFO - DAG(s) 'example_dag_decorator' retrieved from /Library/Frameworks/Python.framework/Versions/3.10/lib/python3.10/site-packages/airflow/example_dags/example_dag_decorator.py
[2025-04-16T14:07:21.662-0500] {logging_mixin.py:190} INFO - [2025-04-16T14:07:21.662-0500] {dag.py:3239} INFO - Sync 1 DAGs
[2025-04-16T14:07:21.665-0500] {logging_mixin.py:190} INFO - [2025-04-16T14:07:21.665-0500] {dag.py:4180} INFO - Setting next_dagrun for example_dag_decorator to None, run_after=None
[2025-04-16T14:07:21.671-0500] {processor.py:208} INFO - Processing /Library/Frameworks/Python.framework/Versions/3.10/lib/python3.10/site-packages/airflow/example_dags/example_dag_decorator.py took 0.148 seconds
[2025-04-16T14:41:17.885-0500] {processor.py:186} INFO - Started process (PID=24587) to work on /Library/Frameworks/Python.framework/Versions/3.10/lib/python3.10/site-packages/airflow/example_dags/example_dag_decorator.py
[2025-04-16T14:41:17.886-0500] {processor.py:914} INFO - Processing file /Library/Frameworks/Python.framework/Versions/3.10/lib/python3.10/site-packages/airflow/example_dags/example_dag_decorator.py for tasks to queue
[2025-04-16T14:41:17.887-0500] {logging_mixin.py:190} INFO - [2025-04-16T14:41:17.887-0500] {dagbag.py:588} INFO - Filling up the DagBag from /Library/Frameworks/Python.framework/Versions/3.10/lib/python3.10/site-packages/airflow/example_dags/example_dag_decorator.py
[2025-04-16T14:41:17.971-0500] {processor.py:925} INFO - DAG(s) 'example_dag_decorator' retrieved from /Library/Frameworks/Python.framework/Versions/3.10/lib/python3.10/site-packages/airflow/example_dags/example_dag_decorator.py
[2025-04-16T14:41:18.055-0500] {logging_mixin.py:190} INFO - [2025-04-16T14:41:18.055-0500] {dag.py:3239} INFO - Sync 1 DAGs
[2025-04-16T14:41:18.061-0500] {logging_mixin.py:190} INFO - [2025-04-16T14:41:18.061-0500] {dag.py:4180} INFO - Setting next_dagrun for example_dag_decorator to None, run_after=None
[2025-04-16T14:41:18.067-0500] {processor.py:208} INFO - Processing /Library/Frameworks/Python.framework/Versions/3.10/lib/python3.10/site-packages/airflow/example_dags/example_dag_decorator.py took 0.185 seconds
[2025-04-16T14:46:21.321-0500] {processor.py:186} INFO - Started process (PID=24984) to work on /Library/Frameworks/Python.framework/Versions/3.10/lib/python3.10/site-packages/airflow/example_dags/example_dag_decorator.py
[2025-04-16T14:46:21.322-0500] {processor.py:914} INFO - Processing file /Library/Frameworks/Python.framework/Versions/3.10/lib/python3.10/site-packages/airflow/example_dags/example_dag_decorator.py for tasks to queue
[2025-04-16T14:46:21.323-0500] {logging_mixin.py:190} INFO - [2025-04-16T14:46:21.323-0500] {dagbag.py:588} INFO - Filling up the DagBag from /Library/Frameworks/Python.framework/Versions/3.10/lib/python3.10/site-packages/airflow/example_dags/example_dag_decorator.py
[2025-04-16T14:46:21.399-0500] {processor.py:925} INFO - DAG(s) 'example_dag_decorator' retrieved from /Library/Frameworks/Python.framework/Versions/3.10/lib/python3.10/site-packages/airflow/example_dags/example_dag_decorator.py
[2025-04-16T14:46:21.474-0500] {logging_mixin.py:190} INFO - [2025-04-16T14:46:21.473-0500] {dag.py:3239} INFO - Sync 1 DAGs
[2025-04-16T14:46:21.478-0500] {logging_mixin.py:190} INFO - [2025-04-16T14:46:21.478-0500] {dag.py:4180} INFO - Setting next_dagrun for example_dag_decorator to None, run_after=None
[2025-04-16T14:46:21.485-0500] {processor.py:208} INFO - Processing /Library/Frameworks/Python.framework/Versions/3.10/lib/python3.10/site-packages/airflow/example_dags/example_dag_decorator.py took 0.166 seconds
[2025-04-16T14:51:41.149-0500] {processor.py:186} INFO - Started process (PID=25307) to work on /Library/Frameworks/Python.framework/Versions/3.10/lib/python3.10/site-packages/airflow/example_dags/example_dag_decorator.py
[2025-04-16T14:51:41.151-0500] {processor.py:914} INFO - Processing file /Library/Frameworks/Python.framework/Versions/3.10/lib/python3.10/site-packages/airflow/example_dags/example_dag_decorator.py for tasks to queue
[2025-04-16T14:51:41.151-0500] {logging_mixin.py:190} INFO - [2025-04-16T14:51:41.151-0500] {dagbag.py:588} INFO - Filling up the DagBag from /Library/Frameworks/Python.framework/Versions/3.10/lib/python3.10/site-packages/airflow/example_dags/example_dag_decorator.py
[2025-04-16T14:51:41.220-0500] {processor.py:925} INFO - DAG(s) 'example_dag_decorator' retrieved from /Library/Frameworks/Python.framework/Versions/3.10/lib/python3.10/site-packages/airflow/example_dags/example_dag_decorator.py
[2025-04-16T14:51:41.293-0500] {logging_mixin.py:190} INFO - [2025-04-16T14:51:41.293-0500] {dag.py:3239} INFO - Sync 1 DAGs
[2025-04-16T14:51:41.296-0500] {logging_mixin.py:190} INFO - [2025-04-16T14:51:41.296-0500] {dag.py:4180} INFO - Setting next_dagrun for example_dag_decorator to None, run_after=None
[2025-04-16T14:51:41.302-0500] {processor.py:208} INFO - Processing /Library/Frameworks/Python.framework/Versions/3.10/lib/python3.10/site-packages/airflow/example_dags/example_dag_decorator.py took 0.154 seconds
[2025-04-16T14:56:30.982-0500] {processor.py:186} INFO - Started process (PID=25650) to work on /Library/Frameworks/Python.framework/Versions/3.10/lib/python3.10/site-packages/airflow/example_dags/example_dag_decorator.py
[2025-04-16T14:56:30.983-0500] {processor.py:914} INFO - Processing file /Library/Frameworks/Python.framework/Versions/3.10/lib/python3.10/site-packages/airflow/example_dags/example_dag_decorator.py for tasks to queue
[2025-04-16T14:56:30.983-0500] {logging_mixin.py:190} INFO - [2025-04-16T14:56:30.983-0500] {dagbag.py:588} INFO - Filling up the DagBag from /Library/Frameworks/Python.framework/Versions/3.10/lib/python3.10/site-packages/airflow/example_dags/example_dag_decorator.py
[2025-04-16T14:56:31.052-0500] {processor.py:925} INFO - DAG(s) 'example_dag_decorator' retrieved from /Library/Frameworks/Python.framework/Versions/3.10/lib/python3.10/site-packages/airflow/example_dags/example_dag_decorator.py
[2025-04-16T14:56:31.124-0500] {logging_mixin.py:190} INFO - [2025-04-16T14:56:31.124-0500] {dag.py:3239} INFO - Sync 1 DAGs
[2025-04-16T14:56:31.127-0500] {logging_mixin.py:190} INFO - [2025-04-16T14:56:31.127-0500] {dag.py:4180} INFO - Setting next_dagrun for example_dag_decorator to None, run_after=None
[2025-04-16T14:56:31.133-0500] {processor.py:208} INFO - Processing /Library/Frameworks/Python.framework/Versions/3.10/lib/python3.10/site-packages/airflow/example_dags/example_dag_decorator.py took 0.153 seconds
[2025-04-16T15:01:33.429-0500] {processor.py:186} INFO - Started process (PID=25957) to work on /Library/Frameworks/Python.framework/Versions/3.10/lib/python3.10/site-packages/airflow/example_dags/example_dag_decorator.py
[2025-04-16T15:01:33.430-0500] {processor.py:914} INFO - Processing file /Library/Frameworks/Python.framework/Versions/3.10/lib/python3.10/site-packages/airflow/example_dags/example_dag_decorator.py for tasks to queue
[2025-04-16T15:01:33.430-0500] {logging_mixin.py:190} INFO - [2025-04-16T15:01:33.430-0500] {dagbag.py:588} INFO - Filling up the DagBag from /Library/Frameworks/Python.framework/Versions/3.10/lib/python3.10/site-packages/airflow/example_dags/example_dag_decorator.py
[2025-04-16T15:01:33.499-0500] {processor.py:925} INFO - DAG(s) 'example_dag_decorator' retrieved from /Library/Frameworks/Python.framework/Versions/3.10/lib/python3.10/site-packages/airflow/example_dags/example_dag_decorator.py
[2025-04-16T15:01:33.571-0500] {logging_mixin.py:190} INFO - [2025-04-16T15:01:33.571-0500] {dag.py:3239} INFO - Sync 1 DAGs
[2025-04-16T15:01:33.574-0500] {logging_mixin.py:190} INFO - [2025-04-16T15:01:33.574-0500] {dag.py:4180} INFO - Setting next_dagrun for example_dag_decorator to None, run_after=None
[2025-04-16T15:01:33.580-0500] {processor.py:208} INFO - Processing /Library/Frameworks/Python.framework/Versions/3.10/lib/python3.10/site-packages/airflow/example_dags/example_dag_decorator.py took 0.153 seconds
[2025-04-16T15:06:34.070-0500] {processor.py:186} INFO - Started process (PID=26256) to work on /Library/Frameworks/Python.framework/Versions/3.10/lib/python3.10/site-packages/airflow/example_dags/example_dag_decorator.py
[2025-04-16T15:06:34.070-0500] {processor.py:914} INFO - Processing file /Library/Frameworks/Python.framework/Versions/3.10/lib/python3.10/site-packages/airflow/example_dags/example_dag_decorator.py for tasks to queue
[2025-04-16T15:06:34.071-0500] {logging_mixin.py:190} INFO - [2025-04-16T15:06:34.071-0500] {dagbag.py:588} INFO - Filling up the DagBag from /Library/Frameworks/Python.framework/Versions/3.10/lib/python3.10/site-packages/airflow/example_dags/example_dag_decorator.py
[2025-04-16T15:06:34.139-0500] {processor.py:925} INFO - DAG(s) 'example_dag_decorator' retrieved from /Library/Frameworks/Python.framework/Versions/3.10/lib/python3.10/site-packages/airflow/example_dags/example_dag_decorator.py
[2025-04-16T15:06:34.212-0500] {logging_mixin.py:190} INFO - [2025-04-16T15:06:34.211-0500] {dag.py:3239} INFO - Sync 1 DAGs
[2025-04-16T15:06:34.215-0500] {logging_mixin.py:190} INFO - [2025-04-16T15:06:34.215-0500] {dag.py:4180} INFO - Setting next_dagrun for example_dag_decorator to None, run_after=None
[2025-04-16T15:06:34.221-0500] {processor.py:208} INFO - Processing /Library/Frameworks/Python.framework/Versions/3.10/lib/python3.10/site-packages/airflow/example_dags/example_dag_decorator.py took 0.152 seconds
[2025-04-16T15:11:24.468-0500] {processor.py:186} INFO - Started process (PID=26597) to work on /Library/Frameworks/Python.framework/Versions/3.10/lib/python3.10/site-packages/airflow/example_dags/example_dag_decorator.py
[2025-04-16T15:11:24.469-0500] {processor.py:914} INFO - Processing file /Library/Frameworks/Python.framework/Versions/3.10/lib/python3.10/site-packages/airflow/example_dags/example_dag_decorator.py for tasks to queue
[2025-04-16T15:11:24.469-0500] {logging_mixin.py:190} INFO - [2025-04-16T15:11:24.469-0500] {dagbag.py:588} INFO - Filling up the DagBag from /Library/Frameworks/Python.framework/Versions/3.10/lib/python3.10/site-packages/airflow/example_dags/example_dag_decorator.py
[2025-04-16T15:11:24.544-0500] {processor.py:925} INFO - DAG(s) 'example_dag_decorator' retrieved from /Library/Frameworks/Python.framework/Versions/3.10/lib/python3.10/site-packages/airflow/example_dags/example_dag_decorator.py
[2025-04-16T15:11:24.620-0500] {logging_mixin.py:190} INFO - [2025-04-16T15:11:24.620-0500] {dag.py:3239} INFO - Sync 1 DAGs
[2025-04-16T15:11:24.623-0500] {logging_mixin.py:190} INFO - [2025-04-16T15:11:24.623-0500] {dag.py:4180} INFO - Setting next_dagrun for example_dag_decorator to None, run_after=None
[2025-04-16T15:11:24.629-0500] {processor.py:208} INFO - Processing /Library/Frameworks/Python.framework/Versions/3.10/lib/python3.10/site-packages/airflow/example_dags/example_dag_decorator.py took 0.163 seconds
[2025-04-16T15:16:10.020-0500] {processor.py:186} INFO - Started process (PID=26933) to work on /Library/Frameworks/Python.framework/Versions/3.10/lib/python3.10/site-packages/airflow/example_dags/example_dag_decorator.py
[2025-04-16T15:16:10.021-0500] {processor.py:914} INFO - Processing file /Library/Frameworks/Python.framework/Versions/3.10/lib/python3.10/site-packages/airflow/example_dags/example_dag_decorator.py for tasks to queue
[2025-04-16T15:16:10.021-0500] {logging_mixin.py:190} INFO - [2025-04-16T15:16:10.021-0500] {dagbag.py:588} INFO - Filling up the DagBag from /Library/Frameworks/Python.framework/Versions/3.10/lib/python3.10/site-packages/airflow/example_dags/example_dag_decorator.py
[2025-04-16T15:16:10.090-0500] {processor.py:925} INFO - DAG(s) 'example_dag_decorator' retrieved from /Library/Frameworks/Python.framework/Versions/3.10/lib/python3.10/site-packages/airflow/example_dags/example_dag_decorator.py
[2025-04-16T15:16:10.163-0500] {logging_mixin.py:190} INFO - [2025-04-16T15:16:10.163-0500] {dag.py:3239} INFO - Sync 1 DAGs
[2025-04-16T15:16:10.166-0500] {logging_mixin.py:190} INFO - [2025-04-16T15:16:10.166-0500] {dag.py:4180} INFO - Setting next_dagrun for example_dag_decorator to None, run_after=None
[2025-04-16T15:16:10.172-0500] {processor.py:208} INFO - Processing /Library/Frameworks/Python.framework/Versions/3.10/lib/python3.10/site-packages/airflow/example_dags/example_dag_decorator.py took 0.153 seconds
[2025-04-16T15:20:54.651-0500] {processor.py:186} INFO - Started process (PID=27212) to work on /Library/Frameworks/Python.framework/Versions/3.10/lib/python3.10/site-packages/airflow/example_dags/example_dag_decorator.py
[2025-04-16T15:20:54.651-0500] {processor.py:914} INFO - Processing file /Library/Frameworks/Python.framework/Versions/3.10/lib/python3.10/site-packages/airflow/example_dags/example_dag_decorator.py for tasks to queue
[2025-04-16T15:20:54.652-0500] {logging_mixin.py:190} INFO - [2025-04-16T15:20:54.652-0500] {dagbag.py:588} INFO - Filling up the DagBag from /Library/Frameworks/Python.framework/Versions/3.10/lib/python3.10/site-packages/airflow/example_dags/example_dag_decorator.py
[2025-04-16T15:20:54.721-0500] {processor.py:925} INFO - DAG(s) 'example_dag_decorator' retrieved from /Library/Frameworks/Python.framework/Versions/3.10/lib/python3.10/site-packages/airflow/example_dags/example_dag_decorator.py
[2025-04-16T15:20:54.796-0500] {logging_mixin.py:190} INFO - [2025-04-16T15:20:54.796-0500] {dag.py:3239} INFO - Sync 1 DAGs
[2025-04-16T15:20:54.800-0500] {logging_mixin.py:190} INFO - [2025-04-16T15:20:54.800-0500] {dag.py:4180} INFO - Setting next_dagrun for example_dag_decorator to None, run_after=None
[2025-04-16T15:20:54.805-0500] {processor.py:208} INFO - Processing /Library/Frameworks/Python.framework/Versions/3.10/lib/python3.10/site-packages/airflow/example_dags/example_dag_decorator.py took 0.156 seconds
[2025-04-16T15:26:04.970-0500] {processor.py:186} INFO - Started process (PID=27576) to work on /Library/Frameworks/Python.framework/Versions/3.10/lib/python3.10/site-packages/airflow/example_dags/example_dag_decorator.py
[2025-04-16T15:26:04.971-0500] {processor.py:914} INFO - Processing file /Library/Frameworks/Python.framework/Versions/3.10/lib/python3.10/site-packages/airflow/example_dags/example_dag_decorator.py for tasks to queue
[2025-04-16T15:26:04.971-0500] {logging_mixin.py:190} INFO - [2025-04-16T15:26:04.971-0500] {dagbag.py:588} INFO - Filling up the DagBag from /Library/Frameworks/Python.framework/Versions/3.10/lib/python3.10/site-packages/airflow/example_dags/example_dag_decorator.py
[2025-04-16T15:26:05.040-0500] {processor.py:925} INFO - DAG(s) 'example_dag_decorator' retrieved from /Library/Frameworks/Python.framework/Versions/3.10/lib/python3.10/site-packages/airflow/example_dags/example_dag_decorator.py
[2025-04-16T15:26:05.116-0500] {logging_mixin.py:190} INFO - [2025-04-16T15:26:05.116-0500] {dag.py:3239} INFO - Sync 1 DAGs
[2025-04-16T15:26:05.120-0500] {logging_mixin.py:190} INFO - [2025-04-16T15:26:05.120-0500] {dag.py:4180} INFO - Setting next_dagrun for example_dag_decorator to None, run_after=None
[2025-04-16T15:26:05.125-0500] {processor.py:208} INFO - Processing /Library/Frameworks/Python.framework/Versions/3.10/lib/python3.10/site-packages/airflow/example_dags/example_dag_decorator.py took 0.157 seconds
[2025-04-16T15:31:09.841-0500] {processor.py:186} INFO - Started process (PID=27933) to work on /Library/Frameworks/Python.framework/Versions/3.10/lib/python3.10/site-packages/airflow/example_dags/example_dag_decorator.py
[2025-04-16T15:31:09.841-0500] {processor.py:914} INFO - Processing file /Library/Frameworks/Python.framework/Versions/3.10/lib/python3.10/site-packages/airflow/example_dags/example_dag_decorator.py for tasks to queue
[2025-04-16T15:31:09.842-0500] {logging_mixin.py:190} INFO - [2025-04-16T15:31:09.841-0500] {dagbag.py:588} INFO - Filling up the DagBag from /Library/Frameworks/Python.framework/Versions/3.10/lib/python3.10/site-packages/airflow/example_dags/example_dag_decorator.py
[2025-04-16T15:31:09.911-0500] {processor.py:925} INFO - DAG(s) 'example_dag_decorator' retrieved from /Library/Frameworks/Python.framework/Versions/3.10/lib/python3.10/site-packages/airflow/example_dags/example_dag_decorator.py
[2025-04-16T15:31:09.984-0500] {logging_mixin.py:190} INFO - [2025-04-16T15:31:09.984-0500] {dag.py:3239} INFO - Sync 1 DAGs
[2025-04-16T15:31:09.988-0500] {logging_mixin.py:190} INFO - [2025-04-16T15:31:09.988-0500] {dag.py:4180} INFO - Setting next_dagrun for example_dag_decorator to None, run_after=None
[2025-04-16T15:31:09.994-0500] {processor.py:208} INFO - Processing /Library/Frameworks/Python.framework/Versions/3.10/lib/python3.10/site-packages/airflow/example_dags/example_dag_decorator.py took 0.155 seconds
[2025-04-16T15:53:44.621-0500] {processor.py:186} INFO - Started process (PID=28387) to work on /Library/Frameworks/Python.framework/Versions/3.10/lib/python3.10/site-packages/airflow/example_dags/example_dag_decorator.py
[2025-04-16T15:53:44.621-0500] {processor.py:914} INFO - Processing file /Library/Frameworks/Python.framework/Versions/3.10/lib/python3.10/site-packages/airflow/example_dags/example_dag_decorator.py for tasks to queue
[2025-04-16T15:53:44.622-0500] {logging_mixin.py:190} INFO - [2025-04-16T15:53:44.622-0500] {dagbag.py:588} INFO - Filling up the DagBag from /Library/Frameworks/Python.framework/Versions/3.10/lib/python3.10/site-packages/airflow/example_dags/example_dag_decorator.py
[2025-04-16T15:53:44.690-0500] {processor.py:925} INFO - DAG(s) 'example_dag_decorator' retrieved from /Library/Frameworks/Python.framework/Versions/3.10/lib/python3.10/site-packages/airflow/example_dags/example_dag_decorator.py
[2025-04-16T15:53:44.765-0500] {logging_mixin.py:190} INFO - [2025-04-16T15:53:44.765-0500] {dag.py:3239} INFO - Sync 1 DAGs
[2025-04-16T15:53:44.769-0500] {logging_mixin.py:190} INFO - [2025-04-16T15:53:44.768-0500] {dag.py:4180} INFO - Setting next_dagrun for example_dag_decorator to None, run_after=None
[2025-04-16T15:53:44.774-0500] {processor.py:208} INFO - Processing /Library/Frameworks/Python.framework/Versions/3.10/lib/python3.10/site-packages/airflow/example_dags/example_dag_decorator.py took 0.155 seconds
[2025-04-16T15:58:46.868-0500] {processor.py:186} INFO - Started process (PID=28860) to work on /Library/Frameworks/Python.framework/Versions/3.10/lib/python3.10/site-packages/airflow/example_dags/example_dag_decorator.py
[2025-04-16T15:58:46.869-0500] {processor.py:914} INFO - Processing file /Library/Frameworks/Python.framework/Versions/3.10/lib/python3.10/site-packages/airflow/example_dags/example_dag_decorator.py for tasks to queue
[2025-04-16T15:58:46.869-0500] {logging_mixin.py:190} INFO - [2025-04-16T15:58:46.869-0500] {dagbag.py:588} INFO - Filling up the DagBag from /Library/Frameworks/Python.framework/Versions/3.10/lib/python3.10/site-packages/airflow/example_dags/example_dag_decorator.py
[2025-04-16T15:58:46.948-0500] {processor.py:925} INFO - DAG(s) 'example_dag_decorator' retrieved from /Library/Frameworks/Python.framework/Versions/3.10/lib/python3.10/site-packages/airflow/example_dags/example_dag_decorator.py
[2025-04-16T15:58:47.023-0500] {logging_mixin.py:190} INFO - [2025-04-16T15:58:47.023-0500] {dag.py:3239} INFO - Sync 1 DAGs
[2025-04-16T15:58:47.026-0500] {logging_mixin.py:190} INFO - [2025-04-16T15:58:47.026-0500] {dag.py:4180} INFO - Setting next_dagrun for example_dag_decorator to None, run_after=None
[2025-04-16T15:58:47.033-0500] {processor.py:208} INFO - Processing /Library/Frameworks/Python.framework/Versions/3.10/lib/python3.10/site-packages/airflow/example_dags/example_dag_decorator.py took 0.167 seconds
[2025-04-16T16:03:27.130-0500] {processor.py:186} INFO - Started process (PID=29199) to work on /Library/Frameworks/Python.framework/Versions/3.10/lib/python3.10/site-packages/airflow/example_dags/example_dag_decorator.py
[2025-04-16T16:03:27.130-0500] {processor.py:914} INFO - Processing file /Library/Frameworks/Python.framework/Versions/3.10/lib/python3.10/site-packages/airflow/example_dags/example_dag_decorator.py for tasks to queue
[2025-04-16T16:03:27.131-0500] {logging_mixin.py:190} INFO - [2025-04-16T16:03:27.131-0500] {dagbag.py:588} INFO - Filling up the DagBag from /Library/Frameworks/Python.framework/Versions/3.10/lib/python3.10/site-packages/airflow/example_dags/example_dag_decorator.py
[2025-04-16T16:03:27.202-0500] {processor.py:925} INFO - DAG(s) 'example_dag_decorator' retrieved from /Library/Frameworks/Python.framework/Versions/3.10/lib/python3.10/site-packages/airflow/example_dags/example_dag_decorator.py
[2025-04-16T16:03:27.275-0500] {logging_mixin.py:190} INFO - [2025-04-16T16:03:27.275-0500] {dag.py:3239} INFO - Sync 1 DAGs
[2025-04-16T16:03:27.278-0500] {logging_mixin.py:190} INFO - [2025-04-16T16:03:27.278-0500] {dag.py:4180} INFO - Setting next_dagrun for example_dag_decorator to None, run_after=None
[2025-04-16T16:03:27.284-0500] {processor.py:208} INFO - Processing /Library/Frameworks/Python.framework/Versions/3.10/lib/python3.10/site-packages/airflow/example_dags/example_dag_decorator.py took 0.156 seconds
[2025-04-16T16:07:54.617-0500] {processor.py:186} INFO - Started process (PID=29528) to work on /Library/Frameworks/Python.framework/Versions/3.10/lib/python3.10/site-packages/airflow/example_dags/example_dag_decorator.py
[2025-04-16T16:07:54.617-0500] {processor.py:914} INFO - Processing file /Library/Frameworks/Python.framework/Versions/3.10/lib/python3.10/site-packages/airflow/example_dags/example_dag_decorator.py for tasks to queue
[2025-04-16T16:07:54.618-0500] {logging_mixin.py:190} INFO - [2025-04-16T16:07:54.618-0500] {dagbag.py:588} INFO - Filling up the DagBag from /Library/Frameworks/Python.framework/Versions/3.10/lib/python3.10/site-packages/airflow/example_dags/example_dag_decorator.py
[2025-04-16T16:07:54.685-0500] {processor.py:925} INFO - DAG(s) 'example_dag_decorator' retrieved from /Library/Frameworks/Python.framework/Versions/3.10/lib/python3.10/site-packages/airflow/example_dags/example_dag_decorator.py
[2025-04-16T16:07:54.759-0500] {logging_mixin.py:190} INFO - [2025-04-16T16:07:54.759-0500] {dag.py:3239} INFO - Sync 1 DAGs
[2025-04-16T16:07:54.762-0500] {logging_mixin.py:190} INFO - [2025-04-16T16:07:54.762-0500] {dag.py:4180} INFO - Setting next_dagrun for example_dag_decorator to None, run_after=None
[2025-04-16T16:07:54.768-0500] {processor.py:208} INFO - Processing /Library/Frameworks/Python.framework/Versions/3.10/lib/python3.10/site-packages/airflow/example_dags/example_dag_decorator.py took 0.153 seconds
[2025-04-16T16:12:21.492-0500] {processor.py:186} INFO - Started process (PID=29817) to work on /Library/Frameworks/Python.framework/Versions/3.10/lib/python3.10/site-packages/airflow/example_dags/example_dag_decorator.py
[2025-04-16T16:12:21.492-0500] {processor.py:914} INFO - Processing file /Library/Frameworks/Python.framework/Versions/3.10/lib/python3.10/site-packages/airflow/example_dags/example_dag_decorator.py for tasks to queue
[2025-04-16T16:12:21.492-0500] {logging_mixin.py:190} INFO - [2025-04-16T16:12:21.492-0500] {dagbag.py:588} INFO - Filling up the DagBag from /Library/Frameworks/Python.framework/Versions/3.10/lib/python3.10/site-packages/airflow/example_dags/example_dag_decorator.py
[2025-04-16T16:12:21.561-0500] {processor.py:925} INFO - DAG(s) 'example_dag_decorator' retrieved from /Library/Frameworks/Python.framework/Versions/3.10/lib/python3.10/site-packages/airflow/example_dags/example_dag_decorator.py
[2025-04-16T16:12:21.635-0500] {logging_mixin.py:190} INFO - [2025-04-16T16:12:21.634-0500] {dag.py:3239} INFO - Sync 1 DAGs
[2025-04-16T16:12:21.638-0500] {logging_mixin.py:190} INFO - [2025-04-16T16:12:21.638-0500] {dag.py:4180} INFO - Setting next_dagrun for example_dag_decorator to None, run_after=None
[2025-04-16T16:12:21.644-0500] {processor.py:208} INFO - Processing /Library/Frameworks/Python.framework/Versions/3.10/lib/python3.10/site-packages/airflow/example_dags/example_dag_decorator.py took 0.154 seconds
[2025-04-16T16:16:46.675-0500] {processor.py:186} INFO - Started process (PID=30092) to work on /Library/Frameworks/Python.framework/Versions/3.10/lib/python3.10/site-packages/airflow/example_dags/example_dag_decorator.py
[2025-04-16T16:16:46.676-0500] {processor.py:914} INFO - Processing file /Library/Frameworks/Python.framework/Versions/3.10/lib/python3.10/site-packages/airflow/example_dags/example_dag_decorator.py for tasks to queue
[2025-04-16T16:16:46.676-0500] {logging_mixin.py:190} INFO - [2025-04-16T16:16:46.676-0500] {dagbag.py:588} INFO - Filling up the DagBag from /Library/Frameworks/Python.framework/Versions/3.10/lib/python3.10/site-packages/airflow/example_dags/example_dag_decorator.py
[2025-04-16T16:16:46.744-0500] {processor.py:925} INFO - DAG(s) 'example_dag_decorator' retrieved from /Library/Frameworks/Python.framework/Versions/3.10/lib/python3.10/site-packages/airflow/example_dags/example_dag_decorator.py
[2025-04-16T16:16:46.817-0500] {logging_mixin.py:190} INFO - [2025-04-16T16:16:46.816-0500] {dag.py:3239} INFO - Sync 1 DAGs
[2025-04-16T16:16:46.820-0500] {logging_mixin.py:190} INFO - [2025-04-16T16:16:46.820-0500] {dag.py:4180} INFO - Setting next_dagrun for example_dag_decorator to None, run_after=None
[2025-04-16T16:16:46.825-0500] {processor.py:208} INFO - Processing /Library/Frameworks/Python.framework/Versions/3.10/lib/python3.10/site-packages/airflow/example_dags/example_dag_decorator.py took 0.152 seconds
[2025-04-16T16:23:36.294-0500] {processor.py:186} INFO - Started process (PID=30385) to work on /Library/Frameworks/Python.framework/Versions/3.10/lib/python3.10/site-packages/airflow/example_dags/example_dag_decorator.py
[2025-04-16T16:23:36.295-0500] {processor.py:914} INFO - Processing file /Library/Frameworks/Python.framework/Versions/3.10/lib/python3.10/site-packages/airflow/example_dags/example_dag_decorator.py for tasks to queue
[2025-04-16T16:23:36.295-0500] {logging_mixin.py:190} INFO - [2025-04-16T16:23:36.295-0500] {dagbag.py:588} INFO - Filling up the DagBag from /Library/Frameworks/Python.framework/Versions/3.10/lib/python3.10/site-packages/airflow/example_dags/example_dag_decorator.py
[2025-04-16T16:23:36.363-0500] {processor.py:925} INFO - DAG(s) 'example_dag_decorator' retrieved from /Library/Frameworks/Python.framework/Versions/3.10/lib/python3.10/site-packages/airflow/example_dags/example_dag_decorator.py
[2025-04-16T16:23:36.435-0500] {logging_mixin.py:190} INFO - [2025-04-16T16:23:36.435-0500] {dag.py:3239} INFO - Sync 1 DAGs
[2025-04-16T16:23:36.438-0500] {logging_mixin.py:190} INFO - [2025-04-16T16:23:36.438-0500] {dag.py:4180} INFO - Setting next_dagrun for example_dag_decorator to None, run_after=None
[2025-04-16T16:23:36.444-0500] {processor.py:208} INFO - Processing /Library/Frameworks/Python.framework/Versions/3.10/lib/python3.10/site-packages/airflow/example_dags/example_dag_decorator.py took 0.152 seconds
[2025-04-16T17:18:19.603-0500] {processor.py:186} INFO - Started process (PID=30762) to work on /Library/Frameworks/Python.framework/Versions/3.10/lib/python3.10/site-packages/airflow/example_dags/example_dag_decorator.py
[2025-04-16T17:18:19.604-0500] {processor.py:914} INFO - Processing file /Library/Frameworks/Python.framework/Versions/3.10/lib/python3.10/site-packages/airflow/example_dags/example_dag_decorator.py for tasks to queue
[2025-04-16T17:18:19.604-0500] {logging_mixin.py:190} INFO - [2025-04-16T17:18:19.604-0500] {dagbag.py:588} INFO - Filling up the DagBag from /Library/Frameworks/Python.framework/Versions/3.10/lib/python3.10/site-packages/airflow/example_dags/example_dag_decorator.py
[2025-04-16T17:18:19.667-0500] {processor.py:925} INFO - DAG(s) 'example_dag_decorator' retrieved from /Library/Frameworks/Python.framework/Versions/3.10/lib/python3.10/site-packages/airflow/example_dags/example_dag_decorator.py
[2025-04-16T17:18:19.741-0500] {logging_mixin.py:190} INFO - [2025-04-16T17:18:19.740-0500] {dag.py:3239} INFO - Sync 1 DAGs
[2025-04-16T17:18:19.744-0500] {logging_mixin.py:190} INFO - [2025-04-16T17:18:19.744-0500] {dag.py:4180} INFO - Setting next_dagrun for example_dag_decorator to None, run_after=None
[2025-04-16T17:18:19.749-0500] {processor.py:208} INFO - Processing /Library/Frameworks/Python.framework/Versions/3.10/lib/python3.10/site-packages/airflow/example_dags/example_dag_decorator.py took 0.148 seconds
[2025-04-16T18:45:19.355-0500] {processor.py:186} INFO - Started process (PID=31147) to work on /Library/Frameworks/Python.framework/Versions/3.10/lib/python3.10/site-packages/airflow/example_dags/example_dag_decorator.py
[2025-04-16T18:45:19.356-0500] {processor.py:914} INFO - Processing file /Library/Frameworks/Python.framework/Versions/3.10/lib/python3.10/site-packages/airflow/example_dags/example_dag_decorator.py for tasks to queue
[2025-04-16T18:45:19.356-0500] {logging_mixin.py:190} INFO - [2025-04-16T18:45:19.356-0500] {dagbag.py:588} INFO - Filling up the DagBag from /Library/Frameworks/Python.framework/Versions/3.10/lib/python3.10/site-packages/airflow/example_dags/example_dag_decorator.py
[2025-04-16T18:45:19.424-0500] {processor.py:925} INFO - DAG(s) 'example_dag_decorator' retrieved from /Library/Frameworks/Python.framework/Versions/3.10/lib/python3.10/site-packages/airflow/example_dags/example_dag_decorator.py
[2025-04-16T18:45:19.497-0500] {logging_mixin.py:190} INFO - [2025-04-16T18:45:19.497-0500] {dag.py:3239} INFO - Sync 1 DAGs
[2025-04-16T18:45:19.500-0500] {logging_mixin.py:190} INFO - [2025-04-16T18:45:19.500-0500] {dag.py:4180} INFO - Setting next_dagrun for example_dag_decorator to None, run_after=None
[2025-04-16T18:45:19.506-0500] {processor.py:208} INFO - Processing /Library/Frameworks/Python.framework/Versions/3.10/lib/python3.10/site-packages/airflow/example_dags/example_dag_decorator.py took 0.152 seconds
