[2025-04-15T20:58:21.127-0500] {processor.py:186} INFO - Started process (PID=10531) to work on /Library/Frameworks/Python.framework/Versions/3.10/lib/python3.10/site-packages/airflow/example_dags/example_bash_operator.py
[2025-04-15T20:58:21.127-0500] {processor.py:914} INFO - Processing file /Library/Frameworks/Python.framework/Versions/3.10/lib/python3.10/site-packages/airflow/example_dags/example_bash_operator.py for tasks to queue
[2025-04-15T20:58:21.127-0500] {logging_mixin.py:190} INFO - [2025-04-15T20:58:21.127-0500] {dagbag.py:588} INFO - Filling up the DagBag from /Library/Frameworks/Python.framework/Versions/3.10/lib/python3.10/site-packages/airflow/example_dags/example_bash_operator.py
[2025-04-15T20:58:21.153-0500] {processor.py:925} INFO - DAG(s) 'example_bash_operator' retrieved from /Library/Frameworks/Python.framework/Versions/3.10/lib/python3.10/site-packages/airflow/example_dags/example_bash_operator.py
[2025-04-15T20:58:21.188-0500] {logging_mixin.py:190} INFO - [2025-04-15T20:58:21.188-0500] {dag.py:3239} INFO - Sync 1 DAGs
[2025-04-15T20:58:21.194-0500] {logging_mixin.py:190} INFO - [2025-04-15T20:58:21.194-0500] {dag.py:4180} INFO - Setting next_dagrun for example_bash_operator to 2025-04-15 00:00:00+00:00, run_after=2025-04-16 00:00:00+00:00
[2025-04-15T20:58:21.199-0500] {processor.py:208} INFO - Processing /Library/Frameworks/Python.framework/Versions/3.10/lib/python3.10/site-packages/airflow/example_dags/example_bash_operator.py took 0.074 seconds
[2025-04-15T21:03:32.651-0500] {processor.py:186} INFO - Started process (PID=10833) to work on /Library/Frameworks/Python.framework/Versions/3.10/lib/python3.10/site-packages/airflow/example_dags/example_bash_operator.py
[2025-04-15T21:03:32.652-0500] {processor.py:914} INFO - Processing file /Library/Frameworks/Python.framework/Versions/3.10/lib/python3.10/site-packages/airflow/example_dags/example_bash_operator.py for tasks to queue
[2025-04-15T21:03:32.652-0500] {logging_mixin.py:190} INFO - [2025-04-15T21:03:32.652-0500] {dagbag.py:588} INFO - Filling up the DagBag from /Library/Frameworks/Python.framework/Versions/3.10/lib/python3.10/site-packages/airflow/example_dags/example_bash_operator.py
[2025-04-15T21:03:32.678-0500] {processor.py:925} INFO - DAG(s) 'example_bash_operator' retrieved from /Library/Frameworks/Python.framework/Versions/3.10/lib/python3.10/site-packages/airflow/example_dags/example_bash_operator.py
[2025-04-15T21:03:32.713-0500] {logging_mixin.py:190} INFO - [2025-04-15T21:03:32.713-0500] {dag.py:3239} INFO - Sync 1 DAGs
[2025-04-15T21:03:32.719-0500] {logging_mixin.py:190} INFO - [2025-04-15T21:03:32.719-0500] {dag.py:4180} INFO - Setting next_dagrun for example_bash_operator to 2025-04-15 00:00:00+00:00, run_after=2025-04-16 00:00:00+00:00
[2025-04-15T21:03:32.724-0500] {processor.py:208} INFO - Processing /Library/Frameworks/Python.framework/Versions/3.10/lib/python3.10/site-packages/airflow/example_dags/example_bash_operator.py took 0.074 seconds
[2025-04-15T22:25:26.854-0500] {processor.py:186} INFO - Started process (PID=11248) to work on /Library/Frameworks/Python.framework/Versions/3.10/lib/python3.10/site-packages/airflow/example_dags/example_bash_operator.py
[2025-04-15T22:25:26.855-0500] {processor.py:914} INFO - Processing file /Library/Frameworks/Python.framework/Versions/3.10/lib/python3.10/site-packages/airflow/example_dags/example_bash_operator.py for tasks to queue
[2025-04-15T22:25:26.855-0500] {logging_mixin.py:190} INFO - [2025-04-15T22:25:26.855-0500] {dagbag.py:588} INFO - Filling up the DagBag from /Library/Frameworks/Python.framework/Versions/3.10/lib/python3.10/site-packages/airflow/example_dags/example_bash_operator.py
[2025-04-15T22:25:26.880-0500] {processor.py:925} INFO - DAG(s) 'example_bash_operator' retrieved from /Library/Frameworks/Python.framework/Versions/3.10/lib/python3.10/site-packages/airflow/example_dags/example_bash_operator.py
[2025-04-15T22:25:26.914-0500] {logging_mixin.py:190} INFO - [2025-04-15T22:25:26.914-0500] {dag.py:3239} INFO - Sync 1 DAGs
[2025-04-15T22:25:26.919-0500] {logging_mixin.py:190} INFO - [2025-04-15T22:25:26.919-0500] {dag.py:4180} INFO - Setting next_dagrun for example_bash_operator to 2025-04-15 00:00:00+00:00, run_after=2025-04-16 00:00:00+00:00
[2025-04-15T22:25:26.925-0500] {processor.py:208} INFO - Processing /Library/Frameworks/Python.framework/Versions/3.10/lib/python3.10/site-packages/airflow/example_dags/example_bash_operator.py took 0.073 seconds
[2025-04-16T00:07:27.281-0500] {processor.py:186} INFO - Started process (PID=11729) to work on /Library/Frameworks/Python.framework/Versions/3.10/lib/python3.10/site-packages/airflow/example_dags/example_bash_operator.py
[2025-04-16T00:07:27.282-0500] {processor.py:914} INFO - Processing file /Library/Frameworks/Python.framework/Versions/3.10/lib/python3.10/site-packages/airflow/example_dags/example_bash_operator.py for tasks to queue
[2025-04-16T00:07:27.282-0500] {logging_mixin.py:190} INFO - [2025-04-16T00:07:27.282-0500] {dagbag.py:588} INFO - Filling up the DagBag from /Library/Frameworks/Python.framework/Versions/3.10/lib/python3.10/site-packages/airflow/example_dags/example_bash_operator.py
[2025-04-16T00:07:27.306-0500] {processor.py:925} INFO - DAG(s) 'example_bash_operator' retrieved from /Library/Frameworks/Python.framework/Versions/3.10/lib/python3.10/site-packages/airflow/example_dags/example_bash_operator.py
[2025-04-16T00:07:27.340-0500] {logging_mixin.py:190} INFO - [2025-04-16T00:07:27.340-0500] {dag.py:3239} INFO - Sync 1 DAGs
[2025-04-16T00:07:27.346-0500] {logging_mixin.py:190} INFO - [2025-04-16T00:07:27.346-0500] {dag.py:4180} INFO - Setting next_dagrun for example_bash_operator to 2025-04-15 00:00:00+00:00, run_after=2025-04-16 00:00:00+00:00
[2025-04-16T00:07:27.351-0500] {processor.py:208} INFO - Processing /Library/Frameworks/Python.framework/Versions/3.10/lib/python3.10/site-packages/airflow/example_dags/example_bash_operator.py took 0.072 seconds
[2025-04-16T01:37:08.285-0500] {processor.py:186} INFO - Started process (PID=12007) to work on /Library/Frameworks/Python.framework/Versions/3.10/lib/python3.10/site-packages/airflow/example_dags/example_bash_operator.py
[2025-04-16T01:37:08.285-0500] {processor.py:914} INFO - Processing file /Library/Frameworks/Python.framework/Versions/3.10/lib/python3.10/site-packages/airflow/example_dags/example_bash_operator.py for tasks to queue
[2025-04-16T01:37:08.285-0500] {logging_mixin.py:190} INFO - [2025-04-16T01:37:08.285-0500] {dagbag.py:588} INFO - Filling up the DagBag from /Library/Frameworks/Python.framework/Versions/3.10/lib/python3.10/site-packages/airflow/example_dags/example_bash_operator.py
[2025-04-16T01:37:08.310-0500] {processor.py:925} INFO - DAG(s) 'example_bash_operator' retrieved from /Library/Frameworks/Python.framework/Versions/3.10/lib/python3.10/site-packages/airflow/example_dags/example_bash_operator.py
[2025-04-16T01:37:08.345-0500] {logging_mixin.py:190} INFO - [2025-04-16T01:37:08.345-0500] {dag.py:3239} INFO - Sync 1 DAGs
[2025-04-16T01:37:08.351-0500] {logging_mixin.py:190} INFO - [2025-04-16T01:37:08.351-0500] {dag.py:4180} INFO - Setting next_dagrun for example_bash_operator to 2025-04-15 00:00:00+00:00, run_after=2025-04-16 00:00:00+00:00
[2025-04-16T01:37:08.356-0500] {processor.py:208} INFO - Processing /Library/Frameworks/Python.framework/Versions/3.10/lib/python3.10/site-packages/airflow/example_dags/example_bash_operator.py took 0.073 seconds
[2025-04-16T04:25:58.867-0500] {processor.py:186} INFO - Started process (PID=12530) to work on /Library/Frameworks/Python.framework/Versions/3.10/lib/python3.10/site-packages/airflow/example_dags/example_bash_operator.py
[2025-04-16T04:25:58.868-0500] {processor.py:914} INFO - Processing file /Library/Frameworks/Python.framework/Versions/3.10/lib/python3.10/site-packages/airflow/example_dags/example_bash_operator.py for tasks to queue
[2025-04-16T04:25:58.868-0500] {logging_mixin.py:190} INFO - [2025-04-16T04:25:58.868-0500] {dagbag.py:588} INFO - Filling up the DagBag from /Library/Frameworks/Python.framework/Versions/3.10/lib/python3.10/site-packages/airflow/example_dags/example_bash_operator.py
[2025-04-16T04:25:58.893-0500] {processor.py:925} INFO - DAG(s) 'example_bash_operator' retrieved from /Library/Frameworks/Python.framework/Versions/3.10/lib/python3.10/site-packages/airflow/example_dags/example_bash_operator.py
[2025-04-16T04:25:58.927-0500] {logging_mixin.py:190} INFO - [2025-04-16T04:25:58.927-0500] {dag.py:3239} INFO - Sync 1 DAGs
[2025-04-16T04:25:58.933-0500] {logging_mixin.py:190} INFO - [2025-04-16T04:25:58.933-0500] {dag.py:4180} INFO - Setting next_dagrun for example_bash_operator to 2025-04-15 00:00:00+00:00, run_after=2025-04-16 00:00:00+00:00
[2025-04-16T04:25:58.939-0500] {processor.py:208} INFO - Processing /Library/Frameworks/Python.framework/Versions/3.10/lib/python3.10/site-packages/airflow/example_dags/example_bash_operator.py took 0.073 seconds
[2025-04-16T06:29:07.564-0500] {processor.py:186} INFO - Started process (PID=12885) to work on /Library/Frameworks/Python.framework/Versions/3.10/lib/python3.10/site-packages/airflow/example_dags/example_bash_operator.py
[2025-04-16T06:29:07.565-0500] {processor.py:914} INFO - Processing file /Library/Frameworks/Python.framework/Versions/3.10/lib/python3.10/site-packages/airflow/example_dags/example_bash_operator.py for tasks to queue
[2025-04-16T06:29:07.565-0500] {logging_mixin.py:190} INFO - [2025-04-16T06:29:07.565-0500] {dagbag.py:588} INFO - Filling up the DagBag from /Library/Frameworks/Python.framework/Versions/3.10/lib/python3.10/site-packages/airflow/example_dags/example_bash_operator.py
[2025-04-16T06:29:07.590-0500] {processor.py:925} INFO - DAG(s) 'example_bash_operator' retrieved from /Library/Frameworks/Python.framework/Versions/3.10/lib/python3.10/site-packages/airflow/example_dags/example_bash_operator.py
[2025-04-16T06:29:07.624-0500] {logging_mixin.py:190} INFO - [2025-04-16T06:29:07.624-0500] {dag.py:3239} INFO - Sync 1 DAGs
[2025-04-16T06:29:07.630-0500] {logging_mixin.py:190} INFO - [2025-04-16T06:29:07.629-0500] {dag.py:4180} INFO - Setting next_dagrun for example_bash_operator to 2025-04-15 00:00:00+00:00, run_after=2025-04-16 00:00:00+00:00
[2025-04-16T06:29:07.635-0500] {processor.py:208} INFO - Processing /Library/Frameworks/Python.framework/Versions/3.10/lib/python3.10/site-packages/airflow/example_dags/example_bash_operator.py took 0.072 seconds
[2025-04-16T09:48:48.226-0500] {processor.py:186} INFO - Started process (PID=13298) to work on /Library/Frameworks/Python.framework/Versions/3.10/lib/python3.10/site-packages/airflow/example_dags/example_bash_operator.py
[2025-04-16T09:48:48.227-0500] {processor.py:914} INFO - Processing file /Library/Frameworks/Python.framework/Versions/3.10/lib/python3.10/site-packages/airflow/example_dags/example_bash_operator.py for tasks to queue
[2025-04-16T09:48:48.228-0500] {logging_mixin.py:190} INFO - [2025-04-16T09:48:48.227-0500] {dagbag.py:588} INFO - Filling up the DagBag from /Library/Frameworks/Python.framework/Versions/3.10/lib/python3.10/site-packages/airflow/example_dags/example_bash_operator.py
[2025-04-16T09:48:48.252-0500] {processor.py:925} INFO - DAG(s) 'example_bash_operator' retrieved from /Library/Frameworks/Python.framework/Versions/3.10/lib/python3.10/site-packages/airflow/example_dags/example_bash_operator.py
[2025-04-16T09:48:48.287-0500] {logging_mixin.py:190} INFO - [2025-04-16T09:48:48.286-0500] {dag.py:3239} INFO - Sync 1 DAGs
[2025-04-16T09:48:48.292-0500] {logging_mixin.py:190} INFO - [2025-04-16T09:48:48.292-0500] {dag.py:4180} INFO - Setting next_dagrun for example_bash_operator to 2025-04-15 00:00:00+00:00, run_after=2025-04-16 00:00:00+00:00
[2025-04-16T09:48:48.297-0500] {processor.py:208} INFO - Processing /Library/Frameworks/Python.framework/Versions/3.10/lib/python3.10/site-packages/airflow/example_dags/example_bash_operator.py took 0.073 seconds
[2025-04-16T10:35:10.242-0500] {processor.py:186} INFO - Started process (PID=13781) to work on /Library/Frameworks/Python.framework/Versions/3.10/lib/python3.10/site-packages/airflow/example_dags/example_bash_operator.py
[2025-04-16T10:35:10.243-0500] {processor.py:914} INFO - Processing file /Library/Frameworks/Python.framework/Versions/3.10/lib/python3.10/site-packages/airflow/example_dags/example_bash_operator.py for tasks to queue
[2025-04-16T10:35:10.243-0500] {logging_mixin.py:190} INFO - [2025-04-16T10:35:10.243-0500] {dagbag.py:588} INFO - Filling up the DagBag from /Library/Frameworks/Python.framework/Versions/3.10/lib/python3.10/site-packages/airflow/example_dags/example_bash_operator.py
[2025-04-16T10:35:10.269-0500] {processor.py:925} INFO - DAG(s) 'example_bash_operator' retrieved from /Library/Frameworks/Python.framework/Versions/3.10/lib/python3.10/site-packages/airflow/example_dags/example_bash_operator.py
[2025-04-16T10:35:10.305-0500] {logging_mixin.py:190} INFO - [2025-04-16T10:35:10.305-0500] {dag.py:3239} INFO - Sync 1 DAGs
[2025-04-16T10:35:10.311-0500] {logging_mixin.py:190} INFO - [2025-04-16T10:35:10.311-0500] {dag.py:4180} INFO - Setting next_dagrun for example_bash_operator to 2025-04-15 00:00:00+00:00, run_after=2025-04-16 00:00:00+00:00
[2025-04-16T10:35:10.316-0500] {processor.py:208} INFO - Processing /Library/Frameworks/Python.framework/Versions/3.10/lib/python3.10/site-packages/airflow/example_dags/example_bash_operator.py took 0.076 seconds
[2025-04-16T10:40:02.159-0500] {processor.py:186} INFO - Started process (PID=14094) to work on /Library/Frameworks/Python.framework/Versions/3.10/lib/python3.10/site-packages/airflow/example_dags/example_bash_operator.py
[2025-04-16T10:40:02.160-0500] {processor.py:914} INFO - Processing file /Library/Frameworks/Python.framework/Versions/3.10/lib/python3.10/site-packages/airflow/example_dags/example_bash_operator.py for tasks to queue
[2025-04-16T10:40:02.161-0500] {logging_mixin.py:190} INFO - [2025-04-16T10:40:02.161-0500] {dagbag.py:588} INFO - Filling up the DagBag from /Library/Frameworks/Python.framework/Versions/3.10/lib/python3.10/site-packages/airflow/example_dags/example_bash_operator.py
[2025-04-16T10:40:02.187-0500] {processor.py:925} INFO - DAG(s) 'example_bash_operator' retrieved from /Library/Frameworks/Python.framework/Versions/3.10/lib/python3.10/site-packages/airflow/example_dags/example_bash_operator.py
[2025-04-16T10:40:02.232-0500] {logging_mixin.py:190} INFO - [2025-04-16T10:40:02.232-0500] {dag.py:3239} INFO - Sync 1 DAGs
[2025-04-16T10:40:02.238-0500] {logging_mixin.py:190} INFO - [2025-04-16T10:40:02.238-0500] {dag.py:4180} INFO - Setting next_dagrun for example_bash_operator to 2025-04-15 00:00:00+00:00, run_after=2025-04-16 00:00:00+00:00
[2025-04-16T10:40:02.243-0500] {processor.py:208} INFO - Processing /Library/Frameworks/Python.framework/Versions/3.10/lib/python3.10/site-packages/airflow/example_dags/example_bash_operator.py took 0.085 seconds
[2025-04-16T10:44:45.056-0500] {processor.py:186} INFO - Started process (PID=14383) to work on /Library/Frameworks/Python.framework/Versions/3.10/lib/python3.10/site-packages/airflow/example_dags/example_bash_operator.py
[2025-04-16T10:44:45.056-0500] {processor.py:914} INFO - Processing file /Library/Frameworks/Python.framework/Versions/3.10/lib/python3.10/site-packages/airflow/example_dags/example_bash_operator.py for tasks to queue
[2025-04-16T10:44:45.057-0500] {logging_mixin.py:190} INFO - [2025-04-16T10:44:45.057-0500] {dagbag.py:588} INFO - Filling up the DagBag from /Library/Frameworks/Python.framework/Versions/3.10/lib/python3.10/site-packages/airflow/example_dags/example_bash_operator.py
[2025-04-16T10:44:45.081-0500] {processor.py:925} INFO - DAG(s) 'example_bash_operator' retrieved from /Library/Frameworks/Python.framework/Versions/3.10/lib/python3.10/site-packages/airflow/example_dags/example_bash_operator.py
[2025-04-16T10:44:45.116-0500] {logging_mixin.py:190} INFO - [2025-04-16T10:44:45.116-0500] {dag.py:3239} INFO - Sync 1 DAGs
[2025-04-16T10:44:45.122-0500] {logging_mixin.py:190} INFO - [2025-04-16T10:44:45.122-0500] {dag.py:4180} INFO - Setting next_dagrun for example_bash_operator to 2025-04-15 00:00:00+00:00, run_after=2025-04-16 00:00:00+00:00
[2025-04-16T10:44:45.127-0500] {processor.py:208} INFO - Processing /Library/Frameworks/Python.framework/Versions/3.10/lib/python3.10/site-packages/airflow/example_dags/example_bash_operator.py took 0.073 seconds
[2025-04-16T10:49:18.965-0500] {processor.py:186} INFO - Started process (PID=14678) to work on /Library/Frameworks/Python.framework/Versions/3.10/lib/python3.10/site-packages/airflow/example_dags/example_bash_operator.py
[2025-04-16T10:49:18.966-0500] {processor.py:914} INFO - Processing file /Library/Frameworks/Python.framework/Versions/3.10/lib/python3.10/site-packages/airflow/example_dags/example_bash_operator.py for tasks to queue
[2025-04-16T10:49:18.966-0500] {logging_mixin.py:190} INFO - [2025-04-16T10:49:18.966-0500] {dagbag.py:588} INFO - Filling up the DagBag from /Library/Frameworks/Python.framework/Versions/3.10/lib/python3.10/site-packages/airflow/example_dags/example_bash_operator.py
[2025-04-16T10:49:18.991-0500] {processor.py:925} INFO - DAG(s) 'example_bash_operator' retrieved from /Library/Frameworks/Python.framework/Versions/3.10/lib/python3.10/site-packages/airflow/example_dags/example_bash_operator.py
[2025-04-16T10:49:19.026-0500] {logging_mixin.py:190} INFO - [2025-04-16T10:49:19.026-0500] {dag.py:3239} INFO - Sync 1 DAGs
[2025-04-16T10:49:19.032-0500] {logging_mixin.py:190} INFO - [2025-04-16T10:49:19.032-0500] {dag.py:4180} INFO - Setting next_dagrun for example_bash_operator to 2025-04-15 00:00:00+00:00, run_after=2025-04-16 00:00:00+00:00
[2025-04-16T10:49:19.037-0500] {processor.py:208} INFO - Processing /Library/Frameworks/Python.framework/Versions/3.10/lib/python3.10/site-packages/airflow/example_dags/example_bash_operator.py took 0.074 seconds
[2025-04-16T10:54:04.525-0500] {processor.py:186} INFO - Started process (PID=14956) to work on /Library/Frameworks/Python.framework/Versions/3.10/lib/python3.10/site-packages/airflow/example_dags/example_bash_operator.py
[2025-04-16T10:54:04.526-0500] {processor.py:914} INFO - Processing file /Library/Frameworks/Python.framework/Versions/3.10/lib/python3.10/site-packages/airflow/example_dags/example_bash_operator.py for tasks to queue
[2025-04-16T10:54:04.526-0500] {logging_mixin.py:190} INFO - [2025-04-16T10:54:04.526-0500] {dagbag.py:588} INFO - Filling up the DagBag from /Library/Frameworks/Python.framework/Versions/3.10/lib/python3.10/site-packages/airflow/example_dags/example_bash_operator.py
[2025-04-16T10:54:04.551-0500] {processor.py:925} INFO - DAG(s) 'example_bash_operator' retrieved from /Library/Frameworks/Python.framework/Versions/3.10/lib/python3.10/site-packages/airflow/example_dags/example_bash_operator.py
[2025-04-16T10:54:04.587-0500] {logging_mixin.py:190} INFO - [2025-04-16T10:54:04.587-0500] {dag.py:3239} INFO - Sync 1 DAGs
[2025-04-16T10:54:04.593-0500] {logging_mixin.py:190} INFO - [2025-04-16T10:54:04.593-0500] {dag.py:4180} INFO - Setting next_dagrun for example_bash_operator to 2025-04-15 00:00:00+00:00, run_after=2025-04-16 00:00:00+00:00
[2025-04-16T10:54:04.598-0500] {processor.py:208} INFO - Processing /Library/Frameworks/Python.framework/Versions/3.10/lib/python3.10/site-packages/airflow/example_dags/example_bash_operator.py took 0.074 seconds
[2025-04-16T10:58:45.525-0500] {processor.py:186} INFO - Started process (PID=15221) to work on /Library/Frameworks/Python.framework/Versions/3.10/lib/python3.10/site-packages/airflow/example_dags/example_bash_operator.py
[2025-04-16T10:58:45.525-0500] {processor.py:914} INFO - Processing file /Library/Frameworks/Python.framework/Versions/3.10/lib/python3.10/site-packages/airflow/example_dags/example_bash_operator.py for tasks to queue
[2025-04-16T10:58:45.526-0500] {logging_mixin.py:190} INFO - [2025-04-16T10:58:45.525-0500] {dagbag.py:588} INFO - Filling up the DagBag from /Library/Frameworks/Python.framework/Versions/3.10/lib/python3.10/site-packages/airflow/example_dags/example_bash_operator.py
[2025-04-16T10:58:45.551-0500] {processor.py:925} INFO - DAG(s) 'example_bash_operator' retrieved from /Library/Frameworks/Python.framework/Versions/3.10/lib/python3.10/site-packages/airflow/example_dags/example_bash_operator.py
[2025-04-16T10:58:45.586-0500] {logging_mixin.py:190} INFO - [2025-04-16T10:58:45.586-0500] {dag.py:3239} INFO - Sync 1 DAGs
[2025-04-16T10:58:45.592-0500] {logging_mixin.py:190} INFO - [2025-04-16T10:58:45.592-0500] {dag.py:4180} INFO - Setting next_dagrun for example_bash_operator to 2025-04-15 00:00:00+00:00, run_after=2025-04-16 00:00:00+00:00
[2025-04-16T10:58:45.598-0500] {processor.py:208} INFO - Processing /Library/Frameworks/Python.framework/Versions/3.10/lib/python3.10/site-packages/airflow/example_dags/example_bash_operator.py took 0.075 seconds
[2025-04-16T11:03:50.480-0500] {processor.py:186} INFO - Started process (PID=15511) to work on /Library/Frameworks/Python.framework/Versions/3.10/lib/python3.10/site-packages/airflow/example_dags/example_bash_operator.py
[2025-04-16T11:03:50.481-0500] {processor.py:914} INFO - Processing file /Library/Frameworks/Python.framework/Versions/3.10/lib/python3.10/site-packages/airflow/example_dags/example_bash_operator.py for tasks to queue
[2025-04-16T11:03:50.481-0500] {logging_mixin.py:190} INFO - [2025-04-16T11:03:50.481-0500] {dagbag.py:588} INFO - Filling up the DagBag from /Library/Frameworks/Python.framework/Versions/3.10/lib/python3.10/site-packages/airflow/example_dags/example_bash_operator.py
[2025-04-16T11:03:50.506-0500] {processor.py:925} INFO - DAG(s) 'example_bash_operator' retrieved from /Library/Frameworks/Python.framework/Versions/3.10/lib/python3.10/site-packages/airflow/example_dags/example_bash_operator.py
[2025-04-16T11:03:50.541-0500] {logging_mixin.py:190} INFO - [2025-04-16T11:03:50.541-0500] {dag.py:3239} INFO - Sync 1 DAGs
[2025-04-16T11:03:50.547-0500] {logging_mixin.py:190} INFO - [2025-04-16T11:03:50.547-0500] {dag.py:4180} INFO - Setting next_dagrun for example_bash_operator to 2025-04-15 00:00:00+00:00, run_after=2025-04-16 00:00:00+00:00
[2025-04-16T11:03:50.552-0500] {processor.py:208} INFO - Processing /Library/Frameworks/Python.framework/Versions/3.10/lib/python3.10/site-packages/airflow/example_dags/example_bash_operator.py took 0.073 seconds
[2025-04-16T11:08:44.279-0500] {processor.py:186} INFO - Started process (PID=15833) to work on /Library/Frameworks/Python.framework/Versions/3.10/lib/python3.10/site-packages/airflow/example_dags/example_bash_operator.py
[2025-04-16T11:08:44.280-0500] {processor.py:914} INFO - Processing file /Library/Frameworks/Python.framework/Versions/3.10/lib/python3.10/site-packages/airflow/example_dags/example_bash_operator.py for tasks to queue
[2025-04-16T11:08:44.280-0500] {logging_mixin.py:190} INFO - [2025-04-16T11:08:44.280-0500] {dagbag.py:588} INFO - Filling up the DagBag from /Library/Frameworks/Python.framework/Versions/3.10/lib/python3.10/site-packages/airflow/example_dags/example_bash_operator.py
[2025-04-16T11:08:44.307-0500] {processor.py:925} INFO - DAG(s) 'example_bash_operator' retrieved from /Library/Frameworks/Python.framework/Versions/3.10/lib/python3.10/site-packages/airflow/example_dags/example_bash_operator.py
[2025-04-16T11:08:44.342-0500] {logging_mixin.py:190} INFO - [2025-04-16T11:08:44.342-0500] {dag.py:3239} INFO - Sync 1 DAGs
[2025-04-16T11:08:44.348-0500] {logging_mixin.py:190} INFO - [2025-04-16T11:08:44.348-0500] {dag.py:4180} INFO - Setting next_dagrun for example_bash_operator to 2025-04-15 00:00:00+00:00, run_after=2025-04-16 00:00:00+00:00
[2025-04-16T11:08:44.354-0500] {processor.py:208} INFO - Processing /Library/Frameworks/Python.framework/Versions/3.10/lib/python3.10/site-packages/airflow/example_dags/example_bash_operator.py took 0.076 seconds
[2025-04-16T11:13:15.127-0500] {processor.py:186} INFO - Started process (PID=16127) to work on /Library/Frameworks/Python.framework/Versions/3.10/lib/python3.10/site-packages/airflow/example_dags/example_bash_operator.py
[2025-04-16T11:13:15.127-0500] {processor.py:914} INFO - Processing file /Library/Frameworks/Python.framework/Versions/3.10/lib/python3.10/site-packages/airflow/example_dags/example_bash_operator.py for tasks to queue
[2025-04-16T11:13:15.127-0500] {logging_mixin.py:190} INFO - [2025-04-16T11:13:15.127-0500] {dagbag.py:588} INFO - Filling up the DagBag from /Library/Frameworks/Python.framework/Versions/3.10/lib/python3.10/site-packages/airflow/example_dags/example_bash_operator.py
[2025-04-16T11:13:15.152-0500] {processor.py:925} INFO - DAG(s) 'example_bash_operator' retrieved from /Library/Frameworks/Python.framework/Versions/3.10/lib/python3.10/site-packages/airflow/example_dags/example_bash_operator.py
[2025-04-16T11:13:15.187-0500] {logging_mixin.py:190} INFO - [2025-04-16T11:13:15.187-0500] {dag.py:3239} INFO - Sync 1 DAGs
[2025-04-16T11:13:15.193-0500] {logging_mixin.py:190} INFO - [2025-04-16T11:13:15.193-0500] {dag.py:4180} INFO - Setting next_dagrun for example_bash_operator to 2025-04-15 00:00:00+00:00, run_after=2025-04-16 00:00:00+00:00
[2025-04-16T11:13:15.198-0500] {processor.py:208} INFO - Processing /Library/Frameworks/Python.framework/Versions/3.10/lib/python3.10/site-packages/airflow/example_dags/example_bash_operator.py took 0.073 seconds
[2025-04-16T11:17:41.114-0500] {processor.py:186} INFO - Started process (PID=16428) to work on /Library/Frameworks/Python.framework/Versions/3.10/lib/python3.10/site-packages/airflow/example_dags/example_bash_operator.py
[2025-04-16T11:17:41.114-0500] {processor.py:914} INFO - Processing file /Library/Frameworks/Python.framework/Versions/3.10/lib/python3.10/site-packages/airflow/example_dags/example_bash_operator.py for tasks to queue
[2025-04-16T11:17:41.115-0500] {logging_mixin.py:190} INFO - [2025-04-16T11:17:41.115-0500] {dagbag.py:588} INFO - Filling up the DagBag from /Library/Frameworks/Python.framework/Versions/3.10/lib/python3.10/site-packages/airflow/example_dags/example_bash_operator.py
[2025-04-16T11:17:41.139-0500] {processor.py:925} INFO - DAG(s) 'example_bash_operator' retrieved from /Library/Frameworks/Python.framework/Versions/3.10/lib/python3.10/site-packages/airflow/example_dags/example_bash_operator.py
[2025-04-16T11:17:41.174-0500] {logging_mixin.py:190} INFO - [2025-04-16T11:17:41.174-0500] {dag.py:3239} INFO - Sync 1 DAGs
[2025-04-16T11:17:41.180-0500] {logging_mixin.py:190} INFO - [2025-04-16T11:17:41.179-0500] {dag.py:4180} INFO - Setting next_dagrun for example_bash_operator to 2025-04-15 00:00:00+00:00, run_after=2025-04-16 00:00:00+00:00
[2025-04-16T11:17:41.185-0500] {processor.py:208} INFO - Processing /Library/Frameworks/Python.framework/Versions/3.10/lib/python3.10/site-packages/airflow/example_dags/example_bash_operator.py took 0.073 seconds
[2025-04-16T11:22:20.619-0500] {processor.py:186} INFO - Started process (PID=16712) to work on /Library/Frameworks/Python.framework/Versions/3.10/lib/python3.10/site-packages/airflow/example_dags/example_bash_operator.py
[2025-04-16T11:22:20.619-0500] {processor.py:914} INFO - Processing file /Library/Frameworks/Python.framework/Versions/3.10/lib/python3.10/site-packages/airflow/example_dags/example_bash_operator.py for tasks to queue
[2025-04-16T11:22:20.620-0500] {logging_mixin.py:190} INFO - [2025-04-16T11:22:20.619-0500] {dagbag.py:588} INFO - Filling up the DagBag from /Library/Frameworks/Python.framework/Versions/3.10/lib/python3.10/site-packages/airflow/example_dags/example_bash_operator.py
[2025-04-16T11:22:20.645-0500] {processor.py:925} INFO - DAG(s) 'example_bash_operator' retrieved from /Library/Frameworks/Python.framework/Versions/3.10/lib/python3.10/site-packages/airflow/example_dags/example_bash_operator.py
[2025-04-16T11:22:20.679-0500] {logging_mixin.py:190} INFO - [2025-04-16T11:22:20.679-0500] {dag.py:3239} INFO - Sync 1 DAGs
[2025-04-16T11:22:20.685-0500] {logging_mixin.py:190} INFO - [2025-04-16T11:22:20.685-0500] {dag.py:4180} INFO - Setting next_dagrun for example_bash_operator to 2025-04-15 00:00:00+00:00, run_after=2025-04-16 00:00:00+00:00
[2025-04-16T11:22:20.690-0500] {processor.py:208} INFO - Processing /Library/Frameworks/Python.framework/Versions/3.10/lib/python3.10/site-packages/airflow/example_dags/example_bash_operator.py took 0.073 seconds
[2025-04-16T11:26:55.731-0500] {processor.py:186} INFO - Started process (PID=17042) to work on /Library/Frameworks/Python.framework/Versions/3.10/lib/python3.10/site-packages/airflow/example_dags/example_bash_operator.py
[2025-04-16T11:26:55.732-0500] {processor.py:914} INFO - Processing file /Library/Frameworks/Python.framework/Versions/3.10/lib/python3.10/site-packages/airflow/example_dags/example_bash_operator.py for tasks to queue
[2025-04-16T11:26:55.732-0500] {logging_mixin.py:190} INFO - [2025-04-16T11:26:55.732-0500] {dagbag.py:588} INFO - Filling up the DagBag from /Library/Frameworks/Python.framework/Versions/3.10/lib/python3.10/site-packages/airflow/example_dags/example_bash_operator.py
[2025-04-16T11:26:55.757-0500] {processor.py:925} INFO - DAG(s) 'example_bash_operator' retrieved from /Library/Frameworks/Python.framework/Versions/3.10/lib/python3.10/site-packages/airflow/example_dags/example_bash_operator.py
[2025-04-16T11:26:55.793-0500] {logging_mixin.py:190} INFO - [2025-04-16T11:26:55.793-0500] {dag.py:3239} INFO - Sync 1 DAGs
[2025-04-16T11:26:55.799-0500] {logging_mixin.py:190} INFO - [2025-04-16T11:26:55.799-0500] {dag.py:4180} INFO - Setting next_dagrun for example_bash_operator to 2025-04-15 00:00:00+00:00, run_after=2025-04-16 00:00:00+00:00
[2025-04-16T11:26:55.804-0500] {processor.py:208} INFO - Processing /Library/Frameworks/Python.framework/Versions/3.10/lib/python3.10/site-packages/airflow/example_dags/example_bash_operator.py took 0.075 seconds
[2025-04-16T11:31:21.373-0500] {processor.py:186} INFO - Started process (PID=17336) to work on /Library/Frameworks/Python.framework/Versions/3.10/lib/python3.10/site-packages/airflow/example_dags/example_bash_operator.py
[2025-04-16T11:31:21.373-0500] {processor.py:914} INFO - Processing file /Library/Frameworks/Python.framework/Versions/3.10/lib/python3.10/site-packages/airflow/example_dags/example_bash_operator.py for tasks to queue
[2025-04-16T11:31:21.374-0500] {logging_mixin.py:190} INFO - [2025-04-16T11:31:21.373-0500] {dagbag.py:588} INFO - Filling up the DagBag from /Library/Frameworks/Python.framework/Versions/3.10/lib/python3.10/site-packages/airflow/example_dags/example_bash_operator.py
[2025-04-16T11:31:21.398-0500] {processor.py:925} INFO - DAG(s) 'example_bash_operator' retrieved from /Library/Frameworks/Python.framework/Versions/3.10/lib/python3.10/site-packages/airflow/example_dags/example_bash_operator.py
[2025-04-16T11:31:21.432-0500] {logging_mixin.py:190} INFO - [2025-04-16T11:31:21.432-0500] {dag.py:3239} INFO - Sync 1 DAGs
[2025-04-16T11:31:21.438-0500] {logging_mixin.py:190} INFO - [2025-04-16T11:31:21.438-0500] {dag.py:4180} INFO - Setting next_dagrun for example_bash_operator to 2025-04-15 00:00:00+00:00, run_after=2025-04-16 00:00:00+00:00
[2025-04-16T11:31:21.444-0500] {processor.py:208} INFO - Processing /Library/Frameworks/Python.framework/Versions/3.10/lib/python3.10/site-packages/airflow/example_dags/example_bash_operator.py took 0.073 seconds
[2025-04-16T11:51:49.048-0500] {processor.py:186} INFO - Started process (PID=17693) to work on /Library/Frameworks/Python.framework/Versions/3.10/lib/python3.10/site-packages/airflow/example_dags/example_bash_operator.py
[2025-04-16T11:51:49.049-0500] {processor.py:914} INFO - Processing file /Library/Frameworks/Python.framework/Versions/3.10/lib/python3.10/site-packages/airflow/example_dags/example_bash_operator.py for tasks to queue
[2025-04-16T11:51:49.049-0500] {logging_mixin.py:190} INFO - [2025-04-16T11:51:49.049-0500] {dagbag.py:588} INFO - Filling up the DagBag from /Library/Frameworks/Python.framework/Versions/3.10/lib/python3.10/site-packages/airflow/example_dags/example_bash_operator.py
[2025-04-16T11:51:49.074-0500] {processor.py:925} INFO - DAG(s) 'example_bash_operator' retrieved from /Library/Frameworks/Python.framework/Versions/3.10/lib/python3.10/site-packages/airflow/example_dags/example_bash_operator.py
[2025-04-16T11:51:49.109-0500] {logging_mixin.py:190} INFO - [2025-04-16T11:51:49.109-0500] {dag.py:3239} INFO - Sync 1 DAGs
[2025-04-16T11:51:49.115-0500] {logging_mixin.py:190} INFO - [2025-04-16T11:51:49.115-0500] {dag.py:4180} INFO - Setting next_dagrun for example_bash_operator to 2025-04-15 00:00:00+00:00, run_after=2025-04-16 00:00:00+00:00
[2025-04-16T11:51:49.121-0500] {processor.py:208} INFO - Processing /Library/Frameworks/Python.framework/Versions/3.10/lib/python3.10/site-packages/airflow/example_dags/example_bash_operator.py took 0.074 seconds
[2025-04-16T11:56:13.532-0500] {processor.py:186} INFO - Started process (PID=18054) to work on /Library/Frameworks/Python.framework/Versions/3.10/lib/python3.10/site-packages/airflow/example_dags/example_bash_operator.py
[2025-04-16T11:56:13.533-0500] {processor.py:914} INFO - Processing file /Library/Frameworks/Python.framework/Versions/3.10/lib/python3.10/site-packages/airflow/example_dags/example_bash_operator.py for tasks to queue
[2025-04-16T11:56:13.533-0500] {logging_mixin.py:190} INFO - [2025-04-16T11:56:13.533-0500] {dagbag.py:588} INFO - Filling up the DagBag from /Library/Frameworks/Python.framework/Versions/3.10/lib/python3.10/site-packages/airflow/example_dags/example_bash_operator.py
[2025-04-16T11:56:13.558-0500] {processor.py:925} INFO - DAG(s) 'example_bash_operator' retrieved from /Library/Frameworks/Python.framework/Versions/3.10/lib/python3.10/site-packages/airflow/example_dags/example_bash_operator.py
[2025-04-16T11:56:13.592-0500] {logging_mixin.py:190} INFO - [2025-04-16T11:56:13.592-0500] {dag.py:3239} INFO - Sync 1 DAGs
[2025-04-16T11:56:13.598-0500] {logging_mixin.py:190} INFO - [2025-04-16T11:56:13.598-0500] {dag.py:4180} INFO - Setting next_dagrun for example_bash_operator to 2025-04-15 00:00:00+00:00, run_after=2025-04-16 00:00:00+00:00
[2025-04-16T11:56:13.603-0500] {processor.py:208} INFO - Processing /Library/Frameworks/Python.framework/Versions/3.10/lib/python3.10/site-packages/airflow/example_dags/example_bash_operator.py took 0.073 seconds
[2025-04-16T12:00:52.378-0500] {processor.py:186} INFO - Started process (PID=18393) to work on /Library/Frameworks/Python.framework/Versions/3.10/lib/python3.10/site-packages/airflow/example_dags/example_bash_operator.py
[2025-04-16T12:00:52.379-0500] {processor.py:914} INFO - Processing file /Library/Frameworks/Python.framework/Versions/3.10/lib/python3.10/site-packages/airflow/example_dags/example_bash_operator.py for tasks to queue
[2025-04-16T12:00:52.379-0500] {logging_mixin.py:190} INFO - [2025-04-16T12:00:52.379-0500] {dagbag.py:588} INFO - Filling up the DagBag from /Library/Frameworks/Python.framework/Versions/3.10/lib/python3.10/site-packages/airflow/example_dags/example_bash_operator.py
[2025-04-16T12:00:52.404-0500] {processor.py:925} INFO - DAG(s) 'example_bash_operator' retrieved from /Library/Frameworks/Python.framework/Versions/3.10/lib/python3.10/site-packages/airflow/example_dags/example_bash_operator.py
[2025-04-16T12:00:52.439-0500] {logging_mixin.py:190} INFO - [2025-04-16T12:00:52.439-0500] {dag.py:3239} INFO - Sync 1 DAGs
[2025-04-16T12:00:52.445-0500] {logging_mixin.py:190} INFO - [2025-04-16T12:00:52.445-0500] {dag.py:4180} INFO - Setting next_dagrun for example_bash_operator to 2025-04-15 00:00:00+00:00, run_after=2025-04-16 00:00:00+00:00
[2025-04-16T12:00:52.457-0500] {processor.py:208} INFO - Processing /Library/Frameworks/Python.framework/Versions/3.10/lib/python3.10/site-packages/airflow/example_dags/example_bash_operator.py took 0.080 seconds
[2025-04-16T12:05:08.890-0500] {processor.py:186} INFO - Started process (PID=18729) to work on /Library/Frameworks/Python.framework/Versions/3.10/lib/python3.10/site-packages/airflow/example_dags/example_bash_operator.py
[2025-04-16T12:05:08.890-0500] {processor.py:914} INFO - Processing file /Library/Frameworks/Python.framework/Versions/3.10/lib/python3.10/site-packages/airflow/example_dags/example_bash_operator.py for tasks to queue
[2025-04-16T12:05:08.891-0500] {logging_mixin.py:190} INFO - [2025-04-16T12:05:08.891-0500] {dagbag.py:588} INFO - Filling up the DagBag from /Library/Frameworks/Python.framework/Versions/3.10/lib/python3.10/site-packages/airflow/example_dags/example_bash_operator.py
[2025-04-16T12:05:08.916-0500] {processor.py:925} INFO - DAG(s) 'example_bash_operator' retrieved from /Library/Frameworks/Python.framework/Versions/3.10/lib/python3.10/site-packages/airflow/example_dags/example_bash_operator.py
[2025-04-16T12:05:08.952-0500] {logging_mixin.py:190} INFO - [2025-04-16T12:05:08.952-0500] {dag.py:3239} INFO - Sync 1 DAGs
[2025-04-16T12:05:08.958-0500] {logging_mixin.py:190} INFO - [2025-04-16T12:05:08.958-0500] {dag.py:4180} INFO - Setting next_dagrun for example_bash_operator to 2025-04-15 00:00:00+00:00, run_after=2025-04-16 00:00:00+00:00
[2025-04-16T12:05:08.963-0500] {processor.py:208} INFO - Processing /Library/Frameworks/Python.framework/Versions/3.10/lib/python3.10/site-packages/airflow/example_dags/example_bash_operator.py took 0.075 seconds
[2025-04-16T12:09:32.817-0500] {processor.py:186} INFO - Started process (PID=19038) to work on /Library/Frameworks/Python.framework/Versions/3.10/lib/python3.10/site-packages/airflow/example_dags/example_bash_operator.py
[2025-04-16T12:09:32.818-0500] {processor.py:914} INFO - Processing file /Library/Frameworks/Python.framework/Versions/3.10/lib/python3.10/site-packages/airflow/example_dags/example_bash_operator.py for tasks to queue
[2025-04-16T12:09:32.818-0500] {logging_mixin.py:190} INFO - [2025-04-16T12:09:32.818-0500] {dagbag.py:588} INFO - Filling up the DagBag from /Library/Frameworks/Python.framework/Versions/3.10/lib/python3.10/site-packages/airflow/example_dags/example_bash_operator.py
[2025-04-16T12:09:32.844-0500] {processor.py:925} INFO - DAG(s) 'example_bash_operator' retrieved from /Library/Frameworks/Python.framework/Versions/3.10/lib/python3.10/site-packages/airflow/example_dags/example_bash_operator.py
[2025-04-16T12:09:32.880-0500] {logging_mixin.py:190} INFO - [2025-04-16T12:09:32.880-0500] {dag.py:3239} INFO - Sync 1 DAGs
[2025-04-16T12:09:32.888-0500] {logging_mixin.py:190} INFO - [2025-04-16T12:09:32.888-0500] {dag.py:4180} INFO - Setting next_dagrun for example_bash_operator to 2025-04-15 00:00:00+00:00, run_after=2025-04-16 00:00:00+00:00
[2025-04-16T12:09:32.894-0500] {processor.py:208} INFO - Processing /Library/Frameworks/Python.framework/Versions/3.10/lib/python3.10/site-packages/airflow/example_dags/example_bash_operator.py took 0.079 seconds
[2025-04-16T12:29:49.651-0500] {processor.py:186} INFO - Started process (PID=19380) to work on /Library/Frameworks/Python.framework/Versions/3.10/lib/python3.10/site-packages/airflow/example_dags/example_bash_operator.py
[2025-04-16T12:29:49.652-0500] {processor.py:914} INFO - Processing file /Library/Frameworks/Python.framework/Versions/3.10/lib/python3.10/site-packages/airflow/example_dags/example_bash_operator.py for tasks to queue
[2025-04-16T12:29:49.652-0500] {logging_mixin.py:190} INFO - [2025-04-16T12:29:49.652-0500] {dagbag.py:588} INFO - Filling up the DagBag from /Library/Frameworks/Python.framework/Versions/3.10/lib/python3.10/site-packages/airflow/example_dags/example_bash_operator.py
[2025-04-16T12:29:49.677-0500] {processor.py:925} INFO - DAG(s) 'example_bash_operator' retrieved from /Library/Frameworks/Python.framework/Versions/3.10/lib/python3.10/site-packages/airflow/example_dags/example_bash_operator.py
[2025-04-16T12:29:49.713-0500] {logging_mixin.py:190} INFO - [2025-04-16T12:29:49.713-0500] {dag.py:3239} INFO - Sync 1 DAGs
[2025-04-16T12:29:49.719-0500] {logging_mixin.py:190} INFO - [2025-04-16T12:29:49.719-0500] {dag.py:4180} INFO - Setting next_dagrun for example_bash_operator to 2025-04-15 00:00:00+00:00, run_after=2025-04-16 00:00:00+00:00
[2025-04-16T12:29:49.725-0500] {processor.py:208} INFO - Processing /Library/Frameworks/Python.framework/Versions/3.10/lib/python3.10/site-packages/airflow/example_dags/example_bash_operator.py took 0.075 seconds
[2025-04-16T12:50:29.472-0500] {processor.py:186} INFO - Started process (PID=19729) to work on /Library/Frameworks/Python.framework/Versions/3.10/lib/python3.10/site-packages/airflow/example_dags/example_bash_operator.py
[2025-04-16T12:50:29.472-0500] {processor.py:914} INFO - Processing file /Library/Frameworks/Python.framework/Versions/3.10/lib/python3.10/site-packages/airflow/example_dags/example_bash_operator.py for tasks to queue
[2025-04-16T12:50:29.473-0500] {logging_mixin.py:190} INFO - [2025-04-16T12:50:29.473-0500] {dagbag.py:588} INFO - Filling up the DagBag from /Library/Frameworks/Python.framework/Versions/3.10/lib/python3.10/site-packages/airflow/example_dags/example_bash_operator.py
[2025-04-16T12:50:29.497-0500] {processor.py:925} INFO - DAG(s) 'example_bash_operator' retrieved from /Library/Frameworks/Python.framework/Versions/3.10/lib/python3.10/site-packages/airflow/example_dags/example_bash_operator.py
[2025-04-16T12:50:29.532-0500] {logging_mixin.py:190} INFO - [2025-04-16T12:50:29.532-0500] {dag.py:3239} INFO - Sync 1 DAGs
[2025-04-16T12:50:29.538-0500] {logging_mixin.py:190} INFO - [2025-04-16T12:50:29.538-0500] {dag.py:4180} INFO - Setting next_dagrun for example_bash_operator to 2025-04-15 00:00:00+00:00, run_after=2025-04-16 00:00:00+00:00
[2025-04-16T12:50:29.543-0500] {processor.py:208} INFO - Processing /Library/Frameworks/Python.framework/Versions/3.10/lib/python3.10/site-packages/airflow/example_dags/example_bash_operator.py took 0.073 seconds
[2025-04-16T12:55:27.476-0500] {processor.py:186} INFO - Started process (PID=20099) to work on /Library/Frameworks/Python.framework/Versions/3.10/lib/python3.10/site-packages/airflow/example_dags/example_bash_operator.py
[2025-04-16T12:55:27.477-0500] {processor.py:914} INFO - Processing file /Library/Frameworks/Python.framework/Versions/3.10/lib/python3.10/site-packages/airflow/example_dags/example_bash_operator.py for tasks to queue
[2025-04-16T12:55:27.477-0500] {logging_mixin.py:190} INFO - [2025-04-16T12:55:27.477-0500] {dagbag.py:588} INFO - Filling up the DagBag from /Library/Frameworks/Python.framework/Versions/3.10/lib/python3.10/site-packages/airflow/example_dags/example_bash_operator.py
[2025-04-16T12:55:27.503-0500] {processor.py:925} INFO - DAG(s) 'example_bash_operator' retrieved from /Library/Frameworks/Python.framework/Versions/3.10/lib/python3.10/site-packages/airflow/example_dags/example_bash_operator.py
[2025-04-16T12:55:27.539-0500] {logging_mixin.py:190} INFO - [2025-04-16T12:55:27.539-0500] {dag.py:3239} INFO - Sync 1 DAGs
[2025-04-16T12:55:27.545-0500] {logging_mixin.py:190} INFO - [2025-04-16T12:55:27.545-0500] {dag.py:4180} INFO - Setting next_dagrun for example_bash_operator to 2025-04-15 00:00:00+00:00, run_after=2025-04-16 00:00:00+00:00
[2025-04-16T12:55:27.551-0500] {processor.py:208} INFO - Processing /Library/Frameworks/Python.framework/Versions/3.10/lib/python3.10/site-packages/airflow/example_dags/example_bash_operator.py took 0.076 seconds
[2025-04-16T13:00:30.987-0500] {processor.py:186} INFO - Started process (PID=20458) to work on /Library/Frameworks/Python.framework/Versions/3.10/lib/python3.10/site-packages/airflow/example_dags/example_bash_operator.py
[2025-04-16T13:00:30.987-0500] {processor.py:914} INFO - Processing file /Library/Frameworks/Python.framework/Versions/3.10/lib/python3.10/site-packages/airflow/example_dags/example_bash_operator.py for tasks to queue
[2025-04-16T13:00:30.988-0500] {logging_mixin.py:190} INFO - [2025-04-16T13:00:30.987-0500] {dagbag.py:588} INFO - Filling up the DagBag from /Library/Frameworks/Python.framework/Versions/3.10/lib/python3.10/site-packages/airflow/example_dags/example_bash_operator.py
[2025-04-16T13:00:31.014-0500] {processor.py:925} INFO - DAG(s) 'example_bash_operator' retrieved from /Library/Frameworks/Python.framework/Versions/3.10/lib/python3.10/site-packages/airflow/example_dags/example_bash_operator.py
[2025-04-16T13:00:31.048-0500] {logging_mixin.py:190} INFO - [2025-04-16T13:00:31.048-0500] {dag.py:3239} INFO - Sync 1 DAGs
[2025-04-16T13:00:31.054-0500] {logging_mixin.py:190} INFO - [2025-04-16T13:00:31.054-0500] {dag.py:4180} INFO - Setting next_dagrun for example_bash_operator to 2025-04-15 00:00:00+00:00, run_after=2025-04-16 00:00:00+00:00
[2025-04-16T13:00:31.059-0500] {processor.py:208} INFO - Processing /Library/Frameworks/Python.framework/Versions/3.10/lib/python3.10/site-packages/airflow/example_dags/example_bash_operator.py took 0.074 seconds
[2025-04-16T13:08:55.800-0500] {processor.py:186} INFO - Started process (PID=20807) to work on /Library/Frameworks/Python.framework/Versions/3.10/lib/python3.10/site-packages/airflow/example_dags/example_bash_operator.py
[2025-04-16T13:08:55.800-0500] {processor.py:914} INFO - Processing file /Library/Frameworks/Python.framework/Versions/3.10/lib/python3.10/site-packages/airflow/example_dags/example_bash_operator.py for tasks to queue
[2025-04-16T13:08:55.801-0500] {logging_mixin.py:190} INFO - [2025-04-16T13:08:55.801-0500] {dagbag.py:588} INFO - Filling up the DagBag from /Library/Frameworks/Python.framework/Versions/3.10/lib/python3.10/site-packages/airflow/example_dags/example_bash_operator.py
[2025-04-16T13:08:55.826-0500] {processor.py:925} INFO - DAG(s) 'example_bash_operator' retrieved from /Library/Frameworks/Python.framework/Versions/3.10/lib/python3.10/site-packages/airflow/example_dags/example_bash_operator.py
[2025-04-16T13:08:55.862-0500] {logging_mixin.py:190} INFO - [2025-04-16T13:08:55.862-0500] {dag.py:3239} INFO - Sync 1 DAGs
[2025-04-16T13:08:55.868-0500] {logging_mixin.py:190} INFO - [2025-04-16T13:08:55.868-0500] {dag.py:4180} INFO - Setting next_dagrun for example_bash_operator to 2025-04-15 00:00:00+00:00, run_after=2025-04-16 00:00:00+00:00
[2025-04-16T13:08:55.873-0500] {processor.py:208} INFO - Processing /Library/Frameworks/Python.framework/Versions/3.10/lib/python3.10/site-packages/airflow/example_dags/example_bash_operator.py took 0.075 seconds
[2025-04-16T13:13:44.046-0500] {processor.py:186} INFO - Started process (PID=21128) to work on /Library/Frameworks/Python.framework/Versions/3.10/lib/python3.10/site-packages/airflow/example_dags/example_bash_operator.py
[2025-04-16T13:13:44.047-0500] {processor.py:914} INFO - Processing file /Library/Frameworks/Python.framework/Versions/3.10/lib/python3.10/site-packages/airflow/example_dags/example_bash_operator.py for tasks to queue
[2025-04-16T13:13:44.047-0500] {logging_mixin.py:190} INFO - [2025-04-16T13:13:44.047-0500] {dagbag.py:588} INFO - Filling up the DagBag from /Library/Frameworks/Python.framework/Versions/3.10/lib/python3.10/site-packages/airflow/example_dags/example_bash_operator.py
[2025-04-16T13:13:44.071-0500] {processor.py:925} INFO - DAG(s) 'example_bash_operator' retrieved from /Library/Frameworks/Python.framework/Versions/3.10/lib/python3.10/site-packages/airflow/example_dags/example_bash_operator.py
[2025-04-16T13:13:44.105-0500] {logging_mixin.py:190} INFO - [2025-04-16T13:13:44.105-0500] {dag.py:3239} INFO - Sync 1 DAGs
[2025-04-16T13:13:44.111-0500] {logging_mixin.py:190} INFO - [2025-04-16T13:13:44.111-0500] {dag.py:4180} INFO - Setting next_dagrun for example_bash_operator to 2025-04-15 00:00:00+00:00, run_after=2025-04-16 00:00:00+00:00
[2025-04-16T13:13:44.116-0500] {processor.py:208} INFO - Processing /Library/Frameworks/Python.framework/Versions/3.10/lib/python3.10/site-packages/airflow/example_dags/example_bash_operator.py took 0.072 seconds
[2025-04-16T13:18:16.362-0500] {processor.py:186} INFO - Started process (PID=21406) to work on /Library/Frameworks/Python.framework/Versions/3.10/lib/python3.10/site-packages/airflow/example_dags/example_bash_operator.py
[2025-04-16T13:18:16.362-0500] {processor.py:914} INFO - Processing file /Library/Frameworks/Python.framework/Versions/3.10/lib/python3.10/site-packages/airflow/example_dags/example_bash_operator.py for tasks to queue
[2025-04-16T13:18:16.363-0500] {logging_mixin.py:190} INFO - [2025-04-16T13:18:16.363-0500] {dagbag.py:588} INFO - Filling up the DagBag from /Library/Frameworks/Python.framework/Versions/3.10/lib/python3.10/site-packages/airflow/example_dags/example_bash_operator.py
[2025-04-16T13:18:16.392-0500] {processor.py:925} INFO - DAG(s) 'example_bash_operator' retrieved from /Library/Frameworks/Python.framework/Versions/3.10/lib/python3.10/site-packages/airflow/example_dags/example_bash_operator.py
[2025-04-16T13:18:16.428-0500] {logging_mixin.py:190} INFO - [2025-04-16T13:18:16.428-0500] {dag.py:3239} INFO - Sync 1 DAGs
[2025-04-16T13:18:16.434-0500] {logging_mixin.py:190} INFO - [2025-04-16T13:18:16.434-0500] {dag.py:4180} INFO - Setting next_dagrun for example_bash_operator to 2025-04-15 00:00:00+00:00, run_after=2025-04-16 00:00:00+00:00
[2025-04-16T13:18:16.440-0500] {processor.py:208} INFO - Processing /Library/Frameworks/Python.framework/Versions/3.10/lib/python3.10/site-packages/airflow/example_dags/example_bash_operator.py took 0.080 seconds
[2025-04-16T13:22:55.569-0500] {processor.py:186} INFO - Started process (PID=21719) to work on /Library/Frameworks/Python.framework/Versions/3.10/lib/python3.10/site-packages/airflow/example_dags/example_bash_operator.py
[2025-04-16T13:22:55.569-0500] {processor.py:914} INFO - Processing file /Library/Frameworks/Python.framework/Versions/3.10/lib/python3.10/site-packages/airflow/example_dags/example_bash_operator.py for tasks to queue
[2025-04-16T13:22:55.569-0500] {logging_mixin.py:190} INFO - [2025-04-16T13:22:55.569-0500] {dagbag.py:588} INFO - Filling up the DagBag from /Library/Frameworks/Python.framework/Versions/3.10/lib/python3.10/site-packages/airflow/example_dags/example_bash_operator.py
[2025-04-16T13:22:55.595-0500] {processor.py:925} INFO - DAG(s) 'example_bash_operator' retrieved from /Library/Frameworks/Python.framework/Versions/3.10/lib/python3.10/site-packages/airflow/example_dags/example_bash_operator.py
[2025-04-16T13:22:55.630-0500] {logging_mixin.py:190} INFO - [2025-04-16T13:22:55.630-0500] {dag.py:3239} INFO - Sync 1 DAGs
[2025-04-16T13:22:55.636-0500] {logging_mixin.py:190} INFO - [2025-04-16T13:22:55.636-0500] {dag.py:4180} INFO - Setting next_dagrun for example_bash_operator to 2025-04-15 00:00:00+00:00, run_after=2025-04-16 00:00:00+00:00
[2025-04-16T13:22:55.641-0500] {processor.py:208} INFO - Processing /Library/Frameworks/Python.framework/Versions/3.10/lib/python3.10/site-packages/airflow/example_dags/example_bash_operator.py took 0.074 seconds
[2025-04-16T13:27:35.639-0500] {processor.py:186} INFO - Started process (PID=22080) to work on /Library/Frameworks/Python.framework/Versions/3.10/lib/python3.10/site-packages/airflow/example_dags/example_bash_operator.py
[2025-04-16T13:27:35.639-0500] {processor.py:914} INFO - Processing file /Library/Frameworks/Python.framework/Versions/3.10/lib/python3.10/site-packages/airflow/example_dags/example_bash_operator.py for tasks to queue
[2025-04-16T13:27:35.640-0500] {logging_mixin.py:190} INFO - [2025-04-16T13:27:35.640-0500] {dagbag.py:588} INFO - Filling up the DagBag from /Library/Frameworks/Python.framework/Versions/3.10/lib/python3.10/site-packages/airflow/example_dags/example_bash_operator.py
[2025-04-16T13:27:35.664-0500] {processor.py:925} INFO - DAG(s) 'example_bash_operator' retrieved from /Library/Frameworks/Python.framework/Versions/3.10/lib/python3.10/site-packages/airflow/example_dags/example_bash_operator.py
[2025-04-16T13:27:35.699-0500] {logging_mixin.py:190} INFO - [2025-04-16T13:27:35.699-0500] {dag.py:3239} INFO - Sync 1 DAGs
[2025-04-16T13:27:35.705-0500] {logging_mixin.py:190} INFO - [2025-04-16T13:27:35.705-0500] {dag.py:4180} INFO - Setting next_dagrun for example_bash_operator to 2025-04-15 00:00:00+00:00, run_after=2025-04-16 00:00:00+00:00
[2025-04-16T13:27:35.710-0500] {processor.py:208} INFO - Processing /Library/Frameworks/Python.framework/Versions/3.10/lib/python3.10/site-packages/airflow/example_dags/example_bash_operator.py took 0.073 seconds
[2025-04-16T13:40:38.578-0500] {processor.py:186} INFO - Started process (PID=22600) to work on /Library/Frameworks/Python.framework/Versions/3.10/lib/python3.10/site-packages/airflow/example_dags/example_bash_operator.py
[2025-04-16T13:40:38.579-0500] {processor.py:914} INFO - Processing file /Library/Frameworks/Python.framework/Versions/3.10/lib/python3.10/site-packages/airflow/example_dags/example_bash_operator.py for tasks to queue
[2025-04-16T13:40:38.579-0500] {logging_mixin.py:190} INFO - [2025-04-16T13:40:38.579-0500] {dagbag.py:588} INFO - Filling up the DagBag from /Library/Frameworks/Python.framework/Versions/3.10/lib/python3.10/site-packages/airflow/example_dags/example_bash_operator.py
[2025-04-16T13:40:38.608-0500] {processor.py:925} INFO - DAG(s) 'example_bash_operator' retrieved from /Library/Frameworks/Python.framework/Versions/3.10/lib/python3.10/site-packages/airflow/example_dags/example_bash_operator.py
[2025-04-16T13:40:38.643-0500] {logging_mixin.py:190} INFO - [2025-04-16T13:40:38.643-0500] {dag.py:3239} INFO - Sync 1 DAGs
[2025-04-16T13:40:38.649-0500] {logging_mixin.py:190} INFO - [2025-04-16T13:40:38.649-0500] {dag.py:4180} INFO - Setting next_dagrun for example_bash_operator to 2025-04-15 00:00:00+00:00, run_after=2025-04-16 00:00:00+00:00
[2025-04-16T13:40:38.654-0500] {processor.py:208} INFO - Processing /Library/Frameworks/Python.framework/Versions/3.10/lib/python3.10/site-packages/airflow/example_dags/example_bash_operator.py took 0.078 seconds
[2025-04-16T13:45:39.844-0500] {processor.py:186} INFO - Started process (PID=23035) to work on /Library/Frameworks/Python.framework/Versions/3.10/lib/python3.10/site-packages/airflow/example_dags/example_bash_operator.py
[2025-04-16T13:45:39.845-0500] {processor.py:914} INFO - Processing file /Library/Frameworks/Python.framework/Versions/3.10/lib/python3.10/site-packages/airflow/example_dags/example_bash_operator.py for tasks to queue
[2025-04-16T13:45:39.845-0500] {logging_mixin.py:190} INFO - [2025-04-16T13:45:39.845-0500] {dagbag.py:588} INFO - Filling up the DagBag from /Library/Frameworks/Python.framework/Versions/3.10/lib/python3.10/site-packages/airflow/example_dags/example_bash_operator.py
[2025-04-16T13:45:39.870-0500] {processor.py:925} INFO - DAG(s) 'example_bash_operator' retrieved from /Library/Frameworks/Python.framework/Versions/3.10/lib/python3.10/site-packages/airflow/example_dags/example_bash_operator.py
[2025-04-16T13:45:39.905-0500] {logging_mixin.py:190} INFO - [2025-04-16T13:45:39.905-0500] {dag.py:3239} INFO - Sync 1 DAGs
[2025-04-16T13:45:39.912-0500] {logging_mixin.py:190} INFO - [2025-04-16T13:45:39.912-0500] {dag.py:4180} INFO - Setting next_dagrun for example_bash_operator to 2025-04-15 00:00:00+00:00, run_after=2025-04-16 00:00:00+00:00
[2025-04-16T13:45:39.919-0500] {processor.py:208} INFO - Processing /Library/Frameworks/Python.framework/Versions/3.10/lib/python3.10/site-packages/airflow/example_dags/example_bash_operator.py took 0.077 seconds
[2025-04-16T13:50:27.332-0500] {processor.py:186} INFO - Started process (PID=23356) to work on /Library/Frameworks/Python.framework/Versions/3.10/lib/python3.10/site-packages/airflow/example_dags/example_bash_operator.py
[2025-04-16T13:50:27.333-0500] {processor.py:914} INFO - Processing file /Library/Frameworks/Python.framework/Versions/3.10/lib/python3.10/site-packages/airflow/example_dags/example_bash_operator.py for tasks to queue
[2025-04-16T13:50:27.333-0500] {logging_mixin.py:190} INFO - [2025-04-16T13:50:27.333-0500] {dagbag.py:588} INFO - Filling up the DagBag from /Library/Frameworks/Python.framework/Versions/3.10/lib/python3.10/site-packages/airflow/example_dags/example_bash_operator.py
[2025-04-16T13:50:27.360-0500] {processor.py:925} INFO - DAG(s) 'example_bash_operator' retrieved from /Library/Frameworks/Python.framework/Versions/3.10/lib/python3.10/site-packages/airflow/example_dags/example_bash_operator.py
[2025-04-16T13:50:27.396-0500] {logging_mixin.py:190} INFO - [2025-04-16T13:50:27.396-0500] {dag.py:3239} INFO - Sync 1 DAGs
[2025-04-16T13:50:27.402-0500] {logging_mixin.py:190} INFO - [2025-04-16T13:50:27.402-0500] {dag.py:4180} INFO - Setting next_dagrun for example_bash_operator to 2025-04-15 00:00:00+00:00, run_after=2025-04-16 00:00:00+00:00
[2025-04-16T13:50:27.408-0500] {processor.py:208} INFO - Processing /Library/Frameworks/Python.framework/Versions/3.10/lib/python3.10/site-packages/airflow/example_dags/example_bash_operator.py took 0.077 seconds
[2025-04-16T13:56:01.082-0500] {processor.py:186} INFO - Started process (PID=23699) to work on /Library/Frameworks/Python.framework/Versions/3.10/lib/python3.10/site-packages/airflow/example_dags/example_bash_operator.py
[2025-04-16T13:56:01.083-0500] {processor.py:914} INFO - Processing file /Library/Frameworks/Python.framework/Versions/3.10/lib/python3.10/site-packages/airflow/example_dags/example_bash_operator.py for tasks to queue
[2025-04-16T13:56:01.084-0500] {logging_mixin.py:190} INFO - [2025-04-16T13:56:01.084-0500] {dagbag.py:588} INFO - Filling up the DagBag from /Library/Frameworks/Python.framework/Versions/3.10/lib/python3.10/site-packages/airflow/example_dags/example_bash_operator.py
[2025-04-16T13:56:01.119-0500] {processor.py:925} INFO - DAG(s) 'example_bash_operator' retrieved from /Library/Frameworks/Python.framework/Versions/3.10/lib/python3.10/site-packages/airflow/example_dags/example_bash_operator.py
[2025-04-16T13:56:01.158-0500] {logging_mixin.py:190} INFO - [2025-04-16T13:56:01.158-0500] {dag.py:3239} INFO - Sync 1 DAGs
[2025-04-16T13:56:01.165-0500] {logging_mixin.py:190} INFO - [2025-04-16T13:56:01.165-0500] {dag.py:4180} INFO - Setting next_dagrun for example_bash_operator to 2025-04-15 00:00:00+00:00, run_after=2025-04-16 00:00:00+00:00
[2025-04-16T13:56:01.172-0500] {processor.py:208} INFO - Processing /Library/Frameworks/Python.framework/Versions/3.10/lib/python3.10/site-packages/airflow/example_dags/example_bash_operator.py took 0.091 seconds
[2025-04-16T14:01:08.623-0500] {processor.py:186} INFO - Started process (PID=24029) to work on /Library/Frameworks/Python.framework/Versions/3.10/lib/python3.10/site-packages/airflow/example_dags/example_bash_operator.py
[2025-04-16T14:01:08.623-0500] {processor.py:914} INFO - Processing file /Library/Frameworks/Python.framework/Versions/3.10/lib/python3.10/site-packages/airflow/example_dags/example_bash_operator.py for tasks to queue
[2025-04-16T14:01:08.624-0500] {logging_mixin.py:190} INFO - [2025-04-16T14:01:08.623-0500] {dagbag.py:588} INFO - Filling up the DagBag from /Library/Frameworks/Python.framework/Versions/3.10/lib/python3.10/site-packages/airflow/example_dags/example_bash_operator.py
[2025-04-16T14:01:08.651-0500] {processor.py:925} INFO - DAG(s) 'example_bash_operator' retrieved from /Library/Frameworks/Python.framework/Versions/3.10/lib/python3.10/site-packages/airflow/example_dags/example_bash_operator.py
[2025-04-16T14:01:08.687-0500] {logging_mixin.py:190} INFO - [2025-04-16T14:01:08.687-0500] {dag.py:3239} INFO - Sync 1 DAGs
[2025-04-16T14:01:08.692-0500] {logging_mixin.py:190} INFO - [2025-04-16T14:01:08.692-0500] {dag.py:4180} INFO - Setting next_dagrun for example_bash_operator to 2025-04-15 00:00:00+00:00, run_after=2025-04-16 00:00:00+00:00
[2025-04-16T14:01:08.697-0500] {processor.py:208} INFO - Processing /Library/Frameworks/Python.framework/Versions/3.10/lib/python3.10/site-packages/airflow/example_dags/example_bash_operator.py took 0.076 seconds
[2025-04-16T14:07:35.438-0500] {processor.py:186} INFO - Started process (PID=24403) to work on /Library/Frameworks/Python.framework/Versions/3.10/lib/python3.10/site-packages/airflow/example_dags/example_bash_operator.py
[2025-04-16T14:07:35.438-0500] {processor.py:914} INFO - Processing file /Library/Frameworks/Python.framework/Versions/3.10/lib/python3.10/site-packages/airflow/example_dags/example_bash_operator.py for tasks to queue
[2025-04-16T14:07:35.439-0500] {logging_mixin.py:190} INFO - [2025-04-16T14:07:35.439-0500] {dagbag.py:588} INFO - Filling up the DagBag from /Library/Frameworks/Python.framework/Versions/3.10/lib/python3.10/site-packages/airflow/example_dags/example_bash_operator.py
[2025-04-16T14:07:35.464-0500] {processor.py:925} INFO - DAG(s) 'example_bash_operator' retrieved from /Library/Frameworks/Python.framework/Versions/3.10/lib/python3.10/site-packages/airflow/example_dags/example_bash_operator.py
[2025-04-16T14:07:35.499-0500] {logging_mixin.py:190} INFO - [2025-04-16T14:07:35.499-0500] {dag.py:3239} INFO - Sync 1 DAGs
[2025-04-16T14:07:35.504-0500] {logging_mixin.py:190} INFO - [2025-04-16T14:07:35.504-0500] {dag.py:4180} INFO - Setting next_dagrun for example_bash_operator to 2025-04-15 00:00:00+00:00, run_after=2025-04-16 00:00:00+00:00
[2025-04-16T14:07:35.509-0500] {processor.py:208} INFO - Processing /Library/Frameworks/Python.framework/Versions/3.10/lib/python3.10/site-packages/airflow/example_dags/example_bash_operator.py took 0.073 seconds
[2025-04-16T14:41:41.543-0500] {processor.py:186} INFO - Started process (PID=24624) to work on /Library/Frameworks/Python.framework/Versions/3.10/lib/python3.10/site-packages/airflow/example_dags/example_bash_operator.py
[2025-04-16T14:41:41.543-0500] {processor.py:914} INFO - Processing file /Library/Frameworks/Python.framework/Versions/3.10/lib/python3.10/site-packages/airflow/example_dags/example_bash_operator.py for tasks to queue
[2025-04-16T14:41:41.544-0500] {logging_mixin.py:190} INFO - [2025-04-16T14:41:41.543-0500] {dagbag.py:588} INFO - Filling up the DagBag from /Library/Frameworks/Python.framework/Versions/3.10/lib/python3.10/site-packages/airflow/example_dags/example_bash_operator.py
[2025-04-16T14:41:41.573-0500] {processor.py:925} INFO - DAG(s) 'example_bash_operator' retrieved from /Library/Frameworks/Python.framework/Versions/3.10/lib/python3.10/site-packages/airflow/example_dags/example_bash_operator.py
[2025-04-16T14:41:41.615-0500] {logging_mixin.py:190} INFO - [2025-04-16T14:41:41.615-0500] {dag.py:3239} INFO - Sync 1 DAGs
[2025-04-16T14:41:41.624-0500] {logging_mixin.py:190} INFO - [2025-04-16T14:41:41.624-0500] {dag.py:4180} INFO - Setting next_dagrun for example_bash_operator to 2025-04-15 00:00:00+00:00, run_after=2025-04-16 00:00:00+00:00
[2025-04-16T14:41:41.636-0500] {processor.py:208} INFO - Processing /Library/Frameworks/Python.framework/Versions/3.10/lib/python3.10/site-packages/airflow/example_dags/example_bash_operator.py took 0.095 seconds
[2025-04-16T14:46:49.745-0500] {processor.py:186} INFO - Started process (PID=25015) to work on /Library/Frameworks/Python.framework/Versions/3.10/lib/python3.10/site-packages/airflow/example_dags/example_bash_operator.py
[2025-04-16T14:46:49.746-0500] {processor.py:914} INFO - Processing file /Library/Frameworks/Python.framework/Versions/3.10/lib/python3.10/site-packages/airflow/example_dags/example_bash_operator.py for tasks to queue
[2025-04-16T14:46:49.746-0500] {logging_mixin.py:190} INFO - [2025-04-16T14:46:49.746-0500] {dagbag.py:588} INFO - Filling up the DagBag from /Library/Frameworks/Python.framework/Versions/3.10/lib/python3.10/site-packages/airflow/example_dags/example_bash_operator.py
[2025-04-16T14:46:49.772-0500] {processor.py:925} INFO - DAG(s) 'example_bash_operator' retrieved from /Library/Frameworks/Python.framework/Versions/3.10/lib/python3.10/site-packages/airflow/example_dags/example_bash_operator.py
[2025-04-16T14:46:49.808-0500] {logging_mixin.py:190} INFO - [2025-04-16T14:46:49.807-0500] {dag.py:3239} INFO - Sync 1 DAGs
[2025-04-16T14:46:49.813-0500] {logging_mixin.py:190} INFO - [2025-04-16T14:46:49.813-0500] {dag.py:4180} INFO - Setting next_dagrun for example_bash_operator to 2025-04-15 00:00:00+00:00, run_after=2025-04-16 00:00:00+00:00
[2025-04-16T14:46:49.819-0500] {processor.py:208} INFO - Processing /Library/Frameworks/Python.framework/Versions/3.10/lib/python3.10/site-packages/airflow/example_dags/example_bash_operator.py took 0.075 seconds
[2025-04-16T14:52:03.997-0500] {processor.py:186} INFO - Started process (PID=25327) to work on /Library/Frameworks/Python.framework/Versions/3.10/lib/python3.10/site-packages/airflow/example_dags/example_bash_operator.py
[2025-04-16T14:52:03.997-0500] {processor.py:914} INFO - Processing file /Library/Frameworks/Python.framework/Versions/3.10/lib/python3.10/site-packages/airflow/example_dags/example_bash_operator.py for tasks to queue
[2025-04-16T14:52:03.998-0500] {logging_mixin.py:190} INFO - [2025-04-16T14:52:03.998-0500] {dagbag.py:588} INFO - Filling up the DagBag from /Library/Frameworks/Python.framework/Versions/3.10/lib/python3.10/site-packages/airflow/example_dags/example_bash_operator.py
[2025-04-16T14:52:04.023-0500] {processor.py:925} INFO - DAG(s) 'example_bash_operator' retrieved from /Library/Frameworks/Python.framework/Versions/3.10/lib/python3.10/site-packages/airflow/example_dags/example_bash_operator.py
[2025-04-16T14:52:04.058-0500] {logging_mixin.py:190} INFO - [2025-04-16T14:52:04.058-0500] {dag.py:3239} INFO - Sync 1 DAGs
[2025-04-16T14:52:04.064-0500] {logging_mixin.py:190} INFO - [2025-04-16T14:52:04.064-0500] {dag.py:4180} INFO - Setting next_dagrun for example_bash_operator to 2025-04-15 00:00:00+00:00, run_after=2025-04-16 00:00:00+00:00
[2025-04-16T14:52:04.072-0500] {processor.py:208} INFO - Processing /Library/Frameworks/Python.framework/Versions/3.10/lib/python3.10/site-packages/airflow/example_dags/example_bash_operator.py took 0.077 seconds
[2025-04-16T14:56:54.995-0500] {processor.py:186} INFO - Started process (PID=25672) to work on /Library/Frameworks/Python.framework/Versions/3.10/lib/python3.10/site-packages/airflow/example_dags/example_bash_operator.py
[2025-04-16T14:56:54.995-0500] {processor.py:914} INFO - Processing file /Library/Frameworks/Python.framework/Versions/3.10/lib/python3.10/site-packages/airflow/example_dags/example_bash_operator.py for tasks to queue
[2025-04-16T14:56:54.996-0500] {logging_mixin.py:190} INFO - [2025-04-16T14:56:54.996-0500] {dagbag.py:588} INFO - Filling up the DagBag from /Library/Frameworks/Python.framework/Versions/3.10/lib/python3.10/site-packages/airflow/example_dags/example_bash_operator.py
[2025-04-16T14:56:55.022-0500] {processor.py:925} INFO - DAG(s) 'example_bash_operator' retrieved from /Library/Frameworks/Python.framework/Versions/3.10/lib/python3.10/site-packages/airflow/example_dags/example_bash_operator.py
[2025-04-16T14:56:55.056-0500] {logging_mixin.py:190} INFO - [2025-04-16T14:56:55.056-0500] {dag.py:3239} INFO - Sync 1 DAGs
[2025-04-16T14:56:55.062-0500] {logging_mixin.py:190} INFO - [2025-04-16T14:56:55.062-0500] {dag.py:4180} INFO - Setting next_dagrun for example_bash_operator to 2025-04-15 00:00:00+00:00, run_after=2025-04-16 00:00:00+00:00
[2025-04-16T14:56:55.067-0500] {processor.py:208} INFO - Processing /Library/Frameworks/Python.framework/Versions/3.10/lib/python3.10/site-packages/airflow/example_dags/example_bash_operator.py took 0.074 seconds
[2025-04-16T15:01:57.728-0500] {processor.py:186} INFO - Started process (PID=25982) to work on /Library/Frameworks/Python.framework/Versions/3.10/lib/python3.10/site-packages/airflow/example_dags/example_bash_operator.py
[2025-04-16T15:01:57.728-0500] {processor.py:914} INFO - Processing file /Library/Frameworks/Python.framework/Versions/3.10/lib/python3.10/site-packages/airflow/example_dags/example_bash_operator.py for tasks to queue
[2025-04-16T15:01:57.728-0500] {logging_mixin.py:190} INFO - [2025-04-16T15:01:57.728-0500] {dagbag.py:588} INFO - Filling up the DagBag from /Library/Frameworks/Python.framework/Versions/3.10/lib/python3.10/site-packages/airflow/example_dags/example_bash_operator.py
[2025-04-16T15:01:57.754-0500] {processor.py:925} INFO - DAG(s) 'example_bash_operator' retrieved from /Library/Frameworks/Python.framework/Versions/3.10/lib/python3.10/site-packages/airflow/example_dags/example_bash_operator.py
[2025-04-16T15:01:57.788-0500] {logging_mixin.py:190} INFO - [2025-04-16T15:01:57.788-0500] {dag.py:3239} INFO - Sync 1 DAGs
[2025-04-16T15:01:57.794-0500] {logging_mixin.py:190} INFO - [2025-04-16T15:01:57.794-0500] {dag.py:4180} INFO - Setting next_dagrun for example_bash_operator to 2025-04-15 00:00:00+00:00, run_after=2025-04-16 00:00:00+00:00
[2025-04-16T15:01:57.799-0500] {processor.py:208} INFO - Processing /Library/Frameworks/Python.framework/Versions/3.10/lib/python3.10/site-packages/airflow/example_dags/example_bash_operator.py took 0.073 seconds
[2025-04-16T15:06:58.159-0500] {processor.py:186} INFO - Started process (PID=26277) to work on /Library/Frameworks/Python.framework/Versions/3.10/lib/python3.10/site-packages/airflow/example_dags/example_bash_operator.py
[2025-04-16T15:06:58.160-0500] {processor.py:914} INFO - Processing file /Library/Frameworks/Python.framework/Versions/3.10/lib/python3.10/site-packages/airflow/example_dags/example_bash_operator.py for tasks to queue
[2025-04-16T15:06:58.160-0500] {logging_mixin.py:190} INFO - [2025-04-16T15:06:58.160-0500] {dagbag.py:588} INFO - Filling up the DagBag from /Library/Frameworks/Python.framework/Versions/3.10/lib/python3.10/site-packages/airflow/example_dags/example_bash_operator.py
[2025-04-16T15:06:58.186-0500] {processor.py:925} INFO - DAG(s) 'example_bash_operator' retrieved from /Library/Frameworks/Python.framework/Versions/3.10/lib/python3.10/site-packages/airflow/example_dags/example_bash_operator.py
[2025-04-16T15:06:58.220-0500] {logging_mixin.py:190} INFO - [2025-04-16T15:06:58.220-0500] {dag.py:3239} INFO - Sync 1 DAGs
[2025-04-16T15:06:58.226-0500] {logging_mixin.py:190} INFO - [2025-04-16T15:06:58.226-0500] {dag.py:4180} INFO - Setting next_dagrun for example_bash_operator to 2025-04-15 00:00:00+00:00, run_after=2025-04-16 00:00:00+00:00
[2025-04-16T15:06:58.231-0500] {processor.py:208} INFO - Processing /Library/Frameworks/Python.framework/Versions/3.10/lib/python3.10/site-packages/airflow/example_dags/example_bash_operator.py took 0.074 seconds
[2025-04-16T15:11:48.242-0500] {processor.py:186} INFO - Started process (PID=26625) to work on /Library/Frameworks/Python.framework/Versions/3.10/lib/python3.10/site-packages/airflow/example_dags/example_bash_operator.py
[2025-04-16T15:11:48.243-0500] {processor.py:914} INFO - Processing file /Library/Frameworks/Python.framework/Versions/3.10/lib/python3.10/site-packages/airflow/example_dags/example_bash_operator.py for tasks to queue
[2025-04-16T15:11:48.243-0500] {logging_mixin.py:190} INFO - [2025-04-16T15:11:48.243-0500] {dagbag.py:588} INFO - Filling up the DagBag from /Library/Frameworks/Python.framework/Versions/3.10/lib/python3.10/site-packages/airflow/example_dags/example_bash_operator.py
[2025-04-16T15:11:48.269-0500] {processor.py:925} INFO - DAG(s) 'example_bash_operator' retrieved from /Library/Frameworks/Python.framework/Versions/3.10/lib/python3.10/site-packages/airflow/example_dags/example_bash_operator.py
[2025-04-16T15:11:48.303-0500] {logging_mixin.py:190} INFO - [2025-04-16T15:11:48.303-0500] {dag.py:3239} INFO - Sync 1 DAGs
[2025-04-16T15:11:48.309-0500] {logging_mixin.py:190} INFO - [2025-04-16T15:11:48.309-0500] {dag.py:4180} INFO - Setting next_dagrun for example_bash_operator to 2025-04-15 00:00:00+00:00, run_after=2025-04-16 00:00:00+00:00
[2025-04-16T15:11:48.314-0500] {processor.py:208} INFO - Processing /Library/Frameworks/Python.framework/Versions/3.10/lib/python3.10/site-packages/airflow/example_dags/example_bash_operator.py took 0.074 seconds
[2025-04-16T15:16:32.865-0500] {processor.py:186} INFO - Started process (PID=26957) to work on /Library/Frameworks/Python.framework/Versions/3.10/lib/python3.10/site-packages/airflow/example_dags/example_bash_operator.py
[2025-04-16T15:16:32.865-0500] {processor.py:914} INFO - Processing file /Library/Frameworks/Python.framework/Versions/3.10/lib/python3.10/site-packages/airflow/example_dags/example_bash_operator.py for tasks to queue
[2025-04-16T15:16:32.866-0500] {logging_mixin.py:190} INFO - [2025-04-16T15:16:32.866-0500] {dagbag.py:588} INFO - Filling up the DagBag from /Library/Frameworks/Python.framework/Versions/3.10/lib/python3.10/site-packages/airflow/example_dags/example_bash_operator.py
[2025-04-16T15:16:32.894-0500] {processor.py:925} INFO - DAG(s) 'example_bash_operator' retrieved from /Library/Frameworks/Python.framework/Versions/3.10/lib/python3.10/site-packages/airflow/example_dags/example_bash_operator.py
[2025-04-16T15:16:32.929-0500] {logging_mixin.py:190} INFO - [2025-04-16T15:16:32.929-0500] {dag.py:3239} INFO - Sync 1 DAGs
[2025-04-16T15:16:32.935-0500] {logging_mixin.py:190} INFO - [2025-04-16T15:16:32.935-0500] {dag.py:4180} INFO - Setting next_dagrun for example_bash_operator to 2025-04-15 00:00:00+00:00, run_after=2025-04-16 00:00:00+00:00
[2025-04-16T15:16:32.942-0500] {processor.py:208} INFO - Processing /Library/Frameworks/Python.framework/Versions/3.10/lib/python3.10/site-packages/airflow/example_dags/example_bash_operator.py took 0.079 seconds
[2025-04-16T15:21:18.963-0500] {processor.py:186} INFO - Started process (PID=27240) to work on /Library/Frameworks/Python.framework/Versions/3.10/lib/python3.10/site-packages/airflow/example_dags/example_bash_operator.py
[2025-04-16T15:21:18.964-0500] {processor.py:914} INFO - Processing file /Library/Frameworks/Python.framework/Versions/3.10/lib/python3.10/site-packages/airflow/example_dags/example_bash_operator.py for tasks to queue
[2025-04-16T15:21:18.964-0500] {logging_mixin.py:190} INFO - [2025-04-16T15:21:18.964-0500] {dagbag.py:588} INFO - Filling up the DagBag from /Library/Frameworks/Python.framework/Versions/3.10/lib/python3.10/site-packages/airflow/example_dags/example_bash_operator.py
[2025-04-16T15:21:18.990-0500] {processor.py:925} INFO - DAG(s) 'example_bash_operator' retrieved from /Library/Frameworks/Python.framework/Versions/3.10/lib/python3.10/site-packages/airflow/example_dags/example_bash_operator.py
[2025-04-16T15:21:19.026-0500] {logging_mixin.py:190} INFO - [2025-04-16T15:21:19.026-0500] {dag.py:3239} INFO - Sync 1 DAGs
[2025-04-16T15:21:19.032-0500] {logging_mixin.py:190} INFO - [2025-04-16T15:21:19.032-0500] {dag.py:4180} INFO - Setting next_dagrun for example_bash_operator to 2025-04-15 00:00:00+00:00, run_after=2025-04-16 00:00:00+00:00
[2025-04-16T15:21:19.037-0500] {processor.py:208} INFO - Processing /Library/Frameworks/Python.framework/Versions/3.10/lib/python3.10/site-packages/airflow/example_dags/example_bash_operator.py took 0.076 seconds
[2025-04-16T15:26:29.410-0500] {processor.py:186} INFO - Started process (PID=27598) to work on /Library/Frameworks/Python.framework/Versions/3.10/lib/python3.10/site-packages/airflow/example_dags/example_bash_operator.py
[2025-04-16T15:26:29.411-0500] {processor.py:914} INFO - Processing file /Library/Frameworks/Python.framework/Versions/3.10/lib/python3.10/site-packages/airflow/example_dags/example_bash_operator.py for tasks to queue
[2025-04-16T15:26:29.411-0500] {logging_mixin.py:190} INFO - [2025-04-16T15:26:29.411-0500] {dagbag.py:588} INFO - Filling up the DagBag from /Library/Frameworks/Python.framework/Versions/3.10/lib/python3.10/site-packages/airflow/example_dags/example_bash_operator.py
[2025-04-16T15:26:29.437-0500] {processor.py:925} INFO - DAG(s) 'example_bash_operator' retrieved from /Library/Frameworks/Python.framework/Versions/3.10/lib/python3.10/site-packages/airflow/example_dags/example_bash_operator.py
[2025-04-16T15:26:29.472-0500] {logging_mixin.py:190} INFO - [2025-04-16T15:26:29.472-0500] {dag.py:3239} INFO - Sync 1 DAGs
[2025-04-16T15:26:29.478-0500] {logging_mixin.py:190} INFO - [2025-04-16T15:26:29.478-0500] {dag.py:4180} INFO - Setting next_dagrun for example_bash_operator to 2025-04-15 00:00:00+00:00, run_after=2025-04-16 00:00:00+00:00
[2025-04-16T15:26:29.484-0500] {processor.py:208} INFO - Processing /Library/Frameworks/Python.framework/Versions/3.10/lib/python3.10/site-packages/airflow/example_dags/example_bash_operator.py took 0.075 seconds
[2025-04-16T15:31:33.696-0500] {processor.py:186} INFO - Started process (PID=27962) to work on /Library/Frameworks/Python.framework/Versions/3.10/lib/python3.10/site-packages/airflow/example_dags/example_bash_operator.py
[2025-04-16T15:31:33.696-0500] {processor.py:914} INFO - Processing file /Library/Frameworks/Python.framework/Versions/3.10/lib/python3.10/site-packages/airflow/example_dags/example_bash_operator.py for tasks to queue
[2025-04-16T15:31:33.697-0500] {logging_mixin.py:190} INFO - [2025-04-16T15:31:33.697-0500] {dagbag.py:588} INFO - Filling up the DagBag from /Library/Frameworks/Python.framework/Versions/3.10/lib/python3.10/site-packages/airflow/example_dags/example_bash_operator.py
[2025-04-16T15:31:33.724-0500] {processor.py:925} INFO - DAG(s) 'example_bash_operator' retrieved from /Library/Frameworks/Python.framework/Versions/3.10/lib/python3.10/site-packages/airflow/example_dags/example_bash_operator.py
[2025-04-16T15:31:33.758-0500] {logging_mixin.py:190} INFO - [2025-04-16T15:31:33.758-0500] {dag.py:3239} INFO - Sync 1 DAGs
[2025-04-16T15:31:33.764-0500] {logging_mixin.py:190} INFO - [2025-04-16T15:31:33.764-0500] {dag.py:4180} INFO - Setting next_dagrun for example_bash_operator to 2025-04-15 00:00:00+00:00, run_after=2025-04-16 00:00:00+00:00
[2025-04-16T15:31:33.769-0500] {processor.py:208} INFO - Processing /Library/Frameworks/Python.framework/Versions/3.10/lib/python3.10/site-packages/airflow/example_dags/example_bash_operator.py took 0.075 seconds
[2025-04-16T15:54:08.065-0500] {processor.py:186} INFO - Started process (PID=28446) to work on /Library/Frameworks/Python.framework/Versions/3.10/lib/python3.10/site-packages/airflow/example_dags/example_bash_operator.py
[2025-04-16T15:54:08.066-0500] {processor.py:914} INFO - Processing file /Library/Frameworks/Python.framework/Versions/3.10/lib/python3.10/site-packages/airflow/example_dags/example_bash_operator.py for tasks to queue
[2025-04-16T15:54:08.066-0500] {logging_mixin.py:190} INFO - [2025-04-16T15:54:08.066-0500] {dagbag.py:588} INFO - Filling up the DagBag from /Library/Frameworks/Python.framework/Versions/3.10/lib/python3.10/site-packages/airflow/example_dags/example_bash_operator.py
[2025-04-16T15:54:08.092-0500] {processor.py:925} INFO - DAG(s) 'example_bash_operator' retrieved from /Library/Frameworks/Python.framework/Versions/3.10/lib/python3.10/site-packages/airflow/example_dags/example_bash_operator.py
[2025-04-16T15:54:08.129-0500] {logging_mixin.py:190} INFO - [2025-04-16T15:54:08.129-0500] {dag.py:3239} INFO - Sync 1 DAGs
[2025-04-16T15:54:08.137-0500] {logging_mixin.py:190} INFO - [2025-04-16T15:54:08.137-0500] {dag.py:4180} INFO - Setting next_dagrun for example_bash_operator to 2025-04-15 00:00:00+00:00, run_after=2025-04-16 00:00:00+00:00
[2025-04-16T15:54:08.144-0500] {processor.py:208} INFO - Processing /Library/Frameworks/Python.framework/Versions/3.10/lib/python3.10/site-packages/airflow/example_dags/example_bash_operator.py took 0.081 seconds
[2025-04-16T15:59:09.310-0500] {processor.py:186} INFO - Started process (PID=28892) to work on /Library/Frameworks/Python.framework/Versions/3.10/lib/python3.10/site-packages/airflow/example_dags/example_bash_operator.py
[2025-04-16T15:59:09.311-0500] {processor.py:914} INFO - Processing file /Library/Frameworks/Python.framework/Versions/3.10/lib/python3.10/site-packages/airflow/example_dags/example_bash_operator.py for tasks to queue
[2025-04-16T15:59:09.311-0500] {logging_mixin.py:190} INFO - [2025-04-16T15:59:09.311-0500] {dagbag.py:588} INFO - Filling up the DagBag from /Library/Frameworks/Python.framework/Versions/3.10/lib/python3.10/site-packages/airflow/example_dags/example_bash_operator.py
[2025-04-16T15:59:09.336-0500] {processor.py:925} INFO - DAG(s) 'example_bash_operator' retrieved from /Library/Frameworks/Python.framework/Versions/3.10/lib/python3.10/site-packages/airflow/example_dags/example_bash_operator.py
[2025-04-16T15:59:09.370-0500] {logging_mixin.py:190} INFO - [2025-04-16T15:59:09.370-0500] {dag.py:3239} INFO - Sync 1 DAGs
[2025-04-16T15:59:09.376-0500] {logging_mixin.py:190} INFO - [2025-04-16T15:59:09.376-0500] {dag.py:4180} INFO - Setting next_dagrun for example_bash_operator to 2025-04-15 00:00:00+00:00, run_after=2025-04-16 00:00:00+00:00
[2025-04-16T15:59:09.382-0500] {processor.py:208} INFO - Processing /Library/Frameworks/Python.framework/Versions/3.10/lib/python3.10/site-packages/airflow/example_dags/example_bash_operator.py took 0.074 seconds
[2025-04-16T16:03:49.300-0500] {processor.py:186} INFO - Started process (PID=29224) to work on /Library/Frameworks/Python.framework/Versions/3.10/lib/python3.10/site-packages/airflow/example_dags/example_bash_operator.py
[2025-04-16T16:03:49.301-0500] {processor.py:914} INFO - Processing file /Library/Frameworks/Python.framework/Versions/3.10/lib/python3.10/site-packages/airflow/example_dags/example_bash_operator.py for tasks to queue
[2025-04-16T16:03:49.301-0500] {logging_mixin.py:190} INFO - [2025-04-16T16:03:49.301-0500] {dagbag.py:588} INFO - Filling up the DagBag from /Library/Frameworks/Python.framework/Versions/3.10/lib/python3.10/site-packages/airflow/example_dags/example_bash_operator.py
[2025-04-16T16:03:49.326-0500] {processor.py:925} INFO - DAG(s) 'example_bash_operator' retrieved from /Library/Frameworks/Python.framework/Versions/3.10/lib/python3.10/site-packages/airflow/example_dags/example_bash_operator.py
[2025-04-16T16:03:49.361-0500] {logging_mixin.py:190} INFO - [2025-04-16T16:03:49.361-0500] {dag.py:3239} INFO - Sync 1 DAGs
[2025-04-16T16:03:49.366-0500] {logging_mixin.py:190} INFO - [2025-04-16T16:03:49.366-0500] {dag.py:4180} INFO - Setting next_dagrun for example_bash_operator to 2025-04-15 00:00:00+00:00, run_after=2025-04-16 00:00:00+00:00
[2025-04-16T16:03:49.371-0500] {processor.py:208} INFO - Processing /Library/Frameworks/Python.framework/Versions/3.10/lib/python3.10/site-packages/airflow/example_dags/example_bash_operator.py took 0.073 seconds
[2025-04-16T16:08:16.915-0500] {processor.py:186} INFO - Started process (PID=29549) to work on /Library/Frameworks/Python.framework/Versions/3.10/lib/python3.10/site-packages/airflow/example_dags/example_bash_operator.py
[2025-04-16T16:08:16.916-0500] {processor.py:914} INFO - Processing file /Library/Frameworks/Python.framework/Versions/3.10/lib/python3.10/site-packages/airflow/example_dags/example_bash_operator.py for tasks to queue
[2025-04-16T16:08:16.916-0500] {logging_mixin.py:190} INFO - [2025-04-16T16:08:16.916-0500] {dagbag.py:588} INFO - Filling up the DagBag from /Library/Frameworks/Python.framework/Versions/3.10/lib/python3.10/site-packages/airflow/example_dags/example_bash_operator.py
[2025-04-16T16:08:16.942-0500] {processor.py:925} INFO - DAG(s) 'example_bash_operator' retrieved from /Library/Frameworks/Python.framework/Versions/3.10/lib/python3.10/site-packages/airflow/example_dags/example_bash_operator.py
[2025-04-16T16:08:16.978-0500] {logging_mixin.py:190} INFO - [2025-04-16T16:08:16.978-0500] {dag.py:3239} INFO - Sync 1 DAGs
[2025-04-16T16:08:16.984-0500] {logging_mixin.py:190} INFO - [2025-04-16T16:08:16.984-0500] {dag.py:4180} INFO - Setting next_dagrun for example_bash_operator to 2025-04-15 00:00:00+00:00, run_after=2025-04-16 00:00:00+00:00
[2025-04-16T16:08:16.989-0500] {processor.py:208} INFO - Processing /Library/Frameworks/Python.framework/Versions/3.10/lib/python3.10/site-packages/airflow/example_dags/example_bash_operator.py took 0.075 seconds
[2025-04-16T16:12:43.912-0500] {processor.py:186} INFO - Started process (PID=29848) to work on /Library/Frameworks/Python.framework/Versions/3.10/lib/python3.10/site-packages/airflow/example_dags/example_bash_operator.py
[2025-04-16T16:12:43.912-0500] {processor.py:914} INFO - Processing file /Library/Frameworks/Python.framework/Versions/3.10/lib/python3.10/site-packages/airflow/example_dags/example_bash_operator.py for tasks to queue
[2025-04-16T16:12:43.913-0500] {logging_mixin.py:190} INFO - [2025-04-16T16:12:43.913-0500] {dagbag.py:588} INFO - Filling up the DagBag from /Library/Frameworks/Python.framework/Versions/3.10/lib/python3.10/site-packages/airflow/example_dags/example_bash_operator.py
[2025-04-16T16:12:43.938-0500] {processor.py:925} INFO - DAG(s) 'example_bash_operator' retrieved from /Library/Frameworks/Python.framework/Versions/3.10/lib/python3.10/site-packages/airflow/example_dags/example_bash_operator.py
[2025-04-16T16:12:43.974-0500] {logging_mixin.py:190} INFO - [2025-04-16T16:12:43.973-0500] {dag.py:3239} INFO - Sync 1 DAGs
[2025-04-16T16:12:43.979-0500] {logging_mixin.py:190} INFO - [2025-04-16T16:12:43.979-0500] {dag.py:4180} INFO - Setting next_dagrun for example_bash_operator to 2025-04-15 00:00:00+00:00, run_after=2025-04-16 00:00:00+00:00
[2025-04-16T16:12:43.985-0500] {processor.py:208} INFO - Processing /Library/Frameworks/Python.framework/Versions/3.10/lib/python3.10/site-packages/airflow/example_dags/example_bash_operator.py took 0.075 seconds
[2025-04-16T16:17:09.156-0500] {processor.py:186} INFO - Started process (PID=30112) to work on /Library/Frameworks/Python.framework/Versions/3.10/lib/python3.10/site-packages/airflow/example_dags/example_bash_operator.py
[2025-04-16T16:17:09.157-0500] {processor.py:914} INFO - Processing file /Library/Frameworks/Python.framework/Versions/3.10/lib/python3.10/site-packages/airflow/example_dags/example_bash_operator.py for tasks to queue
[2025-04-16T16:17:09.157-0500] {logging_mixin.py:190} INFO - [2025-04-16T16:17:09.157-0500] {dagbag.py:588} INFO - Filling up the DagBag from /Library/Frameworks/Python.framework/Versions/3.10/lib/python3.10/site-packages/airflow/example_dags/example_bash_operator.py
[2025-04-16T16:17:09.183-0500] {processor.py:925} INFO - DAG(s) 'example_bash_operator' retrieved from /Library/Frameworks/Python.framework/Versions/3.10/lib/python3.10/site-packages/airflow/example_dags/example_bash_operator.py
[2025-04-16T16:17:09.218-0500] {logging_mixin.py:190} INFO - [2025-04-16T16:17:09.218-0500] {dag.py:3239} INFO - Sync 1 DAGs
[2025-04-16T16:17:09.224-0500] {logging_mixin.py:190} INFO - [2025-04-16T16:17:09.224-0500] {dag.py:4180} INFO - Setting next_dagrun for example_bash_operator to 2025-04-15 00:00:00+00:00, run_after=2025-04-16 00:00:00+00:00
[2025-04-16T16:17:09.230-0500] {processor.py:208} INFO - Processing /Library/Frameworks/Python.framework/Versions/3.10/lib/python3.10/site-packages/airflow/example_dags/example_bash_operator.py took 0.075 seconds
[2025-04-16T16:23:59.048-0500] {processor.py:186} INFO - Started process (PID=30411) to work on /Library/Frameworks/Python.framework/Versions/3.10/lib/python3.10/site-packages/airflow/example_dags/example_bash_operator.py
[2025-04-16T16:23:59.048-0500] {processor.py:914} INFO - Processing file /Library/Frameworks/Python.framework/Versions/3.10/lib/python3.10/site-packages/airflow/example_dags/example_bash_operator.py for tasks to queue
[2025-04-16T16:23:59.049-0500] {logging_mixin.py:190} INFO - [2025-04-16T16:23:59.049-0500] {dagbag.py:588} INFO - Filling up the DagBag from /Library/Frameworks/Python.framework/Versions/3.10/lib/python3.10/site-packages/airflow/example_dags/example_bash_operator.py
[2025-04-16T16:23:59.076-0500] {processor.py:925} INFO - DAG(s) 'example_bash_operator' retrieved from /Library/Frameworks/Python.framework/Versions/3.10/lib/python3.10/site-packages/airflow/example_dags/example_bash_operator.py
[2025-04-16T16:23:59.111-0500] {logging_mixin.py:190} INFO - [2025-04-16T16:23:59.110-0500] {dag.py:3239} INFO - Sync 1 DAGs
[2025-04-16T16:23:59.116-0500] {logging_mixin.py:190} INFO - [2025-04-16T16:23:59.116-0500] {dag.py:4180} INFO - Setting next_dagrun for example_bash_operator to 2025-04-15 00:00:00+00:00, run_after=2025-04-16 00:00:00+00:00
[2025-04-16T16:23:59.121-0500] {processor.py:208} INFO - Processing /Library/Frameworks/Python.framework/Versions/3.10/lib/python3.10/site-packages/airflow/example_dags/example_bash_operator.py took 0.075 seconds
[2025-04-16T17:18:39.545-0500] {processor.py:186} INFO - Started process (PID=30783) to work on /Library/Frameworks/Python.framework/Versions/3.10/lib/python3.10/site-packages/airflow/example_dags/example_bash_operator.py
[2025-04-16T17:18:39.546-0500] {processor.py:914} INFO - Processing file /Library/Frameworks/Python.framework/Versions/3.10/lib/python3.10/site-packages/airflow/example_dags/example_bash_operator.py for tasks to queue
[2025-04-16T17:18:39.546-0500] {logging_mixin.py:190} INFO - [2025-04-16T17:18:39.546-0500] {dagbag.py:588} INFO - Filling up the DagBag from /Library/Frameworks/Python.framework/Versions/3.10/lib/python3.10/site-packages/airflow/example_dags/example_bash_operator.py
[2025-04-16T17:18:39.573-0500] {processor.py:925} INFO - DAG(s) 'example_bash_operator' retrieved from /Library/Frameworks/Python.framework/Versions/3.10/lib/python3.10/site-packages/airflow/example_dags/example_bash_operator.py
[2025-04-16T17:18:39.608-0500] {logging_mixin.py:190} INFO - [2025-04-16T17:18:39.608-0500] {dag.py:3239} INFO - Sync 1 DAGs
[2025-04-16T17:18:39.614-0500] {logging_mixin.py:190} INFO - [2025-04-16T17:18:39.614-0500] {dag.py:4180} INFO - Setting next_dagrun for example_bash_operator to 2025-04-15 00:00:00+00:00, run_after=2025-04-16 00:00:00+00:00
[2025-04-16T17:18:39.620-0500] {processor.py:208} INFO - Processing /Library/Frameworks/Python.framework/Versions/3.10/lib/python3.10/site-packages/airflow/example_dags/example_bash_operator.py took 0.077 seconds
