[2025-04-15T20:58:24.031-0500] {processor.py:186} INFO - Started process (PID=10534) to work on /Library/Frameworks/Python.framework/Versions/3.10/lib/python3.10/site-packages/airflow/example_dags/example_bash_decorator.py
[2025-04-15T20:58:24.032-0500] {processor.py:914} INFO - Processing file /Library/Frameworks/Python.framework/Versions/3.10/lib/python3.10/site-packages/airflow/example_dags/example_bash_decorator.py for tasks to queue
[2025-04-15T20:58:24.032-0500] {logging_mixin.py:190} INFO - [2025-04-15T20:58:24.032-0500] {dagbag.py:588} INFO - Filling up the DagBag from /Library/Frameworks/Python.framework/Versions/3.10/lib/python3.10/site-packages/airflow/example_dags/example_bash_decorator.py
[2025-04-15T20:58:24.080-0500] {processor.py:925} INFO - DAG(s) 'example_bash_decorator' retrieved from /Library/Frameworks/Python.framework/Versions/3.10/lib/python3.10/site-packages/airflow/example_dags/example_bash_decorator.py
[2025-04-15T20:58:24.153-0500] {logging_mixin.py:190} INFO - [2025-04-15T20:58:24.153-0500] {dag.py:3239} INFO - Sync 1 DAGs
[2025-04-15T20:58:24.156-0500] {logging_mixin.py:190} INFO - [2025-04-15T20:58:24.156-0500] {dag.py:4180} INFO - Setting next_dagrun for example_bash_decorator to None, run_after=None
[2025-04-15T20:58:24.162-0500] {processor.py:208} INFO - Processing /Library/Frameworks/Python.framework/Versions/3.10/lib/python3.10/site-packages/airflow/example_dags/example_bash_decorator.py took 0.132 seconds
[2025-04-15T21:03:35.799-0500] {processor.py:186} INFO - Started process (PID=10835) to work on /Library/Frameworks/Python.framework/Versions/3.10/lib/python3.10/site-packages/airflow/example_dags/example_bash_decorator.py
[2025-04-15T21:03:35.800-0500] {processor.py:914} INFO - Processing file /Library/Frameworks/Python.framework/Versions/3.10/lib/python3.10/site-packages/airflow/example_dags/example_bash_decorator.py for tasks to queue
[2025-04-15T21:03:35.800-0500] {logging_mixin.py:190} INFO - [2025-04-15T21:03:35.800-0500] {dagbag.py:588} INFO - Filling up the DagBag from /Library/Frameworks/Python.framework/Versions/3.10/lib/python3.10/site-packages/airflow/example_dags/example_bash_decorator.py
[2025-04-15T21:03:35.839-0500] {processor.py:925} INFO - DAG(s) 'example_bash_decorator' retrieved from /Library/Frameworks/Python.framework/Versions/3.10/lib/python3.10/site-packages/airflow/example_dags/example_bash_decorator.py
[2025-04-15T21:03:35.912-0500] {logging_mixin.py:190} INFO - [2025-04-15T21:03:35.912-0500] {dag.py:3239} INFO - Sync 1 DAGs
[2025-04-15T21:03:35.915-0500] {logging_mixin.py:190} INFO - [2025-04-15T21:03:35.915-0500] {dag.py:4180} INFO - Setting next_dagrun for example_bash_decorator to None, run_after=None
[2025-04-15T21:03:35.921-0500] {processor.py:208} INFO - Processing /Library/Frameworks/Python.framework/Versions/3.10/lib/python3.10/site-packages/airflow/example_dags/example_bash_decorator.py took 0.123 seconds
[2025-04-15T22:25:29.630-0500] {processor.py:186} INFO - Started process (PID=11252) to work on /Library/Frameworks/Python.framework/Versions/3.10/lib/python3.10/site-packages/airflow/example_dags/example_bash_decorator.py
[2025-04-15T22:25:29.631-0500] {processor.py:914} INFO - Processing file /Library/Frameworks/Python.framework/Versions/3.10/lib/python3.10/site-packages/airflow/example_dags/example_bash_decorator.py for tasks to queue
[2025-04-15T22:25:29.631-0500] {logging_mixin.py:190} INFO - [2025-04-15T22:25:29.631-0500] {dagbag.py:588} INFO - Filling up the DagBag from /Library/Frameworks/Python.framework/Versions/3.10/lib/python3.10/site-packages/airflow/example_dags/example_bash_decorator.py
[2025-04-15T22:25:29.669-0500] {processor.py:925} INFO - DAG(s) 'example_bash_decorator' retrieved from /Library/Frameworks/Python.framework/Versions/3.10/lib/python3.10/site-packages/airflow/example_dags/example_bash_decorator.py
[2025-04-15T22:25:29.745-0500] {logging_mixin.py:190} INFO - [2025-04-15T22:25:29.745-0500] {dag.py:3239} INFO - Sync 1 DAGs
[2025-04-15T22:25:29.749-0500] {logging_mixin.py:190} INFO - [2025-04-15T22:25:29.749-0500] {dag.py:4180} INFO - Setting next_dagrun for example_bash_decorator to None, run_after=None
[2025-04-15T22:25:29.754-0500] {processor.py:208} INFO - Processing /Library/Frameworks/Python.framework/Versions/3.10/lib/python3.10/site-packages/airflow/example_dags/example_bash_decorator.py took 0.126 seconds
[2025-04-16T00:10:24.780-0500] {processor.py:186} INFO - Started process (PID=11732) to work on /Library/Frameworks/Python.framework/Versions/3.10/lib/python3.10/site-packages/airflow/example_dags/example_bash_decorator.py
[2025-04-16T00:10:24.781-0500] {processor.py:914} INFO - Processing file /Library/Frameworks/Python.framework/Versions/3.10/lib/python3.10/site-packages/airflow/example_dags/example_bash_decorator.py for tasks to queue
[2025-04-16T00:10:24.781-0500] {logging_mixin.py:190} INFO - [2025-04-16T00:10:24.781-0500] {dagbag.py:588} INFO - Filling up the DagBag from /Library/Frameworks/Python.framework/Versions/3.10/lib/python3.10/site-packages/airflow/example_dags/example_bash_decorator.py
[2025-04-16T00:10:24.819-0500] {processor.py:925} INFO - DAG(s) 'example_bash_decorator' retrieved from /Library/Frameworks/Python.framework/Versions/3.10/lib/python3.10/site-packages/airflow/example_dags/example_bash_decorator.py
[2025-04-16T00:10:24.899-0500] {logging_mixin.py:190} INFO - [2025-04-16T00:10:24.899-0500] {dag.py:3239} INFO - Sync 1 DAGs
[2025-04-16T00:10:24.903-0500] {logging_mixin.py:190} INFO - [2025-04-16T00:10:24.903-0500] {dag.py:4180} INFO - Setting next_dagrun for example_bash_decorator to None, run_after=None
[2025-04-16T00:10:24.908-0500] {processor.py:208} INFO - Processing /Library/Frameworks/Python.framework/Versions/3.10/lib/python3.10/site-packages/airflow/example_dags/example_bash_decorator.py took 0.130 seconds
[2025-04-16T04:26:01.113-0500] {processor.py:186} INFO - Started process (PID=12533) to work on /Library/Frameworks/Python.framework/Versions/3.10/lib/python3.10/site-packages/airflow/example_dags/example_bash_decorator.py
[2025-04-16T04:26:01.114-0500] {processor.py:914} INFO - Processing file /Library/Frameworks/Python.framework/Versions/3.10/lib/python3.10/site-packages/airflow/example_dags/example_bash_decorator.py for tasks to queue
[2025-04-16T04:26:01.114-0500] {logging_mixin.py:190} INFO - [2025-04-16T04:26:01.114-0500] {dagbag.py:588} INFO - Filling up the DagBag from /Library/Frameworks/Python.framework/Versions/3.10/lib/python3.10/site-packages/airflow/example_dags/example_bash_decorator.py
[2025-04-16T04:26:01.152-0500] {processor.py:925} INFO - DAG(s) 'example_bash_decorator' retrieved from /Library/Frameworks/Python.framework/Versions/3.10/lib/python3.10/site-packages/airflow/example_dags/example_bash_decorator.py
[2025-04-16T04:26:01.225-0500] {logging_mixin.py:190} INFO - [2025-04-16T04:26:01.225-0500] {dag.py:3239} INFO - Sync 1 DAGs
[2025-04-16T04:26:01.229-0500] {logging_mixin.py:190} INFO - [2025-04-16T04:26:01.229-0500] {dag.py:4180} INFO - Setting next_dagrun for example_bash_decorator to None, run_after=None
[2025-04-16T04:26:01.234-0500] {processor.py:208} INFO - Processing /Library/Frameworks/Python.framework/Versions/3.10/lib/python3.10/site-packages/airflow/example_dags/example_bash_decorator.py took 0.123 seconds
[2025-04-16T06:29:10.434-0500] {processor.py:186} INFO - Started process (PID=12889) to work on /Library/Frameworks/Python.framework/Versions/3.10/lib/python3.10/site-packages/airflow/example_dags/example_bash_decorator.py
[2025-04-16T06:29:10.434-0500] {processor.py:914} INFO - Processing file /Library/Frameworks/Python.framework/Versions/3.10/lib/python3.10/site-packages/airflow/example_dags/example_bash_decorator.py for tasks to queue
[2025-04-16T06:29:10.434-0500] {logging_mixin.py:190} INFO - [2025-04-16T06:29:10.434-0500] {dagbag.py:588} INFO - Filling up the DagBag from /Library/Frameworks/Python.framework/Versions/3.10/lib/python3.10/site-packages/airflow/example_dags/example_bash_decorator.py
[2025-04-16T06:29:10.471-0500] {processor.py:925} INFO - DAG(s) 'example_bash_decorator' retrieved from /Library/Frameworks/Python.framework/Versions/3.10/lib/python3.10/site-packages/airflow/example_dags/example_bash_decorator.py
[2025-04-16T06:29:10.547-0500] {logging_mixin.py:190} INFO - [2025-04-16T06:29:10.547-0500] {dag.py:3239} INFO - Sync 1 DAGs
[2025-04-16T06:29:10.551-0500] {logging_mixin.py:190} INFO - [2025-04-16T06:29:10.551-0500] {dag.py:4180} INFO - Setting next_dagrun for example_bash_decorator to None, run_after=None
[2025-04-16T06:29:10.557-0500] {processor.py:208} INFO - Processing /Library/Frameworks/Python.framework/Versions/3.10/lib/python3.10/site-packages/airflow/example_dags/example_bash_decorator.py took 0.125 seconds
[2025-04-16T09:48:50.984-0500] {processor.py:186} INFO - Started process (PID=13302) to work on /Library/Frameworks/Python.framework/Versions/3.10/lib/python3.10/site-packages/airflow/example_dags/example_bash_decorator.py
[2025-04-16T09:48:50.985-0500] {processor.py:914} INFO - Processing file /Library/Frameworks/Python.framework/Versions/3.10/lib/python3.10/site-packages/airflow/example_dags/example_bash_decorator.py for tasks to queue
[2025-04-16T09:48:50.985-0500] {logging_mixin.py:190} INFO - [2025-04-16T09:48:50.985-0500] {dagbag.py:588} INFO - Filling up the DagBag from /Library/Frameworks/Python.framework/Versions/3.10/lib/python3.10/site-packages/airflow/example_dags/example_bash_decorator.py
[2025-04-16T09:48:51.019-0500] {processor.py:925} INFO - DAG(s) 'example_bash_decorator' retrieved from /Library/Frameworks/Python.framework/Versions/3.10/lib/python3.10/site-packages/airflow/example_dags/example_bash_decorator.py
[2025-04-16T09:48:51.092-0500] {logging_mixin.py:190} INFO - [2025-04-16T09:48:51.092-0500] {dag.py:3239} INFO - Sync 1 DAGs
[2025-04-16T09:48:51.096-0500] {logging_mixin.py:190} INFO - [2025-04-16T09:48:51.096-0500] {dag.py:4180} INFO - Setting next_dagrun for example_bash_decorator to None, run_after=None
[2025-04-16T09:48:51.102-0500] {processor.py:208} INFO - Processing /Library/Frameworks/Python.framework/Versions/3.10/lib/python3.10/site-packages/airflow/example_dags/example_bash_decorator.py took 0.120 seconds
[2025-04-16T10:35:13.953-0500] {processor.py:186} INFO - Started process (PID=13784) to work on /Library/Frameworks/Python.framework/Versions/3.10/lib/python3.10/site-packages/airflow/example_dags/example_bash_decorator.py
[2025-04-16T10:35:13.953-0500] {processor.py:914} INFO - Processing file /Library/Frameworks/Python.framework/Versions/3.10/lib/python3.10/site-packages/airflow/example_dags/example_bash_decorator.py for tasks to queue
[2025-04-16T10:35:13.954-0500] {logging_mixin.py:190} INFO - [2025-04-16T10:35:13.954-0500] {dagbag.py:588} INFO - Filling up the DagBag from /Library/Frameworks/Python.framework/Versions/3.10/lib/python3.10/site-packages/airflow/example_dags/example_bash_decorator.py
[2025-04-16T10:35:13.992-0500] {processor.py:925} INFO - DAG(s) 'example_bash_decorator' retrieved from /Library/Frameworks/Python.framework/Versions/3.10/lib/python3.10/site-packages/airflow/example_dags/example_bash_decorator.py
[2025-04-16T10:35:14.067-0500] {logging_mixin.py:190} INFO - [2025-04-16T10:35:14.066-0500] {dag.py:3239} INFO - Sync 1 DAGs
[2025-04-16T10:35:14.071-0500] {logging_mixin.py:190} INFO - [2025-04-16T10:35:14.071-0500] {dag.py:4180} INFO - Setting next_dagrun for example_bash_decorator to None, run_after=None
[2025-04-16T10:35:14.077-0500] {processor.py:208} INFO - Processing /Library/Frameworks/Python.framework/Versions/3.10/lib/python3.10/site-packages/airflow/example_dags/example_bash_decorator.py took 0.126 seconds
[2025-04-16T10:40:04.384-0500] {processor.py:186} INFO - Started process (PID=14099) to work on /Library/Frameworks/Python.framework/Versions/3.10/lib/python3.10/site-packages/airflow/example_dags/example_bash_decorator.py
[2025-04-16T10:40:04.384-0500] {processor.py:914} INFO - Processing file /Library/Frameworks/Python.framework/Versions/3.10/lib/python3.10/site-packages/airflow/example_dags/example_bash_decorator.py for tasks to queue
[2025-04-16T10:40:04.385-0500] {logging_mixin.py:190} INFO - [2025-04-16T10:40:04.385-0500] {dagbag.py:588} INFO - Filling up the DagBag from /Library/Frameworks/Python.framework/Versions/3.10/lib/python3.10/site-packages/airflow/example_dags/example_bash_decorator.py
[2025-04-16T10:40:04.423-0500] {processor.py:925} INFO - DAG(s) 'example_bash_decorator' retrieved from /Library/Frameworks/Python.framework/Versions/3.10/lib/python3.10/site-packages/airflow/example_dags/example_bash_decorator.py
[2025-04-16T10:40:04.503-0500] {logging_mixin.py:190} INFO - [2025-04-16T10:40:04.503-0500] {dag.py:3239} INFO - Sync 1 DAGs
[2025-04-16T10:40:04.507-0500] {logging_mixin.py:190} INFO - [2025-04-16T10:40:04.507-0500] {dag.py:4180} INFO - Setting next_dagrun for example_bash_decorator to None, run_after=None
[2025-04-16T10:40:04.512-0500] {processor.py:208} INFO - Processing /Library/Frameworks/Python.framework/Versions/3.10/lib/python3.10/site-packages/airflow/example_dags/example_bash_decorator.py took 0.130 seconds
[2025-04-16T10:44:48.004-0500] {processor.py:186} INFO - Started process (PID=14387) to work on /Library/Frameworks/Python.framework/Versions/3.10/lib/python3.10/site-packages/airflow/example_dags/example_bash_decorator.py
[2025-04-16T10:44:48.004-0500] {processor.py:914} INFO - Processing file /Library/Frameworks/Python.framework/Versions/3.10/lib/python3.10/site-packages/airflow/example_dags/example_bash_decorator.py for tasks to queue
[2025-04-16T10:44:48.005-0500] {logging_mixin.py:190} INFO - [2025-04-16T10:44:48.005-0500] {dagbag.py:588} INFO - Filling up the DagBag from /Library/Frameworks/Python.framework/Versions/3.10/lib/python3.10/site-packages/airflow/example_dags/example_bash_decorator.py
[2025-04-16T10:44:48.043-0500] {processor.py:925} INFO - DAG(s) 'example_bash_decorator' retrieved from /Library/Frameworks/Python.framework/Versions/3.10/lib/python3.10/site-packages/airflow/example_dags/example_bash_decorator.py
[2025-04-16T10:44:48.123-0500] {logging_mixin.py:190} INFO - [2025-04-16T10:44:48.123-0500] {dag.py:3239} INFO - Sync 1 DAGs
[2025-04-16T10:44:48.127-0500] {logging_mixin.py:190} INFO - [2025-04-16T10:44:48.127-0500] {dag.py:4180} INFO - Setting next_dagrun for example_bash_decorator to None, run_after=None
[2025-04-16T10:44:48.132-0500] {processor.py:208} INFO - Processing /Library/Frameworks/Python.framework/Versions/3.10/lib/python3.10/site-packages/airflow/example_dags/example_bash_decorator.py took 0.130 seconds
[2025-04-16T10:49:21.878-0500] {processor.py:186} INFO - Started process (PID=14681) to work on /Library/Frameworks/Python.framework/Versions/3.10/lib/python3.10/site-packages/airflow/example_dags/example_bash_decorator.py
[2025-04-16T10:49:21.879-0500] {processor.py:914} INFO - Processing file /Library/Frameworks/Python.framework/Versions/3.10/lib/python3.10/site-packages/airflow/example_dags/example_bash_decorator.py for tasks to queue
[2025-04-16T10:49:21.879-0500] {logging_mixin.py:190} INFO - [2025-04-16T10:49:21.879-0500] {dagbag.py:588} INFO - Filling up the DagBag from /Library/Frameworks/Python.framework/Versions/3.10/lib/python3.10/site-packages/airflow/example_dags/example_bash_decorator.py
[2025-04-16T10:49:21.918-0500] {processor.py:925} INFO - DAG(s) 'example_bash_decorator' retrieved from /Library/Frameworks/Python.framework/Versions/3.10/lib/python3.10/site-packages/airflow/example_dags/example_bash_decorator.py
[2025-04-16T10:49:22.001-0500] {logging_mixin.py:190} INFO - [2025-04-16T10:49:22.000-0500] {dag.py:3239} INFO - Sync 1 DAGs
[2025-04-16T10:49:22.005-0500] {logging_mixin.py:190} INFO - [2025-04-16T10:49:22.005-0500] {dag.py:4180} INFO - Setting next_dagrun for example_bash_decorator to None, run_after=None
[2025-04-16T10:49:22.012-0500] {processor.py:208} INFO - Processing /Library/Frameworks/Python.framework/Versions/3.10/lib/python3.10/site-packages/airflow/example_dags/example_bash_decorator.py took 0.136 seconds
[2025-04-16T10:54:07.550-0500] {processor.py:186} INFO - Started process (PID=14961) to work on /Library/Frameworks/Python.framework/Versions/3.10/lib/python3.10/site-packages/airflow/example_dags/example_bash_decorator.py
[2025-04-16T10:54:07.550-0500] {processor.py:914} INFO - Processing file /Library/Frameworks/Python.framework/Versions/3.10/lib/python3.10/site-packages/airflow/example_dags/example_bash_decorator.py for tasks to queue
[2025-04-16T10:54:07.551-0500] {logging_mixin.py:190} INFO - [2025-04-16T10:54:07.551-0500] {dagbag.py:588} INFO - Filling up the DagBag from /Library/Frameworks/Python.framework/Versions/3.10/lib/python3.10/site-packages/airflow/example_dags/example_bash_decorator.py
[2025-04-16T10:54:07.590-0500] {processor.py:925} INFO - DAG(s) 'example_bash_decorator' retrieved from /Library/Frameworks/Python.framework/Versions/3.10/lib/python3.10/site-packages/airflow/example_dags/example_bash_decorator.py
[2025-04-16T10:54:07.671-0500] {logging_mixin.py:190} INFO - [2025-04-16T10:54:07.670-0500] {dag.py:3239} INFO - Sync 1 DAGs
[2025-04-16T10:54:07.674-0500] {logging_mixin.py:190} INFO - [2025-04-16T10:54:07.674-0500] {dag.py:4180} INFO - Setting next_dagrun for example_bash_decorator to None, run_after=None
[2025-04-16T10:54:07.680-0500] {processor.py:208} INFO - Processing /Library/Frameworks/Python.framework/Versions/3.10/lib/python3.10/site-packages/airflow/example_dags/example_bash_decorator.py took 0.132 seconds
[2025-04-16T10:58:47.617-0500] {processor.py:186} INFO - Started process (PID=15224) to work on /Library/Frameworks/Python.framework/Versions/3.10/lib/python3.10/site-packages/airflow/example_dags/example_bash_decorator.py
[2025-04-16T10:58:47.618-0500] {processor.py:914} INFO - Processing file /Library/Frameworks/Python.framework/Versions/3.10/lib/python3.10/site-packages/airflow/example_dags/example_bash_decorator.py for tasks to queue
[2025-04-16T10:58:47.619-0500] {logging_mixin.py:190} INFO - [2025-04-16T10:58:47.619-0500] {dagbag.py:588} INFO - Filling up the DagBag from /Library/Frameworks/Python.framework/Versions/3.10/lib/python3.10/site-packages/airflow/example_dags/example_bash_decorator.py
[2025-04-16T10:58:47.658-0500] {processor.py:925} INFO - DAG(s) 'example_bash_decorator' retrieved from /Library/Frameworks/Python.framework/Versions/3.10/lib/python3.10/site-packages/airflow/example_dags/example_bash_decorator.py
[2025-04-16T10:58:47.738-0500] {logging_mixin.py:190} INFO - [2025-04-16T10:58:47.738-0500] {dag.py:3239} INFO - Sync 1 DAGs
[2025-04-16T10:58:47.742-0500] {logging_mixin.py:190} INFO - [2025-04-16T10:58:47.741-0500] {dag.py:4180} INFO - Setting next_dagrun for example_bash_decorator to None, run_after=None
[2025-04-16T10:58:47.747-0500] {processor.py:208} INFO - Processing /Library/Frameworks/Python.framework/Versions/3.10/lib/python3.10/site-packages/airflow/example_dags/example_bash_decorator.py took 0.131 seconds
[2025-04-16T11:03:53.892-0500] {processor.py:186} INFO - Started process (PID=15513) to work on /Library/Frameworks/Python.framework/Versions/3.10/lib/python3.10/site-packages/airflow/example_dags/example_bash_decorator.py
[2025-04-16T11:03:53.892-0500] {processor.py:914} INFO - Processing file /Library/Frameworks/Python.framework/Versions/3.10/lib/python3.10/site-packages/airflow/example_dags/example_bash_decorator.py for tasks to queue
[2025-04-16T11:03:53.893-0500] {logging_mixin.py:190} INFO - [2025-04-16T11:03:53.893-0500] {dagbag.py:588} INFO - Filling up the DagBag from /Library/Frameworks/Python.framework/Versions/3.10/lib/python3.10/site-packages/airflow/example_dags/example_bash_decorator.py
[2025-04-16T11:03:53.932-0500] {processor.py:925} INFO - DAG(s) 'example_bash_decorator' retrieved from /Library/Frameworks/Python.framework/Versions/3.10/lib/python3.10/site-packages/airflow/example_dags/example_bash_decorator.py
[2025-04-16T11:03:54.013-0500] {logging_mixin.py:190} INFO - [2025-04-16T11:03:54.013-0500] {dag.py:3239} INFO - Sync 1 DAGs
[2025-04-16T11:03:54.017-0500] {logging_mixin.py:190} INFO - [2025-04-16T11:03:54.017-0500] {dag.py:4180} INFO - Setting next_dagrun for example_bash_decorator to None, run_after=None
[2025-04-16T11:03:54.022-0500] {processor.py:208} INFO - Processing /Library/Frameworks/Python.framework/Versions/3.10/lib/python3.10/site-packages/airflow/example_dags/example_bash_decorator.py took 0.132 seconds
[2025-04-16T11:08:47.040-0500] {processor.py:186} INFO - Started process (PID=15836) to work on /Library/Frameworks/Python.framework/Versions/3.10/lib/python3.10/site-packages/airflow/example_dags/example_bash_decorator.py
[2025-04-16T11:08:47.041-0500] {processor.py:914} INFO - Processing file /Library/Frameworks/Python.framework/Versions/3.10/lib/python3.10/site-packages/airflow/example_dags/example_bash_decorator.py for tasks to queue
[2025-04-16T11:08:47.041-0500] {logging_mixin.py:190} INFO - [2025-04-16T11:08:47.041-0500] {dagbag.py:588} INFO - Filling up the DagBag from /Library/Frameworks/Python.framework/Versions/3.10/lib/python3.10/site-packages/airflow/example_dags/example_bash_decorator.py
[2025-04-16T11:08:47.079-0500] {processor.py:925} INFO - DAG(s) 'example_bash_decorator' retrieved from /Library/Frameworks/Python.framework/Versions/3.10/lib/python3.10/site-packages/airflow/example_dags/example_bash_decorator.py
[2025-04-16T11:08:47.158-0500] {logging_mixin.py:190} INFO - [2025-04-16T11:08:47.158-0500] {dag.py:3239} INFO - Sync 1 DAGs
[2025-04-16T11:08:47.162-0500] {logging_mixin.py:190} INFO - [2025-04-16T11:08:47.162-0500] {dag.py:4180} INFO - Setting next_dagrun for example_bash_decorator to None, run_after=None
[2025-04-16T11:08:47.167-0500] {processor.py:208} INFO - Processing /Library/Frameworks/Python.framework/Versions/3.10/lib/python3.10/site-packages/airflow/example_dags/example_bash_decorator.py took 0.129 seconds
[2025-04-16T11:13:18.011-0500] {processor.py:186} INFO - Started process (PID=16132) to work on /Library/Frameworks/Python.framework/Versions/3.10/lib/python3.10/site-packages/airflow/example_dags/example_bash_decorator.py
[2025-04-16T11:13:18.012-0500] {processor.py:914} INFO - Processing file /Library/Frameworks/Python.framework/Versions/3.10/lib/python3.10/site-packages/airflow/example_dags/example_bash_decorator.py for tasks to queue
[2025-04-16T11:13:18.012-0500] {logging_mixin.py:190} INFO - [2025-04-16T11:13:18.012-0500] {dagbag.py:588} INFO - Filling up the DagBag from /Library/Frameworks/Python.framework/Versions/3.10/lib/python3.10/site-packages/airflow/example_dags/example_bash_decorator.py
[2025-04-16T11:13:18.052-0500] {processor.py:925} INFO - DAG(s) 'example_bash_decorator' retrieved from /Library/Frameworks/Python.framework/Versions/3.10/lib/python3.10/site-packages/airflow/example_dags/example_bash_decorator.py
[2025-04-16T11:13:18.132-0500] {logging_mixin.py:190} INFO - [2025-04-16T11:13:18.132-0500] {dag.py:3239} INFO - Sync 1 DAGs
[2025-04-16T11:13:18.136-0500] {logging_mixin.py:190} INFO - [2025-04-16T11:13:18.136-0500] {dag.py:4180} INFO - Setting next_dagrun for example_bash_decorator to None, run_after=None
[2025-04-16T11:13:18.141-0500] {processor.py:208} INFO - Processing /Library/Frameworks/Python.framework/Versions/3.10/lib/python3.10/site-packages/airflow/example_dags/example_bash_decorator.py took 0.132 seconds
[2025-04-16T11:17:43.846-0500] {processor.py:186} INFO - Started process (PID=16431) to work on /Library/Frameworks/Python.framework/Versions/3.10/lib/python3.10/site-packages/airflow/example_dags/example_bash_decorator.py
[2025-04-16T11:17:43.847-0500] {processor.py:914} INFO - Processing file /Library/Frameworks/Python.framework/Versions/3.10/lib/python3.10/site-packages/airflow/example_dags/example_bash_decorator.py for tasks to queue
[2025-04-16T11:17:43.848-0500] {logging_mixin.py:190} INFO - [2025-04-16T11:17:43.848-0500] {dagbag.py:588} INFO - Filling up the DagBag from /Library/Frameworks/Python.framework/Versions/3.10/lib/python3.10/site-packages/airflow/example_dags/example_bash_decorator.py
[2025-04-16T11:17:43.886-0500] {processor.py:925} INFO - DAG(s) 'example_bash_decorator' retrieved from /Library/Frameworks/Python.framework/Versions/3.10/lib/python3.10/site-packages/airflow/example_dags/example_bash_decorator.py
[2025-04-16T11:17:43.965-0500] {logging_mixin.py:190} INFO - [2025-04-16T11:17:43.965-0500] {dag.py:3239} INFO - Sync 1 DAGs
[2025-04-16T11:17:43.969-0500] {logging_mixin.py:190} INFO - [2025-04-16T11:17:43.969-0500] {dag.py:4180} INFO - Setting next_dagrun for example_bash_decorator to None, run_after=None
[2025-04-16T11:17:43.975-0500] {processor.py:208} INFO - Processing /Library/Frameworks/Python.framework/Versions/3.10/lib/python3.10/site-packages/airflow/example_dags/example_bash_decorator.py took 0.130 seconds
[2025-04-16T11:22:23.630-0500] {processor.py:186} INFO - Started process (PID=16715) to work on /Library/Frameworks/Python.framework/Versions/3.10/lib/python3.10/site-packages/airflow/example_dags/example_bash_decorator.py
[2025-04-16T11:22:23.631-0500] {processor.py:914} INFO - Processing file /Library/Frameworks/Python.framework/Versions/3.10/lib/python3.10/site-packages/airflow/example_dags/example_bash_decorator.py for tasks to queue
[2025-04-16T11:22:23.631-0500] {logging_mixin.py:190} INFO - [2025-04-16T11:22:23.631-0500] {dagbag.py:588} INFO - Filling up the DagBag from /Library/Frameworks/Python.framework/Versions/3.10/lib/python3.10/site-packages/airflow/example_dags/example_bash_decorator.py
[2025-04-16T11:22:23.671-0500] {processor.py:925} INFO - DAG(s) 'example_bash_decorator' retrieved from /Library/Frameworks/Python.framework/Versions/3.10/lib/python3.10/site-packages/airflow/example_dags/example_bash_decorator.py
[2025-04-16T11:22:23.751-0500] {logging_mixin.py:190} INFO - [2025-04-16T11:22:23.751-0500] {dag.py:3239} INFO - Sync 1 DAGs
[2025-04-16T11:22:23.755-0500] {logging_mixin.py:190} INFO - [2025-04-16T11:22:23.755-0500] {dag.py:4180} INFO - Setting next_dagrun for example_bash_decorator to None, run_after=None
[2025-04-16T11:22:23.760-0500] {processor.py:208} INFO - Processing /Library/Frameworks/Python.framework/Versions/3.10/lib/python3.10/site-packages/airflow/example_dags/example_bash_decorator.py took 0.132 seconds
[2025-04-16T11:26:58.228-0500] {processor.py:186} INFO - Started process (PID=17046) to work on /Library/Frameworks/Python.framework/Versions/3.10/lib/python3.10/site-packages/airflow/example_dags/example_bash_decorator.py
[2025-04-16T11:26:58.229-0500] {processor.py:914} INFO - Processing file /Library/Frameworks/Python.framework/Versions/3.10/lib/python3.10/site-packages/airflow/example_dags/example_bash_decorator.py for tasks to queue
[2025-04-16T11:26:58.229-0500] {logging_mixin.py:190} INFO - [2025-04-16T11:26:58.229-0500] {dagbag.py:588} INFO - Filling up the DagBag from /Library/Frameworks/Python.framework/Versions/3.10/lib/python3.10/site-packages/airflow/example_dags/example_bash_decorator.py
[2025-04-16T11:26:58.268-0500] {processor.py:925} INFO - DAG(s) 'example_bash_decorator' retrieved from /Library/Frameworks/Python.framework/Versions/3.10/lib/python3.10/site-packages/airflow/example_dags/example_bash_decorator.py
[2025-04-16T11:26:58.349-0500] {logging_mixin.py:190} INFO - [2025-04-16T11:26:58.349-0500] {dag.py:3239} INFO - Sync 1 DAGs
[2025-04-16T11:26:58.353-0500] {logging_mixin.py:190} INFO - [2025-04-16T11:26:58.353-0500] {dag.py:4180} INFO - Setting next_dagrun for example_bash_decorator to None, run_after=None
[2025-04-16T11:26:58.358-0500] {processor.py:208} INFO - Processing /Library/Frameworks/Python.framework/Versions/3.10/lib/python3.10/site-packages/airflow/example_dags/example_bash_decorator.py took 0.132 seconds
[2025-04-16T11:31:24.134-0500] {processor.py:186} INFO - Started process (PID=17338) to work on /Library/Frameworks/Python.framework/Versions/3.10/lib/python3.10/site-packages/airflow/example_dags/example_bash_decorator.py
[2025-04-16T11:31:24.135-0500] {processor.py:914} INFO - Processing file /Library/Frameworks/Python.framework/Versions/3.10/lib/python3.10/site-packages/airflow/example_dags/example_bash_decorator.py for tasks to queue
[2025-04-16T11:31:24.136-0500] {logging_mixin.py:190} INFO - [2025-04-16T11:31:24.136-0500] {dagbag.py:588} INFO - Filling up the DagBag from /Library/Frameworks/Python.framework/Versions/3.10/lib/python3.10/site-packages/airflow/example_dags/example_bash_decorator.py
[2025-04-16T11:31:24.174-0500] {processor.py:925} INFO - DAG(s) 'example_bash_decorator' retrieved from /Library/Frameworks/Python.framework/Versions/3.10/lib/python3.10/site-packages/airflow/example_dags/example_bash_decorator.py
[2025-04-16T11:31:24.251-0500] {logging_mixin.py:190} INFO - [2025-04-16T11:31:24.250-0500] {dag.py:3239} INFO - Sync 1 DAGs
[2025-04-16T11:31:24.254-0500] {logging_mixin.py:190} INFO - [2025-04-16T11:31:24.254-0500] {dag.py:4180} INFO - Setting next_dagrun for example_bash_decorator to None, run_after=None
[2025-04-16T11:31:24.260-0500] {processor.py:208} INFO - Processing /Library/Frameworks/Python.framework/Versions/3.10/lib/python3.10/site-packages/airflow/example_dags/example_bash_decorator.py took 0.127 seconds
[2025-04-16T11:51:51.802-0500] {processor.py:186} INFO - Started process (PID=17699) to work on /Library/Frameworks/Python.framework/Versions/3.10/lib/python3.10/site-packages/airflow/example_dags/example_bash_decorator.py
[2025-04-16T11:51:51.802-0500] {processor.py:914} INFO - Processing file /Library/Frameworks/Python.framework/Versions/3.10/lib/python3.10/site-packages/airflow/example_dags/example_bash_decorator.py for tasks to queue
[2025-04-16T11:51:51.803-0500] {logging_mixin.py:190} INFO - [2025-04-16T11:51:51.802-0500] {dagbag.py:588} INFO - Filling up the DagBag from /Library/Frameworks/Python.framework/Versions/3.10/lib/python3.10/site-packages/airflow/example_dags/example_bash_decorator.py
[2025-04-16T11:51:51.840-0500] {processor.py:925} INFO - DAG(s) 'example_bash_decorator' retrieved from /Library/Frameworks/Python.framework/Versions/3.10/lib/python3.10/site-packages/airflow/example_dags/example_bash_decorator.py
[2025-04-16T11:51:51.919-0500] {logging_mixin.py:190} INFO - [2025-04-16T11:51:51.919-0500] {dag.py:3239} INFO - Sync 1 DAGs
[2025-04-16T11:51:51.923-0500] {logging_mixin.py:190} INFO - [2025-04-16T11:51:51.923-0500] {dag.py:4180} INFO - Setting next_dagrun for example_bash_decorator to None, run_after=None
[2025-04-16T11:51:51.929-0500] {processor.py:208} INFO - Processing /Library/Frameworks/Python.framework/Versions/3.10/lib/python3.10/site-packages/airflow/example_dags/example_bash_decorator.py took 0.129 seconds
[2025-04-16T11:56:16.371-0500] {processor.py:186} INFO - Started process (PID=18056) to work on /Library/Frameworks/Python.framework/Versions/3.10/lib/python3.10/site-packages/airflow/example_dags/example_bash_decorator.py
[2025-04-16T11:56:16.371-0500] {processor.py:914} INFO - Processing file /Library/Frameworks/Python.framework/Versions/3.10/lib/python3.10/site-packages/airflow/example_dags/example_bash_decorator.py for tasks to queue
[2025-04-16T11:56:16.372-0500] {logging_mixin.py:190} INFO - [2025-04-16T11:56:16.372-0500] {dagbag.py:588} INFO - Filling up the DagBag from /Library/Frameworks/Python.framework/Versions/3.10/lib/python3.10/site-packages/airflow/example_dags/example_bash_decorator.py
[2025-04-16T11:56:16.410-0500] {processor.py:925} INFO - DAG(s) 'example_bash_decorator' retrieved from /Library/Frameworks/Python.framework/Versions/3.10/lib/python3.10/site-packages/airflow/example_dags/example_bash_decorator.py
[2025-04-16T11:56:16.489-0500] {logging_mixin.py:190} INFO - [2025-04-16T11:56:16.489-0500] {dag.py:3239} INFO - Sync 1 DAGs
[2025-04-16T11:56:16.493-0500] {logging_mixin.py:190} INFO - [2025-04-16T11:56:16.493-0500] {dag.py:4180} INFO - Setting next_dagrun for example_bash_decorator to None, run_after=None
[2025-04-16T11:56:16.498-0500] {processor.py:208} INFO - Processing /Library/Frameworks/Python.framework/Versions/3.10/lib/python3.10/site-packages/airflow/example_dags/example_bash_decorator.py took 0.129 seconds
[2025-04-16T12:00:55.143-0500] {processor.py:186} INFO - Started process (PID=18396) to work on /Library/Frameworks/Python.framework/Versions/3.10/lib/python3.10/site-packages/airflow/example_dags/example_bash_decorator.py
[2025-04-16T12:00:55.143-0500] {processor.py:914} INFO - Processing file /Library/Frameworks/Python.framework/Versions/3.10/lib/python3.10/site-packages/airflow/example_dags/example_bash_decorator.py for tasks to queue
[2025-04-16T12:00:55.144-0500] {logging_mixin.py:190} INFO - [2025-04-16T12:00:55.144-0500] {dagbag.py:588} INFO - Filling up the DagBag from /Library/Frameworks/Python.framework/Versions/3.10/lib/python3.10/site-packages/airflow/example_dags/example_bash_decorator.py
[2025-04-16T12:00:55.180-0500] {processor.py:925} INFO - DAG(s) 'example_bash_decorator' retrieved from /Library/Frameworks/Python.framework/Versions/3.10/lib/python3.10/site-packages/airflow/example_dags/example_bash_decorator.py
[2025-04-16T12:00:55.258-0500] {logging_mixin.py:190} INFO - [2025-04-16T12:00:55.258-0500] {dag.py:3239} INFO - Sync 1 DAGs
[2025-04-16T12:00:55.262-0500] {logging_mixin.py:190} INFO - [2025-04-16T12:00:55.262-0500] {dag.py:4180} INFO - Setting next_dagrun for example_bash_decorator to None, run_after=None
[2025-04-16T12:00:55.267-0500] {processor.py:208} INFO - Processing /Library/Frameworks/Python.framework/Versions/3.10/lib/python3.10/site-packages/airflow/example_dags/example_bash_decorator.py took 0.126 seconds
[2025-04-16T12:05:11.681-0500] {processor.py:186} INFO - Started process (PID=18731) to work on /Library/Frameworks/Python.framework/Versions/3.10/lib/python3.10/site-packages/airflow/example_dags/example_bash_decorator.py
[2025-04-16T12:05:11.682-0500] {processor.py:914} INFO - Processing file /Library/Frameworks/Python.framework/Versions/3.10/lib/python3.10/site-packages/airflow/example_dags/example_bash_decorator.py for tasks to queue
[2025-04-16T12:05:11.682-0500] {logging_mixin.py:190} INFO - [2025-04-16T12:05:11.682-0500] {dagbag.py:588} INFO - Filling up the DagBag from /Library/Frameworks/Python.framework/Versions/3.10/lib/python3.10/site-packages/airflow/example_dags/example_bash_decorator.py
[2025-04-16T12:05:11.721-0500] {processor.py:925} INFO - DAG(s) 'example_bash_decorator' retrieved from /Library/Frameworks/Python.framework/Versions/3.10/lib/python3.10/site-packages/airflow/example_dags/example_bash_decorator.py
[2025-04-16T12:05:11.802-0500] {logging_mixin.py:190} INFO - [2025-04-16T12:05:11.802-0500] {dag.py:3239} INFO - Sync 1 DAGs
[2025-04-16T12:05:11.806-0500] {logging_mixin.py:190} INFO - [2025-04-16T12:05:11.806-0500] {dag.py:4180} INFO - Setting next_dagrun for example_bash_decorator to None, run_after=None
[2025-04-16T12:05:11.811-0500] {processor.py:208} INFO - Processing /Library/Frameworks/Python.framework/Versions/3.10/lib/python3.10/site-packages/airflow/example_dags/example_bash_decorator.py took 0.132 seconds
[2025-04-16T12:09:35.672-0500] {processor.py:186} INFO - Started process (PID=19049) to work on /Library/Frameworks/Python.framework/Versions/3.10/lib/python3.10/site-packages/airflow/example_dags/example_bash_decorator.py
[2025-04-16T12:09:35.673-0500] {processor.py:914} INFO - Processing file /Library/Frameworks/Python.framework/Versions/3.10/lib/python3.10/site-packages/airflow/example_dags/example_bash_decorator.py for tasks to queue
[2025-04-16T12:09:35.673-0500] {logging_mixin.py:190} INFO - [2025-04-16T12:09:35.673-0500] {dagbag.py:588} INFO - Filling up the DagBag from /Library/Frameworks/Python.framework/Versions/3.10/lib/python3.10/site-packages/airflow/example_dags/example_bash_decorator.py
[2025-04-16T12:09:35.712-0500] {processor.py:925} INFO - DAG(s) 'example_bash_decorator' retrieved from /Library/Frameworks/Python.framework/Versions/3.10/lib/python3.10/site-packages/airflow/example_dags/example_bash_decorator.py
[2025-04-16T12:09:35.794-0500] {logging_mixin.py:190} INFO - [2025-04-16T12:09:35.794-0500] {dag.py:3239} INFO - Sync 1 DAGs
[2025-04-16T12:09:35.798-0500] {logging_mixin.py:190} INFO - [2025-04-16T12:09:35.797-0500] {dag.py:4180} INFO - Setting next_dagrun for example_bash_decorator to None, run_after=None
[2025-04-16T12:09:35.803-0500] {processor.py:208} INFO - Processing /Library/Frameworks/Python.framework/Versions/3.10/lib/python3.10/site-packages/airflow/example_dags/example_bash_decorator.py took 0.133 seconds
[2025-04-16T12:29:52.324-0500] {processor.py:186} INFO - Started process (PID=19386) to work on /Library/Frameworks/Python.framework/Versions/3.10/lib/python3.10/site-packages/airflow/example_dags/example_bash_decorator.py
[2025-04-16T12:29:52.325-0500] {processor.py:914} INFO - Processing file /Library/Frameworks/Python.framework/Versions/3.10/lib/python3.10/site-packages/airflow/example_dags/example_bash_decorator.py for tasks to queue
[2025-04-16T12:29:52.325-0500] {logging_mixin.py:190} INFO - [2025-04-16T12:29:52.325-0500] {dagbag.py:588} INFO - Filling up the DagBag from /Library/Frameworks/Python.framework/Versions/3.10/lib/python3.10/site-packages/airflow/example_dags/example_bash_decorator.py
[2025-04-16T12:29:52.362-0500] {processor.py:925} INFO - DAG(s) 'example_bash_decorator' retrieved from /Library/Frameworks/Python.framework/Versions/3.10/lib/python3.10/site-packages/airflow/example_dags/example_bash_decorator.py
[2025-04-16T12:29:52.441-0500] {logging_mixin.py:190} INFO - [2025-04-16T12:29:52.441-0500] {dag.py:3239} INFO - Sync 1 DAGs
[2025-04-16T12:29:52.445-0500] {logging_mixin.py:190} INFO - [2025-04-16T12:29:52.445-0500] {dag.py:4180} INFO - Setting next_dagrun for example_bash_decorator to None, run_after=None
[2025-04-16T12:29:52.450-0500] {processor.py:208} INFO - Processing /Library/Frameworks/Python.framework/Versions/3.10/lib/python3.10/site-packages/airflow/example_dags/example_bash_decorator.py took 0.128 seconds
[2025-04-16T12:50:31.801-0500] {processor.py:186} INFO - Started process (PID=19731) to work on /Library/Frameworks/Python.framework/Versions/3.10/lib/python3.10/site-packages/airflow/example_dags/example_bash_decorator.py
[2025-04-16T12:50:31.802-0500] {processor.py:914} INFO - Processing file /Library/Frameworks/Python.framework/Versions/3.10/lib/python3.10/site-packages/airflow/example_dags/example_bash_decorator.py for tasks to queue
[2025-04-16T12:50:31.802-0500] {logging_mixin.py:190} INFO - [2025-04-16T12:50:31.802-0500] {dagbag.py:588} INFO - Filling up the DagBag from /Library/Frameworks/Python.framework/Versions/3.10/lib/python3.10/site-packages/airflow/example_dags/example_bash_decorator.py
[2025-04-16T12:50:31.842-0500] {processor.py:925} INFO - DAG(s) 'example_bash_decorator' retrieved from /Library/Frameworks/Python.framework/Versions/3.10/lib/python3.10/site-packages/airflow/example_dags/example_bash_decorator.py
[2025-04-16T12:50:31.917-0500] {logging_mixin.py:190} INFO - [2025-04-16T12:50:31.917-0500] {dag.py:3239} INFO - Sync 1 DAGs
[2025-04-16T12:50:31.921-0500] {logging_mixin.py:190} INFO - [2025-04-16T12:50:31.921-0500] {dag.py:4180} INFO - Setting next_dagrun for example_bash_decorator to None, run_after=None
[2025-04-16T12:50:31.926-0500] {processor.py:208} INFO - Processing /Library/Frameworks/Python.framework/Versions/3.10/lib/python3.10/site-packages/airflow/example_dags/example_bash_decorator.py took 0.127 seconds
[2025-04-16T12:55:30.229-0500] {processor.py:186} INFO - Started process (PID=20103) to work on /Library/Frameworks/Python.framework/Versions/3.10/lib/python3.10/site-packages/airflow/example_dags/example_bash_decorator.py
[2025-04-16T12:55:30.230-0500] {processor.py:914} INFO - Processing file /Library/Frameworks/Python.framework/Versions/3.10/lib/python3.10/site-packages/airflow/example_dags/example_bash_decorator.py for tasks to queue
[2025-04-16T12:55:30.230-0500] {logging_mixin.py:190} INFO - [2025-04-16T12:55:30.230-0500] {dagbag.py:588} INFO - Filling up the DagBag from /Library/Frameworks/Python.framework/Versions/3.10/lib/python3.10/site-packages/airflow/example_dags/example_bash_decorator.py
[2025-04-16T12:55:30.270-0500] {processor.py:925} INFO - DAG(s) 'example_bash_decorator' retrieved from /Library/Frameworks/Python.framework/Versions/3.10/lib/python3.10/site-packages/airflow/example_dags/example_bash_decorator.py
[2025-04-16T12:55:30.351-0500] {logging_mixin.py:190} INFO - [2025-04-16T12:55:30.351-0500] {dag.py:3239} INFO - Sync 1 DAGs
[2025-04-16T12:55:30.354-0500] {logging_mixin.py:190} INFO - [2025-04-16T12:55:30.354-0500] {dag.py:4180} INFO - Setting next_dagrun for example_bash_decorator to None, run_after=None
[2025-04-16T12:55:30.360-0500] {processor.py:208} INFO - Processing /Library/Frameworks/Python.framework/Versions/3.10/lib/python3.10/site-packages/airflow/example_dags/example_bash_decorator.py took 0.133 seconds
[2025-04-16T13:00:34.298-0500] {processor.py:186} INFO - Started process (PID=20462) to work on /Library/Frameworks/Python.framework/Versions/3.10/lib/python3.10/site-packages/airflow/example_dags/example_bash_decorator.py
[2025-04-16T13:00:34.299-0500] {processor.py:914} INFO - Processing file /Library/Frameworks/Python.framework/Versions/3.10/lib/python3.10/site-packages/airflow/example_dags/example_bash_decorator.py for tasks to queue
[2025-04-16T13:00:34.299-0500] {logging_mixin.py:190} INFO - [2025-04-16T13:00:34.299-0500] {dagbag.py:588} INFO - Filling up the DagBag from /Library/Frameworks/Python.framework/Versions/3.10/lib/python3.10/site-packages/airflow/example_dags/example_bash_decorator.py
[2025-04-16T13:00:34.338-0500] {processor.py:925} INFO - DAG(s) 'example_bash_decorator' retrieved from /Library/Frameworks/Python.framework/Versions/3.10/lib/python3.10/site-packages/airflow/example_dags/example_bash_decorator.py
[2025-04-16T13:00:34.415-0500] {logging_mixin.py:190} INFO - [2025-04-16T13:00:34.415-0500] {dag.py:3239} INFO - Sync 1 DAGs
[2025-04-16T13:00:34.419-0500] {logging_mixin.py:190} INFO - [2025-04-16T13:00:34.419-0500] {dag.py:4180} INFO - Setting next_dagrun for example_bash_decorator to None, run_after=None
[2025-04-16T13:00:34.424-0500] {processor.py:208} INFO - Processing /Library/Frameworks/Python.framework/Versions/3.10/lib/python3.10/site-packages/airflow/example_dags/example_bash_decorator.py took 0.127 seconds
[2025-04-16T13:08:58.408-0500] {processor.py:186} INFO - Started process (PID=20810) to work on /Library/Frameworks/Python.framework/Versions/3.10/lib/python3.10/site-packages/airflow/example_dags/example_bash_decorator.py
[2025-04-16T13:08:58.409-0500] {processor.py:914} INFO - Processing file /Library/Frameworks/Python.framework/Versions/3.10/lib/python3.10/site-packages/airflow/example_dags/example_bash_decorator.py for tasks to queue
[2025-04-16T13:08:58.409-0500] {logging_mixin.py:190} INFO - [2025-04-16T13:08:58.409-0500] {dagbag.py:588} INFO - Filling up the DagBag from /Library/Frameworks/Python.framework/Versions/3.10/lib/python3.10/site-packages/airflow/example_dags/example_bash_decorator.py
[2025-04-16T13:08:58.447-0500] {processor.py:925} INFO - DAG(s) 'example_bash_decorator' retrieved from /Library/Frameworks/Python.framework/Versions/3.10/lib/python3.10/site-packages/airflow/example_dags/example_bash_decorator.py
[2025-04-16T13:08:58.529-0500] {logging_mixin.py:190} INFO - [2025-04-16T13:08:58.528-0500] {dag.py:3239} INFO - Sync 1 DAGs
[2025-04-16T13:08:58.532-0500] {logging_mixin.py:190} INFO - [2025-04-16T13:08:58.532-0500] {dag.py:4180} INFO - Setting next_dagrun for example_bash_decorator to None, run_after=None
[2025-04-16T13:08:58.538-0500] {processor.py:208} INFO - Processing /Library/Frameworks/Python.framework/Versions/3.10/lib/python3.10/site-packages/airflow/example_dags/example_bash_decorator.py took 0.131 seconds
[2025-04-16T13:13:46.254-0500] {processor.py:186} INFO - Started process (PID=21130) to work on /Library/Frameworks/Python.framework/Versions/3.10/lib/python3.10/site-packages/airflow/example_dags/example_bash_decorator.py
[2025-04-16T13:13:46.255-0500] {processor.py:914} INFO - Processing file /Library/Frameworks/Python.framework/Versions/3.10/lib/python3.10/site-packages/airflow/example_dags/example_bash_decorator.py for tasks to queue
[2025-04-16T13:13:46.255-0500] {logging_mixin.py:190} INFO - [2025-04-16T13:13:46.255-0500] {dagbag.py:588} INFO - Filling up the DagBag from /Library/Frameworks/Python.framework/Versions/3.10/lib/python3.10/site-packages/airflow/example_dags/example_bash_decorator.py
[2025-04-16T13:13:46.288-0500] {processor.py:925} INFO - DAG(s) 'example_bash_decorator' retrieved from /Library/Frameworks/Python.framework/Versions/3.10/lib/python3.10/site-packages/airflow/example_dags/example_bash_decorator.py
[2025-04-16T13:13:46.368-0500] {logging_mixin.py:190} INFO - [2025-04-16T13:13:46.368-0500] {dag.py:3239} INFO - Sync 1 DAGs
[2025-04-16T13:13:46.372-0500] {logging_mixin.py:190} INFO - [2025-04-16T13:13:46.372-0500] {dag.py:4180} INFO - Setting next_dagrun for example_bash_decorator to None, run_after=None
[2025-04-16T13:13:46.377-0500] {processor.py:208} INFO - Processing /Library/Frameworks/Python.framework/Versions/3.10/lib/python3.10/site-packages/airflow/example_dags/example_bash_decorator.py took 0.125 seconds
[2025-04-16T13:18:19.797-0500] {processor.py:186} INFO - Started process (PID=21409) to work on /Library/Frameworks/Python.framework/Versions/3.10/lib/python3.10/site-packages/airflow/example_dags/example_bash_decorator.py
[2025-04-16T13:18:19.797-0500] {processor.py:914} INFO - Processing file /Library/Frameworks/Python.framework/Versions/3.10/lib/python3.10/site-packages/airflow/example_dags/example_bash_decorator.py for tasks to queue
[2025-04-16T13:18:19.798-0500] {logging_mixin.py:190} INFO - [2025-04-16T13:18:19.798-0500] {dagbag.py:588} INFO - Filling up the DagBag from /Library/Frameworks/Python.framework/Versions/3.10/lib/python3.10/site-packages/airflow/example_dags/example_bash_decorator.py
[2025-04-16T13:18:19.836-0500] {processor.py:925} INFO - DAG(s) 'example_bash_decorator' retrieved from /Library/Frameworks/Python.framework/Versions/3.10/lib/python3.10/site-packages/airflow/example_dags/example_bash_decorator.py
[2025-04-16T13:18:19.916-0500] {logging_mixin.py:190} INFO - [2025-04-16T13:18:19.916-0500] {dag.py:3239} INFO - Sync 1 DAGs
[2025-04-16T13:18:19.920-0500] {logging_mixin.py:190} INFO - [2025-04-16T13:18:19.920-0500] {dag.py:4180} INFO - Setting next_dagrun for example_bash_decorator to None, run_after=None
[2025-04-16T13:18:19.925-0500] {processor.py:208} INFO - Processing /Library/Frameworks/Python.framework/Versions/3.10/lib/python3.10/site-packages/airflow/example_dags/example_bash_decorator.py took 0.130 seconds
[2025-04-16T13:22:58.503-0500] {processor.py:186} INFO - Started process (PID=21723) to work on /Library/Frameworks/Python.framework/Versions/3.10/lib/python3.10/site-packages/airflow/example_dags/example_bash_decorator.py
[2025-04-16T13:22:58.503-0500] {processor.py:914} INFO - Processing file /Library/Frameworks/Python.framework/Versions/3.10/lib/python3.10/site-packages/airflow/example_dags/example_bash_decorator.py for tasks to queue
[2025-04-16T13:22:58.504-0500] {logging_mixin.py:190} INFO - [2025-04-16T13:22:58.504-0500] {dagbag.py:588} INFO - Filling up the DagBag from /Library/Frameworks/Python.framework/Versions/3.10/lib/python3.10/site-packages/airflow/example_dags/example_bash_decorator.py
[2025-04-16T13:22:58.541-0500] {processor.py:925} INFO - DAG(s) 'example_bash_decorator' retrieved from /Library/Frameworks/Python.framework/Versions/3.10/lib/python3.10/site-packages/airflow/example_dags/example_bash_decorator.py
[2025-04-16T13:22:58.622-0500] {logging_mixin.py:190} INFO - [2025-04-16T13:22:58.622-0500] {dag.py:3239} INFO - Sync 1 DAGs
[2025-04-16T13:22:58.625-0500] {logging_mixin.py:190} INFO - [2025-04-16T13:22:58.625-0500] {dag.py:4180} INFO - Setting next_dagrun for example_bash_decorator to None, run_after=None
[2025-04-16T13:22:58.631-0500] {processor.py:208} INFO - Processing /Library/Frameworks/Python.framework/Versions/3.10/lib/python3.10/site-packages/airflow/example_dags/example_bash_decorator.py took 0.130 seconds
[2025-04-16T13:27:38.596-0500] {processor.py:186} INFO - Started process (PID=22094) to work on /Library/Frameworks/Python.framework/Versions/3.10/lib/python3.10/site-packages/airflow/example_dags/example_bash_decorator.py
[2025-04-16T13:27:38.596-0500] {processor.py:914} INFO - Processing file /Library/Frameworks/Python.framework/Versions/3.10/lib/python3.10/site-packages/airflow/example_dags/example_bash_decorator.py for tasks to queue
[2025-04-16T13:27:38.597-0500] {logging_mixin.py:190} INFO - [2025-04-16T13:27:38.597-0500] {dagbag.py:588} INFO - Filling up the DagBag from /Library/Frameworks/Python.framework/Versions/3.10/lib/python3.10/site-packages/airflow/example_dags/example_bash_decorator.py
[2025-04-16T13:27:38.636-0500] {processor.py:925} INFO - DAG(s) 'example_bash_decorator' retrieved from /Library/Frameworks/Python.framework/Versions/3.10/lib/python3.10/site-packages/airflow/example_dags/example_bash_decorator.py
[2025-04-16T13:27:38.718-0500] {logging_mixin.py:190} INFO - [2025-04-16T13:27:38.718-0500] {dag.py:3239} INFO - Sync 1 DAGs
[2025-04-16T13:27:38.722-0500] {logging_mixin.py:190} INFO - [2025-04-16T13:27:38.722-0500] {dag.py:4180} INFO - Setting next_dagrun for example_bash_decorator to None, run_after=None
[2025-04-16T13:27:38.727-0500] {processor.py:208} INFO - Processing /Library/Frameworks/Python.framework/Versions/3.10/lib/python3.10/site-packages/airflow/example_dags/example_bash_decorator.py took 0.133 seconds
[2025-04-16T13:40:40.935-0500] {processor.py:186} INFO - Started process (PID=22604) to work on /Library/Frameworks/Python.framework/Versions/3.10/lib/python3.10/site-packages/airflow/example_dags/example_bash_decorator.py
[2025-04-16T13:40:40.935-0500] {processor.py:914} INFO - Processing file /Library/Frameworks/Python.framework/Versions/3.10/lib/python3.10/site-packages/airflow/example_dags/example_bash_decorator.py for tasks to queue
[2025-04-16T13:40:40.936-0500] {logging_mixin.py:190} INFO - [2025-04-16T13:40:40.936-0500] {dagbag.py:588} INFO - Filling up the DagBag from /Library/Frameworks/Python.framework/Versions/3.10/lib/python3.10/site-packages/airflow/example_dags/example_bash_decorator.py
[2025-04-16T13:40:40.976-0500] {processor.py:925} INFO - DAG(s) 'example_bash_decorator' retrieved from /Library/Frameworks/Python.framework/Versions/3.10/lib/python3.10/site-packages/airflow/example_dags/example_bash_decorator.py
[2025-04-16T13:40:41.057-0500] {logging_mixin.py:190} INFO - [2025-04-16T13:40:41.057-0500] {dag.py:3239} INFO - Sync 1 DAGs
[2025-04-16T13:40:41.061-0500] {logging_mixin.py:190} INFO - [2025-04-16T13:40:41.061-0500] {dag.py:4180} INFO - Setting next_dagrun for example_bash_decorator to None, run_after=None
[2025-04-16T13:40:41.067-0500] {processor.py:208} INFO - Processing /Library/Frameworks/Python.framework/Versions/3.10/lib/python3.10/site-packages/airflow/example_dags/example_bash_decorator.py took 0.134 seconds
[2025-04-16T13:45:42.790-0500] {processor.py:186} INFO - Started process (PID=23037) to work on /Library/Frameworks/Python.framework/Versions/3.10/lib/python3.10/site-packages/airflow/example_dags/example_bash_decorator.py
[2025-04-16T13:45:42.790-0500] {processor.py:914} INFO - Processing file /Library/Frameworks/Python.framework/Versions/3.10/lib/python3.10/site-packages/airflow/example_dags/example_bash_decorator.py for tasks to queue
[2025-04-16T13:45:42.791-0500] {logging_mixin.py:190} INFO - [2025-04-16T13:45:42.791-0500] {dagbag.py:588} INFO - Filling up the DagBag from /Library/Frameworks/Python.framework/Versions/3.10/lib/python3.10/site-packages/airflow/example_dags/example_bash_decorator.py
[2025-04-16T13:45:42.829-0500] {processor.py:925} INFO - DAG(s) 'example_bash_decorator' retrieved from /Library/Frameworks/Python.framework/Versions/3.10/lib/python3.10/site-packages/airflow/example_dags/example_bash_decorator.py
[2025-04-16T13:45:42.909-0500] {logging_mixin.py:190} INFO - [2025-04-16T13:45:42.908-0500] {dag.py:3239} INFO - Sync 1 DAGs
[2025-04-16T13:45:42.912-0500] {logging_mixin.py:190} INFO - [2025-04-16T13:45:42.912-0500] {dag.py:4180} INFO - Setting next_dagrun for example_bash_decorator to None, run_after=None
[2025-04-16T13:45:42.918-0500] {processor.py:208} INFO - Processing /Library/Frameworks/Python.framework/Versions/3.10/lib/python3.10/site-packages/airflow/example_dags/example_bash_decorator.py took 0.130 seconds
[2025-04-16T13:50:30.548-0500] {processor.py:186} INFO - Started process (PID=23360) to work on /Library/Frameworks/Python.framework/Versions/3.10/lib/python3.10/site-packages/airflow/example_dags/example_bash_decorator.py
[2025-04-16T13:50:30.549-0500] {processor.py:914} INFO - Processing file /Library/Frameworks/Python.framework/Versions/3.10/lib/python3.10/site-packages/airflow/example_dags/example_bash_decorator.py for tasks to queue
[2025-04-16T13:50:30.549-0500] {logging_mixin.py:190} INFO - [2025-04-16T13:50:30.549-0500] {dagbag.py:588} INFO - Filling up the DagBag from /Library/Frameworks/Python.framework/Versions/3.10/lib/python3.10/site-packages/airflow/example_dags/example_bash_decorator.py
[2025-04-16T13:50:30.587-0500] {processor.py:925} INFO - DAG(s) 'example_bash_decorator' retrieved from /Library/Frameworks/Python.framework/Versions/3.10/lib/python3.10/site-packages/airflow/example_dags/example_bash_decorator.py
[2025-04-16T13:50:30.670-0500] {logging_mixin.py:190} INFO - [2025-04-16T13:50:30.670-0500] {dag.py:3239} INFO - Sync 1 DAGs
[2025-04-16T13:50:30.674-0500] {logging_mixin.py:190} INFO - [2025-04-16T13:50:30.674-0500] {dag.py:4180} INFO - Setting next_dagrun for example_bash_decorator to None, run_after=None
[2025-04-16T13:50:30.680-0500] {processor.py:208} INFO - Processing /Library/Frameworks/Python.framework/Versions/3.10/lib/python3.10/site-packages/airflow/example_dags/example_bash_decorator.py took 0.135 seconds
[2025-04-16T13:56:04.470-0500] {processor.py:186} INFO - Started process (PID=23702) to work on /Library/Frameworks/Python.framework/Versions/3.10/lib/python3.10/site-packages/airflow/example_dags/example_bash_decorator.py
[2025-04-16T13:56:04.470-0500] {processor.py:914} INFO - Processing file /Library/Frameworks/Python.framework/Versions/3.10/lib/python3.10/site-packages/airflow/example_dags/example_bash_decorator.py for tasks to queue
[2025-04-16T13:56:04.471-0500] {logging_mixin.py:190} INFO - [2025-04-16T13:56:04.470-0500] {dagbag.py:588} INFO - Filling up the DagBag from /Library/Frameworks/Python.framework/Versions/3.10/lib/python3.10/site-packages/airflow/example_dags/example_bash_decorator.py
[2025-04-16T13:56:04.510-0500] {processor.py:925} INFO - DAG(s) 'example_bash_decorator' retrieved from /Library/Frameworks/Python.framework/Versions/3.10/lib/python3.10/site-packages/airflow/example_dags/example_bash_decorator.py
[2025-04-16T13:56:04.592-0500] {logging_mixin.py:190} INFO - [2025-04-16T13:56:04.592-0500] {dag.py:3239} INFO - Sync 1 DAGs
[2025-04-16T13:56:04.596-0500] {logging_mixin.py:190} INFO - [2025-04-16T13:56:04.596-0500] {dag.py:4180} INFO - Setting next_dagrun for example_bash_decorator to None, run_after=None
[2025-04-16T13:56:04.602-0500] {processor.py:208} INFO - Processing /Library/Frameworks/Python.framework/Versions/3.10/lib/python3.10/site-packages/airflow/example_dags/example_bash_decorator.py took 0.134 seconds
[2025-04-16T14:01:11.422-0500] {processor.py:186} INFO - Started process (PID=24037) to work on /Library/Frameworks/Python.framework/Versions/3.10/lib/python3.10/site-packages/airflow/example_dags/example_bash_decorator.py
[2025-04-16T14:01:11.422-0500] {processor.py:914} INFO - Processing file /Library/Frameworks/Python.framework/Versions/3.10/lib/python3.10/site-packages/airflow/example_dags/example_bash_decorator.py for tasks to queue
[2025-04-16T14:01:11.422-0500] {logging_mixin.py:190} INFO - [2025-04-16T14:01:11.422-0500] {dagbag.py:588} INFO - Filling up the DagBag from /Library/Frameworks/Python.framework/Versions/3.10/lib/python3.10/site-packages/airflow/example_dags/example_bash_decorator.py
[2025-04-16T14:01:11.461-0500] {processor.py:925} INFO - DAG(s) 'example_bash_decorator' retrieved from /Library/Frameworks/Python.framework/Versions/3.10/lib/python3.10/site-packages/airflow/example_dags/example_bash_decorator.py
[2025-04-16T14:01:11.544-0500] {logging_mixin.py:190} INFO - [2025-04-16T14:01:11.544-0500] {dag.py:3239} INFO - Sync 1 DAGs
[2025-04-16T14:01:11.548-0500] {logging_mixin.py:190} INFO - [2025-04-16T14:01:11.548-0500] {dag.py:4180} INFO - Setting next_dagrun for example_bash_decorator to None, run_after=None
[2025-04-16T14:01:11.553-0500] {processor.py:208} INFO - Processing /Library/Frameworks/Python.framework/Versions/3.10/lib/python3.10/site-packages/airflow/example_dags/example_bash_decorator.py took 0.134 seconds
[2025-04-16T14:09:08.497-0500] {processor.py:186} INFO - Started process (PID=24406) to work on /Library/Frameworks/Python.framework/Versions/3.10/lib/python3.10/site-packages/airflow/example_dags/example_bash_decorator.py
[2025-04-16T14:09:08.498-0500] {processor.py:914} INFO - Processing file /Library/Frameworks/Python.framework/Versions/3.10/lib/python3.10/site-packages/airflow/example_dags/example_bash_decorator.py for tasks to queue
[2025-04-16T14:09:08.499-0500] {logging_mixin.py:190} INFO - [2025-04-16T14:09:08.498-0500] {dagbag.py:588} INFO - Filling up the DagBag from /Library/Frameworks/Python.framework/Versions/3.10/lib/python3.10/site-packages/airflow/example_dags/example_bash_decorator.py
[2025-04-16T14:09:08.536-0500] {processor.py:925} INFO - DAG(s) 'example_bash_decorator' retrieved from /Library/Frameworks/Python.framework/Versions/3.10/lib/python3.10/site-packages/airflow/example_dags/example_bash_decorator.py
[2025-04-16T14:09:08.612-0500] {logging_mixin.py:190} INFO - [2025-04-16T14:09:08.612-0500] {dag.py:3239} INFO - Sync 1 DAGs
[2025-04-16T14:09:08.616-0500] {logging_mixin.py:190} INFO - [2025-04-16T14:09:08.616-0500] {dag.py:4180} INFO - Setting next_dagrun for example_bash_decorator to None, run_after=None
[2025-04-16T14:09:08.621-0500] {processor.py:208} INFO - Processing /Library/Frameworks/Python.framework/Versions/3.10/lib/python3.10/site-packages/airflow/example_dags/example_bash_decorator.py took 0.126 seconds
[2025-04-16T14:44:16.965-0500] {processor.py:186} INFO - Started process (PID=24804) to work on /Library/Frameworks/Python.framework/Versions/3.10/lib/python3.10/site-packages/airflow/example_dags/example_bash_decorator.py
[2025-04-16T14:44:16.965-0500] {processor.py:914} INFO - Processing file /Library/Frameworks/Python.framework/Versions/3.10/lib/python3.10/site-packages/airflow/example_dags/example_bash_decorator.py for tasks to queue
[2025-04-16T14:44:16.966-0500] {logging_mixin.py:190} INFO - [2025-04-16T14:44:16.966-0500] {dagbag.py:588} INFO - Filling up the DagBag from /Library/Frameworks/Python.framework/Versions/3.10/lib/python3.10/site-packages/airflow/example_dags/example_bash_decorator.py
[2025-04-16T14:44:17.002-0500] {processor.py:925} INFO - DAG(s) 'example_bash_decorator' retrieved from /Library/Frameworks/Python.framework/Versions/3.10/lib/python3.10/site-packages/airflow/example_dags/example_bash_decorator.py
[2025-04-16T14:44:17.082-0500] {logging_mixin.py:190} INFO - [2025-04-16T14:44:17.082-0500] {dag.py:3239} INFO - Sync 1 DAGs
[2025-04-16T14:44:17.086-0500] {logging_mixin.py:190} INFO - [2025-04-16T14:44:17.086-0500] {dag.py:4180} INFO - Setting next_dagrun for example_bash_decorator to None, run_after=None
[2025-04-16T14:44:17.091-0500] {processor.py:208} INFO - Processing /Library/Frameworks/Python.framework/Versions/3.10/lib/python3.10/site-packages/airflow/example_dags/example_bash_decorator.py took 0.128 seconds
[2025-04-16T14:49:29.878-0500] {processor.py:186} INFO - Started process (PID=25177) to work on /Library/Frameworks/Python.framework/Versions/3.10/lib/python3.10/site-packages/airflow/example_dags/example_bash_decorator.py
[2025-04-16T14:49:29.878-0500] {processor.py:914} INFO - Processing file /Library/Frameworks/Python.framework/Versions/3.10/lib/python3.10/site-packages/airflow/example_dags/example_bash_decorator.py for tasks to queue
[2025-04-16T14:49:29.879-0500] {logging_mixin.py:190} INFO - [2025-04-16T14:49:29.878-0500] {dagbag.py:588} INFO - Filling up the DagBag from /Library/Frameworks/Python.framework/Versions/3.10/lib/python3.10/site-packages/airflow/example_dags/example_bash_decorator.py
[2025-04-16T14:49:29.915-0500] {processor.py:925} INFO - DAG(s) 'example_bash_decorator' retrieved from /Library/Frameworks/Python.framework/Versions/3.10/lib/python3.10/site-packages/airflow/example_dags/example_bash_decorator.py
[2025-04-16T14:49:29.996-0500] {logging_mixin.py:190} INFO - [2025-04-16T14:49:29.996-0500] {dag.py:3239} INFO - Sync 1 DAGs
[2025-04-16T14:49:30.000-0500] {logging_mixin.py:190} INFO - [2025-04-16T14:49:30.000-0500] {dag.py:4180} INFO - Setting next_dagrun for example_bash_decorator to None, run_after=None
[2025-04-16T14:49:30.006-0500] {processor.py:208} INFO - Processing /Library/Frameworks/Python.framework/Versions/3.10/lib/python3.10/site-packages/airflow/example_dags/example_bash_decorator.py took 0.130 seconds
[2025-04-16T14:54:27.794-0500] {processor.py:186} INFO - Started process (PID=25487) to work on /Library/Frameworks/Python.framework/Versions/3.10/lib/python3.10/site-packages/airflow/example_dags/example_bash_decorator.py
[2025-04-16T14:54:27.795-0500] {processor.py:914} INFO - Processing file /Library/Frameworks/Python.framework/Versions/3.10/lib/python3.10/site-packages/airflow/example_dags/example_bash_decorator.py for tasks to queue
[2025-04-16T14:54:27.795-0500] {logging_mixin.py:190} INFO - [2025-04-16T14:54:27.795-0500] {dagbag.py:588} INFO - Filling up the DagBag from /Library/Frameworks/Python.framework/Versions/3.10/lib/python3.10/site-packages/airflow/example_dags/example_bash_decorator.py
[2025-04-16T14:54:27.830-0500] {processor.py:925} INFO - DAG(s) 'example_bash_decorator' retrieved from /Library/Frameworks/Python.framework/Versions/3.10/lib/python3.10/site-packages/airflow/example_dags/example_bash_decorator.py
[2025-04-16T14:54:27.908-0500] {logging_mixin.py:190} INFO - [2025-04-16T14:54:27.908-0500] {dag.py:3239} INFO - Sync 1 DAGs
[2025-04-16T14:54:27.912-0500] {logging_mixin.py:190} INFO - [2025-04-16T14:54:27.911-0500] {dag.py:4180} INFO - Setting next_dagrun for example_bash_decorator to None, run_after=None
[2025-04-16T14:54:27.917-0500] {processor.py:208} INFO - Processing /Library/Frameworks/Python.framework/Versions/3.10/lib/python3.10/site-packages/airflow/example_dags/example_bash_decorator.py took 0.124 seconds
[2025-04-16T14:59:20.684-0500] {processor.py:186} INFO - Started process (PID=25817) to work on /Library/Frameworks/Python.framework/Versions/3.10/lib/python3.10/site-packages/airflow/example_dags/example_bash_decorator.py
[2025-04-16T14:59:20.685-0500] {processor.py:914} INFO - Processing file /Library/Frameworks/Python.framework/Versions/3.10/lib/python3.10/site-packages/airflow/example_dags/example_bash_decorator.py for tasks to queue
[2025-04-16T14:59:20.685-0500] {logging_mixin.py:190} INFO - [2025-04-16T14:59:20.685-0500] {dagbag.py:588} INFO - Filling up the DagBag from /Library/Frameworks/Python.framework/Versions/3.10/lib/python3.10/site-packages/airflow/example_dags/example_bash_decorator.py
[2025-04-16T14:59:20.721-0500] {processor.py:925} INFO - DAG(s) 'example_bash_decorator' retrieved from /Library/Frameworks/Python.framework/Versions/3.10/lib/python3.10/site-packages/airflow/example_dags/example_bash_decorator.py
[2025-04-16T14:59:20.802-0500] {logging_mixin.py:190} INFO - [2025-04-16T14:59:20.802-0500] {dag.py:3239} INFO - Sync 1 DAGs
[2025-04-16T14:59:20.805-0500] {logging_mixin.py:190} INFO - [2025-04-16T14:59:20.805-0500] {dag.py:4180} INFO - Setting next_dagrun for example_bash_decorator to None, run_after=None
[2025-04-16T14:59:20.811-0500] {processor.py:208} INFO - Processing /Library/Frameworks/Python.framework/Versions/3.10/lib/python3.10/site-packages/airflow/example_dags/example_bash_decorator.py took 0.129 seconds
[2025-04-16T15:04:23.910-0500] {processor.py:186} INFO - Started process (PID=26123) to work on /Library/Frameworks/Python.framework/Versions/3.10/lib/python3.10/site-packages/airflow/example_dags/example_bash_decorator.py
[2025-04-16T15:04:23.910-0500] {processor.py:914} INFO - Processing file /Library/Frameworks/Python.framework/Versions/3.10/lib/python3.10/site-packages/airflow/example_dags/example_bash_decorator.py for tasks to queue
[2025-04-16T15:04:23.911-0500] {logging_mixin.py:190} INFO - [2025-04-16T15:04:23.911-0500] {dagbag.py:588} INFO - Filling up the DagBag from /Library/Frameworks/Python.framework/Versions/3.10/lib/python3.10/site-packages/airflow/example_dags/example_bash_decorator.py
[2025-04-16T15:04:23.946-0500] {processor.py:925} INFO - DAG(s) 'example_bash_decorator' retrieved from /Library/Frameworks/Python.framework/Versions/3.10/lib/python3.10/site-packages/airflow/example_dags/example_bash_decorator.py
[2025-04-16T15:04:24.027-0500] {logging_mixin.py:190} INFO - [2025-04-16T15:04:24.027-0500] {dag.py:3239} INFO - Sync 1 DAGs
[2025-04-16T15:04:24.031-0500] {logging_mixin.py:190} INFO - [2025-04-16T15:04:24.031-0500] {dag.py:4180} INFO - Setting next_dagrun for example_bash_decorator to None, run_after=None
[2025-04-16T15:04:24.036-0500] {processor.py:208} INFO - Processing /Library/Frameworks/Python.framework/Versions/3.10/lib/python3.10/site-packages/airflow/example_dags/example_bash_decorator.py took 0.128 seconds
[2025-04-16T15:09:23.758-0500] {processor.py:186} INFO - Started process (PID=26444) to work on /Library/Frameworks/Python.framework/Versions/3.10/lib/python3.10/site-packages/airflow/example_dags/example_bash_decorator.py
[2025-04-16T15:09:23.759-0500] {processor.py:914} INFO - Processing file /Library/Frameworks/Python.framework/Versions/3.10/lib/python3.10/site-packages/airflow/example_dags/example_bash_decorator.py for tasks to queue
[2025-04-16T15:09:23.759-0500] {logging_mixin.py:190} INFO - [2025-04-16T15:09:23.759-0500] {dagbag.py:588} INFO - Filling up the DagBag from /Library/Frameworks/Python.framework/Versions/3.10/lib/python3.10/site-packages/airflow/example_dags/example_bash_decorator.py
[2025-04-16T15:09:23.794-0500] {processor.py:925} INFO - DAG(s) 'example_bash_decorator' retrieved from /Library/Frameworks/Python.framework/Versions/3.10/lib/python3.10/site-packages/airflow/example_dags/example_bash_decorator.py
[2025-04-16T15:09:23.874-0500] {logging_mixin.py:190} INFO - [2025-04-16T15:09:23.874-0500] {dag.py:3239} INFO - Sync 1 DAGs
[2025-04-16T15:09:23.878-0500] {logging_mixin.py:190} INFO - [2025-04-16T15:09:23.878-0500] {dag.py:4180} INFO - Setting next_dagrun for example_bash_decorator to None, run_after=None
[2025-04-16T15:09:23.883-0500] {processor.py:208} INFO - Processing /Library/Frameworks/Python.framework/Versions/3.10/lib/python3.10/site-packages/airflow/example_dags/example_bash_decorator.py took 0.126 seconds
[2025-04-16T15:14:09.966-0500] {processor.py:186} INFO - Started process (PID=26791) to work on /Library/Frameworks/Python.framework/Versions/3.10/lib/python3.10/site-packages/airflow/example_dags/example_bash_decorator.py
[2025-04-16T15:14:09.967-0500] {processor.py:914} INFO - Processing file /Library/Frameworks/Python.framework/Versions/3.10/lib/python3.10/site-packages/airflow/example_dags/example_bash_decorator.py for tasks to queue
[2025-04-16T15:14:09.967-0500] {logging_mixin.py:190} INFO - [2025-04-16T15:14:09.967-0500] {dagbag.py:588} INFO - Filling up the DagBag from /Library/Frameworks/Python.framework/Versions/3.10/lib/python3.10/site-packages/airflow/example_dags/example_bash_decorator.py
[2025-04-16T15:14:10.002-0500] {processor.py:925} INFO - DAG(s) 'example_bash_decorator' retrieved from /Library/Frameworks/Python.framework/Versions/3.10/lib/python3.10/site-packages/airflow/example_dags/example_bash_decorator.py
[2025-04-16T15:14:10.082-0500] {logging_mixin.py:190} INFO - [2025-04-16T15:14:10.082-0500] {dag.py:3239} INFO - Sync 1 DAGs
[2025-04-16T15:14:10.086-0500] {logging_mixin.py:190} INFO - [2025-04-16T15:14:10.086-0500] {dag.py:4180} INFO - Setting next_dagrun for example_bash_decorator to None, run_after=None
[2025-04-16T15:14:10.092-0500] {processor.py:208} INFO - Processing /Library/Frameworks/Python.framework/Versions/3.10/lib/python3.10/site-packages/airflow/example_dags/example_bash_decorator.py took 0.127 seconds
[2025-04-16T15:18:54.966-0500] {processor.py:186} INFO - Started process (PID=27095) to work on /Library/Frameworks/Python.framework/Versions/3.10/lib/python3.10/site-packages/airflow/example_dags/example_bash_decorator.py
[2025-04-16T15:18:54.967-0500] {processor.py:914} INFO - Processing file /Library/Frameworks/Python.framework/Versions/3.10/lib/python3.10/site-packages/airflow/example_dags/example_bash_decorator.py for tasks to queue
[2025-04-16T15:18:54.968-0500] {logging_mixin.py:190} INFO - [2025-04-16T15:18:54.968-0500] {dagbag.py:588} INFO - Filling up the DagBag from /Library/Frameworks/Python.framework/Versions/3.10/lib/python3.10/site-packages/airflow/example_dags/example_bash_decorator.py
[2025-04-16T15:18:55.005-0500] {processor.py:925} INFO - DAG(s) 'example_bash_decorator' retrieved from /Library/Frameworks/Python.framework/Versions/3.10/lib/python3.10/site-packages/airflow/example_dags/example_bash_decorator.py
[2025-04-16T15:18:55.091-0500] {logging_mixin.py:190} INFO - [2025-04-16T15:18:55.091-0500] {dag.py:3239} INFO - Sync 1 DAGs
[2025-04-16T15:18:55.095-0500] {logging_mixin.py:190} INFO - [2025-04-16T15:18:55.095-0500] {dag.py:4180} INFO - Setting next_dagrun for example_bash_decorator to None, run_after=None
[2025-04-16T15:18:55.101-0500] {processor.py:208} INFO - Processing /Library/Frameworks/Python.framework/Versions/3.10/lib/python3.10/site-packages/airflow/example_dags/example_bash_decorator.py took 0.137 seconds
[2025-04-16T15:23:52.971-0500] {processor.py:186} INFO - Started process (PID=27434) to work on /Library/Frameworks/Python.framework/Versions/3.10/lib/python3.10/site-packages/airflow/example_dags/example_bash_decorator.py
[2025-04-16T15:23:52.972-0500] {processor.py:914} INFO - Processing file /Library/Frameworks/Python.framework/Versions/3.10/lib/python3.10/site-packages/airflow/example_dags/example_bash_decorator.py for tasks to queue
[2025-04-16T15:23:52.972-0500] {logging_mixin.py:190} INFO - [2025-04-16T15:23:52.972-0500] {dagbag.py:588} INFO - Filling up the DagBag from /Library/Frameworks/Python.framework/Versions/3.10/lib/python3.10/site-packages/airflow/example_dags/example_bash_decorator.py
[2025-04-16T15:23:53.008-0500] {processor.py:925} INFO - DAG(s) 'example_bash_decorator' retrieved from /Library/Frameworks/Python.framework/Versions/3.10/lib/python3.10/site-packages/airflow/example_dags/example_bash_decorator.py
[2025-04-16T15:23:53.089-0500] {logging_mixin.py:190} INFO - [2025-04-16T15:23:53.089-0500] {dag.py:3239} INFO - Sync 1 DAGs
[2025-04-16T15:23:53.092-0500] {logging_mixin.py:190} INFO - [2025-04-16T15:23:53.092-0500] {dag.py:4180} INFO - Setting next_dagrun for example_bash_decorator to None, run_after=None
[2025-04-16T15:23:53.098-0500] {processor.py:208} INFO - Processing /Library/Frameworks/Python.framework/Versions/3.10/lib/python3.10/site-packages/airflow/example_dags/example_bash_decorator.py took 0.128 seconds
[2025-04-16T15:29:04.508-0500] {processor.py:186} INFO - Started process (PID=27784) to work on /Library/Frameworks/Python.framework/Versions/3.10/lib/python3.10/site-packages/airflow/example_dags/example_bash_decorator.py
[2025-04-16T15:29:04.509-0500] {processor.py:914} INFO - Processing file /Library/Frameworks/Python.framework/Versions/3.10/lib/python3.10/site-packages/airflow/example_dags/example_bash_decorator.py for tasks to queue
[2025-04-16T15:29:04.509-0500] {logging_mixin.py:190} INFO - [2025-04-16T15:29:04.509-0500] {dagbag.py:588} INFO - Filling up the DagBag from /Library/Frameworks/Python.framework/Versions/3.10/lib/python3.10/site-packages/airflow/example_dags/example_bash_decorator.py
[2025-04-16T15:29:04.544-0500] {processor.py:925} INFO - DAG(s) 'example_bash_decorator' retrieved from /Library/Frameworks/Python.framework/Versions/3.10/lib/python3.10/site-packages/airflow/example_dags/example_bash_decorator.py
[2025-04-16T15:29:04.624-0500] {logging_mixin.py:190} INFO - [2025-04-16T15:29:04.624-0500] {dag.py:3239} INFO - Sync 1 DAGs
[2025-04-16T15:29:04.628-0500] {logging_mixin.py:190} INFO - [2025-04-16T15:29:04.628-0500] {dag.py:4180} INFO - Setting next_dagrun for example_bash_decorator to None, run_after=None
[2025-04-16T15:29:04.635-0500] {processor.py:208} INFO - Processing /Library/Frameworks/Python.framework/Versions/3.10/lib/python3.10/site-packages/airflow/example_dags/example_bash_decorator.py took 0.128 seconds
[2025-04-16T15:43:42.533-0500] {processor.py:186} INFO - Started process (PID=28169) to work on /Library/Frameworks/Python.framework/Versions/3.10/lib/python3.10/site-packages/airflow/example_dags/example_bash_decorator.py
[2025-04-16T15:43:42.534-0500] {processor.py:914} INFO - Processing file /Library/Frameworks/Python.framework/Versions/3.10/lib/python3.10/site-packages/airflow/example_dags/example_bash_decorator.py for tasks to queue
[2025-04-16T15:43:42.534-0500] {logging_mixin.py:190} INFO - [2025-04-16T15:43:42.534-0500] {dagbag.py:588} INFO - Filling up the DagBag from /Library/Frameworks/Python.framework/Versions/3.10/lib/python3.10/site-packages/airflow/example_dags/example_bash_decorator.py
[2025-04-16T15:43:42.567-0500] {processor.py:925} INFO - DAG(s) 'example_bash_decorator' retrieved from /Library/Frameworks/Python.framework/Versions/3.10/lib/python3.10/site-packages/airflow/example_dags/example_bash_decorator.py
[2025-04-16T15:43:42.646-0500] {logging_mixin.py:190} INFO - [2025-04-16T15:43:42.646-0500] {dag.py:3239} INFO - Sync 1 DAGs
[2025-04-16T15:43:42.650-0500] {logging_mixin.py:190} INFO - [2025-04-16T15:43:42.650-0500] {dag.py:4180} INFO - Setting next_dagrun for example_bash_decorator to None, run_after=None
[2025-04-16T15:43:42.655-0500] {processor.py:208} INFO - Processing /Library/Frameworks/Python.framework/Versions/3.10/lib/python3.10/site-packages/airflow/example_dags/example_bash_decorator.py took 0.124 seconds
[2025-04-16T15:56:40.948-0500] {processor.py:186} INFO - Started process (PID=28688) to work on /Library/Frameworks/Python.framework/Versions/3.10/lib/python3.10/site-packages/airflow/example_dags/example_bash_decorator.py
[2025-04-16T15:56:40.949-0500] {processor.py:914} INFO - Processing file /Library/Frameworks/Python.framework/Versions/3.10/lib/python3.10/site-packages/airflow/example_dags/example_bash_decorator.py for tasks to queue
[2025-04-16T15:56:40.949-0500] {logging_mixin.py:190} INFO - [2025-04-16T15:56:40.949-0500] {dagbag.py:588} INFO - Filling up the DagBag from /Library/Frameworks/Python.framework/Versions/3.10/lib/python3.10/site-packages/airflow/example_dags/example_bash_decorator.py
[2025-04-16T15:56:40.985-0500] {processor.py:925} INFO - DAG(s) 'example_bash_decorator' retrieved from /Library/Frameworks/Python.framework/Versions/3.10/lib/python3.10/site-packages/airflow/example_dags/example_bash_decorator.py
[2025-04-16T15:56:41.066-0500] {logging_mixin.py:190} INFO - [2025-04-16T15:56:41.066-0500] {dag.py:3239} INFO - Sync 1 DAGs
[2025-04-16T15:56:41.070-0500] {logging_mixin.py:190} INFO - [2025-04-16T15:56:41.070-0500] {dag.py:4180} INFO - Setting next_dagrun for example_bash_decorator to None, run_after=None
[2025-04-16T15:56:41.076-0500] {processor.py:208} INFO - Processing /Library/Frameworks/Python.framework/Versions/3.10/lib/python3.10/site-packages/airflow/example_dags/example_bash_decorator.py took 0.130 seconds
[2025-04-16T16:01:35.418-0500] {processor.py:186} INFO - Started process (PID=29055) to work on /Library/Frameworks/Python.framework/Versions/3.10/lib/python3.10/site-packages/airflow/example_dags/example_bash_decorator.py
[2025-04-16T16:01:35.419-0500] {processor.py:914} INFO - Processing file /Library/Frameworks/Python.framework/Versions/3.10/lib/python3.10/site-packages/airflow/example_dags/example_bash_decorator.py for tasks to queue
[2025-04-16T16:01:35.419-0500] {logging_mixin.py:190} INFO - [2025-04-16T16:01:35.419-0500] {dagbag.py:588} INFO - Filling up the DagBag from /Library/Frameworks/Python.framework/Versions/3.10/lib/python3.10/site-packages/airflow/example_dags/example_bash_decorator.py
[2025-04-16T16:01:35.455-0500] {processor.py:925} INFO - DAG(s) 'example_bash_decorator' retrieved from /Library/Frameworks/Python.framework/Versions/3.10/lib/python3.10/site-packages/airflow/example_dags/example_bash_decorator.py
[2025-04-16T16:01:35.535-0500] {logging_mixin.py:190} INFO - [2025-04-16T16:01:35.535-0500] {dag.py:3239} INFO - Sync 1 DAGs
[2025-04-16T16:01:35.539-0500] {logging_mixin.py:190} INFO - [2025-04-16T16:01:35.539-0500] {dag.py:4180} INFO - Setting next_dagrun for example_bash_decorator to None, run_after=None
[2025-04-16T16:01:35.544-0500] {processor.py:208} INFO - Processing /Library/Frameworks/Python.framework/Versions/3.10/lib/python3.10/site-packages/airflow/example_dags/example_bash_decorator.py took 0.128 seconds
[2025-04-16T16:06:03.906-0500] {processor.py:186} INFO - Started process (PID=29408) to work on /Library/Frameworks/Python.framework/Versions/3.10/lib/python3.10/site-packages/airflow/example_dags/example_bash_decorator.py
[2025-04-16T16:06:03.907-0500] {processor.py:914} INFO - Processing file /Library/Frameworks/Python.framework/Versions/3.10/lib/python3.10/site-packages/airflow/example_dags/example_bash_decorator.py for tasks to queue
[2025-04-16T16:06:03.907-0500] {logging_mixin.py:190} INFO - [2025-04-16T16:06:03.907-0500] {dagbag.py:588} INFO - Filling up the DagBag from /Library/Frameworks/Python.framework/Versions/3.10/lib/python3.10/site-packages/airflow/example_dags/example_bash_decorator.py
[2025-04-16T16:06:03.940-0500] {processor.py:925} INFO - DAG(s) 'example_bash_decorator' retrieved from /Library/Frameworks/Python.framework/Versions/3.10/lib/python3.10/site-packages/airflow/example_dags/example_bash_decorator.py
[2025-04-16T16:06:04.020-0500] {logging_mixin.py:190} INFO - [2025-04-16T16:06:04.020-0500] {dag.py:3239} INFO - Sync 1 DAGs
[2025-04-16T16:06:04.024-0500] {logging_mixin.py:190} INFO - [2025-04-16T16:06:04.024-0500] {dag.py:4180} INFO - Setting next_dagrun for example_bash_decorator to None, run_after=None
[2025-04-16T16:06:04.029-0500] {processor.py:208} INFO - Processing /Library/Frameworks/Python.framework/Versions/3.10/lib/python3.10/site-packages/airflow/example_dags/example_bash_decorator.py took 0.125 seconds
[2025-04-16T16:10:31.005-0500] {processor.py:186} INFO - Started process (PID=29703) to work on /Library/Frameworks/Python.framework/Versions/3.10/lib/python3.10/site-packages/airflow/example_dags/example_bash_decorator.py
[2025-04-16T16:10:31.006-0500] {processor.py:914} INFO - Processing file /Library/Frameworks/Python.framework/Versions/3.10/lib/python3.10/site-packages/airflow/example_dags/example_bash_decorator.py for tasks to queue
[2025-04-16T16:10:31.006-0500] {logging_mixin.py:190} INFO - [2025-04-16T16:10:31.006-0500] {dagbag.py:588} INFO - Filling up the DagBag from /Library/Frameworks/Python.framework/Versions/3.10/lib/python3.10/site-packages/airflow/example_dags/example_bash_decorator.py
[2025-04-16T16:10:31.040-0500] {processor.py:925} INFO - DAG(s) 'example_bash_decorator' retrieved from /Library/Frameworks/Python.framework/Versions/3.10/lib/python3.10/site-packages/airflow/example_dags/example_bash_decorator.py
[2025-04-16T16:10:31.121-0500] {logging_mixin.py:190} INFO - [2025-04-16T16:10:31.121-0500] {dag.py:3239} INFO - Sync 1 DAGs
[2025-04-16T16:10:31.125-0500] {logging_mixin.py:190} INFO - [2025-04-16T16:10:31.125-0500] {dag.py:4180} INFO - Setting next_dagrun for example_bash_decorator to None, run_after=None
[2025-04-16T16:10:31.130-0500] {processor.py:208} INFO - Processing /Library/Frameworks/Python.framework/Versions/3.10/lib/python3.10/site-packages/airflow/example_dags/example_bash_decorator.py took 0.127 seconds
[2025-04-16T16:14:57.305-0500] {processor.py:186} INFO - Started process (PID=29979) to work on /Library/Frameworks/Python.framework/Versions/3.10/lib/python3.10/site-packages/airflow/example_dags/example_bash_decorator.py
[2025-04-16T16:14:57.306-0500] {processor.py:914} INFO - Processing file /Library/Frameworks/Python.framework/Versions/3.10/lib/python3.10/site-packages/airflow/example_dags/example_bash_decorator.py for tasks to queue
[2025-04-16T16:14:57.306-0500] {logging_mixin.py:190} INFO - [2025-04-16T16:14:57.306-0500] {dagbag.py:588} INFO - Filling up the DagBag from /Library/Frameworks/Python.framework/Versions/3.10/lib/python3.10/site-packages/airflow/example_dags/example_bash_decorator.py
[2025-04-16T16:14:57.342-0500] {processor.py:925} INFO - DAG(s) 'example_bash_decorator' retrieved from /Library/Frameworks/Python.framework/Versions/3.10/lib/python3.10/site-packages/airflow/example_dags/example_bash_decorator.py
[2025-04-16T16:14:57.422-0500] {logging_mixin.py:190} INFO - [2025-04-16T16:14:57.421-0500] {dag.py:3239} INFO - Sync 1 DAGs
[2025-04-16T16:14:57.425-0500] {logging_mixin.py:190} INFO - [2025-04-16T16:14:57.425-0500] {dag.py:4180} INFO - Setting next_dagrun for example_bash_decorator to None, run_after=None
[2025-04-16T16:14:57.431-0500] {processor.py:208} INFO - Processing /Library/Frameworks/Python.framework/Versions/3.10/lib/python3.10/site-packages/airflow/example_dags/example_bash_decorator.py took 0.127 seconds
[2025-04-16T16:21:44.293-0500] {processor.py:186} INFO - Started process (PID=30263) to work on /Library/Frameworks/Python.framework/Versions/3.10/lib/python3.10/site-packages/airflow/example_dags/example_bash_decorator.py
[2025-04-16T16:21:44.294-0500] {processor.py:914} INFO - Processing file /Library/Frameworks/Python.framework/Versions/3.10/lib/python3.10/site-packages/airflow/example_dags/example_bash_decorator.py for tasks to queue
[2025-04-16T16:21:44.294-0500] {logging_mixin.py:190} INFO - [2025-04-16T16:21:44.294-0500] {dagbag.py:588} INFO - Filling up the DagBag from /Library/Frameworks/Python.framework/Versions/3.10/lib/python3.10/site-packages/airflow/example_dags/example_bash_decorator.py
[2025-04-16T16:21:44.329-0500] {processor.py:925} INFO - DAG(s) 'example_bash_decorator' retrieved from /Library/Frameworks/Python.framework/Versions/3.10/lib/python3.10/site-packages/airflow/example_dags/example_bash_decorator.py
[2025-04-16T16:21:44.410-0500] {logging_mixin.py:190} INFO - [2025-04-16T16:21:44.410-0500] {dag.py:3239} INFO - Sync 1 DAGs
[2025-04-16T16:21:44.414-0500] {logging_mixin.py:190} INFO - [2025-04-16T16:21:44.414-0500] {dag.py:4180} INFO - Setting next_dagrun for example_bash_decorator to None, run_after=None
[2025-04-16T16:21:44.419-0500] {processor.py:208} INFO - Processing /Library/Frameworks/Python.framework/Versions/3.10/lib/python3.10/site-packages/airflow/example_dags/example_bash_decorator.py took 0.128 seconds
[2025-04-16T16:40:15.175-0500] {processor.py:186} INFO - Started process (PID=30574) to work on /Library/Frameworks/Python.framework/Versions/3.10/lib/python3.10/site-packages/airflow/example_dags/example_bash_decorator.py
[2025-04-16T16:40:15.175-0500] {processor.py:914} INFO - Processing file /Library/Frameworks/Python.framework/Versions/3.10/lib/python3.10/site-packages/airflow/example_dags/example_bash_decorator.py for tasks to queue
[2025-04-16T16:40:15.176-0500] {logging_mixin.py:190} INFO - [2025-04-16T16:40:15.176-0500] {dagbag.py:588} INFO - Filling up the DagBag from /Library/Frameworks/Python.framework/Versions/3.10/lib/python3.10/site-packages/airflow/example_dags/example_bash_decorator.py
[2025-04-16T16:40:15.209-0500] {processor.py:925} INFO - DAG(s) 'example_bash_decorator' retrieved from /Library/Frameworks/Python.framework/Versions/3.10/lib/python3.10/site-packages/airflow/example_dags/example_bash_decorator.py
[2025-04-16T16:40:15.289-0500] {logging_mixin.py:190} INFO - [2025-04-16T16:40:15.289-0500] {dag.py:3239} INFO - Sync 1 DAGs
[2025-04-16T16:40:15.293-0500] {logging_mixin.py:190} INFO - [2025-04-16T16:40:15.293-0500] {dag.py:4180} INFO - Setting next_dagrun for example_bash_decorator to None, run_after=None
[2025-04-16T16:40:15.298-0500] {processor.py:208} INFO - Processing /Library/Frameworks/Python.framework/Versions/3.10/lib/python3.10/site-packages/airflow/example_dags/example_bash_decorator.py took 0.125 seconds
