[2025-04-17T00:00:06.623-0500] {local_task_job_runner.py:123} INFO - ::group::Pre task execution logs
[2025-04-17T00:00:06.627-0500] {taskinstance.py:2614} INFO - Dependencies all met for dep_context=non-requeueable deps ti=<TaskInstance: multi_city_weather_pipeline.fetch_weather_for_all_cities scheduled__2025-04-17T04:00:00+00:00 [queued]>
[2025-04-17T00:00:06.628-0500] {taskinstance.py:2614} INFO - Dependencies all met for dep_context=requeueable deps ti=<TaskInstance: multi_city_weather_pipeline.fetch_weather_for_all_cities scheduled__2025-04-17T04:00:00+00:00 [queued]>
[2025-04-17T00:00:06.628-0500] {taskinstance.py:2867} INFO - Starting attempt 1 of 2
[2025-04-17T00:00:06.632-0500] {taskinstance.py:2890} INFO - Executing <Task(PythonOperator): fetch_weather_for_all_cities> on 2025-04-17 04:00:00+00:00
[2025-04-17T00:00:06.635-0500] {standard_task_runner.py:72} INFO - Started process 46107 to run task
[2025-04-17T00:00:06.638-0500] {standard_task_runner.py:104} INFO - Running: ['airflow', 'tasks', 'run', 'multi_city_weather_pipeline', 'fetch_weather_for_all_cities', 'scheduled__2025-04-17T04:00:00+00:00', '--job-id', '134', '--raw', '--subdir', 'DAGS_FOLDER/weather_pipeline_dag.py', '--cfg-path', '/var/folders/4n/q_76d_d57mb9q1qtrf4mvh940000gn/T/tmpgfcb3tr9']
[2025-04-17T00:00:06.639-0500] {standard_task_runner.py:105} INFO - Job 134: Subtask fetch_weather_for_all_cities
[2025-04-17T00:00:06.656-0500] {task_command.py:467} INFO - Running <TaskInstance: multi_city_weather_pipeline.fetch_weather_for_all_cities scheduled__2025-04-17T04:00:00+00:00 [running]> on host ramyas-air.lan
[2025-04-17T00:00:06.676-0500] {taskinstance.py:3134} INFO - Exporting env vars: AIRFLOW_CTX_DAG_OWNER='airflow' AIRFLOW_CTX_DAG_ID='multi_city_weather_pipeline' AIRFLOW_CTX_TASK_ID='fetch_weather_for_all_cities' AIRFLOW_CTX_EXECUTION_DATE='2025-04-17T04:00:00+00:00' AIRFLOW_CTX_TRY_NUMBER='1' AIRFLOW_CTX_DAG_RUN_ID='scheduled__2025-04-17T04:00:00+00:00'
[2025-04-17T00:00:06.677-0500] {logging_mixin.py:190} INFO - Task instance is in running state
[2025-04-17T00:00:06.677-0500] {logging_mixin.py:190} INFO -  Previous state of the Task instance: queued
[2025-04-17T00:00:06.677-0500] {logging_mixin.py:190} INFO - Current task name:fetch_weather_for_all_cities state:running start_date:2025-04-17 05:00:06.627102+00:00
[2025-04-17T00:00:06.677-0500] {logging_mixin.py:190} INFO - Dag name:multi_city_weather_pipeline and current dag run status:running
[2025-04-17T00:00:06.677-0500] {taskinstance.py:732} INFO - ::endgroup::
[2025-04-17T00:00:07.934-0500] {logging_mixin.py:190} INFO - Dallas: 22.15°C, few clouds
[2025-04-17T00:00:08.659-0500] {logging_mixin.py:190} INFO - Saved Dallas to DB.
[2025-04-17T00:00:08.874-0500] {logging_mixin.py:190} INFO - New York: 7.17°C, overcast clouds
[2025-04-17T00:00:09.156-0500] {logging_mixin.py:190} INFO - Saved New York to DB.
[2025-04-17T00:00:09.336-0500] {logging_mixin.py:190} INFO - London: 3.99°C, broken clouds
[2025-04-17T00:00:09.580-0500] {logging_mixin.py:190} INFO - Saved London to DB.
[2025-04-17T00:00:09.791-0500] {logging_mixin.py:190} INFO - Tokyo: 22.34°C, broken clouds
[2025-04-17T00:00:09.956-0500] {logging_mixin.py:190} INFO - Saved Tokyo to DB.
[2025-04-17T00:00:10.168-0500] {logging_mixin.py:190} INFO - Bengaluru: 28.85°C, few clouds
[2025-04-17T00:00:10.496-0500] {logging_mixin.py:190} INFO - Saved Bengaluru to DB.
[2025-04-17T00:00:10.681-0500] {logging_mixin.py:190} INFO - San Francisco: 12.35°C, broken clouds
[2025-04-17T00:00:10.981-0500] {logging_mixin.py:190} INFO - Saved San Francisco to DB.
[2025-04-17T00:00:11.188-0500] {logging_mixin.py:190} INFO - Chicago: 4.29°C, overcast clouds
[2025-04-17T00:00:11.446-0500] {logging_mixin.py:190} INFO - Saved Chicago to DB.
[2025-04-17T00:00:11.634-0500] {logging_mixin.py:190} INFO - Berlin: 14.81°C, clear sky
[2025-04-17T00:00:11.759-0500] {logging_mixin.py:190} INFO - Saved Berlin to DB.
[2025-04-17T00:00:12.299-0500] {logging_mixin.py:190} INFO - Sydney: 21.52°C, light rain
[2025-04-17T00:00:12.466-0500] {logging_mixin.py:190} INFO - Saved Sydney to DB.
[2025-04-17T00:00:12.655-0500] {logging_mixin.py:190} INFO - Toronto: 2.17°C, clear sky
[2025-04-17T00:00:12.873-0500] {logging_mixin.py:190} INFO - Saved Toronto to DB.
[2025-04-17T00:00:13.966-0500] {logging_mixin.py:190} INFO - Mumbai: 28.5°C, clear sky
[2025-04-17T00:00:14.231-0500] {logging_mixin.py:190} INFO - Saved Mumbai to DB.
[2025-04-17T00:00:14.447-0500] {logging_mixin.py:190} INFO - Cape Town: 16.3°C, overcast clouds
[2025-04-17T00:00:14.534-0500] {logging_mixin.py:190} INFO - Saved Cape Town to DB.
[2025-04-17T00:00:14.601-0500] {logging_mixin.py:190} INFO - ✅ Excel report saved: /Users/Ramya_Rangaraju/Data_engineering_projects/weather_pipeline/scripts/../reports/weather_report_2025-04-17.xlsx
[2025-04-17T00:00:14.602-0500] {python.py:240} INFO - Done. Returned value was: None
[2025-04-17T00:00:14.607-0500] {taskinstance.py:341} INFO - ::group::Post task execution logs
[2025-04-17T00:00:14.608-0500] {taskinstance.py:353} INFO - Marking task as SUCCESS. dag_id=multi_city_weather_pipeline, task_id=fetch_weather_for_all_cities, run_id=scheduled__2025-04-17T04:00:00+00:00, execution_date=20250417T040000, start_date=20250417T050006, end_date=20250417T050014
[2025-04-17T00:00:14.613-0500] {logging_mixin.py:190} INFO - Task instance in success state
[2025-04-17T00:00:14.613-0500] {logging_mixin.py:190} INFO -  Previous state of the Task instance: running
[2025-04-17T00:00:14.614-0500] {logging_mixin.py:190} INFO - Dag name:multi_city_weather_pipeline queued_at:2025-04-17 05:00:01.406921+00:00
[2025-04-17T00:00:14.614-0500] {logging_mixin.py:190} INFO - Task hostname:ramyas-air.lan operator:PythonOperator
[2025-04-17T00:00:14.616-0500] {local_task_job_runner.py:266} INFO - Task exited with return code 0
[2025-04-17T00:00:14.620-0500] {taskinstance.py:3901} INFO - 0 downstream tasks scheduled from follow-on schedule check
[2025-04-17T00:00:14.620-0500] {local_task_job_runner.py:245} INFO - ::endgroup::
