[2025-04-16T06:11:34.417-0500] {local_task_job_runner.py:123} INFO - ::group::Pre task execution logs
[2025-04-16T06:11:34.420-0500] {taskinstance.py:2614} INFO - Dependencies all met for dep_context=non-requeueable deps ti=<TaskInstance: multi_city_weather_pipeline.fetch_weather_for_all_cities scheduled__2025-04-16T10:00:00+00:00 [queued]>
[2025-04-16T06:11:34.422-0500] {taskinstance.py:2614} INFO - Dependencies all met for dep_context=requeueable deps ti=<TaskInstance: multi_city_weather_pipeline.fetch_weather_for_all_cities scheduled__2025-04-16T10:00:00+00:00 [queued]>
[2025-04-16T06:11:34.422-0500] {taskinstance.py:2867} INFO - Starting attempt 1 of 2
[2025-04-16T06:11:34.426-0500] {taskinstance.py:2890} INFO - Executing <Task(PythonOperator): fetch_weather_for_all_cities> on 2025-04-16 10:00:00+00:00
[2025-04-16T06:11:34.429-0500] {standard_task_runner.py:72} INFO - Started process 12863 to run task
[2025-04-16T06:11:34.433-0500] {standard_task_runner.py:104} INFO - Running: ['airflow', 'tasks', 'run', 'multi_city_weather_pipeline', 'fetch_weather_for_all_cities', 'scheduled__2025-04-16T10:00:00+00:00', '--job-id', '108', '--raw', '--subdir', 'DAGS_FOLDER/weather_pipeline_dag.py', '--cfg-path', '/var/folders/4n/q_76d_d57mb9q1qtrf4mvh940000gn/T/tmp2o80ao07']
[2025-04-16T06:11:34.434-0500] {standard_task_runner.py:105} INFO - Job 108: Subtask fetch_weather_for_all_cities
[2025-04-16T06:11:34.449-0500] {task_command.py:467} INFO - Running <TaskInstance: multi_city_weather_pipeline.fetch_weather_for_all_cities scheduled__2025-04-16T10:00:00+00:00 [running]> on host ramyas-macbook-air.local
[2025-04-16T06:11:34.469-0500] {taskinstance.py:3134} INFO - Exporting env vars: AIRFLOW_CTX_DAG_OWNER='airflow' AIRFLOW_CTX_DAG_ID='multi_city_weather_pipeline' AIRFLOW_CTX_TASK_ID='fetch_weather_for_all_cities' AIRFLOW_CTX_EXECUTION_DATE='2025-04-16T10:00:00+00:00' AIRFLOW_CTX_TRY_NUMBER='1' AIRFLOW_CTX_DAG_RUN_ID='scheduled__2025-04-16T10:00:00+00:00'
[2025-04-16T06:11:34.469-0500] {logging_mixin.py:190} INFO - Task instance is in running state
[2025-04-16T06:11:34.470-0500] {logging_mixin.py:190} INFO -  Previous state of the Task instance: queued
[2025-04-16T06:11:34.470-0500] {logging_mixin.py:190} INFO - Current task name:fetch_weather_for_all_cities state:running start_date:2025-04-16 11:11:34.421009+00:00
[2025-04-16T06:11:34.470-0500] {logging_mixin.py:190} INFO - Dag name:multi_city_weather_pipeline and current dag run status:running
[2025-04-16T06:11:34.470-0500] {taskinstance.py:732} INFO - ::endgroup::
[2025-04-16T06:11:34.730-0500] {logging_mixin.py:190} INFO - Dallas: 14.43°C, few clouds
[2025-04-16T06:11:35.232-0500] {logging_mixin.py:190} INFO - Saved Dallas to DB.
[2025-04-16T06:11:35.447-0500] {logging_mixin.py:190} INFO - New York: 7.67°C, broken clouds
[2025-04-16T06:11:35.783-0500] {logging_mixin.py:190} INFO - Saved New York to DB.
[2025-04-16T06:11:35.970-0500] {logging_mixin.py:190} INFO - London: 12.7°C, few clouds
[2025-04-16T06:11:36.072-0500] {logging_mixin.py:190} INFO - Saved London to DB.
[2025-04-16T06:11:36.241-0500] {logging_mixin.py:190} INFO - Tokyo: 16.37°C, few clouds
[2025-04-16T06:11:36.386-0500] {logging_mixin.py:190} INFO - Saved Tokyo to DB.
[2025-04-16T06:11:36.654-0500] {logging_mixin.py:190} INFO - Bengaluru: 30.91°C, scattered clouds
[2025-04-16T06:11:37.039-0500] {logging_mixin.py:190} INFO - Saved Bengaluru to DB.
[2025-04-16T06:11:37.252-0500] {logging_mixin.py:190} INFO - San Francisco: 11.66°C, broken clouds
[2025-04-16T06:11:37.463-0500] {logging_mixin.py:190} INFO - Saved San Francisco to DB.
[2025-04-16T06:11:37.645-0500] {logging_mixin.py:190} INFO - Chicago: 2.65°C, smoke
[2025-04-16T06:11:37.999-0500] {logging_mixin.py:190} INFO - Saved Chicago to DB.
[2025-04-16T06:11:38.176-0500] {logging_mixin.py:190} INFO - Berlin: 23.49°C, clear sky
[2025-04-16T06:11:38.623-0500] {logging_mixin.py:190} INFO - Saved Berlin to DB.
[2025-04-16T06:11:38.798-0500] {logging_mixin.py:190} INFO - Sydney: 17.73°C, broken clouds
[2025-04-16T06:11:38.885-0500] {logging_mixin.py:190} INFO - Saved Sydney to DB.
[2025-04-16T06:11:39.067-0500] {logging_mixin.py:190} INFO - Toronto: 1.03°C, overcast clouds
[2025-04-16T06:11:39.123-0500] {logging_mixin.py:190} INFO - Saved Toronto to DB.
[2025-04-16T06:11:39.329-0500] {logging_mixin.py:190} INFO - Mumbai: 30.99°C, smoke
[2025-04-16T06:11:39.663-0500] {logging_mixin.py:190} INFO - Saved Mumbai to DB.
[2025-04-16T06:11:39.850-0500] {logging_mixin.py:190} INFO - Cape Town: 22.7°C, clear sky
[2025-04-16T06:11:40.262-0500] {logging_mixin.py:190} INFO - Saved Cape Town to DB.
[2025-04-16T06:11:40.327-0500] {logging_mixin.py:190} INFO - ✅ Excel report saved: /Users/Ramya_Rangaraju/Data_engineering_projects/weather_pipeline/scripts/../reports/weather_report_2025-04-16.xlsx
[2025-04-16T06:11:40.328-0500] {python.py:240} INFO - Done. Returned value was: None
[2025-04-16T06:11:40.332-0500] {taskinstance.py:341} INFO - ::group::Post task execution logs
[2025-04-16T06:11:40.332-0500] {taskinstance.py:353} INFO - Marking task as SUCCESS. dag_id=multi_city_weather_pipeline, task_id=fetch_weather_for_all_cities, run_id=scheduled__2025-04-16T10:00:00+00:00, execution_date=20250416T100000, start_date=20250416T111134, end_date=20250416T111140
[2025-04-16T06:11:40.337-0500] {logging_mixin.py:190} INFO - Task instance in success state
[2025-04-16T06:11:40.337-0500] {logging_mixin.py:190} INFO -  Previous state of the Task instance: running
[2025-04-16T06:11:40.337-0500] {logging_mixin.py:190} INFO - Dag name:multi_city_weather_pipeline queued_at:2025-04-16 11:11:27.759490+00:00
[2025-04-16T06:11:40.337-0500] {logging_mixin.py:190} INFO - Task hostname:ramyas-macbook-air.local operator:PythonOperator
[2025-04-16T06:11:40.352-0500] {local_task_job_runner.py:266} INFO - Task exited with return code 0
[2025-04-16T06:11:40.356-0500] {taskinstance.py:3901} INFO - 0 downstream tasks scheduled from follow-on schedule check
[2025-04-16T06:11:40.356-0500] {local_task_job_runner.py:245} INFO - ::endgroup::
