[2025-04-16T10:31:50.755-0500] {local_task_job_runner.py:123} INFO - ::group::Pre task execution logs
[2025-04-16T10:31:50.758-0500] {taskinstance.py:2614} INFO - Dependencies all met for dep_context=non-requeueable deps ti=<TaskInstance: multi_city_weather_pipeline.fetch_weather_for_all_cities manual__2025-04-16T15:31:44.583916+00:00 [queued]>
[2025-04-16T10:31:50.760-0500] {taskinstance.py:2614} INFO - Dependencies all met for dep_context=requeueable deps ti=<TaskInstance: multi_city_weather_pipeline.fetch_weather_for_all_cities manual__2025-04-16T15:31:44.583916+00:00 [queued]>
[2025-04-16T10:31:50.760-0500] {taskinstance.py:2867} INFO - Starting attempt 1 of 2
[2025-04-16T10:31:50.764-0500] {taskinstance.py:2890} INFO - Executing <Task(PythonOperator): fetch_weather_for_all_cities> on 2025-04-16 15:31:44.583916+00:00
[2025-04-16T10:31:50.767-0500] {standard_task_runner.py:72} INFO - Started process 13480 to run task
[2025-04-16T10:31:50.771-0500] {standard_task_runner.py:104} INFO - Running: ['airflow', 'tasks', 'run', 'multi_city_weather_pipeline', 'fetch_weather_for_all_cities', 'manual__2025-04-16T15:31:44.583916+00:00', '--job-id', '114', '--raw', '--subdir', 'DAGS_FOLDER/weather_pipeline_dag.py', '--cfg-path', '/var/folders/4n/q_76d_d57mb9q1qtrf4mvh940000gn/T/tmpqofvkzwe']
[2025-04-16T10:31:50.772-0500] {standard_task_runner.py:105} INFO - Job 114: Subtask fetch_weather_for_all_cities
[2025-04-16T10:31:50.787-0500] {task_command.py:467} INFO - Running <TaskInstance: multi_city_weather_pipeline.fetch_weather_for_all_cities manual__2025-04-16T15:31:44.583916+00:00 [running]> on host ramyas-macbook-air.local
[2025-04-16T10:31:50.806-0500] {taskinstance.py:3134} INFO - Exporting env vars: AIRFLOW_CTX_DAG_OWNER='airflow' AIRFLOW_CTX_DAG_ID='multi_city_weather_pipeline' AIRFLOW_CTX_TASK_ID='fetch_weather_for_all_cities' AIRFLOW_CTX_EXECUTION_DATE='2025-04-16T15:31:44.583916+00:00' AIRFLOW_CTX_TRY_NUMBER='1' AIRFLOW_CTX_DAG_RUN_ID='manual__2025-04-16T15:31:44.583916+00:00'
[2025-04-16T10:31:50.807-0500] {logging_mixin.py:190} INFO - Task instance is in running state
[2025-04-16T10:31:50.807-0500] {logging_mixin.py:190} INFO -  Previous state of the Task instance: queued
[2025-04-16T10:31:50.807-0500] {logging_mixin.py:190} INFO - Current task name:fetch_weather_for_all_cities state:running start_date:2025-04-16 15:31:50.758947+00:00
[2025-04-16T10:31:50.808-0500] {logging_mixin.py:190} INFO - Dag name:multi_city_weather_pipeline and current dag run status:running
[2025-04-16T10:31:50.808-0500] {taskinstance.py:732} INFO - ::endgroup::
[2025-04-16T10:31:51.061-0500] {logging_mixin.py:190} INFO - Dallas: 21.42°C, few clouds
[2025-04-16T10:31:51.586-0500] {logging_mixin.py:190} INFO - Saved Dallas to DB.
[2025-04-16T10:31:51.800-0500] {logging_mixin.py:190} INFO - New York: 8.58°C, overcast clouds
[2025-04-16T10:31:52.183-0500] {logging_mixin.py:190} INFO - Saved New York to DB.
[2025-04-16T10:31:52.371-0500] {logging_mixin.py:190} INFO - London: 15.17°C, clear sky
[2025-04-16T10:31:52.734-0500] {logging_mixin.py:190} INFO - Saved London to DB.
[2025-04-16T10:31:52.955-0500] {logging_mixin.py:190} INFO - Tokyo: 14.44°C, clear sky
[2025-04-16T10:31:53.384-0500] {logging_mixin.py:190} INFO - Saved Tokyo to DB.
[2025-04-16T10:31:53.604-0500] {logging_mixin.py:190} INFO - Bengaluru: 30.2°C, broken clouds
[2025-04-16T10:31:53.969-0500] {logging_mixin.py:190} INFO - Saved Bengaluru to DB.
[2025-04-16T10:31:54.159-0500] {logging_mixin.py:190} INFO - San Francisco: 12.3°C, overcast clouds
[2025-04-16T10:31:54.483-0500] {logging_mixin.py:190} INFO - Saved San Francisco to DB.
[2025-04-16T10:31:54.695-0500] {logging_mixin.py:190} INFO - Chicago: 6.24°C, few clouds
[2025-04-16T10:31:54.879-0500] {logging_mixin.py:190} INFO - Saved Chicago to DB.
[2025-04-16T10:31:55.089-0500] {logging_mixin.py:190} INFO - Berlin: 25.69°C, clear sky
[2025-04-16T10:31:55.287-0500] {logging_mixin.py:190} INFO - Saved Berlin to DB.
[2025-04-16T10:31:55.488-0500] {logging_mixin.py:190} INFO - Sydney: 16.46°C, light rain
[2025-04-16T10:31:55.550-0500] {logging_mixin.py:190} INFO - Saved Sydney to DB.
[2025-04-16T10:31:55.768-0500] {logging_mixin.py:190} INFO - Toronto: 3.15°C, overcast clouds
[2025-04-16T10:31:55.978-0500] {logging_mixin.py:190} INFO - Saved Toronto to DB.
[2025-04-16T10:31:56.199-0500] {logging_mixin.py:190} INFO - Mumbai: 28.23°C, clear sky
[2025-04-16T10:31:56.607-0500] {logging_mixin.py:190} INFO - Saved Mumbai to DB.
[2025-04-16T10:31:56.817-0500] {logging_mixin.py:190} INFO - Cape Town: 19.48°C, scattered clouds
[2025-04-16T10:31:57.096-0500] {logging_mixin.py:190} INFO - Saved Cape Town to DB.
[2025-04-16T10:31:57.166-0500] {logging_mixin.py:190} INFO - ✅ Excel report saved: /Users/Ramya_Rangaraju/Data_engineering_projects/weather_pipeline/scripts/../reports/weather_report_2025-04-16.xlsx
[2025-04-16T10:31:57.166-0500] {python.py:240} INFO - Done. Returned value was: None
[2025-04-16T10:31:57.170-0500] {taskinstance.py:341} INFO - ::group::Post task execution logs
[2025-04-16T10:31:57.170-0500] {taskinstance.py:353} INFO - Marking task as SUCCESS. dag_id=multi_city_weather_pipeline, task_id=fetch_weather_for_all_cities, run_id=manual__2025-04-16T15:31:44.583916+00:00, execution_date=20250416T153144, start_date=20250416T153150, end_date=20250416T153157
[2025-04-16T10:31:57.175-0500] {logging_mixin.py:190} INFO - Task instance in success state
[2025-04-16T10:31:57.175-0500] {logging_mixin.py:190} INFO -  Previous state of the Task instance: running
[2025-04-16T10:31:57.175-0500] {logging_mixin.py:190} INFO - Dag name:multi_city_weather_pipeline queued_at:2025-04-16 15:31:44.595967+00:00
[2025-04-16T10:31:57.176-0500] {logging_mixin.py:190} INFO - Task hostname:ramyas-macbook-air.local operator:PythonOperator
[2025-04-16T10:31:57.202-0500] {local_task_job_runner.py:266} INFO - Task exited with return code 0
[2025-04-16T10:31:57.207-0500] {taskinstance.py:3901} INFO - 0 downstream tasks scheduled from follow-on schedule check
[2025-04-16T10:31:57.207-0500] {local_task_job_runner.py:245} INFO - ::endgroup::
