[2025-04-16T13:12:14.287-0500] {local_task_job_runner.py:123} INFO - ::group::Pre task execution logs
[2025-04-16T13:12:14.291-0500] {taskinstance.py:2614} INFO - Dependencies all met for dep_context=non-requeueable deps ti=<TaskInstance: multi_city_weather_pipeline.fetch_weather_for_all_cities manual__2025-04-16T18:12:02.997029+00:00 [queued]>
[2025-04-16T13:12:14.293-0500] {taskinstance.py:2614} INFO - Dependencies all met for dep_context=requeueable deps ti=<TaskInstance: multi_city_weather_pipeline.fetch_weather_for_all_cities manual__2025-04-16T18:12:02.997029+00:00 [queued]>
[2025-04-16T13:12:14.293-0500] {taskinstance.py:2867} INFO - Starting attempt 1 of 2
[2025-04-16T13:12:14.298-0500] {taskinstance.py:2890} INFO - Executing <Task(PythonOperator): fetch_weather_for_all_cities> on 2025-04-16 18:12:02.997029+00:00
[2025-04-16T13:12:14.301-0500] {standard_task_runner.py:72} INFO - Started process 21008 to run task
[2025-04-16T13:12:14.306-0500] {standard_task_runner.py:104} INFO - Running: ['airflow', 'tasks', 'run', 'multi_city_weather_pipeline', 'fetch_weather_for_all_cities', 'manual__2025-04-16T18:12:02.997029+00:00', '--job-id', '118', '--raw', '--subdir', 'DAGS_FOLDER/weather_pipeline_dag.py', '--cfg-path', '/var/folders/4n/q_76d_d57mb9q1qtrf4mvh940000gn/T/tmpfc7ls6kt']
[2025-04-16T13:12:14.307-0500] {standard_task_runner.py:105} INFO - Job 118: Subtask fetch_weather_for_all_cities
[2025-04-16T13:12:14.328-0500] {task_command.py:467} INFO - Running <TaskInstance: multi_city_weather_pipeline.fetch_weather_for_all_cities manual__2025-04-16T18:12:02.997029+00:00 [running]> on host ramyas-macbook-air.local
[2025-04-16T13:12:14.368-0500] {taskinstance.py:3134} INFO - Exporting env vars: AIRFLOW_CTX_DAG_OWNER='airflow' AIRFLOW_CTX_DAG_ID='multi_city_weather_pipeline' AIRFLOW_CTX_TASK_ID='fetch_weather_for_all_cities' AIRFLOW_CTX_EXECUTION_DATE='2025-04-16T18:12:02.997029+00:00' AIRFLOW_CTX_TRY_NUMBER='1' AIRFLOW_CTX_DAG_RUN_ID='manual__2025-04-16T18:12:02.997029+00:00'
[2025-04-16T13:12:14.369-0500] {logging_mixin.py:190} INFO - Task instance is in running state
[2025-04-16T13:12:14.371-0500] {logging_mixin.py:190} INFO -  Previous state of the Task instance: queued
[2025-04-16T13:12:14.371-0500] {logging_mixin.py:190} INFO - Current task name:fetch_weather_for_all_cities state:running start_date:2025-04-16 18:12:14.292027+00:00
[2025-04-16T13:12:14.371-0500] {logging_mixin.py:190} INFO - Dag name:multi_city_weather_pipeline and current dag run status:running
[2025-04-16T13:12:14.372-0500] {taskinstance.py:732} INFO - ::endgroup::
[2025-04-16T13:12:14.724-0500] {logging_mixin.py:190} INFO - Dallas: 26.15°C, broken clouds
[2025-04-16T13:12:16.178-0500] {logging_mixin.py:190} INFO - Saved Dallas to DB.
[2025-04-16T13:12:16.465-0500] {logging_mixin.py:190} INFO - New York: 9.54°C, overcast clouds
[2025-04-16T13:12:16.927-0500] {logging_mixin.py:190} INFO - Saved New York to DB.
[2025-04-16T13:12:17.181-0500] {logging_mixin.py:190} INFO - London: 13.2°C, clear sky
[2025-04-16T13:12:17.273-0500] {logging_mixin.py:190} INFO - Saved London to DB.
[2025-04-16T13:12:17.738-0500] {logging_mixin.py:190} INFO - Tokyo: 13.64°C, clear sky
[2025-04-16T13:12:17.788-0500] {logging_mixin.py:190} INFO - Saved Tokyo to DB.
[2025-04-16T13:12:18.003-0500] {logging_mixin.py:190} INFO - Bengaluru: 21.8°C, light intensity drizzle
[2025-04-16T13:12:18.228-0500] {logging_mixin.py:190} INFO - Saved Bengaluru to DB.
[2025-04-16T13:12:18.418-0500] {logging_mixin.py:190} INFO - San Francisco: 14.4°C, scattered clouds
[2025-04-16T13:12:18.892-0500] {logging_mixin.py:190} INFO - Saved San Francisco to DB.
[2025-04-16T13:12:19.129-0500] {logging_mixin.py:190} INFO - Chicago: 7.82°C, broken clouds
[2025-04-16T13:12:19.298-0500] {logging_mixin.py:190} INFO - Saved Chicago to DB.
[2025-04-16T13:12:19.543-0500] {logging_mixin.py:190} INFO - Berlin: 22.62°C, clear sky
[2025-04-16T13:12:19.821-0500] {logging_mixin.py:190} INFO - Saved Berlin to DB.
[2025-04-16T13:12:20.284-0500] {logging_mixin.py:190} INFO - Sydney: 15.77°C, light intensity shower rain
[2025-04-16T13:12:20.317-0500] {logging_mixin.py:190} INFO - Saved Sydney to DB.
[2025-04-16T13:12:20.586-0500] {logging_mixin.py:190} INFO - Toronto: 4.01°C, overcast clouds
[2025-04-16T13:12:20.674-0500] {logging_mixin.py:190} INFO - Saved Toronto to DB.
[2025-04-16T13:12:20.894-0500] {logging_mixin.py:190} INFO - Mumbai: 28°C, clear sky
[2025-04-16T13:12:21.021-0500] {logging_mixin.py:190} INFO - Saved Mumbai to DB.
[2025-04-16T13:12:21.235-0500] {logging_mixin.py:190} INFO - Cape Town: 18.54°C, scattered clouds
[2025-04-16T13:12:21.309-0500] {logging_mixin.py:190} INFO - Saved Cape Town to DB.
[2025-04-16T13:12:21.400-0500] {logging_mixin.py:190} INFO - ✅ Excel report saved: /Users/Ramya_Rangaraju/Data_engineering_projects/weather_pipeline/scripts/../reports/weather_report_2025-04-16.xlsx
[2025-04-16T13:12:21.400-0500] {python.py:240} INFO - Done. Returned value was: None
[2025-04-16T13:12:21.405-0500] {taskinstance.py:341} INFO - ::group::Post task execution logs
[2025-04-16T13:12:21.405-0500] {taskinstance.py:353} INFO - Marking task as SUCCESS. dag_id=multi_city_weather_pipeline, task_id=fetch_weather_for_all_cities, run_id=manual__2025-04-16T18:12:02.997029+00:00, execution_date=20250416T181202, start_date=20250416T181214, end_date=20250416T181221
[2025-04-16T13:12:21.414-0500] {logging_mixin.py:190} INFO - Task instance in success state
[2025-04-16T13:12:21.415-0500] {logging_mixin.py:190} INFO -  Previous state of the Task instance: running
[2025-04-16T13:12:21.415-0500] {logging_mixin.py:190} INFO - Dag name:multi_city_weather_pipeline queued_at:2025-04-16 18:12:03.017113+00:00
[2025-04-16T13:12:21.415-0500] {logging_mixin.py:190} INFO - Task hostname:ramyas-macbook-air.local operator:PythonOperator
[2025-04-16T13:12:21.437-0500] {local_task_job_runner.py:266} INFO - Task exited with return code 0
[2025-04-16T13:12:21.444-0500] {taskinstance.py:3901} INFO - 0 downstream tasks scheduled from follow-on schedule check
[2025-04-16T13:12:21.444-0500] {local_task_job_runner.py:245} INFO - ::endgroup::
