[2025-04-15T22:08:00.585-0500] {local_task_job_runner.py:123} INFO - ::group::Pre task execution logs
[2025-04-15T22:08:00.588-0500] {taskinstance.py:2614} INFO - Dependencies all met for dep_context=non-requeueable deps ti=<TaskInstance: multi_city_weather_pipeline.fetch_weather_for_all_cities scheduled__2025-04-16T02:00:00+00:00 [queued]>
[2025-04-15T22:08:00.590-0500] {taskinstance.py:2614} INFO - Dependencies all met for dep_context=requeueable deps ti=<TaskInstance: multi_city_weather_pipeline.fetch_weather_for_all_cities scheduled__2025-04-16T02:00:00+00:00 [queued]>
[2025-04-15T22:08:00.590-0500] {taskinstance.py:2867} INFO - Starting attempt 1 of 2
[2025-04-15T22:08:00.594-0500] {taskinstance.py:2890} INFO - Executing <Task(PythonOperator): fetch_weather_for_all_cities> on 2025-04-16 02:00:00+00:00
[2025-04-15T22:08:00.597-0500] {standard_task_runner.py:72} INFO - Started process 11103 to run task
[2025-04-15T22:08:00.600-0500] {standard_task_runner.py:104} INFO - Running: ['airflow', 'tasks', 'run', 'multi_city_weather_pipeline', 'fetch_weather_for_all_cities', 'scheduled__2025-04-16T02:00:00+00:00', '--job-id', '99', '--raw', '--subdir', 'DAGS_FOLDER/weather_pipeline_dag.py', '--cfg-path', '/var/folders/4n/q_76d_d57mb9q1qtrf4mvh940000gn/T/tmp27c6gqnc']
[2025-04-15T22:08:00.601-0500] {standard_task_runner.py:105} INFO - Job 99: Subtask fetch_weather_for_all_cities
[2025-04-15T22:08:00.620-0500] {task_command.py:467} INFO - Running <TaskInstance: multi_city_weather_pipeline.fetch_weather_for_all_cities scheduled__2025-04-16T02:00:00+00:00 [running]> on host ramyas-macbook-air.local
[2025-04-15T22:08:00.639-0500] {taskinstance.py:3134} INFO - Exporting env vars: AIRFLOW_CTX_DAG_OWNER='airflow' AIRFLOW_CTX_DAG_ID='multi_city_weather_pipeline' AIRFLOW_CTX_TASK_ID='fetch_weather_for_all_cities' AIRFLOW_CTX_EXECUTION_DATE='2025-04-16T02:00:00+00:00' AIRFLOW_CTX_TRY_NUMBER='1' AIRFLOW_CTX_DAG_RUN_ID='scheduled__2025-04-16T02:00:00+00:00'
[2025-04-15T22:08:00.640-0500] {logging_mixin.py:190} INFO - Task instance is in running state
[2025-04-15T22:08:00.640-0500] {logging_mixin.py:190} INFO -  Previous state of the Task instance: queued
[2025-04-15T22:08:00.640-0500] {logging_mixin.py:190} INFO - Current task name:fetch_weather_for_all_cities state:running start_date:2025-04-16 03:08:00.588997+00:00
[2025-04-15T22:08:00.640-0500] {logging_mixin.py:190} INFO - Dag name:multi_city_weather_pipeline and current dag run status:running
[2025-04-15T22:08:00.640-0500] {taskinstance.py:732} INFO - ::endgroup::
[2025-04-15T22:08:00.945-0500] {logging_mixin.py:190} INFO - Dallas: 17.12°C, clear sky
[2025-04-15T22:08:01.610-0500] {logging_mixin.py:190} INFO - Saved Dallas to DB.
[2025-04-15T22:08:01.884-0500] {logging_mixin.py:190} INFO - New York: 10.19°C, overcast clouds
[2025-04-15T22:08:02.239-0500] {logging_mixin.py:190} INFO - Saved New York to DB.
[2025-04-15T22:08:02.439-0500] {logging_mixin.py:190} INFO - London: 8.68°C, broken clouds
[2025-04-15T22:08:02.613-0500] {logging_mixin.py:190} INFO - Saved London to DB.
[2025-04-15T22:08:02.826-0500] {logging_mixin.py:190} INFO - Tokyo: 18.11°C, few clouds
[2025-04-15T22:08:02.886-0500] {logging_mixin.py:190} INFO - Saved Tokyo to DB.
[2025-04-15T22:08:03.097-0500] {logging_mixin.py:190} INFO - Bengaluru: 24.88°C, scattered clouds
[2025-04-15T22:08:03.225-0500] {logging_mixin.py:190} INFO - Saved Bengaluru to DB.
[2025-04-15T22:08:03.439-0500] {logging_mixin.py:190} INFO - San Francisco: 12.53°C, broken clouds
[2025-04-15T22:08:03.913-0500] {logging_mixin.py:190} INFO - Saved San Francisco to DB.
[2025-04-15T22:08:04.128-0500] {logging_mixin.py:190} INFO - Chicago: 8.58°C, clear sky
[2025-04-15T22:08:04.536-0500] {logging_mixin.py:190} INFO - Saved Chicago to DB.
[2025-04-15T22:08:04.757-0500] {logging_mixin.py:190} INFO - Berlin: 12.75°C, clear sky
[2025-04-15T22:08:05.055-0500] {logging_mixin.py:190} INFO - Saved Berlin to DB.
[2025-04-15T22:08:05.251-0500] {logging_mixin.py:190} INFO - Sydney: 21.27°C, broken clouds
[2025-04-15T22:08:05.496-0500] {logging_mixin.py:190} INFO - Saved Sydney to DB.
[2025-04-15T22:08:05.680-0500] {logging_mixin.py:190} INFO - Toronto: 2.36°C, overcast clouds
[2025-04-15T22:08:06.203-0500] {logging_mixin.py:190} INFO - Saved Toronto to DB.
[2025-04-15T22:08:06.416-0500] {logging_mixin.py:190} INFO - Mumbai: 28.99°C, haze
[2025-04-15T22:08:06.884-0500] {logging_mixin.py:190} INFO - Saved Mumbai to DB.
[2025-04-15T22:08:07.099-0500] {logging_mixin.py:190} INFO - Cape Town: 16.91°C, clear sky
[2025-04-15T22:08:07.136-0500] {logging_mixin.py:190} INFO - Saved Cape Town to DB.
[2025-04-15T22:08:07.202-0500] {logging_mixin.py:190} INFO - ✅ Excel report saved: /Users/Ramya_Rangaraju/Data_engineering_projects/weather_pipeline/scripts/../reports/weather_report_2025-04-15.xlsx
[2025-04-15T22:08:07.202-0500] {python.py:240} INFO - Done. Returned value was: None
[2025-04-15T22:08:07.204-0500] {taskinstance.py:341} INFO - ::group::Post task execution logs
[2025-04-15T22:08:07.205-0500] {taskinstance.py:353} INFO - Marking task as SUCCESS. dag_id=multi_city_weather_pipeline, task_id=fetch_weather_for_all_cities, run_id=scheduled__2025-04-16T02:00:00+00:00, execution_date=20250416T020000, start_date=20250416T030800, end_date=20250416T030807
[2025-04-15T22:08:07.209-0500] {logging_mixin.py:190} INFO - Task instance in success state
[2025-04-15T22:08:07.209-0500] {logging_mixin.py:190} INFO -  Previous state of the Task instance: running
[2025-04-15T22:08:07.209-0500] {logging_mixin.py:190} INFO - Dag name:multi_city_weather_pipeline queued_at:2025-04-16 03:07:51.753601+00:00
[2025-04-15T22:08:07.210-0500] {logging_mixin.py:190} INFO - Task hostname:ramyas-macbook-air.local operator:PythonOperator
[2025-04-15T22:08:07.234-0500] {local_task_job_runner.py:266} INFO - Task exited with return code 0
[2025-04-15T22:08:07.238-0500] {taskinstance.py:3901} INFO - 0 downstream tasks scheduled from follow-on schedule check
[2025-04-15T22:08:07.238-0500] {local_task_job_runner.py:245} INFO - ::endgroup::
