[2025-04-16T15:00:07.040-0500] {local_task_job_runner.py:123} INFO - ::group::Pre task execution logs
[2025-04-16T15:00:07.043-0500] {taskinstance.py:2614} INFO - Dependencies all met for dep_context=non-requeueable deps ti=<TaskInstance: multi_city_weather_pipeline.fetch_weather_for_all_cities scheduled__2025-04-16T19:00:00+00:00 [queued]>
[2025-04-16T15:00:07.044-0500] {taskinstance.py:2614} INFO - Dependencies all met for dep_context=requeueable deps ti=<TaskInstance: multi_city_weather_pipeline.fetch_weather_for_all_cities scheduled__2025-04-16T19:00:00+00:00 [queued]>
[2025-04-16T15:00:07.044-0500] {taskinstance.py:2867} INFO - Starting attempt 1 of 2
[2025-04-16T15:00:07.048-0500] {taskinstance.py:2890} INFO - Executing <Task(PythonOperator): fetch_weather_for_all_cities> on 2025-04-16 19:00:00+00:00
[2025-04-16T15:00:07.052-0500] {standard_task_runner.py:72} INFO - Started process 25872 to run task
[2025-04-16T15:00:07.055-0500] {standard_task_runner.py:104} INFO - Running: ['airflow', 'tasks', 'run', 'multi_city_weather_pipeline', 'fetch_weather_for_all_cities', 'scheduled__2025-04-16T19:00:00+00:00', '--job-id', '122', '--raw', '--subdir', 'DAGS_FOLDER/weather_pipeline_dag.py', '--cfg-path', '/var/folders/4n/q_76d_d57mb9q1qtrf4mvh940000gn/T/tmpopntd4lk']
[2025-04-16T15:00:07.056-0500] {standard_task_runner.py:105} INFO - Job 122: Subtask fetch_weather_for_all_cities
[2025-04-16T15:00:07.072-0500] {task_command.py:467} INFO - Running <TaskInstance: multi_city_weather_pipeline.fetch_weather_for_all_cities scheduled__2025-04-16T19:00:00+00:00 [running]> on host dynamic-10-125-225-167.frisco.wireless.unt.edu
[2025-04-16T15:00:07.092-0500] {taskinstance.py:3134} INFO - Exporting env vars: AIRFLOW_CTX_DAG_OWNER='airflow' AIRFLOW_CTX_DAG_ID='multi_city_weather_pipeline' AIRFLOW_CTX_TASK_ID='fetch_weather_for_all_cities' AIRFLOW_CTX_EXECUTION_DATE='2025-04-16T19:00:00+00:00' AIRFLOW_CTX_TRY_NUMBER='1' AIRFLOW_CTX_DAG_RUN_ID='scheduled__2025-04-16T19:00:00+00:00'
[2025-04-16T15:00:07.092-0500] {logging_mixin.py:190} INFO - Task instance is in running state
[2025-04-16T15:00:07.092-0500] {logging_mixin.py:190} INFO -  Previous state of the Task instance: queued
[2025-04-16T15:00:07.093-0500] {logging_mixin.py:190} INFO - Current task name:fetch_weather_for_all_cities state:running start_date:2025-04-16 20:00:07.043304+00:00
[2025-04-16T15:00:07.093-0500] {logging_mixin.py:190} INFO - Dag name:multi_city_weather_pipeline and current dag run status:running
[2025-04-16T15:00:07.093-0500] {taskinstance.py:732} INFO - ::endgroup::
[2025-04-16T15:00:07.673-0500] {logging_mixin.py:190} INFO - Dallas: 27.17°C, broken clouds
[2025-04-16T15:00:09.088-0500] {logging_mixin.py:190} INFO - Saved Dallas to DB.
[2025-04-16T15:00:09.223-0500] {logging_mixin.py:190} INFO - New York: 10.54°C, overcast clouds
[2025-04-16T15:00:09.278-0500] {logging_mixin.py:190} INFO - Saved New York to DB.
[2025-04-16T15:00:09.413-0500] {logging_mixin.py:190} INFO - London: 10.83°C, clear sky
[2025-04-16T15:00:09.628-0500] {logging_mixin.py:190} INFO - Saved London to DB.
[2025-04-16T15:00:09.763-0500] {logging_mixin.py:190} INFO - Tokyo: 13.2°C, clear sky
[2025-04-16T15:00:09.990-0500] {logging_mixin.py:190} INFO - Saved Tokyo to DB.
[2025-04-16T15:00:10.149-0500] {logging_mixin.py:190} INFO - Bengaluru: 21.8°C, scattered clouds
[2025-04-16T15:00:10.560-0500] {logging_mixin.py:190} INFO - Saved Bengaluru to DB.
[2025-04-16T15:00:10.693-0500] {logging_mixin.py:190} INFO - San Francisco: 15.17°C, scattered clouds
[2025-04-16T15:00:11.021-0500] {logging_mixin.py:190} INFO - Saved San Francisco to DB.
[2025-04-16T15:00:11.155-0500] {logging_mixin.py:190} INFO - Chicago: 8.06°C, broken clouds
[2025-04-16T15:00:11.342-0500] {logging_mixin.py:190} INFO - Saved Chicago to DB.
[2025-04-16T15:00:11.476-0500] {logging_mixin.py:190} INFO - Berlin: 20.86°C, clear sky
[2025-04-16T15:00:11.733-0500] {logging_mixin.py:190} INFO - Saved Berlin to DB.
[2025-04-16T15:00:12.313-0500] {logging_mixin.py:190} INFO - Sydney: 15.43°C, light rain
[2025-04-16T15:00:12.381-0500] {logging_mixin.py:190} INFO - Saved Sydney to DB.
[2025-04-16T15:00:12.512-0500] {logging_mixin.py:190} INFO - Toronto: 5.54°C, overcast clouds
[2025-04-16T15:00:12.655-0500] {logging_mixin.py:190} INFO - Saved Toronto to DB.
[2025-04-16T15:00:12.787-0500] {logging_mixin.py:190} INFO - Mumbai: 27.73°C, clear sky
[2025-04-16T15:00:13.012-0500] {logging_mixin.py:190} INFO - Saved Mumbai to DB.
[2025-04-16T15:00:13.157-0500] {logging_mixin.py:190} INFO - Cape Town: 18.02°C, overcast clouds
[2025-04-16T15:00:13.433-0500] {logging_mixin.py:190} INFO - Saved Cape Town to DB.
[2025-04-16T15:00:13.514-0500] {logging_mixin.py:190} INFO - ✅ Excel report saved: /Users/Ramya_Rangaraju/Data_engineering_projects/weather_pipeline/scripts/../reports/weather_report_2025-04-16.xlsx
[2025-04-16T15:00:13.515-0500] {python.py:240} INFO - Done. Returned value was: None
[2025-04-16T15:00:13.518-0500] {taskinstance.py:341} INFO - ::group::Post task execution logs
[2025-04-16T15:00:13.518-0500] {taskinstance.py:353} INFO - Marking task as SUCCESS. dag_id=multi_city_weather_pipeline, task_id=fetch_weather_for_all_cities, run_id=scheduled__2025-04-16T19:00:00+00:00, execution_date=20250416T190000, start_date=20250416T200007, end_date=20250416T200013
[2025-04-16T15:00:13.524-0500] {logging_mixin.py:190} INFO - Task instance in success state
[2025-04-16T15:00:13.524-0500] {logging_mixin.py:190} INFO -  Previous state of the Task instance: running
[2025-04-16T15:00:13.525-0500] {logging_mixin.py:190} INFO - Dag name:multi_city_weather_pipeline queued_at:2025-04-16 20:00:02.532252+00:00
[2025-04-16T15:00:13.525-0500] {logging_mixin.py:190} INFO - Task hostname:dynamic-10-125-225-167.frisco.wireless.unt.edu operator:PythonOperator
[2025-04-16T15:00:13.529-0500] {local_task_job_runner.py:266} INFO - Task exited with return code 0
[2025-04-16T15:00:13.534-0500] {taskinstance.py:3901} INFO - 0 downstream tasks scheduled from follow-on schedule check
[2025-04-16T15:00:13.534-0500] {local_task_job_runner.py:245} INFO - ::endgroup::
