[2025-04-14T19:43:03.456-0500] {local_task_job_runner.py:123} INFO - ::group::Pre task execution logs
[2025-04-14T19:43:03.460-0500] {taskinstance.py:2614} INFO - Dependencies all met for dep_context=non-requeueable deps ti=<TaskInstance: multi_city_weather_pipeline.fetch_weather_multiple_cities scheduled__2025-04-14T23:00:00+00:00 [queued]>
[2025-04-14T19:43:03.462-0500] {taskinstance.py:2614} INFO - Dependencies all met for dep_context=requeueable deps ti=<TaskInstance: multi_city_weather_pipeline.fetch_weather_multiple_cities scheduled__2025-04-14T23:00:00+00:00 [queued]>
[2025-04-14T19:43:03.462-0500] {taskinstance.py:2867} INFO - Starting attempt 6 of 2
[2025-04-14T19:43:03.465-0500] {taskinstance.py:2890} INFO - Executing <Task(PythonOperator): fetch_weather_multiple_cities> on 2025-04-14 23:00:00+00:00
[2025-04-14T19:43:03.468-0500] {standard_task_runner.py:72} INFO - Started process 97851 to run task
[2025-04-14T19:43:03.472-0500] {standard_task_runner.py:104} INFO - Running: ['airflow', 'tasks', 'run', 'multi_city_weather_pipeline', 'fetch_weather_multiple_cities', 'scheduled__2025-04-14T23:00:00+00:00', '--job-id', '51', '--raw', '--subdir', 'DAGS_FOLDER/weather_pipeline_dag.py', '--cfg-path', '/var/folders/4n/q_76d_d57mb9q1qtrf4mvh940000gn/T/tmpfzv0xngy']
[2025-04-14T19:43:03.473-0500] {standard_task_runner.py:105} INFO - Job 51: Subtask fetch_weather_multiple_cities
[2025-04-14T19:43:03.493-0500] {task_command.py:467} INFO - Running <TaskInstance: multi_city_weather_pipeline.fetch_weather_multiple_cities scheduled__2025-04-14T23:00:00+00:00 [running]> on host ramyas-macbook-air.local
[2025-04-14T19:43:03.511-0500] {taskinstance.py:3134} INFO - Exporting env vars: AIRFLOW_CTX_DAG_OWNER='airflow' AIRFLOW_CTX_DAG_ID='multi_city_weather_pipeline' AIRFLOW_CTX_TASK_ID='fetch_weather_multiple_cities' AIRFLOW_CTX_EXECUTION_DATE='2025-04-14T23:00:00+00:00' AIRFLOW_CTX_TRY_NUMBER='6' AIRFLOW_CTX_DAG_RUN_ID='scheduled__2025-04-14T23:00:00+00:00'
[2025-04-14T19:43:03.511-0500] {logging_mixin.py:190} INFO - Task instance is in running state
[2025-04-14T19:43:03.511-0500] {logging_mixin.py:190} INFO -  Previous state of the Task instance: queued
[2025-04-14T19:43:03.511-0500] {logging_mixin.py:190} INFO - Current task name:fetch_weather_multiple_cities state:running start_date:2025-04-15 00:43:03.460468+00:00
[2025-04-14T19:43:03.512-0500] {logging_mixin.py:190} INFO - Dag name:multi_city_weather_pipeline and current dag run status:running
[2025-04-14T19:43:03.512-0500] {taskinstance.py:732} INFO - ::endgroup::
[2025-04-14T19:45:16.700-0500] {job.py:229} INFO - Heartbeat recovered after 17.76 seconds
[2025-04-14T19:50:46.468-0500] {job.py:229} INFO - Heartbeat recovered after 254.46 seconds
[2025-04-14T20:06:46.008-0500] {job.py:229} INFO - Heartbeat recovered after 904.30 seconds
[2025-04-14T20:19:00.715-0500] {job.py:229} INFO - Heartbeat recovered after 453.57 seconds
[2025-04-14T20:35:05.051-0500] {job.py:229} INFO - Heartbeat recovered after 904.11 seconds
[2025-04-14T20:38:43.076-0500] {job.py:229} INFO - Heartbeat recovered after 37.28 seconds
[2025-04-14T20:41:02.971-0500] {job.py:229} INFO - Heartbeat recovered after 99.75 seconds
[2025-04-14T20:56:46.758-0500] {job.py:229} INFO - Heartbeat recovered after 903.63 seconds
[2025-04-14T21:20:22.777-0500] {job.py:229} INFO - Heartbeat recovered after 904.04 seconds
[2025-04-14T21:37:47.926-0500] {job.py:229} INFO - Heartbeat recovered after 904.62 seconds
[2025-04-14T22:19:23.213-0500] {job.py:229} INFO - Heartbeat recovered after 919.39 seconds
[2025-04-14T22:25:39.368-0500] {job.py:229} INFO - Heartbeat recovered after 225.63 seconds
[2025-04-14T22:29:10.783-0500] {job.py:229} INFO - Heartbeat recovered after 166.26 seconds
[2025-04-14T22:37:16.840-0500] {job.py:229} INFO - Heartbeat recovered after 64.57 seconds
[2025-04-14T22:53:24.350-0500] {job.py:229} INFO - Heartbeat recovered after 927.34 seconds
[2025-04-14T22:57:52.228-0500] {job.py:229} INFO - Heartbeat recovered after 227.74 seconds
[2025-04-14T23:02:12.827-0500] {job.py:229} INFO - Heartbeat recovered after 200.39 seconds
[2025-04-14T23:06:34.324-0500] {job.py:229} INFO - Heartbeat recovered after 55.75 seconds
[2025-04-14T23:08:56.107-0500] {job.py:229} INFO - Heartbeat recovered after 101.64 seconds
[2025-04-14T23:19:11.008-0500] {job.py:229} INFO - Heartbeat recovered after 574.72 seconds
[2025-04-14T23:32:12.997-0500] {job.py:229} INFO - Heartbeat recovered after 741.85 seconds
[2025-04-14T23:34:50.508-0500] {job.py:229} INFO - Heartbeat recovered after 117.35 seconds
[2025-04-14T23:41:45.700-0500] {job.py:229} INFO - Heartbeat recovered after 370.03 seconds
[2025-04-14T23:57:35.553-0500] {job.py:229} INFO - Heartbeat recovered after 909.71 seconds
[2025-04-15T00:14:43.240-0500] {job.py:229} INFO - Heartbeat recovered after 315.15 seconds
[2025-04-15T00:20:41.104-0500] {job.py:229} INFO - Heartbeat recovered after 292.64 seconds
[2025-04-15T00:22:57.799-0500] {job.py:229} INFO - Heartbeat recovered after 96.55 seconds
[2025-04-15T00:40:17.295-0500] {job.py:229} INFO - Heartbeat recovered after 999.35 seconds
[2025-04-15T00:47:40.655-0500] {job.py:229} INFO - Heartbeat recovered after 403.24 seconds
[2025-04-15T01:00:21.563-0500] {job.py:229} INFO - Heartbeat recovered after 720.76 seconds
[2025-04-15T01:01:35.665-0500] {job.py:229} INFO - Heartbeat recovered after 33.96 seconds
[2025-04-15T01:03:53.292-0500] {job.py:229} INFO - Heartbeat recovered after 97.49 seconds
[2025-04-15T01:07:07.234-0500] {job.py:229} INFO - Heartbeat recovered after 148.78 seconds
[2025-04-15T01:24:30.708-0500] {job.py:229} INFO - Heartbeat recovered after 1003.33 seconds
[2025-04-15T02:02:54.146-0500] {job.py:229} INFO - Heartbeat recovered after 973.72 seconds
[2025-04-15T02:18:46.257-0500] {job.py:229} INFO - Heartbeat recovered after 906.90 seconds
[2025-04-15T02:36:17.884-0500] {job.py:229} INFO - Heartbeat recovered after 996.41 seconds
[2025-04-15T02:52:02.393-0500] {job.py:229} INFO - Heartbeat recovered after 904.36 seconds
[2025-04-15T03:08:59.875-0500] {job.py:229} INFO - Heartbeat recovered after 977.35 seconds
[2025-04-15T03:25:56.025-0500] {job.py:229} INFO - Heartbeat recovered after 965.97 seconds
[2025-04-15T03:50:34.221-0500] {job.py:229} INFO - Heartbeat recovered after 1046.66 seconds
[2025-04-15T04:07:25.618-0500] {job.py:229} INFO - Heartbeat recovered after 971.28 seconds
[2025-04-15T04:20:49.043-0500] {job.py:229} INFO - Heartbeat recovered after 758.27 seconds
[2025-04-15T04:38:17.177-0500] {job.py:229} INFO - Heartbeat recovered after 992.94 seconds
[2025-04-15T04:54:19.430-0500] {job.py:229} INFO - Heartbeat recovered after 912.06 seconds
[2025-04-15T05:13:54.109-0500] {job.py:229} INFO - Heartbeat recovered after 1029.18 seconds
[2025-04-15T05:30:09.523-0500] {job.py:229} INFO - Heartbeat recovered after 935.26 seconds
[2025-04-15T05:46:49.428-0500] {job.py:229} INFO - Heartbeat recovered after 959.80 seconds
[2025-04-15T06:09:28.675-0500] {job.py:229} INFO - Heartbeat recovered after 541.32 seconds
[2025-04-15T06:22:49.392-0500] {job.py:229} INFO - Heartbeat recovered after 178.47 seconds
[2025-04-15T06:40:16.094-0500] {job.py:229} INFO - Heartbeat recovered after 1006.56 seconds
[2025-04-15T06:58:15.712-0500] {job.py:229} INFO - Heartbeat recovered after 1039.50 seconds
[2025-04-15T07:14:31.206-0500] {job.py:229} INFO - Heartbeat recovered after 930.35 seconds
[2025-04-15T07:30:56.033-0500] {job.py:229} INFO - Heartbeat recovered after 929.63 seconds
[2025-04-15T07:48:13.586-0500] {job.py:229} INFO - Heartbeat recovered after 997.41 seconds
[2025-04-15T08:05:51.330-0500] {job.py:229} INFO - Heartbeat recovered after 1017.58 seconds
[2025-04-15T08:30:18.887-0500] {job.py:229} INFO - Heartbeat recovered after 935.62 seconds
[2025-04-15T08:47:02.465-0500] {job.py:229} INFO - Heartbeat recovered after 963.42 seconds
[2025-04-15T08:49:50.940-0500] {job.py:229} INFO - Heartbeat recovered after 123.28 seconds
[2025-04-15T09:00:02.809-0500] {job.py:229} INFO - Heartbeat recovered after 566.70 seconds
[2025-04-15T09:04:43.553-0500] {job.py:229} INFO - Heartbeat recovered after 160.32 seconds
[2025-04-15T09:07:00.662-0500] {job.py:229} INFO - Heartbeat recovered after 96.94 seconds
[2025-04-15T09:15:06.649-0500] {job.py:229} INFO - Heartbeat recovered after 445.85 seconds
[2025-04-15T09:16:26.174-0500] {local_task_job_runner.py:245} INFO - ::endgroup::
[2025-04-15T09:16:26.179-0500] {process_utils.py:132} INFO - Sending 15 to group 97851. PIDs of all processes in the group: [97851]
[2025-04-15T09:16:26.180-0500] {process_utils.py:87} INFO - Sending the signal 15 to group 97851
[2025-04-15T09:16:30.469-0500] {local_task_job_runner.py:123} INFO - ::group::Pre task execution logs
[2025-04-15T09:16:30.472-0500] {taskinstance.py:2604} INFO - Dependencies not met for <TaskInstance: multi_city_weather_pipeline.fetch_weather_multiple_cities scheduled__2025-04-14T23:00:00+00:00 [running]>, dependency 'Task Instance Not Running' FAILED: Task is in the running state
[2025-04-15T09:16:30.472-0500] {taskinstance.py:2604} INFO - Dependencies not met for <TaskInstance: multi_city_weather_pipeline.fetch_weather_multiple_cities scheduled__2025-04-14T23:00:00+00:00 [running]>, dependency 'Task Instance State' FAILED: Task is in the 'running' state.
[2025-04-15T09:16:30.476-0500] {local_task_job_runner.py:166} INFO - Task is not able to be run
