[2025-04-15T10:15:38.413-0500] {local_task_job_runner.py:123} INFO - ::group::Pre task execution logs
[2025-04-15T10:15:38.426-0500] {taskinstance.py:2614} INFO - Dependencies all met for dep_context=non-requeueable deps ti=<TaskInstance: multi_city_weather_pipeline.fetch_weather_multiple_cities scheduled__2025-04-14T23:00:00+00:00 [queued]>
[2025-04-15T10:15:38.429-0500] {taskinstance.py:2614} INFO - Dependencies all met for dep_context=requeueable deps ti=<TaskInstance: multi_city_weather_pipeline.fetch_weather_multiple_cities scheduled__2025-04-14T23:00:00+00:00 [queued]>
[2025-04-15T10:15:38.429-0500] {taskinstance.py:2867} INFO - Starting attempt 12 of 2
[2025-04-15T10:15:38.435-0500] {taskinstance.py:2890} INFO - Executing <Task(PythonOperator): fetch_weather_multiple_cities> on 2025-04-14 23:00:00+00:00
[2025-04-15T10:15:38.440-0500] {standard_task_runner.py:72} INFO - Started process 4246 to run task
[2025-04-15T10:15:38.449-0500] {standard_task_runner.py:104} INFO - Running: ['airflow', 'tasks', 'run', 'multi_city_weather_pipeline', 'fetch_weather_multiple_cities', 'scheduled__2025-04-14T23:00:00+00:00', '--job-id', '72', '--raw', '--subdir', 'DAGS_FOLDER/weather_pipeline_dag.py', '--cfg-path', '/var/folders/4n/q_76d_d57mb9q1qtrf4mvh940000gn/T/tmp2z0m9db8']
[2025-04-15T10:15:38.450-0500] {standard_task_runner.py:105} INFO - Job 72: Subtask fetch_weather_multiple_cities
[2025-04-15T10:15:38.471-0500] {task_command.py:467} INFO - Running <TaskInstance: multi_city_weather_pipeline.fetch_weather_multiple_cities scheduled__2025-04-14T23:00:00+00:00 [running]> on host ramyas-macbook-air.local
[2025-04-15T10:15:38.491-0500] {taskinstance.py:3134} INFO - Exporting env vars: AIRFLOW_CTX_DAG_OWNER='airflow' AIRFLOW_CTX_DAG_ID='multi_city_weather_pipeline' AIRFLOW_CTX_TASK_ID='fetch_weather_multiple_cities' AIRFLOW_CTX_EXECUTION_DATE='2025-04-14T23:00:00+00:00' AIRFLOW_CTX_TRY_NUMBER='12' AIRFLOW_CTX_DAG_RUN_ID='scheduled__2025-04-14T23:00:00+00:00'
[2025-04-15T10:15:38.492-0500] {logging_mixin.py:190} INFO - Task instance is in running state
[2025-04-15T10:15:38.492-0500] {logging_mixin.py:190} INFO -  Previous state of the Task instance: queued
[2025-04-15T10:15:38.492-0500] {logging_mixin.py:190} INFO - Current task name:fetch_weather_multiple_cities state:running start_date:2025-04-15 15:15:38.426990+00:00
[2025-04-15T10:15:38.492-0500] {logging_mixin.py:190} INFO - Dag name:multi_city_weather_pipeline and current dag run status:running
[2025-04-15T10:15:38.492-0500] {taskinstance.py:732} INFO - ::endgroup::
[2025-04-15T10:29:29.863-0500] {job.py:229} INFO - Heartbeat recovered after 98.51 seconds
[2025-04-15T10:30:42.856-0500] {job.py:229} INFO - Heartbeat recovered after 32.85 seconds
[2025-04-15T10:31:46.660-0500] {job.py:229} INFO - Heartbeat recovered after 23.66 seconds
[2025-04-15T10:33:34.250-0500] {job.py:229} INFO - Heartbeat recovered after 67.45 seconds
[2025-04-15T10:39:43.226-0500] {job.py:229} INFO - Heartbeat recovered after 348.87 seconds
[2025-04-15T10:55:38.529-0500] {job.py:229} INFO - Heartbeat recovered after 940.26 seconds
[2025-04-15T11:13:43.582-0500] {job.py:229} INFO - Heartbeat recovered after 1049.36 seconds
[2025-04-15T11:21:02.309-0500] {job.py:229} INFO - Heartbeat recovered after 438.73 seconds
[2025-04-15T11:25:21.702-0500] {job.py:229} INFO - Heartbeat recovered after 259.39 seconds
[2025-04-15T11:28:20.759-0500] {job.py:229} INFO - Heartbeat recovered after 148.96 seconds
[2025-04-15T11:29:56.987-0500] {job.py:229} INFO - Heartbeat recovered after 91.21 seconds
[2025-04-15T11:30:45.663-0500] {job.py:229} INFO - Heartbeat recovered after 33.59 seconds
[2025-04-15T11:34:35.170-0500] {job.py:229} INFO - Heartbeat recovered after 209.43 seconds
[2025-04-15T11:36:36.103-0500] {job.py:229} INFO - Heartbeat recovered after 105.88 seconds
[2025-04-15T11:37:32.004-0500] {job.py:229} INFO - Heartbeat recovered after 50.88 seconds
[2025-04-15T11:39:30.272-0500] {job.py:229} INFO - Heartbeat recovered after 108.23 seconds
[2025-04-15T11:41:27.731-0500] {job.py:229} INFO - Heartbeat recovered after 107.42 seconds
[2025-04-15T11:43:33.888-0500] {job.py:229} INFO - Heartbeat recovered after 121.14 seconds
[2025-04-15T11:44:43.918-0500] {job.py:229} INFO - Heartbeat recovered after 65.01 seconds
[2025-04-15T11:47:02.878-0500] {job.py:229} INFO - Heartbeat recovered after 133.94 seconds
[2025-04-15T11:47:50.733-0500] {job.py:229} INFO - Heartbeat recovered after 37.83 seconds
[2025-04-15T11:50:57.727-0500] {job.py:229} INFO - Heartbeat recovered after 159.66 seconds
[2025-04-15T11:53:27.843-0500] {job.py:229} INFO - Heartbeat recovered after 140.08 seconds
[2025-04-15T11:53:51.779-0500] {job.py:229} INFO - Heartbeat recovered after 13.90 seconds
[2025-04-15T11:54:59.095-0500] {job.py:229} INFO - Heartbeat recovered after 57.28 seconds
[2025-04-15T11:58:19.409-0500] {job.py:229} INFO - Heartbeat recovered after 190.28 seconds
[2025-04-15T11:58:52.884-0500] {job.py:229} INFO - Heartbeat recovered after 13.41 seconds
[2025-04-15T11:59:51.936-0500] {job.py:229} INFO - Heartbeat recovered after 49.01 seconds
[2025-04-15T12:02:08.929-0500] {job.py:229} INFO - Heartbeat recovered after 131.98 seconds
[2025-04-15T12:05:42.915-0500] {job.py:229} INFO - Heartbeat recovered after 178.86 seconds
[2025-04-15T12:07:40.253-0500] {job.py:229} INFO - Heartbeat recovered after 112.32 seconds
[2025-04-15T12:07:59.092-0500] {job.py:229} INFO - Heartbeat recovered after 13.82 seconds
[2025-04-15T12:11:16.868-0500] {job.py:229} INFO - Heartbeat recovered after 182.72 seconds
[2025-04-15T12:16:16.893-0500] {job.py:229} INFO - Heartbeat recovered after 295.01 seconds
[2025-04-15T12:17:28.036-0500] {job.py:229} INFO - Heartbeat recovered after 61.11 seconds
[2025-04-15T12:23:10.168-0500] {job.py:229} INFO - Heartbeat recovered after 332.09 seconds
[2025-04-15T12:34:40.665-0500] {job.py:229} INFO - Heartbeat recovered after 660.22 seconds
[2025-04-15T12:37:54.099-0500] {job.py:229} INFO - Heartbeat recovered after 178.38 seconds
[2025-04-15T12:44:01.340-0500] {job.py:229} INFO - Heartbeat recovered after 332.11 seconds
[2025-04-15T12:55:27.072-0500] {job.py:229} INFO - Heartbeat recovered after 680.72 seconds
[2025-04-15T13:12:01.410-0500] {job.py:229} INFO - Heartbeat recovered after 984.30 seconds
[2025-04-15T13:19:22.469-0500] {job.py:229} INFO - Heartbeat recovered after 441.06 seconds
[2025-04-15T13:28:51.502-0500] {job.py:229} INFO - Heartbeat recovered after 531.44 seconds
[2025-04-15T13:30:21.259-0500] {job.py:229} INFO - Heartbeat recovered after 74.70 seconds
[2025-04-15T13:35:40.466-0500] {job.py:229} INFO - Heartbeat recovered after 299.82 seconds
[2025-04-15T13:39:08.796-0500] {job.py:229} INFO - Heartbeat recovered after 198.29 seconds
[2025-04-15T13:40:55.537-0500] {job.py:229} INFO - Heartbeat recovered after 66.59 seconds
[2025-04-15T13:49:25.050-0500] {job.py:229} INFO - Heartbeat recovered after 494.46 seconds
[2025-04-15T14:04:43.888-0500] {job.py:229} INFO - Heartbeat recovered after 913.82 seconds
[2025-04-15T14:20:44.717-0500] {job.py:229} INFO - Heartbeat recovered after 930.75 seconds
[2025-04-15T14:22:55.714-0500] {job.py:229} INFO - Heartbeat recovered after 131.00 seconds
[2025-04-15T14:23:21.756-0500] {job.py:229} INFO - Heartbeat recovered after 21.02 seconds
[2025-04-15T17:16:30.466-0500] {job.py:229} INFO - Heartbeat recovered after 31.65 seconds
[2025-04-15T17:32:14.220-0500] {job.py:229} INFO - Heartbeat recovered after 903.59 seconds
[2025-04-15T17:52:04.379-0500] {job.py:229} INFO - Heartbeat recovered after 904.07 seconds
[2025-04-15T17:54:47.202-0500] {job.py:229} INFO - Heartbeat recovered after 92.54 seconds
[2025-04-15T18:11:18.936-0500] {job.py:229} INFO - Heartbeat recovered after 971.66 seconds
[2025-04-15T18:26:41.851-0500] {job.py:229} INFO - Heartbeat recovered after 917.91 seconds
[2025-04-15T18:32:51.031-0500] {job.py:229} INFO - Heartbeat recovered after 329.05 seconds
[2025-04-15T18:40:58.270-0500] {job.py:229} INFO - Heartbeat recovered after 442.07 seconds
[2025-04-15T18:56:50.550-0500] {job.py:229} INFO - Heartbeat recovered after 912.13 seconds
[2025-04-15T19:14:10.805-0500] {job.py:229} INFO - Heartbeat recovered after 1035.24 seconds
[2025-04-15T19:16:17.113-0500] {job.py:229} INFO - Heartbeat recovered after 126.31 seconds
[2025-04-15T19:31:55.985-0500] {job.py:229} INFO - Heartbeat recovered after 928.84 seconds
[2025-04-15T19:48:02.473-0500] {job.py:229} INFO - Heartbeat recovered after 941.41 seconds
[2025-04-15T19:55:47.866-0500] {job.py:229} INFO - Heartbeat recovered after 440.30 seconds
[2025-04-15T20:12:18.040-0500] {job.py:229} INFO - Heartbeat recovered after 970.10 seconds
[2025-04-15T20:17:11.660-0500] {job.py:229} INFO - Heartbeat recovered after 283.58 seconds
[2025-04-15T20:17:25.413-0500] {local_task_job_runner.py:245} INFO - ::endgroup::
[2025-04-15T20:17:25.422-0500] {process_utils.py:132} INFO - Sending 15 to group 4246. PIDs of all processes in the group: [4246]
[2025-04-15T20:17:25.423-0500] {process_utils.py:87} INFO - Sending the signal 15 to group 4246
[2025-04-15T20:17:28.937-0500] {local_task_job_runner.py:123} INFO - ::group::Pre task execution logs
[2025-04-15T20:17:28.939-0500] {taskinstance.py:2604} INFO - Dependencies not met for <TaskInstance: multi_city_weather_pipeline.fetch_weather_multiple_cities scheduled__2025-04-14T23:00:00+00:00 [running]>, dependency 'Task Instance State' FAILED: Task is in the 'running' state.
[2025-04-15T20:17:28.942-0500] {taskinstance.py:2604} INFO - Dependencies not met for <TaskInstance: multi_city_weather_pipeline.fetch_weather_multiple_cities scheduled__2025-04-14T23:00:00+00:00 [running]>, dependency 'Task Instance Not Running' FAILED: Task is in the running state
[2025-04-15T20:17:28.943-0500] {local_task_job_runner.py:166} INFO - Task is not able to be run
