[2025-04-16T12:00:12.751-0500] {local_task_job_runner.py:123} INFO - ::group::Pre task execution logs
[2025-04-16T12:00:12.754-0500] {taskinstance.py:2614} INFO - Dependencies all met for dep_context=non-requeueable deps ti=<TaskInstance: multi_city_weather_pipeline.fetch_weather_for_all_cities scheduled__2025-04-16T16:00:00+00:00 [queued]>
[2025-04-16T12:00:12.756-0500] {taskinstance.py:2614} INFO - Dependencies all met for dep_context=requeueable deps ti=<TaskInstance: multi_city_weather_pipeline.fetch_weather_for_all_cities scheduled__2025-04-16T16:00:00+00:00 [queued]>
[2025-04-16T12:00:12.756-0500] {taskinstance.py:2867} INFO - Starting attempt 1 of 2
[2025-04-16T12:00:12.759-0500] {taskinstance.py:2890} INFO - Executing <Task(PythonOperator): fetch_weather_for_all_cities> on 2025-04-16 16:00:00+00:00
[2025-04-16T12:00:12.763-0500] {standard_task_runner.py:72} INFO - Started process 18348 to run task
[2025-04-16T12:00:12.766-0500] {standard_task_runner.py:104} INFO - Running: ['airflow', 'tasks', 'run', 'multi_city_weather_pipeline', 'fetch_weather_for_all_cities', 'scheduled__2025-04-16T16:00:00+00:00', '--job-id', '116', '--raw', '--subdir', 'DAGS_FOLDER/weather_pipeline_dag.py', '--cfg-path', '/var/folders/4n/q_76d_d57mb9q1qtrf4mvh940000gn/T/tmp22anrbgh']
[2025-04-16T12:00:12.767-0500] {standard_task_runner.py:105} INFO - Job 116: Subtask fetch_weather_for_all_cities
[2025-04-16T12:00:12.783-0500] {task_command.py:467} INFO - Running <TaskInstance: multi_city_weather_pipeline.fetch_weather_for_all_cities scheduled__2025-04-16T16:00:00+00:00 [running]> on host ramyas-macbook-air.local
[2025-04-16T12:00:12.804-0500] {taskinstance.py:3134} INFO - Exporting env vars: AIRFLOW_CTX_DAG_OWNER='airflow' AIRFLOW_CTX_DAG_ID='multi_city_weather_pipeline' AIRFLOW_CTX_TASK_ID='fetch_weather_for_all_cities' AIRFLOW_CTX_EXECUTION_DATE='2025-04-16T16:00:00+00:00' AIRFLOW_CTX_TRY_NUMBER='1' AIRFLOW_CTX_DAG_RUN_ID='scheduled__2025-04-16T16:00:00+00:00'
[2025-04-16T12:00:12.804-0500] {logging_mixin.py:190} INFO - Task instance is in running state
[2025-04-16T12:00:12.805-0500] {logging_mixin.py:190} INFO -  Previous state of the Task instance: queued
[2025-04-16T12:00:12.805-0500] {logging_mixin.py:190} INFO - Current task name:fetch_weather_for_all_cities state:running start_date:2025-04-16 17:00:12.754589+00:00
[2025-04-16T12:00:12.805-0500] {logging_mixin.py:190} INFO - Dag name:multi_city_weather_pipeline and current dag run status:running
[2025-04-16T12:00:12.805-0500] {taskinstance.py:732} INFO - ::endgroup::
[2025-04-16T12:00:13.070-0500] {logging_mixin.py:190} INFO - Dallas: 24.79°C, clear sky
[2025-04-16T12:00:14.907-0500] {logging_mixin.py:190} INFO - Saved Dallas to DB.
[2025-04-16T12:00:15.086-0500] {logging_mixin.py:190} INFO - New York: 9.31°C, overcast clouds
[2025-04-16T12:00:15.391-0500] {logging_mixin.py:190} INFO - Saved New York to DB.
[2025-04-16T12:00:15.605-0500] {logging_mixin.py:190} INFO - London: 14.05°C, clear sky
[2025-04-16T12:00:15.959-0500] {logging_mixin.py:190} INFO - Saved London to DB.
[2025-04-16T12:00:16.148-0500] {logging_mixin.py:190} INFO - Tokyo: 14.13°C, clear sky
[2025-04-16T12:00:16.419-0500] {logging_mixin.py:190} INFO - Saved Tokyo to DB.
[2025-04-16T12:00:16.660-0500] {logging_mixin.py:190} INFO - Bengaluru: 26.86°C, drizzle
[2025-04-16T12:00:17.087-0500] {logging_mixin.py:190} INFO - Saved Bengaluru to DB.
[2025-04-16T12:00:17.633-0500] {logging_mixin.py:190} INFO - San Francisco: 13.51°C, broken clouds
[2025-04-16T12:00:17.900-0500] {logging_mixin.py:190} INFO - Saved San Francisco to DB.
[2025-04-16T12:00:18.122-0500] {logging_mixin.py:190} INFO - Chicago: 7.4°C, scattered clouds
[2025-04-16T12:00:18.526-0500] {logging_mixin.py:190} INFO - Saved Chicago to DB.
[2025-04-16T12:00:18.746-0500] {logging_mixin.py:190} INFO - Berlin: 24.97°C, clear sky
[2025-04-16T12:00:19.251-0500] {logging_mixin.py:190} INFO - Saved Berlin to DB.
[2025-04-16T12:00:19.471-0500] {logging_mixin.py:190} INFO - Sydney: 15.8°C, light intensity shower rain
[2025-04-16T12:00:19.749-0500] {logging_mixin.py:190} INFO - Saved Sydney to DB.
[2025-04-16T12:00:21.053-0500] {logging_mixin.py:190} INFO - Toronto: 3.55°C, overcast clouds
[2025-04-16T12:00:21.575-0500] {logging_mixin.py:190} INFO - Saved Toronto to DB.
[2025-04-16T12:00:21.759-0500] {logging_mixin.py:190} INFO - Mumbai: 28.23°C, clear sky
[2025-04-16T12:00:22.188-0500] {logging_mixin.py:190} INFO - Saved Mumbai to DB.
[2025-04-16T12:00:22.446-0500] {logging_mixin.py:190} INFO - Cape Town: 18.5°C, clear sky
[2025-04-16T12:00:22.968-0500] {logging_mixin.py:190} INFO - Saved Cape Town to DB.
[2025-04-16T12:00:23.041-0500] {logging_mixin.py:190} INFO - ✅ Excel report saved: /Users/Ramya_Rangaraju/Data_engineering_projects/weather_pipeline/scripts/../reports/weather_report_2025-04-16.xlsx
[2025-04-16T12:00:23.041-0500] {python.py:240} INFO - Done. Returned value was: None
[2025-04-16T12:00:23.043-0500] {taskinstance.py:341} INFO - ::group::Post task execution logs
[2025-04-16T12:00:23.043-0500] {taskinstance.py:353} INFO - Marking task as SUCCESS. dag_id=multi_city_weather_pipeline, task_id=fetch_weather_for_all_cities, run_id=scheduled__2025-04-16T16:00:00+00:00, execution_date=20250416T160000, start_date=20250416T170012, end_date=20250416T170023
[2025-04-16T12:00:23.049-0500] {logging_mixin.py:190} INFO - Task instance in success state
[2025-04-16T12:00:23.049-0500] {logging_mixin.py:190} INFO -  Previous state of the Task instance: running
[2025-04-16T12:00:23.049-0500] {logging_mixin.py:190} INFO - Dag name:multi_city_weather_pipeline queued_at:2025-04-16 17:00:02.692342+00:00
[2025-04-16T12:00:23.049-0500] {logging_mixin.py:190} INFO - Task hostname:ramyas-macbook-air.local operator:PythonOperator
[2025-04-16T12:00:23.080-0500] {local_task_job_runner.py:266} INFO - Task exited with return code 0
[2025-04-16T12:00:23.084-0500] {taskinstance.py:3901} INFO - 0 downstream tasks scheduled from follow-on schedule check
[2025-04-16T12:00:23.084-0500] {local_task_job_runner.py:245} INFO - ::endgroup::
