[2025-04-14T19:01:33.675-0500] {processor.py:186} INFO - Started process (PID=96457) to work on /Users/Ramya_Rangaraju/Data_engineering_projects/weather_pipeline/dags/weather_pipeline_dag.py
[2025-04-14T19:01:33.675-0500] {processor.py:914} INFO - Processing file /Users/Ramya_Rangaraju/Data_engineering_projects/weather_pipeline/dags/weather_pipeline_dag.py for tasks to queue
[2025-04-14T19:01:33.676-0500] {logging_mixin.py:190} INFO - [2025-04-14T19:01:33.676-0500] {dagbag.py:588} INFO - Filling up the DagBag from /Users/Ramya_Rangaraju/Data_engineering_projects/weather_pipeline/dags/weather_pipeline_dag.py
[2025-04-14T19:01:33.709-0500] {processor.py:925} INFO - DAG(s) 'multi_city_weather_pipeline' retrieved from /Users/Ramya_Rangaraju/Data_engineering_projects/weather_pipeline/dags/weather_pipeline_dag.py
[2025-04-14T19:01:33.775-0500] {logging_mixin.py:190} INFO - [2025-04-14T19:01:33.775-0500] {dag.py:3239} INFO - Sync 1 DAGs
[2025-04-14T19:01:33.783-0500] {logging_mixin.py:190} INFO - [2025-04-14T19:01:33.783-0500] {dag.py:4180} INFO - Setting next_dagrun for multi_city_weather_pipeline to 2025-04-14 23:00:00+00:00, run_after=2025-04-15 00:00:00+00:00
[2025-04-14T19:01:33.789-0500] {processor.py:208} INFO - Processing /Users/Ramya_Rangaraju/Data_engineering_projects/weather_pipeline/dags/weather_pipeline_dag.py took 0.115 seconds
[2025-04-14T19:18:44.715-0500] {processor.py:186} INFO - Started process (PID=96931) to work on /Users/Ramya_Rangaraju/Data_engineering_projects/weather_pipeline/dags/weather_pipeline_dag.py
[2025-04-14T19:18:44.716-0500] {processor.py:914} INFO - Processing file /Users/Ramya_Rangaraju/Data_engineering_projects/weather_pipeline/dags/weather_pipeline_dag.py for tasks to queue
[2025-04-14T19:18:44.716-0500] {logging_mixin.py:190} INFO - [2025-04-14T19:18:44.716-0500] {dagbag.py:588} INFO - Filling up the DagBag from /Users/Ramya_Rangaraju/Data_engineering_projects/weather_pipeline/dags/weather_pipeline_dag.py
[2025-04-14T19:18:44.748-0500] {processor.py:925} INFO - DAG(s) 'multi_city_weather_pipeline' retrieved from /Users/Ramya_Rangaraju/Data_engineering_projects/weather_pipeline/dags/weather_pipeline_dag.py
[2025-04-14T19:18:44.780-0500] {logging_mixin.py:190} INFO - [2025-04-14T19:18:44.780-0500] {dag.py:3239} INFO - Sync 1 DAGs
[2025-04-14T19:18:44.788-0500] {logging_mixin.py:190} INFO - [2025-04-14T19:18:44.788-0500] {dag.py:4180} INFO - Setting next_dagrun for multi_city_weather_pipeline to 2025-04-15 00:00:00+00:00, run_after=2025-04-15 01:00:00+00:00
[2025-04-14T19:18:44.793-0500] {processor.py:208} INFO - Processing /Users/Ramya_Rangaraju/Data_engineering_projects/weather_pipeline/dags/weather_pipeline_dag.py took 0.079 seconds
[2025-04-14T19:20:31.712-0500] {processor.py:186} INFO - Started process (PID=97171) to work on /Users/Ramya_Rangaraju/Data_engineering_projects/weather_pipeline/dags/weather_pipeline_dag.py
[2025-04-14T19:20:31.713-0500] {processor.py:914} INFO - Processing file /Users/Ramya_Rangaraju/Data_engineering_projects/weather_pipeline/dags/weather_pipeline_dag.py for tasks to queue
[2025-04-14T19:20:31.713-0500] {logging_mixin.py:190} INFO - [2025-04-14T19:20:31.713-0500] {dagbag.py:588} INFO - Filling up the DagBag from /Users/Ramya_Rangaraju/Data_engineering_projects/weather_pipeline/dags/weather_pipeline_dag.py
[2025-04-14T19:20:31.746-0500] {processor.py:925} INFO - DAG(s) 'multi_city_weather_pipeline' retrieved from /Users/Ramya_Rangaraju/Data_engineering_projects/weather_pipeline/dags/weather_pipeline_dag.py
[2025-04-14T19:20:31.779-0500] {logging_mixin.py:190} INFO - [2025-04-14T19:20:31.779-0500] {dag.py:3239} INFO - Sync 1 DAGs
[2025-04-14T19:20:31.786-0500] {logging_mixin.py:190} INFO - [2025-04-14T19:20:31.786-0500] {dag.py:4180} INFO - Setting next_dagrun for multi_city_weather_pipeline to 2025-04-15 00:00:00+00:00, run_after=2025-04-15 01:00:00+00:00
[2025-04-14T19:20:31.792-0500] {processor.py:208} INFO - Processing /Users/Ramya_Rangaraju/Data_engineering_projects/weather_pipeline/dags/weather_pipeline_dag.py took 0.081 seconds
[2025-04-14T19:25:16.417-0500] {processor.py:186} INFO - Started process (PID=97299) to work on /Users/Ramya_Rangaraju/Data_engineering_projects/weather_pipeline/dags/weather_pipeline_dag.py
[2025-04-14T19:25:16.418-0500] {processor.py:914} INFO - Processing file /Users/Ramya_Rangaraju/Data_engineering_projects/weather_pipeline/dags/weather_pipeline_dag.py for tasks to queue
[2025-04-14T19:25:16.418-0500] {logging_mixin.py:190} INFO - [2025-04-14T19:25:16.418-0500] {dagbag.py:588} INFO - Filling up the DagBag from /Users/Ramya_Rangaraju/Data_engineering_projects/weather_pipeline/dags/weather_pipeline_dag.py
[2025-04-14T19:25:16.451-0500] {processor.py:925} INFO - DAG(s) 'multi_city_weather_pipeline' retrieved from /Users/Ramya_Rangaraju/Data_engineering_projects/weather_pipeline/dags/weather_pipeline_dag.py
[2025-04-14T19:25:16.483-0500] {logging_mixin.py:190} INFO - [2025-04-14T19:25:16.483-0500] {dag.py:3239} INFO - Sync 1 DAGs
[2025-04-14T19:25:16.490-0500] {logging_mixin.py:190} INFO - [2025-04-14T19:25:16.490-0500] {dag.py:4180} INFO - Setting next_dagrun for multi_city_weather_pipeline to 2025-04-15 00:00:00+00:00, run_after=2025-04-15 01:00:00+00:00
[2025-04-14T19:25:16.495-0500] {processor.py:208} INFO - Processing /Users/Ramya_Rangaraju/Data_engineering_projects/weather_pipeline/dags/weather_pipeline_dag.py took 0.079 seconds
[2025-04-14T19:41:46.773-0500] {processor.py:186} INFO - Started process (PID=97796) to work on /Users/Ramya_Rangaraju/Data_engineering_projects/weather_pipeline/dags/weather_pipeline_dag.py
[2025-04-14T19:41:46.774-0500] {processor.py:914} INFO - Processing file /Users/Ramya_Rangaraju/Data_engineering_projects/weather_pipeline/dags/weather_pipeline_dag.py for tasks to queue
[2025-04-14T19:41:46.774-0500] {logging_mixin.py:190} INFO - [2025-04-14T19:41:46.774-0500] {dagbag.py:588} INFO - Filling up the DagBag from /Users/Ramya_Rangaraju/Data_engineering_projects/weather_pipeline/dags/weather_pipeline_dag.py
[2025-04-14T19:41:46.913-0500] {processor.py:925} INFO - DAG(s) 'multi_city_weather_pipeline' retrieved from /Users/Ramya_Rangaraju/Data_engineering_projects/weather_pipeline/dags/weather_pipeline_dag.py
[2025-04-14T19:41:46.945-0500] {logging_mixin.py:190} INFO - [2025-04-14T19:41:46.944-0500] {dag.py:3239} INFO - Sync 1 DAGs
[2025-04-14T19:41:46.979-0500] {logging_mixin.py:190} INFO - [2025-04-14T19:41:46.979-0500] {dag.py:4180} INFO - Setting next_dagrun for multi_city_weather_pipeline to 2025-04-15 00:00:00+00:00, run_after=2025-04-15 01:00:00+00:00
[2025-04-14T19:41:46.985-0500] {processor.py:208} INFO - Processing /Users/Ramya_Rangaraju/Data_engineering_projects/weather_pipeline/dags/weather_pipeline_dag.py took 0.213 seconds
[2025-04-14T19:43:00.587-0500] {processor.py:186} INFO - Started process (PID=97844) to work on /Users/Ramya_Rangaraju/Data_engineering_projects/weather_pipeline/dags/weather_pipeline_dag.py
[2025-04-14T19:43:00.587-0500] {processor.py:914} INFO - Processing file /Users/Ramya_Rangaraju/Data_engineering_projects/weather_pipeline/dags/weather_pipeline_dag.py for tasks to queue
[2025-04-14T19:43:00.588-0500] {logging_mixin.py:190} INFO - [2025-04-14T19:43:00.587-0500] {dagbag.py:588} INFO - Filling up the DagBag from /Users/Ramya_Rangaraju/Data_engineering_projects/weather_pipeline/dags/weather_pipeline_dag.py
[2025-04-14T19:43:00.733-0500] {processor.py:925} INFO - DAG(s) 'multi_city_weather_pipeline' retrieved from /Users/Ramya_Rangaraju/Data_engineering_projects/weather_pipeline/dags/weather_pipeline_dag.py
[2025-04-14T19:43:00.766-0500] {logging_mixin.py:190} INFO - [2025-04-14T19:43:00.766-0500] {dag.py:3239} INFO - Sync 1 DAGs
[2025-04-14T19:43:00.801-0500] {logging_mixin.py:190} INFO - [2025-04-14T19:43:00.801-0500] {dag.py:4180} INFO - Setting next_dagrun for multi_city_weather_pipeline to 2025-04-15 00:00:00+00:00, run_after=2025-04-15 01:00:00+00:00
[2025-04-14T19:43:00.806-0500] {processor.py:208} INFO - Processing /Users/Ramya_Rangaraju/Data_engineering_projects/weather_pipeline/dags/weather_pipeline_dag.py took 0.221 seconds
[2025-04-15T09:16:51.987-0500] {processor.py:186} INFO - Started process (PID=2917) to work on /Users/Ramya_Rangaraju/Data_engineering_projects/weather_pipeline/dags/weather_pipeline_dag.py
[2025-04-15T09:16:51.988-0500] {processor.py:914} INFO - Processing file /Users/Ramya_Rangaraju/Data_engineering_projects/weather_pipeline/dags/weather_pipeline_dag.py for tasks to queue
[2025-04-15T09:16:51.988-0500] {logging_mixin.py:190} INFO - [2025-04-15T09:16:51.988-0500] {dagbag.py:588} INFO - Filling up the DagBag from /Users/Ramya_Rangaraju/Data_engineering_projects/weather_pipeline/dags/weather_pipeline_dag.py
[2025-04-15T09:16:52.133-0500] {processor.py:925} INFO - DAG(s) 'multi_city_weather_pipeline' retrieved from /Users/Ramya_Rangaraju/Data_engineering_projects/weather_pipeline/dags/weather_pipeline_dag.py
[2025-04-15T09:16:52.222-0500] {logging_mixin.py:190} INFO - [2025-04-15T09:16:52.222-0500] {dag.py:3239} INFO - Sync 1 DAGs
[2025-04-15T09:16:52.229-0500] {logging_mixin.py:190} INFO - [2025-04-15T09:16:52.229-0500] {dag.py:4180} INFO - Setting next_dagrun for multi_city_weather_pipeline to 2025-04-15 13:00:00+00:00, run_after=2025-04-15 14:00:00+00:00
[2025-04-15T09:16:52.235-0500] {processor.py:208} INFO - Processing /Users/Ramya_Rangaraju/Data_engineering_projects/weather_pipeline/dags/weather_pipeline_dag.py took 0.250 seconds
[2025-04-15T09:31:49.724-0500] {processor.py:186} INFO - Started process (PID=3240) to work on /Users/Ramya_Rangaraju/Data_engineering_projects/weather_pipeline/dags/weather_pipeline_dag.py
[2025-04-15T09:31:49.726-0500] {processor.py:914} INFO - Processing file /Users/Ramya_Rangaraju/Data_engineering_projects/weather_pipeline/dags/weather_pipeline_dag.py for tasks to queue
[2025-04-15T09:31:49.726-0500] {logging_mixin.py:190} INFO - [2025-04-15T09:31:49.726-0500] {dagbag.py:588} INFO - Filling up the DagBag from /Users/Ramya_Rangaraju/Data_engineering_projects/weather_pipeline/dags/weather_pipeline_dag.py
[2025-04-15T09:31:49.871-0500] {processor.py:925} INFO - DAG(s) 'multi_city_weather_pipeline' retrieved from /Users/Ramya_Rangaraju/Data_engineering_projects/weather_pipeline/dags/weather_pipeline_dag.py
[2025-04-15T09:31:49.905-0500] {logging_mixin.py:190} INFO - [2025-04-15T09:31:49.905-0500] {dag.py:3239} INFO - Sync 1 DAGs
[2025-04-15T09:31:49.941-0500] {logging_mixin.py:190} INFO - [2025-04-15T09:31:49.941-0500] {dag.py:4180} INFO - Setting next_dagrun for multi_city_weather_pipeline to 2025-04-15 14:00:00+00:00, run_after=2025-04-15 15:00:00+00:00
[2025-04-15T09:31:49.947-0500] {processor.py:208} INFO - Processing /Users/Ramya_Rangaraju/Data_engineering_projects/weather_pipeline/dags/weather_pipeline_dag.py took 0.223 seconds
[2025-04-15T09:39:18.292-0500] {processor.py:186} INFO - Started process (PID=3429) to work on /Users/Ramya_Rangaraju/Data_engineering_projects/weather_pipeline/dags/weather_pipeline_dag.py
[2025-04-15T09:39:18.293-0500] {processor.py:914} INFO - Processing file /Users/Ramya_Rangaraju/Data_engineering_projects/weather_pipeline/dags/weather_pipeline_dag.py for tasks to queue
[2025-04-15T09:39:18.294-0500] {logging_mixin.py:190} INFO - [2025-04-15T09:39:18.294-0500] {dagbag.py:588} INFO - Filling up the DagBag from /Users/Ramya_Rangaraju/Data_engineering_projects/weather_pipeline/dags/weather_pipeline_dag.py
[2025-04-15T09:39:18.440-0500] {processor.py:925} INFO - DAG(s) 'multi_city_weather_pipeline' retrieved from /Users/Ramya_Rangaraju/Data_engineering_projects/weather_pipeline/dags/weather_pipeline_dag.py
[2025-04-15T09:39:18.473-0500] {logging_mixin.py:190} INFO - [2025-04-15T09:39:18.473-0500] {dag.py:3239} INFO - Sync 1 DAGs
[2025-04-15T09:39:18.508-0500] {logging_mixin.py:190} INFO - [2025-04-15T09:39:18.508-0500] {dag.py:4180} INFO - Setting next_dagrun for multi_city_weather_pipeline to 2025-04-15 14:00:00+00:00, run_after=2025-04-15 15:00:00+00:00
[2025-04-15T09:39:18.514-0500] {processor.py:208} INFO - Processing /Users/Ramya_Rangaraju/Data_engineering_projects/weather_pipeline/dags/weather_pipeline_dag.py took 0.223 seconds
[2025-04-15T10:12:06.540-0500] {processor.py:186} INFO - Started process (PID=4081) to work on /Users/Ramya_Rangaraju/Data_engineering_projects/weather_pipeline/dags/weather_pipeline_dag.py
[2025-04-15T10:12:06.542-0500] {processor.py:914} INFO - Processing file /Users/Ramya_Rangaraju/Data_engineering_projects/weather_pipeline/dags/weather_pipeline_dag.py for tasks to queue
[2025-04-15T10:12:06.542-0500] {logging_mixin.py:190} INFO - [2025-04-15T10:12:06.542-0500] {dagbag.py:588} INFO - Filling up the DagBag from /Users/Ramya_Rangaraju/Data_engineering_projects/weather_pipeline/dags/weather_pipeline_dag.py
[2025-04-15T10:12:06.689-0500] {processor.py:925} INFO - DAG(s) 'multi_city_weather_pipeline' retrieved from /Users/Ramya_Rangaraju/Data_engineering_projects/weather_pipeline/dags/weather_pipeline_dag.py
[2025-04-15T10:12:06.722-0500] {logging_mixin.py:190} INFO - [2025-04-15T10:12:06.722-0500] {dag.py:3239} INFO - Sync 1 DAGs
[2025-04-15T10:12:06.755-0500] {logging_mixin.py:190} INFO - [2025-04-15T10:12:06.755-0500] {dag.py:4180} INFO - Setting next_dagrun for multi_city_weather_pipeline to 2025-04-15 14:00:00+00:00, run_after=2025-04-15 15:00:00+00:00
[2025-04-15T10:12:06.761-0500] {processor.py:208} INFO - Processing /Users/Ramya_Rangaraju/Data_engineering_projects/weather_pipeline/dags/weather_pipeline_dag.py took 0.222 seconds
[2025-04-15T10:13:08.375-0500] {processor.py:186} INFO - Started process (PID=4139) to work on /Users/Ramya_Rangaraju/Data_engineering_projects/weather_pipeline/dags/weather_pipeline_dag.py
[2025-04-15T10:13:08.377-0500] {processor.py:914} INFO - Processing file /Users/Ramya_Rangaraju/Data_engineering_projects/weather_pipeline/dags/weather_pipeline_dag.py for tasks to queue
[2025-04-15T10:13:08.377-0500] {logging_mixin.py:190} INFO - [2025-04-15T10:13:08.377-0500] {dagbag.py:588} INFO - Filling up the DagBag from /Users/Ramya_Rangaraju/Data_engineering_projects/weather_pipeline/dags/weather_pipeline_dag.py
[2025-04-15T10:13:08.531-0500] {processor.py:925} INFO - DAG(s) 'multi_city_weather_pipeline' retrieved from /Users/Ramya_Rangaraju/Data_engineering_projects/weather_pipeline/dags/weather_pipeline_dag.py
[2025-04-15T10:13:08.566-0500] {logging_mixin.py:190} INFO - [2025-04-15T10:13:08.565-0500] {dag.py:3239} INFO - Sync 1 DAGs
[2025-04-15T10:13:08.601-0500] {logging_mixin.py:190} INFO - [2025-04-15T10:13:08.601-0500] {dag.py:4180} INFO - Setting next_dagrun for multi_city_weather_pipeline to 2025-04-15 15:00:00+00:00, run_after=2025-04-15 16:00:00+00:00
[2025-04-15T10:13:08.607-0500] {processor.py:208} INFO - Processing /Users/Ramya_Rangaraju/Data_engineering_projects/weather_pipeline/dags/weather_pipeline_dag.py took 0.233 seconds
[2025-04-15T10:15:35.137-0500] {processor.py:186} INFO - Started process (PID=4237) to work on /Users/Ramya_Rangaraju/Data_engineering_projects/weather_pipeline/dags/weather_pipeline_dag.py
[2025-04-15T10:15:35.138-0500] {processor.py:914} INFO - Processing file /Users/Ramya_Rangaraju/Data_engineering_projects/weather_pipeline/dags/weather_pipeline_dag.py for tasks to queue
[2025-04-15T10:15:35.139-0500] {logging_mixin.py:190} INFO - [2025-04-15T10:15:35.139-0500] {dagbag.py:588} INFO - Filling up the DagBag from /Users/Ramya_Rangaraju/Data_engineering_projects/weather_pipeline/dags/weather_pipeline_dag.py
[2025-04-15T10:15:35.294-0500] {processor.py:925} INFO - DAG(s) 'multi_city_weather_pipeline' retrieved from /Users/Ramya_Rangaraju/Data_engineering_projects/weather_pipeline/dags/weather_pipeline_dag.py
[2025-04-15T10:15:35.326-0500] {logging_mixin.py:190} INFO - [2025-04-15T10:15:35.326-0500] {dag.py:3239} INFO - Sync 1 DAGs
[2025-04-15T10:15:35.361-0500] {logging_mixin.py:190} INFO - [2025-04-15T10:15:35.361-0500] {dag.py:4180} INFO - Setting next_dagrun for multi_city_weather_pipeline to 2025-04-15 15:00:00+00:00, run_after=2025-04-15 16:00:00+00:00
[2025-04-15T10:15:35.367-0500] {processor.py:208} INFO - Processing /Users/Ramya_Rangaraju/Data_engineering_projects/weather_pipeline/dags/weather_pipeline_dag.py took 0.231 seconds
