[2025-04-17T04:39:15.846-0500] {local_task_job_runner.py:123} INFO - ::group::Pre task execution logs
[2025-04-17T04:39:15.849-0500] {taskinstance.py:2614} INFO - Dependencies all met for dep_context=non-requeueable deps ti=<TaskInstance: multi_city_weather_pipeline.fetch_weather_for_all_cities scheduled__2025-04-17T08:00:00+00:00 [queued]>
[2025-04-17T04:39:15.851-0500] {taskinstance.py:2614} INFO - Dependencies all met for dep_context=requeueable deps ti=<TaskInstance: multi_city_weather_pipeline.fetch_weather_for_all_cities scheduled__2025-04-17T08:00:00+00:00 [queued]>
[2025-04-17T04:39:15.851-0500] {taskinstance.py:2867} INFO - Starting attempt 1 of 2
[2025-04-17T04:39:15.855-0500] {taskinstance.py:2890} INFO - Executing <Task(PythonOperator): fetch_weather_for_all_cities> on 2025-04-17 08:00:00+00:00
[2025-04-17T04:39:15.858-0500] {standard_task_runner.py:72} INFO - Started process 53509 to run task
[2025-04-17T04:39:15.862-0500] {standard_task_runner.py:104} INFO - Running: ['airflow', 'tasks', 'run', 'multi_city_weather_pipeline', 'fetch_weather_for_all_cities', 'scheduled__2025-04-17T08:00:00+00:00', '--job-id', '139', '--raw', '--subdir', 'DAGS_FOLDER/weather_pipeline_dag.py', '--cfg-path', '/var/folders/4n/q_76d_d57mb9q1qtrf4mvh940000gn/T/tmp5jhuc9up']
[2025-04-17T04:39:15.863-0500] {standard_task_runner.py:105} INFO - Job 139: Subtask fetch_weather_for_all_cities
[2025-04-17T04:39:15.879-0500] {task_command.py:467} INFO - Running <TaskInstance: multi_city_weather_pipeline.fetch_weather_for_all_cities scheduled__2025-04-17T08:00:00+00:00 [running]> on host ramyas-air.lan
[2025-04-17T04:39:15.899-0500] {taskinstance.py:3134} INFO - Exporting env vars: AIRFLOW_CTX_DAG_OWNER='airflow' AIRFLOW_CTX_DAG_ID='multi_city_weather_pipeline' AIRFLOW_CTX_TASK_ID='fetch_weather_for_all_cities' AIRFLOW_CTX_EXECUTION_DATE='2025-04-17T08:00:00+00:00' AIRFLOW_CTX_TRY_NUMBER='1' AIRFLOW_CTX_DAG_RUN_ID='scheduled__2025-04-17T08:00:00+00:00'
[2025-04-17T04:39:15.899-0500] {logging_mixin.py:190} INFO - Task instance is in running state
[2025-04-17T04:39:15.900-0500] {logging_mixin.py:190} INFO -  Previous state of the Task instance: queued
[2025-04-17T04:39:15.900-0500] {logging_mixin.py:190} INFO - Current task name:fetch_weather_for_all_cities state:running start_date:2025-04-17 09:39:15.849625+00:00
[2025-04-17T04:39:15.900-0500] {logging_mixin.py:190} INFO - Dag name:multi_city_weather_pipeline and current dag run status:running
[2025-04-17T04:39:15.901-0500] {taskinstance.py:732} INFO - ::endgroup::
[2025-04-17T04:39:16.190-0500] {logging_mixin.py:190} INFO - Dallas: 19.26°C, few clouds
[2025-04-17T04:39:16.943-0500] {logging_mixin.py:190} INFO - Saved Dallas to DB.
[2025-04-17T04:39:17.163-0500] {logging_mixin.py:190} INFO - New York: 6.25°C, scattered clouds
[2025-04-17T04:39:17.390-0500] {logging_mixin.py:190} INFO - Saved New York to DB.
[2025-04-17T04:39:17.568-0500] {logging_mixin.py:190} INFO - London: 12.91°C, clear sky
[2025-04-17T04:39:17.740-0500] {logging_mixin.py:190} INFO - Saved London to DB.
[2025-04-17T04:39:17.950-0500] {logging_mixin.py:190} INFO - Tokyo: 21.67°C, clear sky
[2025-04-17T04:39:18.174-0500] {logging_mixin.py:190} INFO - Saved Tokyo to DB.
[2025-04-17T04:39:18.387-0500] {logging_mixin.py:190} INFO - Bengaluru: 32.13°C, scattered clouds
[2025-04-17T04:39:18.648-0500] {logging_mixin.py:190} INFO - Saved Bengaluru to DB.
[2025-04-17T04:39:18.857-0500] {logging_mixin.py:190} INFO - San Francisco: 11.88°C, broken clouds
[2025-04-17T04:39:19.028-0500] {logging_mixin.py:190} INFO - Saved San Francisco to DB.
[2025-04-17T04:39:19.240-0500] {logging_mixin.py:190} INFO - Chicago: 5.79°C, overcast clouds
[2025-04-17T04:39:19.321-0500] {logging_mixin.py:190} INFO - Saved Chicago to DB.
[2025-04-17T04:39:19.502-0500] {logging_mixin.py:190} INFO - Berlin: 23.28°C, clear sky
[2025-04-17T04:39:19.639-0500] {logging_mixin.py:190} INFO - Saved Berlin to DB.
[2025-04-17T04:55:38.791-0500] {logging_mixin.py:190} INFO - Sydney: 19.35°C, light rain
[2025-04-17T04:55:38.994-0500] {logging_mixin.py:190} INFO - Saved Sydney to DB.
[2025-04-17T04:55:39.015-0500] {job.py:229} INFO - Heartbeat recovered after 983.33 seconds
[2025-04-17T04:55:39.278-0500] {logging_mixin.py:190} INFO - Toronto: -0.07°C, clear sky
[2025-04-17T04:55:39.550-0500] {logging_mixin.py:190} INFO - Saved Toronto to DB.
[2025-04-17T04:55:39.734-0500] {logging_mixin.py:190} INFO - Mumbai: 29.07°C, clear sky
[2025-04-17T04:55:39.826-0500] {logging_mixin.py:190} INFO - Saved Mumbai to DB.
[2025-04-17T04:55:40.013-0500] {logging_mixin.py:190} INFO - Cape Town: 24.86°C, clear sky
[2025-04-17T04:55:40.086-0500] {logging_mixin.py:190} INFO - Saved Cape Town to DB.
[2025-04-17T04:55:40.155-0500] {logging_mixin.py:190} INFO - ✅ Excel report saved: /Users/Ramya_Rangaraju/Data_engineering_projects/weather_pipeline/scripts/../reports/weather_report_2025-04-17.xlsx
[2025-04-17T04:55:40.155-0500] {python.py:240} INFO - Done. Returned value was: None
[2025-04-17T04:55:40.157-0500] {taskinstance.py:341} INFO - ::group::Post task execution logs
[2025-04-17T04:55:40.158-0500] {taskinstance.py:353} INFO - Marking task as SUCCESS. dag_id=multi_city_weather_pipeline, task_id=fetch_weather_for_all_cities, run_id=scheduled__2025-04-17T08:00:00+00:00, execution_date=20250417T080000, start_date=20250417T093915, end_date=20250417T095540
[2025-04-17T04:55:40.163-0500] {logging_mixin.py:190} INFO - Task instance in success state
[2025-04-17T04:55:40.163-0500] {logging_mixin.py:190} INFO -  Previous state of the Task instance: running
[2025-04-17T04:55:40.163-0500] {logging_mixin.py:190} INFO - Dag name:multi_city_weather_pipeline queued_at:2025-04-17 09:06:26.782211+00:00
[2025-04-17T04:55:40.163-0500] {logging_mixin.py:190} INFO - Task hostname:ramyas-air.lan operator:PythonOperator
[2025-04-17T04:55:40.207-0500] {local_task_job_runner.py:266} INFO - Task exited with return code 0
[2025-04-17T04:55:40.212-0500] {taskinstance.py:3901} INFO - 0 downstream tasks scheduled from follow-on schedule check
[2025-04-17T04:55:40.212-0500] {local_task_job_runner.py:245} INFO - ::endgroup::
