[2025-04-15T20:53:54.713-0500] {local_task_job_runner.py:123} INFO - ::group::Pre task execution logs
[2025-04-15T20:53:54.717-0500] {taskinstance.py:2614} INFO - Dependencies all met for dep_context=non-requeueable deps ti=<TaskInstance: multi_city_weather_pipeline.fetch_weather_for_all_cities scheduled__2025-04-14T23:00:00+00:00 [queued]>
[2025-04-15T20:53:54.718-0500] {taskinstance.py:2614} INFO - Dependencies all met for dep_context=requeueable deps ti=<TaskInstance: multi_city_weather_pipeline.fetch_weather_for_all_cities scheduled__2025-04-14T23:00:00+00:00 [queued]>
[2025-04-15T20:53:54.718-0500] {taskinstance.py:2867} INFO - Starting attempt 6 of 2
[2025-04-15T20:53:54.722-0500] {taskinstance.py:2890} INFO - Executing <Task(PythonOperator): fetch_weather_for_all_cities> on 2025-04-14 23:00:00+00:00
[2025-04-15T20:53:54.725-0500] {standard_task_runner.py:72} INFO - Started process 10206 to run task
[2025-04-15T20:53:54.728-0500] {standard_task_runner.py:104} INFO - Running: ['airflow', 'tasks', 'run', 'multi_city_weather_pipeline', 'fetch_weather_for_all_cities', 'scheduled__2025-04-14T23:00:00+00:00', '--job-id', '93', '--raw', '--subdir', 'DAGS_FOLDER/weather_pipeline_dag.py', '--cfg-path', '/var/folders/4n/q_76d_d57mb9q1qtrf4mvh940000gn/T/tmpe85i1age']
[2025-04-15T20:53:54.729-0500] {standard_task_runner.py:105} INFO - Job 93: Subtask fetch_weather_for_all_cities
[2025-04-15T20:53:54.751-0500] {task_command.py:467} INFO - Running <TaskInstance: multi_city_weather_pipeline.fetch_weather_for_all_cities scheduled__2025-04-14T23:00:00+00:00 [running]> on host ramyas-macbook-air.local
[2025-04-15T20:53:54.769-0500] {taskinstance.py:3134} INFO - Exporting env vars: AIRFLOW_CTX_DAG_OWNER='airflow' AIRFLOW_CTX_DAG_ID='multi_city_weather_pipeline' AIRFLOW_CTX_TASK_ID='fetch_weather_for_all_cities' AIRFLOW_CTX_EXECUTION_DATE='2025-04-14T23:00:00+00:00' AIRFLOW_CTX_TRY_NUMBER='6' AIRFLOW_CTX_DAG_RUN_ID='scheduled__2025-04-14T23:00:00+00:00'
[2025-04-15T20:53:54.770-0500] {logging_mixin.py:190} INFO - Task instance is in running state
[2025-04-15T20:53:54.770-0500] {logging_mixin.py:190} INFO -  Previous state of the Task instance: queued
[2025-04-15T20:53:54.770-0500] {logging_mixin.py:190} INFO - Current task name:fetch_weather_for_all_cities state:running start_date:2025-04-16 01:53:54.717430+00:00
[2025-04-15T20:53:54.770-0500] {logging_mixin.py:190} INFO - Dag name:multi_city_weather_pipeline and current dag run status:running
[2025-04-15T20:53:54.771-0500] {taskinstance.py:732} INFO - ::endgroup::
[2025-04-15T20:53:55.095-0500] {logging_mixin.py:190} INFO - Dallas: 19.49°C, clear sky
[2025-04-15T20:53:56.535-0500] {logging_mixin.py:190} INFO - Saved Dallas to DB.
[2025-04-15T20:53:56.734-0500] {logging_mixin.py:190} INFO - New York: 12.18°C, overcast clouds
[2025-04-15T20:53:57.114-0500] {logging_mixin.py:190} INFO - Saved New York to DB.
[2025-04-15T20:53:57.337-0500] {logging_mixin.py:190} INFO - London: 8.62°C, broken clouds
[2025-04-15T20:53:57.628-0500] {logging_mixin.py:190} INFO - Saved London to DB.
[2025-04-15T20:53:57.817-0500] {logging_mixin.py:190} INFO - Tokyo: 18.09°C, clear sky
[2025-04-15T20:53:57.987-0500] {logging_mixin.py:190} INFO - Saved Tokyo to DB.
[2025-04-15T20:53:58.167-0500] {logging_mixin.py:190} INFO - Bengaluru: 23.07°C, scattered clouds
[2025-04-15T20:53:58.532-0500] {logging_mixin.py:190} INFO - Saved Bengaluru to DB.
[2025-04-15T20:53:58.714-0500] {logging_mixin.py:190} INFO - San Francisco: 13.49°C, overcast clouds
[2025-04-15T20:53:58.771-0500] {logging_mixin.py:190} INFO - Saved San Francisco to DB.
[2025-04-15T20:53:58.986-0500] {logging_mixin.py:190} INFO - Chicago: 10.51°C, scattered clouds
[2025-04-15T20:53:59.115-0500] {logging_mixin.py:190} INFO - Saved Chicago to DB.
[2025-04-15T20:53:59.328-0500] {logging_mixin.py:190} INFO - Berlin: 13.36°C, few clouds
[2025-04-15T20:53:59.653-0500] {logging_mixin.py:190} INFO - Saved Berlin to DB.
[2025-04-15T20:53:59.870-0500] {logging_mixin.py:190} INFO - Sydney: 20.79°C, light rain
[2025-04-15T20:54:00.120-0500] {logging_mixin.py:190} INFO - Saved Sydney to DB.
[2025-04-15T20:54:00.309-0500] {logging_mixin.py:190} INFO - Toronto: 2.61°C, overcast clouds
[2025-04-15T20:54:00.603-0500] {logging_mixin.py:190} INFO - Saved Toronto to DB.
[2025-04-15T20:54:00.822-0500] {logging_mixin.py:190} INFO - Mumbai: 27.99°C, haze
[2025-04-15T20:54:01.008-0500] {logging_mixin.py:190} INFO - Saved Mumbai to DB.
[2025-04-15T20:54:01.230-0500] {logging_mixin.py:190} INFO - Cape Town: 16.77°C, clear sky
[2025-04-15T20:54:01.415-0500] {logging_mixin.py:190} INFO - Saved Cape Town to DB.
[2025-04-15T20:54:01.490-0500] {logging_mixin.py:190} INFO - ✅ Excel report saved: /Users/Ramya_Rangaraju/Data_engineering_projects/weather_pipeline/scripts/../reports/weather_report_2025-04-15.xlsx
[2025-04-15T20:54:01.490-0500] {python.py:240} INFO - Done. Returned value was: None
[2025-04-15T20:54:01.493-0500] {taskinstance.py:341} INFO - ::group::Post task execution logs
[2025-04-15T20:54:01.494-0500] {taskinstance.py:353} INFO - Marking task as SUCCESS. dag_id=multi_city_weather_pipeline, task_id=fetch_weather_for_all_cities, run_id=scheduled__2025-04-14T23:00:00+00:00, execution_date=20250414T230000, start_date=20250416T015354, end_date=20250416T015401
[2025-04-15T20:54:01.500-0500] {logging_mixin.py:190} INFO - Task instance in success state
[2025-04-15T20:54:01.500-0500] {logging_mixin.py:190} INFO -  Previous state of the Task instance: running
[2025-04-15T20:54:01.500-0500] {logging_mixin.py:190} INFO - Dag name:multi_city_weather_pipeline queued_at:2025-04-15 00:01:33.912191+00:00
[2025-04-15T20:54:01.501-0500] {logging_mixin.py:190} INFO - Task hostname:ramyas-macbook-air.local operator:PythonOperator
[2025-04-15T20:54:01.527-0500] {local_task_job_runner.py:266} INFO - Task exited with return code 0
[2025-04-15T20:54:01.531-0500] {taskinstance.py:3901} INFO - 0 downstream tasks scheduled from follow-on schedule check
[2025-04-15T20:54:01.531-0500] {local_task_job_runner.py:245} INFO - ::endgroup::
