[2025-04-16T11:00:06.130-0500] {local_task_job_runner.py:123} INFO - ::group::Pre task execution logs
[2025-04-16T11:00:06.133-0500] {taskinstance.py:2614} INFO - Dependencies all met for dep_context=non-requeueable deps ti=<TaskInstance: multi_city_weather_pipeline.fetch_weather_for_all_cities scheduled__2025-04-16T15:00:00+00:00 [queued]>
[2025-04-16T11:00:06.135-0500] {taskinstance.py:2614} INFO - Dependencies all met for dep_context=requeueable deps ti=<TaskInstance: multi_city_weather_pipeline.fetch_weather_for_all_cities scheduled__2025-04-16T15:00:00+00:00 [queued]>
[2025-04-16T11:00:06.135-0500] {taskinstance.py:2867} INFO - Starting attempt 1 of 2
[2025-04-16T11:00:06.140-0500] {taskinstance.py:2890} INFO - Executing <Task(PythonOperator): fetch_weather_for_all_cities> on 2025-04-16 15:00:00+00:00
[2025-04-16T11:00:06.144-0500] {standard_task_runner.py:72} INFO - Started process 15306 to run task
[2025-04-16T11:00:06.148-0500] {standard_task_runner.py:104} INFO - Running: ['airflow', 'tasks', 'run', 'multi_city_weather_pipeline', 'fetch_weather_for_all_cities', 'scheduled__2025-04-16T15:00:00+00:00', '--job-id', '115', '--raw', '--subdir', 'DAGS_FOLDER/weather_pipeline_dag.py', '--cfg-path', '/var/folders/4n/q_76d_d57mb9q1qtrf4mvh940000gn/T/tmpbremhp9s']
[2025-04-16T11:00:06.150-0500] {standard_task_runner.py:105} INFO - Job 115: Subtask fetch_weather_for_all_cities
[2025-04-16T11:00:06.170-0500] {task_command.py:467} INFO - Running <TaskInstance: multi_city_weather_pipeline.fetch_weather_for_all_cities scheduled__2025-04-16T15:00:00+00:00 [running]> on host ramyas-macbook-air.local
[2025-04-16T11:00:06.191-0500] {taskinstance.py:3134} INFO - Exporting env vars: AIRFLOW_CTX_DAG_OWNER='airflow' AIRFLOW_CTX_DAG_ID='multi_city_weather_pipeline' AIRFLOW_CTX_TASK_ID='fetch_weather_for_all_cities' AIRFLOW_CTX_EXECUTION_DATE='2025-04-16T15:00:00+00:00' AIRFLOW_CTX_TRY_NUMBER='1' AIRFLOW_CTX_DAG_RUN_ID='scheduled__2025-04-16T15:00:00+00:00'
[2025-04-16T11:00:06.191-0500] {logging_mixin.py:190} INFO - Task instance is in running state
[2025-04-16T11:00:06.192-0500] {logging_mixin.py:190} INFO -  Previous state of the Task instance: queued
[2025-04-16T11:00:06.192-0500] {logging_mixin.py:190} INFO - Current task name:fetch_weather_for_all_cities state:running start_date:2025-04-16 16:00:06.134014+00:00
[2025-04-16T11:00:06.192-0500] {logging_mixin.py:190} INFO - Dag name:multi_city_weather_pipeline and current dag run status:running
[2025-04-16T11:00:06.192-0500] {taskinstance.py:732} INFO - ::endgroup::
[2025-04-16T11:00:06.469-0500] {logging_mixin.py:190} INFO - Dallas: 22.82°C, clear sky
[2025-04-16T11:00:07.311-0500] {logging_mixin.py:190} INFO - Saved Dallas to DB.
[2025-04-16T11:00:07.695-0500] {logging_mixin.py:190} INFO - New York: 8.71°C, overcast clouds
[2025-04-16T11:00:08.061-0500] {logging_mixin.py:190} INFO - Saved New York to DB.
[2025-04-16T11:00:08.270-0500] {logging_mixin.py:190} INFO - London: 14.89°C, clear sky
[2025-04-16T11:00:08.360-0500] {logging_mixin.py:190} INFO - Saved London to DB.
[2025-04-16T11:00:08.554-0500] {logging_mixin.py:190} INFO - Tokyo: 14.05°C, clear sky
[2025-04-16T11:00:08.735-0500] {logging_mixin.py:190} INFO - Saved Tokyo to DB.
[2025-04-16T11:00:08.926-0500] {logging_mixin.py:190} INFO - Bengaluru: 30.1°C, broken clouds
[2025-04-16T11:00:09.256-0500] {logging_mixin.py:190} INFO - Saved Bengaluru to DB.
[2025-04-16T11:00:09.472-0500] {logging_mixin.py:190} INFO - San Francisco: 12.66°C, overcast clouds
[2025-04-16T11:00:09.601-0500] {logging_mixin.py:190} INFO - Saved San Francisco to DB.
[2025-04-16T11:00:09.787-0500] {logging_mixin.py:190} INFO - Chicago: 6.82°C, few clouds
[2025-04-16T11:00:10.094-0500] {logging_mixin.py:190} INFO - Saved Chicago to DB.
[2025-04-16T11:00:10.307-0500] {logging_mixin.py:190} INFO - Berlin: 25.65°C, clear sky
[2025-04-16T11:00:10.561-0500] {logging_mixin.py:190} INFO - Saved Berlin to DB.
[2025-04-16T11:00:10.752-0500] {logging_mixin.py:190} INFO - Sydney: 16.28°C, drizzle
[2025-04-16T11:00:11.024-0500] {logging_mixin.py:190} INFO - Saved Sydney to DB.
[2025-04-16T11:00:11.241-0500] {logging_mixin.py:190} INFO - Toronto: 3.5°C, overcast clouds
[2025-04-16T11:00:11.334-0500] {logging_mixin.py:190} INFO - Saved Toronto to DB.
[2025-04-16T11:00:11.555-0500] {logging_mixin.py:190} INFO - Mumbai: 28.23°C, clear sky
[2025-04-16T11:00:11.719-0500] {logging_mixin.py:190} INFO - Saved Mumbai to DB.
[2025-04-16T11:00:12.080-0500] {logging_mixin.py:190} INFO - Cape Town: 18.93°C, scattered clouds
[2025-04-16T11:00:12.387-0500] {logging_mixin.py:190} INFO - Saved Cape Town to DB.
[2025-04-16T11:00:12.453-0500] {logging_mixin.py:190} INFO - ✅ Excel report saved: /Users/Ramya_Rangaraju/Data_engineering_projects/weather_pipeline/scripts/../reports/weather_report_2025-04-16.xlsx
[2025-04-16T11:00:12.454-0500] {python.py:240} INFO - Done. Returned value was: None
[2025-04-16T11:00:12.456-0500] {taskinstance.py:341} INFO - ::group::Post task execution logs
[2025-04-16T11:00:12.456-0500] {taskinstance.py:353} INFO - Marking task as SUCCESS. dag_id=multi_city_weather_pipeline, task_id=fetch_weather_for_all_cities, run_id=scheduled__2025-04-16T15:00:00+00:00, execution_date=20250416T150000, start_date=20250416T160006, end_date=20250416T160012
[2025-04-16T11:00:12.461-0500] {logging_mixin.py:190} INFO - Task instance in success state
[2025-04-16T11:00:12.462-0500] {logging_mixin.py:190} INFO -  Previous state of the Task instance: running
[2025-04-16T11:00:12.462-0500] {logging_mixin.py:190} INFO - Dag name:multi_city_weather_pipeline queued_at:2025-04-16 16:00:01.474482+00:00
[2025-04-16T11:00:12.462-0500] {logging_mixin.py:190} INFO - Task hostname:ramyas-macbook-air.local operator:PythonOperator
[2025-04-16T11:00:12.502-0500] {local_task_job_runner.py:266} INFO - Task exited with return code 0
[2025-04-16T11:00:12.506-0500] {taskinstance.py:3901} INFO - 0 downstream tasks scheduled from follow-on schedule check
[2025-04-16T11:00:12.506-0500] {local_task_job_runner.py:245} INFO - ::endgroup::
