[2025-04-17T05:13:32.274-0500] {local_task_job_runner.py:123} INFO - ::group::Pre task execution logs
[2025-04-17T05:13:32.277-0500] {taskinstance.py:2614} INFO - Dependencies all met for dep_context=non-requeueable deps ti=<TaskInstance: multi_city_weather_pipeline.fetch_weather_for_all_cities scheduled__2025-04-17T09:00:00+00:00 [queued]>
[2025-04-17T05:13:32.279-0500] {taskinstance.py:2614} INFO - Dependencies all met for dep_context=requeueable deps ti=<TaskInstance: multi_city_weather_pipeline.fetch_weather_for_all_cities scheduled__2025-04-17T09:00:00+00:00 [queued]>
[2025-04-17T05:13:32.279-0500] {taskinstance.py:2867} INFO - Starting attempt 1 of 2
[2025-04-17T05:13:32.283-0500] {taskinstance.py:2890} INFO - Executing <Task(PythonOperator): fetch_weather_for_all_cities> on 2025-04-17 09:00:00+00:00
[2025-04-17T05:13:32.286-0500] {standard_task_runner.py:72} INFO - Started process 53539 to run task
[2025-04-17T05:13:32.289-0500] {standard_task_runner.py:104} INFO - Running: ['airflow', 'tasks', 'run', 'multi_city_weather_pipeline', 'fetch_weather_for_all_cities', 'scheduled__2025-04-17T09:00:00+00:00', '--job-id', '140', '--raw', '--subdir', 'DAGS_FOLDER/weather_pipeline_dag.py', '--cfg-path', '/var/folders/4n/q_76d_d57mb9q1qtrf4mvh940000gn/T/tmpue_ndjlh']
[2025-04-17T05:13:32.291-0500] {standard_task_runner.py:105} INFO - Job 140: Subtask fetch_weather_for_all_cities
[2025-04-17T05:13:32.308-0500] {task_command.py:467} INFO - Running <TaskInstance: multi_city_weather_pipeline.fetch_weather_for_all_cities scheduled__2025-04-17T09:00:00+00:00 [running]> on host ramyas-air.lan
[2025-04-17T05:13:32.327-0500] {taskinstance.py:3134} INFO - Exporting env vars: AIRFLOW_CTX_DAG_OWNER='airflow' AIRFLOW_CTX_DAG_ID='multi_city_weather_pipeline' AIRFLOW_CTX_TASK_ID='fetch_weather_for_all_cities' AIRFLOW_CTX_EXECUTION_DATE='2025-04-17T09:00:00+00:00' AIRFLOW_CTX_TRY_NUMBER='1' AIRFLOW_CTX_DAG_RUN_ID='scheduled__2025-04-17T09:00:00+00:00'
[2025-04-17T05:13:32.328-0500] {logging_mixin.py:190} INFO - Task instance is in running state
[2025-04-17T05:13:32.328-0500] {logging_mixin.py:190} INFO -  Previous state of the Task instance: queued
[2025-04-17T05:13:32.328-0500] {logging_mixin.py:190} INFO - Current task name:fetch_weather_for_all_cities state:running start_date:2025-04-17 10:13:32.277942+00:00
[2025-04-17T05:13:32.329-0500] {logging_mixin.py:190} INFO - Dag name:multi_city_weather_pipeline and current dag run status:running
[2025-04-17T05:13:32.329-0500] {taskinstance.py:732} INFO - ::endgroup::
[2025-04-17T05:13:32.562-0500] {logging_mixin.py:190} INFO - Dallas: 19.35°C, overcast clouds
[2025-04-17T05:13:32.926-0500] {logging_mixin.py:190} INFO - Saved Dallas to DB.
[2025-04-17T05:13:33.121-0500] {logging_mixin.py:190} INFO - New York: 6.13°C, clear sky
[2025-04-17T05:13:33.603-0500] {logging_mixin.py:190} INFO - Saved New York to DB.
[2025-04-17T05:13:33.818-0500] {logging_mixin.py:190} INFO - London: 14.59°C, clear sky
[2025-04-17T05:13:33.853-0500] {logging_mixin.py:190} INFO - Saved London to DB.
[2025-04-17T05:13:34.062-0500] {logging_mixin.py:190} INFO - Tokyo: 20.93°C, clear sky
[2025-04-17T05:13:34.380-0500] {logging_mixin.py:190} INFO - Saved Tokyo to DB.
[2025-04-17T05:13:34.600-0500] {logging_mixin.py:190} INFO - Bengaluru: 32.3°C, scattered clouds
[2025-04-17T05:13:34.773-0500] {logging_mixin.py:190} INFO - Saved Bengaluru to DB.
[2025-04-17T05:13:34.952-0500] {logging_mixin.py:190} INFO - San Francisco: 11.83°C, overcast clouds
[2025-04-17T05:13:35.122-0500] {logging_mixin.py:190} INFO - Saved San Francisco to DB.
[2025-04-17T05:13:35.328-0500] {logging_mixin.py:190} INFO - Chicago: 6.11°C, broken clouds
[2025-04-17T05:13:35.493-0500] {logging_mixin.py:190} INFO - Saved Chicago to DB.
[2025-04-17T05:13:35.676-0500] {logging_mixin.py:190} INFO - Berlin: 23.93°C, clear sky
[2025-04-17T05:13:35.882-0500] {logging_mixin.py:190} INFO - Saved Berlin to DB.
[2025-04-17T05:13:36.062-0500] {logging_mixin.py:190} INFO - Sydney: 18.96°C, light rain
[2025-04-17T05:13:36.370-0500] {logging_mixin.py:190} INFO - Saved Sydney to DB.
[2025-04-17T05:13:36.562-0500] {logging_mixin.py:190} INFO - Toronto: -0.28°C, few clouds
[2025-04-17T05:13:36.699-0500] {logging_mixin.py:190} INFO - Saved Toronto to DB.
[2025-04-17T05:13:36.907-0500] {logging_mixin.py:190} INFO - Mumbai: 29.07°C, clear sky
[2025-04-17T05:13:37.054-0500] {logging_mixin.py:190} INFO - Saved Mumbai to DB.
[2025-04-17T05:13:37.422-0500] {logging_mixin.py:190} INFO - Cape Town: 25.22°C, clear sky
[2025-04-17T05:13:37.734-0500] {logging_mixin.py:190} INFO - Saved Cape Town to DB.
[2025-04-17T05:13:37.792-0500] {logging_mixin.py:190} INFO - ✅ Excel report saved: /Users/Ramya_Rangaraju/Data_engineering_projects/weather_pipeline/scripts/../reports/weather_report_2025-04-17.xlsx
[2025-04-17T05:13:37.792-0500] {python.py:240} INFO - Done. Returned value was: None
[2025-04-17T05:13:37.794-0500] {taskinstance.py:341} INFO - ::group::Post task execution logs
[2025-04-17T05:13:37.795-0500] {taskinstance.py:353} INFO - Marking task as SUCCESS. dag_id=multi_city_weather_pipeline, task_id=fetch_weather_for_all_cities, run_id=scheduled__2025-04-17T09:00:00+00:00, execution_date=20250417T090000, start_date=20250417T101332, end_date=20250417T101337
[2025-04-17T05:13:37.799-0500] {logging_mixin.py:190} INFO - Task instance in success state
[2025-04-17T05:13:37.799-0500] {logging_mixin.py:190} INFO -  Previous state of the Task instance: running
[2025-04-17T05:13:37.800-0500] {logging_mixin.py:190} INFO - Dag name:multi_city_weather_pipeline queued_at:2025-04-17 10:13:29.288135+00:00
[2025-04-17T05:13:37.800-0500] {logging_mixin.py:190} INFO - Task hostname:ramyas-air.lan operator:PythonOperator
[2025-04-17T05:13:37.824-0500] {local_task_job_runner.py:266} INFO - Task exited with return code 0
[2025-04-17T05:13:37.828-0500] {taskinstance.py:3901} INFO - 0 downstream tasks scheduled from follow-on schedule check
[2025-04-17T05:13:37.828-0500] {local_task_job_runner.py:245} INFO - ::endgroup::
