[2025-04-15T21:00:06.553-0500] {local_task_job_runner.py:123} INFO - ::group::Pre task execution logs
[2025-04-15T21:00:06.556-0500] {taskinstance.py:2614} INFO - Dependencies all met for dep_context=non-requeueable deps ti=<TaskInstance: multi_city_weather_pipeline.fetch_weather_for_all_cities scheduled__2025-04-16T01:00:00+00:00 [queued]>
[2025-04-15T21:00:06.557-0500] {taskinstance.py:2614} INFO - Dependencies all met for dep_context=requeueable deps ti=<TaskInstance: multi_city_weather_pipeline.fetch_weather_for_all_cities scheduled__2025-04-16T01:00:00+00:00 [queued]>
[2025-04-15T21:00:06.558-0500] {taskinstance.py:2867} INFO - Starting attempt 1 of 2
[2025-04-15T21:00:06.561-0500] {taskinstance.py:2890} INFO - Executing <Task(PythonOperator): fetch_weather_for_all_cities> on 2025-04-16 01:00:00+00:00
[2025-04-15T21:00:06.563-0500] {standard_task_runner.py:72} INFO - Started process 10630 to run task
[2025-04-15T21:00:06.567-0500] {standard_task_runner.py:104} INFO - Running: ['airflow', 'tasks', 'run', 'multi_city_weather_pipeline', 'fetch_weather_for_all_cities', 'scheduled__2025-04-16T01:00:00+00:00', '--job-id', '97', '--raw', '--subdir', 'DAGS_FOLDER/weather_pipeline_dag.py', '--cfg-path', '/var/folders/4n/q_76d_d57mb9q1qtrf4mvh940000gn/T/tmp_z1mqnt0']
[2025-04-15T21:00:06.567-0500] {standard_task_runner.py:105} INFO - Job 97: Subtask fetch_weather_for_all_cities
[2025-04-15T21:00:06.586-0500] {task_command.py:467} INFO - Running <TaskInstance: multi_city_weather_pipeline.fetch_weather_for_all_cities scheduled__2025-04-16T01:00:00+00:00 [running]> on host ramyas-macbook-air.local
[2025-04-15T21:00:06.605-0500] {taskinstance.py:3134} INFO - Exporting env vars: AIRFLOW_CTX_DAG_OWNER='airflow' AIRFLOW_CTX_DAG_ID='multi_city_weather_pipeline' AIRFLOW_CTX_TASK_ID='fetch_weather_for_all_cities' AIRFLOW_CTX_EXECUTION_DATE='2025-04-16T01:00:00+00:00' AIRFLOW_CTX_TRY_NUMBER='1' AIRFLOW_CTX_DAG_RUN_ID='scheduled__2025-04-16T01:00:00+00:00'
[2025-04-15T21:00:06.606-0500] {logging_mixin.py:190} INFO - Task instance is in running state
[2025-04-15T21:00:06.606-0500] {logging_mixin.py:190} INFO -  Previous state of the Task instance: queued
[2025-04-15T21:00:06.606-0500] {logging_mixin.py:190} INFO - Current task name:fetch_weather_for_all_cities state:running start_date:2025-04-16 02:00:06.556464+00:00
[2025-04-15T21:00:06.607-0500] {logging_mixin.py:190} INFO - Dag name:multi_city_weather_pipeline and current dag run status:running
[2025-04-15T21:00:06.607-0500] {taskinstance.py:732} INFO - ::endgroup::
[2025-04-15T21:00:06.846-0500] {logging_mixin.py:190} INFO - Dallas: 19.31°C, clear sky
[2025-04-15T21:00:07.884-0500] {logging_mixin.py:190} INFO - Saved Dallas to DB.
[2025-04-15T21:00:08.081-0500] {logging_mixin.py:190} INFO - New York: 11.93°C, overcast clouds
[2025-04-15T21:00:08.102-0500] {logging_mixin.py:190} INFO - Saved New York to DB.
[2025-04-15T21:00:08.334-0500] {logging_mixin.py:190} INFO - London: 8.62°C, broken clouds
[2025-04-15T21:00:08.440-0500] {logging_mixin.py:190} INFO - Saved London to DB.
[2025-04-15T21:00:08.626-0500] {logging_mixin.py:190} INFO - Tokyo: 17.93°C, clear sky
[2025-04-15T21:00:08.646-0500] {logging_mixin.py:190} INFO - Saved Tokyo to DB.
[2025-04-15T21:00:08.841-0500] {logging_mixin.py:190} INFO - Bengaluru: 23.07°C, scattered clouds
[2025-04-15T21:00:09.049-0500] {logging_mixin.py:190} INFO - Saved Bengaluru to DB.
[2025-04-15T21:00:09.241-0500] {logging_mixin.py:190} INFO - San Francisco: 13.5°C, overcast clouds
[2025-04-15T21:00:09.484-0500] {logging_mixin.py:190} INFO - Saved San Francisco to DB.
[2025-04-15T21:00:09.671-0500] {logging_mixin.py:190} INFO - Chicago: 10.25°C, few clouds
[2025-04-15T21:00:09.797-0500] {logging_mixin.py:190} INFO - Saved Chicago to DB.
[2025-04-15T21:00:10.011-0500] {logging_mixin.py:190} INFO - Berlin: 13.33°C, few clouds
[2025-04-15T21:00:10.113-0500] {logging_mixin.py:190} INFO - Saved Berlin to DB.
[2025-04-15T21:00:10.446-0500] {logging_mixin.py:190} INFO - Sydney: 20.61°C, broken clouds
[2025-04-15T21:00:10.787-0500] {logging_mixin.py:190} INFO - Saved Sydney to DB.
[2025-04-15T21:00:11.004-0500] {logging_mixin.py:190} INFO - Toronto: 2.61°C, overcast clouds
[2025-04-15T21:00:11.378-0500] {logging_mixin.py:190} INFO - Saved Toronto to DB.
[2025-04-15T21:00:11.563-0500] {logging_mixin.py:190} INFO - Mumbai: 27.99°C, haze
[2025-04-15T21:00:11.691-0500] {logging_mixin.py:190} INFO - Saved Mumbai to DB.
[2025-04-15T21:00:11.899-0500] {logging_mixin.py:190} INFO - Cape Town: 16.77°C, clear sky
[2025-04-15T21:00:12.321-0500] {logging_mixin.py:190} INFO - Saved Cape Town to DB.
[2025-04-15T21:00:12.387-0500] {logging_mixin.py:190} INFO - ✅ Excel report saved: /Users/Ramya_Rangaraju/Data_engineering_projects/weather_pipeline/scripts/../reports/weather_report_2025-04-15.xlsx
[2025-04-15T21:00:12.387-0500] {python.py:240} INFO - Done. Returned value was: None
[2025-04-15T21:00:12.389-0500] {taskinstance.py:341} INFO - ::group::Post task execution logs
[2025-04-15T21:00:12.389-0500] {taskinstance.py:353} INFO - Marking task as SUCCESS. dag_id=multi_city_weather_pipeline, task_id=fetch_weather_for_all_cities, run_id=scheduled__2025-04-16T01:00:00+00:00, execution_date=20250416T010000, start_date=20250416T020006, end_date=20250416T020012
[2025-04-15T21:00:12.393-0500] {logging_mixin.py:190} INFO - Task instance in success state
[2025-04-15T21:00:12.393-0500] {logging_mixin.py:190} INFO -  Previous state of the Task instance: running
[2025-04-15T21:00:12.394-0500] {logging_mixin.py:190} INFO - Dag name:multi_city_weather_pipeline queued_at:2025-04-16 02:00:02.807417+00:00
[2025-04-15T21:00:12.394-0500] {logging_mixin.py:190} INFO - Task hostname:ramyas-macbook-air.local operator:PythonOperator
[2025-04-15T21:00:12.424-0500] {local_task_job_runner.py:266} INFO - Task exited with return code 0
[2025-04-15T21:00:12.428-0500] {taskinstance.py:3901} INFO - 0 downstream tasks scheduled from follow-on schedule check
[2025-04-15T21:00:12.428-0500] {local_task_job_runner.py:245} INFO - ::endgroup::
