[2025-04-17T03:00:12.901-0500] {local_task_job_runner.py:123} INFO - ::group::Pre task execution logs
[2025-04-17T03:00:12.904-0500] {taskinstance.py:2614} INFO - Dependencies all met for dep_context=non-requeueable deps ti=<TaskInstance: multi_city_weather_pipeline.fetch_weather_for_all_cities scheduled__2025-04-17T07:00:00+00:00 [queued]>
[2025-04-17T03:00:12.905-0500] {taskinstance.py:2614} INFO - Dependencies all met for dep_context=requeueable deps ti=<TaskInstance: multi_city_weather_pipeline.fetch_weather_for_all_cities scheduled__2025-04-17T07:00:00+00:00 [queued]>
[2025-04-17T03:00:12.906-0500] {taskinstance.py:2867} INFO - Starting attempt 1 of 2
[2025-04-17T03:00:12.909-0500] {taskinstance.py:2890} INFO - Executing <Task(PythonOperator): fetch_weather_for_all_cities> on 2025-04-17 07:00:00+00:00
[2025-04-17T03:00:12.913-0500] {standard_task_runner.py:72} INFO - Started process 53163 to run task
[2025-04-17T03:00:12.915-0500] {standard_task_runner.py:104} INFO - Running: ['airflow', 'tasks', 'run', 'multi_city_weather_pipeline', 'fetch_weather_for_all_cities', 'scheduled__2025-04-17T07:00:00+00:00', '--job-id', '138', '--raw', '--subdir', 'DAGS_FOLDER/weather_pipeline_dag.py', '--cfg-path', '/var/folders/4n/q_76d_d57mb9q1qtrf4mvh940000gn/T/tmpoa15xzth']
[2025-04-17T03:00:12.916-0500] {standard_task_runner.py:105} INFO - Job 138: Subtask fetch_weather_for_all_cities
[2025-04-17T03:00:12.933-0500] {task_command.py:467} INFO - Running <TaskInstance: multi_city_weather_pipeline.fetch_weather_for_all_cities scheduled__2025-04-17T07:00:00+00:00 [running]> on host ramyas-air.lan
[2025-04-17T03:00:12.953-0500] {taskinstance.py:3134} INFO - Exporting env vars: AIRFLOW_CTX_DAG_OWNER='airflow' AIRFLOW_CTX_DAG_ID='multi_city_weather_pipeline' AIRFLOW_CTX_TASK_ID='fetch_weather_for_all_cities' AIRFLOW_CTX_EXECUTION_DATE='2025-04-17T07:00:00+00:00' AIRFLOW_CTX_TRY_NUMBER='1' AIRFLOW_CTX_DAG_RUN_ID='scheduled__2025-04-17T07:00:00+00:00'
[2025-04-17T03:00:12.954-0500] {logging_mixin.py:190} INFO - Task instance is in running state
[2025-04-17T03:00:12.954-0500] {logging_mixin.py:190} INFO -  Previous state of the Task instance: queued
[2025-04-17T03:00:12.954-0500] {logging_mixin.py:190} INFO - Current task name:fetch_weather_for_all_cities state:running start_date:2025-04-17 08:00:12.904348+00:00
[2025-04-17T03:00:12.955-0500] {logging_mixin.py:190} INFO - Dag name:multi_city_weather_pipeline and current dag run status:running
[2025-04-17T03:00:12.955-0500] {taskinstance.py:732} INFO - ::endgroup::
[2025-04-17T03:00:13.256-0500] {logging_mixin.py:190} INFO - Dallas: 20.28°C, few clouds
[2025-04-17T03:00:13.951-0500] {logging_mixin.py:190} INFO - Saved Dallas to DB.
[2025-04-17T03:00:14.134-0500] {logging_mixin.py:190} INFO - New York: 6.51°C, scattered clouds
[2025-04-17T03:00:14.621-0500] {logging_mixin.py:190} INFO - Saved New York to DB.
[2025-04-17T03:00:14.807-0500] {logging_mixin.py:190} INFO - London: 9.39°C, clear sky
[2025-04-17T03:00:15.223-0500] {logging_mixin.py:190} INFO - Saved London to DB.
[2025-04-17T03:00:15.402-0500] {logging_mixin.py:190} INFO - Tokyo: 24.05°C, few clouds
[2025-04-17T03:00:15.440-0500] {logging_mixin.py:190} INFO - Saved Tokyo to DB.
[2025-04-17T03:00:15.651-0500] {logging_mixin.py:190} INFO - Bengaluru: 30.95°C, clear sky
[2025-04-17T03:00:15.860-0500] {logging_mixin.py:190} INFO - Saved Bengaluru to DB.
[2025-04-17T03:00:16.067-0500] {logging_mixin.py:190} INFO - San Francisco: 11.87°C, broken clouds
[2025-04-17T03:00:16.382-0500] {logging_mixin.py:190} INFO - Saved San Francisco to DB.
[2025-04-17T03:00:16.568-0500] {logging_mixin.py:190} INFO - Chicago: 5.49°C, broken clouds
[2025-04-17T03:00:16.710-0500] {logging_mixin.py:190} INFO - Saved Chicago to DB.
[2025-04-17T03:00:16.884-0500] {logging_mixin.py:190} INFO - Berlin: 19.23°C, scattered clouds
[2025-04-17T03:00:17.118-0500] {logging_mixin.py:190} INFO - Saved Berlin to DB.
[2025-04-17T03:00:17.488-0500] {logging_mixin.py:190} INFO - Sydney: 20.42°C, few clouds
[2025-04-17T03:00:17.576-0500] {logging_mixin.py:190} INFO - Saved Sydney to DB.
[2025-04-17T03:00:17.763-0500] {logging_mixin.py:190} INFO - Toronto: 0.68°C, clear sky
[2025-04-17T03:00:18.137-0500] {logging_mixin.py:190} INFO - Saved Toronto to DB.
[2025-04-17T03:00:18.352-0500] {logging_mixin.py:190} INFO - Mumbai: 28.55°C, clear sky
[2025-04-17T03:00:18.475-0500] {logging_mixin.py:190} INFO - Saved Mumbai to DB.
[2025-04-17T03:00:18.658-0500] {logging_mixin.py:190} INFO - Cape Town: 20.32°C, few clouds
[2025-04-17T03:00:18.740-0500] {logging_mixin.py:190} INFO - Saved Cape Town to DB.
[2025-04-17T03:00:18.806-0500] {logging_mixin.py:190} INFO - ✅ Excel report saved: /Users/Ramya_Rangaraju/Data_engineering_projects/weather_pipeline/scripts/../reports/weather_report_2025-04-17.xlsx
[2025-04-17T03:00:18.806-0500] {python.py:240} INFO - Done. Returned value was: None
[2025-04-17T03:00:18.809-0500] {taskinstance.py:341} INFO - ::group::Post task execution logs
[2025-04-17T03:00:18.809-0500] {taskinstance.py:353} INFO - Marking task as SUCCESS. dag_id=multi_city_weather_pipeline, task_id=fetch_weather_for_all_cities, run_id=scheduled__2025-04-17T07:00:00+00:00, execution_date=20250417T070000, start_date=20250417T080012, end_date=20250417T080018
[2025-04-17T03:00:18.819-0500] {logging_mixin.py:190} INFO - Task instance in success state
[2025-04-17T03:00:18.820-0500] {logging_mixin.py:190} INFO -  Previous state of the Task instance: running
[2025-04-17T03:00:18.821-0500] {logging_mixin.py:190} INFO - Dag name:multi_city_weather_pipeline queued_at:2025-04-17 08:00:02.640298+00:00
[2025-04-17T03:00:18.821-0500] {logging_mixin.py:190} INFO - Task hostname:ramyas-air.lan operator:PythonOperator
[2025-04-17T03:00:18.839-0500] {local_task_job_runner.py:266} INFO - Task exited with return code 0
[2025-04-17T03:00:18.844-0500] {taskinstance.py:3901} INFO - 0 downstream tasks scheduled from follow-on schedule check
[2025-04-17T03:00:18.844-0500] {local_task_job_runner.py:245} INFO - ::endgroup::
