[2025-04-16T15:32:49.194-0500] {local_task_job_runner.py:123} INFO - ::group::Pre task execution logs
[2025-04-16T15:32:49.198-0500] {taskinstance.py:2614} INFO - Dependencies all met for dep_context=non-requeueable deps ti=<TaskInstance: multi_city_weather_pipeline.fetch_weather_for_all_cities manual__2025-04-16T20:32:42.946544+00:00 [queued]>
[2025-04-16T15:32:49.200-0500] {taskinstance.py:2614} INFO - Dependencies all met for dep_context=requeueable deps ti=<TaskInstance: multi_city_weather_pipeline.fetch_weather_for_all_cities manual__2025-04-16T20:32:42.946544+00:00 [queued]>
[2025-04-16T15:32:49.200-0500] {taskinstance.py:2867} INFO - Starting attempt 1 of 2
[2025-04-16T15:32:49.204-0500] {taskinstance.py:2890} INFO - Executing <Task(PythonOperator): fetch_weather_for_all_cities> on 2025-04-16 20:32:42.946544+00:00
[2025-04-16T15:32:49.208-0500] {standard_task_runner.py:72} INFO - Started process 28044 to run task
[2025-04-16T15:32:49.212-0500] {standard_task_runner.py:104} INFO - Running: ['airflow', 'tasks', 'run', 'multi_city_weather_pipeline', 'fetch_weather_for_all_cities', 'manual__2025-04-16T20:32:42.946544+00:00', '--job-id', '123', '--raw', '--subdir', 'DAGS_FOLDER/weather_pipeline_dag.py', '--cfg-path', '/var/folders/4n/q_76d_d57mb9q1qtrf4mvh940000gn/T/tmpg7kgkqja']
[2025-04-16T15:32:49.213-0500] {standard_task_runner.py:105} INFO - Job 123: Subtask fetch_weather_for_all_cities
[2025-04-16T15:32:49.229-0500] {task_command.py:467} INFO - Running <TaskInstance: multi_city_weather_pipeline.fetch_weather_for_all_cities manual__2025-04-16T20:32:42.946544+00:00 [running]> on host dynamic-10-125-225-167.frisco.wireless.unt.edu
[2025-04-16T15:32:49.250-0500] {taskinstance.py:3134} INFO - Exporting env vars: AIRFLOW_CTX_DAG_OWNER='airflow' AIRFLOW_CTX_DAG_ID='multi_city_weather_pipeline' AIRFLOW_CTX_TASK_ID='fetch_weather_for_all_cities' AIRFLOW_CTX_EXECUTION_DATE='2025-04-16T20:32:42.946544+00:00' AIRFLOW_CTX_TRY_NUMBER='1' AIRFLOW_CTX_DAG_RUN_ID='manual__2025-04-16T20:32:42.946544+00:00'
[2025-04-16T15:32:49.251-0500] {logging_mixin.py:190} INFO - Task instance is in running state
[2025-04-16T15:32:49.251-0500] {logging_mixin.py:190} INFO -  Previous state of the Task instance: queued
[2025-04-16T15:32:49.251-0500] {logging_mixin.py:190} INFO - Current task name:fetch_weather_for_all_cities state:running start_date:2025-04-16 20:32:49.198678+00:00
[2025-04-16T15:32:49.251-0500] {logging_mixin.py:190} INFO - Dag name:multi_city_weather_pipeline and current dag run status:running
[2025-04-16T15:32:49.252-0500] {taskinstance.py:732} INFO - ::endgroup::
[2025-04-16T15:32:49.455-0500] {logging_mixin.py:190} INFO - Dallas: 27.15°C, broken clouds
[2025-04-16T15:32:50.865-0500] {logging_mixin.py:190} INFO - Saved Dallas to DB.
[2025-04-16T15:32:50.998-0500] {logging_mixin.py:190} INFO - New York: 10.38°C, overcast clouds
[2025-04-16T15:32:51.136-0500] {logging_mixin.py:190} INFO - Saved New York to DB.
[2025-04-16T15:32:51.264-0500] {logging_mixin.py:190} INFO - London: 10.26°C, clear sky
[2025-04-16T15:32:51.681-0500] {logging_mixin.py:190} INFO - Saved London to DB.
[2025-04-16T15:32:52.198-0500] {logging_mixin.py:190} INFO - Tokyo: 13.38°C, clear sky
[2025-04-16T15:32:52.403-0500] {logging_mixin.py:190} INFO - Saved Tokyo to DB.
[2025-04-16T15:32:52.536-0500] {logging_mixin.py:190} INFO - Bengaluru: 21.8°C, scattered clouds
[2025-04-16T15:32:52.721-0500] {logging_mixin.py:190} INFO - Saved Bengaluru to DB.
[2025-04-16T15:32:52.851-0500] {logging_mixin.py:190} INFO - San Francisco: 14.84°C, broken clouds
[2025-04-16T15:32:53.072-0500] {logging_mixin.py:190} INFO - Saved San Francisco to DB.
[2025-04-16T15:32:53.205-0500] {logging_mixin.py:190} INFO - Chicago: 8.49°C, broken clouds
[2025-04-16T15:32:53.654-0500] {logging_mixin.py:190} INFO - Saved Chicago to DB.
[2025-04-16T15:32:53.787-0500] {logging_mixin.py:190} INFO - Berlin: 20.72°C, clear sky
[2025-04-16T15:32:54.033-0500] {logging_mixin.py:190} INFO - Saved Berlin to DB.
[2025-04-16T15:32:54.169-0500] {logging_mixin.py:190} INFO - Sydney: 15.56°C, light rain
[2025-04-16T15:32:54.350-0500] {logging_mixin.py:190} INFO - Saved Sydney to DB.
[2025-04-16T15:32:54.479-0500] {logging_mixin.py:190} INFO - Toronto: 5.6°C, overcast clouds
[2025-04-16T15:32:54.660-0500] {logging_mixin.py:190} INFO - Saved Toronto to DB.
[2025-04-16T15:32:54.797-0500] {logging_mixin.py:190} INFO - Mumbai: 27.55°C, clear sky
[2025-04-16T15:32:55.145-0500] {logging_mixin.py:190} INFO - Saved Mumbai to DB.
[2025-04-16T15:32:55.277-0500] {logging_mixin.py:190} INFO - Cape Town: 18.06°C, overcast clouds
[2025-04-16T15:32:55.711-0500] {logging_mixin.py:190} INFO - Saved Cape Town to DB.
[2025-04-16T15:32:55.780-0500] {logging_mixin.py:190} INFO - ✅ Excel report saved: /Users/Ramya_Rangaraju/Data_engineering_projects/weather_pipeline/scripts/../reports/weather_report_2025-04-16.xlsx
[2025-04-16T15:32:55.781-0500] {python.py:240} INFO - Done. Returned value was: None
[2025-04-16T15:32:55.783-0500] {taskinstance.py:341} INFO - ::group::Post task execution logs
[2025-04-16T15:32:55.784-0500] {taskinstance.py:353} INFO - Marking task as SUCCESS. dag_id=multi_city_weather_pipeline, task_id=fetch_weather_for_all_cities, run_id=manual__2025-04-16T20:32:42.946544+00:00, execution_date=20250416T203242, start_date=20250416T203249, end_date=20250416T203255
[2025-04-16T15:32:55.790-0500] {logging_mixin.py:190} INFO - Task instance in success state
[2025-04-16T15:32:55.791-0500] {logging_mixin.py:190} INFO -  Previous state of the Task instance: running
[2025-04-16T15:32:55.791-0500] {logging_mixin.py:190} INFO - Dag name:multi_city_weather_pipeline queued_at:2025-04-16 20:32:42.969241+00:00
[2025-04-16T15:32:55.791-0500] {logging_mixin.py:190} INFO - Task hostname:dynamic-10-125-225-167.frisco.wireless.unt.edu operator:PythonOperator
[2025-04-16T15:32:55.814-0500] {local_task_job_runner.py:266} INFO - Task exited with return code 0
[2025-04-16T15:32:55.819-0500] {taskinstance.py:3901} INFO - 0 downstream tasks scheduled from follow-on schedule check
[2025-04-16T15:32:55.819-0500] {local_task_job_runner.py:245} INFO - ::endgroup::
