[2025-04-16T22:00:12.004-0500] {local_task_job_runner.py:123} INFO - ::group::Pre task execution logs
[2025-04-16T22:00:12.007-0500] {taskinstance.py:2614} INFO - Dependencies all met for dep_context=non-requeueable deps ti=<TaskInstance: multi_city_weather_pipeline.fetch_weather_for_all_cities scheduled__2025-04-17T02:00:00+00:00 [queued]>
[2025-04-16T22:00:12.009-0500] {taskinstance.py:2614} INFO - Dependencies all met for dep_context=requeueable deps ti=<TaskInstance: multi_city_weather_pipeline.fetch_weather_for_all_cities scheduled__2025-04-17T02:00:00+00:00 [queued]>
[2025-04-16T22:00:12.009-0500] {taskinstance.py:2867} INFO - Starting attempt 1 of 2
[2025-04-16T22:00:12.013-0500] {taskinstance.py:2890} INFO - Executing <Task(PythonOperator): fetch_weather_for_all_cities> on 2025-04-17 02:00:00+00:00
[2025-04-16T22:00:12.019-0500] {standard_task_runner.py:72} INFO - Started process 37961 to run task
[2025-04-16T22:00:12.024-0500] {standard_task_runner.py:104} INFO - Running: ['airflow', 'tasks', 'run', 'multi_city_weather_pipeline', 'fetch_weather_for_all_cities', 'scheduled__2025-04-17T02:00:00+00:00', '--job-id', '132', '--raw', '--subdir', 'DAGS_FOLDER/weather_pipeline_dag.py', '--cfg-path', '/var/folders/4n/q_76d_d57mb9q1qtrf4mvh940000gn/T/tmpjqgncal4']
[2025-04-16T22:00:12.025-0500] {standard_task_runner.py:105} INFO - Job 132: Subtask fetch_weather_for_all_cities
[2025-04-16T22:00:12.043-0500] {task_command.py:467} INFO - Running <TaskInstance: multi_city_weather_pipeline.fetch_weather_for_all_cities scheduled__2025-04-17T02:00:00+00:00 [running]> on host ramyas-air.lan
[2025-04-16T22:00:12.067-0500] {taskinstance.py:3134} INFO - Exporting env vars: AIRFLOW_CTX_DAG_OWNER='airflow' AIRFLOW_CTX_DAG_ID='multi_city_weather_pipeline' AIRFLOW_CTX_TASK_ID='fetch_weather_for_all_cities' AIRFLOW_CTX_EXECUTION_DATE='2025-04-17T02:00:00+00:00' AIRFLOW_CTX_TRY_NUMBER='1' AIRFLOW_CTX_DAG_RUN_ID='scheduled__2025-04-17T02:00:00+00:00'
[2025-04-16T22:00:12.068-0500] {logging_mixin.py:190} INFO - Task instance is in running state
[2025-04-16T22:00:12.068-0500] {logging_mixin.py:190} INFO -  Previous state of the Task instance: queued
[2025-04-16T22:00:12.068-0500] {logging_mixin.py:190} INFO - Current task name:fetch_weather_for_all_cities state:running start_date:2025-04-17 03:00:12.007739+00:00
[2025-04-16T22:00:12.068-0500] {logging_mixin.py:190} INFO - Dag name:multi_city_weather_pipeline and current dag run status:running
[2025-04-16T22:00:12.068-0500] {taskinstance.py:732} INFO - ::endgroup::
[2025-04-16T22:00:12.602-0500] {logging_mixin.py:190} INFO - Dallas: 23.4°C, few clouds
[2025-04-16T22:00:14.367-0500] {logging_mixin.py:190} INFO - Saved Dallas to DB.
[2025-04-16T22:00:14.578-0500] {logging_mixin.py:190} INFO - New York: 7.78°C, overcast clouds
[2025-04-16T22:00:14.733-0500] {logging_mixin.py:190} INFO - Saved New York to DB.
[2025-04-16T22:00:14.912-0500] {logging_mixin.py:190} INFO - London: 5.07°C, overcast clouds
[2025-04-16T22:00:15.203-0500] {logging_mixin.py:190} INFO - Saved London to DB.
[2025-04-16T22:00:15.428-0500] {logging_mixin.py:190} INFO - Tokyo: 20.81°C, few clouds
[2025-04-16T22:00:15.624-0500] {logging_mixin.py:190} INFO - Saved Tokyo to DB.
[2025-04-16T22:00:15.806-0500] {logging_mixin.py:190} INFO - Bengaluru: 24.75°C, scattered clouds
[2025-04-16T22:00:15.995-0500] {logging_mixin.py:190} INFO - Saved Bengaluru to DB.
[2025-04-16T22:00:16.213-0500] {logging_mixin.py:190} INFO - San Francisco: 12.49°C, broken clouds
[2025-04-16T22:00:16.584-0500] {logging_mixin.py:190} INFO - Saved San Francisco to DB.
[2025-04-16T22:00:17.054-0500] {logging_mixin.py:190} INFO - Chicago: 4.4°C, scattered clouds
[2025-04-16T22:00:17.625-0500] {logging_mixin.py:190} INFO - Saved Chicago to DB.
[2025-04-16T22:00:17.807-0500] {logging_mixin.py:190} INFO - Berlin: 15.9°C, clear sky
[2025-04-16T22:00:18.128-0500] {logging_mixin.py:190} INFO - Saved Berlin to DB.
[2025-04-16T22:00:18.315-0500] {logging_mixin.py:190} INFO - Sydney: 22.67°C, moderate rain
[2025-04-16T22:00:18.350-0500] {logging_mixin.py:190} INFO - Saved Sydney to DB.
[2025-04-16T22:00:18.562-0500] {logging_mixin.py:190} INFO - Toronto: 3.02°C, clear sky
[2025-04-16T22:00:18.613-0500] {logging_mixin.py:190} INFO - Saved Toronto to DB.
[2025-04-16T22:00:18.826-0500] {logging_mixin.py:190} INFO - Mumbai: 27.66°C, clear sky
[2025-04-16T22:00:19.118-0500] {logging_mixin.py:190} INFO - Saved Mumbai to DB.
[2025-04-16T22:00:19.346-0500] {logging_mixin.py:190} INFO - Cape Town: 17.15°C, clear sky
[2025-04-16T22:00:19.665-0500] {logging_mixin.py:190} INFO - Saved Cape Town to DB.
[2025-04-16T22:00:19.734-0500] {logging_mixin.py:190} INFO - ✅ Excel report saved: /Users/Ramya_Rangaraju/Data_engineering_projects/weather_pipeline/scripts/../reports/weather_report_2025-04-16.xlsx
[2025-04-16T22:00:19.734-0500] {python.py:240} INFO - Done. Returned value was: None
[2025-04-16T22:00:19.736-0500] {taskinstance.py:341} INFO - ::group::Post task execution logs
[2025-04-16T22:00:19.737-0500] {taskinstance.py:353} INFO - Marking task as SUCCESS. dag_id=multi_city_weather_pipeline, task_id=fetch_weather_for_all_cities, run_id=scheduled__2025-04-17T02:00:00+00:00, execution_date=20250417T020000, start_date=20250417T030012, end_date=20250417T030019
[2025-04-16T22:00:19.742-0500] {logging_mixin.py:190} INFO - Task instance in success state
[2025-04-16T22:00:19.742-0500] {logging_mixin.py:190} INFO -  Previous state of the Task instance: running
[2025-04-16T22:00:19.742-0500] {logging_mixin.py:190} INFO - Dag name:multi_city_weather_pipeline queued_at:2025-04-17 03:00:03.720364+00:00
[2025-04-16T22:00:19.742-0500] {logging_mixin.py:190} INFO - Task hostname:ramyas-air.lan operator:PythonOperator
[2025-04-16T22:00:19.751-0500] {local_task_job_runner.py:266} INFO - Task exited with return code 0
[2025-04-16T22:00:19.754-0500] {taskinstance.py:3901} INFO - 0 downstream tasks scheduled from follow-on schedule check
[2025-04-16T22:00:19.755-0500] {local_task_job_runner.py:245} INFO - ::endgroup::
