[2025-04-17T08:01:57.393-0500] {local_task_job_runner.py:123} INFO - ::group::Pre task execution logs
[2025-04-17T08:01:57.396-0500] {taskinstance.py:2614} INFO - Dependencies all met for dep_context=non-requeueable deps ti=<TaskInstance: multi_city_weather_pipeline.fetch_weather_for_all_cities scheduled__2025-04-17T12:00:00+00:00 [queued]>
[2025-04-17T08:01:57.398-0500] {taskinstance.py:2614} INFO - Dependencies all met for dep_context=requeueable deps ti=<TaskInstance: multi_city_weather_pipeline.fetch_weather_for_all_cities scheduled__2025-04-17T12:00:00+00:00 [queued]>
[2025-04-17T08:01:57.398-0500] {taskinstance.py:2867} INFO - Starting attempt 1 of 2
[2025-04-17T08:01:57.402-0500] {taskinstance.py:2890} INFO - Executing <Task(PythonOperator): fetch_weather_for_all_cities> on 2025-04-17 12:00:00+00:00
[2025-04-17T08:01:57.405-0500] {standard_task_runner.py:72} INFO - Started process 53921 to run task
[2025-04-17T08:01:57.408-0500] {standard_task_runner.py:104} INFO - Running: ['airflow', 'tasks', 'run', 'multi_city_weather_pipeline', 'fetch_weather_for_all_cities', 'scheduled__2025-04-17T12:00:00+00:00', '--job-id', '143', '--raw', '--subdir', 'DAGS_FOLDER/weather_pipeline_dag.py', '--cfg-path', '/var/folders/4n/q_76d_d57mb9q1qtrf4mvh940000gn/T/tmplp6atrs7']
[2025-04-17T08:01:57.410-0500] {standard_task_runner.py:105} INFO - Job 143: Subtask fetch_weather_for_all_cities
[2025-04-17T08:01:57.427-0500] {task_command.py:467} INFO - Running <TaskInstance: multi_city_weather_pipeline.fetch_weather_for_all_cities scheduled__2025-04-17T12:00:00+00:00 [running]> on host ramyas-air.lan
[2025-04-17T08:01:57.449-0500] {taskinstance.py:3134} INFO - Exporting env vars: AIRFLOW_CTX_DAG_OWNER='airflow' AIRFLOW_CTX_DAG_ID='multi_city_weather_pipeline' AIRFLOW_CTX_TASK_ID='fetch_weather_for_all_cities' AIRFLOW_CTX_EXECUTION_DATE='2025-04-17T12:00:00+00:00' AIRFLOW_CTX_TRY_NUMBER='1' AIRFLOW_CTX_DAG_RUN_ID='scheduled__2025-04-17T12:00:00+00:00'
[2025-04-17T08:01:57.450-0500] {logging_mixin.py:190} INFO - Task instance is in running state
[2025-04-17T08:01:57.450-0500] {logging_mixin.py:190} INFO -  Previous state of the Task instance: queued
[2025-04-17T08:01:57.450-0500] {logging_mixin.py:190} INFO - Current task name:fetch_weather_for_all_cities state:running start_date:2025-04-17 13:01:57.396876+00:00
[2025-04-17T08:01:57.450-0500] {logging_mixin.py:190} INFO - Dag name:multi_city_weather_pipeline and current dag run status:running
[2025-04-17T08:01:57.450-0500] {taskinstance.py:732} INFO - ::endgroup::
[2025-04-17T08:01:57.737-0500] {logging_mixin.py:190} INFO - Dallas: 19.41°C, scattered clouds
[2025-04-17T08:01:58.036-0500] {logging_mixin.py:190} INFO - Saved Dallas to DB.
[2025-04-17T08:01:58.253-0500] {logging_mixin.py:190} INFO - New York: 7.72°C, clear sky
[2025-04-17T08:01:58.474-0500] {logging_mixin.py:190} INFO - Saved New York to DB.
[2025-04-17T08:01:58.685-0500] {logging_mixin.py:190} INFO - London: 16.98°C, few clouds
[2025-04-17T08:01:58.986-0500] {logging_mixin.py:190} INFO - Saved London to DB.
[2025-04-17T08:01:59.202-0500] {logging_mixin.py:190} INFO - Tokyo: 19.81°C, clear sky
[2025-04-17T08:01:59.213-0500] {logging_mixin.py:190} INFO - Saved Tokyo to DB.
[2025-04-17T08:01:59.428-0500] {logging_mixin.py:190} INFO - Bengaluru: 30.61°C, few clouds
[2025-04-17T08:01:59.638-0500] {logging_mixin.py:190} INFO - Saved Bengaluru to DB.
[2025-04-17T08:01:59.843-0500] {logging_mixin.py:190} INFO - San Francisco: 11.04°C, overcast clouds
[2025-04-17T08:02:00.003-0500] {logging_mixin.py:190} INFO - Saved San Francisco to DB.
[2025-04-17T08:02:00.219-0500] {logging_mixin.py:190} INFO - Chicago: 9.3°C, broken clouds
[2025-04-17T08:02:00.534-0500] {logging_mixin.py:190} INFO - Saved Chicago to DB.
[2025-04-17T08:02:00.718-0500] {logging_mixin.py:190} INFO - Berlin: 26.09°C, clear sky
[2025-04-17T08:02:01.046-0500] {logging_mixin.py:190} INFO - Saved Berlin to DB.
[2025-04-17T08:02:01.286-0500] {logging_mixin.py:190} INFO - Sydney: 17.38°C, broken clouds
[2025-04-17T08:02:01.551-0500] {logging_mixin.py:190} INFO - Saved Sydney to DB.
[2025-04-17T08:02:02.068-0500] {logging_mixin.py:190} INFO - Toronto: 2.67°C, clear sky
[2025-04-17T08:02:02.420-0500] {logging_mixin.py:190} INFO - Saved Toronto to DB.
[2025-04-17T08:02:02.646-0500] {logging_mixin.py:190} INFO - Mumbai: 28.66°C, clear sky
[2025-04-17T08:02:02.813-0500] {logging_mixin.py:190} INFO - Saved Mumbai to DB.
[2025-04-17T08:02:02.997-0500] {logging_mixin.py:190} INFO - Cape Town: 27.03°C, clear sky
[2025-04-17T08:02:03.397-0500] {logging_mixin.py:190} INFO - Saved Cape Town to DB.
[2025-04-17T08:02:03.466-0500] {logging_mixin.py:190} INFO - ✅ Excel report saved: /Users/Ramya_Rangaraju/Data_engineering_projects/weather_pipeline/scripts/../reports/weather_report_2025-04-17.xlsx
[2025-04-17T08:02:03.467-0500] {python.py:240} INFO - Done. Returned value was: None
[2025-04-17T08:02:03.469-0500] {taskinstance.py:341} INFO - ::group::Post task execution logs
[2025-04-17T08:02:03.469-0500] {taskinstance.py:353} INFO - Marking task as SUCCESS. dag_id=multi_city_weather_pipeline, task_id=fetch_weather_for_all_cities, run_id=scheduled__2025-04-17T12:00:00+00:00, execution_date=20250417T120000, start_date=20250417T130157, end_date=20250417T130203
[2025-04-17T08:02:03.474-0500] {logging_mixin.py:190} INFO - Task instance in success state
[2025-04-17T08:02:03.474-0500] {logging_mixin.py:190} INFO -  Previous state of the Task instance: running
[2025-04-17T08:02:03.474-0500] {logging_mixin.py:190} INFO - Dag name:multi_city_weather_pipeline queued_at:2025-04-17 13:01:53.810220+00:00
[2025-04-17T08:02:03.474-0500] {logging_mixin.py:190} INFO - Task hostname:ramyas-air.lan operator:PythonOperator
[2025-04-17T08:02:03.497-0500] {local_task_job_runner.py:266} INFO - Task exited with return code 0
[2025-04-17T08:02:03.501-0500] {taskinstance.py:3901} INFO - 0 downstream tasks scheduled from follow-on schedule check
[2025-04-17T08:02:03.502-0500] {local_task_job_runner.py:245} INFO - ::endgroup::
