[2025-04-17T13:06:24.358-0500] {local_task_job_runner.py:123} INFO - ::group::Pre task execution logs
[2025-04-17T13:06:24.361-0500] {taskinstance.py:2614} INFO - Dependencies all met for dep_context=non-requeueable deps ti=<TaskInstance: multi_city_weather_pipeline.fetch_weather_for_all_cities manual__2025-04-17T18:04:43.383797+00:00 [queued]>
[2025-04-17T13:06:24.362-0500] {taskinstance.py:2614} INFO - Dependencies all met for dep_context=requeueable deps ti=<TaskInstance: multi_city_weather_pipeline.fetch_weather_for_all_cities manual__2025-04-17T18:04:43.383797+00:00 [queued]>
[2025-04-17T13:06:24.362-0500] {taskinstance.py:2867} INFO - Starting attempt 1 of 2
[2025-04-17T13:06:24.366-0500] {taskinstance.py:2890} INFO - Executing <Task(PythonOperator): fetch_weather_for_all_cities> on 2025-04-17 18:04:43.383797+00:00
[2025-04-17T13:06:24.369-0500] {standard_task_runner.py:72} INFO - Started process 56043 to run task
[2025-04-17T13:06:24.372-0500] {standard_task_runner.py:104} INFO - Running: ['airflow', 'tasks', 'run', 'multi_city_weather_pipeline', 'fetch_weather_for_all_cities', 'manual__2025-04-17T18:04:43.383797+00:00', '--job-id', '150', '--raw', '--subdir', 'DAGS_FOLDER/weather_pipeline_dag.py', '--cfg-path', '/var/folders/4n/q_76d_d57mb9q1qtrf4mvh940000gn/T/tmp2izk2fvt']
[2025-04-17T13:06:24.373-0500] {standard_task_runner.py:105} INFO - Job 150: Subtask fetch_weather_for_all_cities
[2025-04-17T13:06:24.391-0500] {task_command.py:467} INFO - Running <TaskInstance: multi_city_weather_pipeline.fetch_weather_for_all_cities manual__2025-04-17T18:04:43.383797+00:00 [running]> on host ramyas-air.lan
[2025-04-17T13:06:24.411-0500] {taskinstance.py:3134} INFO - Exporting env vars: AIRFLOW_CTX_DAG_OWNER='airflow' AIRFLOW_CTX_DAG_ID='multi_city_weather_pipeline' AIRFLOW_CTX_TASK_ID='fetch_weather_for_all_cities' AIRFLOW_CTX_EXECUTION_DATE='2025-04-17T18:04:43.383797+00:00' AIRFLOW_CTX_TRY_NUMBER='1' AIRFLOW_CTX_DAG_RUN_ID='manual__2025-04-17T18:04:43.383797+00:00'
[2025-04-17T13:06:24.411-0500] {logging_mixin.py:190} INFO - Task instance is in running state
[2025-04-17T13:06:24.412-0500] {logging_mixin.py:190} INFO -  Previous state of the Task instance: queued
[2025-04-17T13:06:24.412-0500] {logging_mixin.py:190} INFO - Current task name:fetch_weather_for_all_cities state:running start_date:2025-04-17 18:06:24.361447+00:00
[2025-04-17T13:06:24.412-0500] {logging_mixin.py:190} INFO - Dag name:multi_city_weather_pipeline and current dag run status:running
[2025-04-17T13:06:24.412-0500] {taskinstance.py:732} INFO - ::endgroup::
[2025-04-17T13:06:24.695-0500] {logging_mixin.py:190} INFO - Dallas: 26.82°C, clear sky
[2025-04-17T13:06:26.470-0500] {logging_mixin.py:190} INFO - Saved Dallas to DB.
[2025-04-17T13:06:26.837-0500] {logging_mixin.py:190} INFO - New York: 14.95°C, clear sky
[2025-04-17T13:06:27.185-0500] {logging_mixin.py:190} INFO - Saved New York to DB.
[2025-04-17T13:06:27.393-0500] {logging_mixin.py:190} INFO - London: 15.12°C, overcast clouds
[2025-04-17T13:06:27.735-0500] {logging_mixin.py:190} INFO - Saved London to DB.
[2025-04-17T13:06:27.948-0500] {logging_mixin.py:190} INFO - Tokyo: 17.18°C, clear sky
[2025-04-17T13:06:27.990-0500] {logging_mixin.py:190} INFO - Saved Tokyo to DB.
[2025-04-17T13:06:28.208-0500] {logging_mixin.py:190} INFO - Bengaluru: 27.89°C, scattered clouds
[2025-04-17T13:06:28.700-0500] {logging_mixin.py:190} INFO - Saved Bengaluru to DB.
[2025-04-17T13:06:28.883-0500] {logging_mixin.py:190} INFO - San Francisco: 13.27°C, overcast clouds
[2025-04-17T13:06:29.011-0500] {logging_mixin.py:190} INFO - Saved San Francisco to DB.
[2025-04-17T13:06:29.192-0500] {logging_mixin.py:190} INFO - Chicago: 17.28°C, overcast clouds
[2025-04-17T13:06:29.568-0500] {logging_mixin.py:190} INFO - Saved Chicago to DB.
[2025-04-17T13:06:29.788-0500] {logging_mixin.py:190} INFO - Berlin: 19.83°C, clear sky
[2025-04-17T13:06:29.913-0500] {logging_mixin.py:190} INFO - Saved Berlin to DB.
[2025-04-17T13:06:30.104-0500] {logging_mixin.py:190} INFO - Sydney: 15.21°C, scattered clouds
[2025-04-17T13:06:30.549-0500] {logging_mixin.py:190} INFO - Saved Sydney to DB.
[2025-04-17T13:06:30.734-0500] {logging_mixin.py:190} INFO - Toronto: 9.73°C, few clouds
[2025-04-17T13:06:31.132-0500] {logging_mixin.py:190} INFO - Saved Toronto to DB.
[2025-04-17T13:06:31.365-0500] {logging_mixin.py:190} INFO - Mumbai: 28.11°C, clear sky
[2025-04-17T13:06:31.470-0500] {logging_mixin.py:190} INFO - Saved Mumbai to DB.
[2025-04-17T13:06:31.658-0500] {logging_mixin.py:190} INFO - Cape Town: 20.76°C, few clouds
[2025-04-17T13:06:31.758-0500] {logging_mixin.py:190} INFO - Saved Cape Town to DB.
[2025-04-17T13:06:31.830-0500] {logging_mixin.py:190} INFO - ✅ Excel report saved: /Users/Ramya_Rangaraju/Data_engineering_projects/weather_pipeline/scripts/../reports/weather_report_2025-04-17.xlsx
[2025-04-17T13:06:31.830-0500] {python.py:240} INFO - Done. Returned value was: None
[2025-04-17T13:06:31.833-0500] {taskinstance.py:341} INFO - ::group::Post task execution logs
[2025-04-17T13:06:31.833-0500] {taskinstance.py:353} INFO - Marking task as SUCCESS. dag_id=multi_city_weather_pipeline, task_id=fetch_weather_for_all_cities, run_id=manual__2025-04-17T18:04:43.383797+00:00, execution_date=20250417T180443, start_date=20250417T180624, end_date=20250417T180631
[2025-04-17T13:06:31.838-0500] {logging_mixin.py:190} INFO - Task instance in success state
[2025-04-17T13:06:31.838-0500] {logging_mixin.py:190} INFO -  Previous state of the Task instance: running
[2025-04-17T13:06:31.839-0500] {logging_mixin.py:190} INFO - Dag name:multi_city_weather_pipeline queued_at:2025-04-17 18:04:43.392693+00:00
[2025-04-17T13:06:31.839-0500] {logging_mixin.py:190} INFO - Task hostname:ramyas-air.lan operator:PythonOperator
[2025-04-17T13:06:31.874-0500] {local_task_job_runner.py:266} INFO - Task exited with return code 0
[2025-04-17T13:06:31.878-0500] {taskinstance.py:3901} INFO - 0 downstream tasks scheduled from follow-on schedule check
[2025-04-17T13:06:31.878-0500] {local_task_job_runner.py:245} INFO - ::endgroup::
