[2025-04-17T01:28:45.777-0500] {local_task_job_runner.py:123} INFO - ::group::Pre task execution logs
[2025-04-17T01:28:45.782-0500] {taskinstance.py:2614} INFO - Dependencies all met for dep_context=non-requeueable deps ti=<TaskInstance: multi_city_weather_pipeline.fetch_weather_for_all_cities manual__2025-04-17T06:28:34.637989+00:00 [queued]>
[2025-04-17T01:28:45.784-0500] {taskinstance.py:2614} INFO - Dependencies all met for dep_context=requeueable deps ti=<TaskInstance: multi_city_weather_pipeline.fetch_weather_for_all_cities manual__2025-04-17T06:28:34.637989+00:00 [queued]>
[2025-04-17T01:28:45.784-0500] {taskinstance.py:2867} INFO - Starting attempt 1 of 2
[2025-04-17T01:28:45.789-0500] {taskinstance.py:2890} INFO - Executing <Task(PythonOperator): fetch_weather_for_all_cities> on 2025-04-17 06:28:34.637989+00:00
[2025-04-17T01:28:45.793-0500] {standard_task_runner.py:72} INFO - Started process 51984 to run task
[2025-04-17T01:28:45.797-0500] {standard_task_runner.py:104} INFO - Running: ['airflow', 'tasks', 'run', 'multi_city_weather_pipeline', 'fetch_weather_for_all_cities', 'manual__2025-04-17T06:28:34.637989+00:00', '--job-id', '136', '--raw', '--subdir', 'DAGS_FOLDER/weather_pipeline_dag.py', '--cfg-path', '/var/folders/4n/q_76d_d57mb9q1qtrf4mvh940000gn/T/tmpltmlbjdf']
[2025-04-17T01:28:45.798-0500] {standard_task_runner.py:105} INFO - Job 136: Subtask fetch_weather_for_all_cities
[2025-04-17T01:28:45.815-0500] {task_command.py:467} INFO - Running <TaskInstance: multi_city_weather_pipeline.fetch_weather_for_all_cities manual__2025-04-17T06:28:34.637989+00:00 [running]> on host ramyas-air.lan
[2025-04-17T01:28:45.837-0500] {taskinstance.py:3134} INFO - Exporting env vars: AIRFLOW_CTX_DAG_OWNER='airflow' AIRFLOW_CTX_DAG_ID='multi_city_weather_pipeline' AIRFLOW_CTX_TASK_ID='fetch_weather_for_all_cities' AIRFLOW_CTX_EXECUTION_DATE='2025-04-17T06:28:34.637989+00:00' AIRFLOW_CTX_TRY_NUMBER='1' AIRFLOW_CTX_DAG_RUN_ID='manual__2025-04-17T06:28:34.637989+00:00'
[2025-04-17T01:28:45.838-0500] {logging_mixin.py:190} INFO - Task instance is in running state
[2025-04-17T01:28:45.838-0500] {logging_mixin.py:190} INFO -  Previous state of the Task instance: queued
[2025-04-17T01:28:45.838-0500] {logging_mixin.py:190} INFO - Current task name:fetch_weather_for_all_cities state:running start_date:2025-04-17 06:28:45.782646+00:00
[2025-04-17T01:28:45.838-0500] {logging_mixin.py:190} INFO - Dag name:multi_city_weather_pipeline and current dag run status:running
[2025-04-17T01:28:45.839-0500] {taskinstance.py:732} INFO - ::endgroup::
[2025-04-17T01:28:46.166-0500] {logging_mixin.py:190} INFO - Dallas: 21.04°C, few clouds
[2025-04-17T01:28:46.917-0500] {logging_mixin.py:190} INFO - Saved Dallas to DB.
[2025-04-17T01:28:47.097-0500] {logging_mixin.py:190} INFO - New York: 6.83°C, overcast clouds
[2025-04-17T01:28:47.474-0500] {logging_mixin.py:190} INFO - Saved New York to DB.
[2025-04-17T01:28:47.665-0500] {logging_mixin.py:190} INFO - London: 5.21°C, broken clouds
[2025-04-17T01:28:48.008-0500] {logging_mixin.py:190} INFO - Saved London to DB.
[2025-04-17T01:28:48.222-0500] {logging_mixin.py:190} INFO - Tokyo: 23.46°C, broken clouds
[2025-04-17T01:28:48.272-0500] {logging_mixin.py:190} INFO - Saved Tokyo to DB.
[2025-04-17T01:28:48.453-0500] {logging_mixin.py:190} INFO - Bengaluru: 29.63°C, few clouds
[2025-04-17T01:28:48.671-0500] {logging_mixin.py:190} INFO - Saved Bengaluru to DB.
[2025-04-17T01:28:48.857-0500] {logging_mixin.py:190} INFO - San Francisco: 12.15°C, broken clouds
[2025-04-17T01:28:49.048-0500] {logging_mixin.py:190} INFO - Saved San Francisco to DB.
[2025-04-17T01:28:49.234-0500] {logging_mixin.py:190} INFO - Chicago: 4.29°C, overcast clouds
[2025-04-17T01:28:49.505-0500] {logging_mixin.py:190} INFO - Saved Chicago to DB.
[2025-04-17T01:28:49.689-0500] {logging_mixin.py:190} INFO - Berlin: 16.62°C, clear sky
[2025-04-17T01:28:49.827-0500] {logging_mixin.py:190} INFO - Saved Berlin to DB.
[2025-04-17T01:28:50.038-0500] {logging_mixin.py:190} INFO - Sydney: 21.29°C, broken clouds
[2025-04-17T01:28:50.120-0500] {logging_mixin.py:190} INFO - Saved Sydney to DB.
[2025-04-17T01:28:50.302-0500] {logging_mixin.py:190} INFO - Toronto: 1.35°C, clear sky
[2025-04-17T01:28:50.476-0500] {logging_mixin.py:190} INFO - Saved Toronto to DB.
[2025-04-17T01:28:50.695-0500] {logging_mixin.py:190} INFO - Mumbai: 28.49°C, clear sky
[2025-04-17T01:28:50.964-0500] {logging_mixin.py:190} INFO - Saved Mumbai to DB.
[2025-04-17T01:28:51.305-0500] {logging_mixin.py:190} INFO - Cape Town: 16.8°C, clear sky
[2025-04-17T01:28:51.338-0500] {logging_mixin.py:190} INFO - Saved Cape Town to DB.
[2025-04-17T01:28:51.445-0500] {logging_mixin.py:190} INFO - ✅ Excel report saved: /Users/Ramya_Rangaraju/Data_engineering_projects/weather_pipeline/scripts/../reports/weather_report_2025-04-17.xlsx
[2025-04-17T01:28:51.445-0500] {python.py:240} INFO - Done. Returned value was: None
[2025-04-17T01:28:51.449-0500] {taskinstance.py:341} INFO - ::group::Post task execution logs
[2025-04-17T01:28:51.449-0500] {taskinstance.py:353} INFO - Marking task as SUCCESS. dag_id=multi_city_weather_pipeline, task_id=fetch_weather_for_all_cities, run_id=manual__2025-04-17T06:28:34.637989+00:00, execution_date=20250417T062834, start_date=20250417T062845, end_date=20250417T062851
[2025-04-17T01:28:51.454-0500] {logging_mixin.py:190} INFO - Task instance in success state
[2025-04-17T01:28:51.454-0500] {logging_mixin.py:190} INFO -  Previous state of the Task instance: running
[2025-04-17T01:28:51.454-0500] {logging_mixin.py:190} INFO - Dag name:multi_city_weather_pipeline queued_at:2025-04-17 06:28:34.644880+00:00
[2025-04-17T01:28:51.454-0500] {logging_mixin.py:190} INFO - Task hostname:ramyas-air.lan operator:PythonOperator
[2025-04-17T01:28:51.489-0500] {local_task_job_runner.py:266} INFO - Task exited with return code 0
[2025-04-17T01:28:51.493-0500] {taskinstance.py:3901} INFO - 0 downstream tasks scheduled from follow-on schedule check
[2025-04-17T01:28:51.493-0500] {local_task_job_runner.py:245} INFO - ::endgroup::
