[2025-04-16T03:03:42.214-0500] {local_task_job_runner.py:123} INFO - ::group::Pre task execution logs
[2025-04-16T03:03:42.217-0500] {taskinstance.py:2614} INFO - Dependencies all met for dep_context=non-requeueable deps ti=<TaskInstance: multi_city_weather_pipeline.fetch_weather_for_all_cities scheduled__2025-04-16T06:00:00+00:00 [queued]>
[2025-04-16T03:03:42.219-0500] {taskinstance.py:2614} INFO - Dependencies all met for dep_context=requeueable deps ti=<TaskInstance: multi_city_weather_pipeline.fetch_weather_for_all_cities scheduled__2025-04-16T06:00:00+00:00 [queued]>
[2025-04-16T03:03:42.219-0500] {taskinstance.py:2867} INFO - Starting attempt 2 of 2
[2025-04-16T03:03:42.222-0500] {taskinstance.py:2890} INFO - Executing <Task(PythonOperator): fetch_weather_for_all_cities> on 2025-04-16 06:00:00+00:00
[2025-04-16T03:03:42.225-0500] {standard_task_runner.py:72} INFO - Started process 12245 to run task
[2025-04-16T03:03:42.228-0500] {standard_task_runner.py:104} INFO - Running: ['airflow', 'tasks', 'run', 'multi_city_weather_pipeline', 'fetch_weather_for_all_cities', 'scheduled__2025-04-16T06:00:00+00:00', '--job-id', '104', '--raw', '--subdir', 'DAGS_FOLDER/weather_pipeline_dag.py', '--cfg-path', '/var/folders/4n/q_76d_d57mb9q1qtrf4mvh940000gn/T/tmpm0gp4x8i']
[2025-04-16T03:03:42.230-0500] {standard_task_runner.py:105} INFO - Job 104: Subtask fetch_weather_for_all_cities
[2025-04-16T03:03:42.246-0500] {task_command.py:467} INFO - Running <TaskInstance: multi_city_weather_pipeline.fetch_weather_for_all_cities scheduled__2025-04-16T06:00:00+00:00 [running]> on host ramyas-macbook-air.local
[2025-04-16T03:03:42.268-0500] {taskinstance.py:3134} INFO - Exporting env vars: AIRFLOW_CTX_DAG_OWNER='airflow' AIRFLOW_CTX_DAG_ID='multi_city_weather_pipeline' AIRFLOW_CTX_TASK_ID='fetch_weather_for_all_cities' AIRFLOW_CTX_EXECUTION_DATE='2025-04-16T06:00:00+00:00' AIRFLOW_CTX_TRY_NUMBER='2' AIRFLOW_CTX_DAG_RUN_ID='scheduled__2025-04-16T06:00:00+00:00'
[2025-04-16T03:03:42.269-0500] {logging_mixin.py:190} INFO - Task instance is in running state
[2025-04-16T03:03:42.269-0500] {logging_mixin.py:190} INFO -  Previous state of the Task instance: queued
[2025-04-16T03:03:42.269-0500] {logging_mixin.py:190} INFO - Current task name:fetch_weather_for_all_cities state:running start_date:2025-04-16 08:03:42.217565+00:00
[2025-04-16T03:03:42.269-0500] {logging_mixin.py:190} INFO - Dag name:multi_city_weather_pipeline and current dag run status:running
[2025-04-16T03:03:42.270-0500] {taskinstance.py:732} INFO - ::endgroup::
[2025-04-16T03:03:42.534-0500] {logging_mixin.py:190} INFO - Dallas: 14.27°C, clear sky
[2025-04-16T03:03:42.915-0500] {logging_mixin.py:190} INFO - Saved Dallas to DB.
[2025-04-16T03:03:43.089-0500] {logging_mixin.py:190} INFO - New York: 8.51°C, overcast clouds
[2025-04-16T03:03:43.150-0500] {logging_mixin.py:190} INFO - Saved New York to DB.
[2025-04-16T03:03:43.330-0500] {logging_mixin.py:190} INFO - London: 9.65°C, broken clouds
[2025-04-16T03:03:43.619-0500] {logging_mixin.py:190} INFO - Saved London to DB.
[2025-04-16T03:03:43.793-0500] {logging_mixin.py:190} INFO - Tokyo: 20.02°C, few clouds
[2025-04-16T03:03:44.057-0500] {logging_mixin.py:190} INFO - Saved Tokyo to DB.
[2025-04-16T03:03:44.241-0500] {logging_mixin.py:190} INFO - Bengaluru: 31.57°C, scattered clouds
[2025-04-16T03:03:44.482-0500] {logging_mixin.py:190} INFO - Saved Bengaluru to DB.
[2025-04-16T03:03:44.669-0500] {logging_mixin.py:190} INFO - San Francisco: 11.73°C, overcast clouds
[2025-04-16T03:03:44.868-0500] {logging_mixin.py:190} INFO - Saved San Francisco to DB.
[2025-04-16T03:03:45.050-0500] {logging_mixin.py:190} INFO - Chicago: 4.02°C, clear sky
[2025-04-16T03:03:45.077-0500] {logging_mixin.py:190} INFO - Saved Chicago to DB.
[2025-04-16T03:03:45.248-0500] {logging_mixin.py:190} INFO - Berlin: 18.11°C, clear sky
[2025-04-16T03:03:45.700-0500] {logging_mixin.py:190} INFO - Saved Berlin to DB.
[2025-04-16T03:03:45.874-0500] {logging_mixin.py:190} INFO - Sydney: 19.58°C, broken clouds
[2025-04-16T03:03:46.049-0500] {logging_mixin.py:190} INFO - Saved Sydney to DB.
[2025-04-16T03:03:46.224-0500] {logging_mixin.py:190} INFO - Toronto: 1.68°C, overcast clouds
[2025-04-16T03:03:46.333-0500] {logging_mixin.py:190} INFO - Saved Toronto to DB.
[2025-04-16T03:03:46.506-0500] {logging_mixin.py:190} INFO - Mumbai: 31.99°C, smoke
[2025-04-16T03:03:46.707-0500] {logging_mixin.py:190} INFO - Saved Mumbai to DB.
[2025-04-16T03:03:46.891-0500] {logging_mixin.py:190} INFO - Cape Town: 19.04°C, clear sky
[2025-04-16T03:03:47.097-0500] {logging_mixin.py:190} INFO - Saved Cape Town to DB.
[2025-04-16T03:03:47.165-0500] {logging_mixin.py:190} INFO - ✅ Excel report saved: /Users/Ramya_Rangaraju/Data_engineering_projects/weather_pipeline/scripts/../reports/weather_report_2025-04-16.xlsx
[2025-04-16T03:03:47.166-0500] {python.py:240} INFO - Done. Returned value was: None
[2025-04-16T03:03:47.168-0500] {taskinstance.py:341} INFO - ::group::Post task execution logs
[2025-04-16T03:03:47.169-0500] {taskinstance.py:353} INFO - Marking task as SUCCESS. dag_id=multi_city_weather_pipeline, task_id=fetch_weather_for_all_cities, run_id=scheduled__2025-04-16T06:00:00+00:00, execution_date=20250416T060000, start_date=20250416T080342, end_date=20250416T080347
[2025-04-16T03:03:47.174-0500] {logging_mixin.py:190} INFO - Task instance in success state
[2025-04-16T03:03:47.174-0500] {logging_mixin.py:190} INFO -  Previous state of the Task instance: running
[2025-04-16T03:03:47.174-0500] {logging_mixin.py:190} INFO - Dag name:multi_city_weather_pipeline queued_at:2025-04-16 07:11:26.739277+00:00
[2025-04-16T03:03:47.175-0500] {logging_mixin.py:190} INFO - Task hostname:ramyas-macbook-air.local operator:PythonOperator
[2025-04-16T03:03:47.198-0500] {local_task_job_runner.py:266} INFO - Task exited with return code 0
[2025-04-16T03:03:47.202-0500] {taskinstance.py:3901} INFO - 0 downstream tasks scheduled from follow-on schedule check
[2025-04-16T03:03:47.202-0500] {local_task_job_runner.py:245} INFO - ::endgroup::
