[2025-04-17T06:04:43.122-0500] {local_task_job_runner.py:123} INFO - ::group::Pre task execution logs
[2025-04-17T06:04:43.125-0500] {taskinstance.py:2614} INFO - Dependencies all met for dep_context=non-requeueable deps ti=<TaskInstance: multi_city_weather_pipeline.fetch_weather_for_all_cities scheduled__2025-04-17T10:00:00+00:00 [queued]>
[2025-04-17T06:04:43.127-0500] {taskinstance.py:2614} INFO - Dependencies all met for dep_context=requeueable deps ti=<TaskInstance: multi_city_weather_pipeline.fetch_weather_for_all_cities scheduled__2025-04-17T10:00:00+00:00 [queued]>
[2025-04-17T06:04:43.127-0500] {taskinstance.py:2867} INFO - Starting attempt 1 of 2
[2025-04-17T06:04:43.133-0500] {taskinstance.py:2890} INFO - Executing <Task(PythonOperator): fetch_weather_for_all_cities> on 2025-04-17 10:00:00+00:00
[2025-04-17T06:04:43.136-0500] {standard_task_runner.py:72} INFO - Started process 53635 to run task
[2025-04-17T06:04:43.140-0500] {standard_task_runner.py:104} INFO - Running: ['airflow', 'tasks', 'run', 'multi_city_weather_pipeline', 'fetch_weather_for_all_cities', 'scheduled__2025-04-17T10:00:00+00:00', '--job-id', '141', '--raw', '--subdir', 'DAGS_FOLDER/weather_pipeline_dag.py', '--cfg-path', '/var/folders/4n/q_76d_d57mb9q1qtrf4mvh940000gn/T/tmpnmeoacex']
[2025-04-17T06:04:43.141-0500] {standard_task_runner.py:105} INFO - Job 141: Subtask fetch_weather_for_all_cities
[2025-04-17T06:04:43.156-0500] {task_command.py:467} INFO - Running <TaskInstance: multi_city_weather_pipeline.fetch_weather_for_all_cities scheduled__2025-04-17T10:00:00+00:00 [running]> on host ramyas-air.lan
[2025-04-17T06:04:43.176-0500] {taskinstance.py:3134} INFO - Exporting env vars: AIRFLOW_CTX_DAG_OWNER='airflow' AIRFLOW_CTX_DAG_ID='multi_city_weather_pipeline' AIRFLOW_CTX_TASK_ID='fetch_weather_for_all_cities' AIRFLOW_CTX_EXECUTION_DATE='2025-04-17T10:00:00+00:00' AIRFLOW_CTX_TRY_NUMBER='1' AIRFLOW_CTX_DAG_RUN_ID='scheduled__2025-04-17T10:00:00+00:00'
[2025-04-17T06:04:43.177-0500] {logging_mixin.py:190} INFO - Task instance is in running state
[2025-04-17T06:04:43.177-0500] {logging_mixin.py:190} INFO -  Previous state of the Task instance: queued
[2025-04-17T06:04:43.177-0500] {logging_mixin.py:190} INFO - Current task name:fetch_weather_for_all_cities state:running start_date:2025-04-17 11:04:43.125765+00:00
[2025-04-17T06:04:43.177-0500] {logging_mixin.py:190} INFO - Dag name:multi_city_weather_pipeline and current dag run status:running
[2025-04-17T06:04:43.178-0500] {taskinstance.py:732} INFO - ::endgroup::
[2025-04-17T06:21:52.749-0500] {logging_mixin.py:190} INFO - Dallas: 19.81°C, overcast clouds
[2025-04-17T06:21:53.300-0500] {logging_mixin.py:190} INFO - Saved Dallas to DB.
[2025-04-17T06:21:53.584-0500] {logging_mixin.py:190} INFO - New York: 6.29°C, clear sky
[2025-04-17T06:21:53.772-0500] {logging_mixin.py:190} INFO - Saved New York to DB.
[2025-04-17T06:21:53.952-0500] {logging_mixin.py:190} INFO - London: 16.12°C, clear sky
[2025-04-17T06:21:53.994-0500] {logging_mixin.py:190} INFO - Saved London to DB.
[2025-04-17T06:21:54.172-0500] {logging_mixin.py:190} INFO - Tokyo: 20.36°C, clear sky
[2025-04-17T06:21:54.533-0500] {logging_mixin.py:190} INFO - Saved Tokyo to DB.
[2025-04-17T06:21:54.749-0500] {logging_mixin.py:190} INFO - Bengaluru: 32.84°C, scattered clouds
[2025-04-17T06:21:54.986-0500] {logging_mixin.py:190} INFO - Saved Bengaluru to DB.
[2025-04-17T06:21:55.197-0500] {logging_mixin.py:190} INFO - San Francisco: 11.54°C, overcast clouds
[2025-04-17T06:21:55.699-0500] {logging_mixin.py:190} INFO - Saved San Francisco to DB.
[2025-04-17T06:21:55.886-0500] {logging_mixin.py:190} INFO - Chicago: 6.76°C, broken clouds
[2025-04-17T06:21:56.184-0500] {logging_mixin.py:190} INFO - Saved Chicago to DB.
[2025-04-17T06:21:56.366-0500] {logging_mixin.py:190} INFO - Berlin: 25.37°C, clear sky
[2025-04-17T06:21:56.591-0500] {job.py:229} INFO - Heartbeat recovered after 1033.60 seconds
[2025-04-17T06:21:56.661-0500] {logging_mixin.py:190} INFO - Saved Berlin to DB.
[2025-04-17T06:21:56.882-0500] {logging_mixin.py:190} INFO - Sydney: 18.83°C, scattered clouds
[2025-04-17T06:21:56.925-0500] {logging_mixin.py:190} INFO - Saved Sydney to DB.
[2025-04-17T06:21:57.135-0500] {logging_mixin.py:190} INFO - Toronto: -0.6°C, few clouds
[2025-04-17T06:21:57.299-0500] {logging_mixin.py:190} INFO - Saved Toronto to DB.
[2025-04-17T06:21:57.514-0500] {logging_mixin.py:190} INFO - Mumbai: 29.19°C, clear sky
[2025-04-17T06:21:57.617-0500] {logging_mixin.py:190} INFO - Saved Mumbai to DB.
[2025-04-17T06:21:57.802-0500] {logging_mixin.py:190} INFO - Cape Town: 27.38°C, clear sky
[2025-04-17T06:21:57.902-0500] {logging_mixin.py:190} INFO - Saved Cape Town to DB.
[2025-04-17T06:21:57.970-0500] {logging_mixin.py:190} INFO - ✅ Excel report saved: /Users/Ramya_Rangaraju/Data_engineering_projects/weather_pipeline/scripts/../reports/weather_report_2025-04-17.xlsx
[2025-04-17T06:21:57.971-0500] {python.py:240} INFO - Done. Returned value was: None
[2025-04-17T06:21:57.973-0500] {taskinstance.py:341} INFO - ::group::Post task execution logs
[2025-04-17T06:21:57.973-0500] {taskinstance.py:353} INFO - Marking task as SUCCESS. dag_id=multi_city_weather_pipeline, task_id=fetch_weather_for_all_cities, run_id=scheduled__2025-04-17T10:00:00+00:00, execution_date=20250417T100000, start_date=20250417T110443, end_date=20250417T112157
[2025-04-17T06:21:57.978-0500] {logging_mixin.py:190} INFO - Task instance in success state
[2025-04-17T06:21:57.978-0500] {logging_mixin.py:190} INFO -  Previous state of the Task instance: running
[2025-04-17T06:21:57.978-0500] {logging_mixin.py:190} INFO - Dag name:multi_city_weather_pipeline queued_at:2025-04-17 11:04:32.451097+00:00
[2025-04-17T06:21:57.978-0500] {logging_mixin.py:190} INFO - Task hostname:ramyas-air.lan operator:PythonOperator
[2025-04-17T06:21:57.995-0500] {local_task_job_runner.py:266} INFO - Task exited with return code 0
[2025-04-17T06:21:57.999-0500] {taskinstance.py:3901} INFO - 0 downstream tasks scheduled from follow-on schedule check
[2025-04-17T06:21:57.999-0500] {local_task_job_runner.py:245} INFO - ::endgroup::
