[2025-04-17T07:10:07.288-0500] {local_task_job_runner.py:123} INFO - ::group::Pre task execution logs
[2025-04-17T07:10:07.291-0500] {taskinstance.py:2614} INFO - Dependencies all met for dep_context=non-requeueable deps ti=<TaskInstance: multi_city_weather_pipeline.fetch_weather_for_all_cities scheduled__2025-04-17T11:00:00+00:00 [queued]>
[2025-04-17T07:10:07.293-0500] {taskinstance.py:2614} INFO - Dependencies all met for dep_context=requeueable deps ti=<TaskInstance: multi_city_weather_pipeline.fetch_weather_for_all_cities scheduled__2025-04-17T11:00:00+00:00 [queued]>
[2025-04-17T07:10:07.293-0500] {taskinstance.py:2867} INFO - Starting attempt 1 of 2
[2025-04-17T07:10:07.296-0500] {taskinstance.py:2890} INFO - Executing <Task(PythonOperator): fetch_weather_for_all_cities> on 2025-04-17 11:00:00+00:00
[2025-04-17T07:10:07.299-0500] {standard_task_runner.py:72} INFO - Started process 53747 to run task
[2025-04-17T07:10:07.303-0500] {standard_task_runner.py:104} INFO - Running: ['airflow', 'tasks', 'run', 'multi_city_weather_pipeline', 'fetch_weather_for_all_cities', 'scheduled__2025-04-17T11:00:00+00:00', '--job-id', '142', '--raw', '--subdir', 'DAGS_FOLDER/weather_pipeline_dag.py', '--cfg-path', '/var/folders/4n/q_76d_d57mb9q1qtrf4mvh940000gn/T/tmpm9t71me9']
[2025-04-17T07:10:07.304-0500] {standard_task_runner.py:105} INFO - Job 142: Subtask fetch_weather_for_all_cities
[2025-04-17T07:10:07.322-0500] {task_command.py:467} INFO - Running <TaskInstance: multi_city_weather_pipeline.fetch_weather_for_all_cities scheduled__2025-04-17T11:00:00+00:00 [running]> on host ramyas-air.lan
[2025-04-17T07:10:07.340-0500] {taskinstance.py:3134} INFO - Exporting env vars: AIRFLOW_CTX_DAG_OWNER='airflow' AIRFLOW_CTX_DAG_ID='multi_city_weather_pipeline' AIRFLOW_CTX_TASK_ID='fetch_weather_for_all_cities' AIRFLOW_CTX_EXECUTION_DATE='2025-04-17T11:00:00+00:00' AIRFLOW_CTX_TRY_NUMBER='1' AIRFLOW_CTX_DAG_RUN_ID='scheduled__2025-04-17T11:00:00+00:00'
[2025-04-17T07:10:07.341-0500] {logging_mixin.py:190} INFO - Task instance is in running state
[2025-04-17T07:10:07.341-0500] {logging_mixin.py:190} INFO -  Previous state of the Task instance: queued
[2025-04-17T07:10:07.341-0500] {logging_mixin.py:190} INFO - Current task name:fetch_weather_for_all_cities state:running start_date:2025-04-17 12:10:07.291608+00:00
[2025-04-17T07:10:07.341-0500] {logging_mixin.py:190} INFO - Dag name:multi_city_weather_pipeline and current dag run status:running
[2025-04-17T07:10:07.342-0500] {taskinstance.py:732} INFO - ::endgroup::
[2025-04-17T07:10:07.666-0500] {logging_mixin.py:190} INFO - Dallas: 19.56°C, overcast clouds
[2025-04-17T07:10:08.340-0500] {logging_mixin.py:190} INFO - Saved Dallas to DB.
[2025-04-17T07:10:08.555-0500] {logging_mixin.py:190} INFO - New York: 6.95°C, clear sky
[2025-04-17T07:10:08.788-0500] {logging_mixin.py:190} INFO - Saved New York to DB.
[2025-04-17T07:10:08.966-0500] {logging_mixin.py:190} INFO - London: 16.9°C, clear sky
[2025-04-17T07:10:09.271-0500] {logging_mixin.py:190} INFO - Saved London to DB.
[2025-04-17T07:10:09.490-0500] {logging_mixin.py:190} INFO - Tokyo: 20.08°C, clear sky
[2025-04-17T07:10:09.572-0500] {logging_mixin.py:190} INFO - Saved Tokyo to DB.
[2025-04-17T07:10:09.786-0500] {logging_mixin.py:190} INFO - Bengaluru: 31.3°C, scattered clouds
[2025-04-17T07:10:09.997-0500] {logging_mixin.py:190} INFO - Saved Bengaluru to DB.
[2025-04-17T07:10:10.192-0500] {logging_mixin.py:190} INFO - San Francisco: 11.22°C, overcast clouds
[2025-04-17T07:10:10.335-0500] {logging_mixin.py:190} INFO - Saved San Francisco to DB.
[2025-04-17T07:10:11.410-0500] {logging_mixin.py:190} INFO - Chicago: 7.58°C, broken clouds
[2025-04-17T07:10:11.501-0500] {logging_mixin.py:190} INFO - Saved Chicago to DB.
[2025-04-17T07:10:11.680-0500] {logging_mixin.py:190} INFO - Berlin: 26.11°C, clear sky
[2025-04-17T07:10:11.818-0500] {logging_mixin.py:190} INFO - Saved Berlin to DB.
[2025-04-17T07:10:12.248-0500] {logging_mixin.py:190} INFO - Sydney: 18.04°C, few clouds
[2025-04-17T07:10:12.498-0500] {logging_mixin.py:190} INFO - Saved Sydney to DB.
[2025-04-17T07:10:12.709-0500] {logging_mixin.py:190} INFO - Toronto: 1.18°C, clear sky
[2025-04-17T07:10:12.922-0500] {logging_mixin.py:190} INFO - Saved Toronto to DB.
[2025-04-17T07:10:13.131-0500] {logging_mixin.py:190} INFO - Mumbai: 28.96°C, clear sky
[2025-04-17T07:10:13.337-0500] {logging_mixin.py:190} INFO - Saved Mumbai to DB.
[2025-04-17T07:10:13.514-0500] {logging_mixin.py:190} INFO - Cape Town: 26.92°C, clear sky
[2025-04-17T07:10:13.827-0500] {logging_mixin.py:190} INFO - Saved Cape Town to DB.
[2025-04-17T07:10:13.892-0500] {logging_mixin.py:190} INFO - ✅ Excel report saved: /Users/Ramya_Rangaraju/Data_engineering_projects/weather_pipeline/scripts/../reports/weather_report_2025-04-17.xlsx
[2025-04-17T07:10:13.892-0500] {python.py:240} INFO - Done. Returned value was: None
[2025-04-17T07:10:13.896-0500] {taskinstance.py:341} INFO - ::group::Post task execution logs
[2025-04-17T07:10:13.897-0500] {taskinstance.py:353} INFO - Marking task as SUCCESS. dag_id=multi_city_weather_pipeline, task_id=fetch_weather_for_all_cities, run_id=scheduled__2025-04-17T11:00:00+00:00, execution_date=20250417T110000, start_date=20250417T121007, end_date=20250417T121013
[2025-04-17T07:10:13.901-0500] {logging_mixin.py:190} INFO - Task instance in success state
[2025-04-17T07:10:13.901-0500] {logging_mixin.py:190} INFO -  Previous state of the Task instance: running
[2025-04-17T07:10:13.901-0500] {logging_mixin.py:190} INFO - Dag name:multi_city_weather_pipeline queued_at:2025-04-17 12:10:04.044076+00:00
[2025-04-17T07:10:13.901-0500] {logging_mixin.py:190} INFO - Task hostname:ramyas-air.lan operator:PythonOperator
[2025-04-17T07:10:13.914-0500] {local_task_job_runner.py:266} INFO - Task exited with return code 0
[2025-04-17T07:10:13.917-0500] {taskinstance.py:3901} INFO - 0 downstream tasks scheduled from follow-on schedule check
[2025-04-17T07:10:13.917-0500] {local_task_job_runner.py:245} INFO - ::endgroup::
